[2024-09-18T16:52:02.663-0500] {processor.py:186} INFO - Started process (PID=11792) to work on /Users/binhpham/Library/Python/3.9/lib/python/site-packages/airflow/example_dags/example_time_delta_sensor_async.py
[2024-09-18T16:52:02.664-0500] {processor.py:914} INFO - Processing file /Users/binhpham/Library/Python/3.9/lib/python/site-packages/airflow/example_dags/example_time_delta_sensor_async.py for tasks to queue
[2024-09-18T16:52:02.665-0500] {logging_mixin.py:190} INFO - [2024-09-18T16:52:02.665-0500] {dagbag.py:587} INFO - Filling up the DagBag from /Users/binhpham/Library/Python/3.9/lib/python/site-packages/airflow/example_dags/example_time_delta_sensor_async.py
[2024-09-18T16:52:02.669-0500] {processor.py:925} INFO - DAG(s) 'example_time_delta_sensor_async' retrieved from /Users/binhpham/Library/Python/3.9/lib/python/site-packages/airflow/example_dags/example_time_delta_sensor_async.py
[2024-09-18T16:52:02.966-0500] {logging_mixin.py:190} INFO - [2024-09-18T16:52:02.966-0500] {dag.py:3229} INFO - Sync 1 DAGs
[2024-09-18T16:52:02.973-0500] {logging_mixin.py:190} INFO - [2024-09-18T16:52:02.973-0500] {dag.py:4156} INFO - Setting next_dagrun for example_time_delta_sensor_async to None, run_after=None
[2024-09-18T16:52:02.983-0500] {processor.py:208} INFO - Processing /Users/binhpham/Library/Python/3.9/lib/python/site-packages/airflow/example_dags/example_time_delta_sensor_async.py took 0.322 seconds
[2024-09-18T16:54:00.442-0500] {processor.py:186} INFO - Started process (PID=12262) to work on /Users/binhpham/Library/Python/3.9/lib/python/site-packages/airflow/example_dags/example_time_delta_sensor_async.py
[2024-09-18T16:54:00.445-0500] {processor.py:914} INFO - Processing file /Users/binhpham/Library/Python/3.9/lib/python/site-packages/airflow/example_dags/example_time_delta_sensor_async.py for tasks to queue
[2024-09-18T16:54:00.445-0500] {logging_mixin.py:190} INFO - [2024-09-18T16:54:00.445-0500] {dagbag.py:587} INFO - Filling up the DagBag from /Users/binhpham/Library/Python/3.9/lib/python/site-packages/airflow/example_dags/example_time_delta_sensor_async.py
[2024-09-18T16:54:00.449-0500] {processor.py:925} INFO - DAG(s) 'example_time_delta_sensor_async' retrieved from /Users/binhpham/Library/Python/3.9/lib/python/site-packages/airflow/example_dags/example_time_delta_sensor_async.py
[2024-09-18T16:54:00.727-0500] {logging_mixin.py:190} INFO - [2024-09-18T16:54:00.727-0500] {dag.py:3229} INFO - Sync 1 DAGs
[2024-09-18T16:54:00.733-0500] {logging_mixin.py:190} INFO - [2024-09-18T16:54:00.733-0500] {dag.py:4156} INFO - Setting next_dagrun for example_time_delta_sensor_async to None, run_after=None
[2024-09-18T16:54:00.742-0500] {processor.py:208} INFO - Processing /Users/binhpham/Library/Python/3.9/lib/python/site-packages/airflow/example_dags/example_time_delta_sensor_async.py took 0.302 seconds
[2024-09-18T16:57:02.711-0500] {processor.py:186} INFO - Started process (PID=12878) to work on /Users/binhpham/Library/Python/3.9/lib/python/site-packages/airflow/example_dags/example_time_delta_sensor_async.py
[2024-09-18T16:57:02.714-0500] {processor.py:914} INFO - Processing file /Users/binhpham/Library/Python/3.9/lib/python/site-packages/airflow/example_dags/example_time_delta_sensor_async.py for tasks to queue
[2024-09-18T16:57:02.714-0500] {logging_mixin.py:190} INFO - [2024-09-18T16:57:02.714-0500] {dagbag.py:587} INFO - Filling up the DagBag from /Users/binhpham/Library/Python/3.9/lib/python/site-packages/airflow/example_dags/example_time_delta_sensor_async.py
[2024-09-18T16:57:02.718-0500] {processor.py:925} INFO - DAG(s) 'example_time_delta_sensor_async' retrieved from /Users/binhpham/Library/Python/3.9/lib/python/site-packages/airflow/example_dags/example_time_delta_sensor_async.py
[2024-09-18T16:57:03.009-0500] {logging_mixin.py:190} INFO - [2024-09-18T16:57:03.009-0500] {dag.py:3229} INFO - Sync 1 DAGs
[2024-09-18T16:57:03.016-0500] {logging_mixin.py:190} INFO - [2024-09-18T16:57:03.015-0500] {dag.py:4156} INFO - Setting next_dagrun for example_time_delta_sensor_async to None, run_after=None
[2024-09-18T16:57:03.026-0500] {processor.py:208} INFO - Processing /Users/binhpham/Library/Python/3.9/lib/python/site-packages/airflow/example_dags/example_time_delta_sensor_async.py took 0.316 seconds
[2024-09-18T16:59:04.859-0500] {processor.py:186} INFO - Started process (PID=13281) to work on /Users/binhpham/Library/Python/3.9/lib/python/site-packages/airflow/example_dags/example_time_delta_sensor_async.py
[2024-09-18T16:59:04.862-0500] {processor.py:914} INFO - Processing file /Users/binhpham/Library/Python/3.9/lib/python/site-packages/airflow/example_dags/example_time_delta_sensor_async.py for tasks to queue
[2024-09-18T16:59:04.862-0500] {logging_mixin.py:190} INFO - [2024-09-18T16:59:04.862-0500] {dagbag.py:587} INFO - Filling up the DagBag from /Users/binhpham/Library/Python/3.9/lib/python/site-packages/airflow/example_dags/example_time_delta_sensor_async.py
[2024-09-18T16:59:04.867-0500] {processor.py:925} INFO - DAG(s) 'example_time_delta_sensor_async' retrieved from /Users/binhpham/Library/Python/3.9/lib/python/site-packages/airflow/example_dags/example_time_delta_sensor_async.py
[2024-09-18T16:59:05.154-0500] {logging_mixin.py:190} INFO - [2024-09-18T16:59:05.154-0500] {dag.py:3229} INFO - Sync 1 DAGs
[2024-09-18T16:59:05.160-0500] {logging_mixin.py:190} INFO - [2024-09-18T16:59:05.160-0500] {dag.py:4156} INFO - Setting next_dagrun for example_time_delta_sensor_async to None, run_after=None
[2024-09-18T16:59:05.169-0500] {processor.py:208} INFO - Processing /Users/binhpham/Library/Python/3.9/lib/python/site-packages/airflow/example_dags/example_time_delta_sensor_async.py took 0.311 seconds
[2024-09-18T17:00:34.314-0500] {processor.py:186} INFO - Started process (PID=13576) to work on /Users/binhpham/Library/Python/3.9/lib/python/site-packages/airflow/example_dags/example_time_delta_sensor_async.py
[2024-09-18T17:00:34.315-0500] {processor.py:914} INFO - Processing file /Users/binhpham/Library/Python/3.9/lib/python/site-packages/airflow/example_dags/example_time_delta_sensor_async.py for tasks to queue
[2024-09-18T17:00:34.316-0500] {logging_mixin.py:190} INFO - [2024-09-18T17:00:34.316-0500] {dagbag.py:587} INFO - Filling up the DagBag from /Users/binhpham/Library/Python/3.9/lib/python/site-packages/airflow/example_dags/example_time_delta_sensor_async.py
[2024-09-18T17:00:34.320-0500] {processor.py:925} INFO - DAG(s) 'example_time_delta_sensor_async' retrieved from /Users/binhpham/Library/Python/3.9/lib/python/site-packages/airflow/example_dags/example_time_delta_sensor_async.py
[2024-09-18T17:00:34.598-0500] {logging_mixin.py:190} INFO - [2024-09-18T17:00:34.598-0500] {dag.py:3229} INFO - Sync 1 DAGs
[2024-09-18T17:00:34.604-0500] {logging_mixin.py:190} INFO - [2024-09-18T17:00:34.604-0500] {dag.py:4156} INFO - Setting next_dagrun for example_time_delta_sensor_async to None, run_after=None
[2024-09-18T17:00:34.613-0500] {processor.py:208} INFO - Processing /Users/binhpham/Library/Python/3.9/lib/python/site-packages/airflow/example_dags/example_time_delta_sensor_async.py took 0.301 seconds
[2024-09-18T17:02:01.292-0500] {processor.py:186} INFO - Started process (PID=13875) to work on /Users/binhpham/Library/Python/3.9/lib/python/site-packages/airflow/example_dags/example_time_delta_sensor_async.py
[2024-09-18T17:02:01.294-0500] {processor.py:914} INFO - Processing file /Users/binhpham/Library/Python/3.9/lib/python/site-packages/airflow/example_dags/example_time_delta_sensor_async.py for tasks to queue
[2024-09-18T17:02:01.294-0500] {logging_mixin.py:190} INFO - [2024-09-18T17:02:01.294-0500] {dagbag.py:587} INFO - Filling up the DagBag from /Users/binhpham/Library/Python/3.9/lib/python/site-packages/airflow/example_dags/example_time_delta_sensor_async.py
[2024-09-18T17:02:01.299-0500] {processor.py:925} INFO - DAG(s) 'example_time_delta_sensor_async' retrieved from /Users/binhpham/Library/Python/3.9/lib/python/site-packages/airflow/example_dags/example_time_delta_sensor_async.py
[2024-09-18T17:02:01.591-0500] {logging_mixin.py:190} INFO - [2024-09-18T17:02:01.591-0500] {dag.py:3229} INFO - Sync 1 DAGs
[2024-09-18T17:02:01.597-0500] {logging_mixin.py:190} INFO - [2024-09-18T17:02:01.597-0500] {dag.py:4156} INFO - Setting next_dagrun for example_time_delta_sensor_async to None, run_after=None
[2024-09-18T17:02:01.607-0500] {processor.py:208} INFO - Processing /Users/binhpham/Library/Python/3.9/lib/python/site-packages/airflow/example_dags/example_time_delta_sensor_async.py took 0.316 seconds
[2024-09-18T17:03:26.858-0500] {processor.py:186} INFO - Started process (PID=14155) to work on /Users/binhpham/Library/Python/3.9/lib/python/site-packages/airflow/example_dags/example_time_delta_sensor_async.py
[2024-09-18T17:03:26.860-0500] {processor.py:914} INFO - Processing file /Users/binhpham/Library/Python/3.9/lib/python/site-packages/airflow/example_dags/example_time_delta_sensor_async.py for tasks to queue
[2024-09-18T17:03:26.860-0500] {logging_mixin.py:190} INFO - [2024-09-18T17:03:26.860-0500] {dagbag.py:587} INFO - Filling up the DagBag from /Users/binhpham/Library/Python/3.9/lib/python/site-packages/airflow/example_dags/example_time_delta_sensor_async.py
[2024-09-18T17:03:26.864-0500] {processor.py:925} INFO - DAG(s) 'example_time_delta_sensor_async' retrieved from /Users/binhpham/Library/Python/3.9/lib/python/site-packages/airflow/example_dags/example_time_delta_sensor_async.py
[2024-09-18T17:03:27.140-0500] {logging_mixin.py:190} INFO - [2024-09-18T17:03:27.140-0500] {dag.py:3229} INFO - Sync 1 DAGs
[2024-09-18T17:03:27.147-0500] {logging_mixin.py:190} INFO - [2024-09-18T17:03:27.146-0500] {dag.py:4156} INFO - Setting next_dagrun for example_time_delta_sensor_async to None, run_after=None
[2024-09-18T17:03:27.156-0500] {processor.py:208} INFO - Processing /Users/binhpham/Library/Python/3.9/lib/python/site-packages/airflow/example_dags/example_time_delta_sensor_async.py took 0.299 seconds
[2024-09-18T17:06:19.470-0500] {processor.py:186} INFO - Started process (PID=14777) to work on /Users/binhpham/Library/Python/3.9/lib/python/site-packages/airflow/example_dags/example_time_delta_sensor_async.py
[2024-09-18T17:06:19.472-0500] {processor.py:914} INFO - Processing file /Users/binhpham/Library/Python/3.9/lib/python/site-packages/airflow/example_dags/example_time_delta_sensor_async.py for tasks to queue
[2024-09-18T17:06:19.473-0500] {logging_mixin.py:190} INFO - [2024-09-18T17:06:19.473-0500] {dagbag.py:587} INFO - Filling up the DagBag from /Users/binhpham/Library/Python/3.9/lib/python/site-packages/airflow/example_dags/example_time_delta_sensor_async.py
[2024-09-18T17:06:19.476-0500] {processor.py:925} INFO - DAG(s) 'example_time_delta_sensor_async' retrieved from /Users/binhpham/Library/Python/3.9/lib/python/site-packages/airflow/example_dags/example_time_delta_sensor_async.py
[2024-09-18T17:06:19.823-0500] {logging_mixin.py:190} INFO - [2024-09-18T17:06:19.823-0500] {dag.py:3229} INFO - Sync 1 DAGs
[2024-09-18T17:06:19.829-0500] {logging_mixin.py:190} INFO - [2024-09-18T17:06:19.828-0500] {dag.py:4156} INFO - Setting next_dagrun for example_time_delta_sensor_async to None, run_after=None
[2024-09-18T17:06:19.840-0500] {processor.py:208} INFO - Processing /Users/binhpham/Library/Python/3.9/lib/python/site-packages/airflow/example_dags/example_time_delta_sensor_async.py took 0.371 seconds
[2024-09-18T17:07:42.897-0500] {processor.py:186} INFO - Started process (PID=15097) to work on /Users/binhpham/Library/Python/3.9/lib/python/site-packages/airflow/example_dags/example_time_delta_sensor_async.py
[2024-09-18T17:07:42.898-0500] {processor.py:914} INFO - Processing file /Users/binhpham/Library/Python/3.9/lib/python/site-packages/airflow/example_dags/example_time_delta_sensor_async.py for tasks to queue
[2024-09-18T17:07:42.899-0500] {logging_mixin.py:190} INFO - [2024-09-18T17:07:42.899-0500] {dagbag.py:587} INFO - Filling up the DagBag from /Users/binhpham/Library/Python/3.9/lib/python/site-packages/airflow/example_dags/example_time_delta_sensor_async.py
[2024-09-18T17:07:42.903-0500] {processor.py:925} INFO - DAG(s) 'example_time_delta_sensor_async' retrieved from /Users/binhpham/Library/Python/3.9/lib/python/site-packages/airflow/example_dags/example_time_delta_sensor_async.py
[2024-09-18T17:07:43.195-0500] {logging_mixin.py:190} INFO - [2024-09-18T17:07:43.195-0500] {dag.py:3229} INFO - Sync 1 DAGs
[2024-09-18T17:07:43.201-0500] {logging_mixin.py:190} INFO - [2024-09-18T17:07:43.201-0500] {dag.py:4156} INFO - Setting next_dagrun for example_time_delta_sensor_async to None, run_after=None
[2024-09-18T17:07:43.211-0500] {processor.py:208} INFO - Processing /Users/binhpham/Library/Python/3.9/lib/python/site-packages/airflow/example_dags/example_time_delta_sensor_async.py took 0.316 seconds
[2024-09-18T17:09:12.412-0500] {processor.py:186} INFO - Started process (PID=15407) to work on /Users/binhpham/Library/Python/3.9/lib/python/site-packages/airflow/example_dags/example_time_delta_sensor_async.py
[2024-09-18T17:09:12.414-0500] {processor.py:914} INFO - Processing file /Users/binhpham/Library/Python/3.9/lib/python/site-packages/airflow/example_dags/example_time_delta_sensor_async.py for tasks to queue
[2024-09-18T17:09:12.414-0500] {logging_mixin.py:190} INFO - [2024-09-18T17:09:12.414-0500] {dagbag.py:587} INFO - Filling up the DagBag from /Users/binhpham/Library/Python/3.9/lib/python/site-packages/airflow/example_dags/example_time_delta_sensor_async.py
[2024-09-18T17:09:12.418-0500] {processor.py:925} INFO - DAG(s) 'example_time_delta_sensor_async' retrieved from /Users/binhpham/Library/Python/3.9/lib/python/site-packages/airflow/example_dags/example_time_delta_sensor_async.py
[2024-09-18T17:09:12.721-0500] {logging_mixin.py:190} INFO - [2024-09-18T17:09:12.721-0500] {dag.py:3229} INFO - Sync 1 DAGs
[2024-09-18T17:09:12.728-0500] {logging_mixin.py:190} INFO - [2024-09-18T17:09:12.728-0500] {dag.py:4156} INFO - Setting next_dagrun for example_time_delta_sensor_async to None, run_after=None
[2024-09-18T17:09:12.738-0500] {processor.py:208} INFO - Processing /Users/binhpham/Library/Python/3.9/lib/python/site-packages/airflow/example_dags/example_time_delta_sensor_async.py took 0.328 seconds
[2024-09-18T17:10:41.215-0500] {processor.py:186} INFO - Started process (PID=15710) to work on /Users/binhpham/Library/Python/3.9/lib/python/site-packages/airflow/example_dags/example_time_delta_sensor_async.py
[2024-09-18T17:10:41.217-0500] {processor.py:914} INFO - Processing file /Users/binhpham/Library/Python/3.9/lib/python/site-packages/airflow/example_dags/example_time_delta_sensor_async.py for tasks to queue
[2024-09-18T17:10:41.218-0500] {logging_mixin.py:190} INFO - [2024-09-18T17:10:41.217-0500] {dagbag.py:587} INFO - Filling up the DagBag from /Users/binhpham/Library/Python/3.9/lib/python/site-packages/airflow/example_dags/example_time_delta_sensor_async.py
[2024-09-18T17:10:41.221-0500] {processor.py:925} INFO - DAG(s) 'example_time_delta_sensor_async' retrieved from /Users/binhpham/Library/Python/3.9/lib/python/site-packages/airflow/example_dags/example_time_delta_sensor_async.py
[2024-09-18T17:10:41.506-0500] {logging_mixin.py:190} INFO - [2024-09-18T17:10:41.506-0500] {dag.py:3229} INFO - Sync 1 DAGs
[2024-09-18T17:10:41.512-0500] {logging_mixin.py:190} INFO - [2024-09-18T17:10:41.512-0500] {dag.py:4156} INFO - Setting next_dagrun for example_time_delta_sensor_async to None, run_after=None
[2024-09-18T17:10:41.521-0500] {processor.py:208} INFO - Processing /Users/binhpham/Library/Python/3.9/lib/python/site-packages/airflow/example_dags/example_time_delta_sensor_async.py took 0.307 seconds
[2024-09-18T17:12:09.130-0500] {processor.py:186} INFO - Started process (PID=16034) to work on /Users/binhpham/Library/Python/3.9/lib/python/site-packages/airflow/example_dags/example_time_delta_sensor_async.py
[2024-09-18T17:12:09.132-0500] {processor.py:914} INFO - Processing file /Users/binhpham/Library/Python/3.9/lib/python/site-packages/airflow/example_dags/example_time_delta_sensor_async.py for tasks to queue
[2024-09-18T17:12:09.133-0500] {logging_mixin.py:190} INFO - [2024-09-18T17:12:09.133-0500] {dagbag.py:587} INFO - Filling up the DagBag from /Users/binhpham/Library/Python/3.9/lib/python/site-packages/airflow/example_dags/example_time_delta_sensor_async.py
[2024-09-18T17:12:09.136-0500] {processor.py:925} INFO - DAG(s) 'example_time_delta_sensor_async' retrieved from /Users/binhpham/Library/Python/3.9/lib/python/site-packages/airflow/example_dags/example_time_delta_sensor_async.py
[2024-09-18T17:12:09.419-0500] {logging_mixin.py:190} INFO - [2024-09-18T17:12:09.418-0500] {dag.py:3229} INFO - Sync 1 DAGs
[2024-09-18T17:12:09.425-0500] {logging_mixin.py:190} INFO - [2024-09-18T17:12:09.425-0500] {dag.py:4156} INFO - Setting next_dagrun for example_time_delta_sensor_async to None, run_after=None
[2024-09-18T17:12:09.434-0500] {processor.py:208} INFO - Processing /Users/binhpham/Library/Python/3.9/lib/python/site-packages/airflow/example_dags/example_time_delta_sensor_async.py took 0.305 seconds
[2024-09-18T17:13:37.609-0500] {processor.py:186} INFO - Started process (PID=16355) to work on /Users/binhpham/Library/Python/3.9/lib/python/site-packages/airflow/example_dags/example_time_delta_sensor_async.py
[2024-09-18T17:13:37.610-0500] {processor.py:914} INFO - Processing file /Users/binhpham/Library/Python/3.9/lib/python/site-packages/airflow/example_dags/example_time_delta_sensor_async.py for tasks to queue
[2024-09-18T17:13:37.611-0500] {logging_mixin.py:190} INFO - [2024-09-18T17:13:37.611-0500] {dagbag.py:587} INFO - Filling up the DagBag from /Users/binhpham/Library/Python/3.9/lib/python/site-packages/airflow/example_dags/example_time_delta_sensor_async.py
[2024-09-18T17:13:37.615-0500] {processor.py:925} INFO - DAG(s) 'example_time_delta_sensor_async' retrieved from /Users/binhpham/Library/Python/3.9/lib/python/site-packages/airflow/example_dags/example_time_delta_sensor_async.py
[2024-09-18T17:13:37.901-0500] {logging_mixin.py:190} INFO - [2024-09-18T17:13:37.901-0500] {dag.py:3229} INFO - Sync 1 DAGs
[2024-09-18T17:13:37.908-0500] {logging_mixin.py:190} INFO - [2024-09-18T17:13:37.907-0500] {dag.py:4156} INFO - Setting next_dagrun for example_time_delta_sensor_async to None, run_after=None
[2024-09-18T17:13:37.917-0500] {processor.py:208} INFO - Processing /Users/binhpham/Library/Python/3.9/lib/python/site-packages/airflow/example_dags/example_time_delta_sensor_async.py took 0.310 seconds
[2024-09-18T17:15:27.464-0500] {processor.py:186} INFO - Started process (PID=16842) to work on /Users/binhpham/Library/Python/3.9/lib/python/site-packages/airflow/example_dags/example_time_delta_sensor_async.py
[2024-09-18T17:15:27.466-0500] {processor.py:914} INFO - Processing file /Users/binhpham/Library/Python/3.9/lib/python/site-packages/airflow/example_dags/example_time_delta_sensor_async.py for tasks to queue
[2024-09-18T17:15:27.466-0500] {logging_mixin.py:190} INFO - [2024-09-18T17:15:27.466-0500] {dagbag.py:587} INFO - Filling up the DagBag from /Users/binhpham/Library/Python/3.9/lib/python/site-packages/airflow/example_dags/example_time_delta_sensor_async.py
[2024-09-18T17:15:27.470-0500] {processor.py:925} INFO - DAG(s) 'example_time_delta_sensor_async' retrieved from /Users/binhpham/Library/Python/3.9/lib/python/site-packages/airflow/example_dags/example_time_delta_sensor_async.py
[2024-09-18T17:15:27.767-0500] {logging_mixin.py:190} INFO - [2024-09-18T17:15:27.767-0500] {dag.py:3229} INFO - Sync 1 DAGs
[2024-09-18T17:15:27.773-0500] {logging_mixin.py:190} INFO - [2024-09-18T17:15:27.773-0500] {dag.py:4156} INFO - Setting next_dagrun for example_time_delta_sensor_async to None, run_after=None
[2024-09-18T17:15:27.783-0500] {processor.py:208} INFO - Processing /Users/binhpham/Library/Python/3.9/lib/python/site-packages/airflow/example_dags/example_time_delta_sensor_async.py took 0.320 seconds
[2024-09-18T17:17:27.754-0500] {processor.py:186} INFO - Started process (PID=17314) to work on /Users/binhpham/Library/Python/3.9/lib/python/site-packages/airflow/example_dags/example_time_delta_sensor_async.py
[2024-09-18T17:17:27.756-0500] {processor.py:914} INFO - Processing file /Users/binhpham/Library/Python/3.9/lib/python/site-packages/airflow/example_dags/example_time_delta_sensor_async.py for tasks to queue
[2024-09-18T17:17:27.757-0500] {logging_mixin.py:190} INFO - [2024-09-18T17:17:27.757-0500] {dagbag.py:587} INFO - Filling up the DagBag from /Users/binhpham/Library/Python/3.9/lib/python/site-packages/airflow/example_dags/example_time_delta_sensor_async.py
[2024-09-18T17:17:27.761-0500] {processor.py:925} INFO - DAG(s) 'example_time_delta_sensor_async' retrieved from /Users/binhpham/Library/Python/3.9/lib/python/site-packages/airflow/example_dags/example_time_delta_sensor_async.py
[2024-09-18T17:17:28.038-0500] {logging_mixin.py:190} INFO - [2024-09-18T17:17:28.038-0500] {dag.py:3229} INFO - Sync 1 DAGs
[2024-09-18T17:17:28.044-0500] {logging_mixin.py:190} INFO - [2024-09-18T17:17:28.044-0500] {dag.py:4156} INFO - Setting next_dagrun for example_time_delta_sensor_async to None, run_after=None
[2024-09-18T17:17:28.053-0500] {processor.py:208} INFO - Processing /Users/binhpham/Library/Python/3.9/lib/python/site-packages/airflow/example_dags/example_time_delta_sensor_async.py took 0.300 seconds
[2024-09-18T17:18:57.182-0500] {processor.py:186} INFO - Started process (PID=18194) to work on /Users/binhpham/Library/Python/3.9/lib/python/site-packages/airflow/example_dags/example_time_delta_sensor_async.py
[2024-09-18T17:18:57.184-0500] {processor.py:914} INFO - Processing file /Users/binhpham/Library/Python/3.9/lib/python/site-packages/airflow/example_dags/example_time_delta_sensor_async.py for tasks to queue
[2024-09-18T17:18:57.185-0500] {logging_mixin.py:190} INFO - [2024-09-18T17:18:57.185-0500] {dagbag.py:587} INFO - Filling up the DagBag from /Users/binhpham/Library/Python/3.9/lib/python/site-packages/airflow/example_dags/example_time_delta_sensor_async.py
[2024-09-18T17:18:57.189-0500] {processor.py:925} INFO - DAG(s) 'example_time_delta_sensor_async' retrieved from /Users/binhpham/Library/Python/3.9/lib/python/site-packages/airflow/example_dags/example_time_delta_sensor_async.py
[2024-09-18T17:18:57.477-0500] {logging_mixin.py:190} INFO - [2024-09-18T17:18:57.477-0500] {dag.py:3229} INFO - Sync 1 DAGs
[2024-09-18T17:18:57.483-0500] {logging_mixin.py:190} INFO - [2024-09-18T17:18:57.483-0500] {dag.py:4156} INFO - Setting next_dagrun for example_time_delta_sensor_async to None, run_after=None
[2024-09-18T17:18:57.492-0500] {processor.py:208} INFO - Processing /Users/binhpham/Library/Python/3.9/lib/python/site-packages/airflow/example_dags/example_time_delta_sensor_async.py took 0.312 seconds
[2024-09-18T17:20:28.163-0500] {processor.py:186} INFO - Started process (PID=18484) to work on /Users/binhpham/Library/Python/3.9/lib/python/site-packages/airflow/example_dags/example_time_delta_sensor_async.py
[2024-09-18T17:20:28.166-0500] {processor.py:914} INFO - Processing file /Users/binhpham/Library/Python/3.9/lib/python/site-packages/airflow/example_dags/example_time_delta_sensor_async.py for tasks to queue
[2024-09-18T17:20:28.166-0500] {logging_mixin.py:190} INFO - [2024-09-18T17:20:28.166-0500] {dagbag.py:587} INFO - Filling up the DagBag from /Users/binhpham/Library/Python/3.9/lib/python/site-packages/airflow/example_dags/example_time_delta_sensor_async.py
[2024-09-18T17:20:28.171-0500] {processor.py:925} INFO - DAG(s) 'example_time_delta_sensor_async' retrieved from /Users/binhpham/Library/Python/3.9/lib/python/site-packages/airflow/example_dags/example_time_delta_sensor_async.py
[2024-09-18T17:20:28.451-0500] {logging_mixin.py:190} INFO - [2024-09-18T17:20:28.451-0500] {dag.py:3229} INFO - Sync 1 DAGs
[2024-09-18T17:20:28.457-0500] {logging_mixin.py:190} INFO - [2024-09-18T17:20:28.457-0500] {dag.py:4156} INFO - Setting next_dagrun for example_time_delta_sensor_async to None, run_after=None
[2024-09-18T17:20:28.467-0500] {processor.py:208} INFO - Processing /Users/binhpham/Library/Python/3.9/lib/python/site-packages/airflow/example_dags/example_time_delta_sensor_async.py took 0.305 seconds
[2024-09-18T17:22:30.714-0500] {processor.py:186} INFO - Started process (PID=19536) to work on /Users/binhpham/Projects/dbt_project/venv/lib/python3.9/site-packages/airflow/example_dags/example_time_delta_sensor_async.py
[2024-09-18T17:22:30.716-0500] {processor.py:914} INFO - Processing file /Users/binhpham/Projects/dbt_project/venv/lib/python3.9/site-packages/airflow/example_dags/example_time_delta_sensor_async.py for tasks to queue
[2024-09-18T17:22:30.717-0500] {logging_mixin.py:190} INFO - [2024-09-18T17:22:30.717-0500] {dagbag.py:587} INFO - Filling up the DagBag from /Users/binhpham/Projects/dbt_project/venv/lib/python3.9/site-packages/airflow/example_dags/example_time_delta_sensor_async.py
[2024-09-18T17:22:30.721-0500] {processor.py:925} INFO - DAG(s) 'example_time_delta_sensor_async' retrieved from /Users/binhpham/Projects/dbt_project/venv/lib/python3.9/site-packages/airflow/example_dags/example_time_delta_sensor_async.py
[2024-09-18T17:22:30.776-0500] {logging_mixin.py:190} INFO - [2024-09-18T17:22:30.776-0500] {workday.py:41} WARNING - Could not import pandas. Holidays will not be considered.
[2024-09-18T17:22:30.835-0500] {logging_mixin.py:190} INFO - [2024-09-18T17:22:30.834-0500] {dag.py:3229} INFO - Sync 1 DAGs
[2024-09-18T17:22:30.840-0500] {logging_mixin.py:190} INFO - [2024-09-18T17:22:30.840-0500] {dag.py:4156} INFO - Setting next_dagrun for example_time_delta_sensor_async to None, run_after=None
[2024-09-18T17:22:30.851-0500] {processor.py:208} INFO - Processing /Users/binhpham/Projects/dbt_project/venv/lib/python3.9/site-packages/airflow/example_dags/example_time_delta_sensor_async.py took 0.138 seconds
[2024-09-18T17:24:27.107-0500] {processor.py:186} INFO - Started process (PID=19976) to work on /Users/binhpham/Projects/dbt_project/venv/lib/python3.9/site-packages/airflow/example_dags/example_time_delta_sensor_async.py
[2024-09-18T17:24:27.110-0500] {processor.py:914} INFO - Processing file /Users/binhpham/Projects/dbt_project/venv/lib/python3.9/site-packages/airflow/example_dags/example_time_delta_sensor_async.py for tasks to queue
[2024-09-18T17:24:27.110-0500] {logging_mixin.py:190} INFO - [2024-09-18T17:24:27.110-0500] {dagbag.py:587} INFO - Filling up the DagBag from /Users/binhpham/Projects/dbt_project/venv/lib/python3.9/site-packages/airflow/example_dags/example_time_delta_sensor_async.py
[2024-09-18T17:24:27.115-0500] {processor.py:925} INFO - DAG(s) 'example_time_delta_sensor_async' retrieved from /Users/binhpham/Projects/dbt_project/venv/lib/python3.9/site-packages/airflow/example_dags/example_time_delta_sensor_async.py
[2024-09-18T17:24:27.164-0500] {logging_mixin.py:190} INFO - [2024-09-18T17:24:27.164-0500] {workday.py:41} WARNING - Could not import pandas. Holidays will not be considered.
[2024-09-18T17:24:27.175-0500] {logging_mixin.py:190} INFO - [2024-09-18T17:24:27.175-0500] {dag.py:3229} INFO - Sync 1 DAGs
[2024-09-18T17:24:27.180-0500] {logging_mixin.py:190} INFO - [2024-09-18T17:24:27.180-0500] {dag.py:4156} INFO - Setting next_dagrun for example_time_delta_sensor_async to None, run_after=None
[2024-09-18T17:24:27.190-0500] {processor.py:208} INFO - Processing /Users/binhpham/Projects/dbt_project/venv/lib/python3.9/site-packages/airflow/example_dags/example_time_delta_sensor_async.py took 0.084 seconds
[2024-09-18T17:26:32.138-0500] {processor.py:186} INFO - Started process (PID=20443) to work on /Users/binhpham/Projects/dbt_project/venv/lib/python3.9/site-packages/airflow/example_dags/example_time_delta_sensor_async.py
[2024-09-18T17:26:32.141-0500] {processor.py:914} INFO - Processing file /Users/binhpham/Projects/dbt_project/venv/lib/python3.9/site-packages/airflow/example_dags/example_time_delta_sensor_async.py for tasks to queue
[2024-09-18T17:26:32.141-0500] {logging_mixin.py:190} INFO - [2024-09-18T17:26:32.141-0500] {dagbag.py:587} INFO - Filling up the DagBag from /Users/binhpham/Projects/dbt_project/venv/lib/python3.9/site-packages/airflow/example_dags/example_time_delta_sensor_async.py
[2024-09-18T17:26:32.146-0500] {processor.py:925} INFO - DAG(s) 'example_time_delta_sensor_async' retrieved from /Users/binhpham/Projects/dbt_project/venv/lib/python3.9/site-packages/airflow/example_dags/example_time_delta_sensor_async.py
[2024-09-18T17:26:32.198-0500] {logging_mixin.py:190} INFO - [2024-09-18T17:26:32.198-0500] {workday.py:41} WARNING - Could not import pandas. Holidays will not be considered.
[2024-09-18T17:26:32.213-0500] {logging_mixin.py:190} INFO - [2024-09-18T17:26:32.213-0500] {dag.py:3229} INFO - Sync 1 DAGs
[2024-09-18T17:26:32.222-0500] {logging_mixin.py:190} INFO - [2024-09-18T17:26:32.222-0500] {dag.py:4156} INFO - Setting next_dagrun for example_time_delta_sensor_async to None, run_after=None
[2024-09-18T17:26:32.231-0500] {processor.py:208} INFO - Processing /Users/binhpham/Projects/dbt_project/venv/lib/python3.9/site-packages/airflow/example_dags/example_time_delta_sensor_async.py took 0.095 seconds
[2024-09-18T17:28:57.144-0500] {processor.py:186} INFO - Started process (PID=21100) to work on /Users/binhpham/Projects/dbt_project/venv/lib/python3.9/site-packages/airflow/example_dags/example_time_delta_sensor_async.py
[2024-09-18T17:28:57.146-0500] {processor.py:914} INFO - Processing file /Users/binhpham/Projects/dbt_project/venv/lib/python3.9/site-packages/airflow/example_dags/example_time_delta_sensor_async.py for tasks to queue
[2024-09-18T17:28:57.146-0500] {logging_mixin.py:190} INFO - [2024-09-18T17:28:57.146-0500] {dagbag.py:587} INFO - Filling up the DagBag from /Users/binhpham/Projects/dbt_project/venv/lib/python3.9/site-packages/airflow/example_dags/example_time_delta_sensor_async.py
[2024-09-18T17:28:57.151-0500] {processor.py:925} INFO - DAG(s) 'example_time_delta_sensor_async' retrieved from /Users/binhpham/Projects/dbt_project/venv/lib/python3.9/site-packages/airflow/example_dags/example_time_delta_sensor_async.py
[2024-09-18T17:28:57.420-0500] {logging_mixin.py:190} INFO - [2024-09-18T17:28:57.419-0500] {dag.py:3229} INFO - Sync 1 DAGs
[2024-09-18T17:28:57.426-0500] {logging_mixin.py:190} INFO - [2024-09-18T17:28:57.425-0500] {dag.py:4156} INFO - Setting next_dagrun for example_time_delta_sensor_async to None, run_after=None
[2024-09-18T17:28:57.436-0500] {processor.py:208} INFO - Processing /Users/binhpham/Projects/dbt_project/venv/lib/python3.9/site-packages/airflow/example_dags/example_time_delta_sensor_async.py took 0.294 seconds
[2024-09-18T17:30:55.213-0500] {processor.py:186} INFO - Started process (PID=22203) to work on /Users/binhpham/Projects/dbt_project/venv/lib/python3.9/site-packages/airflow/example_dags/example_time_delta_sensor_async.py
[2024-09-18T17:30:55.214-0500] {processor.py:914} INFO - Processing file /Users/binhpham/Projects/dbt_project/venv/lib/python3.9/site-packages/airflow/example_dags/example_time_delta_sensor_async.py for tasks to queue
[2024-09-18T17:30:55.215-0500] {logging_mixin.py:190} INFO - [2024-09-18T17:30:55.215-0500] {dagbag.py:587} INFO - Filling up the DagBag from /Users/binhpham/Projects/dbt_project/venv/lib/python3.9/site-packages/airflow/example_dags/example_time_delta_sensor_async.py
[2024-09-18T17:30:55.218-0500] {processor.py:925} INFO - DAG(s) 'example_time_delta_sensor_async' retrieved from /Users/binhpham/Projects/dbt_project/venv/lib/python3.9/site-packages/airflow/example_dags/example_time_delta_sensor_async.py
[2024-09-18T17:30:55.484-0500] {logging_mixin.py:190} INFO - [2024-09-18T17:30:55.484-0500] {dag.py:3229} INFO - Sync 1 DAGs
[2024-09-18T17:30:55.490-0500] {logging_mixin.py:190} INFO - [2024-09-18T17:30:55.489-0500] {dag.py:4156} INFO - Setting next_dagrun for example_time_delta_sensor_async to None, run_after=None
[2024-09-18T17:30:55.499-0500] {processor.py:208} INFO - Processing /Users/binhpham/Projects/dbt_project/venv/lib/python3.9/site-packages/airflow/example_dags/example_time_delta_sensor_async.py took 0.288 seconds
[2024-09-18T17:32:18.162-0500] {processor.py:186} INFO - Started process (PID=22750) to work on /Users/binhpham/Projects/dbt_project/venv/lib/python3.9/site-packages/airflow/example_dags/example_time_delta_sensor_async.py
[2024-09-18T17:32:18.165-0500] {processor.py:914} INFO - Processing file /Users/binhpham/Projects/dbt_project/venv/lib/python3.9/site-packages/airflow/example_dags/example_time_delta_sensor_async.py for tasks to queue
[2024-09-18T17:32:18.165-0500] {logging_mixin.py:190} INFO - [2024-09-18T17:32:18.165-0500] {dagbag.py:587} INFO - Filling up the DagBag from /Users/binhpham/Projects/dbt_project/venv/lib/python3.9/site-packages/airflow/example_dags/example_time_delta_sensor_async.py
[2024-09-18T17:32:18.170-0500] {processor.py:925} INFO - DAG(s) 'example_time_delta_sensor_async' retrieved from /Users/binhpham/Projects/dbt_project/venv/lib/python3.9/site-packages/airflow/example_dags/example_time_delta_sensor_async.py
[2024-09-18T17:32:18.435-0500] {logging_mixin.py:190} INFO - [2024-09-18T17:32:18.435-0500] {dag.py:3229} INFO - Sync 1 DAGs
[2024-09-18T17:32:18.440-0500] {logging_mixin.py:190} INFO - [2024-09-18T17:32:18.440-0500] {dag.py:4156} INFO - Setting next_dagrun for example_time_delta_sensor_async to None, run_after=None
[2024-09-18T17:32:18.449-0500] {processor.py:208} INFO - Processing /Users/binhpham/Projects/dbt_project/venv/lib/python3.9/site-packages/airflow/example_dags/example_time_delta_sensor_async.py took 0.289 seconds
[2024-09-18T17:33:47.427-0500] {processor.py:186} INFO - Started process (PID=23077) to work on /Users/binhpham/Projects/dbt_project/venv/lib/python3.9/site-packages/airflow/example_dags/example_time_delta_sensor_async.py
[2024-09-18T17:33:47.430-0500] {processor.py:914} INFO - Processing file /Users/binhpham/Projects/dbt_project/venv/lib/python3.9/site-packages/airflow/example_dags/example_time_delta_sensor_async.py for tasks to queue
[2024-09-18T17:33:47.430-0500] {logging_mixin.py:190} INFO - [2024-09-18T17:33:47.430-0500] {dagbag.py:587} INFO - Filling up the DagBag from /Users/binhpham/Projects/dbt_project/venv/lib/python3.9/site-packages/airflow/example_dags/example_time_delta_sensor_async.py
[2024-09-18T17:33:47.434-0500] {processor.py:925} INFO - DAG(s) 'example_time_delta_sensor_async' retrieved from /Users/binhpham/Projects/dbt_project/venv/lib/python3.9/site-packages/airflow/example_dags/example_time_delta_sensor_async.py
[2024-09-18T17:33:47.704-0500] {logging_mixin.py:190} INFO - [2024-09-18T17:33:47.703-0500] {dag.py:3229} INFO - Sync 1 DAGs
[2024-09-18T17:33:47.710-0500] {logging_mixin.py:190} INFO - [2024-09-18T17:33:47.709-0500] {dag.py:4156} INFO - Setting next_dagrun for example_time_delta_sensor_async to None, run_after=None
[2024-09-18T17:33:47.720-0500] {processor.py:208} INFO - Processing /Users/binhpham/Projects/dbt_project/venv/lib/python3.9/site-packages/airflow/example_dags/example_time_delta_sensor_async.py took 0.294 seconds
[2024-09-18T17:34:45.940-0500] {processor.py:186} INFO - Started process (PID=23297) to work on /Users/binhpham/Projects/dbt_project/venv/lib/python3.9/site-packages/airflow/example_dags/example_time_delta_sensor_async.py
[2024-09-18T17:34:45.941-0500] {processor.py:914} INFO - Processing file /Users/binhpham/Projects/dbt_project/venv/lib/python3.9/site-packages/airflow/example_dags/example_time_delta_sensor_async.py for tasks to queue
[2024-09-18T17:34:45.942-0500] {logging_mixin.py:190} INFO - [2024-09-18T17:34:45.942-0500] {dagbag.py:587} INFO - Filling up the DagBag from /Users/binhpham/Projects/dbt_project/venv/lib/python3.9/site-packages/airflow/example_dags/example_time_delta_sensor_async.py
[2024-09-18T17:34:45.946-0500] {processor.py:925} INFO - DAG(s) 'example_time_delta_sensor_async' retrieved from /Users/binhpham/Projects/dbt_project/venv/lib/python3.9/site-packages/airflow/example_dags/example_time_delta_sensor_async.py
[2024-09-18T17:34:46.219-0500] {logging_mixin.py:190} INFO - [2024-09-18T17:34:46.219-0500] {dag.py:3229} INFO - Sync 1 DAGs
[2024-09-18T17:34:46.225-0500] {logging_mixin.py:190} INFO - [2024-09-18T17:34:46.225-0500] {dag.py:4156} INFO - Setting next_dagrun for example_time_delta_sensor_async to None, run_after=None
[2024-09-18T17:34:46.234-0500] {processor.py:208} INFO - Processing /Users/binhpham/Projects/dbt_project/venv/lib/python3.9/site-packages/airflow/example_dags/example_time_delta_sensor_async.py took 0.296 seconds
[2024-09-18T17:36:42.720-0500] {processor.py:186} INFO - Started process (PID=23914) to work on /Users/binhpham/Projects/dbt_project/venv/lib/python3.9/site-packages/airflow/example_dags/example_time_delta_sensor_async.py
[2024-09-18T17:36:42.722-0500] {processor.py:914} INFO - Processing file /Users/binhpham/Projects/dbt_project/venv/lib/python3.9/site-packages/airflow/example_dags/example_time_delta_sensor_async.py for tasks to queue
[2024-09-18T17:36:42.722-0500] {logging_mixin.py:190} INFO - [2024-09-18T17:36:42.722-0500] {dagbag.py:587} INFO - Filling up the DagBag from /Users/binhpham/Projects/dbt_project/venv/lib/python3.9/site-packages/airflow/example_dags/example_time_delta_sensor_async.py
[2024-09-18T17:36:42.726-0500] {processor.py:925} INFO - DAG(s) 'example_time_delta_sensor_async' retrieved from /Users/binhpham/Projects/dbt_project/venv/lib/python3.9/site-packages/airflow/example_dags/example_time_delta_sensor_async.py
[2024-09-18T17:36:42.991-0500] {logging_mixin.py:190} INFO - [2024-09-18T17:36:42.991-0500] {dag.py:3229} INFO - Sync 1 DAGs
[2024-09-18T17:36:42.996-0500] {logging_mixin.py:190} INFO - [2024-09-18T17:36:42.996-0500] {dag.py:4156} INFO - Setting next_dagrun for example_time_delta_sensor_async to None, run_after=None
[2024-09-18T17:36:43.006-0500] {processor.py:208} INFO - Processing /Users/binhpham/Projects/dbt_project/venv/lib/python3.9/site-packages/airflow/example_dags/example_time_delta_sensor_async.py took 0.287 seconds
[2024-09-18T17:38:06.200-0500] {processor.py:186} INFO - Started process (PID=24175) to work on /Users/binhpham/Projects/dbt_project/venv/lib/python3.9/site-packages/airflow/example_dags/example_time_delta_sensor_async.py
[2024-09-18T17:38:06.202-0500] {processor.py:914} INFO - Processing file /Users/binhpham/Projects/dbt_project/venv/lib/python3.9/site-packages/airflow/example_dags/example_time_delta_sensor_async.py for tasks to queue
[2024-09-18T17:38:06.202-0500] {logging_mixin.py:190} INFO - [2024-09-18T17:38:06.202-0500] {dagbag.py:587} INFO - Filling up the DagBag from /Users/binhpham/Projects/dbt_project/venv/lib/python3.9/site-packages/airflow/example_dags/example_time_delta_sensor_async.py
[2024-09-18T17:38:06.206-0500] {processor.py:925} INFO - DAG(s) 'example_time_delta_sensor_async' retrieved from /Users/binhpham/Projects/dbt_project/venv/lib/python3.9/site-packages/airflow/example_dags/example_time_delta_sensor_async.py
[2024-09-18T17:38:06.473-0500] {logging_mixin.py:190} INFO - [2024-09-18T17:38:06.473-0500] {dag.py:3229} INFO - Sync 1 DAGs
[2024-09-18T17:38:06.479-0500] {logging_mixin.py:190} INFO - [2024-09-18T17:38:06.478-0500] {dag.py:4156} INFO - Setting next_dagrun for example_time_delta_sensor_async to None, run_after=None
[2024-09-18T17:38:06.488-0500] {processor.py:208} INFO - Processing /Users/binhpham/Projects/dbt_project/venv/lib/python3.9/site-packages/airflow/example_dags/example_time_delta_sensor_async.py took 0.289 seconds
[2024-09-18T17:39:28.849-0500] {processor.py:186} INFO - Started process (PID=24447) to work on /Users/binhpham/Projects/dbt_project/venv/lib/python3.9/site-packages/airflow/example_dags/example_time_delta_sensor_async.py
[2024-09-18T17:39:28.851-0500] {processor.py:914} INFO - Processing file /Users/binhpham/Projects/dbt_project/venv/lib/python3.9/site-packages/airflow/example_dags/example_time_delta_sensor_async.py for tasks to queue
[2024-09-18T17:39:28.852-0500] {logging_mixin.py:190} INFO - [2024-09-18T17:39:28.852-0500] {dagbag.py:587} INFO - Filling up the DagBag from /Users/binhpham/Projects/dbt_project/venv/lib/python3.9/site-packages/airflow/example_dags/example_time_delta_sensor_async.py
[2024-09-18T17:39:28.856-0500] {processor.py:925} INFO - DAG(s) 'example_time_delta_sensor_async' retrieved from /Users/binhpham/Projects/dbt_project/venv/lib/python3.9/site-packages/airflow/example_dags/example_time_delta_sensor_async.py
[2024-09-18T17:39:29.175-0500] {logging_mixin.py:190} INFO - [2024-09-18T17:39:29.175-0500] {dag.py:3229} INFO - Sync 1 DAGs
[2024-09-18T17:39:29.181-0500] {logging_mixin.py:190} INFO - [2024-09-18T17:39:29.181-0500] {dag.py:4156} INFO - Setting next_dagrun for example_time_delta_sensor_async to None, run_after=None
[2024-09-18T17:39:29.190-0500] {processor.py:208} INFO - Processing /Users/binhpham/Projects/dbt_project/venv/lib/python3.9/site-packages/airflow/example_dags/example_time_delta_sensor_async.py took 0.343 seconds
[2024-09-18T17:40:55.179-0500] {processor.py:186} INFO - Started process (PID=24711) to work on /Users/binhpham/Projects/dbt_project/venv/lib/python3.9/site-packages/airflow/example_dags/example_time_delta_sensor_async.py
[2024-09-18T17:40:55.182-0500] {processor.py:914} INFO - Processing file /Users/binhpham/Projects/dbt_project/venv/lib/python3.9/site-packages/airflow/example_dags/example_time_delta_sensor_async.py for tasks to queue
[2024-09-18T17:40:55.182-0500] {logging_mixin.py:190} INFO - [2024-09-18T17:40:55.182-0500] {dagbag.py:587} INFO - Filling up the DagBag from /Users/binhpham/Projects/dbt_project/venv/lib/python3.9/site-packages/airflow/example_dags/example_time_delta_sensor_async.py
[2024-09-18T17:40:55.187-0500] {processor.py:925} INFO - DAG(s) 'example_time_delta_sensor_async' retrieved from /Users/binhpham/Projects/dbt_project/venv/lib/python3.9/site-packages/airflow/example_dags/example_time_delta_sensor_async.py
[2024-09-18T17:40:55.455-0500] {logging_mixin.py:190} INFO - [2024-09-18T17:40:55.455-0500] {dag.py:3229} INFO - Sync 1 DAGs
[2024-09-18T17:40:55.461-0500] {logging_mixin.py:190} INFO - [2024-09-18T17:40:55.461-0500] {dag.py:4156} INFO - Setting next_dagrun for example_time_delta_sensor_async to None, run_after=None
[2024-09-18T17:40:55.470-0500] {processor.py:208} INFO - Processing /Users/binhpham/Projects/dbt_project/venv/lib/python3.9/site-packages/airflow/example_dags/example_time_delta_sensor_async.py took 0.292 seconds
[2024-09-18T17:42:20.020-0500] {processor.py:186} INFO - Started process (PID=24983) to work on /Users/binhpham/Projects/dbt_project/venv/lib/python3.9/site-packages/airflow/example_dags/example_time_delta_sensor_async.py
[2024-09-18T17:42:20.022-0500] {processor.py:914} INFO - Processing file /Users/binhpham/Projects/dbt_project/venv/lib/python3.9/site-packages/airflow/example_dags/example_time_delta_sensor_async.py for tasks to queue
[2024-09-18T17:42:20.023-0500] {logging_mixin.py:190} INFO - [2024-09-18T17:42:20.022-0500] {dagbag.py:587} INFO - Filling up the DagBag from /Users/binhpham/Projects/dbt_project/venv/lib/python3.9/site-packages/airflow/example_dags/example_time_delta_sensor_async.py
[2024-09-18T17:42:20.027-0500] {processor.py:925} INFO - DAG(s) 'example_time_delta_sensor_async' retrieved from /Users/binhpham/Projects/dbt_project/venv/lib/python3.9/site-packages/airflow/example_dags/example_time_delta_sensor_async.py
[2024-09-18T17:42:20.306-0500] {logging_mixin.py:190} INFO - [2024-09-18T17:42:20.305-0500] {dag.py:3229} INFO - Sync 1 DAGs
[2024-09-18T17:42:20.311-0500] {logging_mixin.py:190} INFO - [2024-09-18T17:42:20.311-0500] {dag.py:4156} INFO - Setting next_dagrun for example_time_delta_sensor_async to None, run_after=None
[2024-09-18T17:42:20.321-0500] {processor.py:208} INFO - Processing /Users/binhpham/Projects/dbt_project/venv/lib/python3.9/site-packages/airflow/example_dags/example_time_delta_sensor_async.py took 0.303 seconds
[2024-09-18T17:43:46.388-0500] {processor.py:186} INFO - Started process (PID=25275) to work on /Users/binhpham/Projects/dbt_project/venv/lib/python3.9/site-packages/airflow/example_dags/example_time_delta_sensor_async.py
[2024-09-18T17:43:46.390-0500] {processor.py:914} INFO - Processing file /Users/binhpham/Projects/dbt_project/venv/lib/python3.9/site-packages/airflow/example_dags/example_time_delta_sensor_async.py for tasks to queue
[2024-09-18T17:43:46.390-0500] {logging_mixin.py:190} INFO - [2024-09-18T17:43:46.390-0500] {dagbag.py:587} INFO - Filling up the DagBag from /Users/binhpham/Projects/dbt_project/venv/lib/python3.9/site-packages/airflow/example_dags/example_time_delta_sensor_async.py
[2024-09-18T17:43:46.395-0500] {processor.py:925} INFO - DAG(s) 'example_time_delta_sensor_async' retrieved from /Users/binhpham/Projects/dbt_project/venv/lib/python3.9/site-packages/airflow/example_dags/example_time_delta_sensor_async.py
[2024-09-18T17:43:46.659-0500] {logging_mixin.py:190} INFO - [2024-09-18T17:43:46.658-0500] {dag.py:3229} INFO - Sync 1 DAGs
[2024-09-18T17:43:46.664-0500] {logging_mixin.py:190} INFO - [2024-09-18T17:43:46.664-0500] {dag.py:4156} INFO - Setting next_dagrun for example_time_delta_sensor_async to None, run_after=None
[2024-09-18T17:43:46.673-0500] {processor.py:208} INFO - Processing /Users/binhpham/Projects/dbt_project/venv/lib/python3.9/site-packages/airflow/example_dags/example_time_delta_sensor_async.py took 0.287 seconds
[2024-09-18T17:45:11.168-0500] {processor.py:186} INFO - Started process (PID=25581) to work on /Users/binhpham/Projects/dbt_project/venv/lib/python3.9/site-packages/airflow/example_dags/example_time_delta_sensor_async.py
[2024-09-18T17:45:11.170-0500] {processor.py:914} INFO - Processing file /Users/binhpham/Projects/dbt_project/venv/lib/python3.9/site-packages/airflow/example_dags/example_time_delta_sensor_async.py for tasks to queue
[2024-09-18T17:45:11.170-0500] {logging_mixin.py:190} INFO - [2024-09-18T17:45:11.170-0500] {dagbag.py:587} INFO - Filling up the DagBag from /Users/binhpham/Projects/dbt_project/venv/lib/python3.9/site-packages/airflow/example_dags/example_time_delta_sensor_async.py
[2024-09-18T17:45:11.175-0500] {processor.py:925} INFO - DAG(s) 'example_time_delta_sensor_async' retrieved from /Users/binhpham/Projects/dbt_project/venv/lib/python3.9/site-packages/airflow/example_dags/example_time_delta_sensor_async.py
[2024-09-18T17:45:11.479-0500] {logging_mixin.py:190} INFO - [2024-09-18T17:45:11.479-0500] {dag.py:3229} INFO - Sync 1 DAGs
[2024-09-18T17:45:11.484-0500] {logging_mixin.py:190} INFO - [2024-09-18T17:45:11.484-0500] {dag.py:4156} INFO - Setting next_dagrun for example_time_delta_sensor_async to None, run_after=None
[2024-09-18T17:45:11.494-0500] {processor.py:208} INFO - Processing /Users/binhpham/Projects/dbt_project/venv/lib/python3.9/site-packages/airflow/example_dags/example_time_delta_sensor_async.py took 0.328 seconds
