[2024-09-18T16:52:04.554-0500] {processor.py:186} INFO - Started process (PID=11798) to work on /Users/binhpham/Library/Python/3.9/lib/python/site-packages/airflow/example_dags/example_task_group_decorator.py
[2024-09-18T16:52:04.556-0500] {processor.py:914} INFO - Processing file /Users/binhpham/Library/Python/3.9/lib/python/site-packages/airflow/example_dags/example_task_group_decorator.py for tasks to queue
[2024-09-18T16:52:04.557-0500] {logging_mixin.py:190} INFO - [2024-09-18T16:52:04.556-0500] {dagbag.py:587} INFO - Filling up the DagBag from /Users/binhpham/Library/Python/3.9/lib/python/site-packages/airflow/example_dags/example_task_group_decorator.py
[2024-09-18T16:52:04.582-0500] {processor.py:925} INFO - DAG(s) 'example_task_group_decorator' retrieved from /Users/binhpham/Library/Python/3.9/lib/python/site-packages/airflow/example_dags/example_task_group_decorator.py
[2024-09-18T16:52:04.640-0500] {logging_mixin.py:190} INFO - [2024-09-18T16:52:04.640-0500] {dag.py:3229} INFO - Sync 1 DAGs
[2024-09-18T16:52:04.645-0500] {logging_mixin.py:190} INFO - [2024-09-18T16:52:04.645-0500] {dag.py:4156} INFO - Setting next_dagrun for example_task_group_decorator to None, run_after=None
[2024-09-18T16:52:04.655-0500] {processor.py:208} INFO - Processing /Users/binhpham/Library/Python/3.9/lib/python/site-packages/airflow/example_dags/example_task_group_decorator.py took 0.102 seconds
[2024-09-18T16:54:02.949-0500] {processor.py:186} INFO - Started process (PID=12270) to work on /Users/binhpham/Library/Python/3.9/lib/python/site-packages/airflow/example_dags/example_task_group_decorator.py
[2024-09-18T16:54:02.952-0500] {processor.py:914} INFO - Processing file /Users/binhpham/Library/Python/3.9/lib/python/site-packages/airflow/example_dags/example_task_group_decorator.py for tasks to queue
[2024-09-18T16:54:02.953-0500] {logging_mixin.py:190} INFO - [2024-09-18T16:54:02.952-0500] {dagbag.py:587} INFO - Filling up the DagBag from /Users/binhpham/Library/Python/3.9/lib/python/site-packages/airflow/example_dags/example_task_group_decorator.py
[2024-09-18T16:54:02.975-0500] {processor.py:925} INFO - DAG(s) 'example_task_group_decorator' retrieved from /Users/binhpham/Library/Python/3.9/lib/python/site-packages/airflow/example_dags/example_task_group_decorator.py
[2024-09-18T16:54:03.033-0500] {logging_mixin.py:190} INFO - [2024-09-18T16:54:03.033-0500] {dag.py:3229} INFO - Sync 1 DAGs
[2024-09-18T16:54:03.039-0500] {logging_mixin.py:190} INFO - [2024-09-18T16:54:03.038-0500] {dag.py:4156} INFO - Setting next_dagrun for example_task_group_decorator to None, run_after=None
[2024-09-18T16:54:03.049-0500] {processor.py:208} INFO - Processing /Users/binhpham/Library/Python/3.9/lib/python/site-packages/airflow/example_dags/example_task_group_decorator.py took 0.101 seconds
[2024-09-18T16:57:05.347-0500] {processor.py:186} INFO - Started process (PID=12885) to work on /Users/binhpham/Library/Python/3.9/lib/python/site-packages/airflow/example_dags/example_task_group_decorator.py
[2024-09-18T16:57:05.349-0500] {processor.py:914} INFO - Processing file /Users/binhpham/Library/Python/3.9/lib/python/site-packages/airflow/example_dags/example_task_group_decorator.py for tasks to queue
[2024-09-18T16:57:05.350-0500] {logging_mixin.py:190} INFO - [2024-09-18T16:57:05.350-0500] {dagbag.py:587} INFO - Filling up the DagBag from /Users/binhpham/Library/Python/3.9/lib/python/site-packages/airflow/example_dags/example_task_group_decorator.py
[2024-09-18T16:57:05.374-0500] {processor.py:925} INFO - DAG(s) 'example_task_group_decorator' retrieved from /Users/binhpham/Library/Python/3.9/lib/python/site-packages/airflow/example_dags/example_task_group_decorator.py
[2024-09-18T16:57:05.434-0500] {logging_mixin.py:190} INFO - [2024-09-18T16:57:05.434-0500] {dag.py:3229} INFO - Sync 1 DAGs
[2024-09-18T16:57:05.441-0500] {logging_mixin.py:190} INFO - [2024-09-18T16:57:05.440-0500] {dag.py:4156} INFO - Setting next_dagrun for example_task_group_decorator to None, run_after=None
[2024-09-18T16:57:05.451-0500] {processor.py:208} INFO - Processing /Users/binhpham/Library/Python/3.9/lib/python/site-packages/airflow/example_dags/example_task_group_decorator.py took 0.106 seconds
[2024-09-18T16:59:06.566-0500] {processor.py:186} INFO - Started process (PID=13289) to work on /Users/binhpham/Library/Python/3.9/lib/python/site-packages/airflow/example_dags/example_task_group_decorator.py
[2024-09-18T16:59:06.568-0500] {processor.py:914} INFO - Processing file /Users/binhpham/Library/Python/3.9/lib/python/site-packages/airflow/example_dags/example_task_group_decorator.py for tasks to queue
[2024-09-18T16:59:06.569-0500] {logging_mixin.py:190} INFO - [2024-09-18T16:59:06.569-0500] {dagbag.py:587} INFO - Filling up the DagBag from /Users/binhpham/Library/Python/3.9/lib/python/site-packages/airflow/example_dags/example_task_group_decorator.py
[2024-09-18T16:59:06.591-0500] {processor.py:925} INFO - DAG(s) 'example_task_group_decorator' retrieved from /Users/binhpham/Library/Python/3.9/lib/python/site-packages/airflow/example_dags/example_task_group_decorator.py
[2024-09-18T16:59:06.649-0500] {logging_mixin.py:190} INFO - [2024-09-18T16:59:06.649-0500] {dag.py:3229} INFO - Sync 1 DAGs
[2024-09-18T16:59:06.655-0500] {logging_mixin.py:190} INFO - [2024-09-18T16:59:06.655-0500] {dag.py:4156} INFO - Setting next_dagrun for example_task_group_decorator to None, run_after=None
[2024-09-18T16:59:06.664-0500] {processor.py:208} INFO - Processing /Users/binhpham/Library/Python/3.9/lib/python/site-packages/airflow/example_dags/example_task_group_decorator.py took 0.099 seconds
[2024-09-18T17:00:36.843-0500] {processor.py:186} INFO - Started process (PID=13582) to work on /Users/binhpham/Library/Python/3.9/lib/python/site-packages/airflow/example_dags/example_task_group_decorator.py
[2024-09-18T17:00:36.845-0500] {processor.py:914} INFO - Processing file /Users/binhpham/Library/Python/3.9/lib/python/site-packages/airflow/example_dags/example_task_group_decorator.py for tasks to queue
[2024-09-18T17:00:36.845-0500] {logging_mixin.py:190} INFO - [2024-09-18T17:00:36.845-0500] {dagbag.py:587} INFO - Filling up the DagBag from /Users/binhpham/Library/Python/3.9/lib/python/site-packages/airflow/example_dags/example_task_group_decorator.py
[2024-09-18T17:00:36.867-0500] {processor.py:925} INFO - DAG(s) 'example_task_group_decorator' retrieved from /Users/binhpham/Library/Python/3.9/lib/python/site-packages/airflow/example_dags/example_task_group_decorator.py
[2024-09-18T17:00:36.924-0500] {logging_mixin.py:190} INFO - [2024-09-18T17:00:36.924-0500] {dag.py:3229} INFO - Sync 1 DAGs
[2024-09-18T17:00:36.930-0500] {logging_mixin.py:190} INFO - [2024-09-18T17:00:36.930-0500] {dag.py:4156} INFO - Setting next_dagrun for example_task_group_decorator to None, run_after=None
[2024-09-18T17:00:36.939-0500] {processor.py:208} INFO - Processing /Users/binhpham/Library/Python/3.9/lib/python/site-packages/airflow/example_dags/example_task_group_decorator.py took 0.097 seconds
[2024-09-18T17:02:03.170-0500] {processor.py:186} INFO - Started process (PID=13882) to work on /Users/binhpham/Library/Python/3.9/lib/python/site-packages/airflow/example_dags/example_task_group_decorator.py
[2024-09-18T17:02:03.172-0500] {processor.py:914} INFO - Processing file /Users/binhpham/Library/Python/3.9/lib/python/site-packages/airflow/example_dags/example_task_group_decorator.py for tasks to queue
[2024-09-18T17:02:03.172-0500] {logging_mixin.py:190} INFO - [2024-09-18T17:02:03.172-0500] {dagbag.py:587} INFO - Filling up the DagBag from /Users/binhpham/Library/Python/3.9/lib/python/site-packages/airflow/example_dags/example_task_group_decorator.py
[2024-09-18T17:02:03.196-0500] {processor.py:925} INFO - DAG(s) 'example_task_group_decorator' retrieved from /Users/binhpham/Library/Python/3.9/lib/python/site-packages/airflow/example_dags/example_task_group_decorator.py
[2024-09-18T17:02:03.255-0500] {logging_mixin.py:190} INFO - [2024-09-18T17:02:03.255-0500] {dag.py:3229} INFO - Sync 1 DAGs
[2024-09-18T17:02:03.260-0500] {logging_mixin.py:190} INFO - [2024-09-18T17:02:03.260-0500] {dag.py:4156} INFO - Setting next_dagrun for example_task_group_decorator to None, run_after=None
[2024-09-18T17:02:03.270-0500] {processor.py:208} INFO - Processing /Users/binhpham/Library/Python/3.9/lib/python/site-packages/airflow/example_dags/example_task_group_decorator.py took 0.102 seconds
[2024-09-18T17:03:29.363-0500] {processor.py:186} INFO - Started process (PID=14163) to work on /Users/binhpham/Library/Python/3.9/lib/python/site-packages/airflow/example_dags/example_task_group_decorator.py
[2024-09-18T17:03:29.364-0500] {processor.py:914} INFO - Processing file /Users/binhpham/Library/Python/3.9/lib/python/site-packages/airflow/example_dags/example_task_group_decorator.py for tasks to queue
[2024-09-18T17:03:29.365-0500] {logging_mixin.py:190} INFO - [2024-09-18T17:03:29.365-0500] {dagbag.py:587} INFO - Filling up the DagBag from /Users/binhpham/Library/Python/3.9/lib/python/site-packages/airflow/example_dags/example_task_group_decorator.py
[2024-09-18T17:03:29.387-0500] {processor.py:925} INFO - DAG(s) 'example_task_group_decorator' retrieved from /Users/binhpham/Library/Python/3.9/lib/python/site-packages/airflow/example_dags/example_task_group_decorator.py
[2024-09-18T17:03:29.445-0500] {logging_mixin.py:190} INFO - [2024-09-18T17:03:29.445-0500] {dag.py:3229} INFO - Sync 1 DAGs
[2024-09-18T17:03:29.451-0500] {logging_mixin.py:190} INFO - [2024-09-18T17:03:29.451-0500] {dag.py:4156} INFO - Setting next_dagrun for example_task_group_decorator to None, run_after=None
[2024-09-18T17:03:29.460-0500] {processor.py:208} INFO - Processing /Users/binhpham/Library/Python/3.9/lib/python/site-packages/airflow/example_dags/example_task_group_decorator.py took 0.099 seconds
[2024-09-18T17:06:22.200-0500] {processor.py:186} INFO - Started process (PID=14783) to work on /Users/binhpham/Library/Python/3.9/lib/python/site-packages/airflow/example_dags/example_task_group_decorator.py
[2024-09-18T17:06:22.201-0500] {processor.py:914} INFO - Processing file /Users/binhpham/Library/Python/3.9/lib/python/site-packages/airflow/example_dags/example_task_group_decorator.py for tasks to queue
[2024-09-18T17:06:22.202-0500] {logging_mixin.py:190} INFO - [2024-09-18T17:06:22.202-0500] {dagbag.py:587} INFO - Filling up the DagBag from /Users/binhpham/Library/Python/3.9/lib/python/site-packages/airflow/example_dags/example_task_group_decorator.py
[2024-09-18T17:06:22.225-0500] {processor.py:925} INFO - DAG(s) 'example_task_group_decorator' retrieved from /Users/binhpham/Library/Python/3.9/lib/python/site-packages/airflow/example_dags/example_task_group_decorator.py
[2024-09-18T17:06:22.335-0500] {logging_mixin.py:190} INFO - [2024-09-18T17:06:22.335-0500] {dag.py:3229} INFO - Sync 1 DAGs
[2024-09-18T17:06:22.342-0500] {logging_mixin.py:190} INFO - [2024-09-18T17:06:22.342-0500] {dag.py:4156} INFO - Setting next_dagrun for example_task_group_decorator to None, run_after=None
[2024-09-18T17:06:22.389-0500] {processor.py:208} INFO - Processing /Users/binhpham/Library/Python/3.9/lib/python/site-packages/airflow/example_dags/example_task_group_decorator.py took 0.191 seconds
[2024-09-18T17:07:45.467-0500] {processor.py:186} INFO - Started process (PID=15103) to work on /Users/binhpham/Library/Python/3.9/lib/python/site-packages/airflow/example_dags/example_task_group_decorator.py
[2024-09-18T17:07:45.469-0500] {processor.py:914} INFO - Processing file /Users/binhpham/Library/Python/3.9/lib/python/site-packages/airflow/example_dags/example_task_group_decorator.py for tasks to queue
[2024-09-18T17:07:45.469-0500] {logging_mixin.py:190} INFO - [2024-09-18T17:07:45.469-0500] {dagbag.py:587} INFO - Filling up the DagBag from /Users/binhpham/Library/Python/3.9/lib/python/site-packages/airflow/example_dags/example_task_group_decorator.py
[2024-09-18T17:07:45.493-0500] {processor.py:925} INFO - DAG(s) 'example_task_group_decorator' retrieved from /Users/binhpham/Library/Python/3.9/lib/python/site-packages/airflow/example_dags/example_task_group_decorator.py
[2024-09-18T17:07:45.555-0500] {logging_mixin.py:190} INFO - [2024-09-18T17:07:45.555-0500] {dag.py:3229} INFO - Sync 1 DAGs
[2024-09-18T17:07:45.561-0500] {logging_mixin.py:190} INFO - [2024-09-18T17:07:45.561-0500] {dag.py:4156} INFO - Setting next_dagrun for example_task_group_decorator to None, run_after=None
[2024-09-18T17:07:45.572-0500] {processor.py:208} INFO - Processing /Users/binhpham/Library/Python/3.9/lib/python/site-packages/airflow/example_dags/example_task_group_decorator.py took 0.107 seconds
[2024-09-18T17:09:15.027-0500] {processor.py:186} INFO - Started process (PID=15413) to work on /Users/binhpham/Library/Python/3.9/lib/python/site-packages/airflow/example_dags/example_task_group_decorator.py
[2024-09-18T17:09:15.029-0500] {processor.py:914} INFO - Processing file /Users/binhpham/Library/Python/3.9/lib/python/site-packages/airflow/example_dags/example_task_group_decorator.py for tasks to queue
[2024-09-18T17:09:15.030-0500] {logging_mixin.py:190} INFO - [2024-09-18T17:09:15.030-0500] {dagbag.py:587} INFO - Filling up the DagBag from /Users/binhpham/Library/Python/3.9/lib/python/site-packages/airflow/example_dags/example_task_group_decorator.py
[2024-09-18T17:09:15.053-0500] {processor.py:925} INFO - DAG(s) 'example_task_group_decorator' retrieved from /Users/binhpham/Library/Python/3.9/lib/python/site-packages/airflow/example_dags/example_task_group_decorator.py
[2024-09-18T17:09:15.113-0500] {logging_mixin.py:190} INFO - [2024-09-18T17:09:15.112-0500] {dag.py:3229} INFO - Sync 1 DAGs
[2024-09-18T17:09:15.119-0500] {logging_mixin.py:190} INFO - [2024-09-18T17:09:15.118-0500] {dag.py:4156} INFO - Setting next_dagrun for example_task_group_decorator to None, run_after=None
[2024-09-18T17:09:15.131-0500] {processor.py:208} INFO - Processing /Users/binhpham/Library/Python/3.9/lib/python/site-packages/airflow/example_dags/example_task_group_decorator.py took 0.105 seconds
[2024-09-18T17:10:43.183-0500] {processor.py:186} INFO - Started process (PID=15716) to work on /Users/binhpham/Library/Python/3.9/lib/python/site-packages/airflow/example_dags/example_task_group_decorator.py
[2024-09-18T17:10:43.184-0500] {processor.py:914} INFO - Processing file /Users/binhpham/Library/Python/3.9/lib/python/site-packages/airflow/example_dags/example_task_group_decorator.py for tasks to queue
[2024-09-18T17:10:43.185-0500] {logging_mixin.py:190} INFO - [2024-09-18T17:10:43.185-0500] {dagbag.py:587} INFO - Filling up the DagBag from /Users/binhpham/Library/Python/3.9/lib/python/site-packages/airflow/example_dags/example_task_group_decorator.py
[2024-09-18T17:10:43.209-0500] {processor.py:925} INFO - DAG(s) 'example_task_group_decorator' retrieved from /Users/binhpham/Library/Python/3.9/lib/python/site-packages/airflow/example_dags/example_task_group_decorator.py
[2024-09-18T17:10:43.266-0500] {logging_mixin.py:190} INFO - [2024-09-18T17:10:43.265-0500] {dag.py:3229} INFO - Sync 1 DAGs
[2024-09-18T17:10:43.271-0500] {logging_mixin.py:190} INFO - [2024-09-18T17:10:43.271-0500] {dag.py:4156} INFO - Setting next_dagrun for example_task_group_decorator to None, run_after=None
[2024-09-18T17:10:43.280-0500] {processor.py:208} INFO - Processing /Users/binhpham/Library/Python/3.9/lib/python/site-packages/airflow/example_dags/example_task_group_decorator.py took 0.099 seconds
[2024-09-18T17:12:11.651-0500] {processor.py:186} INFO - Started process (PID=16040) to work on /Users/binhpham/Library/Python/3.9/lib/python/site-packages/airflow/example_dags/example_task_group_decorator.py
[2024-09-18T17:12:11.653-0500] {processor.py:914} INFO - Processing file /Users/binhpham/Library/Python/3.9/lib/python/site-packages/airflow/example_dags/example_task_group_decorator.py for tasks to queue
[2024-09-18T17:12:11.653-0500] {logging_mixin.py:190} INFO - [2024-09-18T17:12:11.653-0500] {dagbag.py:587} INFO - Filling up the DagBag from /Users/binhpham/Library/Python/3.9/lib/python/site-packages/airflow/example_dags/example_task_group_decorator.py
[2024-09-18T17:12:11.676-0500] {processor.py:925} INFO - DAG(s) 'example_task_group_decorator' retrieved from /Users/binhpham/Library/Python/3.9/lib/python/site-packages/airflow/example_dags/example_task_group_decorator.py
[2024-09-18T17:12:11.733-0500] {logging_mixin.py:190} INFO - [2024-09-18T17:12:11.733-0500] {dag.py:3229} INFO - Sync 1 DAGs
[2024-09-18T17:12:11.739-0500] {logging_mixin.py:190} INFO - [2024-09-18T17:12:11.739-0500] {dag.py:4156} INFO - Setting next_dagrun for example_task_group_decorator to None, run_after=None
[2024-09-18T17:12:11.748-0500] {processor.py:208} INFO - Processing /Users/binhpham/Library/Python/3.9/lib/python/site-packages/airflow/example_dags/example_task_group_decorator.py took 0.099 seconds
[2024-09-18T17:13:40.174-0500] {processor.py:186} INFO - Started process (PID=16366) to work on /Users/binhpham/Library/Python/3.9/lib/python/site-packages/airflow/example_dags/example_task_group_decorator.py
[2024-09-18T17:13:40.175-0500] {processor.py:914} INFO - Processing file /Users/binhpham/Library/Python/3.9/lib/python/site-packages/airflow/example_dags/example_task_group_decorator.py for tasks to queue
[2024-09-18T17:13:40.176-0500] {logging_mixin.py:190} INFO - [2024-09-18T17:13:40.176-0500] {dagbag.py:587} INFO - Filling up the DagBag from /Users/binhpham/Library/Python/3.9/lib/python/site-packages/airflow/example_dags/example_task_group_decorator.py
[2024-09-18T17:13:40.198-0500] {processor.py:925} INFO - DAG(s) 'example_task_group_decorator' retrieved from /Users/binhpham/Library/Python/3.9/lib/python/site-packages/airflow/example_dags/example_task_group_decorator.py
[2024-09-18T17:13:40.254-0500] {logging_mixin.py:190} INFO - [2024-09-18T17:13:40.254-0500] {dag.py:3229} INFO - Sync 1 DAGs
[2024-09-18T17:13:40.259-0500] {logging_mixin.py:190} INFO - [2024-09-18T17:13:40.259-0500] {dag.py:4156} INFO - Setting next_dagrun for example_task_group_decorator to None, run_after=None
[2024-09-18T17:13:40.269-0500] {processor.py:208} INFO - Processing /Users/binhpham/Library/Python/3.9/lib/python/site-packages/airflow/example_dags/example_task_group_decorator.py took 0.097 seconds
[2024-09-18T17:15:30.113-0500] {processor.py:186} INFO - Started process (PID=16848) to work on /Users/binhpham/Library/Python/3.9/lib/python/site-packages/airflow/example_dags/example_task_group_decorator.py
[2024-09-18T17:15:30.116-0500] {processor.py:914} INFO - Processing file /Users/binhpham/Library/Python/3.9/lib/python/site-packages/airflow/example_dags/example_task_group_decorator.py for tasks to queue
[2024-09-18T17:15:30.117-0500] {logging_mixin.py:190} INFO - [2024-09-18T17:15:30.117-0500] {dagbag.py:587} INFO - Filling up the DagBag from /Users/binhpham/Library/Python/3.9/lib/python/site-packages/airflow/example_dags/example_task_group_decorator.py
[2024-09-18T17:15:30.139-0500] {processor.py:925} INFO - DAG(s) 'example_task_group_decorator' retrieved from /Users/binhpham/Library/Python/3.9/lib/python/site-packages/airflow/example_dags/example_task_group_decorator.py
[2024-09-18T17:15:30.197-0500] {logging_mixin.py:190} INFO - [2024-09-18T17:15:30.197-0500] {dag.py:3229} INFO - Sync 1 DAGs
[2024-09-18T17:15:30.202-0500] {logging_mixin.py:190} INFO - [2024-09-18T17:15:30.202-0500] {dag.py:4156} INFO - Setting next_dagrun for example_task_group_decorator to None, run_after=None
[2024-09-18T17:15:30.213-0500] {processor.py:208} INFO - Processing /Users/binhpham/Library/Python/3.9/lib/python/site-packages/airflow/example_dags/example_task_group_decorator.py took 0.101 seconds
[2024-09-18T17:17:30.259-0500] {processor.py:186} INFO - Started process (PID=17327) to work on /Users/binhpham/Library/Python/3.9/lib/python/site-packages/airflow/example_dags/example_task_group_decorator.py
[2024-09-18T17:17:30.262-0500] {processor.py:914} INFO - Processing file /Users/binhpham/Library/Python/3.9/lib/python/site-packages/airflow/example_dags/example_task_group_decorator.py for tasks to queue
[2024-09-18T17:17:30.262-0500] {logging_mixin.py:190} INFO - [2024-09-18T17:17:30.262-0500] {dagbag.py:587} INFO - Filling up the DagBag from /Users/binhpham/Library/Python/3.9/lib/python/site-packages/airflow/example_dags/example_task_group_decorator.py
[2024-09-18T17:17:30.284-0500] {processor.py:925} INFO - DAG(s) 'example_task_group_decorator' retrieved from /Users/binhpham/Library/Python/3.9/lib/python/site-packages/airflow/example_dags/example_task_group_decorator.py
[2024-09-18T17:17:30.341-0500] {logging_mixin.py:190} INFO - [2024-09-18T17:17:30.341-0500] {dag.py:3229} INFO - Sync 1 DAGs
[2024-09-18T17:17:30.346-0500] {logging_mixin.py:190} INFO - [2024-09-18T17:17:30.346-0500] {dag.py:4156} INFO - Setting next_dagrun for example_task_group_decorator to None, run_after=None
[2024-09-18T17:17:30.355-0500] {processor.py:208} INFO - Processing /Users/binhpham/Library/Python/3.9/lib/python/site-packages/airflow/example_dags/example_task_group_decorator.py took 0.097 seconds
[2024-09-18T17:18:59.730-0500] {processor.py:186} INFO - Started process (PID=18201) to work on /Users/binhpham/Library/Python/3.9/lib/python/site-packages/airflow/example_dags/example_task_group_decorator.py
[2024-09-18T17:18:59.733-0500] {processor.py:914} INFO - Processing file /Users/binhpham/Library/Python/3.9/lib/python/site-packages/airflow/example_dags/example_task_group_decorator.py for tasks to queue
[2024-09-18T17:18:59.734-0500] {logging_mixin.py:190} INFO - [2024-09-18T17:18:59.734-0500] {dagbag.py:587} INFO - Filling up the DagBag from /Users/binhpham/Library/Python/3.9/lib/python/site-packages/airflow/example_dags/example_task_group_decorator.py
[2024-09-18T17:18:59.758-0500] {processor.py:925} INFO - DAG(s) 'example_task_group_decorator' retrieved from /Users/binhpham/Library/Python/3.9/lib/python/site-packages/airflow/example_dags/example_task_group_decorator.py
[2024-09-18T17:18:59.817-0500] {logging_mixin.py:190} INFO - [2024-09-18T17:18:59.817-0500] {dag.py:3229} INFO - Sync 1 DAGs
[2024-09-18T17:18:59.823-0500] {logging_mixin.py:190} INFO - [2024-09-18T17:18:59.822-0500] {dag.py:4156} INFO - Setting next_dagrun for example_task_group_decorator to None, run_after=None
[2024-09-18T17:18:59.832-0500] {processor.py:208} INFO - Processing /Users/binhpham/Library/Python/3.9/lib/python/site-packages/airflow/example_dags/example_task_group_decorator.py took 0.103 seconds
[2024-09-18T17:20:30.678-0500] {processor.py:186} INFO - Started process (PID=18574) to work on /Users/binhpham/Library/Python/3.9/lib/python/site-packages/airflow/example_dags/example_task_group_decorator.py
[2024-09-18T17:20:30.681-0500] {processor.py:914} INFO - Processing file /Users/binhpham/Library/Python/3.9/lib/python/site-packages/airflow/example_dags/example_task_group_decorator.py for tasks to queue
[2024-09-18T17:20:30.681-0500] {logging_mixin.py:190} INFO - [2024-09-18T17:20:30.681-0500] {dagbag.py:587} INFO - Filling up the DagBag from /Users/binhpham/Library/Python/3.9/lib/python/site-packages/airflow/example_dags/example_task_group_decorator.py
[2024-09-18T17:20:30.704-0500] {processor.py:925} INFO - DAG(s) 'example_task_group_decorator' retrieved from /Users/binhpham/Library/Python/3.9/lib/python/site-packages/airflow/example_dags/example_task_group_decorator.py
[2024-09-18T17:20:30.761-0500] {logging_mixin.py:190} INFO - [2024-09-18T17:20:30.761-0500] {dag.py:3229} INFO - Sync 1 DAGs
[2024-09-18T17:20:30.766-0500] {logging_mixin.py:190} INFO - [2024-09-18T17:20:30.766-0500] {dag.py:4156} INFO - Setting next_dagrun for example_task_group_decorator to None, run_after=None
[2024-09-18T17:20:30.775-0500] {processor.py:208} INFO - Processing /Users/binhpham/Library/Python/3.9/lib/python/site-packages/airflow/example_dags/example_task_group_decorator.py took 0.099 seconds
[2024-09-18T17:22:32.883-0500] {processor.py:186} INFO - Started process (PID=19543) to work on /Users/binhpham/Projects/dbt_project/venv/lib/python3.9/site-packages/airflow/example_dags/example_task_group_decorator.py
[2024-09-18T17:22:32.885-0500] {processor.py:914} INFO - Processing file /Users/binhpham/Projects/dbt_project/venv/lib/python3.9/site-packages/airflow/example_dags/example_task_group_decorator.py for tasks to queue
[2024-09-18T17:22:32.886-0500] {logging_mixin.py:190} INFO - [2024-09-18T17:22:32.886-0500] {dagbag.py:587} INFO - Filling up the DagBag from /Users/binhpham/Projects/dbt_project/venv/lib/python3.9/site-packages/airflow/example_dags/example_task_group_decorator.py
[2024-09-18T17:22:32.909-0500] {processor.py:925} INFO - DAG(s) 'example_task_group_decorator' retrieved from /Users/binhpham/Projects/dbt_project/venv/lib/python3.9/site-packages/airflow/example_dags/example_task_group_decorator.py
[2024-09-18T17:22:33.017-0500] {logging_mixin.py:190} INFO - [2024-09-18T17:22:33.017-0500] {dag.py:3229} INFO - Sync 1 DAGs
[2024-09-18T17:22:33.023-0500] {logging_mixin.py:190} INFO - [2024-09-18T17:22:33.023-0500] {dag.py:4156} INFO - Setting next_dagrun for example_task_group_decorator to None, run_after=None
[2024-09-18T17:22:33.034-0500] {processor.py:208} INFO - Processing /Users/binhpham/Projects/dbt_project/venv/lib/python3.9/site-packages/airflow/example_dags/example_task_group_decorator.py took 0.153 seconds
[2024-09-18T17:24:29.045-0500] {processor.py:186} INFO - Started process (PID=19982) to work on /Users/binhpham/Projects/dbt_project/venv/lib/python3.9/site-packages/airflow/example_dags/example_task_group_decorator.py
[2024-09-18T17:24:29.047-0500] {processor.py:914} INFO - Processing file /Users/binhpham/Projects/dbt_project/venv/lib/python3.9/site-packages/airflow/example_dags/example_task_group_decorator.py for tasks to queue
[2024-09-18T17:24:29.048-0500] {logging_mixin.py:190} INFO - [2024-09-18T17:24:29.048-0500] {dagbag.py:587} INFO - Filling up the DagBag from /Users/binhpham/Projects/dbt_project/venv/lib/python3.9/site-packages/airflow/example_dags/example_task_group_decorator.py
[2024-09-18T17:24:29.072-0500] {processor.py:925} INFO - DAG(s) 'example_task_group_decorator' retrieved from /Users/binhpham/Projects/dbt_project/venv/lib/python3.9/site-packages/airflow/example_dags/example_task_group_decorator.py
[2024-09-18T17:24:29.132-0500] {logging_mixin.py:190} INFO - [2024-09-18T17:24:29.132-0500] {dag.py:3229} INFO - Sync 1 DAGs
[2024-09-18T17:24:29.138-0500] {logging_mixin.py:190} INFO - [2024-09-18T17:24:29.138-0500] {dag.py:4156} INFO - Setting next_dagrun for example_task_group_decorator to None, run_after=None
[2024-09-18T17:24:29.148-0500] {processor.py:208} INFO - Processing /Users/binhpham/Projects/dbt_project/venv/lib/python3.9/site-packages/airflow/example_dags/example_task_group_decorator.py took 0.105 seconds
[2024-09-18T17:26:34.203-0500] {processor.py:186} INFO - Started process (PID=20449) to work on /Users/binhpham/Projects/dbt_project/venv/lib/python3.9/site-packages/airflow/example_dags/example_task_group_decorator.py
[2024-09-18T17:26:34.206-0500] {processor.py:914} INFO - Processing file /Users/binhpham/Projects/dbt_project/venv/lib/python3.9/site-packages/airflow/example_dags/example_task_group_decorator.py for tasks to queue
[2024-09-18T17:26:34.206-0500] {logging_mixin.py:190} INFO - [2024-09-18T17:26:34.206-0500] {dagbag.py:587} INFO - Filling up the DagBag from /Users/binhpham/Projects/dbt_project/venv/lib/python3.9/site-packages/airflow/example_dags/example_task_group_decorator.py
[2024-09-18T17:26:34.228-0500] {processor.py:925} INFO - DAG(s) 'example_task_group_decorator' retrieved from /Users/binhpham/Projects/dbt_project/venv/lib/python3.9/site-packages/airflow/example_dags/example_task_group_decorator.py
[2024-09-18T17:26:34.289-0500] {logging_mixin.py:190} INFO - [2024-09-18T17:26:34.289-0500] {dag.py:3229} INFO - Sync 1 DAGs
[2024-09-18T17:26:34.295-0500] {logging_mixin.py:190} INFO - [2024-09-18T17:26:34.294-0500] {dag.py:4156} INFO - Setting next_dagrun for example_task_group_decorator to None, run_after=None
[2024-09-18T17:26:34.305-0500] {processor.py:208} INFO - Processing /Users/binhpham/Projects/dbt_project/venv/lib/python3.9/site-packages/airflow/example_dags/example_task_group_decorator.py took 0.103 seconds
[2024-09-18T17:28:59.462-0500] {processor.py:186} INFO - Started process (PID=21106) to work on /Users/binhpham/Projects/dbt_project/venv/lib/python3.9/site-packages/airflow/example_dags/example_task_group_decorator.py
[2024-09-18T17:28:59.465-0500] {processor.py:914} INFO - Processing file /Users/binhpham/Projects/dbt_project/venv/lib/python3.9/site-packages/airflow/example_dags/example_task_group_decorator.py for tasks to queue
[2024-09-18T17:28:59.465-0500] {logging_mixin.py:190} INFO - [2024-09-18T17:28:59.465-0500] {dagbag.py:587} INFO - Filling up the DagBag from /Users/binhpham/Projects/dbt_project/venv/lib/python3.9/site-packages/airflow/example_dags/example_task_group_decorator.py
[2024-09-18T17:28:59.491-0500] {processor.py:925} INFO - DAG(s) 'example_task_group_decorator' retrieved from /Users/binhpham/Projects/dbt_project/venv/lib/python3.9/site-packages/airflow/example_dags/example_task_group_decorator.py
[2024-09-18T17:28:59.550-0500] {logging_mixin.py:190} INFO - [2024-09-18T17:28:59.550-0500] {dag.py:3229} INFO - Sync 1 DAGs
[2024-09-18T17:28:59.555-0500] {logging_mixin.py:190} INFO - [2024-09-18T17:28:59.555-0500] {dag.py:4156} INFO - Setting next_dagrun for example_task_group_decorator to None, run_after=None
[2024-09-18T17:28:59.565-0500] {processor.py:208} INFO - Processing /Users/binhpham/Projects/dbt_project/venv/lib/python3.9/site-packages/airflow/example_dags/example_task_group_decorator.py took 0.105 seconds
[2024-09-18T17:30:57.471-0500] {processor.py:186} INFO - Started process (PID=22214) to work on /Users/binhpham/Projects/dbt_project/venv/lib/python3.9/site-packages/airflow/example_dags/example_task_group_decorator.py
[2024-09-18T17:30:57.472-0500] {processor.py:914} INFO - Processing file /Users/binhpham/Projects/dbt_project/venv/lib/python3.9/site-packages/airflow/example_dags/example_task_group_decorator.py for tasks to queue
[2024-09-18T17:30:57.473-0500] {logging_mixin.py:190} INFO - [2024-09-18T17:30:57.473-0500] {dagbag.py:587} INFO - Filling up the DagBag from /Users/binhpham/Projects/dbt_project/venv/lib/python3.9/site-packages/airflow/example_dags/example_task_group_decorator.py
[2024-09-18T17:30:57.496-0500] {processor.py:925} INFO - DAG(s) 'example_task_group_decorator' retrieved from /Users/binhpham/Projects/dbt_project/venv/lib/python3.9/site-packages/airflow/example_dags/example_task_group_decorator.py
[2024-09-18T17:30:57.553-0500] {logging_mixin.py:190} INFO - [2024-09-18T17:30:57.553-0500] {dag.py:3229} INFO - Sync 1 DAGs
[2024-09-18T17:30:57.558-0500] {logging_mixin.py:190} INFO - [2024-09-18T17:30:57.558-0500] {dag.py:4156} INFO - Setting next_dagrun for example_task_group_decorator to None, run_after=None
[2024-09-18T17:30:57.567-0500] {processor.py:208} INFO - Processing /Users/binhpham/Projects/dbt_project/venv/lib/python3.9/site-packages/airflow/example_dags/example_task_group_decorator.py took 0.098 seconds
[2024-09-18T17:32:20.468-0500] {processor.py:186} INFO - Started process (PID=22756) to work on /Users/binhpham/Projects/dbt_project/venv/lib/python3.9/site-packages/airflow/example_dags/example_task_group_decorator.py
[2024-09-18T17:32:20.471-0500] {processor.py:914} INFO - Processing file /Users/binhpham/Projects/dbt_project/venv/lib/python3.9/site-packages/airflow/example_dags/example_task_group_decorator.py for tasks to queue
[2024-09-18T17:32:20.471-0500] {logging_mixin.py:190} INFO - [2024-09-18T17:32:20.471-0500] {dagbag.py:587} INFO - Filling up the DagBag from /Users/binhpham/Projects/dbt_project/venv/lib/python3.9/site-packages/airflow/example_dags/example_task_group_decorator.py
[2024-09-18T17:32:20.494-0500] {processor.py:925} INFO - DAG(s) 'example_task_group_decorator' retrieved from /Users/binhpham/Projects/dbt_project/venv/lib/python3.9/site-packages/airflow/example_dags/example_task_group_decorator.py
[2024-09-18T17:32:20.556-0500] {logging_mixin.py:190} INFO - [2024-09-18T17:32:20.556-0500] {dag.py:3229} INFO - Sync 1 DAGs
[2024-09-18T17:32:20.562-0500] {logging_mixin.py:190} INFO - [2024-09-18T17:32:20.562-0500] {dag.py:4156} INFO - Setting next_dagrun for example_task_group_decorator to None, run_after=None
[2024-09-18T17:32:20.572-0500] {processor.py:208} INFO - Processing /Users/binhpham/Projects/dbt_project/venv/lib/python3.9/site-packages/airflow/example_dags/example_task_group_decorator.py took 0.106 seconds
[2024-09-18T17:33:49.753-0500] {processor.py:186} INFO - Started process (PID=23087) to work on /Users/binhpham/Projects/dbt_project/venv/lib/python3.9/site-packages/airflow/example_dags/example_task_group_decorator.py
[2024-09-18T17:33:49.755-0500] {processor.py:914} INFO - Processing file /Users/binhpham/Projects/dbt_project/venv/lib/python3.9/site-packages/airflow/example_dags/example_task_group_decorator.py for tasks to queue
[2024-09-18T17:33:49.755-0500] {logging_mixin.py:190} INFO - [2024-09-18T17:33:49.755-0500] {dagbag.py:587} INFO - Filling up the DagBag from /Users/binhpham/Projects/dbt_project/venv/lib/python3.9/site-packages/airflow/example_dags/example_task_group_decorator.py
[2024-09-18T17:33:49.778-0500] {processor.py:925} INFO - DAG(s) 'example_task_group_decorator' retrieved from /Users/binhpham/Projects/dbt_project/venv/lib/python3.9/site-packages/airflow/example_dags/example_task_group_decorator.py
[2024-09-18T17:33:49.833-0500] {logging_mixin.py:190} INFO - [2024-09-18T17:33:49.833-0500] {dag.py:3229} INFO - Sync 1 DAGs
[2024-09-18T17:33:49.839-0500] {logging_mixin.py:190} INFO - [2024-09-18T17:33:49.839-0500] {dag.py:4156} INFO - Setting next_dagrun for example_task_group_decorator to None, run_after=None
[2024-09-18T17:33:49.849-0500] {processor.py:208} INFO - Processing /Users/binhpham/Projects/dbt_project/venv/lib/python3.9/site-packages/airflow/example_dags/example_task_group_decorator.py took 0.098 seconds
[2024-09-18T17:34:48.261-0500] {processor.py:186} INFO - Started process (PID=23305) to work on /Users/binhpham/Projects/dbt_project/venv/lib/python3.9/site-packages/airflow/example_dags/example_task_group_decorator.py
[2024-09-18T17:34:48.263-0500] {processor.py:914} INFO - Processing file /Users/binhpham/Projects/dbt_project/venv/lib/python3.9/site-packages/airflow/example_dags/example_task_group_decorator.py for tasks to queue
[2024-09-18T17:34:48.263-0500] {logging_mixin.py:190} INFO - [2024-09-18T17:34:48.263-0500] {dagbag.py:587} INFO - Filling up the DagBag from /Users/binhpham/Projects/dbt_project/venv/lib/python3.9/site-packages/airflow/example_dags/example_task_group_decorator.py
[2024-09-18T17:34:48.285-0500] {processor.py:925} INFO - DAG(s) 'example_task_group_decorator' retrieved from /Users/binhpham/Projects/dbt_project/venv/lib/python3.9/site-packages/airflow/example_dags/example_task_group_decorator.py
[2024-09-18T17:34:48.342-0500] {logging_mixin.py:190} INFO - [2024-09-18T17:34:48.342-0500] {dag.py:3229} INFO - Sync 1 DAGs
[2024-09-18T17:34:48.347-0500] {logging_mixin.py:190} INFO - [2024-09-18T17:34:48.347-0500] {dag.py:4156} INFO - Setting next_dagrun for example_task_group_decorator to None, run_after=None
[2024-09-18T17:34:48.356-0500] {processor.py:208} INFO - Processing /Users/binhpham/Projects/dbt_project/venv/lib/python3.9/site-packages/airflow/example_dags/example_task_group_decorator.py took 0.097 seconds
[2024-09-18T17:36:45.016-0500] {processor.py:186} INFO - Started process (PID=23922) to work on /Users/binhpham/Projects/dbt_project/venv/lib/python3.9/site-packages/airflow/example_dags/example_task_group_decorator.py
[2024-09-18T17:36:45.018-0500] {processor.py:914} INFO - Processing file /Users/binhpham/Projects/dbt_project/venv/lib/python3.9/site-packages/airflow/example_dags/example_task_group_decorator.py for tasks to queue
[2024-09-18T17:36:45.018-0500] {logging_mixin.py:190} INFO - [2024-09-18T17:36:45.018-0500] {dagbag.py:587} INFO - Filling up the DagBag from /Users/binhpham/Projects/dbt_project/venv/lib/python3.9/site-packages/airflow/example_dags/example_task_group_decorator.py
[2024-09-18T17:36:45.041-0500] {processor.py:925} INFO - DAG(s) 'example_task_group_decorator' retrieved from /Users/binhpham/Projects/dbt_project/venv/lib/python3.9/site-packages/airflow/example_dags/example_task_group_decorator.py
[2024-09-18T17:36:45.098-0500] {logging_mixin.py:190} INFO - [2024-09-18T17:36:45.098-0500] {dag.py:3229} INFO - Sync 1 DAGs
[2024-09-18T17:36:45.103-0500] {logging_mixin.py:190} INFO - [2024-09-18T17:36:45.103-0500] {dag.py:4156} INFO - Setting next_dagrun for example_task_group_decorator to None, run_after=None
[2024-09-18T17:36:45.112-0500] {processor.py:208} INFO - Processing /Users/binhpham/Projects/dbt_project/venv/lib/python3.9/site-packages/airflow/example_dags/example_task_group_decorator.py took 0.098 seconds
[2024-09-18T17:38:08.471-0500] {processor.py:186} INFO - Started process (PID=24186) to work on /Users/binhpham/Projects/dbt_project/venv/lib/python3.9/site-packages/airflow/example_dags/example_task_group_decorator.py
[2024-09-18T17:38:08.473-0500] {processor.py:914} INFO - Processing file /Users/binhpham/Projects/dbt_project/venv/lib/python3.9/site-packages/airflow/example_dags/example_task_group_decorator.py for tasks to queue
[2024-09-18T17:38:08.473-0500] {logging_mixin.py:190} INFO - [2024-09-18T17:38:08.473-0500] {dagbag.py:587} INFO - Filling up the DagBag from /Users/binhpham/Projects/dbt_project/venv/lib/python3.9/site-packages/airflow/example_dags/example_task_group_decorator.py
[2024-09-18T17:38:08.496-0500] {processor.py:925} INFO - DAG(s) 'example_task_group_decorator' retrieved from /Users/binhpham/Projects/dbt_project/venv/lib/python3.9/site-packages/airflow/example_dags/example_task_group_decorator.py
[2024-09-18T17:38:08.553-0500] {logging_mixin.py:190} INFO - [2024-09-18T17:38:08.553-0500] {dag.py:3229} INFO - Sync 1 DAGs
[2024-09-18T17:38:08.558-0500] {logging_mixin.py:190} INFO - [2024-09-18T17:38:08.558-0500] {dag.py:4156} INFO - Setting next_dagrun for example_task_group_decorator to None, run_after=None
[2024-09-18T17:38:08.567-0500] {processor.py:208} INFO - Processing /Users/binhpham/Projects/dbt_project/venv/lib/python3.9/site-packages/airflow/example_dags/example_task_group_decorator.py took 0.098 seconds
[2024-09-18T17:39:31.278-0500] {processor.py:186} INFO - Started process (PID=24453) to work on /Users/binhpham/Projects/dbt_project/venv/lib/python3.9/site-packages/airflow/example_dags/example_task_group_decorator.py
[2024-09-18T17:39:31.281-0500] {processor.py:914} INFO - Processing file /Users/binhpham/Projects/dbt_project/venv/lib/python3.9/site-packages/airflow/example_dags/example_task_group_decorator.py for tasks to queue
[2024-09-18T17:39:31.281-0500] {logging_mixin.py:190} INFO - [2024-09-18T17:39:31.281-0500] {dagbag.py:587} INFO - Filling up the DagBag from /Users/binhpham/Projects/dbt_project/venv/lib/python3.9/site-packages/airflow/example_dags/example_task_group_decorator.py
[2024-09-18T17:39:31.304-0500] {processor.py:925} INFO - DAG(s) 'example_task_group_decorator' retrieved from /Users/binhpham/Projects/dbt_project/venv/lib/python3.9/site-packages/airflow/example_dags/example_task_group_decorator.py
[2024-09-18T17:39:31.363-0500] {logging_mixin.py:190} INFO - [2024-09-18T17:39:31.363-0500] {dag.py:3229} INFO - Sync 1 DAGs
[2024-09-18T17:39:31.370-0500] {logging_mixin.py:190} INFO - [2024-09-18T17:39:31.369-0500] {dag.py:4156} INFO - Setting next_dagrun for example_task_group_decorator to None, run_after=None
[2024-09-18T17:39:31.380-0500] {processor.py:208} INFO - Processing /Users/binhpham/Projects/dbt_project/venv/lib/python3.9/site-packages/airflow/example_dags/example_task_group_decorator.py took 0.104 seconds
[2024-09-18T17:40:57.467-0500] {processor.py:186} INFO - Started process (PID=24717) to work on /Users/binhpham/Projects/dbt_project/venv/lib/python3.9/site-packages/airflow/example_dags/example_task_group_decorator.py
[2024-09-18T17:40:57.470-0500] {processor.py:914} INFO - Processing file /Users/binhpham/Projects/dbt_project/venv/lib/python3.9/site-packages/airflow/example_dags/example_task_group_decorator.py for tasks to queue
[2024-09-18T17:40:57.470-0500] {logging_mixin.py:190} INFO - [2024-09-18T17:40:57.470-0500] {dagbag.py:587} INFO - Filling up the DagBag from /Users/binhpham/Projects/dbt_project/venv/lib/python3.9/site-packages/airflow/example_dags/example_task_group_decorator.py
[2024-09-18T17:40:57.493-0500] {processor.py:925} INFO - DAG(s) 'example_task_group_decorator' retrieved from /Users/binhpham/Projects/dbt_project/venv/lib/python3.9/site-packages/airflow/example_dags/example_task_group_decorator.py
[2024-09-18T17:40:57.550-0500] {logging_mixin.py:190} INFO - [2024-09-18T17:40:57.550-0500] {dag.py:3229} INFO - Sync 1 DAGs
[2024-09-18T17:40:57.555-0500] {logging_mixin.py:190} INFO - [2024-09-18T17:40:57.555-0500] {dag.py:4156} INFO - Setting next_dagrun for example_task_group_decorator to None, run_after=None
[2024-09-18T17:40:57.564-0500] {processor.py:208} INFO - Processing /Users/binhpham/Projects/dbt_project/venv/lib/python3.9/site-packages/airflow/example_dags/example_task_group_decorator.py took 0.099 seconds
[2024-09-18T17:42:22.351-0500] {processor.py:186} INFO - Started process (PID=24989) to work on /Users/binhpham/Projects/dbt_project/venv/lib/python3.9/site-packages/airflow/example_dags/example_task_group_decorator.py
[2024-09-18T17:42:22.353-0500] {processor.py:914} INFO - Processing file /Users/binhpham/Projects/dbt_project/venv/lib/python3.9/site-packages/airflow/example_dags/example_task_group_decorator.py for tasks to queue
[2024-09-18T17:42:22.354-0500] {logging_mixin.py:190} INFO - [2024-09-18T17:42:22.354-0500] {dagbag.py:587} INFO - Filling up the DagBag from /Users/binhpham/Projects/dbt_project/venv/lib/python3.9/site-packages/airflow/example_dags/example_task_group_decorator.py
[2024-09-18T17:42:22.376-0500] {processor.py:925} INFO - DAG(s) 'example_task_group_decorator' retrieved from /Users/binhpham/Projects/dbt_project/venv/lib/python3.9/site-packages/airflow/example_dags/example_task_group_decorator.py
[2024-09-18T17:42:22.435-0500] {logging_mixin.py:190} INFO - [2024-09-18T17:42:22.435-0500] {dag.py:3229} INFO - Sync 1 DAGs
[2024-09-18T17:42:22.441-0500] {logging_mixin.py:190} INFO - [2024-09-18T17:42:22.441-0500] {dag.py:4156} INFO - Setting next_dagrun for example_task_group_decorator to None, run_after=None
[2024-09-18T17:42:22.451-0500] {processor.py:208} INFO - Processing /Users/binhpham/Projects/dbt_project/venv/lib/python3.9/site-packages/airflow/example_dags/example_task_group_decorator.py took 0.102 seconds
[2024-09-18T17:43:48.680-0500] {processor.py:186} INFO - Started process (PID=25281) to work on /Users/binhpham/Projects/dbt_project/venv/lib/python3.9/site-packages/airflow/example_dags/example_task_group_decorator.py
[2024-09-18T17:43:48.683-0500] {processor.py:914} INFO - Processing file /Users/binhpham/Projects/dbt_project/venv/lib/python3.9/site-packages/airflow/example_dags/example_task_group_decorator.py for tasks to queue
[2024-09-18T17:43:48.683-0500] {logging_mixin.py:190} INFO - [2024-09-18T17:43:48.683-0500] {dagbag.py:587} INFO - Filling up the DagBag from /Users/binhpham/Projects/dbt_project/venv/lib/python3.9/site-packages/airflow/example_dags/example_task_group_decorator.py
[2024-09-18T17:43:48.706-0500] {processor.py:925} INFO - DAG(s) 'example_task_group_decorator' retrieved from /Users/binhpham/Projects/dbt_project/venv/lib/python3.9/site-packages/airflow/example_dags/example_task_group_decorator.py
[2024-09-18T17:43:48.763-0500] {logging_mixin.py:190} INFO - [2024-09-18T17:43:48.762-0500] {dag.py:3229} INFO - Sync 1 DAGs
[2024-09-18T17:43:48.768-0500] {logging_mixin.py:190} INFO - [2024-09-18T17:43:48.768-0500] {dag.py:4156} INFO - Setting next_dagrun for example_task_group_decorator to None, run_after=None
[2024-09-18T17:43:48.777-0500] {processor.py:208} INFO - Processing /Users/binhpham/Projects/dbt_project/venv/lib/python3.9/site-packages/airflow/example_dags/example_task_group_decorator.py took 0.099 seconds
[2024-09-18T17:45:13.572-0500] {processor.py:186} INFO - Started process (PID=25598) to work on /Users/binhpham/Projects/dbt_project/venv/lib/python3.9/site-packages/airflow/example_dags/example_task_group_decorator.py
[2024-09-18T17:45:13.574-0500] {processor.py:914} INFO - Processing file /Users/binhpham/Projects/dbt_project/venv/lib/python3.9/site-packages/airflow/example_dags/example_task_group_decorator.py for tasks to queue
[2024-09-18T17:45:13.574-0500] {logging_mixin.py:190} INFO - [2024-09-18T17:45:13.574-0500] {dagbag.py:587} INFO - Filling up the DagBag from /Users/binhpham/Projects/dbt_project/venv/lib/python3.9/site-packages/airflow/example_dags/example_task_group_decorator.py
[2024-09-18T17:45:13.598-0500] {processor.py:925} INFO - DAG(s) 'example_task_group_decorator' retrieved from /Users/binhpham/Projects/dbt_project/venv/lib/python3.9/site-packages/airflow/example_dags/example_task_group_decorator.py
[2024-09-18T17:45:13.659-0500] {logging_mixin.py:190} INFO - [2024-09-18T17:45:13.659-0500] {dag.py:3229} INFO - Sync 1 DAGs
[2024-09-18T17:45:13.665-0500] {logging_mixin.py:190} INFO - [2024-09-18T17:45:13.665-0500] {dag.py:4156} INFO - Setting next_dagrun for example_task_group_decorator to None, run_after=None
[2024-09-18T17:45:13.675-0500] {processor.py:208} INFO - Processing /Users/binhpham/Projects/dbt_project/venv/lib/python3.9/site-packages/airflow/example_dags/example_task_group_decorator.py took 0.104 seconds
