[2024-09-18T16:52:53.877-0500] {processor.py:186} INFO - Started process (PID=11966) to work on /Users/binhpham/Library/Python/3.9/lib/python/site-packages/airflow/example_dags/example_external_task_marker_dag.py
[2024-09-18T16:52:53.878-0500] {processor.py:914} INFO - Processing file /Users/binhpham/Library/Python/3.9/lib/python/site-packages/airflow/example_dags/example_external_task_marker_dag.py for tasks to queue
[2024-09-18T16:52:53.879-0500] {logging_mixin.py:190} INFO - [2024-09-18T16:52:53.879-0500] {dagbag.py:587} INFO - Filling up the DagBag from /Users/binhpham/Library/Python/3.9/lib/python/site-packages/airflow/example_dags/example_external_task_marker_dag.py
[2024-09-18T16:52:53.885-0500] {processor.py:925} INFO - DAG(s) 'example_external_task_marker_parent', 'example_external_task_marker_child' retrieved from /Users/binhpham/Library/Python/3.9/lib/python/site-packages/airflow/example_dags/example_external_task_marker_dag.py
[2024-09-18T16:52:54.165-0500] {logging_mixin.py:190} INFO - [2024-09-18T16:52:54.165-0500] {dag.py:3229} INFO - Sync 2 DAGs
[2024-09-18T16:52:54.171-0500] {logging_mixin.py:190} INFO - [2024-09-18T16:52:54.171-0500] {dag.py:4156} INFO - Setting next_dagrun for example_external_task_marker_child to None, run_after=None
[2024-09-18T16:52:54.173-0500] {logging_mixin.py:190} INFO - [2024-09-18T16:52:54.173-0500] {dag.py:4156} INFO - Setting next_dagrun for example_external_task_marker_parent to None, run_after=None
[2024-09-18T16:52:54.181-0500] {processor.py:208} INFO - Processing /Users/binhpham/Library/Python/3.9/lib/python/site-packages/airflow/example_dags/example_external_task_marker_dag.py took 0.306 seconds
[2024-09-18T16:54:53.216-0500] {processor.py:186} INFO - Started process (PID=12455) to work on /Users/binhpham/Library/Python/3.9/lib/python/site-packages/airflow/example_dags/example_external_task_marker_dag.py
[2024-09-18T16:54:53.218-0500] {processor.py:914} INFO - Processing file /Users/binhpham/Library/Python/3.9/lib/python/site-packages/airflow/example_dags/example_external_task_marker_dag.py for tasks to queue
[2024-09-18T16:54:53.219-0500] {logging_mixin.py:190} INFO - [2024-09-18T16:54:53.219-0500] {dagbag.py:587} INFO - Filling up the DagBag from /Users/binhpham/Library/Python/3.9/lib/python/site-packages/airflow/example_dags/example_external_task_marker_dag.py
[2024-09-18T16:54:53.225-0500] {processor.py:925} INFO - DAG(s) 'example_external_task_marker_child', 'example_external_task_marker_parent' retrieved from /Users/binhpham/Library/Python/3.9/lib/python/site-packages/airflow/example_dags/example_external_task_marker_dag.py
[2024-09-18T16:54:53.516-0500] {logging_mixin.py:190} INFO - [2024-09-18T16:54:53.515-0500] {dag.py:3229} INFO - Sync 2 DAGs
[2024-09-18T16:54:53.522-0500] {logging_mixin.py:190} INFO - [2024-09-18T16:54:53.522-0500] {dag.py:4156} INFO - Setting next_dagrun for example_external_task_marker_child to None, run_after=None
[2024-09-18T16:54:53.523-0500] {logging_mixin.py:190} INFO - [2024-09-18T16:54:53.523-0500] {dag.py:4156} INFO - Setting next_dagrun for example_external_task_marker_parent to None, run_after=None
[2024-09-18T16:54:53.532-0500] {processor.py:208} INFO - Processing /Users/binhpham/Library/Python/3.9/lib/python/site-packages/airflow/example_dags/example_external_task_marker_dag.py took 0.317 seconds
[2024-09-18T16:57:54.445-0500] {processor.py:186} INFO - Started process (PID=13049) to work on /Users/binhpham/Library/Python/3.9/lib/python/site-packages/airflow/example_dags/example_external_task_marker_dag.py
[2024-09-18T16:57:54.447-0500] {processor.py:914} INFO - Processing file /Users/binhpham/Library/Python/3.9/lib/python/site-packages/airflow/example_dags/example_external_task_marker_dag.py for tasks to queue
[2024-09-18T16:57:54.447-0500] {logging_mixin.py:190} INFO - [2024-09-18T16:57:54.447-0500] {dagbag.py:587} INFO - Filling up the DagBag from /Users/binhpham/Library/Python/3.9/lib/python/site-packages/airflow/example_dags/example_external_task_marker_dag.py
[2024-09-18T16:57:54.454-0500] {processor.py:925} INFO - DAG(s) 'example_external_task_marker_parent', 'example_external_task_marker_child' retrieved from /Users/binhpham/Library/Python/3.9/lib/python/site-packages/airflow/example_dags/example_external_task_marker_dag.py
[2024-09-18T16:57:54.782-0500] {logging_mixin.py:190} INFO - [2024-09-18T16:57:54.782-0500] {dag.py:3229} INFO - Sync 2 DAGs
[2024-09-18T16:57:54.789-0500] {logging_mixin.py:190} INFO - [2024-09-18T16:57:54.789-0500] {dag.py:4156} INFO - Setting next_dagrun for example_external_task_marker_child to None, run_after=None
[2024-09-18T16:57:54.790-0500] {logging_mixin.py:190} INFO - [2024-09-18T16:57:54.790-0500] {dag.py:4156} INFO - Setting next_dagrun for example_external_task_marker_parent to None, run_after=None
[2024-09-18T16:57:54.799-0500] {processor.py:208} INFO - Processing /Users/binhpham/Library/Python/3.9/lib/python/site-packages/airflow/example_dags/example_external_task_marker_dag.py took 0.356 seconds
[2024-09-18T16:59:55.166-0500] {processor.py:186} INFO - Started process (PID=13449) to work on /Users/binhpham/Library/Python/3.9/lib/python/site-packages/airflow/example_dags/example_external_task_marker_dag.py
[2024-09-18T16:59:55.169-0500] {processor.py:914} INFO - Processing file /Users/binhpham/Library/Python/3.9/lib/python/site-packages/airflow/example_dags/example_external_task_marker_dag.py for tasks to queue
[2024-09-18T16:59:55.170-0500] {logging_mixin.py:190} INFO - [2024-09-18T16:59:55.169-0500] {dagbag.py:587} INFO - Filling up the DagBag from /Users/binhpham/Library/Python/3.9/lib/python/site-packages/airflow/example_dags/example_external_task_marker_dag.py
[2024-09-18T16:59:55.176-0500] {processor.py:925} INFO - DAG(s) 'example_external_task_marker_child', 'example_external_task_marker_parent' retrieved from /Users/binhpham/Library/Python/3.9/lib/python/site-packages/airflow/example_dags/example_external_task_marker_dag.py
[2024-09-18T16:59:55.453-0500] {logging_mixin.py:190} INFO - [2024-09-18T16:59:55.452-0500] {dag.py:3229} INFO - Sync 2 DAGs
[2024-09-18T16:59:55.459-0500] {logging_mixin.py:190} INFO - [2024-09-18T16:59:55.459-0500] {dag.py:4156} INFO - Setting next_dagrun for example_external_task_marker_child to None, run_after=None
[2024-09-18T16:59:55.460-0500] {logging_mixin.py:190} INFO - [2024-09-18T16:59:55.460-0500] {dag.py:4156} INFO - Setting next_dagrun for example_external_task_marker_parent to None, run_after=None
[2024-09-18T16:59:55.469-0500] {processor.py:208} INFO - Processing /Users/binhpham/Library/Python/3.9/lib/python/site-packages/airflow/example_dags/example_external_task_marker_dag.py took 0.304 seconds
[2024-09-18T17:02:46.725-0500] {processor.py:186} INFO - Started process (PID=14014) to work on /Users/binhpham/Library/Python/3.9/lib/python/site-packages/airflow/example_dags/example_external_task_marker_dag.py
[2024-09-18T17:02:46.727-0500] {processor.py:914} INFO - Processing file /Users/binhpham/Library/Python/3.9/lib/python/site-packages/airflow/example_dags/example_external_task_marker_dag.py for tasks to queue
[2024-09-18T17:02:46.727-0500] {logging_mixin.py:190} INFO - [2024-09-18T17:02:46.727-0500] {dagbag.py:587} INFO - Filling up the DagBag from /Users/binhpham/Library/Python/3.9/lib/python/site-packages/airflow/example_dags/example_external_task_marker_dag.py
[2024-09-18T17:02:46.734-0500] {processor.py:925} INFO - DAG(s) 'example_external_task_marker_parent', 'example_external_task_marker_child' retrieved from /Users/binhpham/Library/Python/3.9/lib/python/site-packages/airflow/example_dags/example_external_task_marker_dag.py
[2024-09-18T17:02:47.026-0500] {logging_mixin.py:190} INFO - [2024-09-18T17:02:47.025-0500] {dag.py:3229} INFO - Sync 2 DAGs
[2024-09-18T17:02:47.032-0500] {logging_mixin.py:190} INFO - [2024-09-18T17:02:47.032-0500] {dag.py:4156} INFO - Setting next_dagrun for example_external_task_marker_child to None, run_after=None
[2024-09-18T17:02:47.034-0500] {logging_mixin.py:190} INFO - [2024-09-18T17:02:47.034-0500] {dag.py:4156} INFO - Setting next_dagrun for example_external_task_marker_parent to None, run_after=None
[2024-09-18T17:02:47.042-0500] {processor.py:208} INFO - Processing /Users/binhpham/Library/Python/3.9/lib/python/site-packages/airflow/example_dags/example_external_task_marker_dag.py took 0.318 seconds
[2024-09-18T17:05:39.564-0500] {processor.py:186} INFO - Started process (PID=14632) to work on /Users/binhpham/Library/Python/3.9/lib/python/site-packages/airflow/example_dags/example_external_task_marker_dag.py
[2024-09-18T17:05:39.566-0500] {processor.py:914} INFO - Processing file /Users/binhpham/Library/Python/3.9/lib/python/site-packages/airflow/example_dags/example_external_task_marker_dag.py for tasks to queue
[2024-09-18T17:05:39.566-0500] {logging_mixin.py:190} INFO - [2024-09-18T17:05:39.566-0500] {dagbag.py:587} INFO - Filling up the DagBag from /Users/binhpham/Library/Python/3.9/lib/python/site-packages/airflow/example_dags/example_external_task_marker_dag.py
[2024-09-18T17:05:39.573-0500] {processor.py:925} INFO - DAG(s) 'example_external_task_marker_child', 'example_external_task_marker_parent' retrieved from /Users/binhpham/Library/Python/3.9/lib/python/site-packages/airflow/example_dags/example_external_task_marker_dag.py
[2024-09-18T17:05:39.862-0500] {logging_mixin.py:190} INFO - [2024-09-18T17:05:39.862-0500] {dag.py:3229} INFO - Sync 2 DAGs
[2024-09-18T17:05:39.868-0500] {logging_mixin.py:190} INFO - [2024-09-18T17:05:39.868-0500] {dag.py:4156} INFO - Setting next_dagrun for example_external_task_marker_child to None, run_after=None
[2024-09-18T17:05:39.870-0500] {logging_mixin.py:190} INFO - [2024-09-18T17:05:39.870-0500] {dag.py:4156} INFO - Setting next_dagrun for example_external_task_marker_parent to None, run_after=None
[2024-09-18T17:05:39.879-0500] {processor.py:208} INFO - Processing /Users/binhpham/Library/Python/3.9/lib/python/site-packages/airflow/example_dags/example_external_task_marker_dag.py took 0.317 seconds
[2024-09-18T17:08:32.731-0500] {processor.py:186} INFO - Started process (PID=15275) to work on /Users/binhpham/Library/Python/3.9/lib/python/site-packages/airflow/example_dags/example_external_task_marker_dag.py
[2024-09-18T17:08:32.733-0500] {processor.py:914} INFO - Processing file /Users/binhpham/Library/Python/3.9/lib/python/site-packages/airflow/example_dags/example_external_task_marker_dag.py for tasks to queue
[2024-09-18T17:08:32.734-0500] {logging_mixin.py:190} INFO - [2024-09-18T17:08:32.734-0500] {dagbag.py:587} INFO - Filling up the DagBag from /Users/binhpham/Library/Python/3.9/lib/python/site-packages/airflow/example_dags/example_external_task_marker_dag.py
[2024-09-18T17:08:32.740-0500] {processor.py:925} INFO - DAG(s) 'example_external_task_marker_child', 'example_external_task_marker_parent' retrieved from /Users/binhpham/Library/Python/3.9/lib/python/site-packages/airflow/example_dags/example_external_task_marker_dag.py
[2024-09-18T17:08:33.025-0500] {logging_mixin.py:190} INFO - [2024-09-18T17:08:33.024-0500] {dag.py:3229} INFO - Sync 2 DAGs
[2024-09-18T17:08:33.031-0500] {logging_mixin.py:190} INFO - [2024-09-18T17:08:33.031-0500] {dag.py:4156} INFO - Setting next_dagrun for example_external_task_marker_child to None, run_after=None
[2024-09-18T17:08:33.032-0500] {logging_mixin.py:190} INFO - [2024-09-18T17:08:33.032-0500] {dag.py:4156} INFO - Setting next_dagrun for example_external_task_marker_parent to None, run_after=None
[2024-09-18T17:08:33.041-0500] {processor.py:208} INFO - Processing /Users/binhpham/Library/Python/3.9/lib/python/site-packages/airflow/example_dags/example_external_task_marker_dag.py took 0.311 seconds
[2024-09-18T17:11:29.083-0500] {processor.py:186} INFO - Started process (PID=15874) to work on /Users/binhpham/Library/Python/3.9/lib/python/site-packages/airflow/example_dags/example_external_task_marker_dag.py
[2024-09-18T17:11:29.085-0500] {processor.py:914} INFO - Processing file /Users/binhpham/Library/Python/3.9/lib/python/site-packages/airflow/example_dags/example_external_task_marker_dag.py for tasks to queue
[2024-09-18T17:11:29.086-0500] {logging_mixin.py:190} INFO - [2024-09-18T17:11:29.086-0500] {dagbag.py:587} INFO - Filling up the DagBag from /Users/binhpham/Library/Python/3.9/lib/python/site-packages/airflow/example_dags/example_external_task_marker_dag.py
[2024-09-18T17:11:29.092-0500] {processor.py:925} INFO - DAG(s) 'example_external_task_marker_child', 'example_external_task_marker_parent' retrieved from /Users/binhpham/Library/Python/3.9/lib/python/site-packages/airflow/example_dags/example_external_task_marker_dag.py
[2024-09-18T17:11:29.370-0500] {logging_mixin.py:190} INFO - [2024-09-18T17:11:29.370-0500] {dag.py:3229} INFO - Sync 2 DAGs
[2024-09-18T17:11:29.376-0500] {logging_mixin.py:190} INFO - [2024-09-18T17:11:29.376-0500] {dag.py:4156} INFO - Setting next_dagrun for example_external_task_marker_child to None, run_after=None
[2024-09-18T17:11:29.378-0500] {logging_mixin.py:190} INFO - [2024-09-18T17:11:29.378-0500] {dag.py:4156} INFO - Setting next_dagrun for example_external_task_marker_parent to None, run_after=None
[2024-09-18T17:11:29.386-0500] {processor.py:208} INFO - Processing /Users/binhpham/Library/Python/3.9/lib/python/site-packages/airflow/example_dags/example_external_task_marker_dag.py took 0.304 seconds
[2024-09-18T17:16:19.980-0500] {processor.py:186} INFO - Started process (PID=17018) to work on /Users/binhpham/Library/Python/3.9/lib/python/site-packages/airflow/example_dags/example_external_task_marker_dag.py
[2024-09-18T17:16:19.982-0500] {processor.py:914} INFO - Processing file /Users/binhpham/Library/Python/3.9/lib/python/site-packages/airflow/example_dags/example_external_task_marker_dag.py for tasks to queue
[2024-09-18T17:16:19.983-0500] {logging_mixin.py:190} INFO - [2024-09-18T17:16:19.983-0500] {dagbag.py:587} INFO - Filling up the DagBag from /Users/binhpham/Library/Python/3.9/lib/python/site-packages/airflow/example_dags/example_external_task_marker_dag.py
[2024-09-18T17:16:19.989-0500] {processor.py:925} INFO - DAG(s) 'example_external_task_marker_child', 'example_external_task_marker_parent' retrieved from /Users/binhpham/Library/Python/3.9/lib/python/site-packages/airflow/example_dags/example_external_task_marker_dag.py
[2024-09-18T17:16:20.269-0500] {logging_mixin.py:190} INFO - [2024-09-18T17:16:20.269-0500] {dag.py:3229} INFO - Sync 2 DAGs
[2024-09-18T17:16:20.275-0500] {logging_mixin.py:190} INFO - [2024-09-18T17:16:20.275-0500] {dag.py:4156} INFO - Setting next_dagrun for example_external_task_marker_child to None, run_after=None
[2024-09-18T17:16:20.277-0500] {logging_mixin.py:190} INFO - [2024-09-18T17:16:20.277-0500] {dag.py:4156} INFO - Setting next_dagrun for example_external_task_marker_parent to None, run_after=None
[2024-09-18T17:16:20.285-0500] {processor.py:208} INFO - Processing /Users/binhpham/Library/Python/3.9/lib/python/site-packages/airflow/example_dags/example_external_task_marker_dag.py took 0.307 seconds
[2024-09-18T17:18:19.418-0500] {processor.py:186} INFO - Started process (PID=17966) to work on /Users/binhpham/Library/Python/3.9/lib/python/site-packages/airflow/example_dags/example_external_task_marker_dag.py
[2024-09-18T17:18:19.419-0500] {processor.py:914} INFO - Processing file /Users/binhpham/Library/Python/3.9/lib/python/site-packages/airflow/example_dags/example_external_task_marker_dag.py for tasks to queue
[2024-09-18T17:18:19.420-0500] {logging_mixin.py:190} INFO - [2024-09-18T17:18:19.420-0500] {dagbag.py:587} INFO - Filling up the DagBag from /Users/binhpham/Library/Python/3.9/lib/python/site-packages/airflow/example_dags/example_external_task_marker_dag.py
[2024-09-18T17:18:19.426-0500] {processor.py:925} INFO - DAG(s) 'example_external_task_marker_parent', 'example_external_task_marker_child' retrieved from /Users/binhpham/Library/Python/3.9/lib/python/site-packages/airflow/example_dags/example_external_task_marker_dag.py
[2024-09-18T17:18:19.705-0500] {logging_mixin.py:190} INFO - [2024-09-18T17:18:19.705-0500] {dag.py:3229} INFO - Sync 2 DAGs
[2024-09-18T17:18:19.712-0500] {logging_mixin.py:190} INFO - [2024-09-18T17:18:19.711-0500] {dag.py:4156} INFO - Setting next_dagrun for example_external_task_marker_child to None, run_after=None
[2024-09-18T17:18:19.713-0500] {logging_mixin.py:190} INFO - [2024-09-18T17:18:19.713-0500] {dag.py:4156} INFO - Setting next_dagrun for example_external_task_marker_parent to None, run_after=None
[2024-09-18T17:18:19.722-0500] {processor.py:208} INFO - Processing /Users/binhpham/Library/Python/3.9/lib/python/site-packages/airflow/example_dags/example_external_task_marker_dag.py took 0.306 seconds
[2024-09-18T17:23:19.285-0500] {processor.py:186} INFO - Started process (PID=19704) to work on /Users/binhpham/Projects/dbt_project/venv/lib/python3.9/site-packages/airflow/example_dags/example_external_task_marker_dag.py
[2024-09-18T17:23:19.287-0500] {processor.py:914} INFO - Processing file /Users/binhpham/Projects/dbt_project/venv/lib/python3.9/site-packages/airflow/example_dags/example_external_task_marker_dag.py for tasks to queue
[2024-09-18T17:23:19.288-0500] {logging_mixin.py:190} INFO - [2024-09-18T17:23:19.288-0500] {dagbag.py:587} INFO - Filling up the DagBag from /Users/binhpham/Projects/dbt_project/venv/lib/python3.9/site-packages/airflow/example_dags/example_external_task_marker_dag.py
[2024-09-18T17:23:19.294-0500] {processor.py:925} INFO - DAG(s) 'example_external_task_marker_parent', 'example_external_task_marker_child' retrieved from /Users/binhpham/Projects/dbt_project/venv/lib/python3.9/site-packages/airflow/example_dags/example_external_task_marker_dag.py
[2024-09-18T17:23:19.394-0500] {logging_mixin.py:190} INFO - [2024-09-18T17:23:19.394-0500] {workday.py:41} WARNING - Could not import pandas. Holidays will not be considered.
[2024-09-18T17:23:19.407-0500] {logging_mixin.py:190} INFO - [2024-09-18T17:23:19.407-0500] {dag.py:3229} INFO - Sync 2 DAGs
[2024-09-18T17:23:19.412-0500] {logging_mixin.py:190} INFO - [2024-09-18T17:23:19.412-0500] {dag.py:4156} INFO - Setting next_dagrun for example_external_task_marker_child to None, run_after=None
[2024-09-18T17:23:19.413-0500] {logging_mixin.py:190} INFO - [2024-09-18T17:23:19.413-0500] {dag.py:4156} INFO - Setting next_dagrun for example_external_task_marker_parent to None, run_after=None
[2024-09-18T17:23:19.423-0500] {processor.py:208} INFO - Processing /Users/binhpham/Projects/dbt_project/venv/lib/python3.9/site-packages/airflow/example_dags/example_external_task_marker_dag.py took 0.140 seconds
[2024-09-18T17:27:17.981-0500] {processor.py:186} INFO - Started process (PID=20665) to work on /Users/binhpham/Projects/dbt_project/venv/lib/python3.9/site-packages/airflow/example_dags/example_external_task_marker_dag.py
[2024-09-18T17:27:17.983-0500] {processor.py:914} INFO - Processing file /Users/binhpham/Projects/dbt_project/venv/lib/python3.9/site-packages/airflow/example_dags/example_external_task_marker_dag.py for tasks to queue
[2024-09-18T17:27:17.984-0500] {logging_mixin.py:190} INFO - [2024-09-18T17:27:17.984-0500] {dagbag.py:587} INFO - Filling up the DagBag from /Users/binhpham/Projects/dbt_project/venv/lib/python3.9/site-packages/airflow/example_dags/example_external_task_marker_dag.py
[2024-09-18T17:27:17.991-0500] {processor.py:925} INFO - DAG(s) 'example_external_task_marker_parent', 'example_external_task_marker_child' retrieved from /Users/binhpham/Projects/dbt_project/venv/lib/python3.9/site-packages/airflow/example_dags/example_external_task_marker_dag.py
[2024-09-18T17:27:18.046-0500] {logging_mixin.py:190} INFO - [2024-09-18T17:27:18.046-0500] {workday.py:41} WARNING - Could not import pandas. Holidays will not be considered.
[2024-09-18T17:27:18.054-0500] {logging_mixin.py:190} INFO - [2024-09-18T17:27:18.054-0500] {dag.py:3229} INFO - Sync 2 DAGs
[2024-09-18T17:27:18.060-0500] {logging_mixin.py:190} INFO - [2024-09-18T17:27:18.060-0500] {dag.py:4156} INFO - Setting next_dagrun for example_external_task_marker_child to None, run_after=None
[2024-09-18T17:27:18.062-0500] {logging_mixin.py:190} INFO - [2024-09-18T17:27:18.062-0500] {dag.py:4156} INFO - Setting next_dagrun for example_external_task_marker_parent to None, run_after=None
[2024-09-18T17:27:18.070-0500] {processor.py:208} INFO - Processing /Users/binhpham/Projects/dbt_project/venv/lib/python3.9/site-packages/airflow/example_dags/example_external_task_marker_dag.py took 0.092 seconds
[2024-09-18T17:29:50.854-0500] {processor.py:186} INFO - Started process (PID=21279) to work on /Users/binhpham/Projects/dbt_project/venv/lib/python3.9/site-packages/airflow/example_dags/example_external_task_marker_dag.py
[2024-09-18T17:29:50.856-0500] {processor.py:914} INFO - Processing file /Users/binhpham/Projects/dbt_project/venv/lib/python3.9/site-packages/airflow/example_dags/example_external_task_marker_dag.py for tasks to queue
[2024-09-18T17:29:50.857-0500] {logging_mixin.py:190} INFO - [2024-09-18T17:29:50.857-0500] {dagbag.py:587} INFO - Filling up the DagBag from /Users/binhpham/Projects/dbt_project/venv/lib/python3.9/site-packages/airflow/example_dags/example_external_task_marker_dag.py
[2024-09-18T17:29:50.863-0500] {processor.py:925} INFO - DAG(s) 'example_external_task_marker_child', 'example_external_task_marker_parent' retrieved from /Users/binhpham/Projects/dbt_project/venv/lib/python3.9/site-packages/airflow/example_dags/example_external_task_marker_dag.py
[2024-09-18T17:29:51.136-0500] {logging_mixin.py:190} INFO - [2024-09-18T17:29:51.136-0500] {dag.py:3229} INFO - Sync 2 DAGs
[2024-09-18T17:29:51.142-0500] {logging_mixin.py:190} INFO - [2024-09-18T17:29:51.142-0500] {dag.py:4156} INFO - Setting next_dagrun for example_external_task_marker_child to None, run_after=None
[2024-09-18T17:29:51.143-0500] {logging_mixin.py:190} INFO - [2024-09-18T17:29:51.143-0500] {dag.py:4156} INFO - Setting next_dagrun for example_external_task_marker_parent to None, run_after=None
[2024-09-18T17:29:51.151-0500] {processor.py:208} INFO - Processing /Users/binhpham/Projects/dbt_project/venv/lib/python3.9/site-packages/airflow/example_dags/example_external_task_marker_dag.py took 0.299 seconds
[2024-09-18T17:31:42.566-0500] {processor.py:186} INFO - Started process (PID=22633) to work on /Users/binhpham/Projects/dbt_project/venv/lib/python3.9/site-packages/airflow/example_dags/example_external_task_marker_dag.py
[2024-09-18T17:31:42.569-0500] {processor.py:914} INFO - Processing file /Users/binhpham/Projects/dbt_project/venv/lib/python3.9/site-packages/airflow/example_dags/example_external_task_marker_dag.py for tasks to queue
[2024-09-18T17:31:42.569-0500] {logging_mixin.py:190} INFO - [2024-09-18T17:31:42.569-0500] {dagbag.py:587} INFO - Filling up the DagBag from /Users/binhpham/Projects/dbt_project/venv/lib/python3.9/site-packages/airflow/example_dags/example_external_task_marker_dag.py
[2024-09-18T17:31:42.576-0500] {processor.py:925} INFO - DAG(s) 'example_external_task_marker_parent', 'example_external_task_marker_child' retrieved from /Users/binhpham/Projects/dbt_project/venv/lib/python3.9/site-packages/airflow/example_dags/example_external_task_marker_dag.py
[2024-09-18T17:31:42.844-0500] {logging_mixin.py:190} INFO - [2024-09-18T17:31:42.844-0500] {dag.py:3229} INFO - Sync 2 DAGs
[2024-09-18T17:31:42.850-0500] {logging_mixin.py:190} INFO - [2024-09-18T17:31:42.850-0500] {dag.py:4156} INFO - Setting next_dagrun for example_external_task_marker_child to None, run_after=None
[2024-09-18T17:31:42.852-0500] {logging_mixin.py:190} INFO - [2024-09-18T17:31:42.851-0500] {dag.py:4156} INFO - Setting next_dagrun for example_external_task_marker_parent to None, run_after=None
[2024-09-18T17:31:42.860-0500] {processor.py:208} INFO - Processing /Users/binhpham/Projects/dbt_project/venv/lib/python3.9/site-packages/airflow/example_dags/example_external_task_marker_dag.py took 0.295 seconds
[2024-09-18T17:35:35.258-0500] {processor.py:186} INFO - Started process (PID=23700) to work on /Users/binhpham/Projects/dbt_project/venv/lib/python3.9/site-packages/airflow/example_dags/example_external_task_marker_dag.py
[2024-09-18T17:35:35.261-0500] {processor.py:914} INFO - Processing file /Users/binhpham/Projects/dbt_project/venv/lib/python3.9/site-packages/airflow/example_dags/example_external_task_marker_dag.py for tasks to queue
[2024-09-18T17:35:35.261-0500] {logging_mixin.py:190} INFO - [2024-09-18T17:35:35.261-0500] {dagbag.py:587} INFO - Filling up the DagBag from /Users/binhpham/Projects/dbt_project/venv/lib/python3.9/site-packages/airflow/example_dags/example_external_task_marker_dag.py
[2024-09-18T17:35:35.268-0500] {processor.py:925} INFO - DAG(s) 'example_external_task_marker_child', 'example_external_task_marker_parent' retrieved from /Users/binhpham/Projects/dbt_project/venv/lib/python3.9/site-packages/airflow/example_dags/example_external_task_marker_dag.py
[2024-09-18T17:35:35.537-0500] {logging_mixin.py:190} INFO - [2024-09-18T17:35:35.537-0500] {dag.py:3229} INFO - Sync 2 DAGs
[2024-09-18T17:35:35.543-0500] {logging_mixin.py:190} INFO - [2024-09-18T17:35:35.543-0500] {dag.py:4156} INFO - Setting next_dagrun for example_external_task_marker_child to None, run_after=None
[2024-09-18T17:35:35.545-0500] {logging_mixin.py:190} INFO - [2024-09-18T17:35:35.545-0500] {dag.py:4156} INFO - Setting next_dagrun for example_external_task_marker_parent to None, run_after=None
[2024-09-18T17:35:35.553-0500] {processor.py:208} INFO - Processing /Users/binhpham/Projects/dbt_project/venv/lib/python3.9/site-packages/airflow/example_dags/example_external_task_marker_dag.py took 0.296 seconds
[2024-09-18T17:37:28.774-0500] {processor.py:186} INFO - Started process (PID=24055) to work on /Users/binhpham/Projects/dbt_project/venv/lib/python3.9/site-packages/airflow/example_dags/example_external_task_marker_dag.py
[2024-09-18T17:37:28.775-0500] {processor.py:914} INFO - Processing file /Users/binhpham/Projects/dbt_project/venv/lib/python3.9/site-packages/airflow/example_dags/example_external_task_marker_dag.py for tasks to queue
[2024-09-18T17:37:28.776-0500] {logging_mixin.py:190} INFO - [2024-09-18T17:37:28.775-0500] {dagbag.py:587} INFO - Filling up the DagBag from /Users/binhpham/Projects/dbt_project/venv/lib/python3.9/site-packages/airflow/example_dags/example_external_task_marker_dag.py
[2024-09-18T17:37:28.782-0500] {processor.py:925} INFO - DAG(s) 'example_external_task_marker_parent', 'example_external_task_marker_child' retrieved from /Users/binhpham/Projects/dbt_project/venv/lib/python3.9/site-packages/airflow/example_dags/example_external_task_marker_dag.py
[2024-09-18T17:37:29.054-0500] {logging_mixin.py:190} INFO - [2024-09-18T17:37:29.054-0500] {dag.py:3229} INFO - Sync 2 DAGs
[2024-09-18T17:37:29.060-0500] {logging_mixin.py:190} INFO - [2024-09-18T17:37:29.060-0500] {dag.py:4156} INFO - Setting next_dagrun for example_external_task_marker_child to None, run_after=None
[2024-09-18T17:37:29.062-0500] {logging_mixin.py:190} INFO - [2024-09-18T17:37:29.062-0500] {dag.py:4156} INFO - Setting next_dagrun for example_external_task_marker_parent to None, run_after=None
[2024-09-18T17:37:29.070-0500] {processor.py:208} INFO - Processing /Users/binhpham/Projects/dbt_project/venv/lib/python3.9/site-packages/airflow/example_dags/example_external_task_marker_dag.py took 0.298 seconds
[2024-09-18T17:40:16.979-0500] {processor.py:186} INFO - Started process (PID=24593) to work on /Users/binhpham/Projects/dbt_project/venv/lib/python3.9/site-packages/airflow/example_dags/example_external_task_marker_dag.py
[2024-09-18T17:40:16.981-0500] {processor.py:914} INFO - Processing file /Users/binhpham/Projects/dbt_project/venv/lib/python3.9/site-packages/airflow/example_dags/example_external_task_marker_dag.py for tasks to queue
[2024-09-18T17:40:16.982-0500] {logging_mixin.py:190} INFO - [2024-09-18T17:40:16.982-0500] {dagbag.py:587} INFO - Filling up the DagBag from /Users/binhpham/Projects/dbt_project/venv/lib/python3.9/site-packages/airflow/example_dags/example_external_task_marker_dag.py
[2024-09-18T17:40:16.989-0500] {processor.py:925} INFO - DAG(s) 'example_external_task_marker_child', 'example_external_task_marker_parent' retrieved from /Users/binhpham/Projects/dbt_project/venv/lib/python3.9/site-packages/airflow/example_dags/example_external_task_marker_dag.py
[2024-09-18T17:40:17.298-0500] {logging_mixin.py:190} INFO - [2024-09-18T17:40:17.298-0500] {dag.py:3229} INFO - Sync 2 DAGs
[2024-09-18T17:40:17.304-0500] {logging_mixin.py:190} INFO - [2024-09-18T17:40:17.304-0500] {dag.py:4156} INFO - Setting next_dagrun for example_external_task_marker_child to None, run_after=None
[2024-09-18T17:40:17.305-0500] {logging_mixin.py:190} INFO - [2024-09-18T17:40:17.305-0500] {dag.py:4156} INFO - Setting next_dagrun for example_external_task_marker_parent to None, run_after=None
[2024-09-18T17:40:17.314-0500] {processor.py:208} INFO - Processing /Users/binhpham/Projects/dbt_project/venv/lib/python3.9/site-packages/airflow/example_dags/example_external_task_marker_dag.py took 0.337 seconds
[2024-09-18T17:43:08.611-0500] {processor.py:186} INFO - Started process (PID=25152) to work on /Users/binhpham/Projects/dbt_project/venv/lib/python3.9/site-packages/airflow/example_dags/example_external_task_marker_dag.py
[2024-09-18T17:43:08.613-0500] {processor.py:914} INFO - Processing file /Users/binhpham/Projects/dbt_project/venv/lib/python3.9/site-packages/airflow/example_dags/example_external_task_marker_dag.py for tasks to queue
[2024-09-18T17:43:08.614-0500] {logging_mixin.py:190} INFO - [2024-09-18T17:43:08.613-0500] {dagbag.py:587} INFO - Filling up the DagBag from /Users/binhpham/Projects/dbt_project/venv/lib/python3.9/site-packages/airflow/example_dags/example_external_task_marker_dag.py
[2024-09-18T17:43:08.620-0500] {processor.py:925} INFO - DAG(s) 'example_external_task_marker_child', 'example_external_task_marker_parent' retrieved from /Users/binhpham/Projects/dbt_project/venv/lib/python3.9/site-packages/airflow/example_dags/example_external_task_marker_dag.py
[2024-09-18T17:43:08.925-0500] {logging_mixin.py:190} INFO - [2024-09-18T17:43:08.925-0500] {dag.py:3229} INFO - Sync 2 DAGs
[2024-09-18T17:43:08.930-0500] {logging_mixin.py:190} INFO - [2024-09-18T17:43:08.930-0500] {dag.py:4156} INFO - Setting next_dagrun for example_external_task_marker_child to None, run_after=None
[2024-09-18T17:43:08.932-0500] {logging_mixin.py:190} INFO - [2024-09-18T17:43:08.932-0500] {dag.py:4156} INFO - Setting next_dagrun for example_external_task_marker_parent to None, run_after=None
[2024-09-18T17:43:08.940-0500] {processor.py:208} INFO - Processing /Users/binhpham/Projects/dbt_project/venv/lib/python3.9/site-packages/airflow/example_dags/example_external_task_marker_dag.py took 0.330 seconds
