[2024-09-18T16:52:52.086-0500] {processor.py:186} INFO - Started process (PID=11960) to work on /Users/binhpham/Library/Python/3.9/lib/python/site-packages/airflow/example_dags/example_inlet_event_extra.py
[2024-09-18T16:52:52.088-0500] {processor.py:914} INFO - Processing file /Users/binhpham/Library/Python/3.9/lib/python/site-packages/airflow/example_dags/example_inlet_event_extra.py for tasks to queue
[2024-09-18T16:52:52.089-0500] {logging_mixin.py:190} INFO - [2024-09-18T16:52:52.089-0500] {dagbag.py:587} INFO - Filling up the DagBag from /Users/binhpham/Library/Python/3.9/lib/python/site-packages/airflow/example_dags/example_inlet_event_extra.py
[2024-09-18T16:52:52.159-0500] {processor.py:925} INFO - DAG(s) 'read_dataset_event', 'read_dataset_event_from_classic' retrieved from /Users/binhpham/Library/Python/3.9/lib/python/site-packages/airflow/example_dags/example_inlet_event_extra.py
[2024-09-18T16:52:52.215-0500] {logging_mixin.py:190} INFO - [2024-09-18T16:52:52.214-0500] {dag.py:3229} INFO - Sync 2 DAGs
[2024-09-18T16:52:52.225-0500] {logging_mixin.py:190} INFO - [2024-09-18T16:52:52.225-0500] {dag.py:4156} INFO - Setting next_dagrun for read_dataset_event to 2024-09-17 00:00:00+00:00, run_after=2024-09-18 00:00:00+00:00
[2024-09-18T16:52:52.228-0500] {logging_mixin.py:190} INFO - [2024-09-18T16:52:52.228-0500] {dag.py:4156} INFO - Setting next_dagrun for read_dataset_event_from_classic to 2024-09-17 00:00:00+00:00, run_after=2024-09-18 00:00:00+00:00
[2024-09-18T16:52:52.237-0500] {processor.py:208} INFO - Processing /Users/binhpham/Library/Python/3.9/lib/python/site-packages/airflow/example_dags/example_inlet_event_extra.py took 0.152 seconds
[2024-09-18T16:54:51.611-0500] {processor.py:186} INFO - Started process (PID=12454) to work on /Users/binhpham/Library/Python/3.9/lib/python/site-packages/airflow/example_dags/example_inlet_event_extra.py
[2024-09-18T16:54:51.613-0500] {processor.py:914} INFO - Processing file /Users/binhpham/Library/Python/3.9/lib/python/site-packages/airflow/example_dags/example_inlet_event_extra.py for tasks to queue
[2024-09-18T16:54:51.614-0500] {logging_mixin.py:190} INFO - [2024-09-18T16:54:51.614-0500] {dagbag.py:587} INFO - Filling up the DagBag from /Users/binhpham/Library/Python/3.9/lib/python/site-packages/airflow/example_dags/example_inlet_event_extra.py
[2024-09-18T16:54:51.683-0500] {processor.py:925} INFO - DAG(s) 'read_dataset_event_from_classic', 'read_dataset_event' retrieved from /Users/binhpham/Library/Python/3.9/lib/python/site-packages/airflow/example_dags/example_inlet_event_extra.py
[2024-09-18T16:54:51.737-0500] {logging_mixin.py:190} INFO - [2024-09-18T16:54:51.737-0500] {dag.py:3229} INFO - Sync 2 DAGs
[2024-09-18T16:54:51.747-0500] {logging_mixin.py:190} INFO - [2024-09-18T16:54:51.747-0500] {dag.py:4156} INFO - Setting next_dagrun for read_dataset_event to 2024-09-17 00:00:00+00:00, run_after=2024-09-18 00:00:00+00:00
[2024-09-18T16:54:51.749-0500] {logging_mixin.py:190} INFO - [2024-09-18T16:54:51.749-0500] {dag.py:4156} INFO - Setting next_dagrun for read_dataset_event_from_classic to 2024-09-17 00:00:00+00:00, run_after=2024-09-18 00:00:00+00:00
[2024-09-18T16:54:51.758-0500] {processor.py:208} INFO - Processing /Users/binhpham/Library/Python/3.9/lib/python/site-packages/airflow/example_dags/example_inlet_event_extra.py took 0.149 seconds
[2024-09-18T16:57:52.040-0500] {processor.py:186} INFO - Started process (PID=13041) to work on /Users/binhpham/Library/Python/3.9/lib/python/site-packages/airflow/example_dags/example_inlet_event_extra.py
[2024-09-18T16:57:52.042-0500] {processor.py:914} INFO - Processing file /Users/binhpham/Library/Python/3.9/lib/python/site-packages/airflow/example_dags/example_inlet_event_extra.py for tasks to queue
[2024-09-18T16:57:52.043-0500] {logging_mixin.py:190} INFO - [2024-09-18T16:57:52.043-0500] {dagbag.py:587} INFO - Filling up the DagBag from /Users/binhpham/Library/Python/3.9/lib/python/site-packages/airflow/example_dags/example_inlet_event_extra.py
[2024-09-18T16:57:52.118-0500] {processor.py:925} INFO - DAG(s) 'read_dataset_event_from_classic', 'read_dataset_event' retrieved from /Users/binhpham/Library/Python/3.9/lib/python/site-packages/airflow/example_dags/example_inlet_event_extra.py
[2024-09-18T16:57:52.172-0500] {logging_mixin.py:190} INFO - [2024-09-18T16:57:52.172-0500] {dag.py:3229} INFO - Sync 2 DAGs
[2024-09-18T16:57:52.181-0500] {logging_mixin.py:190} INFO - [2024-09-18T16:57:52.181-0500] {dag.py:4156} INFO - Setting next_dagrun for read_dataset_event to 2024-09-17 00:00:00+00:00, run_after=2024-09-18 00:00:00+00:00
[2024-09-18T16:57:52.183-0500] {logging_mixin.py:190} INFO - [2024-09-18T16:57:52.183-0500] {dag.py:4156} INFO - Setting next_dagrun for read_dataset_event_from_classic to 2024-09-17 00:00:00+00:00, run_after=2024-09-18 00:00:00+00:00
[2024-09-18T16:57:52.193-0500] {processor.py:208} INFO - Processing /Users/binhpham/Library/Python/3.9/lib/python/site-packages/airflow/example_dags/example_inlet_event_extra.py took 0.154 seconds
[2024-09-18T16:59:52.840-0500] {processor.py:186} INFO - Started process (PID=13443) to work on /Users/binhpham/Library/Python/3.9/lib/python/site-packages/airflow/example_dags/example_inlet_event_extra.py
[2024-09-18T16:59:52.843-0500] {processor.py:914} INFO - Processing file /Users/binhpham/Library/Python/3.9/lib/python/site-packages/airflow/example_dags/example_inlet_event_extra.py for tasks to queue
[2024-09-18T16:59:52.844-0500] {logging_mixin.py:190} INFO - [2024-09-18T16:59:52.843-0500] {dagbag.py:587} INFO - Filling up the DagBag from /Users/binhpham/Library/Python/3.9/lib/python/site-packages/airflow/example_dags/example_inlet_event_extra.py
[2024-09-18T16:59:52.912-0500] {processor.py:925} INFO - DAG(s) 'read_dataset_event_from_classic', 'read_dataset_event' retrieved from /Users/binhpham/Library/Python/3.9/lib/python/site-packages/airflow/example_dags/example_inlet_event_extra.py
[2024-09-18T16:59:52.966-0500] {logging_mixin.py:190} INFO - [2024-09-18T16:59:52.966-0500] {dag.py:3229} INFO - Sync 2 DAGs
[2024-09-18T16:59:52.976-0500] {logging_mixin.py:190} INFO - [2024-09-18T16:59:52.976-0500] {dag.py:4156} INFO - Setting next_dagrun for read_dataset_event to 2024-09-17 00:00:00+00:00, run_after=2024-09-18 00:00:00+00:00
[2024-09-18T16:59:52.978-0500] {logging_mixin.py:190} INFO - [2024-09-18T16:59:52.978-0500] {dag.py:4156} INFO - Setting next_dagrun for read_dataset_event_from_classic to 2024-09-17 00:00:00+00:00, run_after=2024-09-18 00:00:00+00:00
[2024-09-18T16:59:52.987-0500] {processor.py:208} INFO - Processing /Users/binhpham/Library/Python/3.9/lib/python/site-packages/airflow/example_dags/example_inlet_event_extra.py took 0.148 seconds
[2024-09-18T17:02:45.359-0500] {processor.py:186} INFO - Started process (PID=14006) to work on /Users/binhpham/Library/Python/3.9/lib/python/site-packages/airflow/example_dags/example_inlet_event_extra.py
[2024-09-18T17:02:45.361-0500] {processor.py:914} INFO - Processing file /Users/binhpham/Library/Python/3.9/lib/python/site-packages/airflow/example_dags/example_inlet_event_extra.py for tasks to queue
[2024-09-18T17:02:45.362-0500] {logging_mixin.py:190} INFO - [2024-09-18T17:02:45.362-0500] {dagbag.py:587} INFO - Filling up the DagBag from /Users/binhpham/Library/Python/3.9/lib/python/site-packages/airflow/example_dags/example_inlet_event_extra.py
[2024-09-18T17:02:45.432-0500] {processor.py:925} INFO - DAG(s) 'read_dataset_event_from_classic', 'read_dataset_event' retrieved from /Users/binhpham/Library/Python/3.9/lib/python/site-packages/airflow/example_dags/example_inlet_event_extra.py
[2024-09-18T17:02:45.487-0500] {logging_mixin.py:190} INFO - [2024-09-18T17:02:45.487-0500] {dag.py:3229} INFO - Sync 2 DAGs
[2024-09-18T17:02:45.497-0500] {logging_mixin.py:190} INFO - [2024-09-18T17:02:45.497-0500] {dag.py:4156} INFO - Setting next_dagrun for read_dataset_event to 2024-09-17 00:00:00+00:00, run_after=2024-09-18 00:00:00+00:00
[2024-09-18T17:02:45.499-0500] {logging_mixin.py:190} INFO - [2024-09-18T17:02:45.499-0500] {dag.py:4156} INFO - Setting next_dagrun for read_dataset_event_from_classic to 2024-09-17 00:00:00+00:00, run_after=2024-09-18 00:00:00+00:00
[2024-09-18T17:02:45.508-0500] {processor.py:208} INFO - Processing /Users/binhpham/Library/Python/3.9/lib/python/site-packages/airflow/example_dags/example_inlet_event_extra.py took 0.150 seconds
[2024-09-18T17:05:38.163-0500] {processor.py:186} INFO - Started process (PID=14631) to work on /Users/binhpham/Library/Python/3.9/lib/python/site-packages/airflow/example_dags/example_inlet_event_extra.py
[2024-09-18T17:05:38.164-0500] {processor.py:914} INFO - Processing file /Users/binhpham/Library/Python/3.9/lib/python/site-packages/airflow/example_dags/example_inlet_event_extra.py for tasks to queue
[2024-09-18T17:05:38.165-0500] {logging_mixin.py:190} INFO - [2024-09-18T17:05:38.165-0500] {dagbag.py:587} INFO - Filling up the DagBag from /Users/binhpham/Library/Python/3.9/lib/python/site-packages/airflow/example_dags/example_inlet_event_extra.py
[2024-09-18T17:05:38.232-0500] {processor.py:925} INFO - DAG(s) 'read_dataset_event', 'read_dataset_event_from_classic' retrieved from /Users/binhpham/Library/Python/3.9/lib/python/site-packages/airflow/example_dags/example_inlet_event_extra.py
[2024-09-18T17:05:38.287-0500] {logging_mixin.py:190} INFO - [2024-09-18T17:05:38.286-0500] {dag.py:3229} INFO - Sync 2 DAGs
[2024-09-18T17:05:38.297-0500] {logging_mixin.py:190} INFO - [2024-09-18T17:05:38.296-0500] {dag.py:4156} INFO - Setting next_dagrun for read_dataset_event to 2024-09-17 00:00:00+00:00, run_after=2024-09-18 00:00:00+00:00
[2024-09-18T17:05:38.299-0500] {logging_mixin.py:190} INFO - [2024-09-18T17:05:38.299-0500] {dag.py:4156} INFO - Setting next_dagrun for read_dataset_event_from_classic to 2024-09-17 00:00:00+00:00, run_after=2024-09-18 00:00:00+00:00
[2024-09-18T17:05:38.308-0500] {processor.py:208} INFO - Processing /Users/binhpham/Library/Python/3.9/lib/python/site-packages/airflow/example_dags/example_inlet_event_extra.py took 0.147 seconds
[2024-09-18T17:08:30.295-0500] {processor.py:186} INFO - Started process (PID=15268) to work on /Users/binhpham/Library/Python/3.9/lib/python/site-packages/airflow/example_dags/example_inlet_event_extra.py
[2024-09-18T17:08:30.297-0500] {processor.py:914} INFO - Processing file /Users/binhpham/Library/Python/3.9/lib/python/site-packages/airflow/example_dags/example_inlet_event_extra.py for tasks to queue
[2024-09-18T17:08:30.297-0500] {logging_mixin.py:190} INFO - [2024-09-18T17:08:30.297-0500] {dagbag.py:587} INFO - Filling up the DagBag from /Users/binhpham/Library/Python/3.9/lib/python/site-packages/airflow/example_dags/example_inlet_event_extra.py
[2024-09-18T17:08:30.368-0500] {processor.py:925} INFO - DAG(s) 'read_dataset_event', 'read_dataset_event_from_classic' retrieved from /Users/binhpham/Library/Python/3.9/lib/python/site-packages/airflow/example_dags/example_inlet_event_extra.py
[2024-09-18T17:08:30.427-0500] {logging_mixin.py:190} INFO - [2024-09-18T17:08:30.427-0500] {dag.py:3229} INFO - Sync 2 DAGs
[2024-09-18T17:08:30.438-0500] {logging_mixin.py:190} INFO - [2024-09-18T17:08:30.438-0500] {dag.py:4156} INFO - Setting next_dagrun for read_dataset_event to 2024-09-17 00:00:00+00:00, run_after=2024-09-18 00:00:00+00:00
[2024-09-18T17:08:30.441-0500] {logging_mixin.py:190} INFO - [2024-09-18T17:08:30.440-0500] {dag.py:4156} INFO - Setting next_dagrun for read_dataset_event_from_classic to 2024-09-17 00:00:00+00:00, run_after=2024-09-18 00:00:00+00:00
[2024-09-18T17:08:30.451-0500] {processor.py:208} INFO - Processing /Users/binhpham/Library/Python/3.9/lib/python/site-packages/airflow/example_dags/example_inlet_event_extra.py took 0.158 seconds
[2024-09-18T17:11:27.364-0500] {processor.py:186} INFO - Started process (PID=15868) to work on /Users/binhpham/Library/Python/3.9/lib/python/site-packages/airflow/example_dags/example_inlet_event_extra.py
[2024-09-18T17:11:27.366-0500] {processor.py:914} INFO - Processing file /Users/binhpham/Library/Python/3.9/lib/python/site-packages/airflow/example_dags/example_inlet_event_extra.py for tasks to queue
[2024-09-18T17:11:27.366-0500] {logging_mixin.py:190} INFO - [2024-09-18T17:11:27.366-0500] {dagbag.py:587} INFO - Filling up the DagBag from /Users/binhpham/Library/Python/3.9/lib/python/site-packages/airflow/example_dags/example_inlet_event_extra.py
[2024-09-18T17:11:27.435-0500] {processor.py:925} INFO - DAG(s) 'read_dataset_event', 'read_dataset_event_from_classic' retrieved from /Users/binhpham/Library/Python/3.9/lib/python/site-packages/airflow/example_dags/example_inlet_event_extra.py
[2024-09-18T17:11:27.489-0500] {logging_mixin.py:190} INFO - [2024-09-18T17:11:27.489-0500] {dag.py:3229} INFO - Sync 2 DAGs
[2024-09-18T17:11:27.499-0500] {logging_mixin.py:190} INFO - [2024-09-18T17:11:27.499-0500] {dag.py:4156} INFO - Setting next_dagrun for read_dataset_event to 2024-09-17 00:00:00+00:00, run_after=2024-09-18 00:00:00+00:00
[2024-09-18T17:11:27.501-0500] {logging_mixin.py:190} INFO - [2024-09-18T17:11:27.501-0500] {dag.py:4156} INFO - Setting next_dagrun for read_dataset_event_from_classic to 2024-09-17 00:00:00+00:00, run_after=2024-09-18 00:00:00+00:00
[2024-09-18T17:11:27.509-0500] {processor.py:208} INFO - Processing /Users/binhpham/Library/Python/3.9/lib/python/site-packages/airflow/example_dags/example_inlet_event_extra.py took 0.147 seconds
[2024-09-18T17:16:17.638-0500] {processor.py:186} INFO - Started process (PID=17006) to work on /Users/binhpham/Library/Python/3.9/lib/python/site-packages/airflow/example_dags/example_inlet_event_extra.py
[2024-09-18T17:16:17.641-0500] {processor.py:914} INFO - Processing file /Users/binhpham/Library/Python/3.9/lib/python/site-packages/airflow/example_dags/example_inlet_event_extra.py for tasks to queue
[2024-09-18T17:16:17.642-0500] {logging_mixin.py:190} INFO - [2024-09-18T17:16:17.642-0500] {dagbag.py:587} INFO - Filling up the DagBag from /Users/binhpham/Library/Python/3.9/lib/python/site-packages/airflow/example_dags/example_inlet_event_extra.py
[2024-09-18T17:16:17.709-0500] {processor.py:925} INFO - DAG(s) 'read_dataset_event_from_classic', 'read_dataset_event' retrieved from /Users/binhpham/Library/Python/3.9/lib/python/site-packages/airflow/example_dags/example_inlet_event_extra.py
[2024-09-18T17:16:17.764-0500] {logging_mixin.py:190} INFO - [2024-09-18T17:16:17.764-0500] {dag.py:3229} INFO - Sync 2 DAGs
[2024-09-18T17:16:17.774-0500] {logging_mixin.py:190} INFO - [2024-09-18T17:16:17.774-0500] {dag.py:4156} INFO - Setting next_dagrun for read_dataset_event to 2024-09-17 00:00:00+00:00, run_after=2024-09-18 00:00:00+00:00
[2024-09-18T17:16:17.776-0500] {logging_mixin.py:190} INFO - [2024-09-18T17:16:17.776-0500] {dag.py:4156} INFO - Setting next_dagrun for read_dataset_event_from_classic to 2024-09-17 00:00:00+00:00, run_after=2024-09-18 00:00:00+00:00
[2024-09-18T17:16:17.785-0500] {processor.py:208} INFO - Processing /Users/binhpham/Library/Python/3.9/lib/python/site-packages/airflow/example_dags/example_inlet_event_extra.py took 0.148 seconds
[2024-09-18T17:18:16.999-0500] {processor.py:186} INFO - Started process (PID=17914) to work on /Users/binhpham/Library/Python/3.9/lib/python/site-packages/airflow/example_dags/example_inlet_event_extra.py
[2024-09-18T17:18:17.001-0500] {processor.py:914} INFO - Processing file /Users/binhpham/Library/Python/3.9/lib/python/site-packages/airflow/example_dags/example_inlet_event_extra.py for tasks to queue
[2024-09-18T17:18:17.001-0500] {logging_mixin.py:190} INFO - [2024-09-18T17:18:17.001-0500] {dagbag.py:587} INFO - Filling up the DagBag from /Users/binhpham/Library/Python/3.9/lib/python/site-packages/airflow/example_dags/example_inlet_event_extra.py
[2024-09-18T17:18:17.071-0500] {processor.py:925} INFO - DAG(s) 'read_dataset_event_from_classic', 'read_dataset_event' retrieved from /Users/binhpham/Library/Python/3.9/lib/python/site-packages/airflow/example_dags/example_inlet_event_extra.py
[2024-09-18T17:18:17.130-0500] {logging_mixin.py:190} INFO - [2024-09-18T17:18:17.130-0500] {dag.py:3229} INFO - Sync 2 DAGs
[2024-09-18T17:18:17.140-0500] {logging_mixin.py:190} INFO - [2024-09-18T17:18:17.140-0500] {dag.py:4156} INFO - Setting next_dagrun for read_dataset_event to 2024-09-17 00:00:00+00:00, run_after=2024-09-18 00:00:00+00:00
[2024-09-18T17:18:17.142-0500] {logging_mixin.py:190} INFO - [2024-09-18T17:18:17.142-0500] {dag.py:4156} INFO - Setting next_dagrun for read_dataset_event_from_classic to 2024-09-17 00:00:00+00:00, run_after=2024-09-18 00:00:00+00:00
[2024-09-18T17:18:17.151-0500] {processor.py:208} INFO - Processing /Users/binhpham/Library/Python/3.9/lib/python/site-packages/airflow/example_dags/example_inlet_event_extra.py took 0.153 seconds
[2024-09-18T17:23:17.323-0500] {processor.py:186} INFO - Started process (PID=19698) to work on /Users/binhpham/Projects/dbt_project/venv/lib/python3.9/site-packages/airflow/example_dags/example_inlet_event_extra.py
[2024-09-18T17:23:17.326-0500] {processor.py:914} INFO - Processing file /Users/binhpham/Projects/dbt_project/venv/lib/python3.9/site-packages/airflow/example_dags/example_inlet_event_extra.py for tasks to queue
[2024-09-18T17:23:17.326-0500] {logging_mixin.py:190} INFO - [2024-09-18T17:23:17.326-0500] {dagbag.py:587} INFO - Filling up the DagBag from /Users/binhpham/Projects/dbt_project/venv/lib/python3.9/site-packages/airflow/example_dags/example_inlet_event_extra.py
[2024-09-18T17:23:17.384-0500] {processor.py:925} INFO - DAG(s) 'read_dataset_event', 'read_dataset_event_from_classic' retrieved from /Users/binhpham/Projects/dbt_project/venv/lib/python3.9/site-packages/airflow/example_dags/example_inlet_event_extra.py
[2024-09-18T17:23:17.496-0500] {logging_mixin.py:190} INFO - [2024-09-18T17:23:17.496-0500] {dag.py:3229} INFO - Sync 2 DAGs
[2024-09-18T17:23:17.506-0500] {logging_mixin.py:190} INFO - [2024-09-18T17:23:17.506-0500] {dag.py:4156} INFO - Setting next_dagrun for read_dataset_event to 2024-09-17 00:00:00+00:00, run_after=2024-09-18 00:00:00+00:00
[2024-09-18T17:23:17.508-0500] {logging_mixin.py:190} INFO - [2024-09-18T17:23:17.508-0500] {dag.py:4156} INFO - Setting next_dagrun for read_dataset_event_from_classic to 2024-09-17 00:00:00+00:00, run_after=2024-09-18 00:00:00+00:00
[2024-09-18T17:23:17.518-0500] {processor.py:208} INFO - Processing /Users/binhpham/Projects/dbt_project/venv/lib/python3.9/site-packages/airflow/example_dags/example_inlet_event_extra.py took 0.197 seconds
[2024-09-18T17:27:15.829-0500] {processor.py:186} INFO - Started process (PID=20659) to work on /Users/binhpham/Projects/dbt_project/venv/lib/python3.9/site-packages/airflow/example_dags/example_inlet_event_extra.py
[2024-09-18T17:27:15.832-0500] {processor.py:914} INFO - Processing file /Users/binhpham/Projects/dbt_project/venv/lib/python3.9/site-packages/airflow/example_dags/example_inlet_event_extra.py for tasks to queue
[2024-09-18T17:27:15.832-0500] {logging_mixin.py:190} INFO - [2024-09-18T17:27:15.832-0500] {dagbag.py:587} INFO - Filling up the DagBag from /Users/binhpham/Projects/dbt_project/venv/lib/python3.9/site-packages/airflow/example_dags/example_inlet_event_extra.py
[2024-09-18T17:27:15.888-0500] {processor.py:925} INFO - DAG(s) 'read_dataset_event_from_classic', 'read_dataset_event' retrieved from /Users/binhpham/Projects/dbt_project/venv/lib/python3.9/site-packages/airflow/example_dags/example_inlet_event_extra.py
[2024-09-18T17:27:15.944-0500] {logging_mixin.py:190} INFO - [2024-09-18T17:27:15.943-0500] {dag.py:3229} INFO - Sync 2 DAGs
[2024-09-18T17:27:15.953-0500] {logging_mixin.py:190} INFO - [2024-09-18T17:27:15.953-0500] {dag.py:4156} INFO - Setting next_dagrun for read_dataset_event to 2024-09-17 00:00:00+00:00, run_after=2024-09-18 00:00:00+00:00
[2024-09-18T17:27:15.956-0500] {logging_mixin.py:190} INFO - [2024-09-18T17:27:15.955-0500] {dag.py:4156} INFO - Setting next_dagrun for read_dataset_event_from_classic to 2024-09-17 00:00:00+00:00, run_after=2024-09-18 00:00:00+00:00
[2024-09-18T17:27:15.964-0500] {processor.py:208} INFO - Processing /Users/binhpham/Projects/dbt_project/venv/lib/python3.9/site-packages/airflow/example_dags/example_inlet_event_extra.py took 0.137 seconds
[2024-09-18T17:29:48.674-0500] {processor.py:186} INFO - Started process (PID=21272) to work on /Users/binhpham/Projects/dbt_project/venv/lib/python3.9/site-packages/airflow/example_dags/example_inlet_event_extra.py
[2024-09-18T17:29:48.676-0500] {processor.py:914} INFO - Processing file /Users/binhpham/Projects/dbt_project/venv/lib/python3.9/site-packages/airflow/example_dags/example_inlet_event_extra.py for tasks to queue
[2024-09-18T17:29:48.677-0500] {logging_mixin.py:190} INFO - [2024-09-18T17:29:48.677-0500] {dagbag.py:587} INFO - Filling up the DagBag from /Users/binhpham/Projects/dbt_project/venv/lib/python3.9/site-packages/airflow/example_dags/example_inlet_event_extra.py
[2024-09-18T17:29:48.735-0500] {processor.py:925} INFO - DAG(s) 'read_dataset_event', 'read_dataset_event_from_classic' retrieved from /Users/binhpham/Projects/dbt_project/venv/lib/python3.9/site-packages/airflow/example_dags/example_inlet_event_extra.py
[2024-09-18T17:29:48.790-0500] {logging_mixin.py:190} INFO - [2024-09-18T17:29:48.789-0500] {dag.py:3229} INFO - Sync 2 DAGs
[2024-09-18T17:29:48.799-0500] {logging_mixin.py:190} INFO - [2024-09-18T17:29:48.799-0500] {dag.py:4156} INFO - Setting next_dagrun for read_dataset_event to 2024-09-17 00:00:00+00:00, run_after=2024-09-18 00:00:00+00:00
[2024-09-18T17:29:48.801-0500] {logging_mixin.py:190} INFO - [2024-09-18T17:29:48.801-0500] {dag.py:4156} INFO - Setting next_dagrun for read_dataset_event_from_classic to 2024-09-17 00:00:00+00:00, run_after=2024-09-18 00:00:00+00:00
[2024-09-18T17:29:48.810-0500] {processor.py:208} INFO - Processing /Users/binhpham/Projects/dbt_project/venv/lib/python3.9/site-packages/airflow/example_dags/example_inlet_event_extra.py took 0.138 seconds
[2024-09-18T17:31:40.482-0500] {processor.py:186} INFO - Started process (PID=22623) to work on /Users/binhpham/Projects/dbt_project/venv/lib/python3.9/site-packages/airflow/example_dags/example_inlet_event_extra.py
[2024-09-18T17:31:40.484-0500] {processor.py:914} INFO - Processing file /Users/binhpham/Projects/dbt_project/venv/lib/python3.9/site-packages/airflow/example_dags/example_inlet_event_extra.py for tasks to queue
[2024-09-18T17:31:40.484-0500] {logging_mixin.py:190} INFO - [2024-09-18T17:31:40.484-0500] {dagbag.py:587} INFO - Filling up the DagBag from /Users/binhpham/Projects/dbt_project/venv/lib/python3.9/site-packages/airflow/example_dags/example_inlet_event_extra.py
[2024-09-18T17:31:40.540-0500] {processor.py:925} INFO - DAG(s) 'read_dataset_event', 'read_dataset_event_from_classic' retrieved from /Users/binhpham/Projects/dbt_project/venv/lib/python3.9/site-packages/airflow/example_dags/example_inlet_event_extra.py
[2024-09-18T17:31:40.594-0500] {logging_mixin.py:190} INFO - [2024-09-18T17:31:40.594-0500] {dag.py:3229} INFO - Sync 2 DAGs
[2024-09-18T17:31:40.603-0500] {logging_mixin.py:190} INFO - [2024-09-18T17:31:40.603-0500] {dag.py:4156} INFO - Setting next_dagrun for read_dataset_event to 2024-09-17 00:00:00+00:00, run_after=2024-09-18 00:00:00+00:00
[2024-09-18T17:31:40.605-0500] {logging_mixin.py:190} INFO - [2024-09-18T17:31:40.605-0500] {dag.py:4156} INFO - Setting next_dagrun for read_dataset_event_from_classic to 2024-09-17 00:00:00+00:00, run_after=2024-09-18 00:00:00+00:00
[2024-09-18T17:31:40.614-0500] {processor.py:208} INFO - Processing /Users/binhpham/Projects/dbt_project/venv/lib/python3.9/site-packages/airflow/example_dags/example_inlet_event_extra.py took 0.134 seconds
[2024-09-18T17:35:33.370-0500] {processor.py:186} INFO - Started process (PID=23693) to work on /Users/binhpham/Projects/dbt_project/venv/lib/python3.9/site-packages/airflow/example_dags/example_inlet_event_extra.py
[2024-09-18T17:35:33.372-0500] {processor.py:914} INFO - Processing file /Users/binhpham/Projects/dbt_project/venv/lib/python3.9/site-packages/airflow/example_dags/example_inlet_event_extra.py for tasks to queue
[2024-09-18T17:35:33.373-0500] {logging_mixin.py:190} INFO - [2024-09-18T17:35:33.373-0500] {dagbag.py:587} INFO - Filling up the DagBag from /Users/binhpham/Projects/dbt_project/venv/lib/python3.9/site-packages/airflow/example_dags/example_inlet_event_extra.py
[2024-09-18T17:35:33.428-0500] {processor.py:925} INFO - DAG(s) 'read_dataset_event', 'read_dataset_event_from_classic' retrieved from /Users/binhpham/Projects/dbt_project/venv/lib/python3.9/site-packages/airflow/example_dags/example_inlet_event_extra.py
[2024-09-18T17:35:33.485-0500] {logging_mixin.py:190} INFO - [2024-09-18T17:35:33.484-0500] {dag.py:3229} INFO - Sync 2 DAGs
[2024-09-18T17:35:33.494-0500] {logging_mixin.py:190} INFO - [2024-09-18T17:35:33.494-0500] {dag.py:4156} INFO - Setting next_dagrun for read_dataset_event to 2024-09-17 00:00:00+00:00, run_after=2024-09-18 00:00:00+00:00
[2024-09-18T17:35:33.497-0500] {logging_mixin.py:190} INFO - [2024-09-18T17:35:33.497-0500] {dag.py:4156} INFO - Setting next_dagrun for read_dataset_event_from_classic to 2024-09-17 00:00:00+00:00, run_after=2024-09-18 00:00:00+00:00
[2024-09-18T17:35:33.506-0500] {processor.py:208} INFO - Processing /Users/binhpham/Projects/dbt_project/venv/lib/python3.9/site-packages/airflow/example_dags/example_inlet_event_extra.py took 0.137 seconds
[2024-09-18T17:37:26.822-0500] {processor.py:186} INFO - Started process (PID=24047) to work on /Users/binhpham/Projects/dbt_project/venv/lib/python3.9/site-packages/airflow/example_dags/example_inlet_event_extra.py
[2024-09-18T17:37:26.823-0500] {processor.py:914} INFO - Processing file /Users/binhpham/Projects/dbt_project/venv/lib/python3.9/site-packages/airflow/example_dags/example_inlet_event_extra.py for tasks to queue
[2024-09-18T17:37:26.824-0500] {logging_mixin.py:190} INFO - [2024-09-18T17:37:26.824-0500] {dagbag.py:587} INFO - Filling up the DagBag from /Users/binhpham/Projects/dbt_project/venv/lib/python3.9/site-packages/airflow/example_dags/example_inlet_event_extra.py
[2024-09-18T17:37:26.881-0500] {processor.py:925} INFO - DAG(s) 'read_dataset_event', 'read_dataset_event_from_classic' retrieved from /Users/binhpham/Projects/dbt_project/venv/lib/python3.9/site-packages/airflow/example_dags/example_inlet_event_extra.py
[2024-09-18T17:37:26.935-0500] {logging_mixin.py:190} INFO - [2024-09-18T17:37:26.935-0500] {dag.py:3229} INFO - Sync 2 DAGs
[2024-09-18T17:37:26.945-0500] {logging_mixin.py:190} INFO - [2024-09-18T17:37:26.944-0500] {dag.py:4156} INFO - Setting next_dagrun for read_dataset_event to 2024-09-17 00:00:00+00:00, run_after=2024-09-18 00:00:00+00:00
[2024-09-18T17:37:26.947-0500] {logging_mixin.py:190} INFO - [2024-09-18T17:37:26.947-0500] {dag.py:4156} INFO - Setting next_dagrun for read_dataset_event_from_classic to 2024-09-17 00:00:00+00:00, run_after=2024-09-18 00:00:00+00:00
[2024-09-18T17:37:26.955-0500] {processor.py:208} INFO - Processing /Users/binhpham/Projects/dbt_project/venv/lib/python3.9/site-packages/airflow/example_dags/example_inlet_event_extra.py took 0.135 seconds
[2024-09-18T17:40:15.447-0500] {processor.py:186} INFO - Started process (PID=24587) to work on /Users/binhpham/Projects/dbt_project/venv/lib/python3.9/site-packages/airflow/example_dags/example_inlet_event_extra.py
[2024-09-18T17:40:15.449-0500] {processor.py:914} INFO - Processing file /Users/binhpham/Projects/dbt_project/venv/lib/python3.9/site-packages/airflow/example_dags/example_inlet_event_extra.py for tasks to queue
[2024-09-18T17:40:15.450-0500] {logging_mixin.py:190} INFO - [2024-09-18T17:40:15.450-0500] {dagbag.py:587} INFO - Filling up the DagBag from /Users/binhpham/Projects/dbt_project/venv/lib/python3.9/site-packages/airflow/example_dags/example_inlet_event_extra.py
[2024-09-18T17:40:15.508-0500] {processor.py:925} INFO - DAG(s) 'read_dataset_event_from_classic', 'read_dataset_event' retrieved from /Users/binhpham/Projects/dbt_project/venv/lib/python3.9/site-packages/airflow/example_dags/example_inlet_event_extra.py
[2024-09-18T17:40:15.565-0500] {logging_mixin.py:190} INFO - [2024-09-18T17:40:15.565-0500] {dag.py:3229} INFO - Sync 2 DAGs
[2024-09-18T17:40:15.575-0500] {logging_mixin.py:190} INFO - [2024-09-18T17:40:15.575-0500] {dag.py:4156} INFO - Setting next_dagrun for read_dataset_event to 2024-09-17 00:00:00+00:00, run_after=2024-09-18 00:00:00+00:00
[2024-09-18T17:40:15.577-0500] {logging_mixin.py:190} INFO - [2024-09-18T17:40:15.577-0500] {dag.py:4156} INFO - Setting next_dagrun for read_dataset_event_from_classic to 2024-09-17 00:00:00+00:00, run_after=2024-09-18 00:00:00+00:00
[2024-09-18T17:40:15.587-0500] {processor.py:208} INFO - Processing /Users/binhpham/Projects/dbt_project/venv/lib/python3.9/site-packages/airflow/example_dags/example_inlet_event_extra.py took 0.141 seconds
[2024-09-18T17:43:06.459-0500] {processor.py:186} INFO - Started process (PID=25142) to work on /Users/binhpham/Projects/dbt_project/venv/lib/python3.9/site-packages/airflow/example_dags/example_inlet_event_extra.py
[2024-09-18T17:43:06.461-0500] {processor.py:914} INFO - Processing file /Users/binhpham/Projects/dbt_project/venv/lib/python3.9/site-packages/airflow/example_dags/example_inlet_event_extra.py for tasks to queue
[2024-09-18T17:43:06.461-0500] {logging_mixin.py:190} INFO - [2024-09-18T17:43:06.461-0500] {dagbag.py:587} INFO - Filling up the DagBag from /Users/binhpham/Projects/dbt_project/venv/lib/python3.9/site-packages/airflow/example_dags/example_inlet_event_extra.py
[2024-09-18T17:43:06.529-0500] {processor.py:925} INFO - DAG(s) 'read_dataset_event', 'read_dataset_event_from_classic' retrieved from /Users/binhpham/Projects/dbt_project/venv/lib/python3.9/site-packages/airflow/example_dags/example_inlet_event_extra.py
[2024-09-18T17:43:06.588-0500] {logging_mixin.py:190} INFO - [2024-09-18T17:43:06.588-0500] {dag.py:3229} INFO - Sync 2 DAGs
[2024-09-18T17:43:06.599-0500] {logging_mixin.py:190} INFO - [2024-09-18T17:43:06.599-0500] {dag.py:4156} INFO - Setting next_dagrun for read_dataset_event to 2024-09-17 00:00:00+00:00, run_after=2024-09-18 00:00:00+00:00
[2024-09-18T17:43:06.601-0500] {logging_mixin.py:190} INFO - [2024-09-18T17:43:06.601-0500] {dag.py:4156} INFO - Setting next_dagrun for read_dataset_event_from_classic to 2024-09-17 00:00:00+00:00, run_after=2024-09-18 00:00:00+00:00
[2024-09-18T17:43:06.610-0500] {processor.py:208} INFO - Processing /Users/binhpham/Projects/dbt_project/venv/lib/python3.9/site-packages/airflow/example_dags/example_inlet_event_extra.py took 0.153 seconds
