[2024-09-18T16:53:00.435-0500] {processor.py:186} INFO - Started process (PID=12052) to work on /Users/binhpham/Library/Python/3.9/lib/python/site-packages/airflow/example_dags/example_display_name.py
[2024-09-18T16:53:00.437-0500] {processor.py:914} INFO - Processing file /Users/binhpham/Library/Python/3.9/lib/python/site-packages/airflow/example_dags/example_display_name.py for tasks to queue
[2024-09-18T16:53:00.437-0500] {logging_mixin.py:190} INFO - [2024-09-18T16:53:00.437-0500] {dagbag.py:587} INFO - Filling up the DagBag from /Users/binhpham/Library/Python/3.9/lib/python/site-packages/airflow/example_dags/example_display_name.py
[2024-09-18T16:53:00.456-0500] {processor.py:925} INFO - DAG(s) 'example_display_name' retrieved from /Users/binhpham/Library/Python/3.9/lib/python/site-packages/airflow/example_dags/example_display_name.py
[2024-09-18T16:53:00.509-0500] {logging_mixin.py:190} INFO - [2024-09-18T16:53:00.509-0500] {dag.py:3229} INFO - Sync 1 DAGs
[2024-09-18T16:53:00.515-0500] {logging_mixin.py:190} INFO - [2024-09-18T16:53:00.515-0500] {dag.py:4156} INFO - Setting next_dagrun for example_display_name to None, run_after=None
[2024-09-18T16:53:00.524-0500] {processor.py:208} INFO - Processing /Users/binhpham/Library/Python/3.9/lib/python/site-packages/airflow/example_dags/example_display_name.py took 0.091 seconds
[2024-09-18T16:58:01.101-0500] {processor.py:186} INFO - Started process (PID=13074) to work on /Users/binhpham/Library/Python/3.9/lib/python/site-packages/airflow/example_dags/example_display_name.py
[2024-09-18T16:58:01.103-0500] {processor.py:914} INFO - Processing file /Users/binhpham/Library/Python/3.9/lib/python/site-packages/airflow/example_dags/example_display_name.py for tasks to queue
[2024-09-18T16:58:01.104-0500] {logging_mixin.py:190} INFO - [2024-09-18T16:58:01.104-0500] {dagbag.py:587} INFO - Filling up the DagBag from /Users/binhpham/Library/Python/3.9/lib/python/site-packages/airflow/example_dags/example_display_name.py
[2024-09-18T16:58:01.122-0500] {processor.py:925} INFO - DAG(s) 'example_display_name' retrieved from /Users/binhpham/Library/Python/3.9/lib/python/site-packages/airflow/example_dags/example_display_name.py
[2024-09-18T16:58:01.178-0500] {logging_mixin.py:190} INFO - [2024-09-18T16:58:01.178-0500] {dag.py:3229} INFO - Sync 1 DAGs
[2024-09-18T16:58:01.185-0500] {logging_mixin.py:190} INFO - [2024-09-18T16:58:01.185-0500] {dag.py:4156} INFO - Setting next_dagrun for example_display_name to None, run_after=None
[2024-09-18T16:58:01.195-0500] {processor.py:208} INFO - Processing /Users/binhpham/Library/Python/3.9/lib/python/site-packages/airflow/example_dags/example_display_name.py took 0.095 seconds
[2024-09-18T17:00:00.409-0500] {processor.py:186} INFO - Started process (PID=13462) to work on /Users/binhpham/Library/Python/3.9/lib/python/site-packages/airflow/example_dags/example_display_name.py
[2024-09-18T17:00:00.412-0500] {processor.py:914} INFO - Processing file /Users/binhpham/Library/Python/3.9/lib/python/site-packages/airflow/example_dags/example_display_name.py for tasks to queue
[2024-09-18T17:00:00.412-0500] {logging_mixin.py:190} INFO - [2024-09-18T17:00:00.412-0500] {dagbag.py:587} INFO - Filling up the DagBag from /Users/binhpham/Library/Python/3.9/lib/python/site-packages/airflow/example_dags/example_display_name.py
[2024-09-18T17:00:00.430-0500] {processor.py:925} INFO - DAG(s) 'example_display_name' retrieved from /Users/binhpham/Library/Python/3.9/lib/python/site-packages/airflow/example_dags/example_display_name.py
[2024-09-18T17:00:00.484-0500] {logging_mixin.py:190} INFO - [2024-09-18T17:00:00.484-0500] {dag.py:3229} INFO - Sync 1 DAGs
[2024-09-18T17:00:00.490-0500] {logging_mixin.py:190} INFO - [2024-09-18T17:00:00.490-0500] {dag.py:4156} INFO - Setting next_dagrun for example_display_name to None, run_after=None
[2024-09-18T17:00:00.500-0500] {processor.py:208} INFO - Processing /Users/binhpham/Library/Python/3.9/lib/python/site-packages/airflow/example_dags/example_display_name.py took 0.093 seconds
[2024-09-18T17:02:53.267-0500] {processor.py:186} INFO - Started process (PID=14040) to work on /Users/binhpham/Library/Python/3.9/lib/python/site-packages/airflow/example_dags/example_display_name.py
[2024-09-18T17:02:53.269-0500] {processor.py:914} INFO - Processing file /Users/binhpham/Library/Python/3.9/lib/python/site-packages/airflow/example_dags/example_display_name.py for tasks to queue
[2024-09-18T17:02:53.269-0500] {logging_mixin.py:190} INFO - [2024-09-18T17:02:53.269-0500] {dagbag.py:587} INFO - Filling up the DagBag from /Users/binhpham/Library/Python/3.9/lib/python/site-packages/airflow/example_dags/example_display_name.py
[2024-09-18T17:02:53.287-0500] {processor.py:925} INFO - DAG(s) 'example_display_name' retrieved from /Users/binhpham/Library/Python/3.9/lib/python/site-packages/airflow/example_dags/example_display_name.py
[2024-09-18T17:02:53.342-0500] {logging_mixin.py:190} INFO - [2024-09-18T17:02:53.342-0500] {dag.py:3229} INFO - Sync 1 DAGs
[2024-09-18T17:02:53.349-0500] {logging_mixin.py:190} INFO - [2024-09-18T17:02:53.349-0500] {dag.py:4156} INFO - Setting next_dagrun for example_display_name to None, run_after=None
[2024-09-18T17:02:53.359-0500] {processor.py:208} INFO - Processing /Users/binhpham/Library/Python/3.9/lib/python/site-packages/airflow/example_dags/example_display_name.py took 0.093 seconds
[2024-09-18T17:05:46.094-0500] {processor.py:186} INFO - Started process (PID=14664) to work on /Users/binhpham/Library/Python/3.9/lib/python/site-packages/airflow/example_dags/example_display_name.py
[2024-09-18T17:05:46.096-0500] {processor.py:914} INFO - Processing file /Users/binhpham/Library/Python/3.9/lib/python/site-packages/airflow/example_dags/example_display_name.py for tasks to queue
[2024-09-18T17:05:46.097-0500] {logging_mixin.py:190} INFO - [2024-09-18T17:05:46.096-0500] {dagbag.py:587} INFO - Filling up the DagBag from /Users/binhpham/Library/Python/3.9/lib/python/site-packages/airflow/example_dags/example_display_name.py
[2024-09-18T17:05:46.114-0500] {processor.py:925} INFO - DAG(s) 'example_display_name' retrieved from /Users/binhpham/Library/Python/3.9/lib/python/site-packages/airflow/example_dags/example_display_name.py
[2024-09-18T17:05:46.166-0500] {logging_mixin.py:190} INFO - [2024-09-18T17:05:46.165-0500] {dag.py:3229} INFO - Sync 1 DAGs
[2024-09-18T17:05:46.172-0500] {logging_mixin.py:190} INFO - [2024-09-18T17:05:46.171-0500] {dag.py:4156} INFO - Setting next_dagrun for example_display_name to None, run_after=None
[2024-09-18T17:05:46.181-0500] {processor.py:208} INFO - Processing /Users/binhpham/Library/Python/3.9/lib/python/site-packages/airflow/example_dags/example_display_name.py took 0.088 seconds
[2024-09-18T17:08:39.284-0500] {processor.py:186} INFO - Started process (PID=15303) to work on /Users/binhpham/Library/Python/3.9/lib/python/site-packages/airflow/example_dags/example_display_name.py
[2024-09-18T17:08:39.286-0500] {processor.py:914} INFO - Processing file /Users/binhpham/Library/Python/3.9/lib/python/site-packages/airflow/example_dags/example_display_name.py for tasks to queue
[2024-09-18T17:08:39.286-0500] {logging_mixin.py:190} INFO - [2024-09-18T17:08:39.286-0500] {dagbag.py:587} INFO - Filling up the DagBag from /Users/binhpham/Library/Python/3.9/lib/python/site-packages/airflow/example_dags/example_display_name.py
[2024-09-18T17:08:39.305-0500] {processor.py:925} INFO - DAG(s) 'example_display_name' retrieved from /Users/binhpham/Library/Python/3.9/lib/python/site-packages/airflow/example_dags/example_display_name.py
[2024-09-18T17:08:39.361-0500] {logging_mixin.py:190} INFO - [2024-09-18T17:08:39.361-0500] {dag.py:3229} INFO - Sync 1 DAGs
[2024-09-18T17:08:39.367-0500] {logging_mixin.py:190} INFO - [2024-09-18T17:08:39.367-0500] {dag.py:4156} INFO - Setting next_dagrun for example_display_name to None, run_after=None
[2024-09-18T17:08:39.377-0500] {processor.py:208} INFO - Processing /Users/binhpham/Library/Python/3.9/lib/python/site-packages/airflow/example_dags/example_display_name.py took 0.095 seconds
[2024-09-18T17:11:35.603-0500] {processor.py:186} INFO - Started process (PID=15906) to work on /Users/binhpham/Library/Python/3.9/lib/python/site-packages/airflow/example_dags/example_display_name.py
[2024-09-18T17:11:35.605-0500] {processor.py:914} INFO - Processing file /Users/binhpham/Library/Python/3.9/lib/python/site-packages/airflow/example_dags/example_display_name.py for tasks to queue
[2024-09-18T17:11:35.605-0500] {logging_mixin.py:190} INFO - [2024-09-18T17:11:35.605-0500] {dagbag.py:587} INFO - Filling up the DagBag from /Users/binhpham/Library/Python/3.9/lib/python/site-packages/airflow/example_dags/example_display_name.py
[2024-09-18T17:11:35.623-0500] {processor.py:925} INFO - DAG(s) 'example_display_name' retrieved from /Users/binhpham/Library/Python/3.9/lib/python/site-packages/airflow/example_dags/example_display_name.py
[2024-09-18T17:11:35.679-0500] {logging_mixin.py:190} INFO - [2024-09-18T17:11:35.679-0500] {dag.py:3229} INFO - Sync 1 DAGs
[2024-09-18T17:11:35.686-0500] {logging_mixin.py:190} INFO - [2024-09-18T17:11:35.686-0500] {dag.py:4156} INFO - Setting next_dagrun for example_display_name to None, run_after=None
[2024-09-18T17:11:35.695-0500] {processor.py:208} INFO - Processing /Users/binhpham/Library/Python/3.9/lib/python/site-packages/airflow/example_dags/example_display_name.py took 0.093 seconds
[2024-09-18T17:16:26.263-0500] {processor.py:186} INFO - Started process (PID=17038) to work on /Users/binhpham/Library/Python/3.9/lib/python/site-packages/airflow/example_dags/example_display_name.py
[2024-09-18T17:16:26.266-0500] {processor.py:914} INFO - Processing file /Users/binhpham/Library/Python/3.9/lib/python/site-packages/airflow/example_dags/example_display_name.py for tasks to queue
[2024-09-18T17:16:26.266-0500] {logging_mixin.py:190} INFO - [2024-09-18T17:16:26.266-0500] {dagbag.py:587} INFO - Filling up the DagBag from /Users/binhpham/Library/Python/3.9/lib/python/site-packages/airflow/example_dags/example_display_name.py
[2024-09-18T17:16:26.284-0500] {processor.py:925} INFO - DAG(s) 'example_display_name' retrieved from /Users/binhpham/Library/Python/3.9/lib/python/site-packages/airflow/example_dags/example_display_name.py
[2024-09-18T17:16:26.337-0500] {logging_mixin.py:190} INFO - [2024-09-18T17:16:26.337-0500] {dag.py:3229} INFO - Sync 1 DAGs
[2024-09-18T17:16:26.343-0500] {logging_mixin.py:190} INFO - [2024-09-18T17:16:26.343-0500] {dag.py:4156} INFO - Setting next_dagrun for example_display_name to None, run_after=None
[2024-09-18T17:16:26.352-0500] {processor.py:208} INFO - Processing /Users/binhpham/Library/Python/3.9/lib/python/site-packages/airflow/example_dags/example_display_name.py took 0.090 seconds
[2024-09-18T17:19:25.143-0500] {processor.py:186} INFO - Started process (PID=18281) to work on /Users/binhpham/Library/Python/3.9/lib/python/site-packages/airflow/example_dags/example_display_name.py
[2024-09-18T17:19:25.145-0500] {processor.py:914} INFO - Processing file /Users/binhpham/Library/Python/3.9/lib/python/site-packages/airflow/example_dags/example_display_name.py for tasks to queue
[2024-09-18T17:19:25.145-0500] {logging_mixin.py:190} INFO - [2024-09-18T17:19:25.145-0500] {dagbag.py:587} INFO - Filling up the DagBag from /Users/binhpham/Library/Python/3.9/lib/python/site-packages/airflow/example_dags/example_display_name.py
[2024-09-18T17:19:25.164-0500] {processor.py:925} INFO - DAG(s) 'example_display_name' retrieved from /Users/binhpham/Library/Python/3.9/lib/python/site-packages/airflow/example_dags/example_display_name.py
[2024-09-18T17:19:25.217-0500] {logging_mixin.py:190} INFO - [2024-09-18T17:19:25.217-0500] {dag.py:3229} INFO - Sync 1 DAGs
[2024-09-18T17:19:25.223-0500] {logging_mixin.py:190} INFO - [2024-09-18T17:19:25.223-0500] {dag.py:4156} INFO - Setting next_dagrun for example_display_name to None, run_after=None
[2024-09-18T17:19:25.232-0500] {processor.py:208} INFO - Processing /Users/binhpham/Library/Python/3.9/lib/python/site-packages/airflow/example_dags/example_display_name.py took 0.091 seconds
[2024-09-18T17:23:25.653-0500] {processor.py:186} INFO - Started process (PID=19722) to work on /Users/binhpham/Projects/dbt_project/venv/lib/python3.9/site-packages/airflow/example_dags/example_display_name.py
[2024-09-18T17:23:25.655-0500] {processor.py:914} INFO - Processing file /Users/binhpham/Projects/dbt_project/venv/lib/python3.9/site-packages/airflow/example_dags/example_display_name.py for tasks to queue
[2024-09-18T17:23:25.656-0500] {logging_mixin.py:190} INFO - [2024-09-18T17:23:25.656-0500] {dagbag.py:587} INFO - Filling up the DagBag from /Users/binhpham/Projects/dbt_project/venv/lib/python3.9/site-packages/airflow/example_dags/example_display_name.py
[2024-09-18T17:23:25.674-0500] {processor.py:925} INFO - DAG(s) 'example_display_name' retrieved from /Users/binhpham/Projects/dbt_project/venv/lib/python3.9/site-packages/airflow/example_dags/example_display_name.py
[2024-09-18T17:23:25.772-0500] {logging_mixin.py:190} INFO - [2024-09-18T17:23:25.772-0500] {dag.py:3229} INFO - Sync 1 DAGs
[2024-09-18T17:23:25.778-0500] {logging_mixin.py:190} INFO - [2024-09-18T17:23:25.778-0500] {dag.py:4156} INFO - Setting next_dagrun for example_display_name to None, run_after=None
[2024-09-18T17:23:25.788-0500] {processor.py:208} INFO - Processing /Users/binhpham/Projects/dbt_project/venv/lib/python3.9/site-packages/airflow/example_dags/example_display_name.py took 0.137 seconds
[2024-09-18T17:27:24.090-0500] {processor.py:186} INFO - Started process (PID=20704) to work on /Users/binhpham/Projects/dbt_project/venv/lib/python3.9/site-packages/airflow/example_dags/example_display_name.py
[2024-09-18T17:27:24.092-0500] {processor.py:914} INFO - Processing file /Users/binhpham/Projects/dbt_project/venv/lib/python3.9/site-packages/airflow/example_dags/example_display_name.py for tasks to queue
[2024-09-18T17:27:24.092-0500] {logging_mixin.py:190} INFO - [2024-09-18T17:27:24.092-0500] {dagbag.py:587} INFO - Filling up the DagBag from /Users/binhpham/Projects/dbt_project/venv/lib/python3.9/site-packages/airflow/example_dags/example_display_name.py
[2024-09-18T17:27:24.112-0500] {processor.py:925} INFO - DAG(s) 'example_display_name' retrieved from /Users/binhpham/Projects/dbt_project/venv/lib/python3.9/site-packages/airflow/example_dags/example_display_name.py
[2024-09-18T17:27:24.166-0500] {logging_mixin.py:190} INFO - [2024-09-18T17:27:24.166-0500] {dag.py:3229} INFO - Sync 1 DAGs
[2024-09-18T17:27:24.171-0500] {logging_mixin.py:190} INFO - [2024-09-18T17:27:24.171-0500] {dag.py:4156} INFO - Setting next_dagrun for example_display_name to None, run_after=None
[2024-09-18T17:27:24.181-0500] {processor.py:208} INFO - Processing /Users/binhpham/Projects/dbt_project/venv/lib/python3.9/site-packages/airflow/example_dags/example_display_name.py took 0.092 seconds
[2024-09-18T17:29:56.758-0500] {processor.py:186} INFO - Started process (PID=21610) to work on /Users/binhpham/Projects/dbt_project/venv/lib/python3.9/site-packages/airflow/example_dags/example_display_name.py
[2024-09-18T17:29:56.761-0500] {processor.py:914} INFO - Processing file /Users/binhpham/Projects/dbt_project/venv/lib/python3.9/site-packages/airflow/example_dags/example_display_name.py for tasks to queue
[2024-09-18T17:29:56.761-0500] {logging_mixin.py:190} INFO - [2024-09-18T17:29:56.761-0500] {dagbag.py:587} INFO - Filling up the DagBag from /Users/binhpham/Projects/dbt_project/venv/lib/python3.9/site-packages/airflow/example_dags/example_display_name.py
[2024-09-18T17:29:56.779-0500] {processor.py:925} INFO - DAG(s) 'example_display_name' retrieved from /Users/binhpham/Projects/dbt_project/venv/lib/python3.9/site-packages/airflow/example_dags/example_display_name.py
[2024-09-18T17:29:56.832-0500] {logging_mixin.py:190} INFO - [2024-09-18T17:29:56.832-0500] {dag.py:3229} INFO - Sync 1 DAGs
[2024-09-18T17:29:56.838-0500] {logging_mixin.py:190} INFO - [2024-09-18T17:29:56.838-0500] {dag.py:4156} INFO - Setting next_dagrun for example_display_name to None, run_after=None
[2024-09-18T17:29:56.847-0500] {processor.py:208} INFO - Processing /Users/binhpham/Projects/dbt_project/venv/lib/python3.9/site-packages/airflow/example_dags/example_display_name.py took 0.090 seconds
[2024-09-18T17:32:42.282-0500] {processor.py:186} INFO - Started process (PID=22851) to work on /Users/binhpham/Projects/dbt_project/venv/lib/python3.9/site-packages/airflow/example_dags/example_display_name.py
[2024-09-18T17:32:42.284-0500] {processor.py:914} INFO - Processing file /Users/binhpham/Projects/dbt_project/venv/lib/python3.9/site-packages/airflow/example_dags/example_display_name.py for tasks to queue
[2024-09-18T17:32:42.284-0500] {logging_mixin.py:190} INFO - [2024-09-18T17:32:42.284-0500] {dagbag.py:587} INFO - Filling up the DagBag from /Users/binhpham/Projects/dbt_project/venv/lib/python3.9/site-packages/airflow/example_dags/example_display_name.py
[2024-09-18T17:32:42.305-0500] {processor.py:925} INFO - DAG(s) 'example_display_name' retrieved from /Users/binhpham/Projects/dbt_project/venv/lib/python3.9/site-packages/airflow/example_dags/example_display_name.py
[2024-09-18T17:32:42.364-0500] {logging_mixin.py:190} INFO - [2024-09-18T17:32:42.364-0500] {dag.py:3229} INFO - Sync 1 DAGs
[2024-09-18T17:32:42.370-0500] {logging_mixin.py:190} INFO - [2024-09-18T17:32:42.370-0500] {dag.py:4156} INFO - Setting next_dagrun for example_display_name to None, run_after=None
[2024-09-18T17:32:42.381-0500] {processor.py:208} INFO - Processing /Users/binhpham/Projects/dbt_project/venv/lib/python3.9/site-packages/airflow/example_dags/example_display_name.py took 0.100 seconds
[2024-09-18T17:35:41.556-0500] {processor.py:186} INFO - Started process (PID=23723) to work on /Users/binhpham/Projects/dbt_project/venv/lib/python3.9/site-packages/airflow/example_dags/example_display_name.py
[2024-09-18T17:35:41.558-0500] {processor.py:914} INFO - Processing file /Users/binhpham/Projects/dbt_project/venv/lib/python3.9/site-packages/airflow/example_dags/example_display_name.py for tasks to queue
[2024-09-18T17:35:41.559-0500] {logging_mixin.py:190} INFO - [2024-09-18T17:35:41.559-0500] {dagbag.py:587} INFO - Filling up the DagBag from /Users/binhpham/Projects/dbt_project/venv/lib/python3.9/site-packages/airflow/example_dags/example_display_name.py
[2024-09-18T17:35:41.577-0500] {processor.py:925} INFO - DAG(s) 'example_display_name' retrieved from /Users/binhpham/Projects/dbt_project/venv/lib/python3.9/site-packages/airflow/example_dags/example_display_name.py
[2024-09-18T17:35:41.628-0500] {logging_mixin.py:190} INFO - [2024-09-18T17:35:41.628-0500] {dag.py:3229} INFO - Sync 1 DAGs
[2024-09-18T17:35:41.634-0500] {logging_mixin.py:190} INFO - [2024-09-18T17:35:41.634-0500] {dag.py:4156} INFO - Setting next_dagrun for example_display_name to None, run_after=None
[2024-09-18T17:35:41.643-0500] {processor.py:208} INFO - Processing /Users/binhpham/Projects/dbt_project/venv/lib/python3.9/site-packages/airflow/example_dags/example_display_name.py took 0.089 seconds
[2024-09-18T17:38:26.226-0500] {processor.py:186} INFO - Started process (PID=24237) to work on /Users/binhpham/Projects/dbt_project/venv/lib/python3.9/site-packages/airflow/example_dags/example_display_name.py
[2024-09-18T17:38:26.227-0500] {processor.py:914} INFO - Processing file /Users/binhpham/Projects/dbt_project/venv/lib/python3.9/site-packages/airflow/example_dags/example_display_name.py for tasks to queue
[2024-09-18T17:38:26.227-0500] {logging_mixin.py:190} INFO - [2024-09-18T17:38:26.227-0500] {dagbag.py:587} INFO - Filling up the DagBag from /Users/binhpham/Projects/dbt_project/venv/lib/python3.9/site-packages/airflow/example_dags/example_display_name.py
[2024-09-18T17:38:26.247-0500] {processor.py:925} INFO - DAG(s) 'example_display_name' retrieved from /Users/binhpham/Projects/dbt_project/venv/lib/python3.9/site-packages/airflow/example_dags/example_display_name.py
[2024-09-18T17:38:26.312-0500] {logging_mixin.py:190} INFO - [2024-09-18T17:38:26.312-0500] {dag.py:3229} INFO - Sync 1 DAGs
[2024-09-18T17:38:26.318-0500] {logging_mixin.py:190} INFO - [2024-09-18T17:38:26.318-0500] {dag.py:4156} INFO - Setting next_dagrun for example_display_name to None, run_after=None
[2024-09-18T17:38:26.329-0500] {processor.py:208} INFO - Processing /Users/binhpham/Projects/dbt_project/venv/lib/python3.9/site-packages/airflow/example_dags/example_display_name.py took 0.105 seconds
[2024-09-18T17:41:18.978-0500] {processor.py:186} INFO - Started process (PID=24783) to work on /Users/binhpham/Projects/dbt_project/venv/lib/python3.9/site-packages/airflow/example_dags/example_display_name.py
[2024-09-18T17:41:18.981-0500] {processor.py:914} INFO - Processing file /Users/binhpham/Projects/dbt_project/venv/lib/python3.9/site-packages/airflow/example_dags/example_display_name.py for tasks to queue
[2024-09-18T17:41:18.981-0500] {logging_mixin.py:190} INFO - [2024-09-18T17:41:18.981-0500] {dagbag.py:587} INFO - Filling up the DagBag from /Users/binhpham/Projects/dbt_project/venv/lib/python3.9/site-packages/airflow/example_dags/example_display_name.py
[2024-09-18T17:41:19.000-0500] {processor.py:925} INFO - DAG(s) 'example_display_name' retrieved from /Users/binhpham/Projects/dbt_project/venv/lib/python3.9/site-packages/airflow/example_dags/example_display_name.py
[2024-09-18T17:41:19.052-0500] {logging_mixin.py:190} INFO - [2024-09-18T17:41:19.051-0500] {dag.py:3229} INFO - Sync 1 DAGs
[2024-09-18T17:41:19.057-0500] {logging_mixin.py:190} INFO - [2024-09-18T17:41:19.057-0500] {dag.py:4156} INFO - Setting next_dagrun for example_display_name to None, run_after=None
[2024-09-18T17:41:19.066-0500] {processor.py:208} INFO - Processing /Users/binhpham/Projects/dbt_project/venv/lib/python3.9/site-packages/airflow/example_dags/example_display_name.py took 0.090 seconds
[2024-09-18T17:44:10.045-0500] {processor.py:186} INFO - Started process (PID=25367) to work on /Users/binhpham/Projects/dbt_project/venv/lib/python3.9/site-packages/airflow/example_dags/example_display_name.py
[2024-09-18T17:44:10.048-0500] {processor.py:914} INFO - Processing file /Users/binhpham/Projects/dbt_project/venv/lib/python3.9/site-packages/airflow/example_dags/example_display_name.py for tasks to queue
[2024-09-18T17:44:10.048-0500] {logging_mixin.py:190} INFO - [2024-09-18T17:44:10.048-0500] {dagbag.py:587} INFO - Filling up the DagBag from /Users/binhpham/Projects/dbt_project/venv/lib/python3.9/site-packages/airflow/example_dags/example_display_name.py
[2024-09-18T17:44:10.067-0500] {processor.py:925} INFO - DAG(s) 'example_display_name' retrieved from /Users/binhpham/Projects/dbt_project/venv/lib/python3.9/site-packages/airflow/example_dags/example_display_name.py
[2024-09-18T17:44:10.120-0500] {logging_mixin.py:190} INFO - [2024-09-18T17:44:10.119-0500] {dag.py:3229} INFO - Sync 1 DAGs
[2024-09-18T17:44:10.125-0500] {logging_mixin.py:190} INFO - [2024-09-18T17:44:10.125-0500] {dag.py:4156} INFO - Setting next_dagrun for example_display_name to None, run_after=None
[2024-09-18T17:44:10.135-0500] {processor.py:208} INFO - Processing /Users/binhpham/Projects/dbt_project/venv/lib/python3.9/site-packages/airflow/example_dags/example_display_name.py took 0.091 seconds
