[2024-09-18T16:52:19.511-0500] {processor.py:186} INFO - Started process (PID=11846) to work on /Users/binhpham/Library/Python/3.9/lib/python/site-packages/airflow/example_dags/example_setup_teardown_taskflow.py
[2024-09-18T16:52:19.513-0500] {processor.py:914} INFO - Processing file /Users/binhpham/Library/Python/3.9/lib/python/site-packages/airflow/example_dags/example_setup_teardown_taskflow.py for tasks to queue
[2024-09-18T16:52:19.514-0500] {logging_mixin.py:190} INFO - [2024-09-18T16:52:19.513-0500] {dagbag.py:587} INFO - Filling up the DagBag from /Users/binhpham/Library/Python/3.9/lib/python/site-packages/airflow/example_dags/example_setup_teardown_taskflow.py
[2024-09-18T16:52:19.536-0500] {processor.py:925} INFO - DAG(s) 'example_setup_teardown_taskflow' retrieved from /Users/binhpham/Library/Python/3.9/lib/python/site-packages/airflow/example_dags/example_setup_teardown_taskflow.py
[2024-09-18T16:52:19.591-0500] {logging_mixin.py:190} INFO - [2024-09-18T16:52:19.591-0500] {dag.py:3229} INFO - Sync 1 DAGs
[2024-09-18T16:52:19.597-0500] {logging_mixin.py:190} INFO - [2024-09-18T16:52:19.597-0500] {dag.py:4156} INFO - Setting next_dagrun for example_setup_teardown_taskflow to None, run_after=None
[2024-09-18T16:52:19.606-0500] {processor.py:208} INFO - Processing /Users/binhpham/Library/Python/3.9/lib/python/site-packages/airflow/example_dags/example_setup_teardown_taskflow.py took 0.096 seconds
[2024-09-18T16:54:17.953-0500] {processor.py:186} INFO - Started process (PID=12326) to work on /Users/binhpham/Library/Python/3.9/lib/python/site-packages/airflow/example_dags/example_setup_teardown_taskflow.py
[2024-09-18T16:54:17.955-0500] {processor.py:914} INFO - Processing file /Users/binhpham/Library/Python/3.9/lib/python/site-packages/airflow/example_dags/example_setup_teardown_taskflow.py for tasks to queue
[2024-09-18T16:54:17.955-0500] {logging_mixin.py:190} INFO - [2024-09-18T16:54:17.955-0500] {dagbag.py:587} INFO - Filling up the DagBag from /Users/binhpham/Library/Python/3.9/lib/python/site-packages/airflow/example_dags/example_setup_teardown_taskflow.py
[2024-09-18T16:54:17.975-0500] {processor.py:925} INFO - DAG(s) 'example_setup_teardown_taskflow' retrieved from /Users/binhpham/Library/Python/3.9/lib/python/site-packages/airflow/example_dags/example_setup_teardown_taskflow.py
[2024-09-18T16:54:18.034-0500] {logging_mixin.py:190} INFO - [2024-09-18T16:54:18.034-0500] {dag.py:3229} INFO - Sync 1 DAGs
[2024-09-18T16:54:18.040-0500] {logging_mixin.py:190} INFO - [2024-09-18T16:54:18.040-0500] {dag.py:4156} INFO - Setting next_dagrun for example_setup_teardown_taskflow to None, run_after=None
[2024-09-18T16:54:18.050-0500] {processor.py:208} INFO - Processing /Users/binhpham/Library/Python/3.9/lib/python/site-packages/airflow/example_dags/example_setup_teardown_taskflow.py took 0.098 seconds
[2024-09-18T16:57:20.231-0500] {processor.py:186} INFO - Started process (PID=12934) to work on /Users/binhpham/Library/Python/3.9/lib/python/site-packages/airflow/example_dags/example_setup_teardown_taskflow.py
[2024-09-18T16:57:20.234-0500] {processor.py:914} INFO - Processing file /Users/binhpham/Library/Python/3.9/lib/python/site-packages/airflow/example_dags/example_setup_teardown_taskflow.py for tasks to queue
[2024-09-18T16:57:20.235-0500] {logging_mixin.py:190} INFO - [2024-09-18T16:57:20.235-0500] {dagbag.py:587} INFO - Filling up the DagBag from /Users/binhpham/Library/Python/3.9/lib/python/site-packages/airflow/example_dags/example_setup_teardown_taskflow.py
[2024-09-18T16:57:20.254-0500] {processor.py:925} INFO - DAG(s) 'example_setup_teardown_taskflow' retrieved from /Users/binhpham/Library/Python/3.9/lib/python/site-packages/airflow/example_dags/example_setup_teardown_taskflow.py
[2024-09-18T16:57:20.309-0500] {logging_mixin.py:190} INFO - [2024-09-18T16:57:20.308-0500] {dag.py:3229} INFO - Sync 1 DAGs
[2024-09-18T16:57:20.314-0500] {logging_mixin.py:190} INFO - [2024-09-18T16:57:20.314-0500] {dag.py:4156} INFO - Setting next_dagrun for example_setup_teardown_taskflow to None, run_after=None
[2024-09-18T16:57:20.324-0500] {processor.py:208} INFO - Processing /Users/binhpham/Library/Python/3.9/lib/python/site-packages/airflow/example_dags/example_setup_teardown_taskflow.py took 0.094 seconds
[2024-09-18T16:59:21.210-0500] {processor.py:186} INFO - Started process (PID=13337) to work on /Users/binhpham/Library/Python/3.9/lib/python/site-packages/airflow/example_dags/example_setup_teardown_taskflow.py
[2024-09-18T16:59:21.213-0500] {processor.py:914} INFO - Processing file /Users/binhpham/Library/Python/3.9/lib/python/site-packages/airflow/example_dags/example_setup_teardown_taskflow.py for tasks to queue
[2024-09-18T16:59:21.214-0500] {logging_mixin.py:190} INFO - [2024-09-18T16:59:21.214-0500] {dagbag.py:587} INFO - Filling up the DagBag from /Users/binhpham/Library/Python/3.9/lib/python/site-packages/airflow/example_dags/example_setup_teardown_taskflow.py
[2024-09-18T16:59:21.233-0500] {processor.py:925} INFO - DAG(s) 'example_setup_teardown_taskflow' retrieved from /Users/binhpham/Library/Python/3.9/lib/python/site-packages/airflow/example_dags/example_setup_teardown_taskflow.py
[2024-09-18T16:59:21.288-0500] {logging_mixin.py:190} INFO - [2024-09-18T16:59:21.287-0500] {dag.py:3229} INFO - Sync 1 DAGs
[2024-09-18T16:59:21.294-0500] {logging_mixin.py:190} INFO - [2024-09-18T16:59:21.293-0500] {dag.py:4156} INFO - Setting next_dagrun for example_setup_teardown_taskflow to None, run_after=None
[2024-09-18T16:59:21.303-0500] {processor.py:208} INFO - Processing /Users/binhpham/Library/Python/3.9/lib/python/site-packages/airflow/example_dags/example_setup_teardown_taskflow.py took 0.094 seconds
[2024-09-18T17:00:52.039-0500] {processor.py:186} INFO - Started process (PID=13631) to work on /Users/binhpham/Library/Python/3.9/lib/python/site-packages/airflow/example_dags/example_setup_teardown_taskflow.py
[2024-09-18T17:00:52.040-0500] {processor.py:914} INFO - Processing file /Users/binhpham/Library/Python/3.9/lib/python/site-packages/airflow/example_dags/example_setup_teardown_taskflow.py for tasks to queue
[2024-09-18T17:00:52.041-0500] {logging_mixin.py:190} INFO - [2024-09-18T17:00:52.041-0500] {dagbag.py:587} INFO - Filling up the DagBag from /Users/binhpham/Library/Python/3.9/lib/python/site-packages/airflow/example_dags/example_setup_teardown_taskflow.py
[2024-09-18T17:00:52.062-0500] {processor.py:925} INFO - DAG(s) 'example_setup_teardown_taskflow' retrieved from /Users/binhpham/Library/Python/3.9/lib/python/site-packages/airflow/example_dags/example_setup_teardown_taskflow.py
[2024-09-18T17:00:52.121-0500] {logging_mixin.py:190} INFO - [2024-09-18T17:00:52.121-0500] {dag.py:3229} INFO - Sync 1 DAGs
[2024-09-18T17:00:52.127-0500] {logging_mixin.py:190} INFO - [2024-09-18T17:00:52.127-0500] {dag.py:4156} INFO - Setting next_dagrun for example_setup_teardown_taskflow to None, run_after=None
[2024-09-18T17:00:52.136-0500] {processor.py:208} INFO - Processing /Users/binhpham/Library/Python/3.9/lib/python/site-packages/airflow/example_dags/example_setup_teardown_taskflow.py took 0.100 seconds
[2024-09-18T17:02:17.532-0500] {processor.py:186} INFO - Started process (PID=13925) to work on /Users/binhpham/Library/Python/3.9/lib/python/site-packages/airflow/example_dags/example_setup_teardown_taskflow.py
[2024-09-18T17:02:17.533-0500] {processor.py:914} INFO - Processing file /Users/binhpham/Library/Python/3.9/lib/python/site-packages/airflow/example_dags/example_setup_teardown_taskflow.py for tasks to queue
[2024-09-18T17:02:17.534-0500] {logging_mixin.py:190} INFO - [2024-09-18T17:02:17.534-0500] {dagbag.py:587} INFO - Filling up the DagBag from /Users/binhpham/Library/Python/3.9/lib/python/site-packages/airflow/example_dags/example_setup_teardown_taskflow.py
[2024-09-18T17:02:17.553-0500] {processor.py:925} INFO - DAG(s) 'example_setup_teardown_taskflow' retrieved from /Users/binhpham/Library/Python/3.9/lib/python/site-packages/airflow/example_dags/example_setup_teardown_taskflow.py
[2024-09-18T17:02:17.608-0500] {logging_mixin.py:190} INFO - [2024-09-18T17:02:17.608-0500] {dag.py:3229} INFO - Sync 1 DAGs
[2024-09-18T17:02:17.614-0500] {logging_mixin.py:190} INFO - [2024-09-18T17:02:17.614-0500] {dag.py:4156} INFO - Setting next_dagrun for example_setup_teardown_taskflow to None, run_after=None
[2024-09-18T17:02:17.623-0500] {processor.py:208} INFO - Processing /Users/binhpham/Library/Python/3.9/lib/python/site-packages/airflow/example_dags/example_setup_teardown_taskflow.py took 0.093 seconds
[2024-09-18T17:03:43.089-0500] {processor.py:186} INFO - Started process (PID=14210) to work on /Users/binhpham/Library/Python/3.9/lib/python/site-packages/airflow/example_dags/example_setup_teardown_taskflow.py
[2024-09-18T17:03:43.091-0500] {processor.py:914} INFO - Processing file /Users/binhpham/Library/Python/3.9/lib/python/site-packages/airflow/example_dags/example_setup_teardown_taskflow.py for tasks to queue
[2024-09-18T17:03:43.091-0500] {logging_mixin.py:190} INFO - [2024-09-18T17:03:43.091-0500] {dagbag.py:587} INFO - Filling up the DagBag from /Users/binhpham/Library/Python/3.9/lib/python/site-packages/airflow/example_dags/example_setup_teardown_taskflow.py
[2024-09-18T17:03:43.111-0500] {processor.py:925} INFO - DAG(s) 'example_setup_teardown_taskflow' retrieved from /Users/binhpham/Library/Python/3.9/lib/python/site-packages/airflow/example_dags/example_setup_teardown_taskflow.py
[2024-09-18T17:03:43.167-0500] {logging_mixin.py:190} INFO - [2024-09-18T17:03:43.167-0500] {dag.py:3229} INFO - Sync 1 DAGs
[2024-09-18T17:03:43.173-0500] {logging_mixin.py:190} INFO - [2024-09-18T17:03:43.173-0500] {dag.py:4156} INFO - Setting next_dagrun for example_setup_teardown_taskflow to None, run_after=None
[2024-09-18T17:03:43.182-0500] {processor.py:208} INFO - Processing /Users/binhpham/Library/Python/3.9/lib/python/site-packages/airflow/example_dags/example_setup_teardown_taskflow.py took 0.095 seconds
[2024-09-18T17:05:07.756-0500] {processor.py:186} INFO - Started process (PID=14524) to work on /Users/binhpham/Library/Python/3.9/lib/python/site-packages/airflow/example_dags/example_setup_teardown_taskflow.py
[2024-09-18T17:05:07.758-0500] {processor.py:914} INFO - Processing file /Users/binhpham/Library/Python/3.9/lib/python/site-packages/airflow/example_dags/example_setup_teardown_taskflow.py for tasks to queue
[2024-09-18T17:05:07.758-0500] {logging_mixin.py:190} INFO - [2024-09-18T17:05:07.758-0500] {dagbag.py:587} INFO - Filling up the DagBag from /Users/binhpham/Library/Python/3.9/lib/python/site-packages/airflow/example_dags/example_setup_teardown_taskflow.py
[2024-09-18T17:05:07.777-0500] {processor.py:925} INFO - DAG(s) 'example_setup_teardown_taskflow' retrieved from /Users/binhpham/Library/Python/3.9/lib/python/site-packages/airflow/example_dags/example_setup_teardown_taskflow.py
[2024-09-18T17:05:07.832-0500] {logging_mixin.py:190} INFO - [2024-09-18T17:05:07.832-0500] {dag.py:3229} INFO - Sync 1 DAGs
[2024-09-18T17:05:07.839-0500] {logging_mixin.py:190} INFO - [2024-09-18T17:05:07.838-0500] {dag.py:4156} INFO - Setting next_dagrun for example_setup_teardown_taskflow to None, run_after=None
[2024-09-18T17:05:07.850-0500] {processor.py:208} INFO - Processing /Users/binhpham/Library/Python/3.9/lib/python/site-packages/airflow/example_dags/example_setup_teardown_taskflow.py took 0.096 seconds
[2024-09-18T17:06:31.738-0500] {processor.py:186} INFO - Started process (PID=14831) to work on /Users/binhpham/Library/Python/3.9/lib/python/site-packages/airflow/example_dags/example_setup_teardown_taskflow.py
[2024-09-18T17:06:31.740-0500] {processor.py:914} INFO - Processing file /Users/binhpham/Library/Python/3.9/lib/python/site-packages/airflow/example_dags/example_setup_teardown_taskflow.py for tasks to queue
[2024-09-18T17:06:31.741-0500] {logging_mixin.py:190} INFO - [2024-09-18T17:06:31.740-0500] {dagbag.py:587} INFO - Filling up the DagBag from /Users/binhpham/Library/Python/3.9/lib/python/site-packages/airflow/example_dags/example_setup_teardown_taskflow.py
[2024-09-18T17:06:31.760-0500] {processor.py:925} INFO - DAG(s) 'example_setup_teardown_taskflow' retrieved from /Users/binhpham/Library/Python/3.9/lib/python/site-packages/airflow/example_dags/example_setup_teardown_taskflow.py
[2024-09-18T17:06:31.817-0500] {logging_mixin.py:190} INFO - [2024-09-18T17:06:31.816-0500] {dag.py:3229} INFO - Sync 1 DAGs
[2024-09-18T17:06:31.825-0500] {logging_mixin.py:190} INFO - [2024-09-18T17:06:31.825-0500] {dag.py:4156} INFO - Setting next_dagrun for example_setup_teardown_taskflow to None, run_after=None
[2024-09-18T17:06:31.835-0500] {processor.py:208} INFO - Processing /Users/binhpham/Library/Python/3.9/lib/python/site-packages/airflow/example_dags/example_setup_teardown_taskflow.py took 0.099 seconds
[2024-09-18T17:08:01.037-0500] {processor.py:186} INFO - Started process (PID=15160) to work on /Users/binhpham/Library/Python/3.9/lib/python/site-packages/airflow/example_dags/example_setup_teardown_taskflow.py
[2024-09-18T17:08:01.039-0500] {processor.py:914} INFO - Processing file /Users/binhpham/Library/Python/3.9/lib/python/site-packages/airflow/example_dags/example_setup_teardown_taskflow.py for tasks to queue
[2024-09-18T17:08:01.039-0500] {logging_mixin.py:190} INFO - [2024-09-18T17:08:01.039-0500] {dagbag.py:587} INFO - Filling up the DagBag from /Users/binhpham/Library/Python/3.9/lib/python/site-packages/airflow/example_dags/example_setup_teardown_taskflow.py
[2024-09-18T17:08:01.060-0500] {processor.py:925} INFO - DAG(s) 'example_setup_teardown_taskflow' retrieved from /Users/binhpham/Library/Python/3.9/lib/python/site-packages/airflow/example_dags/example_setup_teardown_taskflow.py
[2024-09-18T17:08:01.117-0500] {logging_mixin.py:190} INFO - [2024-09-18T17:08:01.117-0500] {dag.py:3229} INFO - Sync 1 DAGs
[2024-09-18T17:08:01.123-0500] {logging_mixin.py:190} INFO - [2024-09-18T17:08:01.123-0500] {dag.py:4156} INFO - Setting next_dagrun for example_setup_teardown_taskflow to None, run_after=None
[2024-09-18T17:08:01.133-0500] {processor.py:208} INFO - Processing /Users/binhpham/Library/Python/3.9/lib/python/site-packages/airflow/example_dags/example_setup_teardown_taskflow.py took 0.098 seconds
[2024-09-18T17:09:28.794-0500] {processor.py:186} INFO - Started process (PID=15468) to work on /Users/binhpham/Library/Python/3.9/lib/python/site-packages/airflow/example_dags/example_setup_teardown_taskflow.py
[2024-09-18T17:09:28.796-0500] {processor.py:914} INFO - Processing file /Users/binhpham/Library/Python/3.9/lib/python/site-packages/airflow/example_dags/example_setup_teardown_taskflow.py for tasks to queue
[2024-09-18T17:09:28.796-0500] {logging_mixin.py:190} INFO - [2024-09-18T17:09:28.796-0500] {dagbag.py:587} INFO - Filling up the DagBag from /Users/binhpham/Library/Python/3.9/lib/python/site-packages/airflow/example_dags/example_setup_teardown_taskflow.py
[2024-09-18T17:09:28.817-0500] {processor.py:925} INFO - DAG(s) 'example_setup_teardown_taskflow' retrieved from /Users/binhpham/Library/Python/3.9/lib/python/site-packages/airflow/example_dags/example_setup_teardown_taskflow.py
[2024-09-18T17:09:28.877-0500] {logging_mixin.py:190} INFO - [2024-09-18T17:09:28.877-0500] {dag.py:3229} INFO - Sync 1 DAGs
[2024-09-18T17:09:28.883-0500] {logging_mixin.py:190} INFO - [2024-09-18T17:09:28.883-0500] {dag.py:4156} INFO - Setting next_dagrun for example_setup_teardown_taskflow to None, run_after=None
[2024-09-18T17:09:28.894-0500] {processor.py:208} INFO - Processing /Users/binhpham/Library/Python/3.9/lib/python/site-packages/airflow/example_dags/example_setup_teardown_taskflow.py took 0.101 seconds
[2024-09-18T17:10:57.383-0500] {processor.py:186} INFO - Started process (PID=15761) to work on /Users/binhpham/Library/Python/3.9/lib/python/site-packages/airflow/example_dags/example_setup_teardown_taskflow.py
[2024-09-18T17:10:57.384-0500] {processor.py:914} INFO - Processing file /Users/binhpham/Library/Python/3.9/lib/python/site-packages/airflow/example_dags/example_setup_teardown_taskflow.py for tasks to queue
[2024-09-18T17:10:57.385-0500] {logging_mixin.py:190} INFO - [2024-09-18T17:10:57.385-0500] {dagbag.py:587} INFO - Filling up the DagBag from /Users/binhpham/Library/Python/3.9/lib/python/site-packages/airflow/example_dags/example_setup_teardown_taskflow.py
[2024-09-18T17:10:57.404-0500] {processor.py:925} INFO - DAG(s) 'example_setup_teardown_taskflow' retrieved from /Users/binhpham/Library/Python/3.9/lib/python/site-packages/airflow/example_dags/example_setup_teardown_taskflow.py
[2024-09-18T17:10:57.458-0500] {logging_mixin.py:190} INFO - [2024-09-18T17:10:57.458-0500] {dag.py:3229} INFO - Sync 1 DAGs
[2024-09-18T17:10:57.464-0500] {logging_mixin.py:190} INFO - [2024-09-18T17:10:57.464-0500] {dag.py:4156} INFO - Setting next_dagrun for example_setup_teardown_taskflow to None, run_after=None
[2024-09-18T17:10:57.473-0500] {processor.py:208} INFO - Processing /Users/binhpham/Library/Python/3.9/lib/python/site-packages/airflow/example_dags/example_setup_teardown_taskflow.py took 0.092 seconds
[2024-09-18T17:12:25.683-0500] {processor.py:186} INFO - Started process (PID=16087) to work on /Users/binhpham/Library/Python/3.9/lib/python/site-packages/airflow/example_dags/example_setup_teardown_taskflow.py
[2024-09-18T17:12:25.684-0500] {processor.py:914} INFO - Processing file /Users/binhpham/Library/Python/3.9/lib/python/site-packages/airflow/example_dags/example_setup_teardown_taskflow.py for tasks to queue
[2024-09-18T17:12:25.685-0500] {logging_mixin.py:190} INFO - [2024-09-18T17:12:25.685-0500] {dagbag.py:587} INFO - Filling up the DagBag from /Users/binhpham/Library/Python/3.9/lib/python/site-packages/airflow/example_dags/example_setup_teardown_taskflow.py
[2024-09-18T17:12:25.705-0500] {processor.py:925} INFO - DAG(s) 'example_setup_teardown_taskflow' retrieved from /Users/binhpham/Library/Python/3.9/lib/python/site-packages/airflow/example_dags/example_setup_teardown_taskflow.py
[2024-09-18T17:12:25.761-0500] {logging_mixin.py:190} INFO - [2024-09-18T17:12:25.761-0500] {dag.py:3229} INFO - Sync 1 DAGs
[2024-09-18T17:12:25.767-0500] {logging_mixin.py:190} INFO - [2024-09-18T17:12:25.767-0500] {dag.py:4156} INFO - Setting next_dagrun for example_setup_teardown_taskflow to None, run_after=None
[2024-09-18T17:12:25.776-0500] {processor.py:208} INFO - Processing /Users/binhpham/Library/Python/3.9/lib/python/site-packages/airflow/example_dags/example_setup_teardown_taskflow.py took 0.095 seconds
[2024-09-18T17:13:54.514-0500] {processor.py:186} INFO - Started process (PID=16432) to work on /Users/binhpham/Library/Python/3.9/lib/python/site-packages/airflow/example_dags/example_setup_teardown_taskflow.py
[2024-09-18T17:13:54.516-0500] {processor.py:914} INFO - Processing file /Users/binhpham/Library/Python/3.9/lib/python/site-packages/airflow/example_dags/example_setup_teardown_taskflow.py for tasks to queue
[2024-09-18T17:13:54.517-0500] {logging_mixin.py:190} INFO - [2024-09-18T17:13:54.517-0500] {dagbag.py:587} INFO - Filling up the DagBag from /Users/binhpham/Library/Python/3.9/lib/python/site-packages/airflow/example_dags/example_setup_teardown_taskflow.py
[2024-09-18T17:13:54.536-0500] {processor.py:925} INFO - DAG(s) 'example_setup_teardown_taskflow' retrieved from /Users/binhpham/Library/Python/3.9/lib/python/site-packages/airflow/example_dags/example_setup_teardown_taskflow.py
[2024-09-18T17:13:54.590-0500] {logging_mixin.py:190} INFO - [2024-09-18T17:13:54.590-0500] {dag.py:3229} INFO - Sync 1 DAGs
[2024-09-18T17:13:54.596-0500] {logging_mixin.py:190} INFO - [2024-09-18T17:13:54.596-0500] {dag.py:4156} INFO - Setting next_dagrun for example_setup_teardown_taskflow to None, run_after=None
[2024-09-18T17:13:54.605-0500] {processor.py:208} INFO - Processing /Users/binhpham/Library/Python/3.9/lib/python/site-packages/airflow/example_dags/example_setup_teardown_taskflow.py took 0.093 seconds
[2024-09-18T17:15:45.637-0500] {processor.py:186} INFO - Started process (PID=16904) to work on /Users/binhpham/Library/Python/3.9/lib/python/site-packages/airflow/example_dags/example_setup_teardown_taskflow.py
[2024-09-18T17:15:45.640-0500] {processor.py:914} INFO - Processing file /Users/binhpham/Library/Python/3.9/lib/python/site-packages/airflow/example_dags/example_setup_teardown_taskflow.py for tasks to queue
[2024-09-18T17:15:45.641-0500] {logging_mixin.py:190} INFO - [2024-09-18T17:15:45.641-0500] {dagbag.py:587} INFO - Filling up the DagBag from /Users/binhpham/Library/Python/3.9/lib/python/site-packages/airflow/example_dags/example_setup_teardown_taskflow.py
[2024-09-18T17:15:45.661-0500] {processor.py:925} INFO - DAG(s) 'example_setup_teardown_taskflow' retrieved from /Users/binhpham/Library/Python/3.9/lib/python/site-packages/airflow/example_dags/example_setup_teardown_taskflow.py
[2024-09-18T17:15:45.721-0500] {logging_mixin.py:190} INFO - [2024-09-18T17:15:45.720-0500] {dag.py:3229} INFO - Sync 1 DAGs
[2024-09-18T17:15:45.728-0500] {logging_mixin.py:190} INFO - [2024-09-18T17:15:45.728-0500] {dag.py:4156} INFO - Setting next_dagrun for example_setup_teardown_taskflow to None, run_after=None
[2024-09-18T17:15:45.738-0500] {processor.py:208} INFO - Processing /Users/binhpham/Library/Python/3.9/lib/python/site-packages/airflow/example_dags/example_setup_teardown_taskflow.py took 0.102 seconds
[2024-09-18T17:17:45.064-0500] {processor.py:186} INFO - Started process (PID=17369) to work on /Users/binhpham/Library/Python/3.9/lib/python/site-packages/airflow/example_dags/example_setup_teardown_taskflow.py
[2024-09-18T17:17:45.066-0500] {processor.py:914} INFO - Processing file /Users/binhpham/Library/Python/3.9/lib/python/site-packages/airflow/example_dags/example_setup_teardown_taskflow.py for tasks to queue
[2024-09-18T17:17:45.067-0500] {logging_mixin.py:190} INFO - [2024-09-18T17:17:45.067-0500] {dagbag.py:587} INFO - Filling up the DagBag from /Users/binhpham/Library/Python/3.9/lib/python/site-packages/airflow/example_dags/example_setup_teardown_taskflow.py
[2024-09-18T17:17:45.087-0500] {processor.py:925} INFO - DAG(s) 'example_setup_teardown_taskflow' retrieved from /Users/binhpham/Library/Python/3.9/lib/python/site-packages/airflow/example_dags/example_setup_teardown_taskflow.py
[2024-09-18T17:17:45.142-0500] {logging_mixin.py:190} INFO - [2024-09-18T17:17:45.142-0500] {dag.py:3229} INFO - Sync 1 DAGs
[2024-09-18T17:17:45.148-0500] {logging_mixin.py:190} INFO - [2024-09-18T17:17:45.148-0500] {dag.py:4156} INFO - Setting next_dagrun for example_setup_teardown_taskflow to None, run_after=None
[2024-09-18T17:17:45.157-0500] {processor.py:208} INFO - Processing /Users/binhpham/Library/Python/3.9/lib/python/site-packages/airflow/example_dags/example_setup_teardown_taskflow.py took 0.094 seconds
[2024-09-18T17:19:13.868-0500] {processor.py:186} INFO - Started process (PID=18249) to work on /Users/binhpham/Library/Python/3.9/lib/python/site-packages/airflow/example_dags/example_setup_teardown_taskflow.py
[2024-09-18T17:19:13.871-0500] {processor.py:914} INFO - Processing file /Users/binhpham/Library/Python/3.9/lib/python/site-packages/airflow/example_dags/example_setup_teardown_taskflow.py for tasks to queue
[2024-09-18T17:19:13.871-0500] {logging_mixin.py:190} INFO - [2024-09-18T17:19:13.871-0500] {dagbag.py:587} INFO - Filling up the DagBag from /Users/binhpham/Library/Python/3.9/lib/python/site-packages/airflow/example_dags/example_setup_teardown_taskflow.py
[2024-09-18T17:19:13.892-0500] {processor.py:925} INFO - DAG(s) 'example_setup_teardown_taskflow' retrieved from /Users/binhpham/Library/Python/3.9/lib/python/site-packages/airflow/example_dags/example_setup_teardown_taskflow.py
[2024-09-18T17:19:13.950-0500] {logging_mixin.py:190} INFO - [2024-09-18T17:19:13.950-0500] {dag.py:3229} INFO - Sync 1 DAGs
[2024-09-18T17:19:13.957-0500] {logging_mixin.py:190} INFO - [2024-09-18T17:19:13.957-0500] {dag.py:4156} INFO - Setting next_dagrun for example_setup_teardown_taskflow to None, run_after=None
[2024-09-18T17:19:13.967-0500] {processor.py:208} INFO - Processing /Users/binhpham/Library/Python/3.9/lib/python/site-packages/airflow/example_dags/example_setup_teardown_taskflow.py took 0.100 seconds
[2024-09-18T17:20:46.061-0500] {processor.py:186} INFO - Started process (PID=18732) to work on /Users/binhpham/Library/Python/3.9/lib/python/site-packages/airflow/example_dags/example_setup_teardown_taskflow.py
[2024-09-18T17:20:46.063-0500] {processor.py:914} INFO - Processing file /Users/binhpham/Library/Python/3.9/lib/python/site-packages/airflow/example_dags/example_setup_teardown_taskflow.py for tasks to queue
[2024-09-18T17:20:46.063-0500] {logging_mixin.py:190} INFO - [2024-09-18T17:20:46.063-0500] {dagbag.py:587} INFO - Filling up the DagBag from /Users/binhpham/Library/Python/3.9/lib/python/site-packages/airflow/example_dags/example_setup_teardown_taskflow.py
[2024-09-18T17:20:46.084-0500] {processor.py:925} INFO - DAG(s) 'example_setup_teardown_taskflow' retrieved from /Users/binhpham/Library/Python/3.9/lib/python/site-packages/airflow/example_dags/example_setup_teardown_taskflow.py
[2024-09-18T17:20:46.144-0500] {logging_mixin.py:190} INFO - [2024-09-18T17:20:46.143-0500] {dag.py:3229} INFO - Sync 1 DAGs
[2024-09-18T17:20:46.150-0500] {logging_mixin.py:190} INFO - [2024-09-18T17:20:46.150-0500] {dag.py:4156} INFO - Setting next_dagrun for example_setup_teardown_taskflow to None, run_after=None
[2024-09-18T17:20:46.161-0500] {processor.py:208} INFO - Processing /Users/binhpham/Library/Python/3.9/lib/python/site-packages/airflow/example_dags/example_setup_teardown_taskflow.py took 0.102 seconds
[2024-09-18T17:22:46.892-0500] {processor.py:186} INFO - Started process (PID=19588) to work on /Users/binhpham/Projects/dbt_project/venv/lib/python3.9/site-packages/airflow/example_dags/example_setup_teardown_taskflow.py
[2024-09-18T17:22:46.894-0500] {processor.py:914} INFO - Processing file /Users/binhpham/Projects/dbt_project/venv/lib/python3.9/site-packages/airflow/example_dags/example_setup_teardown_taskflow.py for tasks to queue
[2024-09-18T17:22:46.895-0500] {logging_mixin.py:190} INFO - [2024-09-18T17:22:46.895-0500] {dagbag.py:587} INFO - Filling up the DagBag from /Users/binhpham/Projects/dbt_project/venv/lib/python3.9/site-packages/airflow/example_dags/example_setup_teardown_taskflow.py
[2024-09-18T17:22:46.917-0500] {processor.py:925} INFO - DAG(s) 'example_setup_teardown_taskflow' retrieved from /Users/binhpham/Projects/dbt_project/venv/lib/python3.9/site-packages/airflow/example_dags/example_setup_teardown_taskflow.py
[2024-09-18T17:22:47.026-0500] {logging_mixin.py:190} INFO - [2024-09-18T17:22:47.026-0500] {dag.py:3229} INFO - Sync 1 DAGs
[2024-09-18T17:22:47.032-0500] {logging_mixin.py:190} INFO - [2024-09-18T17:22:47.032-0500] {dag.py:4156} INFO - Setting next_dagrun for example_setup_teardown_taskflow to None, run_after=None
[2024-09-18T17:22:47.044-0500] {processor.py:208} INFO - Processing /Users/binhpham/Projects/dbt_project/venv/lib/python3.9/site-packages/airflow/example_dags/example_setup_teardown_taskflow.py took 0.153 seconds
[2024-09-18T17:26:48.225-0500] {processor.py:186} INFO - Started process (PID=20492) to work on /Users/binhpham/Projects/dbt_project/venv/lib/python3.9/site-packages/airflow/example_dags/example_setup_teardown_taskflow.py
[2024-09-18T17:26:48.227-0500] {processor.py:914} INFO - Processing file /Users/binhpham/Projects/dbt_project/venv/lib/python3.9/site-packages/airflow/example_dags/example_setup_teardown_taskflow.py for tasks to queue
[2024-09-18T17:26:48.228-0500] {logging_mixin.py:190} INFO - [2024-09-18T17:26:48.228-0500] {dagbag.py:587} INFO - Filling up the DagBag from /Users/binhpham/Projects/dbt_project/venv/lib/python3.9/site-packages/airflow/example_dags/example_setup_teardown_taskflow.py
[2024-09-18T17:26:48.248-0500] {processor.py:925} INFO - DAG(s) 'example_setup_teardown_taskflow' retrieved from /Users/binhpham/Projects/dbt_project/venv/lib/python3.9/site-packages/airflow/example_dags/example_setup_teardown_taskflow.py
[2024-09-18T17:26:48.304-0500] {logging_mixin.py:190} INFO - [2024-09-18T17:26:48.304-0500] {dag.py:3229} INFO - Sync 1 DAGs
[2024-09-18T17:26:48.309-0500] {logging_mixin.py:190} INFO - [2024-09-18T17:26:48.309-0500] {dag.py:4156} INFO - Setting next_dagrun for example_setup_teardown_taskflow to None, run_after=None
[2024-09-18T17:26:48.318-0500] {processor.py:208} INFO - Processing /Users/binhpham/Projects/dbt_project/venv/lib/python3.9/site-packages/airflow/example_dags/example_setup_teardown_taskflow.py took 0.095 seconds
[2024-09-18T17:29:17.991-0500] {processor.py:186} INFO - Started process (PID=21176) to work on /Users/binhpham/Projects/dbt_project/venv/lib/python3.9/site-packages/airflow/example_dags/example_setup_teardown_taskflow.py
[2024-09-18T17:29:17.994-0500] {processor.py:914} INFO - Processing file /Users/binhpham/Projects/dbt_project/venv/lib/python3.9/site-packages/airflow/example_dags/example_setup_teardown_taskflow.py for tasks to queue
[2024-09-18T17:29:17.994-0500] {logging_mixin.py:190} INFO - [2024-09-18T17:29:17.994-0500] {dagbag.py:587} INFO - Filling up the DagBag from /Users/binhpham/Projects/dbt_project/venv/lib/python3.9/site-packages/airflow/example_dags/example_setup_teardown_taskflow.py
[2024-09-18T17:29:18.015-0500] {processor.py:925} INFO - DAG(s) 'example_setup_teardown_taskflow' retrieved from /Users/binhpham/Projects/dbt_project/venv/lib/python3.9/site-packages/airflow/example_dags/example_setup_teardown_taskflow.py
[2024-09-18T17:29:18.070-0500] {logging_mixin.py:190} INFO - [2024-09-18T17:29:18.070-0500] {dag.py:3229} INFO - Sync 1 DAGs
[2024-09-18T17:29:18.076-0500] {logging_mixin.py:190} INFO - [2024-09-18T17:29:18.076-0500] {dag.py:4156} INFO - Setting next_dagrun for example_setup_teardown_taskflow to None, run_after=None
[2024-09-18T17:29:18.085-0500] {processor.py:208} INFO - Processing /Users/binhpham/Projects/dbt_project/venv/lib/python3.9/site-packages/airflow/example_dags/example_setup_teardown_taskflow.py took 0.095 seconds
[2024-09-18T17:31:10.871-0500] {processor.py:186} INFO - Started process (PID=22318) to work on /Users/binhpham/Projects/dbt_project/venv/lib/python3.9/site-packages/airflow/example_dags/example_setup_teardown_taskflow.py
[2024-09-18T17:31:10.874-0500] {processor.py:914} INFO - Processing file /Users/binhpham/Projects/dbt_project/venv/lib/python3.9/site-packages/airflow/example_dags/example_setup_teardown_taskflow.py for tasks to queue
[2024-09-18T17:31:10.874-0500] {logging_mixin.py:190} INFO - [2024-09-18T17:31:10.874-0500] {dagbag.py:587} INFO - Filling up the DagBag from /Users/binhpham/Projects/dbt_project/venv/lib/python3.9/site-packages/airflow/example_dags/example_setup_teardown_taskflow.py
[2024-09-18T17:31:10.894-0500] {processor.py:925} INFO - DAG(s) 'example_setup_teardown_taskflow' retrieved from /Users/binhpham/Projects/dbt_project/venv/lib/python3.9/site-packages/airflow/example_dags/example_setup_teardown_taskflow.py
[2024-09-18T17:31:10.950-0500] {logging_mixin.py:190} INFO - [2024-09-18T17:31:10.950-0500] {dag.py:3229} INFO - Sync 1 DAGs
[2024-09-18T17:31:10.955-0500] {logging_mixin.py:190} INFO - [2024-09-18T17:31:10.955-0500] {dag.py:4156} INFO - Setting next_dagrun for example_setup_teardown_taskflow to None, run_after=None
[2024-09-18T17:31:10.965-0500] {processor.py:208} INFO - Processing /Users/binhpham/Projects/dbt_project/venv/lib/python3.9/site-packages/airflow/example_dags/example_setup_teardown_taskflow.py took 0.096 seconds
[2024-09-18T17:32:33.750-0500] {processor.py:186} INFO - Started process (PID=22818) to work on /Users/binhpham/Projects/dbt_project/venv/lib/python3.9/site-packages/airflow/example_dags/example_setup_teardown_taskflow.py
[2024-09-18T17:32:33.751-0500] {processor.py:914} INFO - Processing file /Users/binhpham/Projects/dbt_project/venv/lib/python3.9/site-packages/airflow/example_dags/example_setup_teardown_taskflow.py for tasks to queue
[2024-09-18T17:32:33.752-0500] {logging_mixin.py:190} INFO - [2024-09-18T17:32:33.752-0500] {dagbag.py:587} INFO - Filling up the DagBag from /Users/binhpham/Projects/dbt_project/venv/lib/python3.9/site-packages/airflow/example_dags/example_setup_teardown_taskflow.py
[2024-09-18T17:32:33.771-0500] {processor.py:925} INFO - DAG(s) 'example_setup_teardown_taskflow' retrieved from /Users/binhpham/Projects/dbt_project/venv/lib/python3.9/site-packages/airflow/example_dags/example_setup_teardown_taskflow.py
[2024-09-18T17:32:33.828-0500] {logging_mixin.py:190} INFO - [2024-09-18T17:32:33.827-0500] {dag.py:3229} INFO - Sync 1 DAGs
[2024-09-18T17:32:33.834-0500] {logging_mixin.py:190} INFO - [2024-09-18T17:32:33.834-0500] {dag.py:4156} INFO - Setting next_dagrun for example_setup_teardown_taskflow to None, run_after=None
[2024-09-18T17:32:33.844-0500] {processor.py:208} INFO - Processing /Users/binhpham/Projects/dbt_project/venv/lib/python3.9/site-packages/airflow/example_dags/example_setup_teardown_taskflow.py took 0.096 seconds
[2024-09-18T17:35:02.041-0500] {processor.py:186} INFO - Started process (PID=23349) to work on /Users/binhpham/Projects/dbt_project/venv/lib/python3.9/site-packages/airflow/example_dags/example_setup_teardown_taskflow.py
[2024-09-18T17:35:02.043-0500] {processor.py:914} INFO - Processing file /Users/binhpham/Projects/dbt_project/venv/lib/python3.9/site-packages/airflow/example_dags/example_setup_teardown_taskflow.py for tasks to queue
[2024-09-18T17:35:02.044-0500] {logging_mixin.py:190} INFO - [2024-09-18T17:35:02.044-0500] {dagbag.py:587} INFO - Filling up the DagBag from /Users/binhpham/Projects/dbt_project/venv/lib/python3.9/site-packages/airflow/example_dags/example_setup_teardown_taskflow.py
[2024-09-18T17:35:02.064-0500] {processor.py:925} INFO - DAG(s) 'example_setup_teardown_taskflow' retrieved from /Users/binhpham/Projects/dbt_project/venv/lib/python3.9/site-packages/airflow/example_dags/example_setup_teardown_taskflow.py
[2024-09-18T17:35:02.121-0500] {logging_mixin.py:190} INFO - [2024-09-18T17:35:02.121-0500] {dag.py:3229} INFO - Sync 1 DAGs
[2024-09-18T17:35:02.127-0500] {logging_mixin.py:190} INFO - [2024-09-18T17:35:02.127-0500] {dag.py:4156} INFO - Setting next_dagrun for example_setup_teardown_taskflow to None, run_after=None
[2024-09-18T17:35:02.137-0500] {processor.py:208} INFO - Processing /Users/binhpham/Projects/dbt_project/venv/lib/python3.9/site-packages/airflow/example_dags/example_setup_teardown_taskflow.py took 0.098 seconds
[2024-09-18T17:36:58.190-0500] {processor.py:186} INFO - Started process (PID=23959) to work on /Users/binhpham/Projects/dbt_project/venv/lib/python3.9/site-packages/airflow/example_dags/example_setup_teardown_taskflow.py
[2024-09-18T17:36:58.192-0500] {processor.py:914} INFO - Processing file /Users/binhpham/Projects/dbt_project/venv/lib/python3.9/site-packages/airflow/example_dags/example_setup_teardown_taskflow.py for tasks to queue
[2024-09-18T17:36:58.192-0500] {logging_mixin.py:190} INFO - [2024-09-18T17:36:58.192-0500] {dagbag.py:587} INFO - Filling up the DagBag from /Users/binhpham/Projects/dbt_project/venv/lib/python3.9/site-packages/airflow/example_dags/example_setup_teardown_taskflow.py
[2024-09-18T17:36:58.212-0500] {processor.py:925} INFO - DAG(s) 'example_setup_teardown_taskflow' retrieved from /Users/binhpham/Projects/dbt_project/venv/lib/python3.9/site-packages/airflow/example_dags/example_setup_teardown_taskflow.py
[2024-09-18T17:36:58.265-0500] {logging_mixin.py:190} INFO - [2024-09-18T17:36:58.265-0500] {dag.py:3229} INFO - Sync 1 DAGs
[2024-09-18T17:36:58.270-0500] {logging_mixin.py:190} INFO - [2024-09-18T17:36:58.270-0500] {dag.py:4156} INFO - Setting next_dagrun for example_setup_teardown_taskflow to None, run_after=None
[2024-09-18T17:36:58.279-0500] {processor.py:208} INFO - Processing /Users/binhpham/Projects/dbt_project/venv/lib/python3.9/site-packages/airflow/example_dags/example_setup_teardown_taskflow.py took 0.091 seconds
[2024-09-18T17:38:20.346-0500] {processor.py:186} INFO - Started process (PID=24219) to work on /Users/binhpham/Projects/dbt_project/venv/lib/python3.9/site-packages/airflow/example_dags/example_setup_teardown_taskflow.py
[2024-09-18T17:38:20.348-0500] {processor.py:914} INFO - Processing file /Users/binhpham/Projects/dbt_project/venv/lib/python3.9/site-packages/airflow/example_dags/example_setup_teardown_taskflow.py for tasks to queue
[2024-09-18T17:38:20.348-0500] {logging_mixin.py:190} INFO - [2024-09-18T17:38:20.348-0500] {dagbag.py:587} INFO - Filling up the DagBag from /Users/binhpham/Projects/dbt_project/venv/lib/python3.9/site-packages/airflow/example_dags/example_setup_teardown_taskflow.py
[2024-09-18T17:38:20.369-0500] {processor.py:925} INFO - DAG(s) 'example_setup_teardown_taskflow' retrieved from /Users/binhpham/Projects/dbt_project/venv/lib/python3.9/site-packages/airflow/example_dags/example_setup_teardown_taskflow.py
[2024-09-18T17:38:20.425-0500] {logging_mixin.py:190} INFO - [2024-09-18T17:38:20.424-0500] {dag.py:3229} INFO - Sync 1 DAGs
[2024-09-18T17:38:20.430-0500] {logging_mixin.py:190} INFO - [2024-09-18T17:38:20.430-0500] {dag.py:4156} INFO - Setting next_dagrun for example_setup_teardown_taskflow to None, run_after=None
[2024-09-18T17:38:20.439-0500] {processor.py:208} INFO - Processing /Users/binhpham/Projects/dbt_project/venv/lib/python3.9/site-packages/airflow/example_dags/example_setup_teardown_taskflow.py took 0.095 seconds
[2024-09-18T17:39:45.262-0500] {processor.py:186} INFO - Started process (PID=24498) to work on /Users/binhpham/Projects/dbt_project/venv/lib/python3.9/site-packages/airflow/example_dags/example_setup_teardown_taskflow.py
[2024-09-18T17:39:45.265-0500] {processor.py:914} INFO - Processing file /Users/binhpham/Projects/dbt_project/venv/lib/python3.9/site-packages/airflow/example_dags/example_setup_teardown_taskflow.py for tasks to queue
[2024-09-18T17:39:45.265-0500] {logging_mixin.py:190} INFO - [2024-09-18T17:39:45.265-0500] {dagbag.py:587} INFO - Filling up the DagBag from /Users/binhpham/Projects/dbt_project/venv/lib/python3.9/site-packages/airflow/example_dags/example_setup_teardown_taskflow.py
[2024-09-18T17:39:45.287-0500] {processor.py:925} INFO - DAG(s) 'example_setup_teardown_taskflow' retrieved from /Users/binhpham/Projects/dbt_project/venv/lib/python3.9/site-packages/airflow/example_dags/example_setup_teardown_taskflow.py
[2024-09-18T17:39:45.344-0500] {logging_mixin.py:190} INFO - [2024-09-18T17:39:45.344-0500] {dag.py:3229} INFO - Sync 1 DAGs
[2024-09-18T17:39:45.349-0500] {logging_mixin.py:190} INFO - [2024-09-18T17:39:45.349-0500] {dag.py:4156} INFO - Setting next_dagrun for example_setup_teardown_taskflow to None, run_after=None
[2024-09-18T17:39:45.359-0500] {processor.py:208} INFO - Processing /Users/binhpham/Projects/dbt_project/venv/lib/python3.9/site-packages/airflow/example_dags/example_setup_teardown_taskflow.py took 0.098 seconds
[2024-09-18T17:41:11.305-0500] {processor.py:186} INFO - Started process (PID=24764) to work on /Users/binhpham/Projects/dbt_project/venv/lib/python3.9/site-packages/airflow/example_dags/example_setup_teardown_taskflow.py
[2024-09-18T17:41:11.307-0500] {processor.py:914} INFO - Processing file /Users/binhpham/Projects/dbt_project/venv/lib/python3.9/site-packages/airflow/example_dags/example_setup_teardown_taskflow.py for tasks to queue
[2024-09-18T17:41:11.308-0500] {logging_mixin.py:190} INFO - [2024-09-18T17:41:11.308-0500] {dagbag.py:587} INFO - Filling up the DagBag from /Users/binhpham/Projects/dbt_project/venv/lib/python3.9/site-packages/airflow/example_dags/example_setup_teardown_taskflow.py
[2024-09-18T17:41:11.328-0500] {processor.py:925} INFO - DAG(s) 'example_setup_teardown_taskflow' retrieved from /Users/binhpham/Projects/dbt_project/venv/lib/python3.9/site-packages/airflow/example_dags/example_setup_teardown_taskflow.py
[2024-09-18T17:41:11.383-0500] {logging_mixin.py:190} INFO - [2024-09-18T17:41:11.382-0500] {dag.py:3229} INFO - Sync 1 DAGs
[2024-09-18T17:41:11.388-0500] {logging_mixin.py:190} INFO - [2024-09-18T17:41:11.388-0500] {dag.py:4156} INFO - Setting next_dagrun for example_setup_teardown_taskflow to None, run_after=None
[2024-09-18T17:41:11.398-0500] {processor.py:208} INFO - Processing /Users/binhpham/Projects/dbt_project/venv/lib/python3.9/site-packages/airflow/example_dags/example_setup_teardown_taskflow.py took 0.095 seconds
[2024-09-18T17:42:36.697-0500] {processor.py:186} INFO - Started process (PID=25041) to work on /Users/binhpham/Projects/dbt_project/venv/lib/python3.9/site-packages/airflow/example_dags/example_setup_teardown_taskflow.py
[2024-09-18T17:42:36.698-0500] {processor.py:914} INFO - Processing file /Users/binhpham/Projects/dbt_project/venv/lib/python3.9/site-packages/airflow/example_dags/example_setup_teardown_taskflow.py for tasks to queue
[2024-09-18T17:42:36.699-0500] {logging_mixin.py:190} INFO - [2024-09-18T17:42:36.699-0500] {dagbag.py:587} INFO - Filling up the DagBag from /Users/binhpham/Projects/dbt_project/venv/lib/python3.9/site-packages/airflow/example_dags/example_setup_teardown_taskflow.py
[2024-09-18T17:42:36.720-0500] {processor.py:925} INFO - DAG(s) 'example_setup_teardown_taskflow' retrieved from /Users/binhpham/Projects/dbt_project/venv/lib/python3.9/site-packages/airflow/example_dags/example_setup_teardown_taskflow.py
[2024-09-18T17:42:36.781-0500] {logging_mixin.py:190} INFO - [2024-09-18T17:42:36.780-0500] {dag.py:3229} INFO - Sync 1 DAGs
[2024-09-18T17:42:36.787-0500] {logging_mixin.py:190} INFO - [2024-09-18T17:42:36.787-0500] {dag.py:4156} INFO - Setting next_dagrun for example_setup_teardown_taskflow to None, run_after=None
[2024-09-18T17:42:36.796-0500] {processor.py:208} INFO - Processing /Users/binhpham/Projects/dbt_project/venv/lib/python3.9/site-packages/airflow/example_dags/example_setup_teardown_taskflow.py took 0.101 seconds
[2024-09-18T17:44:02.751-0500] {processor.py:186} INFO - Started process (PID=25343) to work on /Users/binhpham/Projects/dbt_project/venv/lib/python3.9/site-packages/airflow/example_dags/example_setup_teardown_taskflow.py
[2024-09-18T17:44:02.753-0500] {processor.py:914} INFO - Processing file /Users/binhpham/Projects/dbt_project/venv/lib/python3.9/site-packages/airflow/example_dags/example_setup_teardown_taskflow.py for tasks to queue
[2024-09-18T17:44:02.754-0500] {logging_mixin.py:190} INFO - [2024-09-18T17:44:02.754-0500] {dagbag.py:587} INFO - Filling up the DagBag from /Users/binhpham/Projects/dbt_project/venv/lib/python3.9/site-packages/airflow/example_dags/example_setup_teardown_taskflow.py
[2024-09-18T17:44:02.774-0500] {processor.py:925} INFO - DAG(s) 'example_setup_teardown_taskflow' retrieved from /Users/binhpham/Projects/dbt_project/venv/lib/python3.9/site-packages/airflow/example_dags/example_setup_teardown_taskflow.py
[2024-09-18T17:44:02.828-0500] {logging_mixin.py:190} INFO - [2024-09-18T17:44:02.828-0500] {dag.py:3229} INFO - Sync 1 DAGs
[2024-09-18T17:44:02.834-0500] {logging_mixin.py:190} INFO - [2024-09-18T17:44:02.834-0500] {dag.py:4156} INFO - Setting next_dagrun for example_setup_teardown_taskflow to None, run_after=None
[2024-09-18T17:44:02.843-0500] {processor.py:208} INFO - Processing /Users/binhpham/Projects/dbt_project/venv/lib/python3.9/site-packages/airflow/example_dags/example_setup_teardown_taskflow.py took 0.094 seconds
