[2024-09-18T16:52:35.351-0500] {processor.py:186} INFO - Started process (PID=11908) to work on /Users/binhpham/Library/Python/3.9/lib/python/site-packages/airflow/example_dags/example_params_ui_tutorial.py
[2024-09-18T16:52:35.353-0500] {processor.py:914} INFO - Processing file /Users/binhpham/Library/Python/3.9/lib/python/site-packages/airflow/example_dags/example_params_ui_tutorial.py for tasks to queue
[2024-09-18T16:52:35.354-0500] {logging_mixin.py:190} INFO - [2024-09-18T16:52:35.354-0500] {dagbag.py:587} INFO - Filling up the DagBag from /Users/binhpham/Library/Python/3.9/lib/python/site-packages/airflow/example_dags/example_params_ui_tutorial.py
[2024-09-18T16:52:35.374-0500] {processor.py:925} INFO - DAG(s) 'example_params_ui_tutorial' retrieved from /Users/binhpham/Library/Python/3.9/lib/python/site-packages/airflow/example_dags/example_params_ui_tutorial.py
[2024-09-18T16:52:35.489-0500] {logging_mixin.py:190} INFO - [2024-09-18T16:52:35.489-0500] {dag.py:3229} INFO - Sync 1 DAGs
[2024-09-18T16:52:35.532-0500] {logging_mixin.py:190} INFO - [2024-09-18T16:52:35.531-0500] {dag.py:4156} INFO - Setting next_dagrun for example_params_ui_tutorial to None, run_after=None
[2024-09-18T16:52:35.542-0500] {processor.py:208} INFO - Processing /Users/binhpham/Library/Python/3.9/lib/python/site-packages/airflow/example_dags/example_params_ui_tutorial.py took 0.192 seconds
[2024-09-18T16:54:34.926-0500] {processor.py:186} INFO - Started process (PID=12403) to work on /Users/binhpham/Library/Python/3.9/lib/python/site-packages/airflow/example_dags/example_params_ui_tutorial.py
[2024-09-18T16:54:34.929-0500] {processor.py:914} INFO - Processing file /Users/binhpham/Library/Python/3.9/lib/python/site-packages/airflow/example_dags/example_params_ui_tutorial.py for tasks to queue
[2024-09-18T16:54:34.929-0500] {logging_mixin.py:190} INFO - [2024-09-18T16:54:34.929-0500] {dagbag.py:587} INFO - Filling up the DagBag from /Users/binhpham/Library/Python/3.9/lib/python/site-packages/airflow/example_dags/example_params_ui_tutorial.py
[2024-09-18T16:54:34.948-0500] {processor.py:925} INFO - DAG(s) 'example_params_ui_tutorial' retrieved from /Users/binhpham/Library/Python/3.9/lib/python/site-packages/airflow/example_dags/example_params_ui_tutorial.py
[2024-09-18T16:54:35.017-0500] {logging_mixin.py:190} INFO - [2024-09-18T16:54:35.017-0500] {dag.py:3229} INFO - Sync 1 DAGs
[2024-09-18T16:54:35.022-0500] {logging_mixin.py:190} INFO - [2024-09-18T16:54:35.022-0500] {dag.py:4156} INFO - Setting next_dagrun for example_params_ui_tutorial to None, run_after=None
[2024-09-18T16:54:35.031-0500] {processor.py:208} INFO - Processing /Users/binhpham/Library/Python/3.9/lib/python/site-packages/airflow/example_dags/example_params_ui_tutorial.py took 0.107 seconds
[2024-09-18T16:57:34.877-0500] {processor.py:186} INFO - Started process (PID=12979) to work on /Users/binhpham/Library/Python/3.9/lib/python/site-packages/airflow/example_dags/example_params_ui_tutorial.py
[2024-09-18T16:57:34.879-0500] {processor.py:914} INFO - Processing file /Users/binhpham/Library/Python/3.9/lib/python/site-packages/airflow/example_dags/example_params_ui_tutorial.py for tasks to queue
[2024-09-18T16:57:34.879-0500] {logging_mixin.py:190} INFO - [2024-09-18T16:57:34.879-0500] {dagbag.py:587} INFO - Filling up the DagBag from /Users/binhpham/Library/Python/3.9/lib/python/site-packages/airflow/example_dags/example_params_ui_tutorial.py
[2024-09-18T16:57:34.899-0500] {processor.py:925} INFO - DAG(s) 'example_params_ui_tutorial' retrieved from /Users/binhpham/Library/Python/3.9/lib/python/site-packages/airflow/example_dags/example_params_ui_tutorial.py
[2024-09-18T16:57:34.971-0500] {logging_mixin.py:190} INFO - [2024-09-18T16:57:34.970-0500] {dag.py:3229} INFO - Sync 1 DAGs
[2024-09-18T16:57:34.976-0500] {logging_mixin.py:190} INFO - [2024-09-18T16:57:34.976-0500] {dag.py:4156} INFO - Setting next_dagrun for example_params_ui_tutorial to None, run_after=None
[2024-09-18T16:57:34.986-0500] {processor.py:208} INFO - Processing /Users/binhpham/Library/Python/3.9/lib/python/site-packages/airflow/example_dags/example_params_ui_tutorial.py took 0.110 seconds
[2024-09-18T16:59:36.766-0500] {processor.py:186} INFO - Started process (PID=13385) to work on /Users/binhpham/Library/Python/3.9/lib/python/site-packages/airflow/example_dags/example_params_ui_tutorial.py
[2024-09-18T16:59:36.769-0500] {processor.py:914} INFO - Processing file /Users/binhpham/Library/Python/3.9/lib/python/site-packages/airflow/example_dags/example_params_ui_tutorial.py for tasks to queue
[2024-09-18T16:59:36.770-0500] {logging_mixin.py:190} INFO - [2024-09-18T16:59:36.770-0500] {dagbag.py:587} INFO - Filling up the DagBag from /Users/binhpham/Library/Python/3.9/lib/python/site-packages/airflow/example_dags/example_params_ui_tutorial.py
[2024-09-18T16:59:36.790-0500] {processor.py:925} INFO - DAG(s) 'example_params_ui_tutorial' retrieved from /Users/binhpham/Library/Python/3.9/lib/python/site-packages/airflow/example_dags/example_params_ui_tutorial.py
[2024-09-18T16:59:36.859-0500] {logging_mixin.py:190} INFO - [2024-09-18T16:59:36.859-0500] {dag.py:3229} INFO - Sync 1 DAGs
[2024-09-18T16:59:36.865-0500] {logging_mixin.py:190} INFO - [2024-09-18T16:59:36.865-0500] {dag.py:4156} INFO - Setting next_dagrun for example_params_ui_tutorial to None, run_after=None
[2024-09-18T16:59:36.875-0500] {processor.py:208} INFO - Processing /Users/binhpham/Library/Python/3.9/lib/python/site-packages/airflow/example_dags/example_params_ui_tutorial.py took 0.110 seconds
[2024-09-18T17:02:28.161-0500] {processor.py:186} INFO - Started process (PID=13958) to work on /Users/binhpham/Library/Python/3.9/lib/python/site-packages/airflow/example_dags/example_params_ui_tutorial.py
[2024-09-18T17:02:28.163-0500] {processor.py:914} INFO - Processing file /Users/binhpham/Library/Python/3.9/lib/python/site-packages/airflow/example_dags/example_params_ui_tutorial.py for tasks to queue
[2024-09-18T17:02:28.164-0500] {logging_mixin.py:190} INFO - [2024-09-18T17:02:28.164-0500] {dagbag.py:587} INFO - Filling up the DagBag from /Users/binhpham/Library/Python/3.9/lib/python/site-packages/airflow/example_dags/example_params_ui_tutorial.py
[2024-09-18T17:02:28.183-0500] {processor.py:925} INFO - DAG(s) 'example_params_ui_tutorial' retrieved from /Users/binhpham/Library/Python/3.9/lib/python/site-packages/airflow/example_dags/example_params_ui_tutorial.py
[2024-09-18T17:02:28.251-0500] {logging_mixin.py:190} INFO - [2024-09-18T17:02:28.251-0500] {dag.py:3229} INFO - Sync 1 DAGs
[2024-09-18T17:02:28.257-0500] {logging_mixin.py:190} INFO - [2024-09-18T17:02:28.257-0500] {dag.py:4156} INFO - Setting next_dagrun for example_params_ui_tutorial to None, run_after=None
[2024-09-18T17:02:28.266-0500] {processor.py:208} INFO - Processing /Users/binhpham/Library/Python/3.9/lib/python/site-packages/airflow/example_dags/example_params_ui_tutorial.py took 0.106 seconds
[2024-09-18T17:05:20.920-0500] {processor.py:186} INFO - Started process (PID=14564) to work on /Users/binhpham/Library/Python/3.9/lib/python/site-packages/airflow/example_dags/example_params_ui_tutorial.py
[2024-09-18T17:05:20.922-0500] {processor.py:914} INFO - Processing file /Users/binhpham/Library/Python/3.9/lib/python/site-packages/airflow/example_dags/example_params_ui_tutorial.py for tasks to queue
[2024-09-18T17:05:20.923-0500] {logging_mixin.py:190} INFO - [2024-09-18T17:05:20.922-0500] {dagbag.py:587} INFO - Filling up the DagBag from /Users/binhpham/Library/Python/3.9/lib/python/site-packages/airflow/example_dags/example_params_ui_tutorial.py
[2024-09-18T17:05:20.943-0500] {processor.py:925} INFO - DAG(s) 'example_params_ui_tutorial' retrieved from /Users/binhpham/Library/Python/3.9/lib/python/site-packages/airflow/example_dags/example_params_ui_tutorial.py
[2024-09-18T17:05:21.012-0500] {logging_mixin.py:190} INFO - [2024-09-18T17:05:21.012-0500] {dag.py:3229} INFO - Sync 1 DAGs
[2024-09-18T17:05:21.018-0500] {logging_mixin.py:190} INFO - [2024-09-18T17:05:21.017-0500] {dag.py:4156} INFO - Setting next_dagrun for example_params_ui_tutorial to None, run_after=None
[2024-09-18T17:05:21.028-0500] {processor.py:208} INFO - Processing /Users/binhpham/Library/Python/3.9/lib/python/site-packages/airflow/example_dags/example_params_ui_tutorial.py took 0.109 seconds
[2024-09-18T17:08:13.736-0500] {processor.py:186} INFO - Started process (PID=15204) to work on /Users/binhpham/Library/Python/3.9/lib/python/site-packages/airflow/example_dags/example_params_ui_tutorial.py
[2024-09-18T17:08:13.738-0500] {processor.py:914} INFO - Processing file /Users/binhpham/Library/Python/3.9/lib/python/site-packages/airflow/example_dags/example_params_ui_tutorial.py for tasks to queue
[2024-09-18T17:08:13.739-0500] {logging_mixin.py:190} INFO - [2024-09-18T17:08:13.739-0500] {dagbag.py:587} INFO - Filling up the DagBag from /Users/binhpham/Library/Python/3.9/lib/python/site-packages/airflow/example_dags/example_params_ui_tutorial.py
[2024-09-18T17:08:13.759-0500] {processor.py:925} INFO - DAG(s) 'example_params_ui_tutorial' retrieved from /Users/binhpham/Library/Python/3.9/lib/python/site-packages/airflow/example_dags/example_params_ui_tutorial.py
[2024-09-18T17:08:13.831-0500] {logging_mixin.py:190} INFO - [2024-09-18T17:08:13.830-0500] {dag.py:3229} INFO - Sync 1 DAGs
[2024-09-18T17:08:13.836-0500] {logging_mixin.py:190} INFO - [2024-09-18T17:08:13.836-0500] {dag.py:4156} INFO - Setting next_dagrun for example_params_ui_tutorial to None, run_after=None
[2024-09-18T17:08:13.847-0500] {processor.py:208} INFO - Processing /Users/binhpham/Library/Python/3.9/lib/python/site-packages/airflow/example_dags/example_params_ui_tutorial.py took 0.112 seconds
[2024-09-18T17:11:09.989-0500] {processor.py:186} INFO - Started process (PID=15803) to work on /Users/binhpham/Library/Python/3.9/lib/python/site-packages/airflow/example_dags/example_params_ui_tutorial.py
[2024-09-18T17:11:09.991-0500] {processor.py:914} INFO - Processing file /Users/binhpham/Library/Python/3.9/lib/python/site-packages/airflow/example_dags/example_params_ui_tutorial.py for tasks to queue
[2024-09-18T17:11:09.992-0500] {logging_mixin.py:190} INFO - [2024-09-18T17:11:09.992-0500] {dagbag.py:587} INFO - Filling up the DagBag from /Users/binhpham/Library/Python/3.9/lib/python/site-packages/airflow/example_dags/example_params_ui_tutorial.py
[2024-09-18T17:11:10.012-0500] {processor.py:925} INFO - DAG(s) 'example_params_ui_tutorial' retrieved from /Users/binhpham/Library/Python/3.9/lib/python/site-packages/airflow/example_dags/example_params_ui_tutorial.py
[2024-09-18T17:11:10.083-0500] {logging_mixin.py:190} INFO - [2024-09-18T17:11:10.083-0500] {dag.py:3229} INFO - Sync 1 DAGs
[2024-09-18T17:11:10.088-0500] {logging_mixin.py:190} INFO - [2024-09-18T17:11:10.088-0500] {dag.py:4156} INFO - Setting next_dagrun for example_params_ui_tutorial to None, run_after=None
[2024-09-18T17:11:10.098-0500] {processor.py:208} INFO - Processing /Users/binhpham/Library/Python/3.9/lib/python/site-packages/airflow/example_dags/example_params_ui_tutorial.py took 0.110 seconds
[2024-09-18T17:16:00.925-0500] {processor.py:186} INFO - Started process (PID=16951) to work on /Users/binhpham/Library/Python/3.9/lib/python/site-packages/airflow/example_dags/example_params_ui_tutorial.py
[2024-09-18T17:16:00.928-0500] {processor.py:914} INFO - Processing file /Users/binhpham/Library/Python/3.9/lib/python/site-packages/airflow/example_dags/example_params_ui_tutorial.py for tasks to queue
[2024-09-18T17:16:00.928-0500] {logging_mixin.py:190} INFO - [2024-09-18T17:16:00.928-0500] {dagbag.py:587} INFO - Filling up the DagBag from /Users/binhpham/Library/Python/3.9/lib/python/site-packages/airflow/example_dags/example_params_ui_tutorial.py
[2024-09-18T17:16:00.948-0500] {processor.py:925} INFO - DAG(s) 'example_params_ui_tutorial' retrieved from /Users/binhpham/Library/Python/3.9/lib/python/site-packages/airflow/example_dags/example_params_ui_tutorial.py
[2024-09-18T17:16:01.016-0500] {logging_mixin.py:190} INFO - [2024-09-18T17:16:01.016-0500] {dag.py:3229} INFO - Sync 1 DAGs
[2024-09-18T17:16:01.022-0500] {logging_mixin.py:190} INFO - [2024-09-18T17:16:01.022-0500] {dag.py:4156} INFO - Setting next_dagrun for example_params_ui_tutorial to None, run_after=None
[2024-09-18T17:16:01.031-0500] {processor.py:208} INFO - Processing /Users/binhpham/Library/Python/3.9/lib/python/site-packages/airflow/example_dags/example_params_ui_tutorial.py took 0.107 seconds
[2024-09-18T17:17:59.632-0500] {processor.py:186} INFO - Started process (PID=17727) to work on /Users/binhpham/Library/Python/3.9/lib/python/site-packages/airflow/example_dags/example_params_ui_tutorial.py
[2024-09-18T17:17:59.634-0500] {processor.py:914} INFO - Processing file /Users/binhpham/Library/Python/3.9/lib/python/site-packages/airflow/example_dags/example_params_ui_tutorial.py for tasks to queue
[2024-09-18T17:17:59.634-0500] {logging_mixin.py:190} INFO - [2024-09-18T17:17:59.634-0500] {dagbag.py:587} INFO - Filling up the DagBag from /Users/binhpham/Library/Python/3.9/lib/python/site-packages/airflow/example_dags/example_params_ui_tutorial.py
[2024-09-18T17:17:59.653-0500] {processor.py:925} INFO - DAG(s) 'example_params_ui_tutorial' retrieved from /Users/binhpham/Library/Python/3.9/lib/python/site-packages/airflow/example_dags/example_params_ui_tutorial.py
[2024-09-18T17:17:59.720-0500] {logging_mixin.py:190} INFO - [2024-09-18T17:17:59.720-0500] {dag.py:3229} INFO - Sync 1 DAGs
[2024-09-18T17:17:59.725-0500] {logging_mixin.py:190} INFO - [2024-09-18T17:17:59.725-0500] {dag.py:4156} INFO - Setting next_dagrun for example_params_ui_tutorial to None, run_after=None
[2024-09-18T17:17:59.735-0500] {processor.py:208} INFO - Processing /Users/binhpham/Library/Python/3.9/lib/python/site-packages/airflow/example_dags/example_params_ui_tutorial.py took 0.104 seconds
[2024-09-18T17:23:00.972-0500] {processor.py:186} INFO - Started process (PID=19635) to work on /Users/binhpham/Projects/dbt_project/venv/lib/python3.9/site-packages/airflow/example_dags/example_params_ui_tutorial.py
[2024-09-18T17:23:00.974-0500] {processor.py:914} INFO - Processing file /Users/binhpham/Projects/dbt_project/venv/lib/python3.9/site-packages/airflow/example_dags/example_params_ui_tutorial.py for tasks to queue
[2024-09-18T17:23:00.975-0500] {logging_mixin.py:190} INFO - [2024-09-18T17:23:00.975-0500] {dagbag.py:587} INFO - Filling up the DagBag from /Users/binhpham/Projects/dbt_project/venv/lib/python3.9/site-packages/airflow/example_dags/example_params_ui_tutorial.py
[2024-09-18T17:23:00.995-0500] {processor.py:925} INFO - DAG(s) 'example_params_ui_tutorial' retrieved from /Users/binhpham/Projects/dbt_project/venv/lib/python3.9/site-packages/airflow/example_dags/example_params_ui_tutorial.py
[2024-09-18T17:23:01.107-0500] {logging_mixin.py:190} INFO - [2024-09-18T17:23:01.107-0500] {dag.py:3229} INFO - Sync 1 DAGs
[2024-09-18T17:23:01.113-0500] {logging_mixin.py:190} INFO - [2024-09-18T17:23:01.113-0500] {dag.py:4156} INFO - Setting next_dagrun for example_params_ui_tutorial to None, run_after=None
[2024-09-18T17:23:01.123-0500] {processor.py:208} INFO - Processing /Users/binhpham/Projects/dbt_project/venv/lib/python3.9/site-packages/airflow/example_dags/example_params_ui_tutorial.py took 0.153 seconds
[2024-09-18T17:27:01.070-0500] {processor.py:186} INFO - Started process (PID=20533) to work on /Users/binhpham/Projects/dbt_project/venv/lib/python3.9/site-packages/airflow/example_dags/example_params_ui_tutorial.py
[2024-09-18T17:27:01.072-0500] {processor.py:914} INFO - Processing file /Users/binhpham/Projects/dbt_project/venv/lib/python3.9/site-packages/airflow/example_dags/example_params_ui_tutorial.py for tasks to queue
[2024-09-18T17:27:01.073-0500] {logging_mixin.py:190} INFO - [2024-09-18T17:27:01.072-0500] {dagbag.py:587} INFO - Filling up the DagBag from /Users/binhpham/Projects/dbt_project/venv/lib/python3.9/site-packages/airflow/example_dags/example_params_ui_tutorial.py
[2024-09-18T17:27:01.092-0500] {processor.py:925} INFO - DAG(s) 'example_params_ui_tutorial' retrieved from /Users/binhpham/Projects/dbt_project/venv/lib/python3.9/site-packages/airflow/example_dags/example_params_ui_tutorial.py
[2024-09-18T17:27:01.160-0500] {logging_mixin.py:190} INFO - [2024-09-18T17:27:01.160-0500] {dag.py:3229} INFO - Sync 1 DAGs
[2024-09-18T17:27:01.166-0500] {logging_mixin.py:190} INFO - [2024-09-18T17:27:01.166-0500] {dag.py:4156} INFO - Setting next_dagrun for example_params_ui_tutorial to None, run_after=None
[2024-09-18T17:27:01.174-0500] {processor.py:208} INFO - Processing /Users/binhpham/Projects/dbt_project/venv/lib/python3.9/site-packages/airflow/example_dags/example_params_ui_tutorial.py took 0.107 seconds
[2024-09-18T17:29:32.656-0500] {processor.py:186} INFO - Started process (PID=21223) to work on /Users/binhpham/Projects/dbt_project/venv/lib/python3.9/site-packages/airflow/example_dags/example_params_ui_tutorial.py
[2024-09-18T17:29:32.659-0500] {processor.py:914} INFO - Processing file /Users/binhpham/Projects/dbt_project/venv/lib/python3.9/site-packages/airflow/example_dags/example_params_ui_tutorial.py for tasks to queue
[2024-09-18T17:29:32.659-0500] {logging_mixin.py:190} INFO - [2024-09-18T17:29:32.659-0500] {dagbag.py:587} INFO - Filling up the DagBag from /Users/binhpham/Projects/dbt_project/venv/lib/python3.9/site-packages/airflow/example_dags/example_params_ui_tutorial.py
[2024-09-18T17:29:32.678-0500] {processor.py:925} INFO - DAG(s) 'example_params_ui_tutorial' retrieved from /Users/binhpham/Projects/dbt_project/venv/lib/python3.9/site-packages/airflow/example_dags/example_params_ui_tutorial.py
[2024-09-18T17:29:32.745-0500] {logging_mixin.py:190} INFO - [2024-09-18T17:29:32.745-0500] {dag.py:3229} INFO - Sync 1 DAGs
[2024-09-18T17:29:32.750-0500] {logging_mixin.py:190} INFO - [2024-09-18T17:29:32.750-0500] {dag.py:4156} INFO - Setting next_dagrun for example_params_ui_tutorial to None, run_after=None
[2024-09-18T17:29:32.759-0500] {processor.py:208} INFO - Processing /Users/binhpham/Projects/dbt_project/venv/lib/python3.9/site-packages/airflow/example_dags/example_params_ui_tutorial.py took 0.104 seconds
[2024-09-18T17:31:25.318-0500] {processor.py:186} INFO - Started process (PID=22578) to work on /Users/binhpham/Projects/dbt_project/venv/lib/python3.9/site-packages/airflow/example_dags/example_params_ui_tutorial.py
[2024-09-18T17:31:25.320-0500] {processor.py:914} INFO - Processing file /Users/binhpham/Projects/dbt_project/venv/lib/python3.9/site-packages/airflow/example_dags/example_params_ui_tutorial.py for tasks to queue
[2024-09-18T17:31:25.321-0500] {logging_mixin.py:190} INFO - [2024-09-18T17:31:25.321-0500] {dagbag.py:587} INFO - Filling up the DagBag from /Users/binhpham/Projects/dbt_project/venv/lib/python3.9/site-packages/airflow/example_dags/example_params_ui_tutorial.py
[2024-09-18T17:31:25.340-0500] {processor.py:925} INFO - DAG(s) 'example_params_ui_tutorial' retrieved from /Users/binhpham/Projects/dbt_project/venv/lib/python3.9/site-packages/airflow/example_dags/example_params_ui_tutorial.py
[2024-09-18T17:31:25.408-0500] {logging_mixin.py:190} INFO - [2024-09-18T17:31:25.408-0500] {dag.py:3229} INFO - Sync 1 DAGs
[2024-09-18T17:31:25.414-0500] {logging_mixin.py:190} INFO - [2024-09-18T17:31:25.413-0500] {dag.py:4156} INFO - Setting next_dagrun for example_params_ui_tutorial to None, run_after=None
[2024-09-18T17:31:25.423-0500] {processor.py:208} INFO - Processing /Users/binhpham/Projects/dbt_project/venv/lib/python3.9/site-packages/airflow/example_dags/example_params_ui_tutorial.py took 0.107 seconds
[2024-09-18T17:35:17.146-0500] {processor.py:186} INFO - Started process (PID=23406) to work on /Users/binhpham/Projects/dbt_project/venv/lib/python3.9/site-packages/airflow/example_dags/example_params_ui_tutorial.py
[2024-09-18T17:35:17.149-0500] {processor.py:914} INFO - Processing file /Users/binhpham/Projects/dbt_project/venv/lib/python3.9/site-packages/airflow/example_dags/example_params_ui_tutorial.py for tasks to queue
[2024-09-18T17:35:17.149-0500] {logging_mixin.py:190} INFO - [2024-09-18T17:35:17.149-0500] {dagbag.py:587} INFO - Filling up the DagBag from /Users/binhpham/Projects/dbt_project/venv/lib/python3.9/site-packages/airflow/example_dags/example_params_ui_tutorial.py
[2024-09-18T17:35:17.170-0500] {processor.py:925} INFO - DAG(s) 'example_params_ui_tutorial' retrieved from /Users/binhpham/Projects/dbt_project/venv/lib/python3.9/site-packages/airflow/example_dags/example_params_ui_tutorial.py
[2024-09-18T17:35:17.238-0500] {logging_mixin.py:190} INFO - [2024-09-18T17:35:17.238-0500] {dag.py:3229} INFO - Sync 1 DAGs
[2024-09-18T17:35:17.244-0500] {logging_mixin.py:190} INFO - [2024-09-18T17:35:17.244-0500] {dag.py:4156} INFO - Setting next_dagrun for example_params_ui_tutorial to None, run_after=None
[2024-09-18T17:35:17.254-0500] {processor.py:208} INFO - Processing /Users/binhpham/Projects/dbt_project/venv/lib/python3.9/site-packages/airflow/example_dags/example_params_ui_tutorial.py took 0.109 seconds
[2024-09-18T17:37:12.634-0500] {processor.py:186} INFO - Started process (PID=24004) to work on /Users/binhpham/Projects/dbt_project/venv/lib/python3.9/site-packages/airflow/example_dags/example_params_ui_tutorial.py
[2024-09-18T17:37:12.636-0500] {processor.py:914} INFO - Processing file /Users/binhpham/Projects/dbt_project/venv/lib/python3.9/site-packages/airflow/example_dags/example_params_ui_tutorial.py for tasks to queue
[2024-09-18T17:37:12.636-0500] {logging_mixin.py:190} INFO - [2024-09-18T17:37:12.636-0500] {dagbag.py:587} INFO - Filling up the DagBag from /Users/binhpham/Projects/dbt_project/venv/lib/python3.9/site-packages/airflow/example_dags/example_params_ui_tutorial.py
[2024-09-18T17:37:12.655-0500] {processor.py:925} INFO - DAG(s) 'example_params_ui_tutorial' retrieved from /Users/binhpham/Projects/dbt_project/venv/lib/python3.9/site-packages/airflow/example_dags/example_params_ui_tutorial.py
[2024-09-18T17:37:12.722-0500] {logging_mixin.py:190} INFO - [2024-09-18T17:37:12.722-0500] {dag.py:3229} INFO - Sync 1 DAGs
[2024-09-18T17:37:12.728-0500] {logging_mixin.py:190} INFO - [2024-09-18T17:37:12.728-0500] {dag.py:4156} INFO - Setting next_dagrun for example_params_ui_tutorial to None, run_after=None
[2024-09-18T17:37:12.737-0500] {processor.py:208} INFO - Processing /Users/binhpham/Projects/dbt_project/venv/lib/python3.9/site-packages/airflow/example_dags/example_params_ui_tutorial.py took 0.104 seconds
[2024-09-18T17:39:59.704-0500] {processor.py:186} INFO - Started process (PID=24542) to work on /Users/binhpham/Projects/dbt_project/venv/lib/python3.9/site-packages/airflow/example_dags/example_params_ui_tutorial.py
[2024-09-18T17:39:59.706-0500] {processor.py:914} INFO - Processing file /Users/binhpham/Projects/dbt_project/venv/lib/python3.9/site-packages/airflow/example_dags/example_params_ui_tutorial.py for tasks to queue
[2024-09-18T17:39:59.707-0500] {logging_mixin.py:190} INFO - [2024-09-18T17:39:59.707-0500] {dagbag.py:587} INFO - Filling up the DagBag from /Users/binhpham/Projects/dbt_project/venv/lib/python3.9/site-packages/airflow/example_dags/example_params_ui_tutorial.py
[2024-09-18T17:39:59.728-0500] {processor.py:925} INFO - DAG(s) 'example_params_ui_tutorial' retrieved from /Users/binhpham/Projects/dbt_project/venv/lib/python3.9/site-packages/airflow/example_dags/example_params_ui_tutorial.py
[2024-09-18T17:39:59.800-0500] {logging_mixin.py:190} INFO - [2024-09-18T17:39:59.800-0500] {dag.py:3229} INFO - Sync 1 DAGs
[2024-09-18T17:39:59.806-0500] {logging_mixin.py:190} INFO - [2024-09-18T17:39:59.806-0500] {dag.py:4156} INFO - Setting next_dagrun for example_params_ui_tutorial to None, run_after=None
[2024-09-18T17:39:59.816-0500] {processor.py:208} INFO - Processing /Users/binhpham/Projects/dbt_project/venv/lib/python3.9/site-packages/airflow/example_dags/example_params_ui_tutorial.py took 0.113 seconds
[2024-09-18T17:42:51.249-0500] {processor.py:186} INFO - Started process (PID=25085) to work on /Users/binhpham/Projects/dbt_project/venv/lib/python3.9/site-packages/airflow/example_dags/example_params_ui_tutorial.py
[2024-09-18T17:42:51.252-0500] {processor.py:914} INFO - Processing file /Users/binhpham/Projects/dbt_project/venv/lib/python3.9/site-packages/airflow/example_dags/example_params_ui_tutorial.py for tasks to queue
[2024-09-18T17:42:51.252-0500] {logging_mixin.py:190} INFO - [2024-09-18T17:42:51.252-0500] {dagbag.py:587} INFO - Filling up the DagBag from /Users/binhpham/Projects/dbt_project/venv/lib/python3.9/site-packages/airflow/example_dags/example_params_ui_tutorial.py
[2024-09-18T17:42:51.273-0500] {processor.py:925} INFO - DAG(s) 'example_params_ui_tutorial' retrieved from /Users/binhpham/Projects/dbt_project/venv/lib/python3.9/site-packages/airflow/example_dags/example_params_ui_tutorial.py
[2024-09-18T17:42:51.345-0500] {logging_mixin.py:190} INFO - [2024-09-18T17:42:51.344-0500] {dag.py:3229} INFO - Sync 1 DAGs
[2024-09-18T17:42:51.351-0500] {logging_mixin.py:190} INFO - [2024-09-18T17:42:51.351-0500] {dag.py:4156} INFO - Setting next_dagrun for example_params_ui_tutorial to None, run_after=None
[2024-09-18T17:42:51.361-0500] {processor.py:208} INFO - Processing /Users/binhpham/Projects/dbt_project/venv/lib/python3.9/site-packages/airflow/example_dags/example_params_ui_tutorial.py took 0.113 seconds
