[2024-09-18T16:52:40.071-0500] {processor.py:186} INFO - Started process (PID=11922) to work on /Users/binhpham/Library/Python/3.9/lib/python/site-packages/airflow/example_dags/example_outlet_event_extra.py
[2024-09-18T16:52:40.073-0500] {processor.py:914} INFO - Processing file /Users/binhpham/Library/Python/3.9/lib/python/site-packages/airflow/example_dags/example_outlet_event_extra.py for tasks to queue
[2024-09-18T16:52:40.073-0500] {logging_mixin.py:190} INFO - [2024-09-18T16:52:40.073-0500] {dagbag.py:587} INFO - Filling up the DagBag from /Users/binhpham/Library/Python/3.9/lib/python/site-packages/airflow/example_dags/example_outlet_event_extra.py
[2024-09-18T16:52:40.151-0500] {processor.py:925} INFO - DAG(s) 'dataset_with_extra_by_context', 'dataset_with_extra_by_yield', 'dataset_with_extra_from_classic_operator' retrieved from /Users/binhpham/Library/Python/3.9/lib/python/site-packages/airflow/example_dags/example_outlet_event_extra.py
[2024-09-18T16:52:40.210-0500] {logging_mixin.py:190} INFO - [2024-09-18T16:52:40.210-0500] {dag.py:3229} INFO - Sync 3 DAGs
[2024-09-18T16:52:40.219-0500] {logging_mixin.py:190} INFO - [2024-09-18T16:52:40.219-0500] {dag.py:4156} INFO - Setting next_dagrun for dataset_with_extra_by_context to 2024-09-17 00:00:00+00:00, run_after=2024-09-18 00:00:00+00:00
[2024-09-18T16:52:40.222-0500] {logging_mixin.py:190} INFO - [2024-09-18T16:52:40.221-0500] {dag.py:4156} INFO - Setting next_dagrun for dataset_with_extra_by_yield to 2024-09-17 00:00:00+00:00, run_after=2024-09-18 00:00:00+00:00
[2024-09-18T16:52:40.223-0500] {logging_mixin.py:190} INFO - [2024-09-18T16:52:40.223-0500] {dag.py:4156} INFO - Setting next_dagrun for dataset_with_extra_from_classic_operator to 2024-09-17 00:00:00+00:00, run_after=2024-09-18 00:00:00+00:00
[2024-09-18T16:52:40.233-0500] {processor.py:208} INFO - Processing /Users/binhpham/Library/Python/3.9/lib/python/site-packages/airflow/example_dags/example_outlet_event_extra.py took 0.164 seconds
[2024-09-18T16:54:38.861-0500] {processor.py:186} INFO - Started process (PID=12411) to work on /Users/binhpham/Library/Python/3.9/lib/python/site-packages/airflow/example_dags/example_outlet_event_extra.py
[2024-09-18T16:54:38.863-0500] {processor.py:914} INFO - Processing file /Users/binhpham/Library/Python/3.9/lib/python/site-packages/airflow/example_dags/example_outlet_event_extra.py for tasks to queue
[2024-09-18T16:54:38.864-0500] {logging_mixin.py:190} INFO - [2024-09-18T16:54:38.864-0500] {dagbag.py:587} INFO - Filling up the DagBag from /Users/binhpham/Library/Python/3.9/lib/python/site-packages/airflow/example_dags/example_outlet_event_extra.py
[2024-09-18T16:54:38.941-0500] {processor.py:925} INFO - DAG(s) 'dataset_with_extra_by_context', 'dataset_with_extra_by_yield', 'dataset_with_extra_from_classic_operator' retrieved from /Users/binhpham/Library/Python/3.9/lib/python/site-packages/airflow/example_dags/example_outlet_event_extra.py
[2024-09-18T16:54:38.996-0500] {logging_mixin.py:190} INFO - [2024-09-18T16:54:38.996-0500] {dag.py:3229} INFO - Sync 3 DAGs
[2024-09-18T16:54:39.006-0500] {logging_mixin.py:190} INFO - [2024-09-18T16:54:39.006-0500] {dag.py:4156} INFO - Setting next_dagrun for dataset_with_extra_by_context to 2024-09-17 00:00:00+00:00, run_after=2024-09-18 00:00:00+00:00
[2024-09-18T16:54:39.008-0500] {logging_mixin.py:190} INFO - [2024-09-18T16:54:39.008-0500] {dag.py:4156} INFO - Setting next_dagrun for dataset_with_extra_by_yield to 2024-09-17 00:00:00+00:00, run_after=2024-09-18 00:00:00+00:00
[2024-09-18T16:54:39.010-0500] {logging_mixin.py:190} INFO - [2024-09-18T16:54:39.010-0500] {dag.py:4156} INFO - Setting next_dagrun for dataset_with_extra_from_classic_operator to 2024-09-17 00:00:00+00:00, run_after=2024-09-18 00:00:00+00:00
[2024-09-18T16:54:39.021-0500] {processor.py:208} INFO - Processing /Users/binhpham/Library/Python/3.9/lib/python/site-packages/airflow/example_dags/example_outlet_event_extra.py took 0.161 seconds
[2024-09-18T16:57:39.522-0500] {processor.py:186} INFO - Started process (PID=13000) to work on /Users/binhpham/Library/Python/3.9/lib/python/site-packages/airflow/example_dags/example_outlet_event_extra.py
[2024-09-18T16:57:39.524-0500] {processor.py:914} INFO - Processing file /Users/binhpham/Library/Python/3.9/lib/python/site-packages/airflow/example_dags/example_outlet_event_extra.py for tasks to queue
[2024-09-18T16:57:39.525-0500] {logging_mixin.py:190} INFO - [2024-09-18T16:57:39.525-0500] {dagbag.py:587} INFO - Filling up the DagBag from /Users/binhpham/Library/Python/3.9/lib/python/site-packages/airflow/example_dags/example_outlet_event_extra.py
[2024-09-18T16:57:39.598-0500] {processor.py:925} INFO - DAG(s) 'dataset_with_extra_by_yield', 'dataset_with_extra_by_context', 'dataset_with_extra_from_classic_operator' retrieved from /Users/binhpham/Library/Python/3.9/lib/python/site-packages/airflow/example_dags/example_outlet_event_extra.py
[2024-09-18T16:57:39.657-0500] {logging_mixin.py:190} INFO - [2024-09-18T16:57:39.656-0500] {dag.py:3229} INFO - Sync 3 DAGs
[2024-09-18T16:57:39.667-0500] {logging_mixin.py:190} INFO - [2024-09-18T16:57:39.667-0500] {dag.py:4156} INFO - Setting next_dagrun for dataset_with_extra_by_context to 2024-09-17 00:00:00+00:00, run_after=2024-09-18 00:00:00+00:00
[2024-09-18T16:57:39.669-0500] {logging_mixin.py:190} INFO - [2024-09-18T16:57:39.669-0500] {dag.py:4156} INFO - Setting next_dagrun for dataset_with_extra_by_yield to 2024-09-17 00:00:00+00:00, run_after=2024-09-18 00:00:00+00:00
[2024-09-18T16:57:39.670-0500] {logging_mixin.py:190} INFO - [2024-09-18T16:57:39.670-0500] {dag.py:4156} INFO - Setting next_dagrun for dataset_with_extra_from_classic_operator to 2024-09-17 00:00:00+00:00, run_after=2024-09-18 00:00:00+00:00
[2024-09-18T16:57:39.682-0500] {processor.py:208} INFO - Processing /Users/binhpham/Library/Python/3.9/lib/python/site-packages/airflow/example_dags/example_outlet_event_extra.py took 0.162 seconds
[2024-09-18T16:59:40.582-0500] {processor.py:186} INFO - Started process (PID=13401) to work on /Users/binhpham/Library/Python/3.9/lib/python/site-packages/airflow/example_dags/example_outlet_event_extra.py
[2024-09-18T16:59:40.585-0500] {processor.py:914} INFO - Processing file /Users/binhpham/Library/Python/3.9/lib/python/site-packages/airflow/example_dags/example_outlet_event_extra.py for tasks to queue
[2024-09-18T16:59:40.585-0500] {logging_mixin.py:190} INFO - [2024-09-18T16:59:40.585-0500] {dagbag.py:587} INFO - Filling up the DagBag from /Users/binhpham/Library/Python/3.9/lib/python/site-packages/airflow/example_dags/example_outlet_event_extra.py
[2024-09-18T16:59:40.660-0500] {processor.py:925} INFO - DAG(s) 'dataset_with_extra_by_yield', 'dataset_with_extra_by_context', 'dataset_with_extra_from_classic_operator' retrieved from /Users/binhpham/Library/Python/3.9/lib/python/site-packages/airflow/example_dags/example_outlet_event_extra.py
[2024-09-18T16:59:40.717-0500] {logging_mixin.py:190} INFO - [2024-09-18T16:59:40.717-0500] {dag.py:3229} INFO - Sync 3 DAGs
[2024-09-18T16:59:40.727-0500] {logging_mixin.py:190} INFO - [2024-09-18T16:59:40.727-0500] {dag.py:4156} INFO - Setting next_dagrun for dataset_with_extra_by_context to 2024-09-17 00:00:00+00:00, run_after=2024-09-18 00:00:00+00:00
[2024-09-18T16:59:40.729-0500] {logging_mixin.py:190} INFO - [2024-09-18T16:59:40.729-0500] {dag.py:4156} INFO - Setting next_dagrun for dataset_with_extra_by_yield to 2024-09-17 00:00:00+00:00, run_after=2024-09-18 00:00:00+00:00
[2024-09-18T16:59:40.730-0500] {logging_mixin.py:190} INFO - [2024-09-18T16:59:40.730-0500] {dag.py:4156} INFO - Setting next_dagrun for dataset_with_extra_from_classic_operator to 2024-09-17 00:00:00+00:00, run_after=2024-09-18 00:00:00+00:00
[2024-09-18T16:59:40.741-0500] {processor.py:208} INFO - Processing /Users/binhpham/Library/Python/3.9/lib/python/site-packages/airflow/example_dags/example_outlet_event_extra.py took 0.161 seconds
[2024-09-18T17:02:32.741-0500] {processor.py:186} INFO - Started process (PID=13970) to work on /Users/binhpham/Library/Python/3.9/lib/python/site-packages/airflow/example_dags/example_outlet_event_extra.py
[2024-09-18T17:02:32.743-0500] {processor.py:914} INFO - Processing file /Users/binhpham/Library/Python/3.9/lib/python/site-packages/airflow/example_dags/example_outlet_event_extra.py for tasks to queue
[2024-09-18T17:02:32.743-0500] {logging_mixin.py:190} INFO - [2024-09-18T17:02:32.743-0500] {dagbag.py:587} INFO - Filling up the DagBag from /Users/binhpham/Library/Python/3.9/lib/python/site-packages/airflow/example_dags/example_outlet_event_extra.py
[2024-09-18T17:02:32.811-0500] {processor.py:925} INFO - DAG(s) 'dataset_with_extra_by_context', 'dataset_with_extra_by_yield', 'dataset_with_extra_from_classic_operator' retrieved from /Users/binhpham/Library/Python/3.9/lib/python/site-packages/airflow/example_dags/example_outlet_event_extra.py
[2024-09-18T17:02:32.869-0500] {logging_mixin.py:190} INFO - [2024-09-18T17:02:32.869-0500] {dag.py:3229} INFO - Sync 3 DAGs
[2024-09-18T17:02:32.879-0500] {logging_mixin.py:190} INFO - [2024-09-18T17:02:32.879-0500] {dag.py:4156} INFO - Setting next_dagrun for dataset_with_extra_by_context to 2024-09-17 00:00:00+00:00, run_after=2024-09-18 00:00:00+00:00
[2024-09-18T17:02:32.882-0500] {logging_mixin.py:190} INFO - [2024-09-18T17:02:32.882-0500] {dag.py:4156} INFO - Setting next_dagrun for dataset_with_extra_by_yield to 2024-09-17 00:00:00+00:00, run_after=2024-09-18 00:00:00+00:00
[2024-09-18T17:02:32.883-0500] {logging_mixin.py:190} INFO - [2024-09-18T17:02:32.883-0500] {dag.py:4156} INFO - Setting next_dagrun for dataset_with_extra_from_classic_operator to 2024-09-17 00:00:00+00:00, run_after=2024-09-18 00:00:00+00:00
[2024-09-18T17:02:32.894-0500] {processor.py:208} INFO - Processing /Users/binhpham/Library/Python/3.9/lib/python/site-packages/airflow/example_dags/example_outlet_event_extra.py took 0.154 seconds
[2024-09-18T17:05:25.672-0500] {processor.py:186} INFO - Started process (PID=14581) to work on /Users/binhpham/Library/Python/3.9/lib/python/site-packages/airflow/example_dags/example_outlet_event_extra.py
[2024-09-18T17:05:25.673-0500] {processor.py:914} INFO - Processing file /Users/binhpham/Library/Python/3.9/lib/python/site-packages/airflow/example_dags/example_outlet_event_extra.py for tasks to queue
[2024-09-18T17:05:25.674-0500] {logging_mixin.py:190} INFO - [2024-09-18T17:05:25.674-0500] {dagbag.py:587} INFO - Filling up the DagBag from /Users/binhpham/Library/Python/3.9/lib/python/site-packages/airflow/example_dags/example_outlet_event_extra.py
[2024-09-18T17:05:25.764-0500] {processor.py:925} INFO - DAG(s) 'dataset_with_extra_by_context', 'dataset_with_extra_from_classic_operator', 'dataset_with_extra_by_yield' retrieved from /Users/binhpham/Library/Python/3.9/lib/python/site-packages/airflow/example_dags/example_outlet_event_extra.py
[2024-09-18T17:05:25.825-0500] {logging_mixin.py:190} INFO - [2024-09-18T17:05:25.825-0500] {dag.py:3229} INFO - Sync 3 DAGs
[2024-09-18T17:05:25.836-0500] {logging_mixin.py:190} INFO - [2024-09-18T17:05:25.836-0500] {dag.py:4156} INFO - Setting next_dagrun for dataset_with_extra_by_context to 2024-09-17 00:00:00+00:00, run_after=2024-09-18 00:00:00+00:00
[2024-09-18T17:05:25.839-0500] {logging_mixin.py:190} INFO - [2024-09-18T17:05:25.838-0500] {dag.py:4156} INFO - Setting next_dagrun for dataset_with_extra_by_yield to 2024-09-17 00:00:00+00:00, run_after=2024-09-18 00:00:00+00:00
[2024-09-18T17:05:25.840-0500] {logging_mixin.py:190} INFO - [2024-09-18T17:05:25.840-0500] {dag.py:4156} INFO - Setting next_dagrun for dataset_with_extra_from_classic_operator to 2024-09-17 00:00:00+00:00, run_after=2024-09-18 00:00:00+00:00
[2024-09-18T17:05:25.852-0500] {processor.py:208} INFO - Processing /Users/binhpham/Library/Python/3.9/lib/python/site-packages/airflow/example_dags/example_outlet_event_extra.py took 0.183 seconds
[2024-09-18T17:08:17.697-0500] {processor.py:186} INFO - Started process (PID=15220) to work on /Users/binhpham/Library/Python/3.9/lib/python/site-packages/airflow/example_dags/example_outlet_event_extra.py
[2024-09-18T17:08:17.699-0500] {processor.py:914} INFO - Processing file /Users/binhpham/Library/Python/3.9/lib/python/site-packages/airflow/example_dags/example_outlet_event_extra.py for tasks to queue
[2024-09-18T17:08:17.699-0500] {logging_mixin.py:190} INFO - [2024-09-18T17:08:17.699-0500] {dagbag.py:587} INFO - Filling up the DagBag from /Users/binhpham/Library/Python/3.9/lib/python/site-packages/airflow/example_dags/example_outlet_event_extra.py
[2024-09-18T17:08:17.770-0500] {processor.py:925} INFO - DAG(s) 'dataset_with_extra_from_classic_operator', 'dataset_with_extra_by_yield', 'dataset_with_extra_by_context' retrieved from /Users/binhpham/Library/Python/3.9/lib/python/site-packages/airflow/example_dags/example_outlet_event_extra.py
[2024-09-18T17:08:17.827-0500] {logging_mixin.py:190} INFO - [2024-09-18T17:08:17.826-0500] {dag.py:3229} INFO - Sync 3 DAGs
[2024-09-18T17:08:17.836-0500] {logging_mixin.py:190} INFO - [2024-09-18T17:08:17.836-0500] {dag.py:4156} INFO - Setting next_dagrun for dataset_with_extra_by_context to 2024-09-17 00:00:00+00:00, run_after=2024-09-18 00:00:00+00:00
[2024-09-18T17:08:17.839-0500] {logging_mixin.py:190} INFO - [2024-09-18T17:08:17.838-0500] {dag.py:4156} INFO - Setting next_dagrun for dataset_with_extra_by_yield to 2024-09-17 00:00:00+00:00, run_after=2024-09-18 00:00:00+00:00
[2024-09-18T17:08:17.840-0500] {logging_mixin.py:190} INFO - [2024-09-18T17:08:17.840-0500] {dag.py:4156} INFO - Setting next_dagrun for dataset_with_extra_from_classic_operator to 2024-09-17 00:00:00+00:00, run_after=2024-09-18 00:00:00+00:00
[2024-09-18T17:08:17.851-0500] {processor.py:208} INFO - Processing /Users/binhpham/Library/Python/3.9/lib/python/site-packages/airflow/example_dags/example_outlet_event_extra.py took 0.156 seconds
[2024-09-18T17:11:14.662-0500] {processor.py:186} INFO - Started process (PID=15827) to work on /Users/binhpham/Library/Python/3.9/lib/python/site-packages/airflow/example_dags/example_outlet_event_extra.py
[2024-09-18T17:11:14.663-0500] {processor.py:914} INFO - Processing file /Users/binhpham/Library/Python/3.9/lib/python/site-packages/airflow/example_dags/example_outlet_event_extra.py for tasks to queue
[2024-09-18T17:11:14.664-0500] {logging_mixin.py:190} INFO - [2024-09-18T17:11:14.664-0500] {dagbag.py:587} INFO - Filling up the DagBag from /Users/binhpham/Library/Python/3.9/lib/python/site-packages/airflow/example_dags/example_outlet_event_extra.py
[2024-09-18T17:11:14.735-0500] {processor.py:925} INFO - DAG(s) 'dataset_with_extra_by_yield', 'dataset_with_extra_from_classic_operator', 'dataset_with_extra_by_context' retrieved from /Users/binhpham/Library/Python/3.9/lib/python/site-packages/airflow/example_dags/example_outlet_event_extra.py
[2024-09-18T17:11:14.791-0500] {logging_mixin.py:190} INFO - [2024-09-18T17:11:14.791-0500] {dag.py:3229} INFO - Sync 3 DAGs
[2024-09-18T17:11:14.801-0500] {logging_mixin.py:190} INFO - [2024-09-18T17:11:14.801-0500] {dag.py:4156} INFO - Setting next_dagrun for dataset_with_extra_by_context to 2024-09-17 00:00:00+00:00, run_after=2024-09-18 00:00:00+00:00
[2024-09-18T17:11:14.803-0500] {logging_mixin.py:190} INFO - [2024-09-18T17:11:14.803-0500] {dag.py:4156} INFO - Setting next_dagrun for dataset_with_extra_by_yield to 2024-09-17 00:00:00+00:00, run_after=2024-09-18 00:00:00+00:00
[2024-09-18T17:11:14.804-0500] {logging_mixin.py:190} INFO - [2024-09-18T17:11:14.804-0500] {dag.py:4156} INFO - Setting next_dagrun for dataset_with_extra_from_classic_operator to 2024-09-17 00:00:00+00:00, run_after=2024-09-18 00:00:00+00:00
[2024-09-18T17:11:14.815-0500] {processor.py:208} INFO - Processing /Users/binhpham/Library/Python/3.9/lib/python/site-packages/airflow/example_dags/example_outlet_event_extra.py took 0.155 seconds
[2024-09-18T17:16:04.911-0500] {processor.py:186} INFO - Started process (PID=16963) to work on /Users/binhpham/Library/Python/3.9/lib/python/site-packages/airflow/example_dags/example_outlet_event_extra.py
[2024-09-18T17:16:04.914-0500] {processor.py:914} INFO - Processing file /Users/binhpham/Library/Python/3.9/lib/python/site-packages/airflow/example_dags/example_outlet_event_extra.py for tasks to queue
[2024-09-18T17:16:04.914-0500] {logging_mixin.py:190} INFO - [2024-09-18T17:16:04.914-0500] {dagbag.py:587} INFO - Filling up the DagBag from /Users/binhpham/Library/Python/3.9/lib/python/site-packages/airflow/example_dags/example_outlet_event_extra.py
[2024-09-18T17:16:04.995-0500] {processor.py:925} INFO - DAG(s) 'dataset_with_extra_by_context', 'dataset_with_extra_by_yield', 'dataset_with_extra_from_classic_operator' retrieved from /Users/binhpham/Library/Python/3.9/lib/python/site-packages/airflow/example_dags/example_outlet_event_extra.py
[2024-09-18T17:16:05.053-0500] {logging_mixin.py:190} INFO - [2024-09-18T17:16:05.052-0500] {dag.py:3229} INFO - Sync 3 DAGs
[2024-09-18T17:16:05.062-0500] {logging_mixin.py:190} INFO - [2024-09-18T17:16:05.062-0500] {dag.py:4156} INFO - Setting next_dagrun for dataset_with_extra_by_context to 2024-09-17 00:00:00+00:00, run_after=2024-09-18 00:00:00+00:00
[2024-09-18T17:16:05.065-0500] {logging_mixin.py:190} INFO - [2024-09-18T17:16:05.065-0500] {dag.py:4156} INFO - Setting next_dagrun for dataset_with_extra_by_yield to 2024-09-17 00:00:00+00:00, run_after=2024-09-18 00:00:00+00:00
[2024-09-18T17:16:05.066-0500] {logging_mixin.py:190} INFO - [2024-09-18T17:16:05.066-0500] {dag.py:4156} INFO - Setting next_dagrun for dataset_with_extra_from_classic_operator to 2024-09-17 00:00:00+00:00, run_after=2024-09-18 00:00:00+00:00
[2024-09-18T17:16:05.076-0500] {processor.py:208} INFO - Processing /Users/binhpham/Library/Python/3.9/lib/python/site-packages/airflow/example_dags/example_outlet_event_extra.py took 0.167 seconds
[2024-09-18T17:18:04.335-0500] {processor.py:186} INFO - Started process (PID=17787) to work on /Users/binhpham/Library/Python/3.9/lib/python/site-packages/airflow/example_dags/example_outlet_event_extra.py
[2024-09-18T17:18:04.337-0500] {processor.py:914} INFO - Processing file /Users/binhpham/Library/Python/3.9/lib/python/site-packages/airflow/example_dags/example_outlet_event_extra.py for tasks to queue
[2024-09-18T17:18:04.337-0500] {logging_mixin.py:190} INFO - [2024-09-18T17:18:04.337-0500] {dagbag.py:587} INFO - Filling up the DagBag from /Users/binhpham/Library/Python/3.9/lib/python/site-packages/airflow/example_dags/example_outlet_event_extra.py
[2024-09-18T17:18:04.408-0500] {processor.py:925} INFO - DAG(s) 'dataset_with_extra_by_yield', 'dataset_with_extra_by_context', 'dataset_with_extra_from_classic_operator' retrieved from /Users/binhpham/Library/Python/3.9/lib/python/site-packages/airflow/example_dags/example_outlet_event_extra.py
[2024-09-18T17:18:04.465-0500] {logging_mixin.py:190} INFO - [2024-09-18T17:18:04.465-0500] {dag.py:3229} INFO - Sync 3 DAGs
[2024-09-18T17:18:04.476-0500] {logging_mixin.py:190} INFO - [2024-09-18T17:18:04.476-0500] {dag.py:4156} INFO - Setting next_dagrun for dataset_with_extra_by_context to 2024-09-17 00:00:00+00:00, run_after=2024-09-18 00:00:00+00:00
[2024-09-18T17:18:04.479-0500] {logging_mixin.py:190} INFO - [2024-09-18T17:18:04.479-0500] {dag.py:4156} INFO - Setting next_dagrun for dataset_with_extra_by_yield to 2024-09-17 00:00:00+00:00, run_after=2024-09-18 00:00:00+00:00
[2024-09-18T17:18:04.480-0500] {logging_mixin.py:190} INFO - [2024-09-18T17:18:04.480-0500] {dag.py:4156} INFO - Setting next_dagrun for dataset_with_extra_from_classic_operator to 2024-09-17 00:00:00+00:00, run_after=2024-09-18 00:00:00+00:00
[2024-09-18T17:18:04.491-0500] {processor.py:208} INFO - Processing /Users/binhpham/Library/Python/3.9/lib/python/site-packages/airflow/example_dags/example_outlet_event_extra.py took 0.158 seconds
[2024-09-18T17:23:04.982-0500] {processor.py:186} INFO - Started process (PID=19654) to work on /Users/binhpham/Projects/dbt_project/venv/lib/python3.9/site-packages/airflow/example_dags/example_outlet_event_extra.py
[2024-09-18T17:23:04.984-0500] {processor.py:914} INFO - Processing file /Users/binhpham/Projects/dbt_project/venv/lib/python3.9/site-packages/airflow/example_dags/example_outlet_event_extra.py for tasks to queue
[2024-09-18T17:23:04.984-0500] {logging_mixin.py:190} INFO - [2024-09-18T17:23:04.984-0500] {dagbag.py:587} INFO - Filling up the DagBag from /Users/binhpham/Projects/dbt_project/venv/lib/python3.9/site-packages/airflow/example_dags/example_outlet_event_extra.py
[2024-09-18T17:23:05.042-0500] {processor.py:925} INFO - DAG(s) 'dataset_with_extra_by_yield', 'dataset_with_extra_from_classic_operator', 'dataset_with_extra_by_context' retrieved from /Users/binhpham/Projects/dbt_project/venv/lib/python3.9/site-packages/airflow/example_dags/example_outlet_event_extra.py
[2024-09-18T17:23:05.156-0500] {logging_mixin.py:190} INFO - [2024-09-18T17:23:05.156-0500] {dag.py:3229} INFO - Sync 3 DAGs
[2024-09-18T17:23:05.166-0500] {logging_mixin.py:190} INFO - [2024-09-18T17:23:05.166-0500] {dag.py:4156} INFO - Setting next_dagrun for dataset_with_extra_by_context to 2024-09-17 00:00:00+00:00, run_after=2024-09-18 00:00:00+00:00
[2024-09-18T17:23:05.168-0500] {logging_mixin.py:190} INFO - [2024-09-18T17:23:05.168-0500] {dag.py:4156} INFO - Setting next_dagrun for dataset_with_extra_by_yield to 2024-09-17 00:00:00+00:00, run_after=2024-09-18 00:00:00+00:00
[2024-09-18T17:23:05.169-0500] {logging_mixin.py:190} INFO - [2024-09-18T17:23:05.169-0500] {dag.py:4156} INFO - Setting next_dagrun for dataset_with_extra_from_classic_operator to 2024-09-17 00:00:00+00:00, run_after=2024-09-18 00:00:00+00:00
[2024-09-18T17:23:05.183-0500] {processor.py:208} INFO - Processing /Users/binhpham/Projects/dbt_project/venv/lib/python3.9/site-packages/airflow/example_dags/example_outlet_event_extra.py took 0.202 seconds
[2024-09-18T17:27:04.341-0500] {processor.py:186} INFO - Started process (PID=20541) to work on /Users/binhpham/Projects/dbt_project/venv/lib/python3.9/site-packages/airflow/example_dags/example_outlet_event_extra.py
[2024-09-18T17:27:04.346-0500] {processor.py:914} INFO - Processing file /Users/binhpham/Projects/dbt_project/venv/lib/python3.9/site-packages/airflow/example_dags/example_outlet_event_extra.py for tasks to queue
[2024-09-18T17:27:04.346-0500] {logging_mixin.py:190} INFO - [2024-09-18T17:27:04.346-0500] {dagbag.py:587} INFO - Filling up the DagBag from /Users/binhpham/Projects/dbt_project/venv/lib/python3.9/site-packages/airflow/example_dags/example_outlet_event_extra.py
[2024-09-18T17:27:04.412-0500] {processor.py:925} INFO - DAG(s) 'dataset_with_extra_by_yield', 'dataset_with_extra_by_context', 'dataset_with_extra_from_classic_operator' retrieved from /Users/binhpham/Projects/dbt_project/venv/lib/python3.9/site-packages/airflow/example_dags/example_outlet_event_extra.py
[2024-09-18T17:27:04.469-0500] {logging_mixin.py:190} INFO - [2024-09-18T17:27:04.469-0500] {dag.py:3229} INFO - Sync 3 DAGs
[2024-09-18T17:27:04.478-0500] {logging_mixin.py:190} INFO - [2024-09-18T17:27:04.478-0500] {dag.py:4156} INFO - Setting next_dagrun for dataset_with_extra_by_context to 2024-09-17 00:00:00+00:00, run_after=2024-09-18 00:00:00+00:00
[2024-09-18T17:27:04.480-0500] {logging_mixin.py:190} INFO - [2024-09-18T17:27:04.480-0500] {dag.py:4156} INFO - Setting next_dagrun for dataset_with_extra_by_yield to 2024-09-17 00:00:00+00:00, run_after=2024-09-18 00:00:00+00:00
[2024-09-18T17:27:04.481-0500] {logging_mixin.py:190} INFO - [2024-09-18T17:27:04.481-0500] {dag.py:4156} INFO - Setting next_dagrun for dataset_with_extra_from_classic_operator to 2024-09-17 00:00:00+00:00, run_after=2024-09-18 00:00:00+00:00
[2024-09-18T17:27:04.493-0500] {processor.py:208} INFO - Processing /Users/binhpham/Projects/dbt_project/venv/lib/python3.9/site-packages/airflow/example_dags/example_outlet_event_extra.py took 0.153 seconds
[2024-09-18T17:29:36.678-0500] {processor.py:186} INFO - Started process (PID=21235) to work on /Users/binhpham/Projects/dbt_project/venv/lib/python3.9/site-packages/airflow/example_dags/example_outlet_event_extra.py
[2024-09-18T17:29:36.681-0500] {processor.py:914} INFO - Processing file /Users/binhpham/Projects/dbt_project/venv/lib/python3.9/site-packages/airflow/example_dags/example_outlet_event_extra.py for tasks to queue
[2024-09-18T17:29:36.681-0500] {logging_mixin.py:190} INFO - [2024-09-18T17:29:36.681-0500] {dagbag.py:587} INFO - Filling up the DagBag from /Users/binhpham/Projects/dbt_project/venv/lib/python3.9/site-packages/airflow/example_dags/example_outlet_event_extra.py
[2024-09-18T17:29:36.741-0500] {processor.py:925} INFO - DAG(s) 'dataset_with_extra_from_classic_operator', 'dataset_with_extra_by_context', 'dataset_with_extra_by_yield' retrieved from /Users/binhpham/Projects/dbt_project/venv/lib/python3.9/site-packages/airflow/example_dags/example_outlet_event_extra.py
[2024-09-18T17:29:36.796-0500] {logging_mixin.py:190} INFO - [2024-09-18T17:29:36.796-0500] {dag.py:3229} INFO - Sync 3 DAGs
[2024-09-18T17:29:36.806-0500] {logging_mixin.py:190} INFO - [2024-09-18T17:29:36.806-0500] {dag.py:4156} INFO - Setting next_dagrun for dataset_with_extra_by_context to 2024-09-17 00:00:00+00:00, run_after=2024-09-18 00:00:00+00:00
[2024-09-18T17:29:36.808-0500] {logging_mixin.py:190} INFO - [2024-09-18T17:29:36.808-0500] {dag.py:4156} INFO - Setting next_dagrun for dataset_with_extra_by_yield to 2024-09-17 00:00:00+00:00, run_after=2024-09-18 00:00:00+00:00
[2024-09-18T17:29:36.809-0500] {logging_mixin.py:190} INFO - [2024-09-18T17:29:36.809-0500] {dag.py:4156} INFO - Setting next_dagrun for dataset_with_extra_from_classic_operator to 2024-09-17 00:00:00+00:00, run_after=2024-09-18 00:00:00+00:00
[2024-09-18T17:29:36.820-0500] {processor.py:208} INFO - Processing /Users/binhpham/Projects/dbt_project/venv/lib/python3.9/site-packages/airflow/example_dags/example_outlet_event_extra.py took 0.143 seconds
[2024-09-18T17:31:28.655-0500] {processor.py:186} INFO - Started process (PID=22590) to work on /Users/binhpham/Projects/dbt_project/venv/lib/python3.9/site-packages/airflow/example_dags/example_outlet_event_extra.py
[2024-09-18T17:31:28.657-0500] {processor.py:914} INFO - Processing file /Users/binhpham/Projects/dbt_project/venv/lib/python3.9/site-packages/airflow/example_dags/example_outlet_event_extra.py for tasks to queue
[2024-09-18T17:31:28.658-0500] {logging_mixin.py:190} INFO - [2024-09-18T17:31:28.658-0500] {dagbag.py:587} INFO - Filling up the DagBag from /Users/binhpham/Projects/dbt_project/venv/lib/python3.9/site-packages/airflow/example_dags/example_outlet_event_extra.py
[2024-09-18T17:31:28.719-0500] {processor.py:925} INFO - DAG(s) 'dataset_with_extra_by_context', 'dataset_with_extra_by_yield', 'dataset_with_extra_from_classic_operator' retrieved from /Users/binhpham/Projects/dbt_project/venv/lib/python3.9/site-packages/airflow/example_dags/example_outlet_event_extra.py
[2024-09-18T17:31:28.775-0500] {logging_mixin.py:190} INFO - [2024-09-18T17:31:28.774-0500] {dag.py:3229} INFO - Sync 3 DAGs
[2024-09-18T17:31:28.784-0500] {logging_mixin.py:190} INFO - [2024-09-18T17:31:28.784-0500] {dag.py:4156} INFO - Setting next_dagrun for dataset_with_extra_by_context to 2024-09-17 00:00:00+00:00, run_after=2024-09-18 00:00:00+00:00
[2024-09-18T17:31:28.786-0500] {logging_mixin.py:190} INFO - [2024-09-18T17:31:28.786-0500] {dag.py:4156} INFO - Setting next_dagrun for dataset_with_extra_by_yield to 2024-09-17 00:00:00+00:00, run_after=2024-09-18 00:00:00+00:00
[2024-09-18T17:31:28.787-0500] {logging_mixin.py:190} INFO - [2024-09-18T17:31:28.787-0500] {dag.py:4156} INFO - Setting next_dagrun for dataset_with_extra_from_classic_operator to 2024-09-17 00:00:00+00:00, run_after=2024-09-18 00:00:00+00:00
[2024-09-18T17:31:28.798-0500] {processor.py:208} INFO - Processing /Users/binhpham/Projects/dbt_project/venv/lib/python3.9/site-packages/airflow/example_dags/example_outlet_event_extra.py took 0.144 seconds
[2024-09-18T17:35:21.306-0500] {processor.py:186} INFO - Started process (PID=23420) to work on /Users/binhpham/Projects/dbt_project/venv/lib/python3.9/site-packages/airflow/example_dags/example_outlet_event_extra.py
[2024-09-18T17:35:21.309-0500] {processor.py:914} INFO - Processing file /Users/binhpham/Projects/dbt_project/venv/lib/python3.9/site-packages/airflow/example_dags/example_outlet_event_extra.py for tasks to queue
[2024-09-18T17:35:21.309-0500] {logging_mixin.py:190} INFO - [2024-09-18T17:35:21.309-0500] {dagbag.py:587} INFO - Filling up the DagBag from /Users/binhpham/Projects/dbt_project/venv/lib/python3.9/site-packages/airflow/example_dags/example_outlet_event_extra.py
[2024-09-18T17:35:21.368-0500] {processor.py:925} INFO - DAG(s) 'dataset_with_extra_from_classic_operator', 'dataset_with_extra_by_yield', 'dataset_with_extra_by_context' retrieved from /Users/binhpham/Projects/dbt_project/venv/lib/python3.9/site-packages/airflow/example_dags/example_outlet_event_extra.py
[2024-09-18T17:35:21.427-0500] {logging_mixin.py:190} INFO - [2024-09-18T17:35:21.426-0500] {dag.py:3229} INFO - Sync 3 DAGs
[2024-09-18T17:35:21.437-0500] {logging_mixin.py:190} INFO - [2024-09-18T17:35:21.437-0500] {dag.py:4156} INFO - Setting next_dagrun for dataset_with_extra_by_context to 2024-09-17 00:00:00+00:00, run_after=2024-09-18 00:00:00+00:00
[2024-09-18T17:35:21.439-0500] {logging_mixin.py:190} INFO - [2024-09-18T17:35:21.439-0500] {dag.py:4156} INFO - Setting next_dagrun for dataset_with_extra_by_yield to 2024-09-17 00:00:00+00:00, run_after=2024-09-18 00:00:00+00:00
[2024-09-18T17:35:21.441-0500] {logging_mixin.py:190} INFO - [2024-09-18T17:35:21.440-0500] {dag.py:4156} INFO - Setting next_dagrun for dataset_with_extra_from_classic_operator to 2024-09-17 00:00:00+00:00, run_after=2024-09-18 00:00:00+00:00
[2024-09-18T17:35:21.469-0500] {processor.py:208} INFO - Processing /Users/binhpham/Projects/dbt_project/venv/lib/python3.9/site-packages/airflow/example_dags/example_outlet_event_extra.py took 0.164 seconds
[2024-09-18T17:37:16.621-0500] {processor.py:186} INFO - Started process (PID=24016) to work on /Users/binhpham/Projects/dbt_project/venv/lib/python3.9/site-packages/airflow/example_dags/example_outlet_event_extra.py
[2024-09-18T17:37:16.622-0500] {processor.py:914} INFO - Processing file /Users/binhpham/Projects/dbt_project/venv/lib/python3.9/site-packages/airflow/example_dags/example_outlet_event_extra.py for tasks to queue
[2024-09-18T17:37:16.623-0500] {logging_mixin.py:190} INFO - [2024-09-18T17:37:16.623-0500] {dagbag.py:587} INFO - Filling up the DagBag from /Users/binhpham/Projects/dbt_project/venv/lib/python3.9/site-packages/airflow/example_dags/example_outlet_event_extra.py
[2024-09-18T17:37:16.678-0500] {processor.py:925} INFO - DAG(s) 'dataset_with_extra_by_yield', 'dataset_with_extra_by_context', 'dataset_with_extra_from_classic_operator' retrieved from /Users/binhpham/Projects/dbt_project/venv/lib/python3.9/site-packages/airflow/example_dags/example_outlet_event_extra.py
[2024-09-18T17:37:16.734-0500] {logging_mixin.py:190} INFO - [2024-09-18T17:37:16.734-0500] {dag.py:3229} INFO - Sync 3 DAGs
[2024-09-18T17:37:16.743-0500] {logging_mixin.py:190} INFO - [2024-09-18T17:37:16.743-0500] {dag.py:4156} INFO - Setting next_dagrun for dataset_with_extra_by_context to 2024-09-17 00:00:00+00:00, run_after=2024-09-18 00:00:00+00:00
[2024-09-18T17:37:16.745-0500] {logging_mixin.py:190} INFO - [2024-09-18T17:37:16.745-0500] {dag.py:4156} INFO - Setting next_dagrun for dataset_with_extra_by_yield to 2024-09-17 00:00:00+00:00, run_after=2024-09-18 00:00:00+00:00
[2024-09-18T17:37:16.747-0500] {logging_mixin.py:190} INFO - [2024-09-18T17:37:16.746-0500] {dag.py:4156} INFO - Setting next_dagrun for dataset_with_extra_from_classic_operator to 2024-09-17 00:00:00+00:00, run_after=2024-09-18 00:00:00+00:00
[2024-09-18T17:37:16.757-0500] {processor.py:208} INFO - Processing /Users/binhpham/Projects/dbt_project/venv/lib/python3.9/site-packages/airflow/example_dags/example_outlet_event_extra.py took 0.138 seconds
[2024-09-18T17:40:02.992-0500] {processor.py:186} INFO - Started process (PID=24549) to work on /Users/binhpham/Projects/dbt_project/venv/lib/python3.9/site-packages/airflow/example_dags/example_outlet_event_extra.py
[2024-09-18T17:40:02.994-0500] {processor.py:914} INFO - Processing file /Users/binhpham/Projects/dbt_project/venv/lib/python3.9/site-packages/airflow/example_dags/example_outlet_event_extra.py for tasks to queue
[2024-09-18T17:40:02.995-0500] {logging_mixin.py:190} INFO - [2024-09-18T17:40:02.995-0500] {dagbag.py:587} INFO - Filling up the DagBag from /Users/binhpham/Projects/dbt_project/venv/lib/python3.9/site-packages/airflow/example_dags/example_outlet_event_extra.py
[2024-09-18T17:40:03.059-0500] {processor.py:925} INFO - DAG(s) 'dataset_with_extra_by_yield', 'dataset_with_extra_from_classic_operator', 'dataset_with_extra_by_context' retrieved from /Users/binhpham/Projects/dbt_project/venv/lib/python3.9/site-packages/airflow/example_dags/example_outlet_event_extra.py
[2024-09-18T17:40:03.116-0500] {logging_mixin.py:190} INFO - [2024-09-18T17:40:03.116-0500] {dag.py:3229} INFO - Sync 3 DAGs
[2024-09-18T17:40:03.144-0500] {logging_mixin.py:190} INFO - [2024-09-18T17:40:03.144-0500] {dag.py:4156} INFO - Setting next_dagrun for dataset_with_extra_by_context to 2024-09-17 00:00:00+00:00, run_after=2024-09-18 00:00:00+00:00
[2024-09-18T17:40:03.146-0500] {logging_mixin.py:190} INFO - [2024-09-18T17:40:03.146-0500] {dag.py:4156} INFO - Setting next_dagrun for dataset_with_extra_by_yield to 2024-09-17 00:00:00+00:00, run_after=2024-09-18 00:00:00+00:00
[2024-09-18T17:40:03.147-0500] {logging_mixin.py:190} INFO - [2024-09-18T17:40:03.147-0500] {dag.py:4156} INFO - Setting next_dagrun for dataset_with_extra_from_classic_operator to 2024-09-17 00:00:00+00:00, run_after=2024-09-18 00:00:00+00:00
[2024-09-18T17:40:03.160-0500] {processor.py:208} INFO - Processing /Users/binhpham/Projects/dbt_project/venv/lib/python3.9/site-packages/airflow/example_dags/example_outlet_event_extra.py took 0.170 seconds
[2024-09-18T17:42:55.158-0500] {processor.py:186} INFO - Started process (PID=25099) to work on /Users/binhpham/Projects/dbt_project/venv/lib/python3.9/site-packages/airflow/example_dags/example_outlet_event_extra.py
[2024-09-18T17:42:55.161-0500] {processor.py:914} INFO - Processing file /Users/binhpham/Projects/dbt_project/venv/lib/python3.9/site-packages/airflow/example_dags/example_outlet_event_extra.py for tasks to queue
[2024-09-18T17:42:55.161-0500] {logging_mixin.py:190} INFO - [2024-09-18T17:42:55.161-0500] {dagbag.py:587} INFO - Filling up the DagBag from /Users/binhpham/Projects/dbt_project/venv/lib/python3.9/site-packages/airflow/example_dags/example_outlet_event_extra.py
[2024-09-18T17:42:55.231-0500] {processor.py:925} INFO - DAG(s) 'dataset_with_extra_by_context', 'dataset_with_extra_by_yield', 'dataset_with_extra_from_classic_operator' retrieved from /Users/binhpham/Projects/dbt_project/venv/lib/python3.9/site-packages/airflow/example_dags/example_outlet_event_extra.py
[2024-09-18T17:42:55.290-0500] {logging_mixin.py:190} INFO - [2024-09-18T17:42:55.290-0500] {dag.py:3229} INFO - Sync 3 DAGs
[2024-09-18T17:42:55.300-0500] {logging_mixin.py:190} INFO - [2024-09-18T17:42:55.300-0500] {dag.py:4156} INFO - Setting next_dagrun for dataset_with_extra_by_context to 2024-09-17 00:00:00+00:00, run_after=2024-09-18 00:00:00+00:00
[2024-09-18T17:42:55.302-0500] {logging_mixin.py:190} INFO - [2024-09-18T17:42:55.302-0500] {dag.py:4156} INFO - Setting next_dagrun for dataset_with_extra_by_yield to 2024-09-17 00:00:00+00:00, run_after=2024-09-18 00:00:00+00:00
[2024-09-18T17:42:55.303-0500] {logging_mixin.py:190} INFO - [2024-09-18T17:42:55.303-0500] {dag.py:4156} INFO - Setting next_dagrun for dataset_with_extra_from_classic_operator to 2024-09-17 00:00:00+00:00, run_after=2024-09-18 00:00:00+00:00
[2024-09-18T17:42:55.314-0500] {processor.py:208} INFO - Processing /Users/binhpham/Projects/dbt_project/venv/lib/python3.9/site-packages/airflow/example_dags/example_outlet_event_extra.py took 0.157 seconds
