[2024-09-18T16:52:17.198-0500] {processor.py:186} INFO - Started process (PID=11838) to work on /Users/binhpham/Library/Python/3.9/lib/python/site-packages/airflow/example_dags/example_short_circuit_decorator.py
[2024-09-18T16:52:17.200-0500] {processor.py:914} INFO - Processing file /Users/binhpham/Library/Python/3.9/lib/python/site-packages/airflow/example_dags/example_short_circuit_decorator.py for tasks to queue
[2024-09-18T16:52:17.200-0500] {logging_mixin.py:190} INFO - [2024-09-18T16:52:17.200-0500] {dagbag.py:587} INFO - Filling up the DagBag from /Users/binhpham/Library/Python/3.9/lib/python/site-packages/airflow/example_dags/example_short_circuit_decorator.py
[2024-09-18T16:52:17.221-0500] {processor.py:925} INFO - DAG(s) 'example_short_circuit_decorator' retrieved from /Users/binhpham/Library/Python/3.9/lib/python/site-packages/airflow/example_dags/example_short_circuit_decorator.py
[2024-09-18T16:52:17.279-0500] {logging_mixin.py:190} INFO - [2024-09-18T16:52:17.278-0500] {dag.py:3229} INFO - Sync 1 DAGs
[2024-09-18T16:52:17.284-0500] {logging_mixin.py:190} INFO - [2024-09-18T16:52:17.284-0500] {dag.py:4156} INFO - Setting next_dagrun for example_short_circuit_decorator to None, run_after=None
[2024-09-18T16:52:17.293-0500] {processor.py:208} INFO - Processing /Users/binhpham/Library/Python/3.9/lib/python/site-packages/airflow/example_dags/example_short_circuit_decorator.py took 0.097 seconds
[2024-09-18T16:54:15.577-0500] {processor.py:186} INFO - Started process (PID=12320) to work on /Users/binhpham/Library/Python/3.9/lib/python/site-packages/airflow/example_dags/example_short_circuit_decorator.py
[2024-09-18T16:54:15.579-0500] {processor.py:914} INFO - Processing file /Users/binhpham/Library/Python/3.9/lib/python/site-packages/airflow/example_dags/example_short_circuit_decorator.py for tasks to queue
[2024-09-18T16:54:15.579-0500] {logging_mixin.py:190} INFO - [2024-09-18T16:54:15.579-0500] {dagbag.py:587} INFO - Filling up the DagBag from /Users/binhpham/Library/Python/3.9/lib/python/site-packages/airflow/example_dags/example_short_circuit_decorator.py
[2024-09-18T16:54:15.601-0500] {processor.py:925} INFO - DAG(s) 'example_short_circuit_decorator' retrieved from /Users/binhpham/Library/Python/3.9/lib/python/site-packages/airflow/example_dags/example_short_circuit_decorator.py
[2024-09-18T16:54:15.658-0500] {logging_mixin.py:190} INFO - [2024-09-18T16:54:15.658-0500] {dag.py:3229} INFO - Sync 1 DAGs
[2024-09-18T16:54:15.664-0500] {logging_mixin.py:190} INFO - [2024-09-18T16:54:15.664-0500] {dag.py:4156} INFO - Setting next_dagrun for example_short_circuit_decorator to None, run_after=None
[2024-09-18T16:54:15.674-0500] {processor.py:208} INFO - Processing /Users/binhpham/Library/Python/3.9/lib/python/site-packages/airflow/example_dags/example_short_circuit_decorator.py took 0.099 seconds
[2024-09-18T16:57:17.938-0500] {processor.py:186} INFO - Started process (PID=12926) to work on /Users/binhpham/Library/Python/3.9/lib/python/site-packages/airflow/example_dags/example_short_circuit_decorator.py
[2024-09-18T16:57:17.941-0500] {processor.py:914} INFO - Processing file /Users/binhpham/Library/Python/3.9/lib/python/site-packages/airflow/example_dags/example_short_circuit_decorator.py for tasks to queue
[2024-09-18T16:57:17.941-0500] {logging_mixin.py:190} INFO - [2024-09-18T16:57:17.941-0500] {dagbag.py:587} INFO - Filling up the DagBag from /Users/binhpham/Library/Python/3.9/lib/python/site-packages/airflow/example_dags/example_short_circuit_decorator.py
[2024-09-18T16:57:17.961-0500] {processor.py:925} INFO - DAG(s) 'example_short_circuit_decorator' retrieved from /Users/binhpham/Library/Python/3.9/lib/python/site-packages/airflow/example_dags/example_short_circuit_decorator.py
[2024-09-18T16:57:18.016-0500] {logging_mixin.py:190} INFO - [2024-09-18T16:57:18.016-0500] {dag.py:3229} INFO - Sync 1 DAGs
[2024-09-18T16:57:18.022-0500] {logging_mixin.py:190} INFO - [2024-09-18T16:57:18.022-0500] {dag.py:4156} INFO - Setting next_dagrun for example_short_circuit_decorator to None, run_after=None
[2024-09-18T16:57:18.032-0500] {processor.py:208} INFO - Processing /Users/binhpham/Library/Python/3.9/lib/python/site-packages/airflow/example_dags/example_short_circuit_decorator.py took 0.095 seconds
[2024-09-18T16:59:18.908-0500] {processor.py:186} INFO - Started process (PID=13331) to work on /Users/binhpham/Library/Python/3.9/lib/python/site-packages/airflow/example_dags/example_short_circuit_decorator.py
[2024-09-18T16:59:18.911-0500] {processor.py:914} INFO - Processing file /Users/binhpham/Library/Python/3.9/lib/python/site-packages/airflow/example_dags/example_short_circuit_decorator.py for tasks to queue
[2024-09-18T16:59:18.911-0500] {logging_mixin.py:190} INFO - [2024-09-18T16:59:18.911-0500] {dagbag.py:587} INFO - Filling up the DagBag from /Users/binhpham/Library/Python/3.9/lib/python/site-packages/airflow/example_dags/example_short_circuit_decorator.py
[2024-09-18T16:59:18.931-0500] {processor.py:925} INFO - DAG(s) 'example_short_circuit_decorator' retrieved from /Users/binhpham/Library/Python/3.9/lib/python/site-packages/airflow/example_dags/example_short_circuit_decorator.py
[2024-09-18T16:59:18.986-0500] {logging_mixin.py:190} INFO - [2024-09-18T16:59:18.986-0500] {dag.py:3229} INFO - Sync 1 DAGs
[2024-09-18T16:59:18.992-0500] {logging_mixin.py:190} INFO - [2024-09-18T16:59:18.992-0500] {dag.py:4156} INFO - Setting next_dagrun for example_short_circuit_decorator to None, run_after=None
[2024-09-18T16:59:19.001-0500] {processor.py:208} INFO - Processing /Users/binhpham/Library/Python/3.9/lib/python/site-packages/airflow/example_dags/example_short_circuit_decorator.py took 0.095 seconds
[2024-09-18T17:00:49.729-0500] {processor.py:186} INFO - Started process (PID=13625) to work on /Users/binhpham/Library/Python/3.9/lib/python/site-packages/airflow/example_dags/example_short_circuit_decorator.py
[2024-09-18T17:00:49.731-0500] {processor.py:914} INFO - Processing file /Users/binhpham/Library/Python/3.9/lib/python/site-packages/airflow/example_dags/example_short_circuit_decorator.py for tasks to queue
[2024-09-18T17:00:49.731-0500] {logging_mixin.py:190} INFO - [2024-09-18T17:00:49.731-0500] {dagbag.py:587} INFO - Filling up the DagBag from /Users/binhpham/Library/Python/3.9/lib/python/site-packages/airflow/example_dags/example_short_circuit_decorator.py
[2024-09-18T17:00:49.751-0500] {processor.py:925} INFO - DAG(s) 'example_short_circuit_decorator' retrieved from /Users/binhpham/Library/Python/3.9/lib/python/site-packages/airflow/example_dags/example_short_circuit_decorator.py
[2024-09-18T17:00:49.806-0500] {logging_mixin.py:190} INFO - [2024-09-18T17:00:49.806-0500] {dag.py:3229} INFO - Sync 1 DAGs
[2024-09-18T17:00:49.812-0500] {logging_mixin.py:190} INFO - [2024-09-18T17:00:49.812-0500] {dag.py:4156} INFO - Setting next_dagrun for example_short_circuit_decorator to None, run_after=None
[2024-09-18T17:00:49.821-0500] {processor.py:208} INFO - Processing /Users/binhpham/Library/Python/3.9/lib/python/site-packages/airflow/example_dags/example_short_circuit_decorator.py took 0.093 seconds
[2024-09-18T17:02:15.260-0500] {processor.py:186} INFO - Started process (PID=13919) to work on /Users/binhpham/Library/Python/3.9/lib/python/site-packages/airflow/example_dags/example_short_circuit_decorator.py
[2024-09-18T17:02:15.262-0500] {processor.py:914} INFO - Processing file /Users/binhpham/Library/Python/3.9/lib/python/site-packages/airflow/example_dags/example_short_circuit_decorator.py for tasks to queue
[2024-09-18T17:02:15.263-0500] {logging_mixin.py:190} INFO - [2024-09-18T17:02:15.263-0500] {dagbag.py:587} INFO - Filling up the DagBag from /Users/binhpham/Library/Python/3.9/lib/python/site-packages/airflow/example_dags/example_short_circuit_decorator.py
[2024-09-18T17:02:15.283-0500] {processor.py:925} INFO - DAG(s) 'example_short_circuit_decorator' retrieved from /Users/binhpham/Library/Python/3.9/lib/python/site-packages/airflow/example_dags/example_short_circuit_decorator.py
[2024-09-18T17:02:15.338-0500] {logging_mixin.py:190} INFO - [2024-09-18T17:02:15.338-0500] {dag.py:3229} INFO - Sync 1 DAGs
[2024-09-18T17:02:15.344-0500] {logging_mixin.py:190} INFO - [2024-09-18T17:02:15.344-0500] {dag.py:4156} INFO - Setting next_dagrun for example_short_circuit_decorator to None, run_after=None
[2024-09-18T17:02:15.353-0500] {processor.py:208} INFO - Processing /Users/binhpham/Library/Python/3.9/lib/python/site-packages/airflow/example_dags/example_short_circuit_decorator.py took 0.094 seconds
[2024-09-18T17:03:41.377-0500] {processor.py:186} INFO - Started process (PID=14204) to work on /Users/binhpham/Library/Python/3.9/lib/python/site-packages/airflow/example_dags/example_short_circuit_decorator.py
[2024-09-18T17:03:41.379-0500] {processor.py:914} INFO - Processing file /Users/binhpham/Library/Python/3.9/lib/python/site-packages/airflow/example_dags/example_short_circuit_decorator.py for tasks to queue
[2024-09-18T17:03:41.379-0500] {logging_mixin.py:190} INFO - [2024-09-18T17:03:41.379-0500] {dagbag.py:587} INFO - Filling up the DagBag from /Users/binhpham/Library/Python/3.9/lib/python/site-packages/airflow/example_dags/example_short_circuit_decorator.py
[2024-09-18T17:03:41.399-0500] {processor.py:925} INFO - DAG(s) 'example_short_circuit_decorator' retrieved from /Users/binhpham/Library/Python/3.9/lib/python/site-packages/airflow/example_dags/example_short_circuit_decorator.py
[2024-09-18T17:03:41.454-0500] {logging_mixin.py:190} INFO - [2024-09-18T17:03:41.454-0500] {dag.py:3229} INFO - Sync 1 DAGs
[2024-09-18T17:03:41.460-0500] {logging_mixin.py:190} INFO - [2024-09-18T17:03:41.460-0500] {dag.py:4156} INFO - Setting next_dagrun for example_short_circuit_decorator to None, run_after=None
[2024-09-18T17:03:41.469-0500] {processor.py:208} INFO - Processing /Users/binhpham/Library/Python/3.9/lib/python/site-packages/airflow/example_dags/example_short_circuit_decorator.py took 0.094 seconds
[2024-09-18T17:05:05.447-0500] {processor.py:186} INFO - Started process (PID=14518) to work on /Users/binhpham/Library/Python/3.9/lib/python/site-packages/airflow/example_dags/example_short_circuit_decorator.py
[2024-09-18T17:05:05.448-0500] {processor.py:914} INFO - Processing file /Users/binhpham/Library/Python/3.9/lib/python/site-packages/airflow/example_dags/example_short_circuit_decorator.py for tasks to queue
[2024-09-18T17:05:05.449-0500] {logging_mixin.py:190} INFO - [2024-09-18T17:05:05.449-0500] {dagbag.py:587} INFO - Filling up the DagBag from /Users/binhpham/Library/Python/3.9/lib/python/site-packages/airflow/example_dags/example_short_circuit_decorator.py
[2024-09-18T17:05:05.468-0500] {processor.py:925} INFO - DAG(s) 'example_short_circuit_decorator' retrieved from /Users/binhpham/Library/Python/3.9/lib/python/site-packages/airflow/example_dags/example_short_circuit_decorator.py
[2024-09-18T17:05:05.526-0500] {logging_mixin.py:190} INFO - [2024-09-18T17:05:05.526-0500] {dag.py:3229} INFO - Sync 1 DAGs
[2024-09-18T17:05:05.532-0500] {logging_mixin.py:190} INFO - [2024-09-18T17:05:05.532-0500] {dag.py:4156} INFO - Setting next_dagrun for example_short_circuit_decorator to None, run_after=None
[2024-09-18T17:05:05.542-0500] {processor.py:208} INFO - Processing /Users/binhpham/Library/Python/3.9/lib/python/site-packages/airflow/example_dags/example_short_circuit_decorator.py took 0.097 seconds
[2024-09-18T17:07:58.563-0500] {processor.py:186} INFO - Started process (PID=15152) to work on /Users/binhpham/Library/Python/3.9/lib/python/site-packages/airflow/example_dags/example_short_circuit_decorator.py
[2024-09-18T17:07:58.565-0500] {processor.py:914} INFO - Processing file /Users/binhpham/Library/Python/3.9/lib/python/site-packages/airflow/example_dags/example_short_circuit_decorator.py for tasks to queue
[2024-09-18T17:07:58.565-0500] {logging_mixin.py:190} INFO - [2024-09-18T17:07:58.565-0500] {dagbag.py:587} INFO - Filling up the DagBag from /Users/binhpham/Library/Python/3.9/lib/python/site-packages/airflow/example_dags/example_short_circuit_decorator.py
[2024-09-18T17:07:58.586-0500] {processor.py:925} INFO - DAG(s) 'example_short_circuit_decorator' retrieved from /Users/binhpham/Library/Python/3.9/lib/python/site-packages/airflow/example_dags/example_short_circuit_decorator.py
[2024-09-18T17:07:58.690-0500] {logging_mixin.py:190} INFO - [2024-09-18T17:07:58.690-0500] {dag.py:3229} INFO - Sync 1 DAGs
[2024-09-18T17:07:58.696-0500] {logging_mixin.py:190} INFO - [2024-09-18T17:07:58.696-0500] {dag.py:4156} INFO - Setting next_dagrun for example_short_circuit_decorator to None, run_after=None
[2024-09-18T17:07:58.743-0500] {processor.py:208} INFO - Processing /Users/binhpham/Library/Python/3.9/lib/python/site-packages/airflow/example_dags/example_short_circuit_decorator.py took 0.182 seconds
[2024-09-18T17:09:26.509-0500] {processor.py:186} INFO - Started process (PID=15456) to work on /Users/binhpham/Library/Python/3.9/lib/python/site-packages/airflow/example_dags/example_short_circuit_decorator.py
[2024-09-18T17:09:26.511-0500] {processor.py:914} INFO - Processing file /Users/binhpham/Library/Python/3.9/lib/python/site-packages/airflow/example_dags/example_short_circuit_decorator.py for tasks to queue
[2024-09-18T17:09:26.511-0500] {logging_mixin.py:190} INFO - [2024-09-18T17:09:26.511-0500] {dagbag.py:587} INFO - Filling up the DagBag from /Users/binhpham/Library/Python/3.9/lib/python/site-packages/airflow/example_dags/example_short_circuit_decorator.py
[2024-09-18T17:09:26.530-0500] {processor.py:925} INFO - DAG(s) 'example_short_circuit_decorator' retrieved from /Users/binhpham/Library/Python/3.9/lib/python/site-packages/airflow/example_dags/example_short_circuit_decorator.py
[2024-09-18T17:09:26.587-0500] {logging_mixin.py:190} INFO - [2024-09-18T17:09:26.586-0500] {dag.py:3229} INFO - Sync 1 DAGs
[2024-09-18T17:09:26.593-0500] {logging_mixin.py:190} INFO - [2024-09-18T17:09:26.593-0500] {dag.py:4156} INFO - Setting next_dagrun for example_short_circuit_decorator to None, run_after=None
[2024-09-18T17:09:26.603-0500] {processor.py:208} INFO - Processing /Users/binhpham/Library/Python/3.9/lib/python/site-packages/airflow/example_dags/example_short_circuit_decorator.py took 0.095 seconds
[2024-09-18T17:10:55.850-0500] {processor.py:186} INFO - Started process (PID=15754) to work on /Users/binhpham/Library/Python/3.9/lib/python/site-packages/airflow/example_dags/example_short_circuit_decorator.py
[2024-09-18T17:10:55.852-0500] {processor.py:914} INFO - Processing file /Users/binhpham/Library/Python/3.9/lib/python/site-packages/airflow/example_dags/example_short_circuit_decorator.py for tasks to queue
[2024-09-18T17:10:55.852-0500] {logging_mixin.py:190} INFO - [2024-09-18T17:10:55.852-0500] {dagbag.py:587} INFO - Filling up the DagBag from /Users/binhpham/Library/Python/3.9/lib/python/site-packages/airflow/example_dags/example_short_circuit_decorator.py
[2024-09-18T17:10:55.872-0500] {processor.py:925} INFO - DAG(s) 'example_short_circuit_decorator' retrieved from /Users/binhpham/Library/Python/3.9/lib/python/site-packages/airflow/example_dags/example_short_circuit_decorator.py
[2024-09-18T17:10:55.931-0500] {logging_mixin.py:190} INFO - [2024-09-18T17:10:55.931-0500] {dag.py:3229} INFO - Sync 1 DAGs
[2024-09-18T17:10:55.938-0500] {logging_mixin.py:190} INFO - [2024-09-18T17:10:55.938-0500] {dag.py:4156} INFO - Setting next_dagrun for example_short_circuit_decorator to None, run_after=None
[2024-09-18T17:10:55.948-0500] {processor.py:208} INFO - Processing /Users/binhpham/Library/Python/3.9/lib/python/site-packages/airflow/example_dags/example_short_circuit_decorator.py took 0.100 seconds
[2024-09-18T17:12:23.925-0500] {processor.py:186} INFO - Started process (PID=16081) to work on /Users/binhpham/Library/Python/3.9/lib/python/site-packages/airflow/example_dags/example_short_circuit_decorator.py
[2024-09-18T17:12:23.927-0500] {processor.py:914} INFO - Processing file /Users/binhpham/Library/Python/3.9/lib/python/site-packages/airflow/example_dags/example_short_circuit_decorator.py for tasks to queue
[2024-09-18T17:12:23.927-0500] {logging_mixin.py:190} INFO - [2024-09-18T17:12:23.927-0500] {dagbag.py:587} INFO - Filling up the DagBag from /Users/binhpham/Library/Python/3.9/lib/python/site-packages/airflow/example_dags/example_short_circuit_decorator.py
[2024-09-18T17:12:23.946-0500] {processor.py:925} INFO - DAG(s) 'example_short_circuit_decorator' retrieved from /Users/binhpham/Library/Python/3.9/lib/python/site-packages/airflow/example_dags/example_short_circuit_decorator.py
[2024-09-18T17:12:24.000-0500] {logging_mixin.py:190} INFO - [2024-09-18T17:12:24.000-0500] {dag.py:3229} INFO - Sync 1 DAGs
[2024-09-18T17:12:24.006-0500] {logging_mixin.py:190} INFO - [2024-09-18T17:12:24.006-0500] {dag.py:4156} INFO - Setting next_dagrun for example_short_circuit_decorator to None, run_after=None
[2024-09-18T17:12:24.014-0500] {processor.py:208} INFO - Processing /Users/binhpham/Library/Python/3.9/lib/python/site-packages/airflow/example_dags/example_short_circuit_decorator.py took 0.091 seconds
[2024-09-18T17:13:52.911-0500] {processor.py:186} INFO - Started process (PID=16426) to work on /Users/binhpham/Library/Python/3.9/lib/python/site-packages/airflow/example_dags/example_short_circuit_decorator.py
[2024-09-18T17:13:52.913-0500] {processor.py:914} INFO - Processing file /Users/binhpham/Library/Python/3.9/lib/python/site-packages/airflow/example_dags/example_short_circuit_decorator.py for tasks to queue
[2024-09-18T17:13:52.913-0500] {logging_mixin.py:190} INFO - [2024-09-18T17:13:52.913-0500] {dagbag.py:587} INFO - Filling up the DagBag from /Users/binhpham/Library/Python/3.9/lib/python/site-packages/airflow/example_dags/example_short_circuit_decorator.py
[2024-09-18T17:13:52.932-0500] {processor.py:925} INFO - DAG(s) 'example_short_circuit_decorator' retrieved from /Users/binhpham/Library/Python/3.9/lib/python/site-packages/airflow/example_dags/example_short_circuit_decorator.py
[2024-09-18T17:13:52.988-0500] {logging_mixin.py:190} INFO - [2024-09-18T17:13:52.988-0500] {dag.py:3229} INFO - Sync 1 DAGs
[2024-09-18T17:13:52.994-0500] {logging_mixin.py:190} INFO - [2024-09-18T17:13:52.994-0500] {dag.py:4156} INFO - Setting next_dagrun for example_short_circuit_decorator to None, run_after=None
[2024-09-18T17:13:53.003-0500] {processor.py:208} INFO - Processing /Users/binhpham/Library/Python/3.9/lib/python/site-packages/airflow/example_dags/example_short_circuit_decorator.py took 0.093 seconds
[2024-09-18T17:15:43.119-0500] {processor.py:186} INFO - Started process (PID=16895) to work on /Users/binhpham/Library/Python/3.9/lib/python/site-packages/airflow/example_dags/example_short_circuit_decorator.py
[2024-09-18T17:15:43.121-0500] {processor.py:914} INFO - Processing file /Users/binhpham/Library/Python/3.9/lib/python/site-packages/airflow/example_dags/example_short_circuit_decorator.py for tasks to queue
[2024-09-18T17:15:43.122-0500] {logging_mixin.py:190} INFO - [2024-09-18T17:15:43.122-0500] {dagbag.py:587} INFO - Filling up the DagBag from /Users/binhpham/Library/Python/3.9/lib/python/site-packages/airflow/example_dags/example_short_circuit_decorator.py
[2024-09-18T17:15:43.143-0500] {processor.py:925} INFO - DAG(s) 'example_short_circuit_decorator' retrieved from /Users/binhpham/Library/Python/3.9/lib/python/site-packages/airflow/example_dags/example_short_circuit_decorator.py
[2024-09-18T17:15:43.202-0500] {logging_mixin.py:190} INFO - [2024-09-18T17:15:43.202-0500] {dag.py:3229} INFO - Sync 1 DAGs
[2024-09-18T17:15:43.209-0500] {logging_mixin.py:190} INFO - [2024-09-18T17:15:43.209-0500] {dag.py:4156} INFO - Setting next_dagrun for example_short_circuit_decorator to None, run_after=None
[2024-09-18T17:15:43.220-0500] {processor.py:208} INFO - Processing /Users/binhpham/Library/Python/3.9/lib/python/site-packages/airflow/example_dags/example_short_circuit_decorator.py took 0.103 seconds
[2024-09-18T17:17:43.367-0500] {processor.py:186} INFO - Started process (PID=17363) to work on /Users/binhpham/Library/Python/3.9/lib/python/site-packages/airflow/example_dags/example_short_circuit_decorator.py
[2024-09-18T17:17:43.368-0500] {processor.py:914} INFO - Processing file /Users/binhpham/Library/Python/3.9/lib/python/site-packages/airflow/example_dags/example_short_circuit_decorator.py for tasks to queue
[2024-09-18T17:17:43.369-0500] {logging_mixin.py:190} INFO - [2024-09-18T17:17:43.369-0500] {dagbag.py:587} INFO - Filling up the DagBag from /Users/binhpham/Library/Python/3.9/lib/python/site-packages/airflow/example_dags/example_short_circuit_decorator.py
[2024-09-18T17:17:43.389-0500] {processor.py:925} INFO - DAG(s) 'example_short_circuit_decorator' retrieved from /Users/binhpham/Library/Python/3.9/lib/python/site-packages/airflow/example_dags/example_short_circuit_decorator.py
[2024-09-18T17:17:43.449-0500] {logging_mixin.py:190} INFO - [2024-09-18T17:17:43.449-0500] {dag.py:3229} INFO - Sync 1 DAGs
[2024-09-18T17:17:43.455-0500] {logging_mixin.py:190} INFO - [2024-09-18T17:17:43.455-0500] {dag.py:4156} INFO - Setting next_dagrun for example_short_circuit_decorator to None, run_after=None
[2024-09-18T17:17:43.465-0500] {processor.py:208} INFO - Processing /Users/binhpham/Library/Python/3.9/lib/python/site-packages/airflow/example_dags/example_short_circuit_decorator.py took 0.100 seconds
[2024-09-18T17:19:12.257-0500] {processor.py:186} INFO - Started process (PID=18241) to work on /Users/binhpham/Library/Python/3.9/lib/python/site-packages/airflow/example_dags/example_short_circuit_decorator.py
[2024-09-18T17:19:12.260-0500] {processor.py:914} INFO - Processing file /Users/binhpham/Library/Python/3.9/lib/python/site-packages/airflow/example_dags/example_short_circuit_decorator.py for tasks to queue
[2024-09-18T17:19:12.261-0500] {logging_mixin.py:190} INFO - [2024-09-18T17:19:12.261-0500] {dagbag.py:587} INFO - Filling up the DagBag from /Users/binhpham/Library/Python/3.9/lib/python/site-packages/airflow/example_dags/example_short_circuit_decorator.py
[2024-09-18T17:19:12.282-0500] {processor.py:925} INFO - DAG(s) 'example_short_circuit_decorator' retrieved from /Users/binhpham/Library/Python/3.9/lib/python/site-packages/airflow/example_dags/example_short_circuit_decorator.py
[2024-09-18T17:19:12.343-0500] {logging_mixin.py:190} INFO - [2024-09-18T17:19:12.343-0500] {dag.py:3229} INFO - Sync 1 DAGs
[2024-09-18T17:19:12.350-0500] {logging_mixin.py:190} INFO - [2024-09-18T17:19:12.350-0500] {dag.py:4156} INFO - Setting next_dagrun for example_short_circuit_decorator to None, run_after=None
[2024-09-18T17:19:12.360-0500] {processor.py:208} INFO - Processing /Users/binhpham/Library/Python/3.9/lib/python/site-packages/airflow/example_dags/example_short_circuit_decorator.py took 0.105 seconds
[2024-09-18T17:20:43.544-0500] {processor.py:186} INFO - Started process (PID=18721) to work on /Users/binhpham/Library/Python/3.9/lib/python/site-packages/airflow/example_dags/example_short_circuit_decorator.py
[2024-09-18T17:20:43.547-0500] {processor.py:914} INFO - Processing file /Users/binhpham/Library/Python/3.9/lib/python/site-packages/airflow/example_dags/example_short_circuit_decorator.py for tasks to queue
[2024-09-18T17:20:43.548-0500] {logging_mixin.py:190} INFO - [2024-09-18T17:20:43.548-0500] {dagbag.py:587} INFO - Filling up the DagBag from /Users/binhpham/Library/Python/3.9/lib/python/site-packages/airflow/example_dags/example_short_circuit_decorator.py
[2024-09-18T17:20:43.569-0500] {processor.py:925} INFO - DAG(s) 'example_short_circuit_decorator' retrieved from /Users/binhpham/Library/Python/3.9/lib/python/site-packages/airflow/example_dags/example_short_circuit_decorator.py
[2024-09-18T17:20:43.626-0500] {logging_mixin.py:190} INFO - [2024-09-18T17:20:43.626-0500] {dag.py:3229} INFO - Sync 1 DAGs
[2024-09-18T17:20:43.633-0500] {logging_mixin.py:190} INFO - [2024-09-18T17:20:43.633-0500] {dag.py:4156} INFO - Setting next_dagrun for example_short_circuit_decorator to None, run_after=None
[2024-09-18T17:20:43.643-0500] {processor.py:208} INFO - Processing /Users/binhpham/Library/Python/3.9/lib/python/site-packages/airflow/example_dags/example_short_circuit_decorator.py took 0.100 seconds
[2024-09-18T17:22:45.478-0500] {processor.py:186} INFO - Started process (PID=19582) to work on /Users/binhpham/Projects/dbt_project/venv/lib/python3.9/site-packages/airflow/example_dags/example_short_circuit_decorator.py
[2024-09-18T17:22:45.480-0500] {processor.py:914} INFO - Processing file /Users/binhpham/Projects/dbt_project/venv/lib/python3.9/site-packages/airflow/example_dags/example_short_circuit_decorator.py for tasks to queue
[2024-09-18T17:22:45.481-0500] {logging_mixin.py:190} INFO - [2024-09-18T17:22:45.480-0500] {dagbag.py:587} INFO - Filling up the DagBag from /Users/binhpham/Projects/dbt_project/venv/lib/python3.9/site-packages/airflow/example_dags/example_short_circuit_decorator.py
[2024-09-18T17:22:45.500-0500] {processor.py:925} INFO - DAG(s) 'example_short_circuit_decorator' retrieved from /Users/binhpham/Projects/dbt_project/venv/lib/python3.9/site-packages/airflow/example_dags/example_short_circuit_decorator.py
[2024-09-18T17:22:45.600-0500] {logging_mixin.py:190} INFO - [2024-09-18T17:22:45.600-0500] {dag.py:3229} INFO - Sync 1 DAGs
[2024-09-18T17:22:45.606-0500] {logging_mixin.py:190} INFO - [2024-09-18T17:22:45.606-0500] {dag.py:4156} INFO - Setting next_dagrun for example_short_circuit_decorator to None, run_after=None
[2024-09-18T17:22:45.616-0500] {processor.py:208} INFO - Processing /Users/binhpham/Projects/dbt_project/venv/lib/python3.9/site-packages/airflow/example_dags/example_short_circuit_decorator.py took 0.140 seconds
[2024-09-18T17:26:46.728-0500] {processor.py:186} INFO - Started process (PID=20490) to work on /Users/binhpham/Projects/dbt_project/venv/lib/python3.9/site-packages/airflow/example_dags/example_short_circuit_decorator.py
[2024-09-18T17:26:46.731-0500] {processor.py:914} INFO - Processing file /Users/binhpham/Projects/dbt_project/venv/lib/python3.9/site-packages/airflow/example_dags/example_short_circuit_decorator.py for tasks to queue
[2024-09-18T17:26:46.732-0500] {logging_mixin.py:190} INFO - [2024-09-18T17:26:46.732-0500] {dagbag.py:587} INFO - Filling up the DagBag from /Users/binhpham/Projects/dbt_project/venv/lib/python3.9/site-packages/airflow/example_dags/example_short_circuit_decorator.py
[2024-09-18T17:26:46.752-0500] {processor.py:925} INFO - DAG(s) 'example_short_circuit_decorator' retrieved from /Users/binhpham/Projects/dbt_project/venv/lib/python3.9/site-packages/airflow/example_dags/example_short_circuit_decorator.py
[2024-09-18T17:26:46.824-0500] {logging_mixin.py:190} INFO - [2024-09-18T17:26:46.824-0500] {dag.py:3229} INFO - Sync 1 DAGs
[2024-09-18T17:26:46.830-0500] {logging_mixin.py:190} INFO - [2024-09-18T17:26:46.830-0500] {dag.py:4156} INFO - Setting next_dagrun for example_short_circuit_decorator to None, run_after=None
[2024-09-18T17:26:46.841-0500] {processor.py:208} INFO - Processing /Users/binhpham/Projects/dbt_project/venv/lib/python3.9/site-packages/airflow/example_dags/example_short_circuit_decorator.py took 0.114 seconds
[2024-09-18T17:29:15.902-0500] {processor.py:186} INFO - Started process (PID=21170) to work on /Users/binhpham/Projects/dbt_project/venv/lib/python3.9/site-packages/airflow/example_dags/example_short_circuit_decorator.py
[2024-09-18T17:29:15.905-0500] {processor.py:914} INFO - Processing file /Users/binhpham/Projects/dbt_project/venv/lib/python3.9/site-packages/airflow/example_dags/example_short_circuit_decorator.py for tasks to queue
[2024-09-18T17:29:15.905-0500] {logging_mixin.py:190} INFO - [2024-09-18T17:29:15.905-0500] {dagbag.py:587} INFO - Filling up the DagBag from /Users/binhpham/Projects/dbt_project/venv/lib/python3.9/site-packages/airflow/example_dags/example_short_circuit_decorator.py
[2024-09-18T17:29:15.927-0500] {processor.py:925} INFO - DAG(s) 'example_short_circuit_decorator' retrieved from /Users/binhpham/Projects/dbt_project/venv/lib/python3.9/site-packages/airflow/example_dags/example_short_circuit_decorator.py
[2024-09-18T17:29:15.986-0500] {logging_mixin.py:190} INFO - [2024-09-18T17:29:15.986-0500] {dag.py:3229} INFO - Sync 1 DAGs
[2024-09-18T17:29:15.992-0500] {logging_mixin.py:190} INFO - [2024-09-18T17:29:15.991-0500] {dag.py:4156} INFO - Setting next_dagrun for example_short_circuit_decorator to None, run_after=None
[2024-09-18T17:29:16.001-0500] {processor.py:208} INFO - Processing /Users/binhpham/Projects/dbt_project/venv/lib/python3.9/site-packages/airflow/example_dags/example_short_circuit_decorator.py took 0.101 seconds
[2024-09-18T17:31:08.795-0500] {processor.py:186} INFO - Started process (PID=22311) to work on /Users/binhpham/Projects/dbt_project/venv/lib/python3.9/site-packages/airflow/example_dags/example_short_circuit_decorator.py
[2024-09-18T17:31:08.797-0500] {processor.py:914} INFO - Processing file /Users/binhpham/Projects/dbt_project/venv/lib/python3.9/site-packages/airflow/example_dags/example_short_circuit_decorator.py for tasks to queue
[2024-09-18T17:31:08.797-0500] {logging_mixin.py:190} INFO - [2024-09-18T17:31:08.797-0500] {dagbag.py:587} INFO - Filling up the DagBag from /Users/binhpham/Projects/dbt_project/venv/lib/python3.9/site-packages/airflow/example_dags/example_short_circuit_decorator.py
[2024-09-18T17:31:08.818-0500] {processor.py:925} INFO - DAG(s) 'example_short_circuit_decorator' retrieved from /Users/binhpham/Projects/dbt_project/venv/lib/python3.9/site-packages/airflow/example_dags/example_short_circuit_decorator.py
[2024-09-18T17:31:08.874-0500] {logging_mixin.py:190} INFO - [2024-09-18T17:31:08.874-0500] {dag.py:3229} INFO - Sync 1 DAGs
[2024-09-18T17:31:08.880-0500] {logging_mixin.py:190} INFO - [2024-09-18T17:31:08.879-0500] {dag.py:4156} INFO - Setting next_dagrun for example_short_circuit_decorator to None, run_after=None
[2024-09-18T17:31:08.889-0500] {processor.py:208} INFO - Processing /Users/binhpham/Projects/dbt_project/venv/lib/python3.9/site-packages/airflow/example_dags/example_short_circuit_decorator.py took 0.096 seconds
[2024-09-18T17:32:31.597-0500] {processor.py:186} INFO - Started process (PID=22800) to work on /Users/binhpham/Projects/dbt_project/venv/lib/python3.9/site-packages/airflow/example_dags/example_short_circuit_decorator.py
[2024-09-18T17:32:31.598-0500] {processor.py:914} INFO - Processing file /Users/binhpham/Projects/dbt_project/venv/lib/python3.9/site-packages/airflow/example_dags/example_short_circuit_decorator.py for tasks to queue
[2024-09-18T17:32:31.599-0500] {logging_mixin.py:190} INFO - [2024-09-18T17:32:31.599-0500] {dagbag.py:587} INFO - Filling up the DagBag from /Users/binhpham/Projects/dbt_project/venv/lib/python3.9/site-packages/airflow/example_dags/example_short_circuit_decorator.py
[2024-09-18T17:32:31.620-0500] {processor.py:925} INFO - DAG(s) 'example_short_circuit_decorator' retrieved from /Users/binhpham/Projects/dbt_project/venv/lib/python3.9/site-packages/airflow/example_dags/example_short_circuit_decorator.py
[2024-09-18T17:32:31.680-0500] {logging_mixin.py:190} INFO - [2024-09-18T17:32:31.680-0500] {dag.py:3229} INFO - Sync 1 DAGs
[2024-09-18T17:32:31.686-0500] {logging_mixin.py:190} INFO - [2024-09-18T17:32:31.686-0500] {dag.py:4156} INFO - Setting next_dagrun for example_short_circuit_decorator to None, run_after=None
[2024-09-18T17:32:31.696-0500] {processor.py:208} INFO - Processing /Users/binhpham/Projects/dbt_project/venv/lib/python3.9/site-packages/airflow/example_dags/example_short_circuit_decorator.py took 0.101 seconds
[2024-09-18T17:34:59.936-0500] {processor.py:186} INFO - Started process (PID=23343) to work on /Users/binhpham/Projects/dbt_project/venv/lib/python3.9/site-packages/airflow/example_dags/example_short_circuit_decorator.py
[2024-09-18T17:34:59.939-0500] {processor.py:914} INFO - Processing file /Users/binhpham/Projects/dbt_project/venv/lib/python3.9/site-packages/airflow/example_dags/example_short_circuit_decorator.py for tasks to queue
[2024-09-18T17:34:59.939-0500] {logging_mixin.py:190} INFO - [2024-09-18T17:34:59.939-0500] {dagbag.py:587} INFO - Filling up the DagBag from /Users/binhpham/Projects/dbt_project/venv/lib/python3.9/site-packages/airflow/example_dags/example_short_circuit_decorator.py
[2024-09-18T17:34:59.960-0500] {processor.py:925} INFO - DAG(s) 'example_short_circuit_decorator' retrieved from /Users/binhpham/Projects/dbt_project/venv/lib/python3.9/site-packages/airflow/example_dags/example_short_circuit_decorator.py
[2024-09-18T17:35:00.021-0500] {logging_mixin.py:190} INFO - [2024-09-18T17:35:00.021-0500] {dag.py:3229} INFO - Sync 1 DAGs
[2024-09-18T17:35:00.028-0500] {logging_mixin.py:190} INFO - [2024-09-18T17:35:00.028-0500] {dag.py:4156} INFO - Setting next_dagrun for example_short_circuit_decorator to None, run_after=None
[2024-09-18T17:35:00.038-0500] {processor.py:208} INFO - Processing /Users/binhpham/Projects/dbt_project/venv/lib/python3.9/site-packages/airflow/example_dags/example_short_circuit_decorator.py took 0.104 seconds
[2024-09-18T17:36:56.239-0500] {processor.py:186} INFO - Started process (PID=23953) to work on /Users/binhpham/Projects/dbt_project/venv/lib/python3.9/site-packages/airflow/example_dags/example_short_circuit_decorator.py
[2024-09-18T17:36:56.241-0500] {processor.py:914} INFO - Processing file /Users/binhpham/Projects/dbt_project/venv/lib/python3.9/site-packages/airflow/example_dags/example_short_circuit_decorator.py for tasks to queue
[2024-09-18T17:36:56.241-0500] {logging_mixin.py:190} INFO - [2024-09-18T17:36:56.241-0500] {dagbag.py:587} INFO - Filling up the DagBag from /Users/binhpham/Projects/dbt_project/venv/lib/python3.9/site-packages/airflow/example_dags/example_short_circuit_decorator.py
[2024-09-18T17:36:56.261-0500] {processor.py:925} INFO - DAG(s) 'example_short_circuit_decorator' retrieved from /Users/binhpham/Projects/dbt_project/venv/lib/python3.9/site-packages/airflow/example_dags/example_short_circuit_decorator.py
[2024-09-18T17:36:56.316-0500] {logging_mixin.py:190} INFO - [2024-09-18T17:36:56.316-0500] {dag.py:3229} INFO - Sync 1 DAGs
[2024-09-18T17:36:56.321-0500] {logging_mixin.py:190} INFO - [2024-09-18T17:36:56.321-0500] {dag.py:4156} INFO - Setting next_dagrun for example_short_circuit_decorator to None, run_after=None
[2024-09-18T17:36:56.330-0500] {processor.py:208} INFO - Processing /Users/binhpham/Projects/dbt_project/venv/lib/python3.9/site-packages/airflow/example_dags/example_short_circuit_decorator.py took 0.093 seconds
[2024-09-18T17:38:18.277-0500] {processor.py:186} INFO - Started process (PID=24213) to work on /Users/binhpham/Projects/dbt_project/venv/lib/python3.9/site-packages/airflow/example_dags/example_short_circuit_decorator.py
[2024-09-18T17:38:18.278-0500] {processor.py:914} INFO - Processing file /Users/binhpham/Projects/dbt_project/venv/lib/python3.9/site-packages/airflow/example_dags/example_short_circuit_decorator.py for tasks to queue
[2024-09-18T17:38:18.279-0500] {logging_mixin.py:190} INFO - [2024-09-18T17:38:18.279-0500] {dagbag.py:587} INFO - Filling up the DagBag from /Users/binhpham/Projects/dbt_project/venv/lib/python3.9/site-packages/airflow/example_dags/example_short_circuit_decorator.py
[2024-09-18T17:38:18.299-0500] {processor.py:925} INFO - DAG(s) 'example_short_circuit_decorator' retrieved from /Users/binhpham/Projects/dbt_project/venv/lib/python3.9/site-packages/airflow/example_dags/example_short_circuit_decorator.py
[2024-09-18T17:38:18.355-0500] {logging_mixin.py:190} INFO - [2024-09-18T17:38:18.355-0500] {dag.py:3229} INFO - Sync 1 DAGs
[2024-09-18T17:38:18.360-0500] {logging_mixin.py:190} INFO - [2024-09-18T17:38:18.360-0500] {dag.py:4156} INFO - Setting next_dagrun for example_short_circuit_decorator to None, run_after=None
[2024-09-18T17:38:18.369-0500] {processor.py:208} INFO - Processing /Users/binhpham/Projects/dbt_project/venv/lib/python3.9/site-packages/airflow/example_dags/example_short_circuit_decorator.py took 0.094 seconds
[2024-09-18T17:39:43.727-0500] {processor.py:186} INFO - Started process (PID=24491) to work on /Users/binhpham/Projects/dbt_project/venv/lib/python3.9/site-packages/airflow/example_dags/example_short_circuit_decorator.py
[2024-09-18T17:39:43.728-0500] {processor.py:914} INFO - Processing file /Users/binhpham/Projects/dbt_project/venv/lib/python3.9/site-packages/airflow/example_dags/example_short_circuit_decorator.py for tasks to queue
[2024-09-18T17:39:43.729-0500] {logging_mixin.py:190} INFO - [2024-09-18T17:39:43.729-0500] {dagbag.py:587} INFO - Filling up the DagBag from /Users/binhpham/Projects/dbt_project/venv/lib/python3.9/site-packages/airflow/example_dags/example_short_circuit_decorator.py
[2024-09-18T17:39:43.749-0500] {processor.py:925} INFO - DAG(s) 'example_short_circuit_decorator' retrieved from /Users/binhpham/Projects/dbt_project/venv/lib/python3.9/site-packages/airflow/example_dags/example_short_circuit_decorator.py
[2024-09-18T17:39:43.806-0500] {logging_mixin.py:190} INFO - [2024-09-18T17:39:43.805-0500] {dag.py:3229} INFO - Sync 1 DAGs
[2024-09-18T17:39:43.811-0500] {logging_mixin.py:190} INFO - [2024-09-18T17:39:43.811-0500] {dag.py:4156} INFO - Setting next_dagrun for example_short_circuit_decorator to None, run_after=None
[2024-09-18T17:39:43.820-0500] {processor.py:208} INFO - Processing /Users/binhpham/Projects/dbt_project/venv/lib/python3.9/site-packages/airflow/example_dags/example_short_circuit_decorator.py took 0.095 seconds
[2024-09-18T17:41:09.434-0500] {processor.py:186} INFO - Started process (PID=24757) to work on /Users/binhpham/Projects/dbt_project/venv/lib/python3.9/site-packages/airflow/example_dags/example_short_circuit_decorator.py
[2024-09-18T17:41:09.437-0500] {processor.py:914} INFO - Processing file /Users/binhpham/Projects/dbt_project/venv/lib/python3.9/site-packages/airflow/example_dags/example_short_circuit_decorator.py for tasks to queue
[2024-09-18T17:41:09.437-0500] {logging_mixin.py:190} INFO - [2024-09-18T17:41:09.437-0500] {dagbag.py:587} INFO - Filling up the DagBag from /Users/binhpham/Projects/dbt_project/venv/lib/python3.9/site-packages/airflow/example_dags/example_short_circuit_decorator.py
[2024-09-18T17:41:09.457-0500] {processor.py:925} INFO - DAG(s) 'example_short_circuit_decorator' retrieved from /Users/binhpham/Projects/dbt_project/venv/lib/python3.9/site-packages/airflow/example_dags/example_short_circuit_decorator.py
[2024-09-18T17:41:09.512-0500] {logging_mixin.py:190} INFO - [2024-09-18T17:41:09.512-0500] {dag.py:3229} INFO - Sync 1 DAGs
[2024-09-18T17:41:09.518-0500] {logging_mixin.py:190} INFO - [2024-09-18T17:41:09.517-0500] {dag.py:4156} INFO - Setting next_dagrun for example_short_circuit_decorator to None, run_after=None
[2024-09-18T17:41:09.527-0500] {processor.py:208} INFO - Processing /Users/binhpham/Projects/dbt_project/venv/lib/python3.9/site-packages/airflow/example_dags/example_short_circuit_decorator.py took 0.094 seconds
[2024-09-18T17:42:34.583-0500] {processor.py:186} INFO - Started process (PID=25035) to work on /Users/binhpham/Projects/dbt_project/venv/lib/python3.9/site-packages/airflow/example_dags/example_short_circuit_decorator.py
[2024-09-18T17:42:34.586-0500] {processor.py:914} INFO - Processing file /Users/binhpham/Projects/dbt_project/venv/lib/python3.9/site-packages/airflow/example_dags/example_short_circuit_decorator.py for tasks to queue
[2024-09-18T17:42:34.586-0500] {logging_mixin.py:190} INFO - [2024-09-18T17:42:34.586-0500] {dagbag.py:587} INFO - Filling up the DagBag from /Users/binhpham/Projects/dbt_project/venv/lib/python3.9/site-packages/airflow/example_dags/example_short_circuit_decorator.py
[2024-09-18T17:42:34.606-0500] {processor.py:925} INFO - DAG(s) 'example_short_circuit_decorator' retrieved from /Users/binhpham/Projects/dbt_project/venv/lib/python3.9/site-packages/airflow/example_dags/example_short_circuit_decorator.py
[2024-09-18T17:42:34.663-0500] {logging_mixin.py:190} INFO - [2024-09-18T17:42:34.662-0500] {dag.py:3229} INFO - Sync 1 DAGs
[2024-09-18T17:42:34.668-0500] {logging_mixin.py:190} INFO - [2024-09-18T17:42:34.668-0500] {dag.py:4156} INFO - Setting next_dagrun for example_short_circuit_decorator to None, run_after=None
[2024-09-18T17:42:34.677-0500] {processor.py:208} INFO - Processing /Users/binhpham/Projects/dbt_project/venv/lib/python3.9/site-packages/airflow/example_dags/example_short_circuit_decorator.py took 0.095 seconds
[2024-09-18T17:44:00.650-0500] {processor.py:186} INFO - Started process (PID=25336) to work on /Users/binhpham/Projects/dbt_project/venv/lib/python3.9/site-packages/airflow/example_dags/example_short_circuit_decorator.py
[2024-09-18T17:44:00.652-0500] {processor.py:914} INFO - Processing file /Users/binhpham/Projects/dbt_project/venv/lib/python3.9/site-packages/airflow/example_dags/example_short_circuit_decorator.py for tasks to queue
[2024-09-18T17:44:00.653-0500] {logging_mixin.py:190} INFO - [2024-09-18T17:44:00.653-0500] {dagbag.py:587} INFO - Filling up the DagBag from /Users/binhpham/Projects/dbt_project/venv/lib/python3.9/site-packages/airflow/example_dags/example_short_circuit_decorator.py
[2024-09-18T17:44:00.674-0500] {processor.py:925} INFO - DAG(s) 'example_short_circuit_decorator' retrieved from /Users/binhpham/Projects/dbt_project/venv/lib/python3.9/site-packages/airflow/example_dags/example_short_circuit_decorator.py
[2024-09-18T17:44:00.732-0500] {logging_mixin.py:190} INFO - [2024-09-18T17:44:00.731-0500] {dag.py:3229} INFO - Sync 1 DAGs
[2024-09-18T17:44:00.737-0500] {logging_mixin.py:190} INFO - [2024-09-18T17:44:00.737-0500] {dag.py:4156} INFO - Setting next_dagrun for example_short_circuit_decorator to None, run_after=None
[2024-09-18T17:44:00.746-0500] {processor.py:208} INFO - Processing /Users/binhpham/Projects/dbt_project/venv/lib/python3.9/site-packages/airflow/example_dags/example_short_circuit_decorator.py took 0.098 seconds
