[2024-09-18T16:52:45.332-0500] {processor.py:186} INFO - Started process (PID=11940) to work on /Users/binhpham/Library/Python/3.9/lib/python/site-packages/airflow/example_dags/example_latest_only_with_trigger.py
[2024-09-18T16:52:45.334-0500] {processor.py:914} INFO - Processing file /Users/binhpham/Library/Python/3.9/lib/python/site-packages/airflow/example_dags/example_latest_only_with_trigger.py for tasks to queue
[2024-09-18T16:52:45.334-0500] {logging_mixin.py:190} INFO - [2024-09-18T16:52:45.334-0500] {dagbag.py:587} INFO - Filling up the DagBag from /Users/binhpham/Library/Python/3.9/lib/python/site-packages/airflow/example_dags/example_latest_only_with_trigger.py
[2024-09-18T16:52:45.339-0500] {processor.py:925} INFO - DAG(s) 'latest_only_with_trigger' retrieved from /Users/binhpham/Library/Python/3.9/lib/python/site-packages/airflow/example_dags/example_latest_only_with_trigger.py
[2024-09-18T16:52:45.394-0500] {logging_mixin.py:190} INFO - [2024-09-18T16:52:45.394-0500] {dag.py:3229} INFO - Sync 1 DAGs
[2024-09-18T16:52:45.407-0500] {logging_mixin.py:190} INFO - [2024-09-18T16:52:45.407-0500] {dag.py:4156} INFO - Setting next_dagrun for latest_only_with_trigger to 2024-09-18 16:00:00+00:00, run_after=2024-09-18 20:00:00+00:00
[2024-09-18T16:52:45.416-0500] {processor.py:208} INFO - Processing /Users/binhpham/Library/Python/3.9/lib/python/site-packages/airflow/example_dags/example_latest_only_with_trigger.py took 0.086 seconds
[2024-09-18T16:54:45.274-0500] {processor.py:186} INFO - Started process (PID=12434) to work on /Users/binhpham/Library/Python/3.9/lib/python/site-packages/airflow/example_dags/example_latest_only_with_trigger.py
[2024-09-18T16:54:45.276-0500] {processor.py:914} INFO - Processing file /Users/binhpham/Library/Python/3.9/lib/python/site-packages/airflow/example_dags/example_latest_only_with_trigger.py for tasks to queue
[2024-09-18T16:54:45.277-0500] {logging_mixin.py:190} INFO - [2024-09-18T16:54:45.277-0500] {dagbag.py:587} INFO - Filling up the DagBag from /Users/binhpham/Library/Python/3.9/lib/python/site-packages/airflow/example_dags/example_latest_only_with_trigger.py
[2024-09-18T16:54:45.281-0500] {processor.py:925} INFO - DAG(s) 'latest_only_with_trigger' retrieved from /Users/binhpham/Library/Python/3.9/lib/python/site-packages/airflow/example_dags/example_latest_only_with_trigger.py
[2024-09-18T16:54:45.340-0500] {logging_mixin.py:190} INFO - [2024-09-18T16:54:45.340-0500] {dag.py:3229} INFO - Sync 1 DAGs
[2024-09-18T16:54:45.354-0500] {logging_mixin.py:190} INFO - [2024-09-18T16:54:45.353-0500] {dag.py:4156} INFO - Setting next_dagrun for latest_only_with_trigger to 2024-09-18 16:00:00+00:00, run_after=2024-09-18 20:00:00+00:00
[2024-09-18T16:54:45.363-0500] {processor.py:208} INFO - Processing /Users/binhpham/Library/Python/3.9/lib/python/site-packages/airflow/example_dags/example_latest_only_with_trigger.py took 0.091 seconds
[2024-09-18T16:57:45.714-0500] {processor.py:186} INFO - Started process (PID=13020) to work on /Users/binhpham/Library/Python/3.9/lib/python/site-packages/airflow/example_dags/example_latest_only_with_trigger.py
[2024-09-18T16:57:45.716-0500] {processor.py:914} INFO - Processing file /Users/binhpham/Library/Python/3.9/lib/python/site-packages/airflow/example_dags/example_latest_only_with_trigger.py for tasks to queue
[2024-09-18T16:57:45.717-0500] {logging_mixin.py:190} INFO - [2024-09-18T16:57:45.717-0500] {dagbag.py:587} INFO - Filling up the DagBag from /Users/binhpham/Library/Python/3.9/lib/python/site-packages/airflow/example_dags/example_latest_only_with_trigger.py
[2024-09-18T16:57:45.722-0500] {processor.py:925} INFO - DAG(s) 'latest_only_with_trigger' retrieved from /Users/binhpham/Library/Python/3.9/lib/python/site-packages/airflow/example_dags/example_latest_only_with_trigger.py
[2024-09-18T16:57:45.780-0500] {logging_mixin.py:190} INFO - [2024-09-18T16:57:45.780-0500] {dag.py:3229} INFO - Sync 1 DAGs
[2024-09-18T16:57:45.793-0500] {logging_mixin.py:190} INFO - [2024-09-18T16:57:45.793-0500] {dag.py:4156} INFO - Setting next_dagrun for latest_only_with_trigger to 2024-09-18 16:00:00+00:00, run_after=2024-09-18 20:00:00+00:00
[2024-09-18T16:57:45.805-0500] {processor.py:208} INFO - Processing /Users/binhpham/Library/Python/3.9/lib/python/site-packages/airflow/example_dags/example_latest_only_with_trigger.py took 0.092 seconds
[2024-09-18T16:59:46.880-0500] {processor.py:186} INFO - Started process (PID=13423) to work on /Users/binhpham/Library/Python/3.9/lib/python/site-packages/airflow/example_dags/example_latest_only_with_trigger.py
[2024-09-18T16:59:46.883-0500] {processor.py:914} INFO - Processing file /Users/binhpham/Library/Python/3.9/lib/python/site-packages/airflow/example_dags/example_latest_only_with_trigger.py for tasks to queue
[2024-09-18T16:59:46.883-0500] {logging_mixin.py:190} INFO - [2024-09-18T16:59:46.883-0500] {dagbag.py:587} INFO - Filling up the DagBag from /Users/binhpham/Library/Python/3.9/lib/python/site-packages/airflow/example_dags/example_latest_only_with_trigger.py
[2024-09-18T16:59:46.887-0500] {processor.py:925} INFO - DAG(s) 'latest_only_with_trigger' retrieved from /Users/binhpham/Library/Python/3.9/lib/python/site-packages/airflow/example_dags/example_latest_only_with_trigger.py
[2024-09-18T16:59:46.944-0500] {logging_mixin.py:190} INFO - [2024-09-18T16:59:46.944-0500] {dag.py:3229} INFO - Sync 1 DAGs
[2024-09-18T16:59:46.956-0500] {logging_mixin.py:190} INFO - [2024-09-18T16:59:46.956-0500] {dag.py:4156} INFO - Setting next_dagrun for latest_only_with_trigger to 2024-09-18 16:00:00+00:00, run_after=2024-09-18 20:00:00+00:00
[2024-09-18T16:59:46.965-0500] {processor.py:208} INFO - Processing /Users/binhpham/Library/Python/3.9/lib/python/site-packages/airflow/example_dags/example_latest_only_with_trigger.py took 0.087 seconds
[2024-09-18T17:02:38.999-0500] {processor.py:186} INFO - Started process (PID=13988) to work on /Users/binhpham/Library/Python/3.9/lib/python/site-packages/airflow/example_dags/example_latest_only_with_trigger.py
[2024-09-18T17:02:39.001-0500] {processor.py:914} INFO - Processing file /Users/binhpham/Library/Python/3.9/lib/python/site-packages/airflow/example_dags/example_latest_only_with_trigger.py for tasks to queue
[2024-09-18T17:02:39.001-0500] {logging_mixin.py:190} INFO - [2024-09-18T17:02:39.001-0500] {dagbag.py:587} INFO - Filling up the DagBag from /Users/binhpham/Library/Python/3.9/lib/python/site-packages/airflow/example_dags/example_latest_only_with_trigger.py
[2024-09-18T17:02:39.006-0500] {processor.py:925} INFO - DAG(s) 'latest_only_with_trigger' retrieved from /Users/binhpham/Library/Python/3.9/lib/python/site-packages/airflow/example_dags/example_latest_only_with_trigger.py
[2024-09-18T17:02:39.065-0500] {logging_mixin.py:190} INFO - [2024-09-18T17:02:39.064-0500] {dag.py:3229} INFO - Sync 1 DAGs
[2024-09-18T17:02:39.077-0500] {logging_mixin.py:190} INFO - [2024-09-18T17:02:39.077-0500] {dag.py:4156} INFO - Setting next_dagrun for latest_only_with_trigger to 2024-09-18 16:00:00+00:00, run_after=2024-09-18 20:00:00+00:00
[2024-09-18T17:02:39.087-0500] {processor.py:208} INFO - Processing /Users/binhpham/Library/Python/3.9/lib/python/site-packages/airflow/example_dags/example_latest_only_with_trigger.py took 0.090 seconds
[2024-09-18T17:05:31.849-0500] {processor.py:186} INFO - Started process (PID=14603) to work on /Users/binhpham/Library/Python/3.9/lib/python/site-packages/airflow/example_dags/example_latest_only_with_trigger.py
[2024-09-18T17:05:31.851-0500] {processor.py:914} INFO - Processing file /Users/binhpham/Library/Python/3.9/lib/python/site-packages/airflow/example_dags/example_latest_only_with_trigger.py for tasks to queue
[2024-09-18T17:05:31.851-0500] {logging_mixin.py:190} INFO - [2024-09-18T17:05:31.851-0500] {dagbag.py:587} INFO - Filling up the DagBag from /Users/binhpham/Library/Python/3.9/lib/python/site-packages/airflow/example_dags/example_latest_only_with_trigger.py
[2024-09-18T17:05:31.855-0500] {processor.py:925} INFO - DAG(s) 'latest_only_with_trigger' retrieved from /Users/binhpham/Library/Python/3.9/lib/python/site-packages/airflow/example_dags/example_latest_only_with_trigger.py
[2024-09-18T17:05:31.910-0500] {logging_mixin.py:190} INFO - [2024-09-18T17:05:31.909-0500] {dag.py:3229} INFO - Sync 1 DAGs
[2024-09-18T17:05:31.921-0500] {logging_mixin.py:190} INFO - [2024-09-18T17:05:31.921-0500] {dag.py:4156} INFO - Setting next_dagrun for latest_only_with_trigger to 2024-09-18 16:00:00+00:00, run_after=2024-09-18 20:00:00+00:00
[2024-09-18T17:05:31.931-0500] {processor.py:208} INFO - Processing /Users/binhpham/Library/Python/3.9/lib/python/site-packages/airflow/example_dags/example_latest_only_with_trigger.py took 0.084 seconds
[2024-09-18T17:08:24.045-0500] {processor.py:186} INFO - Started process (PID=15249) to work on /Users/binhpham/Library/Python/3.9/lib/python/site-packages/airflow/example_dags/example_latest_only_with_trigger.py
[2024-09-18T17:08:24.046-0500] {processor.py:914} INFO - Processing file /Users/binhpham/Library/Python/3.9/lib/python/site-packages/airflow/example_dags/example_latest_only_with_trigger.py for tasks to queue
[2024-09-18T17:08:24.047-0500] {logging_mixin.py:190} INFO - [2024-09-18T17:08:24.047-0500] {dagbag.py:587} INFO - Filling up the DagBag from /Users/binhpham/Library/Python/3.9/lib/python/site-packages/airflow/example_dags/example_latest_only_with_trigger.py
[2024-09-18T17:08:24.051-0500] {processor.py:925} INFO - DAG(s) 'latest_only_with_trigger' retrieved from /Users/binhpham/Library/Python/3.9/lib/python/site-packages/airflow/example_dags/example_latest_only_with_trigger.py
[2024-09-18T17:08:24.111-0500] {logging_mixin.py:190} INFO - [2024-09-18T17:08:24.111-0500] {dag.py:3229} INFO - Sync 1 DAGs
[2024-09-18T17:08:24.124-0500] {logging_mixin.py:190} INFO - [2024-09-18T17:08:24.123-0500] {dag.py:4156} INFO - Setting next_dagrun for latest_only_with_trigger to 2024-09-18 16:00:00+00:00, run_after=2024-09-18 20:00:00+00:00
[2024-09-18T17:08:24.136-0500] {processor.py:208} INFO - Processing /Users/binhpham/Library/Python/3.9/lib/python/site-packages/airflow/example_dags/example_latest_only_with_trigger.py took 0.093 seconds
[2024-09-18T17:11:21.046-0500] {processor.py:186} INFO - Started process (PID=15849) to work on /Users/binhpham/Library/Python/3.9/lib/python/site-packages/airflow/example_dags/example_latest_only_with_trigger.py
[2024-09-18T17:11:21.048-0500] {processor.py:914} INFO - Processing file /Users/binhpham/Library/Python/3.9/lib/python/site-packages/airflow/example_dags/example_latest_only_with_trigger.py for tasks to queue
[2024-09-18T17:11:21.048-0500] {logging_mixin.py:190} INFO - [2024-09-18T17:11:21.048-0500] {dagbag.py:587} INFO - Filling up the DagBag from /Users/binhpham/Library/Python/3.9/lib/python/site-packages/airflow/example_dags/example_latest_only_with_trigger.py
[2024-09-18T17:11:21.052-0500] {processor.py:925} INFO - DAG(s) 'latest_only_with_trigger' retrieved from /Users/binhpham/Library/Python/3.9/lib/python/site-packages/airflow/example_dags/example_latest_only_with_trigger.py
[2024-09-18T17:11:21.114-0500] {logging_mixin.py:190} INFO - [2024-09-18T17:11:21.113-0500] {dag.py:3229} INFO - Sync 1 DAGs
[2024-09-18T17:11:21.127-0500] {logging_mixin.py:190} INFO - [2024-09-18T17:11:21.127-0500] {dag.py:4156} INFO - Setting next_dagrun for latest_only_with_trigger to 2024-09-18 16:00:00+00:00, run_after=2024-09-18 20:00:00+00:00
[2024-09-18T17:11:21.139-0500] {processor.py:208} INFO - Processing /Users/binhpham/Library/Python/3.9/lib/python/site-packages/airflow/example_dags/example_latest_only_with_trigger.py took 0.094 seconds
[2024-09-18T17:16:11.334-0500] {processor.py:186} INFO - Started process (PID=16981) to work on /Users/binhpham/Library/Python/3.9/lib/python/site-packages/airflow/example_dags/example_latest_only_with_trigger.py
[2024-09-18T17:16:11.336-0500] {processor.py:914} INFO - Processing file /Users/binhpham/Library/Python/3.9/lib/python/site-packages/airflow/example_dags/example_latest_only_with_trigger.py for tasks to queue
[2024-09-18T17:16:11.337-0500] {logging_mixin.py:190} INFO - [2024-09-18T17:16:11.337-0500] {dagbag.py:587} INFO - Filling up the DagBag from /Users/binhpham/Library/Python/3.9/lib/python/site-packages/airflow/example_dags/example_latest_only_with_trigger.py
[2024-09-18T17:16:11.341-0500] {processor.py:925} INFO - DAG(s) 'latest_only_with_trigger' retrieved from /Users/binhpham/Library/Python/3.9/lib/python/site-packages/airflow/example_dags/example_latest_only_with_trigger.py
[2024-09-18T17:16:11.400-0500] {logging_mixin.py:190} INFO - [2024-09-18T17:16:11.400-0500] {dag.py:3229} INFO - Sync 1 DAGs
[2024-09-18T17:16:11.412-0500] {logging_mixin.py:190} INFO - [2024-09-18T17:16:11.412-0500] {dag.py:4156} INFO - Setting next_dagrun for latest_only_with_trigger to 2024-09-18 16:00:00+00:00, run_after=2024-09-18 20:00:00+00:00
[2024-09-18T17:16:11.422-0500] {processor.py:208} INFO - Processing /Users/binhpham/Library/Python/3.9/lib/python/site-packages/airflow/example_dags/example_latest_only_with_trigger.py took 0.090 seconds
[2024-09-18T17:18:10.724-0500] {processor.py:186} INFO - Started process (PID=17851) to work on /Users/binhpham/Library/Python/3.9/lib/python/site-packages/airflow/example_dags/example_latest_only_with_trigger.py
[2024-09-18T17:18:10.725-0500] {processor.py:914} INFO - Processing file /Users/binhpham/Library/Python/3.9/lib/python/site-packages/airflow/example_dags/example_latest_only_with_trigger.py for tasks to queue
[2024-09-18T17:18:10.726-0500] {logging_mixin.py:190} INFO - [2024-09-18T17:18:10.726-0500] {dagbag.py:587} INFO - Filling up the DagBag from /Users/binhpham/Library/Python/3.9/lib/python/site-packages/airflow/example_dags/example_latest_only_with_trigger.py
[2024-09-18T17:18:10.730-0500] {processor.py:925} INFO - DAG(s) 'latest_only_with_trigger' retrieved from /Users/binhpham/Library/Python/3.9/lib/python/site-packages/airflow/example_dags/example_latest_only_with_trigger.py
[2024-09-18T17:18:10.789-0500] {logging_mixin.py:190} INFO - [2024-09-18T17:18:10.789-0500] {dag.py:3229} INFO - Sync 1 DAGs
[2024-09-18T17:18:10.802-0500] {logging_mixin.py:190} INFO - [2024-09-18T17:18:10.801-0500] {dag.py:4156} INFO - Setting next_dagrun for latest_only_with_trigger to 2024-09-18 16:00:00+00:00, run_after=2024-09-18 20:00:00+00:00
[2024-09-18T17:18:10.812-0500] {processor.py:208} INFO - Processing /Users/binhpham/Library/Python/3.9/lib/python/site-packages/airflow/example_dags/example_latest_only_with_trigger.py took 0.091 seconds
[2024-09-18T17:23:11.175-0500] {processor.py:186} INFO - Started process (PID=19674) to work on /Users/binhpham/Projects/dbt_project/venv/lib/python3.9/site-packages/airflow/example_dags/example_latest_only_with_trigger.py
[2024-09-18T17:23:11.177-0500] {processor.py:914} INFO - Processing file /Users/binhpham/Projects/dbt_project/venv/lib/python3.9/site-packages/airflow/example_dags/example_latest_only_with_trigger.py for tasks to queue
[2024-09-18T17:23:11.178-0500] {logging_mixin.py:190} INFO - [2024-09-18T17:23:11.178-0500] {dagbag.py:587} INFO - Filling up the DagBag from /Users/binhpham/Projects/dbt_project/venv/lib/python3.9/site-packages/airflow/example_dags/example_latest_only_with_trigger.py
[2024-09-18T17:23:11.182-0500] {processor.py:925} INFO - DAG(s) 'latest_only_with_trigger' retrieved from /Users/binhpham/Projects/dbt_project/venv/lib/python3.9/site-packages/airflow/example_dags/example_latest_only_with_trigger.py
[2024-09-18T17:23:11.281-0500] {logging_mixin.py:190} INFO - [2024-09-18T17:23:11.281-0500] {dag.py:3229} INFO - Sync 1 DAGs
[2024-09-18T17:23:11.292-0500] {logging_mixin.py:190} INFO - [2024-09-18T17:23:11.292-0500] {dag.py:4156} INFO - Setting next_dagrun for latest_only_with_trigger to 2024-09-18 16:00:00+00:00, run_after=2024-09-18 20:00:00+00:00
[2024-09-18T17:23:11.302-0500] {processor.py:208} INFO - Processing /Users/binhpham/Projects/dbt_project/venv/lib/python3.9/site-packages/airflow/example_dags/example_latest_only_with_trigger.py took 0.128 seconds
[2024-09-18T17:27:09.986-0500] {processor.py:186} INFO - Started process (PID=20629) to work on /Users/binhpham/Projects/dbt_project/venv/lib/python3.9/site-packages/airflow/example_dags/example_latest_only_with_trigger.py
[2024-09-18T17:27:09.989-0500] {processor.py:914} INFO - Processing file /Users/binhpham/Projects/dbt_project/venv/lib/python3.9/site-packages/airflow/example_dags/example_latest_only_with_trigger.py for tasks to queue
[2024-09-18T17:27:09.989-0500] {logging_mixin.py:190} INFO - [2024-09-18T17:27:09.989-0500] {dagbag.py:587} INFO - Filling up the DagBag from /Users/binhpham/Projects/dbt_project/venv/lib/python3.9/site-packages/airflow/example_dags/example_latest_only_with_trigger.py
[2024-09-18T17:27:09.994-0500] {processor.py:925} INFO - DAG(s) 'latest_only_with_trigger' retrieved from /Users/binhpham/Projects/dbt_project/venv/lib/python3.9/site-packages/airflow/example_dags/example_latest_only_with_trigger.py
[2024-09-18T17:27:10.053-0500] {logging_mixin.py:190} INFO - [2024-09-18T17:27:10.053-0500] {dag.py:3229} INFO - Sync 1 DAGs
[2024-09-18T17:27:10.066-0500] {logging_mixin.py:190} INFO - [2024-09-18T17:27:10.066-0500] {dag.py:4156} INFO - Setting next_dagrun for latest_only_with_trigger to 2024-09-18 16:00:00+00:00, run_after=2024-09-18 20:00:00+00:00
[2024-09-18T17:27:10.075-0500] {processor.py:208} INFO - Processing /Users/binhpham/Projects/dbt_project/venv/lib/python3.9/site-packages/airflow/example_dags/example_latest_only_with_trigger.py took 0.091 seconds
[2024-09-18T17:29:42.725-0500] {processor.py:186} INFO - Started process (PID=21253) to work on /Users/binhpham/Projects/dbt_project/venv/lib/python3.9/site-packages/airflow/example_dags/example_latest_only_with_trigger.py
[2024-09-18T17:29:42.727-0500] {processor.py:914} INFO - Processing file /Users/binhpham/Projects/dbt_project/venv/lib/python3.9/site-packages/airflow/example_dags/example_latest_only_with_trigger.py for tasks to queue
[2024-09-18T17:29:42.728-0500] {logging_mixin.py:190} INFO - [2024-09-18T17:29:42.728-0500] {dagbag.py:587} INFO - Filling up the DagBag from /Users/binhpham/Projects/dbt_project/venv/lib/python3.9/site-packages/airflow/example_dags/example_latest_only_with_trigger.py
[2024-09-18T17:29:42.732-0500] {processor.py:925} INFO - DAG(s) 'latest_only_with_trigger' retrieved from /Users/binhpham/Projects/dbt_project/venv/lib/python3.9/site-packages/airflow/example_dags/example_latest_only_with_trigger.py
[2024-09-18T17:29:42.789-0500] {logging_mixin.py:190} INFO - [2024-09-18T17:29:42.789-0500] {dag.py:3229} INFO - Sync 1 DAGs
[2024-09-18T17:29:42.801-0500] {logging_mixin.py:190} INFO - [2024-09-18T17:29:42.801-0500] {dag.py:4156} INFO - Setting next_dagrun for latest_only_with_trigger to 2024-09-18 16:00:00+00:00, run_after=2024-09-18 20:00:00+00:00
[2024-09-18T17:29:42.811-0500] {processor.py:208} INFO - Processing /Users/binhpham/Projects/dbt_project/venv/lib/python3.9/site-packages/airflow/example_dags/example_latest_only_with_trigger.py took 0.087 seconds
[2024-09-18T17:31:34.815-0500] {processor.py:186} INFO - Started process (PID=22608) to work on /Users/binhpham/Projects/dbt_project/venv/lib/python3.9/site-packages/airflow/example_dags/example_latest_only_with_trigger.py
[2024-09-18T17:31:34.820-0500] {processor.py:914} INFO - Processing file /Users/binhpham/Projects/dbt_project/venv/lib/python3.9/site-packages/airflow/example_dags/example_latest_only_with_trigger.py for tasks to queue
[2024-09-18T17:31:34.821-0500] {logging_mixin.py:190} INFO - [2024-09-18T17:31:34.821-0500] {dagbag.py:587} INFO - Filling up the DagBag from /Users/binhpham/Projects/dbt_project/venv/lib/python3.9/site-packages/airflow/example_dags/example_latest_only_with_trigger.py
[2024-09-18T17:31:34.827-0500] {processor.py:925} INFO - DAG(s) 'latest_only_with_trigger' retrieved from /Users/binhpham/Projects/dbt_project/venv/lib/python3.9/site-packages/airflow/example_dags/example_latest_only_with_trigger.py
[2024-09-18T17:31:34.883-0500] {logging_mixin.py:190} INFO - [2024-09-18T17:31:34.883-0500] {dag.py:3229} INFO - Sync 1 DAGs
[2024-09-18T17:31:34.895-0500] {logging_mixin.py:190} INFO - [2024-09-18T17:31:34.895-0500] {dag.py:4156} INFO - Setting next_dagrun for latest_only_with_trigger to 2024-09-18 16:00:00+00:00, run_after=2024-09-18 20:00:00+00:00
[2024-09-18T17:31:34.904-0500] {processor.py:208} INFO - Processing /Users/binhpham/Projects/dbt_project/venv/lib/python3.9/site-packages/airflow/example_dags/example_latest_only_with_trigger.py took 0.099 seconds
[2024-09-18T17:35:27.096-0500] {processor.py:186} INFO - Started process (PID=23570) to work on /Users/binhpham/Projects/dbt_project/venv/lib/python3.9/site-packages/airflow/example_dags/example_latest_only_with_trigger.py
[2024-09-18T17:35:27.098-0500] {processor.py:914} INFO - Processing file /Users/binhpham/Projects/dbt_project/venv/lib/python3.9/site-packages/airflow/example_dags/example_latest_only_with_trigger.py for tasks to queue
[2024-09-18T17:35:27.099-0500] {logging_mixin.py:190} INFO - [2024-09-18T17:35:27.098-0500] {dagbag.py:587} INFO - Filling up the DagBag from /Users/binhpham/Projects/dbt_project/venv/lib/python3.9/site-packages/airflow/example_dags/example_latest_only_with_trigger.py
[2024-09-18T17:35:27.102-0500] {processor.py:925} INFO - DAG(s) 'latest_only_with_trigger' retrieved from /Users/binhpham/Projects/dbt_project/venv/lib/python3.9/site-packages/airflow/example_dags/example_latest_only_with_trigger.py
[2024-09-18T17:35:27.157-0500] {logging_mixin.py:190} INFO - [2024-09-18T17:35:27.157-0500] {dag.py:3229} INFO - Sync 1 DAGs
[2024-09-18T17:35:27.169-0500] {logging_mixin.py:190} INFO - [2024-09-18T17:35:27.169-0500] {dag.py:4156} INFO - Setting next_dagrun for latest_only_with_trigger to 2024-09-18 16:00:00+00:00, run_after=2024-09-18 20:00:00+00:00
[2024-09-18T17:35:27.178-0500] {processor.py:208} INFO - Processing /Users/binhpham/Projects/dbt_project/venv/lib/python3.9/site-packages/airflow/example_dags/example_latest_only_with_trigger.py took 0.084 seconds
[2024-09-18T17:37:21.630-0500] {processor.py:186} INFO - Started process (PID=24034) to work on /Users/binhpham/Projects/dbt_project/venv/lib/python3.9/site-packages/airflow/example_dags/example_latest_only_with_trigger.py
[2024-09-18T17:37:21.632-0500] {processor.py:914} INFO - Processing file /Users/binhpham/Projects/dbt_project/venv/lib/python3.9/site-packages/airflow/example_dags/example_latest_only_with_trigger.py for tasks to queue
[2024-09-18T17:37:21.632-0500] {logging_mixin.py:190} INFO - [2024-09-18T17:37:21.632-0500] {dagbag.py:587} INFO - Filling up the DagBag from /Users/binhpham/Projects/dbt_project/venv/lib/python3.9/site-packages/airflow/example_dags/example_latest_only_with_trigger.py
[2024-09-18T17:37:21.636-0500] {processor.py:925} INFO - DAG(s) 'latest_only_with_trigger' retrieved from /Users/binhpham/Projects/dbt_project/venv/lib/python3.9/site-packages/airflow/example_dags/example_latest_only_with_trigger.py
[2024-09-18T17:37:21.691-0500] {logging_mixin.py:190} INFO - [2024-09-18T17:37:21.691-0500] {dag.py:3229} INFO - Sync 1 DAGs
[2024-09-18T17:37:21.703-0500] {logging_mixin.py:190} INFO - [2024-09-18T17:37:21.703-0500] {dag.py:4156} INFO - Setting next_dagrun for latest_only_with_trigger to 2024-09-18 16:00:00+00:00, run_after=2024-09-18 20:00:00+00:00
[2024-09-18T17:37:21.712-0500] {processor.py:208} INFO - Processing /Users/binhpham/Projects/dbt_project/venv/lib/python3.9/site-packages/airflow/example_dags/example_latest_only_with_trigger.py took 0.083 seconds
[2024-09-18T17:40:09.358-0500] {processor.py:186} INFO - Started process (PID=24572) to work on /Users/binhpham/Projects/dbt_project/venv/lib/python3.9/site-packages/airflow/example_dags/example_latest_only_with_trigger.py
[2024-09-18T17:40:09.361-0500] {processor.py:914} INFO - Processing file /Users/binhpham/Projects/dbt_project/venv/lib/python3.9/site-packages/airflow/example_dags/example_latest_only_with_trigger.py for tasks to queue
[2024-09-18T17:40:09.361-0500] {logging_mixin.py:190} INFO - [2024-09-18T17:40:09.361-0500] {dagbag.py:587} INFO - Filling up the DagBag from /Users/binhpham/Projects/dbt_project/venv/lib/python3.9/site-packages/airflow/example_dags/example_latest_only_with_trigger.py
[2024-09-18T17:40:09.366-0500] {processor.py:925} INFO - DAG(s) 'latest_only_with_trigger' retrieved from /Users/binhpham/Projects/dbt_project/venv/lib/python3.9/site-packages/airflow/example_dags/example_latest_only_with_trigger.py
[2024-09-18T17:40:09.422-0500] {logging_mixin.py:190} INFO - [2024-09-18T17:40:09.421-0500] {dag.py:3229} INFO - Sync 1 DAGs
[2024-09-18T17:40:09.435-0500] {logging_mixin.py:190} INFO - [2024-09-18T17:40:09.434-0500] {dag.py:4156} INFO - Setting next_dagrun for latest_only_with_trigger to 2024-09-18 16:00:00+00:00, run_after=2024-09-18 20:00:00+00:00
[2024-09-18T17:40:09.443-0500] {processor.py:208} INFO - Processing /Users/binhpham/Projects/dbt_project/venv/lib/python3.9/site-packages/airflow/example_dags/example_latest_only_with_trigger.py took 0.086 seconds
[2024-09-18T17:43:00.173-0500] {processor.py:186} INFO - Started process (PID=25121) to work on /Users/binhpham/Projects/dbt_project/venv/lib/python3.9/site-packages/airflow/example_dags/example_latest_only_with_trigger.py
[2024-09-18T17:43:00.176-0500] {processor.py:914} INFO - Processing file /Users/binhpham/Projects/dbt_project/venv/lib/python3.9/site-packages/airflow/example_dags/example_latest_only_with_trigger.py for tasks to queue
[2024-09-18T17:43:00.176-0500] {logging_mixin.py:190} INFO - [2024-09-18T17:43:00.176-0500] {dagbag.py:587} INFO - Filling up the DagBag from /Users/binhpham/Projects/dbt_project/venv/lib/python3.9/site-packages/airflow/example_dags/example_latest_only_with_trigger.py
[2024-09-18T17:43:00.181-0500] {processor.py:925} INFO - DAG(s) 'latest_only_with_trigger' retrieved from /Users/binhpham/Projects/dbt_project/venv/lib/python3.9/site-packages/airflow/example_dags/example_latest_only_with_trigger.py
[2024-09-18T17:43:00.238-0500] {logging_mixin.py:190} INFO - [2024-09-18T17:43:00.238-0500] {dag.py:3229} INFO - Sync 1 DAGs
[2024-09-18T17:43:00.252-0500] {logging_mixin.py:190} INFO - [2024-09-18T17:43:00.252-0500] {dag.py:4156} INFO - Setting next_dagrun for latest_only_with_trigger to 2024-09-18 16:00:00+00:00, run_after=2024-09-18 20:00:00+00:00
[2024-09-18T17:43:00.262-0500] {processor.py:208} INFO - Processing /Users/binhpham/Projects/dbt_project/venv/lib/python3.9/site-packages/airflow/example_dags/example_latest_only_with_trigger.py took 0.090 seconds
