[2024-09-18T16:53:23.978-0500] {processor.py:186} INFO - Started process (PID=12132) to work on /Users/binhpham/Library/Python/3.9/lib/python/site-packages/airflow/example_dags/example_branch_datetime_operator.py
[2024-09-18T16:53:23.980-0500] {processor.py:914} INFO - Processing file /Users/binhpham/Library/Python/3.9/lib/python/site-packages/airflow/example_dags/example_branch_datetime_operator.py for tasks to queue
[2024-09-18T16:53:23.981-0500] {logging_mixin.py:190} INFO - [2024-09-18T16:53:23.980-0500] {dagbag.py:587} INFO - Filling up the DagBag from /Users/binhpham/Library/Python/3.9/lib/python/site-packages/airflow/example_dags/example_branch_datetime_operator.py
[2024-09-18T16:53:23.988-0500] {processor.py:925} INFO - DAG(s) 'example_branch_datetime_operator_3', 'example_branch_datetime_operator', 'example_branch_datetime_operator_2' retrieved from /Users/binhpham/Library/Python/3.9/lib/python/site-packages/airflow/example_dags/example_branch_datetime_operator.py
[2024-09-18T16:53:24.050-0500] {logging_mixin.py:190} INFO - [2024-09-18T16:53:24.049-0500] {dag.py:3229} INFO - Sync 3 DAGs
[2024-09-18T16:53:24.060-0500] {logging_mixin.py:190} INFO - [2024-09-18T16:53:24.060-0500] {dag.py:4156} INFO - Setting next_dagrun for example_branch_datetime_operator to 2024-09-17 00:00:00+00:00, run_after=2024-09-18 00:00:00+00:00
[2024-09-18T16:53:24.062-0500] {logging_mixin.py:190} INFO - [2024-09-18T16:53:24.062-0500] {dag.py:4156} INFO - Setting next_dagrun for example_branch_datetime_operator_2 to 2024-09-17 00:00:00+00:00, run_after=2024-09-18 00:00:00+00:00
[2024-09-18T16:53:24.063-0500] {logging_mixin.py:190} INFO - [2024-09-18T16:53:24.063-0500] {dag.py:4156} INFO - Setting next_dagrun for example_branch_datetime_operator_3 to 2024-09-17 00:00:00+00:00, run_after=2024-09-18 00:00:00+00:00
[2024-09-18T16:53:24.072-0500] {processor.py:208} INFO - Processing /Users/binhpham/Library/Python/3.9/lib/python/site-packages/airflow/example_dags/example_branch_datetime_operator.py took 0.095 seconds
[2024-09-18T16:58:26.118-0500] {processor.py:186} INFO - Started process (PID=13164) to work on /Users/binhpham/Library/Python/3.9/lib/python/site-packages/airflow/example_dags/example_branch_datetime_operator.py
[2024-09-18T16:58:26.121-0500] {processor.py:914} INFO - Processing file /Users/binhpham/Library/Python/3.9/lib/python/site-packages/airflow/example_dags/example_branch_datetime_operator.py for tasks to queue
[2024-09-18T16:58:26.121-0500] {logging_mixin.py:190} INFO - [2024-09-18T16:58:26.121-0500] {dagbag.py:587} INFO - Filling up the DagBag from /Users/binhpham/Library/Python/3.9/lib/python/site-packages/airflow/example_dags/example_branch_datetime_operator.py
[2024-09-18T16:58:26.129-0500] {processor.py:925} INFO - DAG(s) 'example_branch_datetime_operator_3', 'example_branch_datetime_operator_2', 'example_branch_datetime_operator' retrieved from /Users/binhpham/Library/Python/3.9/lib/python/site-packages/airflow/example_dags/example_branch_datetime_operator.py
[2024-09-18T16:58:26.188-0500] {logging_mixin.py:190} INFO - [2024-09-18T16:58:26.188-0500] {dag.py:3229} INFO - Sync 3 DAGs
[2024-09-18T16:58:26.198-0500] {logging_mixin.py:190} INFO - [2024-09-18T16:58:26.198-0500] {dag.py:4156} INFO - Setting next_dagrun for example_branch_datetime_operator to 2024-09-17 00:00:00+00:00, run_after=2024-09-18 00:00:00+00:00
[2024-09-18T16:58:26.200-0500] {logging_mixin.py:190} INFO - [2024-09-18T16:58:26.200-0500] {dag.py:4156} INFO - Setting next_dagrun for example_branch_datetime_operator_2 to 2024-09-17 00:00:00+00:00, run_after=2024-09-18 00:00:00+00:00
[2024-09-18T16:58:26.201-0500] {logging_mixin.py:190} INFO - [2024-09-18T16:58:26.201-0500] {dag.py:4156} INFO - Setting next_dagrun for example_branch_datetime_operator_3 to 2024-09-17 00:00:00+00:00, run_after=2024-09-18 00:00:00+00:00
[2024-09-18T16:58:26.210-0500] {processor.py:208} INFO - Processing /Users/binhpham/Library/Python/3.9/lib/python/site-packages/airflow/example_dags/example_branch_datetime_operator.py took 0.094 seconds
[2024-09-18T17:01:23.855-0500] {processor.py:186} INFO - Started process (PID=13737) to work on /Users/binhpham/Library/Python/3.9/lib/python/site-packages/airflow/example_dags/example_branch_datetime_operator.py
[2024-09-18T17:01:23.856-0500] {processor.py:914} INFO - Processing file /Users/binhpham/Library/Python/3.9/lib/python/site-packages/airflow/example_dags/example_branch_datetime_operator.py for tasks to queue
[2024-09-18T17:01:23.857-0500] {logging_mixin.py:190} INFO - [2024-09-18T17:01:23.857-0500] {dagbag.py:587} INFO - Filling up the DagBag from /Users/binhpham/Library/Python/3.9/lib/python/site-packages/airflow/example_dags/example_branch_datetime_operator.py
[2024-09-18T17:01:23.863-0500] {processor.py:925} INFO - DAG(s) 'example_branch_datetime_operator', 'example_branch_datetime_operator_2', 'example_branch_datetime_operator_3' retrieved from /Users/binhpham/Library/Python/3.9/lib/python/site-packages/airflow/example_dags/example_branch_datetime_operator.py
[2024-09-18T17:01:23.920-0500] {logging_mixin.py:190} INFO - [2024-09-18T17:01:23.920-0500] {dag.py:3229} INFO - Sync 3 DAGs
[2024-09-18T17:01:23.930-0500] {logging_mixin.py:190} INFO - [2024-09-18T17:01:23.930-0500] {dag.py:4156} INFO - Setting next_dagrun for example_branch_datetime_operator to 2024-09-17 00:00:00+00:00, run_after=2024-09-18 00:00:00+00:00
[2024-09-18T17:01:23.932-0500] {logging_mixin.py:190} INFO - [2024-09-18T17:01:23.932-0500] {dag.py:4156} INFO - Setting next_dagrun for example_branch_datetime_operator_2 to 2024-09-17 00:00:00+00:00, run_after=2024-09-18 00:00:00+00:00
[2024-09-18T17:01:23.933-0500] {logging_mixin.py:190} INFO - [2024-09-18T17:01:23.933-0500] {dag.py:4156} INFO - Setting next_dagrun for example_branch_datetime_operator_3 to 2024-09-17 00:00:00+00:00, run_after=2024-09-18 00:00:00+00:00
[2024-09-18T17:01:23.942-0500] {processor.py:208} INFO - Processing /Users/binhpham/Library/Python/3.9/lib/python/site-packages/airflow/example_dags/example_branch_datetime_operator.py took 0.089 seconds
[2024-09-18T17:04:17.404-0500] {processor.py:186} INFO - Started process (PID=14333) to work on /Users/binhpham/Library/Python/3.9/lib/python/site-packages/airflow/example_dags/example_branch_datetime_operator.py
[2024-09-18T17:04:17.405-0500] {processor.py:914} INFO - Processing file /Users/binhpham/Library/Python/3.9/lib/python/site-packages/airflow/example_dags/example_branch_datetime_operator.py for tasks to queue
[2024-09-18T17:04:17.406-0500] {logging_mixin.py:190} INFO - [2024-09-18T17:04:17.406-0500] {dagbag.py:587} INFO - Filling up the DagBag from /Users/binhpham/Library/Python/3.9/lib/python/site-packages/airflow/example_dags/example_branch_datetime_operator.py
[2024-09-18T17:04:17.413-0500] {processor.py:925} INFO - DAG(s) 'example_branch_datetime_operator_2', 'example_branch_datetime_operator', 'example_branch_datetime_operator_3' retrieved from /Users/binhpham/Library/Python/3.9/lib/python/site-packages/airflow/example_dags/example_branch_datetime_operator.py
[2024-09-18T17:04:17.472-0500] {logging_mixin.py:190} INFO - [2024-09-18T17:04:17.471-0500] {dag.py:3229} INFO - Sync 3 DAGs
[2024-09-18T17:04:17.481-0500] {logging_mixin.py:190} INFO - [2024-09-18T17:04:17.481-0500] {dag.py:4156} INFO - Setting next_dagrun for example_branch_datetime_operator to 2024-09-17 00:00:00+00:00, run_after=2024-09-18 00:00:00+00:00
[2024-09-18T17:04:17.483-0500] {logging_mixin.py:190} INFO - [2024-09-18T17:04:17.483-0500] {dag.py:4156} INFO - Setting next_dagrun for example_branch_datetime_operator_2 to 2024-09-17 00:00:00+00:00, run_after=2024-09-18 00:00:00+00:00
[2024-09-18T17:04:17.484-0500] {logging_mixin.py:190} INFO - [2024-09-18T17:04:17.484-0500] {dag.py:4156} INFO - Setting next_dagrun for example_branch_datetime_operator_3 to 2024-09-17 00:00:00+00:00, run_after=2024-09-18 00:00:00+00:00
[2024-09-18T17:04:17.493-0500] {processor.py:208} INFO - Processing /Users/binhpham/Library/Python/3.9/lib/python/site-packages/airflow/example_dags/example_branch_datetime_operator.py took 0.092 seconds
[2024-09-18T17:07:04.818-0500] {processor.py:186} INFO - Started process (PID=14975) to work on /Users/binhpham/Library/Python/3.9/lib/python/site-packages/airflow/example_dags/example_branch_datetime_operator.py
[2024-09-18T17:07:04.820-0500] {processor.py:914} INFO - Processing file /Users/binhpham/Library/Python/3.9/lib/python/site-packages/airflow/example_dags/example_branch_datetime_operator.py for tasks to queue
[2024-09-18T17:07:04.820-0500] {logging_mixin.py:190} INFO - [2024-09-18T17:07:04.820-0500] {dagbag.py:587} INFO - Filling up the DagBag from /Users/binhpham/Library/Python/3.9/lib/python/site-packages/airflow/example_dags/example_branch_datetime_operator.py
[2024-09-18T17:07:04.827-0500] {processor.py:925} INFO - DAG(s) 'example_branch_datetime_operator_3', 'example_branch_datetime_operator', 'example_branch_datetime_operator_2' retrieved from /Users/binhpham/Library/Python/3.9/lib/python/site-packages/airflow/example_dags/example_branch_datetime_operator.py
[2024-09-18T17:07:04.884-0500] {logging_mixin.py:190} INFO - [2024-09-18T17:07:04.884-0500] {dag.py:3229} INFO - Sync 3 DAGs
[2024-09-18T17:07:04.894-0500] {logging_mixin.py:190} INFO - [2024-09-18T17:07:04.894-0500] {dag.py:4156} INFO - Setting next_dagrun for example_branch_datetime_operator to 2024-09-17 00:00:00+00:00, run_after=2024-09-18 00:00:00+00:00
[2024-09-18T17:07:04.896-0500] {logging_mixin.py:190} INFO - [2024-09-18T17:07:04.896-0500] {dag.py:4156} INFO - Setting next_dagrun for example_branch_datetime_operator_2 to 2024-09-17 00:00:00+00:00, run_after=2024-09-18 00:00:00+00:00
[2024-09-18T17:07:04.897-0500] {logging_mixin.py:190} INFO - [2024-09-18T17:07:04.897-0500] {dag.py:4156} INFO - Setting next_dagrun for example_branch_datetime_operator_3 to 2024-09-17 00:00:00+00:00, run_after=2024-09-18 00:00:00+00:00
[2024-09-18T17:07:04.907-0500] {processor.py:208} INFO - Processing /Users/binhpham/Library/Python/3.9/lib/python/site-packages/airflow/example_dags/example_branch_datetime_operator.py took 0.090 seconds
[2024-09-18T17:10:03.303-0500] {processor.py:186} INFO - Started process (PID=15580) to work on /Users/binhpham/Library/Python/3.9/lib/python/site-packages/airflow/example_dags/example_branch_datetime_operator.py
[2024-09-18T17:10:03.305-0500] {processor.py:914} INFO - Processing file /Users/binhpham/Library/Python/3.9/lib/python/site-packages/airflow/example_dags/example_branch_datetime_operator.py for tasks to queue
[2024-09-18T17:10:03.305-0500] {logging_mixin.py:190} INFO - [2024-09-18T17:10:03.305-0500] {dagbag.py:587} INFO - Filling up the DagBag from /Users/binhpham/Library/Python/3.9/lib/python/site-packages/airflow/example_dags/example_branch_datetime_operator.py
[2024-09-18T17:10:03.312-0500] {processor.py:925} INFO - DAG(s) 'example_branch_datetime_operator', 'example_branch_datetime_operator_3', 'example_branch_datetime_operator_2' retrieved from /Users/binhpham/Library/Python/3.9/lib/python/site-packages/airflow/example_dags/example_branch_datetime_operator.py
[2024-09-18T17:10:03.370-0500] {logging_mixin.py:190} INFO - [2024-09-18T17:10:03.370-0500] {dag.py:3229} INFO - Sync 3 DAGs
[2024-09-18T17:10:03.380-0500] {logging_mixin.py:190} INFO - [2024-09-18T17:10:03.380-0500] {dag.py:4156} INFO - Setting next_dagrun for example_branch_datetime_operator to 2024-09-17 00:00:00+00:00, run_after=2024-09-18 00:00:00+00:00
[2024-09-18T17:10:03.382-0500] {logging_mixin.py:190} INFO - [2024-09-18T17:10:03.382-0500] {dag.py:4156} INFO - Setting next_dagrun for example_branch_datetime_operator_2 to 2024-09-17 00:00:00+00:00, run_after=2024-09-18 00:00:00+00:00
[2024-09-18T17:10:03.383-0500] {logging_mixin.py:190} INFO - [2024-09-18T17:10:03.383-0500] {dag.py:4156} INFO - Setting next_dagrun for example_branch_datetime_operator_3 to 2024-09-17 00:00:00+00:00, run_after=2024-09-18 00:00:00+00:00
[2024-09-18T17:10:03.392-0500] {processor.py:208} INFO - Processing /Users/binhpham/Library/Python/3.9/lib/python/site-packages/airflow/example_dags/example_branch_datetime_operator.py took 0.090 seconds
[2024-09-18T17:13:00.037-0500] {processor.py:186} INFO - Started process (PID=16216) to work on /Users/binhpham/Library/Python/3.9/lib/python/site-packages/airflow/example_dags/example_branch_datetime_operator.py
[2024-09-18T17:13:00.039-0500] {processor.py:914} INFO - Processing file /Users/binhpham/Library/Python/3.9/lib/python/site-packages/airflow/example_dags/example_branch_datetime_operator.py for tasks to queue
[2024-09-18T17:13:00.040-0500] {logging_mixin.py:190} INFO - [2024-09-18T17:13:00.039-0500] {dagbag.py:587} INFO - Filling up the DagBag from /Users/binhpham/Library/Python/3.9/lib/python/site-packages/airflow/example_dags/example_branch_datetime_operator.py
[2024-09-18T17:13:00.046-0500] {processor.py:925} INFO - DAG(s) 'example_branch_datetime_operator_3', 'example_branch_datetime_operator', 'example_branch_datetime_operator_2' retrieved from /Users/binhpham/Library/Python/3.9/lib/python/site-packages/airflow/example_dags/example_branch_datetime_operator.py
[2024-09-18T17:13:00.105-0500] {logging_mixin.py:190} INFO - [2024-09-18T17:13:00.105-0500] {dag.py:3229} INFO - Sync 3 DAGs
[2024-09-18T17:13:00.115-0500] {logging_mixin.py:190} INFO - [2024-09-18T17:13:00.114-0500] {dag.py:4156} INFO - Setting next_dagrun for example_branch_datetime_operator to 2024-09-17 00:00:00+00:00, run_after=2024-09-18 00:00:00+00:00
[2024-09-18T17:13:00.117-0500] {logging_mixin.py:190} INFO - [2024-09-18T17:13:00.117-0500] {dag.py:4156} INFO - Setting next_dagrun for example_branch_datetime_operator_2 to 2024-09-17 00:00:00+00:00, run_after=2024-09-18 00:00:00+00:00
[2024-09-18T17:13:00.118-0500] {logging_mixin.py:190} INFO - [2024-09-18T17:13:00.118-0500] {dag.py:4156} INFO - Setting next_dagrun for example_branch_datetime_operator_3 to 2024-09-17 00:00:00+00:00, run_after=2024-09-18 00:00:00+00:00
[2024-09-18T17:13:00.127-0500] {processor.py:208} INFO - Processing /Users/binhpham/Library/Python/3.9/lib/python/site-packages/airflow/example_dags/example_branch_datetime_operator.py took 0.091 seconds
[2024-09-18T17:16:49.309-0500] {processor.py:186} INFO - Started process (PID=17188) to work on /Users/binhpham/Library/Python/3.9/lib/python/site-packages/airflow/example_dags/example_branch_datetime_operator.py
[2024-09-18T17:16:49.312-0500] {processor.py:914} INFO - Processing file /Users/binhpham/Library/Python/3.9/lib/python/site-packages/airflow/example_dags/example_branch_datetime_operator.py for tasks to queue
[2024-09-18T17:16:49.312-0500] {logging_mixin.py:190} INFO - [2024-09-18T17:16:49.312-0500] {dagbag.py:587} INFO - Filling up the DagBag from /Users/binhpham/Library/Python/3.9/lib/python/site-packages/airflow/example_dags/example_branch_datetime_operator.py
[2024-09-18T17:16:49.319-0500] {processor.py:925} INFO - DAG(s) 'example_branch_datetime_operator_3', 'example_branch_datetime_operator', 'example_branch_datetime_operator_2' retrieved from /Users/binhpham/Library/Python/3.9/lib/python/site-packages/airflow/example_dags/example_branch_datetime_operator.py
[2024-09-18T17:16:49.378-0500] {logging_mixin.py:190} INFO - [2024-09-18T17:16:49.378-0500] {dag.py:3229} INFO - Sync 3 DAGs
[2024-09-18T17:16:49.388-0500] {logging_mixin.py:190} INFO - [2024-09-18T17:16:49.388-0500] {dag.py:4156} INFO - Setting next_dagrun for example_branch_datetime_operator to 2024-09-17 00:00:00+00:00, run_after=2024-09-18 00:00:00+00:00
[2024-09-18T17:16:49.390-0500] {logging_mixin.py:190} INFO - [2024-09-18T17:16:49.390-0500] {dag.py:4156} INFO - Setting next_dagrun for example_branch_datetime_operator_2 to 2024-09-17 00:00:00+00:00, run_after=2024-09-18 00:00:00+00:00
[2024-09-18T17:16:49.391-0500] {logging_mixin.py:190} INFO - [2024-09-18T17:16:49.391-0500] {dag.py:4156} INFO - Setting next_dagrun for example_branch_datetime_operator_3 to 2024-09-17 00:00:00+00:00, run_after=2024-09-18 00:00:00+00:00
[2024-09-18T17:16:49.400-0500] {processor.py:208} INFO - Processing /Users/binhpham/Library/Python/3.9/lib/python/site-packages/airflow/example_dags/example_branch_datetime_operator.py took 0.092 seconds
[2024-09-18T17:19:49.247-0500] {processor.py:186} INFO - Started process (PID=18363) to work on /Users/binhpham/Library/Python/3.9/lib/python/site-packages/airflow/example_dags/example_branch_datetime_operator.py
[2024-09-18T17:19:49.250-0500] {processor.py:914} INFO - Processing file /Users/binhpham/Library/Python/3.9/lib/python/site-packages/airflow/example_dags/example_branch_datetime_operator.py for tasks to queue
[2024-09-18T17:19:49.250-0500] {logging_mixin.py:190} INFO - [2024-09-18T17:19:49.250-0500] {dagbag.py:587} INFO - Filling up the DagBag from /Users/binhpham/Library/Python/3.9/lib/python/site-packages/airflow/example_dags/example_branch_datetime_operator.py
[2024-09-18T17:19:49.257-0500] {processor.py:925} INFO - DAG(s) 'example_branch_datetime_operator_3', 'example_branch_datetime_operator', 'example_branch_datetime_operator_2' retrieved from /Users/binhpham/Library/Python/3.9/lib/python/site-packages/airflow/example_dags/example_branch_datetime_operator.py
[2024-09-18T17:19:49.316-0500] {logging_mixin.py:190} INFO - [2024-09-18T17:19:49.316-0500] {dag.py:3229} INFO - Sync 3 DAGs
[2024-09-18T17:19:49.326-0500] {logging_mixin.py:190} INFO - [2024-09-18T17:19:49.326-0500] {dag.py:4156} INFO - Setting next_dagrun for example_branch_datetime_operator to 2024-09-17 00:00:00+00:00, run_after=2024-09-18 00:00:00+00:00
[2024-09-18T17:19:49.328-0500] {logging_mixin.py:190} INFO - [2024-09-18T17:19:49.328-0500] {dag.py:4156} INFO - Setting next_dagrun for example_branch_datetime_operator_2 to 2024-09-17 00:00:00+00:00, run_after=2024-09-18 00:00:00+00:00
[2024-09-18T17:19:49.329-0500] {logging_mixin.py:190} INFO - [2024-09-18T17:19:49.329-0500] {dag.py:4156} INFO - Setting next_dagrun for example_branch_datetime_operator_3 to 2024-09-17 00:00:00+00:00, run_after=2024-09-18 00:00:00+00:00
[2024-09-18T17:19:49.338-0500] {processor.py:208} INFO - Processing /Users/binhpham/Library/Python/3.9/lib/python/site-packages/airflow/example_dags/example_branch_datetime_operator.py took 0.093 seconds
[2024-09-18T17:23:47.514-0500] {processor.py:186} INFO - Started process (PID=19810) to work on /Users/binhpham/Projects/dbt_project/venv/lib/python3.9/site-packages/airflow/example_dags/example_branch_datetime_operator.py
[2024-09-18T17:23:47.519-0500] {processor.py:914} INFO - Processing file /Users/binhpham/Projects/dbt_project/venv/lib/python3.9/site-packages/airflow/example_dags/example_branch_datetime_operator.py for tasks to queue
[2024-09-18T17:23:47.519-0500] {logging_mixin.py:190} INFO - [2024-09-18T17:23:47.519-0500] {dagbag.py:587} INFO - Filling up the DagBag from /Users/binhpham/Projects/dbt_project/venv/lib/python3.9/site-packages/airflow/example_dags/example_branch_datetime_operator.py
[2024-09-18T17:23:47.526-0500] {processor.py:925} INFO - DAG(s) 'example_branch_datetime_operator_2', 'example_branch_datetime_operator_3', 'example_branch_datetime_operator' retrieved from /Users/binhpham/Projects/dbt_project/venv/lib/python3.9/site-packages/airflow/example_dags/example_branch_datetime_operator.py
[2024-09-18T17:23:47.640-0500] {logging_mixin.py:190} INFO - [2024-09-18T17:23:47.640-0500] {dag.py:3229} INFO - Sync 3 DAGs
[2024-09-18T17:23:47.649-0500] {logging_mixin.py:190} INFO - [2024-09-18T17:23:47.649-0500] {dag.py:4156} INFO - Setting next_dagrun for example_branch_datetime_operator to 2024-09-17 00:00:00+00:00, run_after=2024-09-18 00:00:00+00:00
[2024-09-18T17:23:47.651-0500] {logging_mixin.py:190} INFO - [2024-09-18T17:23:47.651-0500] {dag.py:4156} INFO - Setting next_dagrun for example_branch_datetime_operator_2 to 2024-09-17 00:00:00+00:00, run_after=2024-09-18 00:00:00+00:00
[2024-09-18T17:23:47.652-0500] {logging_mixin.py:190} INFO - [2024-09-18T17:23:47.652-0500] {dag.py:4156} INFO - Setting next_dagrun for example_branch_datetime_operator_3 to 2024-09-17 00:00:00+00:00, run_after=2024-09-18 00:00:00+00:00
[2024-09-18T17:23:47.663-0500] {processor.py:208} INFO - Processing /Users/binhpham/Projects/dbt_project/venv/lib/python3.9/site-packages/airflow/example_dags/example_branch_datetime_operator.py took 0.150 seconds
[2024-09-18T17:27:45.794-0500] {processor.py:186} INFO - Started process (PID=20840) to work on /Users/binhpham/Projects/dbt_project/venv/lib/python3.9/site-packages/airflow/example_dags/example_branch_datetime_operator.py
[2024-09-18T17:27:45.796-0500] {processor.py:914} INFO - Processing file /Users/binhpham/Projects/dbt_project/venv/lib/python3.9/site-packages/airflow/example_dags/example_branch_datetime_operator.py for tasks to queue
[2024-09-18T17:27:45.796-0500] {logging_mixin.py:190} INFO - [2024-09-18T17:27:45.796-0500] {dagbag.py:587} INFO - Filling up the DagBag from /Users/binhpham/Projects/dbt_project/venv/lib/python3.9/site-packages/airflow/example_dags/example_branch_datetime_operator.py
[2024-09-18T17:27:45.803-0500] {processor.py:925} INFO - DAG(s) 'example_branch_datetime_operator_2', 'example_branch_datetime_operator', 'example_branch_datetime_operator_3' retrieved from /Users/binhpham/Projects/dbt_project/venv/lib/python3.9/site-packages/airflow/example_dags/example_branch_datetime_operator.py
[2024-09-18T17:27:45.862-0500] {logging_mixin.py:190} INFO - [2024-09-18T17:27:45.862-0500] {dag.py:3229} INFO - Sync 3 DAGs
[2024-09-18T17:27:45.872-0500] {logging_mixin.py:190} INFO - [2024-09-18T17:27:45.872-0500] {dag.py:4156} INFO - Setting next_dagrun for example_branch_datetime_operator to 2024-09-17 00:00:00+00:00, run_after=2024-09-18 00:00:00+00:00
[2024-09-18T17:27:45.874-0500] {logging_mixin.py:190} INFO - [2024-09-18T17:27:45.874-0500] {dag.py:4156} INFO - Setting next_dagrun for example_branch_datetime_operator_2 to 2024-09-17 00:00:00+00:00, run_after=2024-09-18 00:00:00+00:00
[2024-09-18T17:27:45.875-0500] {logging_mixin.py:190} INFO - [2024-09-18T17:27:45.875-0500] {dag.py:4156} INFO - Setting next_dagrun for example_branch_datetime_operator_3 to 2024-09-17 00:00:00+00:00, run_after=2024-09-18 00:00:00+00:00
[2024-09-18T17:27:45.884-0500] {processor.py:208} INFO - Processing /Users/binhpham/Projects/dbt_project/venv/lib/python3.9/site-packages/airflow/example_dags/example_branch_datetime_operator.py took 0.092 seconds
[2024-09-18T17:30:18.889-0500] {processor.py:186} INFO - Started process (PID=21861) to work on /Users/binhpham/Projects/dbt_project/venv/lib/python3.9/site-packages/airflow/example_dags/example_branch_datetime_operator.py
[2024-09-18T17:30:18.891-0500] {processor.py:914} INFO - Processing file /Users/binhpham/Projects/dbt_project/venv/lib/python3.9/site-packages/airflow/example_dags/example_branch_datetime_operator.py for tasks to queue
[2024-09-18T17:30:18.892-0500] {logging_mixin.py:190} INFO - [2024-09-18T17:30:18.892-0500] {dagbag.py:587} INFO - Filling up the DagBag from /Users/binhpham/Projects/dbt_project/venv/lib/python3.9/site-packages/airflow/example_dags/example_branch_datetime_operator.py
[2024-09-18T17:30:18.899-0500] {processor.py:925} INFO - DAG(s) 'example_branch_datetime_operator_3', 'example_branch_datetime_operator', 'example_branch_datetime_operator_2' retrieved from /Users/binhpham/Projects/dbt_project/venv/lib/python3.9/site-packages/airflow/example_dags/example_branch_datetime_operator.py
[2024-09-18T17:30:18.956-0500] {logging_mixin.py:190} INFO - [2024-09-18T17:30:18.956-0500] {dag.py:3229} INFO - Sync 3 DAGs
[2024-09-18T17:30:18.966-0500] {logging_mixin.py:190} INFO - [2024-09-18T17:30:18.966-0500] {dag.py:4156} INFO - Setting next_dagrun for example_branch_datetime_operator to 2024-09-17 00:00:00+00:00, run_after=2024-09-18 00:00:00+00:00
[2024-09-18T17:30:18.969-0500] {logging_mixin.py:190} INFO - [2024-09-18T17:30:18.969-0500] {dag.py:4156} INFO - Setting next_dagrun for example_branch_datetime_operator_2 to 2024-09-17 00:00:00+00:00, run_after=2024-09-18 00:00:00+00:00
[2024-09-18T17:30:18.970-0500] {logging_mixin.py:190} INFO - [2024-09-18T17:30:18.970-0500] {dag.py:4156} INFO - Setting next_dagrun for example_branch_datetime_operator_3 to 2024-09-17 00:00:00+00:00, run_after=2024-09-18 00:00:00+00:00
[2024-09-18T17:30:18.978-0500] {processor.py:208} INFO - Processing /Users/binhpham/Projects/dbt_project/venv/lib/python3.9/site-packages/airflow/example_dags/example_branch_datetime_operator.py took 0.091 seconds
[2024-09-18T17:33:05.906-0500] {processor.py:186} INFO - Started process (PID=22933) to work on /Users/binhpham/Projects/dbt_project/venv/lib/python3.9/site-packages/airflow/example_dags/example_branch_datetime_operator.py
[2024-09-18T17:33:05.908-0500] {processor.py:914} INFO - Processing file /Users/binhpham/Projects/dbt_project/venv/lib/python3.9/site-packages/airflow/example_dags/example_branch_datetime_operator.py for tasks to queue
[2024-09-18T17:33:05.909-0500] {logging_mixin.py:190} INFO - [2024-09-18T17:33:05.909-0500] {dagbag.py:587} INFO - Filling up the DagBag from /Users/binhpham/Projects/dbt_project/venv/lib/python3.9/site-packages/airflow/example_dags/example_branch_datetime_operator.py
[2024-09-18T17:33:05.916-0500] {processor.py:925} INFO - DAG(s) 'example_branch_datetime_operator_3', 'example_branch_datetime_operator', 'example_branch_datetime_operator_2' retrieved from /Users/binhpham/Projects/dbt_project/venv/lib/python3.9/site-packages/airflow/example_dags/example_branch_datetime_operator.py
[2024-09-18T17:33:05.973-0500] {logging_mixin.py:190} INFO - [2024-09-18T17:33:05.973-0500] {dag.py:3229} INFO - Sync 3 DAGs
[2024-09-18T17:33:05.983-0500] {logging_mixin.py:190} INFO - [2024-09-18T17:33:05.983-0500] {dag.py:4156} INFO - Setting next_dagrun for example_branch_datetime_operator to 2024-09-17 00:00:00+00:00, run_after=2024-09-18 00:00:00+00:00
[2024-09-18T17:33:05.986-0500] {logging_mixin.py:190} INFO - [2024-09-18T17:33:05.985-0500] {dag.py:4156} INFO - Setting next_dagrun for example_branch_datetime_operator_2 to 2024-09-17 00:00:00+00:00, run_after=2024-09-18 00:00:00+00:00
[2024-09-18T17:33:05.987-0500] {logging_mixin.py:190} INFO - [2024-09-18T17:33:05.987-0500] {dag.py:4156} INFO - Setting next_dagrun for example_branch_datetime_operator_3 to 2024-09-17 00:00:00+00:00, run_after=2024-09-18 00:00:00+00:00
[2024-09-18T17:33:05.995-0500] {processor.py:208} INFO - Processing /Users/binhpham/Projects/dbt_project/venv/lib/python3.9/site-packages/airflow/example_dags/example_branch_datetime_operator.py took 0.091 seconds
[2024-09-18T17:36:02.992-0500] {processor.py:186} INFO - Started process (PID=23790) to work on /Users/binhpham/Projects/dbt_project/venv/lib/python3.9/site-packages/airflow/example_dags/example_branch_datetime_operator.py
[2024-09-18T17:36:02.994-0500] {processor.py:914} INFO - Processing file /Users/binhpham/Projects/dbt_project/venv/lib/python3.9/site-packages/airflow/example_dags/example_branch_datetime_operator.py for tasks to queue
[2024-09-18T17:36:02.994-0500] {logging_mixin.py:190} INFO - [2024-09-18T17:36:02.994-0500] {dagbag.py:587} INFO - Filling up the DagBag from /Users/binhpham/Projects/dbt_project/venv/lib/python3.9/site-packages/airflow/example_dags/example_branch_datetime_operator.py
[2024-09-18T17:36:03.001-0500] {processor.py:925} INFO - DAG(s) 'example_branch_datetime_operator', 'example_branch_datetime_operator_2', 'example_branch_datetime_operator_3' retrieved from /Users/binhpham/Projects/dbt_project/venv/lib/python3.9/site-packages/airflow/example_dags/example_branch_datetime_operator.py
[2024-09-18T17:36:03.060-0500] {logging_mixin.py:190} INFO - [2024-09-18T17:36:03.060-0500] {dag.py:3229} INFO - Sync 3 DAGs
[2024-09-18T17:36:03.070-0500] {logging_mixin.py:190} INFO - [2024-09-18T17:36:03.070-0500] {dag.py:4156} INFO - Setting next_dagrun for example_branch_datetime_operator to 2024-09-17 00:00:00+00:00, run_after=2024-09-18 00:00:00+00:00
[2024-09-18T17:36:03.072-0500] {logging_mixin.py:190} INFO - [2024-09-18T17:36:03.072-0500] {dag.py:4156} INFO - Setting next_dagrun for example_branch_datetime_operator_2 to 2024-09-17 00:00:00+00:00, run_after=2024-09-18 00:00:00+00:00
[2024-09-18T17:36:03.073-0500] {logging_mixin.py:190} INFO - [2024-09-18T17:36:03.073-0500] {dag.py:4156} INFO - Setting next_dagrun for example_branch_datetime_operator_3 to 2024-09-17 00:00:00+00:00, run_after=2024-09-18 00:00:00+00:00
[2024-09-18T17:36:03.081-0500] {processor.py:208} INFO - Processing /Users/binhpham/Projects/dbt_project/venv/lib/python3.9/site-packages/airflow/example_dags/example_branch_datetime_operator.py took 0.091 seconds
[2024-09-18T17:38:48.853-0500] {processor.py:186} INFO - Started process (PID=24308) to work on /Users/binhpham/Projects/dbt_project/venv/lib/python3.9/site-packages/airflow/example_dags/example_branch_datetime_operator.py
[2024-09-18T17:38:48.855-0500] {processor.py:914} INFO - Processing file /Users/binhpham/Projects/dbt_project/venv/lib/python3.9/site-packages/airflow/example_dags/example_branch_datetime_operator.py for tasks to queue
[2024-09-18T17:38:48.855-0500] {logging_mixin.py:190} INFO - [2024-09-18T17:38:48.855-0500] {dagbag.py:587} INFO - Filling up the DagBag from /Users/binhpham/Projects/dbt_project/venv/lib/python3.9/site-packages/airflow/example_dags/example_branch_datetime_operator.py
[2024-09-18T17:38:48.862-0500] {processor.py:925} INFO - DAG(s) 'example_branch_datetime_operator_3', 'example_branch_datetime_operator', 'example_branch_datetime_operator_2' retrieved from /Users/binhpham/Projects/dbt_project/venv/lib/python3.9/site-packages/airflow/example_dags/example_branch_datetime_operator.py
[2024-09-18T17:38:48.923-0500] {logging_mixin.py:190} INFO - [2024-09-18T17:38:48.923-0500] {dag.py:3229} INFO - Sync 3 DAGs
[2024-09-18T17:38:48.935-0500] {logging_mixin.py:190} INFO - [2024-09-18T17:38:48.934-0500] {dag.py:4156} INFO - Setting next_dagrun for example_branch_datetime_operator to 2024-09-17 00:00:00+00:00, run_after=2024-09-18 00:00:00+00:00
[2024-09-18T17:38:48.937-0500] {logging_mixin.py:190} INFO - [2024-09-18T17:38:48.937-0500] {dag.py:4156} INFO - Setting next_dagrun for example_branch_datetime_operator_2 to 2024-09-17 00:00:00+00:00, run_after=2024-09-18 00:00:00+00:00
[2024-09-18T17:38:48.938-0500] {logging_mixin.py:190} INFO - [2024-09-18T17:38:48.938-0500] {dag.py:4156} INFO - Setting next_dagrun for example_branch_datetime_operator_3 to 2024-09-17 00:00:00+00:00, run_after=2024-09-18 00:00:00+00:00
[2024-09-18T17:38:48.947-0500] {processor.py:208} INFO - Processing /Users/binhpham/Projects/dbt_project/venv/lib/python3.9/site-packages/airflow/example_dags/example_branch_datetime_operator.py took 0.096 seconds
[2024-09-18T17:41:41.387-0500] {processor.py:186} INFO - Started process (PID=24855) to work on /Users/binhpham/Projects/dbt_project/venv/lib/python3.9/site-packages/airflow/example_dags/example_branch_datetime_operator.py
[2024-09-18T17:41:41.390-0500] {processor.py:914} INFO - Processing file /Users/binhpham/Projects/dbt_project/venv/lib/python3.9/site-packages/airflow/example_dags/example_branch_datetime_operator.py for tasks to queue
[2024-09-18T17:41:41.390-0500] {logging_mixin.py:190} INFO - [2024-09-18T17:41:41.390-0500] {dagbag.py:587} INFO - Filling up the DagBag from /Users/binhpham/Projects/dbt_project/venv/lib/python3.9/site-packages/airflow/example_dags/example_branch_datetime_operator.py
[2024-09-18T17:41:41.398-0500] {processor.py:925} INFO - DAG(s) 'example_branch_datetime_operator_3', 'example_branch_datetime_operator', 'example_branch_datetime_operator_2' retrieved from /Users/binhpham/Projects/dbt_project/venv/lib/python3.9/site-packages/airflow/example_dags/example_branch_datetime_operator.py
[2024-09-18T17:41:41.457-0500] {logging_mixin.py:190} INFO - [2024-09-18T17:41:41.457-0500] {dag.py:3229} INFO - Sync 3 DAGs
[2024-09-18T17:41:41.469-0500] {logging_mixin.py:190} INFO - [2024-09-18T17:41:41.469-0500] {dag.py:4156} INFO - Setting next_dagrun for example_branch_datetime_operator to 2024-09-17 00:00:00+00:00, run_after=2024-09-18 00:00:00+00:00
[2024-09-18T17:41:41.471-0500] {logging_mixin.py:190} INFO - [2024-09-18T17:41:41.471-0500] {dag.py:4156} INFO - Setting next_dagrun for example_branch_datetime_operator_2 to 2024-09-17 00:00:00+00:00, run_after=2024-09-18 00:00:00+00:00
[2024-09-18T17:41:41.472-0500] {logging_mixin.py:190} INFO - [2024-09-18T17:41:41.472-0500] {dag.py:4156} INFO - Setting next_dagrun for example_branch_datetime_operator_3 to 2024-09-17 00:00:00+00:00, run_after=2024-09-18 00:00:00+00:00
[2024-09-18T17:41:41.481-0500] {processor.py:208} INFO - Processing /Users/binhpham/Projects/dbt_project/venv/lib/python3.9/site-packages/airflow/example_dags/example_branch_datetime_operator.py took 0.096 seconds
[2024-09-18T17:44:31.144-0500] {processor.py:186} INFO - Started process (PID=25436) to work on /Users/binhpham/Projects/dbt_project/venv/lib/python3.9/site-packages/airflow/example_dags/example_branch_datetime_operator.py
[2024-09-18T17:44:31.146-0500] {processor.py:914} INFO - Processing file /Users/binhpham/Projects/dbt_project/venv/lib/python3.9/site-packages/airflow/example_dags/example_branch_datetime_operator.py for tasks to queue
[2024-09-18T17:44:31.147-0500] {logging_mixin.py:190} INFO - [2024-09-18T17:44:31.147-0500] {dagbag.py:587} INFO - Filling up the DagBag from /Users/binhpham/Projects/dbt_project/venv/lib/python3.9/site-packages/airflow/example_dags/example_branch_datetime_operator.py
[2024-09-18T17:44:31.154-0500] {processor.py:925} INFO - DAG(s) 'example_branch_datetime_operator', 'example_branch_datetime_operator_2', 'example_branch_datetime_operator_3' retrieved from /Users/binhpham/Projects/dbt_project/venv/lib/python3.9/site-packages/airflow/example_dags/example_branch_datetime_operator.py
[2024-09-18T17:44:31.211-0500] {logging_mixin.py:190} INFO - [2024-09-18T17:44:31.211-0500] {dag.py:3229} INFO - Sync 3 DAGs
[2024-09-18T17:44:31.221-0500] {logging_mixin.py:190} INFO - [2024-09-18T17:44:31.221-0500] {dag.py:4156} INFO - Setting next_dagrun for example_branch_datetime_operator to 2024-09-17 00:00:00+00:00, run_after=2024-09-18 00:00:00+00:00
[2024-09-18T17:44:31.224-0500] {logging_mixin.py:190} INFO - [2024-09-18T17:44:31.224-0500] {dag.py:4156} INFO - Setting next_dagrun for example_branch_datetime_operator_2 to 2024-09-17 00:00:00+00:00, run_after=2024-09-18 00:00:00+00:00
[2024-09-18T17:44:31.225-0500] {logging_mixin.py:190} INFO - [2024-09-18T17:44:31.225-0500] {dag.py:4156} INFO - Setting next_dagrun for example_branch_datetime_operator_3 to 2024-09-17 00:00:00+00:00, run_after=2024-09-18 00:00:00+00:00
[2024-09-18T17:44:31.233-0500] {processor.py:208} INFO - Processing /Users/binhpham/Projects/dbt_project/venv/lib/python3.9/site-packages/airflow/example_dags/example_branch_datetime_operator.py took 0.091 seconds
