[2024-09-18T16:53:06.705-0500] {processor.py:186} INFO - Started process (PID=12074) to work on /Users/binhpham/Library/Python/3.9/lib/python/site-packages/airflow/example_dags/example_dataset_alias.py
[2024-09-18T16:53:06.707-0500] {processor.py:914} INFO - Processing file /Users/binhpham/Library/Python/3.9/lib/python/site-packages/airflow/example_dags/example_dataset_alias.py for tasks to queue
[2024-09-18T16:53:06.707-0500] {logging_mixin.py:190} INFO - [2024-09-18T16:53:06.707-0500] {dagbag.py:587} INFO - Filling up the DagBag from /Users/binhpham/Library/Python/3.9/lib/python/site-packages/airflow/example_dags/example_dataset_alias.py
[2024-09-18T16:53:06.822-0500] {processor.py:925} INFO - DAG(s) 'dataset_s3_bucket_consumer', 'dataset_alias_example_alias_consumer', 'dataset_s3_bucket_producer', 'dataset_alias_example_alias_producer' retrieved from /Users/binhpham/Library/Python/3.9/lib/python/site-packages/airflow/example_dags/example_dataset_alias.py
[2024-09-18T16:53:06.833-0500] {logging_mixin.py:190} INFO - [2024-09-18T16:53:06.833-0500] {dag.py:3229} INFO - Sync 4 DAGs
[2024-09-18T16:53:06.842-0500] {logging_mixin.py:190} INFO - [2024-09-18T16:53:06.842-0500] {dag.py:4156} INFO - Setting next_dagrun for dataset_alias_example_alias_consumer to None, run_after=None
[2024-09-18T16:53:06.843-0500] {logging_mixin.py:190} INFO - [2024-09-18T16:53:06.843-0500] {dag.py:4156} INFO - Setting next_dagrun for dataset_alias_example_alias_producer to None, run_after=None
[2024-09-18T16:53:06.844-0500] {logging_mixin.py:190} INFO - [2024-09-18T16:53:06.844-0500] {dag.py:4156} INFO - Setting next_dagrun for dataset_s3_bucket_consumer to None, run_after=None
[2024-09-18T16:53:06.844-0500] {logging_mixin.py:190} INFO - [2024-09-18T16:53:06.844-0500] {dag.py:4156} INFO - Setting next_dagrun for dataset_s3_bucket_producer to None, run_after=None
[2024-09-18T16:53:06.855-0500] {processor.py:208} INFO - Processing /Users/binhpham/Library/Python/3.9/lib/python/site-packages/airflow/example_dags/example_dataset_alias.py took 0.152 seconds
[2024-09-18T16:58:08.553-0500] {processor.py:186} INFO - Started process (PID=13100) to work on /Users/binhpham/Library/Python/3.9/lib/python/site-packages/airflow/example_dags/example_dataset_alias.py
[2024-09-18T16:58:08.555-0500] {processor.py:914} INFO - Processing file /Users/binhpham/Library/Python/3.9/lib/python/site-packages/airflow/example_dags/example_dataset_alias.py for tasks to queue
[2024-09-18T16:58:08.556-0500] {logging_mixin.py:190} INFO - [2024-09-18T16:58:08.556-0500] {dagbag.py:587} INFO - Filling up the DagBag from /Users/binhpham/Library/Python/3.9/lib/python/site-packages/airflow/example_dags/example_dataset_alias.py
[2024-09-18T16:58:08.721-0500] {processor.py:925} INFO - DAG(s) 'dataset_alias_example_alias_consumer', 'dataset_alias_example_alias_producer', 'dataset_s3_bucket_producer', 'dataset_s3_bucket_consumer' retrieved from /Users/binhpham/Library/Python/3.9/lib/python/site-packages/airflow/example_dags/example_dataset_alias.py
[2024-09-18T16:58:08.739-0500] {logging_mixin.py:190} INFO - [2024-09-18T16:58:08.738-0500] {dag.py:3229} INFO - Sync 4 DAGs
[2024-09-18T16:58:08.751-0500] {logging_mixin.py:190} INFO - [2024-09-18T16:58:08.751-0500] {dag.py:4156} INFO - Setting next_dagrun for dataset_alias_example_alias_consumer to None, run_after=None
[2024-09-18T16:58:08.753-0500] {logging_mixin.py:190} INFO - [2024-09-18T16:58:08.753-0500] {dag.py:4156} INFO - Setting next_dagrun for dataset_alias_example_alias_producer to None, run_after=None
[2024-09-18T16:58:08.753-0500] {logging_mixin.py:190} INFO - [2024-09-18T16:58:08.753-0500] {dag.py:4156} INFO - Setting next_dagrun for dataset_s3_bucket_consumer to None, run_after=None
[2024-09-18T16:58:08.754-0500] {logging_mixin.py:190} INFO - [2024-09-18T16:58:08.754-0500] {dag.py:4156} INFO - Setting next_dagrun for dataset_s3_bucket_producer to None, run_after=None
[2024-09-18T16:58:08.775-0500] {processor.py:208} INFO - Processing /Users/binhpham/Library/Python/3.9/lib/python/site-packages/airflow/example_dags/example_dataset_alias.py took 0.223 seconds
[2024-09-18T17:01:06.516-0500] {processor.py:186} INFO - Started process (PID=13680) to work on /Users/binhpham/Library/Python/3.9/lib/python/site-packages/airflow/example_dags/example_dataset_alias.py
[2024-09-18T17:01:06.517-0500] {processor.py:914} INFO - Processing file /Users/binhpham/Library/Python/3.9/lib/python/site-packages/airflow/example_dags/example_dataset_alias.py for tasks to queue
[2024-09-18T17:01:06.518-0500] {logging_mixin.py:190} INFO - [2024-09-18T17:01:06.518-0500] {dagbag.py:587} INFO - Filling up the DagBag from /Users/binhpham/Library/Python/3.9/lib/python/site-packages/airflow/example_dags/example_dataset_alias.py
[2024-09-18T17:01:06.634-0500] {processor.py:925} INFO - DAG(s) 'dataset_s3_bucket_producer', 'dataset_alias_example_alias_consumer', 'dataset_alias_example_alias_producer', 'dataset_s3_bucket_consumer' retrieved from /Users/binhpham/Library/Python/3.9/lib/python/site-packages/airflow/example_dags/example_dataset_alias.py
[2024-09-18T17:01:06.646-0500] {logging_mixin.py:190} INFO - [2024-09-18T17:01:06.646-0500] {dag.py:3229} INFO - Sync 4 DAGs
[2024-09-18T17:01:06.655-0500] {logging_mixin.py:190} INFO - [2024-09-18T17:01:06.655-0500] {dag.py:4156} INFO - Setting next_dagrun for dataset_alias_example_alias_consumer to None, run_after=None
[2024-09-18T17:01:06.656-0500] {logging_mixin.py:190} INFO - [2024-09-18T17:01:06.656-0500] {dag.py:4156} INFO - Setting next_dagrun for dataset_alias_example_alias_producer to None, run_after=None
[2024-09-18T17:01:06.656-0500] {logging_mixin.py:190} INFO - [2024-09-18T17:01:06.656-0500] {dag.py:4156} INFO - Setting next_dagrun for dataset_s3_bucket_consumer to None, run_after=None
[2024-09-18T17:01:06.657-0500] {logging_mixin.py:190} INFO - [2024-09-18T17:01:06.657-0500] {dag.py:4156} INFO - Setting next_dagrun for dataset_s3_bucket_producer to None, run_after=None
[2024-09-18T17:01:06.668-0500] {processor.py:208} INFO - Processing /Users/binhpham/Library/Python/3.9/lib/python/site-packages/airflow/example_dags/example_dataset_alias.py took 0.154 seconds
[2024-09-18T17:04:00.677-0500] {processor.py:186} INFO - Started process (PID=14271) to work on /Users/binhpham/Library/Python/3.9/lib/python/site-packages/airflow/example_dags/example_dataset_alias.py
[2024-09-18T17:04:00.679-0500] {processor.py:914} INFO - Processing file /Users/binhpham/Library/Python/3.9/lib/python/site-packages/airflow/example_dags/example_dataset_alias.py for tasks to queue
[2024-09-18T17:04:00.679-0500] {logging_mixin.py:190} INFO - [2024-09-18T17:04:00.679-0500] {dagbag.py:587} INFO - Filling up the DagBag from /Users/binhpham/Library/Python/3.9/lib/python/site-packages/airflow/example_dags/example_dataset_alias.py
[2024-09-18T17:04:00.796-0500] {processor.py:925} INFO - DAG(s) 'dataset_alias_example_alias_consumer', 'dataset_s3_bucket_consumer', 'dataset_alias_example_alias_producer', 'dataset_s3_bucket_producer' retrieved from /Users/binhpham/Library/Python/3.9/lib/python/site-packages/airflow/example_dags/example_dataset_alias.py
[2024-09-18T17:04:00.807-0500] {logging_mixin.py:190} INFO - [2024-09-18T17:04:00.807-0500] {dag.py:3229} INFO - Sync 4 DAGs
[2024-09-18T17:04:00.816-0500] {logging_mixin.py:190} INFO - [2024-09-18T17:04:00.816-0500] {dag.py:4156} INFO - Setting next_dagrun for dataset_alias_example_alias_consumer to None, run_after=None
[2024-09-18T17:04:00.818-0500] {logging_mixin.py:190} INFO - [2024-09-18T17:04:00.817-0500] {dag.py:4156} INFO - Setting next_dagrun for dataset_alias_example_alias_producer to None, run_after=None
[2024-09-18T17:04:00.818-0500] {logging_mixin.py:190} INFO - [2024-09-18T17:04:00.818-0500] {dag.py:4156} INFO - Setting next_dagrun for dataset_s3_bucket_consumer to None, run_after=None
[2024-09-18T17:04:00.818-0500] {logging_mixin.py:190} INFO - [2024-09-18T17:04:00.818-0500] {dag.py:4156} INFO - Setting next_dagrun for dataset_s3_bucket_producer to None, run_after=None
[2024-09-18T17:04:00.829-0500] {processor.py:208} INFO - Processing /Users/binhpham/Library/Python/3.9/lib/python/site-packages/airflow/example_dags/example_dataset_alias.py took 0.154 seconds
[2024-09-18T17:06:48.148-0500] {processor.py:186} INFO - Started process (PID=14910) to work on /Users/binhpham/Library/Python/3.9/lib/python/site-packages/airflow/example_dags/example_dataset_alias.py
[2024-09-18T17:06:48.150-0500] {processor.py:914} INFO - Processing file /Users/binhpham/Library/Python/3.9/lib/python/site-packages/airflow/example_dags/example_dataset_alias.py for tasks to queue
[2024-09-18T17:06:48.150-0500] {logging_mixin.py:190} INFO - [2024-09-18T17:06:48.150-0500] {dagbag.py:587} INFO - Filling up the DagBag from /Users/binhpham/Library/Python/3.9/lib/python/site-packages/airflow/example_dags/example_dataset_alias.py
[2024-09-18T17:06:48.265-0500] {processor.py:925} INFO - DAG(s) 'dataset_alias_example_alias_consumer', 'dataset_s3_bucket_producer', 'dataset_s3_bucket_consumer', 'dataset_alias_example_alias_producer' retrieved from /Users/binhpham/Library/Python/3.9/lib/python/site-packages/airflow/example_dags/example_dataset_alias.py
[2024-09-18T17:06:48.277-0500] {logging_mixin.py:190} INFO - [2024-09-18T17:06:48.277-0500] {dag.py:3229} INFO - Sync 4 DAGs
[2024-09-18T17:06:48.286-0500] {logging_mixin.py:190} INFO - [2024-09-18T17:06:48.286-0500] {dag.py:4156} INFO - Setting next_dagrun for dataset_alias_example_alias_consumer to None, run_after=None
[2024-09-18T17:06:48.287-0500] {logging_mixin.py:190} INFO - [2024-09-18T17:06:48.287-0500] {dag.py:4156} INFO - Setting next_dagrun for dataset_alias_example_alias_producer to None, run_after=None
[2024-09-18T17:06:48.288-0500] {logging_mixin.py:190} INFO - [2024-09-18T17:06:48.288-0500] {dag.py:4156} INFO - Setting next_dagrun for dataset_s3_bucket_consumer to None, run_after=None
[2024-09-18T17:06:48.288-0500] {logging_mixin.py:190} INFO - [2024-09-18T17:06:48.288-0500] {dag.py:4156} INFO - Setting next_dagrun for dataset_s3_bucket_producer to None, run_after=None
[2024-09-18T17:06:48.300-0500] {processor.py:208} INFO - Processing /Users/binhpham/Library/Python/3.9/lib/python/site-packages/airflow/example_dags/example_dataset_alias.py took 0.153 seconds
[2024-09-18T17:09:46.555-0500] {processor.py:186} INFO - Started process (PID=15528) to work on /Users/binhpham/Library/Python/3.9/lib/python/site-packages/airflow/example_dags/example_dataset_alias.py
[2024-09-18T17:09:46.557-0500] {processor.py:914} INFO - Processing file /Users/binhpham/Library/Python/3.9/lib/python/site-packages/airflow/example_dags/example_dataset_alias.py for tasks to queue
[2024-09-18T17:09:46.558-0500] {logging_mixin.py:190} INFO - [2024-09-18T17:09:46.558-0500] {dagbag.py:587} INFO - Filling up the DagBag from /Users/binhpham/Library/Python/3.9/lib/python/site-packages/airflow/example_dags/example_dataset_alias.py
[2024-09-18T17:09:46.683-0500] {processor.py:925} INFO - DAG(s) 'dataset_alias_example_alias_consumer', 'dataset_s3_bucket_consumer', 'dataset_alias_example_alias_producer', 'dataset_s3_bucket_producer' retrieved from /Users/binhpham/Library/Python/3.9/lib/python/site-packages/airflow/example_dags/example_dataset_alias.py
[2024-09-18T17:09:46.696-0500] {logging_mixin.py:190} INFO - [2024-09-18T17:09:46.696-0500] {dag.py:3229} INFO - Sync 4 DAGs
[2024-09-18T17:09:46.705-0500] {logging_mixin.py:190} INFO - [2024-09-18T17:09:46.705-0500] {dag.py:4156} INFO - Setting next_dagrun for dataset_alias_example_alias_consumer to None, run_after=None
[2024-09-18T17:09:46.707-0500] {logging_mixin.py:190} INFO - [2024-09-18T17:09:46.707-0500] {dag.py:4156} INFO - Setting next_dagrun for dataset_alias_example_alias_producer to None, run_after=None
[2024-09-18T17:09:46.708-0500] {logging_mixin.py:190} INFO - [2024-09-18T17:09:46.708-0500] {dag.py:4156} INFO - Setting next_dagrun for dataset_s3_bucket_consumer to None, run_after=None
[2024-09-18T17:09:46.708-0500] {logging_mixin.py:190} INFO - [2024-09-18T17:09:46.708-0500] {dag.py:4156} INFO - Setting next_dagrun for dataset_s3_bucket_producer to None, run_after=None
[2024-09-18T17:09:46.721-0500] {processor.py:208} INFO - Processing /Users/binhpham/Library/Python/3.9/lib/python/site-packages/airflow/example_dags/example_dataset_alias.py took 0.167 seconds
[2024-09-18T17:12:43.303-0500] {processor.py:186} INFO - Started process (PID=16151) to work on /Users/binhpham/Library/Python/3.9/lib/python/site-packages/airflow/example_dags/example_dataset_alias.py
[2024-09-18T17:12:43.304-0500] {processor.py:914} INFO - Processing file /Users/binhpham/Library/Python/3.9/lib/python/site-packages/airflow/example_dags/example_dataset_alias.py for tasks to queue
[2024-09-18T17:12:43.305-0500] {logging_mixin.py:190} INFO - [2024-09-18T17:12:43.305-0500] {dagbag.py:587} INFO - Filling up the DagBag from /Users/binhpham/Library/Python/3.9/lib/python/site-packages/airflow/example_dags/example_dataset_alias.py
[2024-09-18T17:12:43.422-0500] {processor.py:925} INFO - DAG(s) 'dataset_alias_example_alias_producer', 'dataset_alias_example_alias_consumer', 'dataset_s3_bucket_consumer', 'dataset_s3_bucket_producer' retrieved from /Users/binhpham/Library/Python/3.9/lib/python/site-packages/airflow/example_dags/example_dataset_alias.py
[2024-09-18T17:12:43.434-0500] {logging_mixin.py:190} INFO - [2024-09-18T17:12:43.434-0500] {dag.py:3229} INFO - Sync 4 DAGs
[2024-09-18T17:12:43.443-0500] {logging_mixin.py:190} INFO - [2024-09-18T17:12:43.443-0500] {dag.py:4156} INFO - Setting next_dagrun for dataset_alias_example_alias_consumer to None, run_after=None
[2024-09-18T17:12:43.444-0500] {logging_mixin.py:190} INFO - [2024-09-18T17:12:43.444-0500] {dag.py:4156} INFO - Setting next_dagrun for dataset_alias_example_alias_producer to None, run_after=None
[2024-09-18T17:12:43.445-0500] {logging_mixin.py:190} INFO - [2024-09-18T17:12:43.445-0500] {dag.py:4156} INFO - Setting next_dagrun for dataset_s3_bucket_consumer to None, run_after=None
[2024-09-18T17:12:43.445-0500] {logging_mixin.py:190} INFO - [2024-09-18T17:12:43.445-0500] {dag.py:4156} INFO - Setting next_dagrun for dataset_s3_bucket_producer to None, run_after=None
[2024-09-18T17:12:43.457-0500] {processor.py:208} INFO - Processing /Users/binhpham/Library/Python/3.9/lib/python/site-packages/airflow/example_dags/example_dataset_alias.py took 0.156 seconds
[2024-09-18T17:16:32.660-0500] {processor.py:186} INFO - Started process (PID=17056) to work on /Users/binhpham/Library/Python/3.9/lib/python/site-packages/airflow/example_dags/example_dataset_alias.py
[2024-09-18T17:16:32.662-0500] {processor.py:914} INFO - Processing file /Users/binhpham/Library/Python/3.9/lib/python/site-packages/airflow/example_dags/example_dataset_alias.py for tasks to queue
[2024-09-18T17:16:32.663-0500] {logging_mixin.py:190} INFO - [2024-09-18T17:16:32.663-0500] {dagbag.py:587} INFO - Filling up the DagBag from /Users/binhpham/Library/Python/3.9/lib/python/site-packages/airflow/example_dags/example_dataset_alias.py
[2024-09-18T17:16:32.778-0500] {processor.py:925} INFO - DAG(s) 'dataset_s3_bucket_producer', 'dataset_s3_bucket_consumer', 'dataset_alias_example_alias_producer', 'dataset_alias_example_alias_consumer' retrieved from /Users/binhpham/Library/Python/3.9/lib/python/site-packages/airflow/example_dags/example_dataset_alias.py
[2024-09-18T17:16:32.789-0500] {logging_mixin.py:190} INFO - [2024-09-18T17:16:32.789-0500] {dag.py:3229} INFO - Sync 4 DAGs
[2024-09-18T17:16:32.798-0500] {logging_mixin.py:190} INFO - [2024-09-18T17:16:32.798-0500] {dag.py:4156} INFO - Setting next_dagrun for dataset_alias_example_alias_consumer to None, run_after=None
[2024-09-18T17:16:32.799-0500] {logging_mixin.py:190} INFO - [2024-09-18T17:16:32.799-0500] {dag.py:4156} INFO - Setting next_dagrun for dataset_alias_example_alias_producer to None, run_after=None
[2024-09-18T17:16:32.800-0500] {logging_mixin.py:190} INFO - [2024-09-18T17:16:32.800-0500] {dag.py:4156} INFO - Setting next_dagrun for dataset_s3_bucket_consumer to None, run_after=None
[2024-09-18T17:16:32.800-0500] {logging_mixin.py:190} INFO - [2024-09-18T17:16:32.800-0500] {dag.py:4156} INFO - Setting next_dagrun for dataset_s3_bucket_producer to None, run_after=None
[2024-09-18T17:16:32.812-0500] {processor.py:208} INFO - Processing /Users/binhpham/Library/Python/3.9/lib/python/site-packages/airflow/example_dags/example_dataset_alias.py took 0.153 seconds
[2024-09-18T17:19:31.923-0500] {processor.py:186} INFO - Started process (PID=18309) to work on /Users/binhpham/Library/Python/3.9/lib/python/site-packages/airflow/example_dags/example_dataset_alias.py
[2024-09-18T17:19:31.925-0500] {processor.py:914} INFO - Processing file /Users/binhpham/Library/Python/3.9/lib/python/site-packages/airflow/example_dags/example_dataset_alias.py for tasks to queue
[2024-09-18T17:19:31.926-0500] {logging_mixin.py:190} INFO - [2024-09-18T17:19:31.926-0500] {dagbag.py:587} INFO - Filling up the DagBag from /Users/binhpham/Library/Python/3.9/lib/python/site-packages/airflow/example_dags/example_dataset_alias.py
[2024-09-18T17:19:32.051-0500] {processor.py:925} INFO - DAG(s) 'dataset_s3_bucket_consumer', 'dataset_s3_bucket_producer', 'dataset_alias_example_alias_producer', 'dataset_alias_example_alias_consumer' retrieved from /Users/binhpham/Library/Python/3.9/lib/python/site-packages/airflow/example_dags/example_dataset_alias.py
[2024-09-18T17:19:32.063-0500] {logging_mixin.py:190} INFO - [2024-09-18T17:19:32.063-0500] {dag.py:3229} INFO - Sync 4 DAGs
[2024-09-18T17:19:32.072-0500] {logging_mixin.py:190} INFO - [2024-09-18T17:19:32.072-0500] {dag.py:4156} INFO - Setting next_dagrun for dataset_alias_example_alias_consumer to None, run_after=None
[2024-09-18T17:19:32.073-0500] {logging_mixin.py:190} INFO - [2024-09-18T17:19:32.073-0500] {dag.py:4156} INFO - Setting next_dagrun for dataset_alias_example_alias_producer to None, run_after=None
[2024-09-18T17:19:32.074-0500] {logging_mixin.py:190} INFO - [2024-09-18T17:19:32.073-0500] {dag.py:4156} INFO - Setting next_dagrun for dataset_s3_bucket_consumer to None, run_after=None
[2024-09-18T17:19:32.074-0500] {logging_mixin.py:190} INFO - [2024-09-18T17:19:32.074-0500] {dag.py:4156} INFO - Setting next_dagrun for dataset_s3_bucket_producer to None, run_after=None
[2024-09-18T17:19:32.086-0500] {processor.py:208} INFO - Processing /Users/binhpham/Library/Python/3.9/lib/python/site-packages/airflow/example_dags/example_dataset_alias.py took 0.165 seconds
[2024-09-18T17:23:31.959-0500] {processor.py:186} INFO - Started process (PID=19748) to work on /Users/binhpham/Projects/dbt_project/venv/lib/python3.9/site-packages/airflow/example_dags/example_dataset_alias.py
[2024-09-18T17:23:31.962-0500] {processor.py:914} INFO - Processing file /Users/binhpham/Projects/dbt_project/venv/lib/python3.9/site-packages/airflow/example_dags/example_dataset_alias.py for tasks to queue
[2024-09-18T17:23:31.962-0500] {logging_mixin.py:190} INFO - [2024-09-18T17:23:31.962-0500] {dagbag.py:587} INFO - Filling up the DagBag from /Users/binhpham/Projects/dbt_project/venv/lib/python3.9/site-packages/airflow/example_dags/example_dataset_alias.py
[2024-09-18T17:23:32.068-0500] {processor.py:925} INFO - DAG(s) 'dataset_s3_bucket_consumer', 'dataset_s3_bucket_producer', 'dataset_alias_example_alias_producer', 'dataset_alias_example_alias_consumer' retrieved from /Users/binhpham/Projects/dbt_project/venv/lib/python3.9/site-packages/airflow/example_dags/example_dataset_alias.py
[2024-09-18T17:23:32.147-0500] {logging_mixin.py:190} INFO - [2024-09-18T17:23:32.146-0500] {dag.py:3229} INFO - Sync 4 DAGs
[2024-09-18T17:23:32.156-0500] {logging_mixin.py:190} INFO - [2024-09-18T17:23:32.155-0500] {dag.py:4156} INFO - Setting next_dagrun for dataset_alias_example_alias_consumer to None, run_after=None
[2024-09-18T17:23:32.157-0500] {logging_mixin.py:190} INFO - [2024-09-18T17:23:32.157-0500] {dag.py:4156} INFO - Setting next_dagrun for dataset_alias_example_alias_producer to None, run_after=None
[2024-09-18T17:23:32.157-0500] {logging_mixin.py:190} INFO - [2024-09-18T17:23:32.157-0500] {dag.py:4156} INFO - Setting next_dagrun for dataset_s3_bucket_consumer to None, run_after=None
[2024-09-18T17:23:32.158-0500] {logging_mixin.py:190} INFO - [2024-09-18T17:23:32.158-0500] {dag.py:4156} INFO - Setting next_dagrun for dataset_s3_bucket_producer to None, run_after=None
[2024-09-18T17:23:32.171-0500] {processor.py:208} INFO - Processing /Users/binhpham/Projects/dbt_project/venv/lib/python3.9/site-packages/airflow/example_dags/example_dataset_alias.py took 0.213 seconds
[2024-09-18T17:27:30.195-0500] {processor.py:186} INFO - Started process (PID=20770) to work on /Users/binhpham/Projects/dbt_project/venv/lib/python3.9/site-packages/airflow/example_dags/example_dataset_alias.py
[2024-09-18T17:27:30.197-0500] {processor.py:914} INFO - Processing file /Users/binhpham/Projects/dbt_project/venv/lib/python3.9/site-packages/airflow/example_dags/example_dataset_alias.py for tasks to queue
[2024-09-18T17:27:30.198-0500] {logging_mixin.py:190} INFO - [2024-09-18T17:27:30.197-0500] {dagbag.py:587} INFO - Filling up the DagBag from /Users/binhpham/Projects/dbt_project/venv/lib/python3.9/site-packages/airflow/example_dags/example_dataset_alias.py
[2024-09-18T17:27:30.310-0500] {processor.py:925} INFO - DAG(s) 'dataset_alias_example_alias_producer', 'dataset_alias_example_alias_consumer', 'dataset_s3_bucket_consumer', 'dataset_s3_bucket_producer' retrieved from /Users/binhpham/Projects/dbt_project/venv/lib/python3.9/site-packages/airflow/example_dags/example_dataset_alias.py
[2024-09-18T17:27:30.324-0500] {logging_mixin.py:190} INFO - [2024-09-18T17:27:30.324-0500] {dag.py:3229} INFO - Sync 4 DAGs
[2024-09-18T17:27:30.334-0500] {logging_mixin.py:190} INFO - [2024-09-18T17:27:30.334-0500] {dag.py:4156} INFO - Setting next_dagrun for dataset_alias_example_alias_consumer to None, run_after=None
[2024-09-18T17:27:30.336-0500] {logging_mixin.py:190} INFO - [2024-09-18T17:27:30.336-0500] {dag.py:4156} INFO - Setting next_dagrun for dataset_alias_example_alias_producer to None, run_after=None
[2024-09-18T17:27:30.336-0500] {logging_mixin.py:190} INFO - [2024-09-18T17:27:30.336-0500] {dag.py:4156} INFO - Setting next_dagrun for dataset_s3_bucket_consumer to None, run_after=None
[2024-09-18T17:27:30.337-0500] {logging_mixin.py:190} INFO - [2024-09-18T17:27:30.337-0500] {dag.py:4156} INFO - Setting next_dagrun for dataset_s3_bucket_producer to None, run_after=None
[2024-09-18T17:27:30.349-0500] {processor.py:208} INFO - Processing /Users/binhpham/Projects/dbt_project/venv/lib/python3.9/site-packages/airflow/example_dags/example_dataset_alias.py took 0.156 seconds
[2024-09-18T17:30:02.195-0500] {processor.py:186} INFO - Started process (PID=21811) to work on /Users/binhpham/Projects/dbt_project/venv/lib/python3.9/site-packages/airflow/example_dags/example_dataset_alias.py
[2024-09-18T17:30:02.197-0500] {processor.py:914} INFO - Processing file /Users/binhpham/Projects/dbt_project/venv/lib/python3.9/site-packages/airflow/example_dags/example_dataset_alias.py for tasks to queue
[2024-09-18T17:30:02.197-0500] {logging_mixin.py:190} INFO - [2024-09-18T17:30:02.197-0500] {dagbag.py:587} INFO - Filling up the DagBag from /Users/binhpham/Projects/dbt_project/venv/lib/python3.9/site-packages/airflow/example_dags/example_dataset_alias.py
[2024-09-18T17:30:02.301-0500] {processor.py:925} INFO - DAG(s) 'dataset_alias_example_alias_producer', 'dataset_s3_bucket_producer', 'dataset_alias_example_alias_consumer', 'dataset_s3_bucket_consumer' retrieved from /Users/binhpham/Projects/dbt_project/venv/lib/python3.9/site-packages/airflow/example_dags/example_dataset_alias.py
[2024-09-18T17:30:02.313-0500] {logging_mixin.py:190} INFO - [2024-09-18T17:30:02.313-0500] {dag.py:3229} INFO - Sync 4 DAGs
[2024-09-18T17:30:02.322-0500] {logging_mixin.py:190} INFO - [2024-09-18T17:30:02.321-0500] {dag.py:4156} INFO - Setting next_dagrun for dataset_alias_example_alias_consumer to None, run_after=None
[2024-09-18T17:30:02.323-0500] {logging_mixin.py:190} INFO - [2024-09-18T17:30:02.323-0500] {dag.py:4156} INFO - Setting next_dagrun for dataset_alias_example_alias_producer to None, run_after=None
[2024-09-18T17:30:02.323-0500] {logging_mixin.py:190} INFO - [2024-09-18T17:30:02.323-0500] {dag.py:4156} INFO - Setting next_dagrun for dataset_s3_bucket_consumer to None, run_after=None
[2024-09-18T17:30:02.324-0500] {logging_mixin.py:190} INFO - [2024-09-18T17:30:02.323-0500] {dag.py:4156} INFO - Setting next_dagrun for dataset_s3_bucket_producer to None, run_after=None
[2024-09-18T17:30:02.334-0500] {processor.py:208} INFO - Processing /Users/binhpham/Projects/dbt_project/venv/lib/python3.9/site-packages/airflow/example_dags/example_dataset_alias.py took 0.142 seconds
[2024-09-18T17:32:49.643-0500] {processor.py:186} INFO - Started process (PID=22877) to work on /Users/binhpham/Projects/dbt_project/venv/lib/python3.9/site-packages/airflow/example_dags/example_dataset_alias.py
[2024-09-18T17:32:49.646-0500] {processor.py:914} INFO - Processing file /Users/binhpham/Projects/dbt_project/venv/lib/python3.9/site-packages/airflow/example_dags/example_dataset_alias.py for tasks to queue
[2024-09-18T17:32:49.646-0500] {logging_mixin.py:190} INFO - [2024-09-18T17:32:49.646-0500] {dagbag.py:587} INFO - Filling up the DagBag from /Users/binhpham/Projects/dbt_project/venv/lib/python3.9/site-packages/airflow/example_dags/example_dataset_alias.py
[2024-09-18T17:32:49.753-0500] {processor.py:925} INFO - DAG(s) 'dataset_alias_example_alias_consumer', 'dataset_alias_example_alias_producer', 'dataset_s3_bucket_producer', 'dataset_s3_bucket_consumer' retrieved from /Users/binhpham/Projects/dbt_project/venv/lib/python3.9/site-packages/airflow/example_dags/example_dataset_alias.py
[2024-09-18T17:32:49.765-0500] {logging_mixin.py:190} INFO - [2024-09-18T17:32:49.765-0500] {dag.py:3229} INFO - Sync 4 DAGs
[2024-09-18T17:32:49.774-0500] {logging_mixin.py:190} INFO - [2024-09-18T17:32:49.774-0500] {dag.py:4156} INFO - Setting next_dagrun for dataset_alias_example_alias_consumer to None, run_after=None
[2024-09-18T17:32:49.776-0500] {logging_mixin.py:190} INFO - [2024-09-18T17:32:49.775-0500] {dag.py:4156} INFO - Setting next_dagrun for dataset_alias_example_alias_producer to None, run_after=None
[2024-09-18T17:32:49.776-0500] {logging_mixin.py:190} INFO - [2024-09-18T17:32:49.776-0500] {dag.py:4156} INFO - Setting next_dagrun for dataset_s3_bucket_consumer to None, run_after=None
[2024-09-18T17:32:49.776-0500] {logging_mixin.py:190} INFO - [2024-09-18T17:32:49.776-0500] {dag.py:4156} INFO - Setting next_dagrun for dataset_s3_bucket_producer to None, run_after=None
[2024-09-18T17:32:49.788-0500] {processor.py:208} INFO - Processing /Users/binhpham/Projects/dbt_project/venv/lib/python3.9/site-packages/airflow/example_dags/example_dataset_alias.py took 0.146 seconds
[2024-09-18T17:35:46.612-0500] {processor.py:186} INFO - Started process (PID=23739) to work on /Users/binhpham/Projects/dbt_project/venv/lib/python3.9/site-packages/airflow/example_dags/example_dataset_alias.py
[2024-09-18T17:35:46.615-0500] {processor.py:914} INFO - Processing file /Users/binhpham/Projects/dbt_project/venv/lib/python3.9/site-packages/airflow/example_dags/example_dataset_alias.py for tasks to queue
[2024-09-18T17:35:46.615-0500] {logging_mixin.py:190} INFO - [2024-09-18T17:35:46.615-0500] {dagbag.py:587} INFO - Filling up the DagBag from /Users/binhpham/Projects/dbt_project/venv/lib/python3.9/site-packages/airflow/example_dags/example_dataset_alias.py
[2024-09-18T17:35:46.719-0500] {processor.py:925} INFO - DAG(s) 'dataset_alias_example_alias_consumer', 'dataset_alias_example_alias_producer', 'dataset_s3_bucket_consumer', 'dataset_s3_bucket_producer' retrieved from /Users/binhpham/Projects/dbt_project/venv/lib/python3.9/site-packages/airflow/example_dags/example_dataset_alias.py
[2024-09-18T17:35:46.731-0500] {logging_mixin.py:190} INFO - [2024-09-18T17:35:46.731-0500] {dag.py:3229} INFO - Sync 4 DAGs
[2024-09-18T17:35:46.740-0500] {logging_mixin.py:190} INFO - [2024-09-18T17:35:46.740-0500] {dag.py:4156} INFO - Setting next_dagrun for dataset_alias_example_alias_consumer to None, run_after=None
[2024-09-18T17:35:46.741-0500] {logging_mixin.py:190} INFO - [2024-09-18T17:35:46.741-0500] {dag.py:4156} INFO - Setting next_dagrun for dataset_alias_example_alias_producer to None, run_after=None
[2024-09-18T17:35:46.742-0500] {logging_mixin.py:190} INFO - [2024-09-18T17:35:46.742-0500] {dag.py:4156} INFO - Setting next_dagrun for dataset_s3_bucket_consumer to None, run_after=None
[2024-09-18T17:35:46.742-0500] {logging_mixin.py:190} INFO - [2024-09-18T17:35:46.742-0500] {dag.py:4156} INFO - Setting next_dagrun for dataset_s3_bucket_producer to None, run_after=None
[2024-09-18T17:35:46.754-0500] {processor.py:208} INFO - Processing /Users/binhpham/Projects/dbt_project/venv/lib/python3.9/site-packages/airflow/example_dags/example_dataset_alias.py took 0.143 seconds
[2024-09-18T17:38:32.553-0500] {processor.py:186} INFO - Started process (PID=24258) to work on /Users/binhpham/Projects/dbt_project/venv/lib/python3.9/site-packages/airflow/example_dags/example_dataset_alias.py
[2024-09-18T17:38:32.555-0500] {processor.py:914} INFO - Processing file /Users/binhpham/Projects/dbt_project/venv/lib/python3.9/site-packages/airflow/example_dags/example_dataset_alias.py for tasks to queue
[2024-09-18T17:38:32.555-0500] {logging_mixin.py:190} INFO - [2024-09-18T17:38:32.555-0500] {dagbag.py:587} INFO - Filling up the DagBag from /Users/binhpham/Projects/dbt_project/venv/lib/python3.9/site-packages/airflow/example_dags/example_dataset_alias.py
[2024-09-18T17:38:32.658-0500] {processor.py:925} INFO - DAG(s) 'dataset_alias_example_alias_producer', 'dataset_alias_example_alias_consumer', 'dataset_s3_bucket_producer', 'dataset_s3_bucket_consumer' retrieved from /Users/binhpham/Projects/dbt_project/venv/lib/python3.9/site-packages/airflow/example_dags/example_dataset_alias.py
[2024-09-18T17:38:32.669-0500] {logging_mixin.py:190} INFO - [2024-09-18T17:38:32.669-0500] {dag.py:3229} INFO - Sync 4 DAGs
[2024-09-18T17:38:32.678-0500] {logging_mixin.py:190} INFO - [2024-09-18T17:38:32.678-0500] {dag.py:4156} INFO - Setting next_dagrun for dataset_alias_example_alias_consumer to None, run_after=None
[2024-09-18T17:38:32.679-0500] {logging_mixin.py:190} INFO - [2024-09-18T17:38:32.679-0500] {dag.py:4156} INFO - Setting next_dagrun for dataset_alias_example_alias_producer to None, run_after=None
[2024-09-18T17:38:32.680-0500] {logging_mixin.py:190} INFO - [2024-09-18T17:38:32.680-0500] {dag.py:4156} INFO - Setting next_dagrun for dataset_s3_bucket_consumer to None, run_after=None
[2024-09-18T17:38:32.680-0500] {logging_mixin.py:190} INFO - [2024-09-18T17:38:32.680-0500] {dag.py:4156} INFO - Setting next_dagrun for dataset_s3_bucket_producer to None, run_after=None
[2024-09-18T17:38:32.691-0500] {processor.py:208} INFO - Processing /Users/binhpham/Projects/dbt_project/venv/lib/python3.9/site-packages/airflow/example_dags/example_dataset_alias.py took 0.140 seconds
[2024-09-18T17:41:25.060-0500] {processor.py:186} INFO - Started process (PID=24804) to work on /Users/binhpham/Projects/dbt_project/venv/lib/python3.9/site-packages/airflow/example_dags/example_dataset_alias.py
[2024-09-18T17:41:25.063-0500] {processor.py:914} INFO - Processing file /Users/binhpham/Projects/dbt_project/venv/lib/python3.9/site-packages/airflow/example_dags/example_dataset_alias.py for tasks to queue
[2024-09-18T17:41:25.063-0500] {logging_mixin.py:190} INFO - [2024-09-18T17:41:25.063-0500] {dagbag.py:587} INFO - Filling up the DagBag from /Users/binhpham/Projects/dbt_project/venv/lib/python3.9/site-packages/airflow/example_dags/example_dataset_alias.py
[2024-09-18T17:41:25.167-0500] {processor.py:925} INFO - DAG(s) 'dataset_alias_example_alias_consumer', 'dataset_s3_bucket_producer', 'dataset_s3_bucket_consumer', 'dataset_alias_example_alias_producer' retrieved from /Users/binhpham/Projects/dbt_project/venv/lib/python3.9/site-packages/airflow/example_dags/example_dataset_alias.py
[2024-09-18T17:41:25.178-0500] {logging_mixin.py:190} INFO - [2024-09-18T17:41:25.178-0500] {dag.py:3229} INFO - Sync 4 DAGs
[2024-09-18T17:41:25.192-0500] {logging_mixin.py:190} INFO - [2024-09-18T17:41:25.192-0500] {dag.py:4156} INFO - Setting next_dagrun for dataset_alias_example_alias_consumer to None, run_after=None
[2024-09-18T17:41:25.193-0500] {logging_mixin.py:190} INFO - [2024-09-18T17:41:25.193-0500] {dag.py:4156} INFO - Setting next_dagrun for dataset_alias_example_alias_producer to None, run_after=None
[2024-09-18T17:41:25.193-0500] {logging_mixin.py:190} INFO - [2024-09-18T17:41:25.193-0500] {dag.py:4156} INFO - Setting next_dagrun for dataset_s3_bucket_consumer to None, run_after=None
[2024-09-18T17:41:25.194-0500] {logging_mixin.py:190} INFO - [2024-09-18T17:41:25.194-0500] {dag.py:4156} INFO - Setting next_dagrun for dataset_s3_bucket_producer to None, run_after=None
[2024-09-18T17:41:25.205-0500] {processor.py:208} INFO - Processing /Users/binhpham/Projects/dbt_project/venv/lib/python3.9/site-packages/airflow/example_dags/example_dataset_alias.py took 0.146 seconds
[2024-09-18T17:44:15.069-0500] {processor.py:186} INFO - Started process (PID=25385) to work on /Users/binhpham/Projects/dbt_project/venv/lib/python3.9/site-packages/airflow/example_dags/example_dataset_alias.py
[2024-09-18T17:44:15.072-0500] {processor.py:914} INFO - Processing file /Users/binhpham/Projects/dbt_project/venv/lib/python3.9/site-packages/airflow/example_dags/example_dataset_alias.py for tasks to queue
[2024-09-18T17:44:15.072-0500] {logging_mixin.py:190} INFO - [2024-09-18T17:44:15.072-0500] {dagbag.py:587} INFO - Filling up the DagBag from /Users/binhpham/Projects/dbt_project/venv/lib/python3.9/site-packages/airflow/example_dags/example_dataset_alias.py
[2024-09-18T17:44:15.179-0500] {processor.py:925} INFO - DAG(s) 'dataset_s3_bucket_consumer', 'dataset_s3_bucket_producer', 'dataset_alias_example_alias_producer', 'dataset_alias_example_alias_consumer' retrieved from /Users/binhpham/Projects/dbt_project/venv/lib/python3.9/site-packages/airflow/example_dags/example_dataset_alias.py
[2024-09-18T17:44:15.192-0500] {logging_mixin.py:190} INFO - [2024-09-18T17:44:15.191-0500] {dag.py:3229} INFO - Sync 4 DAGs
[2024-09-18T17:44:15.201-0500] {logging_mixin.py:190} INFO - [2024-09-18T17:44:15.201-0500] {dag.py:4156} INFO - Setting next_dagrun for dataset_alias_example_alias_consumer to None, run_after=None
[2024-09-18T17:44:15.202-0500] {logging_mixin.py:190} INFO - [2024-09-18T17:44:15.202-0500] {dag.py:4156} INFO - Setting next_dagrun for dataset_alias_example_alias_producer to None, run_after=None
[2024-09-18T17:44:15.202-0500] {logging_mixin.py:190} INFO - [2024-09-18T17:44:15.202-0500] {dag.py:4156} INFO - Setting next_dagrun for dataset_s3_bucket_consumer to None, run_after=None
[2024-09-18T17:44:15.203-0500] {logging_mixin.py:190} INFO - [2024-09-18T17:44:15.203-0500] {dag.py:4156} INFO - Setting next_dagrun for dataset_s3_bucket_producer to None, run_after=None
[2024-09-18T17:44:15.214-0500] {processor.py:208} INFO - Processing /Users/binhpham/Projects/dbt_project/venv/lib/python3.9/site-packages/airflow/example_dags/example_dataset_alias.py took 0.146 seconds
