[2024-09-18T16:51:58.208-0500] {processor.py:186} INFO - Started process (PID=11778) to work on /Users/binhpham/Library/Python/3.9/lib/python/site-packages/airflow/example_dags/example_trigger_target_dag.py
[2024-09-18T16:51:58.210-0500] {processor.py:914} INFO - Processing file /Users/binhpham/Library/Python/3.9/lib/python/site-packages/airflow/example_dags/example_trigger_target_dag.py for tasks to queue
[2024-09-18T16:51:58.210-0500] {logging_mixin.py:190} INFO - [2024-09-18T16:51:58.210-0500] {dagbag.py:587} INFO - Filling up the DagBag from /Users/binhpham/Library/Python/3.9/lib/python/site-packages/airflow/example_dags/example_trigger_target_dag.py
[2024-09-18T16:51:58.230-0500] {processor.py:925} INFO - DAG(s) 'example_trigger_target_dag' retrieved from /Users/binhpham/Library/Python/3.9/lib/python/site-packages/airflow/example_dags/example_trigger_target_dag.py
[2024-09-18T16:51:58.284-0500] {logging_mixin.py:190} INFO - [2024-09-18T16:51:58.284-0500] {dag.py:3229} INFO - Sync 1 DAGs
[2024-09-18T16:51:58.290-0500] {logging_mixin.py:190} INFO - [2024-09-18T16:51:58.290-0500] {dag.py:4156} INFO - Setting next_dagrun for example_trigger_target_dag to None, run_after=None
[2024-09-18T16:51:58.299-0500] {processor.py:208} INFO - Processing /Users/binhpham/Library/Python/3.9/lib/python/site-packages/airflow/example_dags/example_trigger_target_dag.py took 0.093 seconds
[2024-09-18T16:53:56.840-0500] {processor.py:186} INFO - Started process (PID=12247) to work on /Users/binhpham/Library/Python/3.9/lib/python/site-packages/airflow/example_dags/example_trigger_target_dag.py
[2024-09-18T16:53:56.843-0500] {processor.py:914} INFO - Processing file /Users/binhpham/Library/Python/3.9/lib/python/site-packages/airflow/example_dags/example_trigger_target_dag.py for tasks to queue
[2024-09-18T16:53:56.844-0500] {logging_mixin.py:190} INFO - [2024-09-18T16:53:56.844-0500] {dagbag.py:587} INFO - Filling up the DagBag from /Users/binhpham/Library/Python/3.9/lib/python/site-packages/airflow/example_dags/example_trigger_target_dag.py
[2024-09-18T16:53:56.862-0500] {processor.py:925} INFO - DAG(s) 'example_trigger_target_dag' retrieved from /Users/binhpham/Library/Python/3.9/lib/python/site-packages/airflow/example_dags/example_trigger_target_dag.py
[2024-09-18T16:53:56.917-0500] {logging_mixin.py:190} INFO - [2024-09-18T16:53:56.916-0500] {dag.py:3229} INFO - Sync 1 DAGs
[2024-09-18T16:53:56.923-0500] {logging_mixin.py:190} INFO - [2024-09-18T16:53:56.923-0500] {dag.py:4156} INFO - Setting next_dagrun for example_trigger_target_dag to None, run_after=None
[2024-09-18T16:53:56.932-0500] {processor.py:208} INFO - Processing /Users/binhpham/Library/Python/3.9/lib/python/site-packages/airflow/example_dags/example_trigger_target_dag.py took 0.093 seconds
[2024-09-18T16:56:58.484-0500] {processor.py:186} INFO - Started process (PID=12866) to work on /Users/binhpham/Library/Python/3.9/lib/python/site-packages/airflow/example_dags/example_trigger_target_dag.py
[2024-09-18T16:56:58.489-0500] {processor.py:914} INFO - Processing file /Users/binhpham/Library/Python/3.9/lib/python/site-packages/airflow/example_dags/example_trigger_target_dag.py for tasks to queue
[2024-09-18T16:56:58.489-0500] {logging_mixin.py:190} INFO - [2024-09-18T16:56:58.489-0500] {dagbag.py:587} INFO - Filling up the DagBag from /Users/binhpham/Library/Python/3.9/lib/python/site-packages/airflow/example_dags/example_trigger_target_dag.py
[2024-09-18T16:56:58.507-0500] {processor.py:925} INFO - DAG(s) 'example_trigger_target_dag' retrieved from /Users/binhpham/Library/Python/3.9/lib/python/site-packages/airflow/example_dags/example_trigger_target_dag.py
[2024-09-18T16:56:58.562-0500] {logging_mixin.py:190} INFO - [2024-09-18T16:56:58.562-0500] {dag.py:3229} INFO - Sync 1 DAGs
[2024-09-18T16:56:58.568-0500] {logging_mixin.py:190} INFO - [2024-09-18T16:56:58.568-0500] {dag.py:4156} INFO - Setting next_dagrun for example_trigger_target_dag to None, run_after=None
[2024-09-18T16:56:58.577-0500] {processor.py:208} INFO - Processing /Users/binhpham/Library/Python/3.9/lib/python/site-packages/airflow/example_dags/example_trigger_target_dag.py took 0.095 seconds
[2024-09-18T16:59:00.297-0500] {processor.py:186} INFO - Started process (PID=13263) to work on /Users/binhpham/Library/Python/3.9/lib/python/site-packages/airflow/example_dags/example_trigger_target_dag.py
[2024-09-18T16:59:00.300-0500] {processor.py:914} INFO - Processing file /Users/binhpham/Library/Python/3.9/lib/python/site-packages/airflow/example_dags/example_trigger_target_dag.py for tasks to queue
[2024-09-18T16:59:00.301-0500] {logging_mixin.py:190} INFO - [2024-09-18T16:59:00.301-0500] {dagbag.py:587} INFO - Filling up the DagBag from /Users/binhpham/Library/Python/3.9/lib/python/site-packages/airflow/example_dags/example_trigger_target_dag.py
[2024-09-18T16:59:00.319-0500] {processor.py:925} INFO - DAG(s) 'example_trigger_target_dag' retrieved from /Users/binhpham/Library/Python/3.9/lib/python/site-packages/airflow/example_dags/example_trigger_target_dag.py
[2024-09-18T16:59:00.377-0500] {logging_mixin.py:190} INFO - [2024-09-18T16:59:00.376-0500] {dag.py:3229} INFO - Sync 1 DAGs
[2024-09-18T16:59:00.383-0500] {logging_mixin.py:190} INFO - [2024-09-18T16:59:00.383-0500] {dag.py:4156} INFO - Setting next_dagrun for example_trigger_target_dag to None, run_after=None
[2024-09-18T16:59:00.393-0500] {processor.py:208} INFO - Processing /Users/binhpham/Library/Python/3.9/lib/python/site-packages/airflow/example_dags/example_trigger_target_dag.py took 0.097 seconds
[2024-09-18T17:00:30.305-0500] {processor.py:186} INFO - Started process (PID=13564) to work on /Users/binhpham/Library/Python/3.9/lib/python/site-packages/airflow/example_dags/example_trigger_target_dag.py
[2024-09-18T17:00:30.306-0500] {processor.py:914} INFO - Processing file /Users/binhpham/Library/Python/3.9/lib/python/site-packages/airflow/example_dags/example_trigger_target_dag.py for tasks to queue
[2024-09-18T17:00:30.307-0500] {logging_mixin.py:190} INFO - [2024-09-18T17:00:30.307-0500] {dagbag.py:587} INFO - Filling up the DagBag from /Users/binhpham/Library/Python/3.9/lib/python/site-packages/airflow/example_dags/example_trigger_target_dag.py
[2024-09-18T17:00:30.325-0500] {processor.py:925} INFO - DAG(s) 'example_trigger_target_dag' retrieved from /Users/binhpham/Library/Python/3.9/lib/python/site-packages/airflow/example_dags/example_trigger_target_dag.py
[2024-09-18T17:00:30.378-0500] {logging_mixin.py:190} INFO - [2024-09-18T17:00:30.378-0500] {dag.py:3229} INFO - Sync 1 DAGs
[2024-09-18T17:00:30.384-0500] {logging_mixin.py:190} INFO - [2024-09-18T17:00:30.384-0500] {dag.py:4156} INFO - Setting next_dagrun for example_trigger_target_dag to None, run_after=None
[2024-09-18T17:00:30.393-0500] {processor.py:208} INFO - Processing /Users/binhpham/Library/Python/3.9/lib/python/site-packages/airflow/example_dags/example_trigger_target_dag.py took 0.090 seconds
[2024-09-18T17:01:56.842-0500] {processor.py:186} INFO - Started process (PID=13861) to work on /Users/binhpham/Library/Python/3.9/lib/python/site-packages/airflow/example_dags/example_trigger_target_dag.py
[2024-09-18T17:01:56.844-0500] {processor.py:914} INFO - Processing file /Users/binhpham/Library/Python/3.9/lib/python/site-packages/airflow/example_dags/example_trigger_target_dag.py for tasks to queue
[2024-09-18T17:01:56.845-0500] {logging_mixin.py:190} INFO - [2024-09-18T17:01:56.844-0500] {dagbag.py:587} INFO - Filling up the DagBag from /Users/binhpham/Library/Python/3.9/lib/python/site-packages/airflow/example_dags/example_trigger_target_dag.py
[2024-09-18T17:01:56.863-0500] {processor.py:925} INFO - DAG(s) 'example_trigger_target_dag' retrieved from /Users/binhpham/Library/Python/3.9/lib/python/site-packages/airflow/example_dags/example_trigger_target_dag.py
[2024-09-18T17:01:56.916-0500] {logging_mixin.py:190} INFO - [2024-09-18T17:01:56.916-0500] {dag.py:3229} INFO - Sync 1 DAGs
[2024-09-18T17:01:56.922-0500] {logging_mixin.py:190} INFO - [2024-09-18T17:01:56.922-0500] {dag.py:4156} INFO - Setting next_dagrun for example_trigger_target_dag to None, run_after=None
[2024-09-18T17:01:56.931-0500] {processor.py:208} INFO - Processing /Users/binhpham/Library/Python/3.9/lib/python/site-packages/airflow/example_dags/example_trigger_target_dag.py took 0.090 seconds
[2024-09-18T17:03:23.154-0500] {processor.py:186} INFO - Started process (PID=14138) to work on /Users/binhpham/Library/Python/3.9/lib/python/site-packages/airflow/example_dags/example_trigger_target_dag.py
[2024-09-18T17:03:23.155-0500] {processor.py:914} INFO - Processing file /Users/binhpham/Library/Python/3.9/lib/python/site-packages/airflow/example_dags/example_trigger_target_dag.py for tasks to queue
[2024-09-18T17:03:23.156-0500] {logging_mixin.py:190} INFO - [2024-09-18T17:03:23.156-0500] {dagbag.py:587} INFO - Filling up the DagBag from /Users/binhpham/Library/Python/3.9/lib/python/site-packages/airflow/example_dags/example_trigger_target_dag.py
[2024-09-18T17:03:23.174-0500] {processor.py:925} INFO - DAG(s) 'example_trigger_target_dag' retrieved from /Users/binhpham/Library/Python/3.9/lib/python/site-packages/airflow/example_dags/example_trigger_target_dag.py
[2024-09-18T17:03:23.227-0500] {logging_mixin.py:190} INFO - [2024-09-18T17:03:23.227-0500] {dag.py:3229} INFO - Sync 1 DAGs
[2024-09-18T17:03:23.233-0500] {logging_mixin.py:190} INFO - [2024-09-18T17:03:23.233-0500] {dag.py:4156} INFO - Setting next_dagrun for example_trigger_target_dag to None, run_after=None
[2024-09-18T17:03:23.242-0500] {processor.py:208} INFO - Processing /Users/binhpham/Library/Python/3.9/lib/python/site-packages/airflow/example_dags/example_trigger_target_dag.py took 0.090 seconds
[2024-09-18T17:06:14.906-0500] {processor.py:186} INFO - Started process (PID=14763) to work on /Users/binhpham/Library/Python/3.9/lib/python/site-packages/airflow/example_dags/example_trigger_target_dag.py
[2024-09-18T17:06:14.908-0500] {processor.py:914} INFO - Processing file /Users/binhpham/Library/Python/3.9/lib/python/site-packages/airflow/example_dags/example_trigger_target_dag.py for tasks to queue
[2024-09-18T17:06:14.909-0500] {logging_mixin.py:190} INFO - [2024-09-18T17:06:14.908-0500] {dagbag.py:587} INFO - Filling up the DagBag from /Users/binhpham/Library/Python/3.9/lib/python/site-packages/airflow/example_dags/example_trigger_target_dag.py
[2024-09-18T17:06:14.926-0500] {processor.py:925} INFO - DAG(s) 'example_trigger_target_dag' retrieved from /Users/binhpham/Library/Python/3.9/lib/python/site-packages/airflow/example_dags/example_trigger_target_dag.py
[2024-09-18T17:06:15.043-0500] {logging_mixin.py:190} INFO - [2024-09-18T17:06:15.042-0500] {dag.py:3229} INFO - Sync 1 DAGs
[2024-09-18T17:06:15.049-0500] {logging_mixin.py:190} INFO - [2024-09-18T17:06:15.048-0500] {dag.py:4156} INFO - Setting next_dagrun for example_trigger_target_dag to None, run_after=None
[2024-09-18T17:06:15.112-0500] {processor.py:208} INFO - Processing /Users/binhpham/Library/Python/3.9/lib/python/site-packages/airflow/example_dags/example_trigger_target_dag.py took 0.208 seconds
[2024-09-18T17:07:38.923-0500] {processor.py:186} INFO - Started process (PID=15085) to work on /Users/binhpham/Library/Python/3.9/lib/python/site-packages/airflow/example_dags/example_trigger_target_dag.py
[2024-09-18T17:07:38.925-0500] {processor.py:914} INFO - Processing file /Users/binhpham/Library/Python/3.9/lib/python/site-packages/airflow/example_dags/example_trigger_target_dag.py for tasks to queue
[2024-09-18T17:07:38.925-0500] {logging_mixin.py:190} INFO - [2024-09-18T17:07:38.925-0500] {dagbag.py:587} INFO - Filling up the DagBag from /Users/binhpham/Library/Python/3.9/lib/python/site-packages/airflow/example_dags/example_trigger_target_dag.py
[2024-09-18T17:07:38.944-0500] {processor.py:925} INFO - DAG(s) 'example_trigger_target_dag' retrieved from /Users/binhpham/Library/Python/3.9/lib/python/site-packages/airflow/example_dags/example_trigger_target_dag.py
[2024-09-18T17:07:38.997-0500] {logging_mixin.py:190} INFO - [2024-09-18T17:07:38.997-0500] {dag.py:3229} INFO - Sync 1 DAGs
[2024-09-18T17:07:39.004-0500] {logging_mixin.py:190} INFO - [2024-09-18T17:07:39.004-0500] {dag.py:4156} INFO - Setting next_dagrun for example_trigger_target_dag to None, run_after=None
[2024-09-18T17:07:39.014-0500] {processor.py:208} INFO - Processing /Users/binhpham/Library/Python/3.9/lib/python/site-packages/airflow/example_dags/example_trigger_target_dag.py took 0.093 seconds
[2024-09-18T17:09:07.852-0500] {processor.py:186} INFO - Started process (PID=15388) to work on /Users/binhpham/Library/Python/3.9/lib/python/site-packages/airflow/example_dags/example_trigger_target_dag.py
[2024-09-18T17:09:07.854-0500] {processor.py:914} INFO - Processing file /Users/binhpham/Library/Python/3.9/lib/python/site-packages/airflow/example_dags/example_trigger_target_dag.py for tasks to queue
[2024-09-18T17:09:07.854-0500] {logging_mixin.py:190} INFO - [2024-09-18T17:09:07.854-0500] {dagbag.py:587} INFO - Filling up the DagBag from /Users/binhpham/Library/Python/3.9/lib/python/site-packages/airflow/example_dags/example_trigger_target_dag.py
[2024-09-18T17:09:07.872-0500] {processor.py:925} INFO - DAG(s) 'example_trigger_target_dag' retrieved from /Users/binhpham/Library/Python/3.9/lib/python/site-packages/airflow/example_dags/example_trigger_target_dag.py
[2024-09-18T17:09:07.925-0500] {logging_mixin.py:190} INFO - [2024-09-18T17:09:07.925-0500] {dag.py:3229} INFO - Sync 1 DAGs
[2024-09-18T17:09:07.931-0500] {logging_mixin.py:190} INFO - [2024-09-18T17:09:07.930-0500] {dag.py:4156} INFO - Setting next_dagrun for example_trigger_target_dag to None, run_after=None
[2024-09-18T17:09:07.940-0500] {processor.py:208} INFO - Processing /Users/binhpham/Library/Python/3.9/lib/python/site-packages/airflow/example_dags/example_trigger_target_dag.py took 0.089 seconds
[2024-09-18T17:10:37.430-0500] {processor.py:186} INFO - Started process (PID=15701) to work on /Users/binhpham/Library/Python/3.9/lib/python/site-packages/airflow/example_dags/example_trigger_target_dag.py
[2024-09-18T17:10:37.432-0500] {processor.py:914} INFO - Processing file /Users/binhpham/Library/Python/3.9/lib/python/site-packages/airflow/example_dags/example_trigger_target_dag.py for tasks to queue
[2024-09-18T17:10:37.432-0500] {logging_mixin.py:190} INFO - [2024-09-18T17:10:37.432-0500] {dagbag.py:587} INFO - Filling up the DagBag from /Users/binhpham/Library/Python/3.9/lib/python/site-packages/airflow/example_dags/example_trigger_target_dag.py
[2024-09-18T17:10:37.449-0500] {processor.py:925} INFO - DAG(s) 'example_trigger_target_dag' retrieved from /Users/binhpham/Library/Python/3.9/lib/python/site-packages/airflow/example_dags/example_trigger_target_dag.py
[2024-09-18T17:10:37.502-0500] {logging_mixin.py:190} INFO - [2024-09-18T17:10:37.502-0500] {dag.py:3229} INFO - Sync 1 DAGs
[2024-09-18T17:10:37.508-0500] {logging_mixin.py:190} INFO - [2024-09-18T17:10:37.508-0500] {dag.py:4156} INFO - Setting next_dagrun for example_trigger_target_dag to None, run_after=None
[2024-09-18T17:10:37.517-0500] {processor.py:208} INFO - Processing /Users/binhpham/Library/Python/3.9/lib/python/site-packages/airflow/example_dags/example_trigger_target_dag.py took 0.089 seconds
[2024-09-18T17:12:05.440-0500] {processor.py:186} INFO - Started process (PID=16020) to work on /Users/binhpham/Library/Python/3.9/lib/python/site-packages/airflow/example_dags/example_trigger_target_dag.py
[2024-09-18T17:12:05.442-0500] {processor.py:914} INFO - Processing file /Users/binhpham/Library/Python/3.9/lib/python/site-packages/airflow/example_dags/example_trigger_target_dag.py for tasks to queue
[2024-09-18T17:12:05.442-0500] {logging_mixin.py:190} INFO - [2024-09-18T17:12:05.442-0500] {dagbag.py:587} INFO - Filling up the DagBag from /Users/binhpham/Library/Python/3.9/lib/python/site-packages/airflow/example_dags/example_trigger_target_dag.py
[2024-09-18T17:12:05.461-0500] {processor.py:925} INFO - DAG(s) 'example_trigger_target_dag' retrieved from /Users/binhpham/Library/Python/3.9/lib/python/site-packages/airflow/example_dags/example_trigger_target_dag.py
[2024-09-18T17:12:05.514-0500] {logging_mixin.py:190} INFO - [2024-09-18T17:12:05.514-0500] {dag.py:3229} INFO - Sync 1 DAGs
[2024-09-18T17:12:05.520-0500] {logging_mixin.py:190} INFO - [2024-09-18T17:12:05.520-0500] {dag.py:4156} INFO - Setting next_dagrun for example_trigger_target_dag to None, run_after=None
[2024-09-18T17:12:05.529-0500] {processor.py:208} INFO - Processing /Users/binhpham/Library/Python/3.9/lib/python/site-packages/airflow/example_dags/example_trigger_target_dag.py took 0.090 seconds
[2024-09-18T17:13:34.197-0500] {processor.py:186} INFO - Started process (PID=16343) to work on /Users/binhpham/Library/Python/3.9/lib/python/site-packages/airflow/example_dags/example_trigger_target_dag.py
[2024-09-18T17:13:34.199-0500] {processor.py:914} INFO - Processing file /Users/binhpham/Library/Python/3.9/lib/python/site-packages/airflow/example_dags/example_trigger_target_dag.py for tasks to queue
[2024-09-18T17:13:34.199-0500] {logging_mixin.py:190} INFO - [2024-09-18T17:13:34.199-0500] {dagbag.py:587} INFO - Filling up the DagBag from /Users/binhpham/Library/Python/3.9/lib/python/site-packages/airflow/example_dags/example_trigger_target_dag.py
[2024-09-18T17:13:34.219-0500] {processor.py:925} INFO - DAG(s) 'example_trigger_target_dag' retrieved from /Users/binhpham/Library/Python/3.9/lib/python/site-packages/airflow/example_dags/example_trigger_target_dag.py
[2024-09-18T17:13:34.273-0500] {logging_mixin.py:190} INFO - [2024-09-18T17:13:34.273-0500] {dag.py:3229} INFO - Sync 1 DAGs
[2024-09-18T17:13:34.279-0500] {logging_mixin.py:190} INFO - [2024-09-18T17:13:34.279-0500] {dag.py:4156} INFO - Setting next_dagrun for example_trigger_target_dag to None, run_after=None
[2024-09-18T17:13:34.288-0500] {processor.py:208} INFO - Processing /Users/binhpham/Library/Python/3.9/lib/python/site-packages/airflow/example_dags/example_trigger_target_dag.py took 0.093 seconds
[2024-09-18T17:15:23.351-0500] {processor.py:186} INFO - Started process (PID=16830) to work on /Users/binhpham/Library/Python/3.9/lib/python/site-packages/airflow/example_dags/example_trigger_target_dag.py
[2024-09-18T17:15:23.353-0500] {processor.py:914} INFO - Processing file /Users/binhpham/Library/Python/3.9/lib/python/site-packages/airflow/example_dags/example_trigger_target_dag.py for tasks to queue
[2024-09-18T17:15:23.354-0500] {logging_mixin.py:190} INFO - [2024-09-18T17:15:23.354-0500] {dagbag.py:587} INFO - Filling up the DagBag from /Users/binhpham/Library/Python/3.9/lib/python/site-packages/airflow/example_dags/example_trigger_target_dag.py
[2024-09-18T17:15:23.372-0500] {processor.py:925} INFO - DAG(s) 'example_trigger_target_dag' retrieved from /Users/binhpham/Library/Python/3.9/lib/python/site-packages/airflow/example_dags/example_trigger_target_dag.py
[2024-09-18T17:15:23.425-0500] {logging_mixin.py:190} INFO - [2024-09-18T17:15:23.424-0500] {dag.py:3229} INFO - Sync 1 DAGs
[2024-09-18T17:15:23.432-0500] {logging_mixin.py:190} INFO - [2024-09-18T17:15:23.431-0500] {dag.py:4156} INFO - Setting next_dagrun for example_trigger_target_dag to None, run_after=None
[2024-09-18T17:15:23.442-0500] {processor.py:208} INFO - Processing /Users/binhpham/Library/Python/3.9/lib/python/site-packages/airflow/example_dags/example_trigger_target_dag.py took 0.092 seconds
[2024-09-18T17:17:24.983-0500] {processor.py:186} INFO - Started process (PID=17306) to work on /Users/binhpham/Library/Python/3.9/lib/python/site-packages/airflow/example_dags/example_trigger_target_dag.py
[2024-09-18T17:17:24.986-0500] {processor.py:914} INFO - Processing file /Users/binhpham/Library/Python/3.9/lib/python/site-packages/airflow/example_dags/example_trigger_target_dag.py for tasks to queue
[2024-09-18T17:17:24.987-0500] {logging_mixin.py:190} INFO - [2024-09-18T17:17:24.987-0500] {dagbag.py:587} INFO - Filling up the DagBag from /Users/binhpham/Library/Python/3.9/lib/python/site-packages/airflow/example_dags/example_trigger_target_dag.py
[2024-09-18T17:17:25.006-0500] {processor.py:925} INFO - DAG(s) 'example_trigger_target_dag' retrieved from /Users/binhpham/Library/Python/3.9/lib/python/site-packages/airflow/example_dags/example_trigger_target_dag.py
[2024-09-18T17:17:25.059-0500] {logging_mixin.py:190} INFO - [2024-09-18T17:17:25.059-0500] {dag.py:3229} INFO - Sync 1 DAGs
[2024-09-18T17:17:25.065-0500] {logging_mixin.py:190} INFO - [2024-09-18T17:17:25.065-0500] {dag.py:4156} INFO - Setting next_dagrun for example_trigger_target_dag to None, run_after=None
[2024-09-18T17:17:25.074-0500] {processor.py:208} INFO - Processing /Users/binhpham/Library/Python/3.9/lib/python/site-packages/airflow/example_dags/example_trigger_target_dag.py took 0.092 seconds
[2024-09-18T17:18:52.892-0500] {processor.py:186} INFO - Started process (PID=18174) to work on /Users/binhpham/Library/Python/3.9/lib/python/site-packages/airflow/example_dags/example_trigger_target_dag.py
[2024-09-18T17:18:52.895-0500] {processor.py:914} INFO - Processing file /Users/binhpham/Library/Python/3.9/lib/python/site-packages/airflow/example_dags/example_trigger_target_dag.py for tasks to queue
[2024-09-18T17:18:52.895-0500] {logging_mixin.py:190} INFO - [2024-09-18T17:18:52.895-0500] {dagbag.py:587} INFO - Filling up the DagBag from /Users/binhpham/Library/Python/3.9/lib/python/site-packages/airflow/example_dags/example_trigger_target_dag.py
[2024-09-18T17:18:52.913-0500] {processor.py:925} INFO - DAG(s) 'example_trigger_target_dag' retrieved from /Users/binhpham/Library/Python/3.9/lib/python/site-packages/airflow/example_dags/example_trigger_target_dag.py
[2024-09-18T17:18:52.968-0500] {logging_mixin.py:190} INFO - [2024-09-18T17:18:52.968-0500] {dag.py:3229} INFO - Sync 1 DAGs
[2024-09-18T17:18:52.974-0500] {logging_mixin.py:190} INFO - [2024-09-18T17:18:52.974-0500] {dag.py:4156} INFO - Setting next_dagrun for example_trigger_target_dag to None, run_after=None
[2024-09-18T17:18:52.983-0500] {processor.py:208} INFO - Processing /Users/binhpham/Library/Python/3.9/lib/python/site-packages/airflow/example_dags/example_trigger_target_dag.py took 0.093 seconds
[2024-09-18T17:20:23.583-0500] {processor.py:186} INFO - Started process (PID=18470) to work on /Users/binhpham/Library/Python/3.9/lib/python/site-packages/airflow/example_dags/example_trigger_target_dag.py
[2024-09-18T17:20:23.586-0500] {processor.py:914} INFO - Processing file /Users/binhpham/Library/Python/3.9/lib/python/site-packages/airflow/example_dags/example_trigger_target_dag.py for tasks to queue
[2024-09-18T17:20:23.587-0500] {logging_mixin.py:190} INFO - [2024-09-18T17:20:23.586-0500] {dagbag.py:587} INFO - Filling up the DagBag from /Users/binhpham/Library/Python/3.9/lib/python/site-packages/airflow/example_dags/example_trigger_target_dag.py
[2024-09-18T17:20:23.604-0500] {processor.py:925} INFO - DAG(s) 'example_trigger_target_dag' retrieved from /Users/binhpham/Library/Python/3.9/lib/python/site-packages/airflow/example_dags/example_trigger_target_dag.py
[2024-09-18T17:20:23.657-0500] {logging_mixin.py:190} INFO - [2024-09-18T17:20:23.657-0500] {dag.py:3229} INFO - Sync 1 DAGs
[2024-09-18T17:20:23.663-0500] {logging_mixin.py:190} INFO - [2024-09-18T17:20:23.663-0500] {dag.py:4156} INFO - Setting next_dagrun for example_trigger_target_dag to None, run_after=None
[2024-09-18T17:20:23.672-0500] {processor.py:208} INFO - Processing /Users/binhpham/Library/Python/3.9/lib/python/site-packages/airflow/example_dags/example_trigger_target_dag.py took 0.090 seconds
[2024-09-18T17:22:27.119-0500] {processor.py:186} INFO - Started process (PID=19524) to work on /Users/binhpham/Projects/dbt_project/venv/lib/python3.9/site-packages/airflow/example_dags/example_trigger_target_dag.py
[2024-09-18T17:22:27.122-0500] {processor.py:914} INFO - Processing file /Users/binhpham/Projects/dbt_project/venv/lib/python3.9/site-packages/airflow/example_dags/example_trigger_target_dag.py for tasks to queue
[2024-09-18T17:22:27.122-0500] {logging_mixin.py:190} INFO - [2024-09-18T17:22:27.122-0500] {dagbag.py:587} INFO - Filling up the DagBag from /Users/binhpham/Projects/dbt_project/venv/lib/python3.9/site-packages/airflow/example_dags/example_trigger_target_dag.py
[2024-09-18T17:22:27.142-0500] {processor.py:925} INFO - DAG(s) 'example_trigger_target_dag' retrieved from /Users/binhpham/Projects/dbt_project/venv/lib/python3.9/site-packages/airflow/example_dags/example_trigger_target_dag.py
[2024-09-18T17:22:27.249-0500] {logging_mixin.py:190} INFO - [2024-09-18T17:22:27.249-0500] {dag.py:3229} INFO - Sync 1 DAGs
[2024-09-18T17:22:27.256-0500] {logging_mixin.py:190} INFO - [2024-09-18T17:22:27.256-0500] {dag.py:4156} INFO - Setting next_dagrun for example_trigger_target_dag to None, run_after=None
[2024-09-18T17:22:27.266-0500] {processor.py:208} INFO - Processing /Users/binhpham/Projects/dbt_project/venv/lib/python3.9/site-packages/airflow/example_dags/example_trigger_target_dag.py took 0.149 seconds
[2024-09-18T17:24:22.930-0500] {processor.py:186} INFO - Started process (PID=19956) to work on /Users/binhpham/Projects/dbt_project/venv/lib/python3.9/site-packages/airflow/example_dags/example_trigger_target_dag.py
[2024-09-18T17:24:22.931-0500] {processor.py:914} INFO - Processing file /Users/binhpham/Projects/dbt_project/venv/lib/python3.9/site-packages/airflow/example_dags/example_trigger_target_dag.py for tasks to queue
[2024-09-18T17:24:22.932-0500] {logging_mixin.py:190} INFO - [2024-09-18T17:24:22.932-0500] {dagbag.py:587} INFO - Filling up the DagBag from /Users/binhpham/Projects/dbt_project/venv/lib/python3.9/site-packages/airflow/example_dags/example_trigger_target_dag.py
[2024-09-18T17:24:22.952-0500] {processor.py:925} INFO - DAG(s) 'example_trigger_target_dag' retrieved from /Users/binhpham/Projects/dbt_project/venv/lib/python3.9/site-packages/airflow/example_dags/example_trigger_target_dag.py
[2024-09-18T17:24:23.007-0500] {logging_mixin.py:190} INFO - [2024-09-18T17:24:23.007-0500] {dag.py:3229} INFO - Sync 1 DAGs
[2024-09-18T17:24:23.012-0500] {logging_mixin.py:190} INFO - [2024-09-18T17:24:23.012-0500] {dag.py:4156} INFO - Setting next_dagrun for example_trigger_target_dag to None, run_after=None
[2024-09-18T17:24:23.022-0500] {processor.py:208} INFO - Processing /Users/binhpham/Projects/dbt_project/venv/lib/python3.9/site-packages/airflow/example_dags/example_trigger_target_dag.py took 0.094 seconds
[2024-09-18T17:26:28.568-0500] {processor.py:186} INFO - Started process (PID=20436) to work on /Users/binhpham/Projects/dbt_project/venv/lib/python3.9/site-packages/airflow/example_dags/example_trigger_target_dag.py
[2024-09-18T17:26:28.572-0500] {processor.py:914} INFO - Processing file /Users/binhpham/Projects/dbt_project/venv/lib/python3.9/site-packages/airflow/example_dags/example_trigger_target_dag.py for tasks to queue
[2024-09-18T17:26:28.572-0500] {logging_mixin.py:190} INFO - [2024-09-18T17:26:28.572-0500] {dagbag.py:587} INFO - Filling up the DagBag from /Users/binhpham/Projects/dbt_project/venv/lib/python3.9/site-packages/airflow/example_dags/example_trigger_target_dag.py
[2024-09-18T17:26:28.591-0500] {processor.py:925} INFO - DAG(s) 'example_trigger_target_dag' retrieved from /Users/binhpham/Projects/dbt_project/venv/lib/python3.9/site-packages/airflow/example_dags/example_trigger_target_dag.py
[2024-09-18T17:26:28.644-0500] {logging_mixin.py:190} INFO - [2024-09-18T17:26:28.644-0500] {dag.py:3229} INFO - Sync 1 DAGs
[2024-09-18T17:26:28.650-0500] {logging_mixin.py:190} INFO - [2024-09-18T17:26:28.650-0500] {dag.py:4156} INFO - Setting next_dagrun for example_trigger_target_dag to None, run_after=None
[2024-09-18T17:26:28.659-0500] {processor.py:208} INFO - Processing /Users/binhpham/Projects/dbt_project/venv/lib/python3.9/site-packages/airflow/example_dags/example_trigger_target_dag.py took 0.092 seconds
[2024-09-18T17:28:53.605-0500] {processor.py:186} INFO - Started process (PID=21088) to work on /Users/binhpham/Projects/dbt_project/venv/lib/python3.9/site-packages/airflow/example_dags/example_trigger_target_dag.py
[2024-09-18T17:28:53.607-0500] {processor.py:914} INFO - Processing file /Users/binhpham/Projects/dbt_project/venv/lib/python3.9/site-packages/airflow/example_dags/example_trigger_target_dag.py for tasks to queue
[2024-09-18T17:28:53.608-0500] {logging_mixin.py:190} INFO - [2024-09-18T17:28:53.608-0500] {dagbag.py:587} INFO - Filling up the DagBag from /Users/binhpham/Projects/dbt_project/venv/lib/python3.9/site-packages/airflow/example_dags/example_trigger_target_dag.py
[2024-09-18T17:28:53.626-0500] {processor.py:925} INFO - DAG(s) 'example_trigger_target_dag' retrieved from /Users/binhpham/Projects/dbt_project/venv/lib/python3.9/site-packages/airflow/example_dags/example_trigger_target_dag.py
[2024-09-18T17:28:53.680-0500] {logging_mixin.py:190} INFO - [2024-09-18T17:28:53.680-0500] {dag.py:3229} INFO - Sync 1 DAGs
[2024-09-18T17:28:53.686-0500] {logging_mixin.py:190} INFO - [2024-09-18T17:28:53.686-0500] {dag.py:4156} INFO - Setting next_dagrun for example_trigger_target_dag to None, run_after=None
[2024-09-18T17:28:53.695-0500] {processor.py:208} INFO - Processing /Users/binhpham/Projects/dbt_project/venv/lib/python3.9/site-packages/airflow/example_dags/example_trigger_target_dag.py took 0.092 seconds
[2024-09-18T17:30:51.193-0500] {processor.py:186} INFO - Started process (PID=22140) to work on /Users/binhpham/Projects/dbt_project/venv/lib/python3.9/site-packages/airflow/example_dags/example_trigger_target_dag.py
[2024-09-18T17:30:51.195-0500] {processor.py:914} INFO - Processing file /Users/binhpham/Projects/dbt_project/venv/lib/python3.9/site-packages/airflow/example_dags/example_trigger_target_dag.py for tasks to queue
[2024-09-18T17:30:51.195-0500] {logging_mixin.py:190} INFO - [2024-09-18T17:30:51.195-0500] {dagbag.py:587} INFO - Filling up the DagBag from /Users/binhpham/Projects/dbt_project/venv/lib/python3.9/site-packages/airflow/example_dags/example_trigger_target_dag.py
[2024-09-18T17:30:51.214-0500] {processor.py:925} INFO - DAG(s) 'example_trigger_target_dag' retrieved from /Users/binhpham/Projects/dbt_project/venv/lib/python3.9/site-packages/airflow/example_dags/example_trigger_target_dag.py
[2024-09-18T17:30:51.267-0500] {logging_mixin.py:190} INFO - [2024-09-18T17:30:51.267-0500] {dag.py:3229} INFO - Sync 1 DAGs
[2024-09-18T17:30:51.272-0500] {logging_mixin.py:190} INFO - [2024-09-18T17:30:51.272-0500] {dag.py:4156} INFO - Setting next_dagrun for example_trigger_target_dag to None, run_after=None
[2024-09-18T17:30:51.281-0500] {processor.py:208} INFO - Processing /Users/binhpham/Projects/dbt_project/venv/lib/python3.9/site-packages/airflow/example_dags/example_trigger_target_dag.py took 0.090 seconds
[2024-09-18T17:32:14.451-0500] {processor.py:186} INFO - Started process (PID=22738) to work on /Users/binhpham/Projects/dbt_project/venv/lib/python3.9/site-packages/airflow/example_dags/example_trigger_target_dag.py
[2024-09-18T17:32:14.454-0500] {processor.py:914} INFO - Processing file /Users/binhpham/Projects/dbt_project/venv/lib/python3.9/site-packages/airflow/example_dags/example_trigger_target_dag.py for tasks to queue
[2024-09-18T17:32:14.454-0500] {logging_mixin.py:190} INFO - [2024-09-18T17:32:14.454-0500] {dagbag.py:587} INFO - Filling up the DagBag from /Users/binhpham/Projects/dbt_project/venv/lib/python3.9/site-packages/airflow/example_dags/example_trigger_target_dag.py
[2024-09-18T17:32:14.475-0500] {processor.py:925} INFO - DAG(s) 'example_trigger_target_dag' retrieved from /Users/binhpham/Projects/dbt_project/venv/lib/python3.9/site-packages/airflow/example_dags/example_trigger_target_dag.py
[2024-09-18T17:32:14.530-0500] {logging_mixin.py:190} INFO - [2024-09-18T17:32:14.530-0500] {dag.py:3229} INFO - Sync 1 DAGs
[2024-09-18T17:32:14.535-0500] {logging_mixin.py:190} INFO - [2024-09-18T17:32:14.535-0500] {dag.py:4156} INFO - Setting next_dagrun for example_trigger_target_dag to None, run_after=None
[2024-09-18T17:32:14.545-0500] {processor.py:208} INFO - Processing /Users/binhpham/Projects/dbt_project/venv/lib/python3.9/site-packages/airflow/example_dags/example_trigger_target_dag.py took 0.095 seconds
[2024-09-18T17:33:43.665-0500] {processor.py:186} INFO - Started process (PID=23069) to work on /Users/binhpham/Projects/dbt_project/venv/lib/python3.9/site-packages/airflow/example_dags/example_trigger_target_dag.py
[2024-09-18T17:33:43.668-0500] {processor.py:914} INFO - Processing file /Users/binhpham/Projects/dbt_project/venv/lib/python3.9/site-packages/airflow/example_dags/example_trigger_target_dag.py for tasks to queue
[2024-09-18T17:33:43.668-0500] {logging_mixin.py:190} INFO - [2024-09-18T17:33:43.668-0500] {dagbag.py:587} INFO - Filling up the DagBag from /Users/binhpham/Projects/dbt_project/venv/lib/python3.9/site-packages/airflow/example_dags/example_trigger_target_dag.py
[2024-09-18T17:33:43.686-0500] {processor.py:925} INFO - DAG(s) 'example_trigger_target_dag' retrieved from /Users/binhpham/Projects/dbt_project/venv/lib/python3.9/site-packages/airflow/example_dags/example_trigger_target_dag.py
[2024-09-18T17:33:43.740-0500] {logging_mixin.py:190} INFO - [2024-09-18T17:33:43.739-0500] {dag.py:3229} INFO - Sync 1 DAGs
[2024-09-18T17:33:43.745-0500] {logging_mixin.py:190} INFO - [2024-09-18T17:33:43.745-0500] {dag.py:4156} INFO - Setting next_dagrun for example_trigger_target_dag to None, run_after=None
[2024-09-18T17:33:43.754-0500] {processor.py:208} INFO - Processing /Users/binhpham/Projects/dbt_project/venv/lib/python3.9/site-packages/airflow/example_dags/example_trigger_target_dag.py took 0.091 seconds
[2024-09-18T17:34:41.741-0500] {processor.py:186} INFO - Started process (PID=23282) to work on /Users/binhpham/Projects/dbt_project/venv/lib/python3.9/site-packages/airflow/example_dags/example_trigger_target_dag.py
[2024-09-18T17:34:41.742-0500] {processor.py:914} INFO - Processing file /Users/binhpham/Projects/dbt_project/venv/lib/python3.9/site-packages/airflow/example_dags/example_trigger_target_dag.py for tasks to queue
[2024-09-18T17:34:41.743-0500] {logging_mixin.py:190} INFO - [2024-09-18T17:34:41.743-0500] {dagbag.py:587} INFO - Filling up the DagBag from /Users/binhpham/Projects/dbt_project/venv/lib/python3.9/site-packages/airflow/example_dags/example_trigger_target_dag.py
[2024-09-18T17:34:41.761-0500] {processor.py:925} INFO - DAG(s) 'example_trigger_target_dag' retrieved from /Users/binhpham/Projects/dbt_project/venv/lib/python3.9/site-packages/airflow/example_dags/example_trigger_target_dag.py
[2024-09-18T17:34:41.815-0500] {logging_mixin.py:190} INFO - [2024-09-18T17:34:41.815-0500] {dag.py:3229} INFO - Sync 1 DAGs
[2024-09-18T17:34:41.820-0500] {logging_mixin.py:190} INFO - [2024-09-18T17:34:41.820-0500] {dag.py:4156} INFO - Setting next_dagrun for example_trigger_target_dag to None, run_after=None
[2024-09-18T17:34:41.829-0500] {processor.py:208} INFO - Processing /Users/binhpham/Projects/dbt_project/venv/lib/python3.9/site-packages/airflow/example_dags/example_trigger_target_dag.py took 0.090 seconds
[2024-09-18T17:36:38.986-0500] {processor.py:186} INFO - Started process (PID=23902) to work on /Users/binhpham/Projects/dbt_project/venv/lib/python3.9/site-packages/airflow/example_dags/example_trigger_target_dag.py
[2024-09-18T17:36:38.987-0500] {processor.py:914} INFO - Processing file /Users/binhpham/Projects/dbt_project/venv/lib/python3.9/site-packages/airflow/example_dags/example_trigger_target_dag.py for tasks to queue
[2024-09-18T17:36:38.988-0500] {logging_mixin.py:190} INFO - [2024-09-18T17:36:38.988-0500] {dagbag.py:587} INFO - Filling up the DagBag from /Users/binhpham/Projects/dbt_project/venv/lib/python3.9/site-packages/airflow/example_dags/example_trigger_target_dag.py
[2024-09-18T17:36:39.006-0500] {processor.py:925} INFO - DAG(s) 'example_trigger_target_dag' retrieved from /Users/binhpham/Projects/dbt_project/venv/lib/python3.9/site-packages/airflow/example_dags/example_trigger_target_dag.py
[2024-09-18T17:36:39.058-0500] {logging_mixin.py:190} INFO - [2024-09-18T17:36:39.058-0500] {dag.py:3229} INFO - Sync 1 DAGs
[2024-09-18T17:36:39.064-0500] {logging_mixin.py:190} INFO - [2024-09-18T17:36:39.064-0500] {dag.py:4156} INFO - Setting next_dagrun for example_trigger_target_dag to None, run_after=None
[2024-09-18T17:36:39.073-0500] {processor.py:208} INFO - Processing /Users/binhpham/Projects/dbt_project/venv/lib/python3.9/site-packages/airflow/example_dags/example_trigger_target_dag.py took 0.088 seconds
[2024-09-18T17:38:02.410-0500] {processor.py:186} INFO - Started process (PID=24168) to work on /Users/binhpham/Projects/dbt_project/venv/lib/python3.9/site-packages/airflow/example_dags/example_trigger_target_dag.py
[2024-09-18T17:38:02.412-0500] {processor.py:914} INFO - Processing file /Users/binhpham/Projects/dbt_project/venv/lib/python3.9/site-packages/airflow/example_dags/example_trigger_target_dag.py for tasks to queue
[2024-09-18T17:38:02.412-0500] {logging_mixin.py:190} INFO - [2024-09-18T17:38:02.412-0500] {dagbag.py:587} INFO - Filling up the DagBag from /Users/binhpham/Projects/dbt_project/venv/lib/python3.9/site-packages/airflow/example_dags/example_trigger_target_dag.py
[2024-09-18T17:38:02.431-0500] {processor.py:925} INFO - DAG(s) 'example_trigger_target_dag' retrieved from /Users/binhpham/Projects/dbt_project/venv/lib/python3.9/site-packages/airflow/example_dags/example_trigger_target_dag.py
[2024-09-18T17:38:02.483-0500] {logging_mixin.py:190} INFO - [2024-09-18T17:38:02.483-0500] {dag.py:3229} INFO - Sync 1 DAGs
[2024-09-18T17:38:02.488-0500] {logging_mixin.py:190} INFO - [2024-09-18T17:38:02.488-0500] {dag.py:4156} INFO - Setting next_dagrun for example_trigger_target_dag to None, run_after=None
[2024-09-18T17:38:02.497-0500] {processor.py:208} INFO - Processing /Users/binhpham/Projects/dbt_project/venv/lib/python3.9/site-packages/airflow/example_dags/example_trigger_target_dag.py took 0.089 seconds
[2024-09-18T17:39:24.821-0500] {processor.py:186} INFO - Started process (PID=24433) to work on /Users/binhpham/Projects/dbt_project/venv/lib/python3.9/site-packages/airflow/example_dags/example_trigger_target_dag.py
[2024-09-18T17:39:24.824-0500] {processor.py:914} INFO - Processing file /Users/binhpham/Projects/dbt_project/venv/lib/python3.9/site-packages/airflow/example_dags/example_trigger_target_dag.py for tasks to queue
[2024-09-18T17:39:24.825-0500] {logging_mixin.py:190} INFO - [2024-09-18T17:39:24.825-0500] {dagbag.py:587} INFO - Filling up the DagBag from /Users/binhpham/Projects/dbt_project/venv/lib/python3.9/site-packages/airflow/example_dags/example_trigger_target_dag.py
[2024-09-18T17:39:24.843-0500] {processor.py:925} INFO - DAG(s) 'example_trigger_target_dag' retrieved from /Users/binhpham/Projects/dbt_project/venv/lib/python3.9/site-packages/airflow/example_dags/example_trigger_target_dag.py
[2024-09-18T17:39:24.897-0500] {logging_mixin.py:190} INFO - [2024-09-18T17:39:24.897-0500] {dag.py:3229} INFO - Sync 1 DAGs
[2024-09-18T17:39:24.903-0500] {logging_mixin.py:190} INFO - [2024-09-18T17:39:24.902-0500] {dag.py:4156} INFO - Setting next_dagrun for example_trigger_target_dag to None, run_after=None
[2024-09-18T17:39:24.912-0500] {processor.py:208} INFO - Processing /Users/binhpham/Projects/dbt_project/venv/lib/python3.9/site-packages/airflow/example_dags/example_trigger_target_dag.py took 0.092 seconds
[2024-09-18T17:40:51.418-0500] {processor.py:186} INFO - Started process (PID=24699) to work on /Users/binhpham/Projects/dbt_project/venv/lib/python3.9/site-packages/airflow/example_dags/example_trigger_target_dag.py
[2024-09-18T17:40:51.420-0500] {processor.py:914} INFO - Processing file /Users/binhpham/Projects/dbt_project/venv/lib/python3.9/site-packages/airflow/example_dags/example_trigger_target_dag.py for tasks to queue
[2024-09-18T17:40:51.421-0500] {logging_mixin.py:190} INFO - [2024-09-18T17:40:51.421-0500] {dagbag.py:587} INFO - Filling up the DagBag from /Users/binhpham/Projects/dbt_project/venv/lib/python3.9/site-packages/airflow/example_dags/example_trigger_target_dag.py
[2024-09-18T17:40:51.439-0500] {processor.py:925} INFO - DAG(s) 'example_trigger_target_dag' retrieved from /Users/binhpham/Projects/dbt_project/venv/lib/python3.9/site-packages/airflow/example_dags/example_trigger_target_dag.py
[2024-09-18T17:40:51.492-0500] {logging_mixin.py:190} INFO - [2024-09-18T17:40:51.492-0500] {dag.py:3229} INFO - Sync 1 DAGs
[2024-09-18T17:40:51.497-0500] {logging_mixin.py:190} INFO - [2024-09-18T17:40:51.497-0500] {dag.py:4156} INFO - Setting next_dagrun for example_trigger_target_dag to None, run_after=None
[2024-09-18T17:40:51.507-0500] {processor.py:208} INFO - Processing /Users/binhpham/Projects/dbt_project/venv/lib/python3.9/site-packages/airflow/example_dags/example_trigger_target_dag.py took 0.090 seconds
[2024-09-18T17:42:16.810-0500] {processor.py:186} INFO - Started process (PID=24976) to work on /Users/binhpham/Projects/dbt_project/venv/lib/python3.9/site-packages/airflow/example_dags/example_trigger_target_dag.py
[2024-09-18T17:42:16.812-0500] {processor.py:914} INFO - Processing file /Users/binhpham/Projects/dbt_project/venv/lib/python3.9/site-packages/airflow/example_dags/example_trigger_target_dag.py for tasks to queue
[2024-09-18T17:42:16.813-0500] {logging_mixin.py:190} INFO - [2024-09-18T17:42:16.813-0500] {dagbag.py:587} INFO - Filling up the DagBag from /Users/binhpham/Projects/dbt_project/venv/lib/python3.9/site-packages/airflow/example_dags/example_trigger_target_dag.py
[2024-09-18T17:42:16.831-0500] {processor.py:925} INFO - DAG(s) 'example_trigger_target_dag' retrieved from /Users/binhpham/Projects/dbt_project/venv/lib/python3.9/site-packages/airflow/example_dags/example_trigger_target_dag.py
[2024-09-18T17:42:16.884-0500] {logging_mixin.py:190} INFO - [2024-09-18T17:42:16.884-0500] {dag.py:3229} INFO - Sync 1 DAGs
[2024-09-18T17:42:16.889-0500] {logging_mixin.py:190} INFO - [2024-09-18T17:42:16.889-0500] {dag.py:4156} INFO - Setting next_dagrun for example_trigger_target_dag to None, run_after=None
[2024-09-18T17:42:16.898-0500] {processor.py:208} INFO - Processing /Users/binhpham/Projects/dbt_project/venv/lib/python3.9/site-packages/airflow/example_dags/example_trigger_target_dag.py took 0.090 seconds
[2024-09-18T17:43:42.409-0500] {processor.py:186} INFO - Started process (PID=25262) to work on /Users/binhpham/Projects/dbt_project/venv/lib/python3.9/site-packages/airflow/example_dags/example_trigger_target_dag.py
[2024-09-18T17:43:42.411-0500] {processor.py:914} INFO - Processing file /Users/binhpham/Projects/dbt_project/venv/lib/python3.9/site-packages/airflow/example_dags/example_trigger_target_dag.py for tasks to queue
[2024-09-18T17:43:42.412-0500] {logging_mixin.py:190} INFO - [2024-09-18T17:43:42.412-0500] {dagbag.py:587} INFO - Filling up the DagBag from /Users/binhpham/Projects/dbt_project/venv/lib/python3.9/site-packages/airflow/example_dags/example_trigger_target_dag.py
[2024-09-18T17:43:42.431-0500] {processor.py:925} INFO - DAG(s) 'example_trigger_target_dag' retrieved from /Users/binhpham/Projects/dbt_project/venv/lib/python3.9/site-packages/airflow/example_dags/example_trigger_target_dag.py
[2024-09-18T17:43:42.484-0500] {logging_mixin.py:190} INFO - [2024-09-18T17:43:42.484-0500] {dag.py:3229} INFO - Sync 1 DAGs
[2024-09-18T17:43:42.489-0500] {logging_mixin.py:190} INFO - [2024-09-18T17:43:42.489-0500] {dag.py:4156} INFO - Setting next_dagrun for example_trigger_target_dag to None, run_after=None
[2024-09-18T17:43:42.499-0500] {processor.py:208} INFO - Processing /Users/binhpham/Projects/dbt_project/venv/lib/python3.9/site-packages/airflow/example_dags/example_trigger_target_dag.py took 0.091 seconds
[2024-09-18T17:45:07.152-0500] {processor.py:186} INFO - Started process (PID=25571) to work on /Users/binhpham/Projects/dbt_project/venv/lib/python3.9/site-packages/airflow/example_dags/example_trigger_target_dag.py
[2024-09-18T17:45:07.154-0500] {processor.py:914} INFO - Processing file /Users/binhpham/Projects/dbt_project/venv/lib/python3.9/site-packages/airflow/example_dags/example_trigger_target_dag.py for tasks to queue
[2024-09-18T17:45:07.155-0500] {logging_mixin.py:190} INFO - [2024-09-18T17:45:07.155-0500] {dagbag.py:587} INFO - Filling up the DagBag from /Users/binhpham/Projects/dbt_project/venv/lib/python3.9/site-packages/airflow/example_dags/example_trigger_target_dag.py
[2024-09-18T17:45:07.173-0500] {processor.py:925} INFO - DAG(s) 'example_trigger_target_dag' retrieved from /Users/binhpham/Projects/dbt_project/venv/lib/python3.9/site-packages/airflow/example_dags/example_trigger_target_dag.py
[2024-09-18T17:45:07.226-0500] {logging_mixin.py:190} INFO - [2024-09-18T17:45:07.226-0500] {dag.py:3229} INFO - Sync 1 DAGs
[2024-09-18T17:45:07.231-0500] {logging_mixin.py:190} INFO - [2024-09-18T17:45:07.231-0500] {dag.py:4156} INFO - Setting next_dagrun for example_trigger_target_dag to None, run_after=None
[2024-09-18T17:45:07.240-0500] {processor.py:208} INFO - Processing /Users/binhpham/Projects/dbt_project/venv/lib/python3.9/site-packages/airflow/example_dags/example_trigger_target_dag.py took 0.090 seconds
