[2024-09-18T16:53:21.647-0500] {processor.py:186} INFO - Started process (PID=12125) to work on /Users/binhpham/Library/Python/3.9/lib/python/site-packages/airflow/example_dags/example_branch_day_of_week_operator.py
[2024-09-18T16:53:21.649-0500] {processor.py:914} INFO - Processing file /Users/binhpham/Library/Python/3.9/lib/python/site-packages/airflow/example_dags/example_branch_day_of_week_operator.py for tasks to queue
[2024-09-18T16:53:21.649-0500] {logging_mixin.py:190} INFO - [2024-09-18T16:53:21.649-0500] {dagbag.py:587} INFO - Filling up the DagBag from /Users/binhpham/Library/Python/3.9/lib/python/site-packages/airflow/example_dags/example_branch_day_of_week_operator.py
[2024-09-18T16:53:21.655-0500] {processor.py:925} INFO - DAG(s) 'example_weekday_branch_operator' retrieved from /Users/binhpham/Library/Python/3.9/lib/python/site-packages/airflow/example_dags/example_branch_day_of_week_operator.py
[2024-09-18T16:53:21.714-0500] {logging_mixin.py:190} INFO - [2024-09-18T16:53:21.714-0500] {dag.py:3229} INFO - Sync 1 DAGs
[2024-09-18T16:53:21.724-0500] {logging_mixin.py:190} INFO - [2024-09-18T16:53:21.723-0500] {dag.py:4156} INFO - Setting next_dagrun for example_weekday_branch_operator to 2024-09-17 00:00:00+00:00, run_after=2024-09-18 00:00:00+00:00
[2024-09-18T16:53:21.734-0500] {processor.py:208} INFO - Processing /Users/binhpham/Library/Python/3.9/lib/python/site-packages/airflow/example_dags/example_branch_day_of_week_operator.py took 0.088 seconds
[2024-09-18T16:58:23.794-0500] {processor.py:186} INFO - Started process (PID=13150) to work on /Users/binhpham/Library/Python/3.9/lib/python/site-packages/airflow/example_dags/example_branch_day_of_week_operator.py
[2024-09-18T16:58:23.796-0500] {processor.py:914} INFO - Processing file /Users/binhpham/Library/Python/3.9/lib/python/site-packages/airflow/example_dags/example_branch_day_of_week_operator.py for tasks to queue
[2024-09-18T16:58:23.797-0500] {logging_mixin.py:190} INFO - [2024-09-18T16:58:23.797-0500] {dagbag.py:587} INFO - Filling up the DagBag from /Users/binhpham/Library/Python/3.9/lib/python/site-packages/airflow/example_dags/example_branch_day_of_week_operator.py
[2024-09-18T16:58:23.803-0500] {processor.py:925} INFO - DAG(s) 'example_weekday_branch_operator' retrieved from /Users/binhpham/Library/Python/3.9/lib/python/site-packages/airflow/example_dags/example_branch_day_of_week_operator.py
[2024-09-18T16:58:23.859-0500] {logging_mixin.py:190} INFO - [2024-09-18T16:58:23.858-0500] {dag.py:3229} INFO - Sync 1 DAGs
[2024-09-18T16:58:23.868-0500] {logging_mixin.py:190} INFO - [2024-09-18T16:58:23.868-0500] {dag.py:4156} INFO - Setting next_dagrun for example_weekday_branch_operator to 2024-09-17 00:00:00+00:00, run_after=2024-09-18 00:00:00+00:00
[2024-09-18T16:58:23.878-0500] {processor.py:208} INFO - Processing /Users/binhpham/Library/Python/3.9/lib/python/site-packages/airflow/example_dags/example_branch_day_of_week_operator.py took 0.086 seconds
[2024-09-18T17:01:21.549-0500] {processor.py:186} INFO - Started process (PID=13726) to work on /Users/binhpham/Library/Python/3.9/lib/python/site-packages/airflow/example_dags/example_branch_day_of_week_operator.py
[2024-09-18T17:01:21.552-0500] {processor.py:914} INFO - Processing file /Users/binhpham/Library/Python/3.9/lib/python/site-packages/airflow/example_dags/example_branch_day_of_week_operator.py for tasks to queue
[2024-09-18T17:01:21.552-0500] {logging_mixin.py:190} INFO - [2024-09-18T17:01:21.552-0500] {dagbag.py:587} INFO - Filling up the DagBag from /Users/binhpham/Library/Python/3.9/lib/python/site-packages/airflow/example_dags/example_branch_day_of_week_operator.py
[2024-09-18T17:01:21.557-0500] {processor.py:925} INFO - DAG(s) 'example_weekday_branch_operator' retrieved from /Users/binhpham/Library/Python/3.9/lib/python/site-packages/airflow/example_dags/example_branch_day_of_week_operator.py
[2024-09-18T17:01:21.617-0500] {logging_mixin.py:190} INFO - [2024-09-18T17:01:21.617-0500] {dag.py:3229} INFO - Sync 1 DAGs
[2024-09-18T17:01:21.628-0500] {logging_mixin.py:190} INFO - [2024-09-18T17:01:21.628-0500] {dag.py:4156} INFO - Setting next_dagrun for example_weekday_branch_operator to 2024-09-17 00:00:00+00:00, run_after=2024-09-18 00:00:00+00:00
[2024-09-18T17:01:21.639-0500] {processor.py:208} INFO - Processing /Users/binhpham/Library/Python/3.9/lib/python/site-packages/airflow/example_dags/example_branch_day_of_week_operator.py took 0.091 seconds
[2024-09-18T17:04:15.146-0500] {processor.py:186} INFO - Started process (PID=14322) to work on /Users/binhpham/Library/Python/3.9/lib/python/site-packages/airflow/example_dags/example_branch_day_of_week_operator.py
[2024-09-18T17:04:15.147-0500] {processor.py:914} INFO - Processing file /Users/binhpham/Library/Python/3.9/lib/python/site-packages/airflow/example_dags/example_branch_day_of_week_operator.py for tasks to queue
[2024-09-18T17:04:15.148-0500] {logging_mixin.py:190} INFO - [2024-09-18T17:04:15.148-0500] {dagbag.py:587} INFO - Filling up the DagBag from /Users/binhpham/Library/Python/3.9/lib/python/site-packages/airflow/example_dags/example_branch_day_of_week_operator.py
[2024-09-18T17:04:15.153-0500] {processor.py:925} INFO - DAG(s) 'example_weekday_branch_operator' retrieved from /Users/binhpham/Library/Python/3.9/lib/python/site-packages/airflow/example_dags/example_branch_day_of_week_operator.py
[2024-09-18T17:04:15.211-0500] {logging_mixin.py:190} INFO - [2024-09-18T17:04:15.211-0500] {dag.py:3229} INFO - Sync 1 DAGs
[2024-09-18T17:04:15.220-0500] {logging_mixin.py:190} INFO - [2024-09-18T17:04:15.220-0500] {dag.py:4156} INFO - Setting next_dagrun for example_weekday_branch_operator to 2024-09-17 00:00:00+00:00, run_after=2024-09-18 00:00:00+00:00
[2024-09-18T17:04:15.230-0500] {processor.py:208} INFO - Processing /Users/binhpham/Library/Python/3.9/lib/python/site-packages/airflow/example_dags/example_branch_day_of_week_operator.py took 0.086 seconds
[2024-09-18T17:07:02.824-0500] {processor.py:186} INFO - Started process (PID=14964) to work on /Users/binhpham/Library/Python/3.9/lib/python/site-packages/airflow/example_dags/example_branch_day_of_week_operator.py
[2024-09-18T17:07:02.826-0500] {processor.py:914} INFO - Processing file /Users/binhpham/Library/Python/3.9/lib/python/site-packages/airflow/example_dags/example_branch_day_of_week_operator.py for tasks to queue
[2024-09-18T17:07:02.827-0500] {logging_mixin.py:190} INFO - [2024-09-18T17:07:02.827-0500] {dagbag.py:587} INFO - Filling up the DagBag from /Users/binhpham/Library/Python/3.9/lib/python/site-packages/airflow/example_dags/example_branch_day_of_week_operator.py
[2024-09-18T17:07:02.832-0500] {processor.py:925} INFO - DAG(s) 'example_weekday_branch_operator' retrieved from /Users/binhpham/Library/Python/3.9/lib/python/site-packages/airflow/example_dags/example_branch_day_of_week_operator.py
[2024-09-18T17:07:02.890-0500] {logging_mixin.py:190} INFO - [2024-09-18T17:07:02.890-0500] {dag.py:3229} INFO - Sync 1 DAGs
[2024-09-18T17:07:02.899-0500] {logging_mixin.py:190} INFO - [2024-09-18T17:07:02.899-0500] {dag.py:4156} INFO - Setting next_dagrun for example_weekday_branch_operator to 2024-09-17 00:00:00+00:00, run_after=2024-09-18 00:00:00+00:00
[2024-09-18T17:07:02.910-0500] {processor.py:208} INFO - Processing /Users/binhpham/Library/Python/3.9/lib/python/site-packages/airflow/example_dags/example_branch_day_of_week_operator.py took 0.087 seconds
[2024-09-18T17:10:01.024-0500] {processor.py:186} INFO - Started process (PID=15574) to work on /Users/binhpham/Library/Python/3.9/lib/python/site-packages/airflow/example_dags/example_branch_day_of_week_operator.py
[2024-09-18T17:10:01.026-0500] {processor.py:914} INFO - Processing file /Users/binhpham/Library/Python/3.9/lib/python/site-packages/airflow/example_dags/example_branch_day_of_week_operator.py for tasks to queue
[2024-09-18T17:10:01.027-0500] {logging_mixin.py:190} INFO - [2024-09-18T17:10:01.027-0500] {dagbag.py:587} INFO - Filling up the DagBag from /Users/binhpham/Library/Python/3.9/lib/python/site-packages/airflow/example_dags/example_branch_day_of_week_operator.py
[2024-09-18T17:10:01.032-0500] {processor.py:925} INFO - DAG(s) 'example_weekday_branch_operator' retrieved from /Users/binhpham/Library/Python/3.9/lib/python/site-packages/airflow/example_dags/example_branch_day_of_week_operator.py
[2024-09-18T17:10:01.088-0500] {logging_mixin.py:190} INFO - [2024-09-18T17:10:01.087-0500] {dag.py:3229} INFO - Sync 1 DAGs
[2024-09-18T17:10:01.097-0500] {logging_mixin.py:190} INFO - [2024-09-18T17:10:01.097-0500] {dag.py:4156} INFO - Setting next_dagrun for example_weekday_branch_operator to 2024-09-17 00:00:00+00:00, run_after=2024-09-18 00:00:00+00:00
[2024-09-18T17:10:01.107-0500] {processor.py:208} INFO - Processing /Users/binhpham/Library/Python/3.9/lib/python/site-packages/airflow/example_dags/example_branch_day_of_week_operator.py took 0.084 seconds
[2024-09-18T17:12:57.755-0500] {processor.py:186} INFO - Started process (PID=16206) to work on /Users/binhpham/Library/Python/3.9/lib/python/site-packages/airflow/example_dags/example_branch_day_of_week_operator.py
[2024-09-18T17:12:57.757-0500] {processor.py:914} INFO - Processing file /Users/binhpham/Library/Python/3.9/lib/python/site-packages/airflow/example_dags/example_branch_day_of_week_operator.py for tasks to queue
[2024-09-18T17:12:57.758-0500] {logging_mixin.py:190} INFO - [2024-09-18T17:12:57.757-0500] {dagbag.py:587} INFO - Filling up the DagBag from /Users/binhpham/Library/Python/3.9/lib/python/site-packages/airflow/example_dags/example_branch_day_of_week_operator.py
[2024-09-18T17:12:57.763-0500] {processor.py:925} INFO - DAG(s) 'example_weekday_branch_operator' retrieved from /Users/binhpham/Library/Python/3.9/lib/python/site-packages/airflow/example_dags/example_branch_day_of_week_operator.py
[2024-09-18T17:12:57.818-0500] {logging_mixin.py:190} INFO - [2024-09-18T17:12:57.818-0500] {dag.py:3229} INFO - Sync 1 DAGs
[2024-09-18T17:12:57.827-0500] {logging_mixin.py:190} INFO - [2024-09-18T17:12:57.827-0500] {dag.py:4156} INFO - Setting next_dagrun for example_weekday_branch_operator to 2024-09-17 00:00:00+00:00, run_after=2024-09-18 00:00:00+00:00
[2024-09-18T17:12:57.837-0500] {processor.py:208} INFO - Processing /Users/binhpham/Library/Python/3.9/lib/python/site-packages/airflow/example_dags/example_branch_day_of_week_operator.py took 0.083 seconds
[2024-09-18T17:16:47.555-0500] {processor.py:186} INFO - Started process (PID=17180) to work on /Users/binhpham/Library/Python/3.9/lib/python/site-packages/airflow/example_dags/example_branch_day_of_week_operator.py
[2024-09-18T17:16:47.558-0500] {processor.py:914} INFO - Processing file /Users/binhpham/Library/Python/3.9/lib/python/site-packages/airflow/example_dags/example_branch_day_of_week_operator.py for tasks to queue
[2024-09-18T17:16:47.558-0500] {logging_mixin.py:190} INFO - [2024-09-18T17:16:47.558-0500] {dagbag.py:587} INFO - Filling up the DagBag from /Users/binhpham/Library/Python/3.9/lib/python/site-packages/airflow/example_dags/example_branch_day_of_week_operator.py
[2024-09-18T17:16:47.564-0500] {processor.py:925} INFO - DAG(s) 'example_weekday_branch_operator' retrieved from /Users/binhpham/Library/Python/3.9/lib/python/site-packages/airflow/example_dags/example_branch_day_of_week_operator.py
[2024-09-18T17:16:47.618-0500] {logging_mixin.py:190} INFO - [2024-09-18T17:16:47.618-0500] {dag.py:3229} INFO - Sync 1 DAGs
[2024-09-18T17:16:47.627-0500] {logging_mixin.py:190} INFO - [2024-09-18T17:16:47.627-0500] {dag.py:4156} INFO - Setting next_dagrun for example_weekday_branch_operator to 2024-09-17 00:00:00+00:00, run_after=2024-09-18 00:00:00+00:00
[2024-09-18T17:16:47.637-0500] {processor.py:208} INFO - Processing /Users/binhpham/Library/Python/3.9/lib/python/site-packages/airflow/example_dags/example_branch_day_of_week_operator.py took 0.083 seconds
[2024-09-18T17:19:46.941-0500] {processor.py:186} INFO - Started process (PID=18357) to work on /Users/binhpham/Library/Python/3.9/lib/python/site-packages/airflow/example_dags/example_branch_day_of_week_operator.py
[2024-09-18T17:19:46.944-0500] {processor.py:914} INFO - Processing file /Users/binhpham/Library/Python/3.9/lib/python/site-packages/airflow/example_dags/example_branch_day_of_week_operator.py for tasks to queue
[2024-09-18T17:19:46.945-0500] {logging_mixin.py:190} INFO - [2024-09-18T17:19:46.945-0500] {dagbag.py:587} INFO - Filling up the DagBag from /Users/binhpham/Library/Python/3.9/lib/python/site-packages/airflow/example_dags/example_branch_day_of_week_operator.py
[2024-09-18T17:19:46.951-0500] {processor.py:925} INFO - DAG(s) 'example_weekday_branch_operator' retrieved from /Users/binhpham/Library/Python/3.9/lib/python/site-packages/airflow/example_dags/example_branch_day_of_week_operator.py
[2024-09-18T17:19:47.009-0500] {logging_mixin.py:190} INFO - [2024-09-18T17:19:47.008-0500] {dag.py:3229} INFO - Sync 1 DAGs
[2024-09-18T17:19:47.018-0500] {logging_mixin.py:190} INFO - [2024-09-18T17:19:47.018-0500] {dag.py:4156} INFO - Setting next_dagrun for example_weekday_branch_operator to 2024-09-17 00:00:00+00:00, run_after=2024-09-18 00:00:00+00:00
[2024-09-18T17:19:47.028-0500] {processor.py:208} INFO - Processing /Users/binhpham/Library/Python/3.9/lib/python/site-packages/airflow/example_dags/example_branch_day_of_week_operator.py took 0.088 seconds
[2024-09-18T17:23:45.306-0500] {processor.py:186} INFO - Started process (PID=19796) to work on /Users/binhpham/Projects/dbt_project/venv/lib/python3.9/site-packages/airflow/example_dags/example_branch_day_of_week_operator.py
[2024-09-18T17:23:45.309-0500] {processor.py:914} INFO - Processing file /Users/binhpham/Projects/dbt_project/venv/lib/python3.9/site-packages/airflow/example_dags/example_branch_day_of_week_operator.py for tasks to queue
[2024-09-18T17:23:45.310-0500] {logging_mixin.py:190} INFO - [2024-09-18T17:23:45.309-0500] {dagbag.py:587} INFO - Filling up the DagBag from /Users/binhpham/Projects/dbt_project/venv/lib/python3.9/site-packages/airflow/example_dags/example_branch_day_of_week_operator.py
[2024-09-18T17:23:45.316-0500] {processor.py:925} INFO - DAG(s) 'example_weekday_branch_operator' retrieved from /Users/binhpham/Projects/dbt_project/venv/lib/python3.9/site-packages/airflow/example_dags/example_branch_day_of_week_operator.py
[2024-09-18T17:23:45.440-0500] {logging_mixin.py:190} INFO - [2024-09-18T17:23:45.440-0500] {dag.py:3229} INFO - Sync 1 DAGs
[2024-09-18T17:23:45.453-0500] {logging_mixin.py:190} INFO - [2024-09-18T17:23:45.453-0500] {dag.py:4156} INFO - Setting next_dagrun for example_weekday_branch_operator to 2024-09-17 00:00:00+00:00, run_after=2024-09-18 00:00:00+00:00
[2024-09-18T17:23:45.465-0500] {processor.py:208} INFO - Processing /Users/binhpham/Projects/dbt_project/venv/lib/python3.9/site-packages/airflow/example_dags/example_branch_day_of_week_operator.py took 0.161 seconds
[2024-09-18T17:27:44.345-0500] {processor.py:186} INFO - Started process (PID=20834) to work on /Users/binhpham/Projects/dbt_project/venv/lib/python3.9/site-packages/airflow/example_dags/example_branch_day_of_week_operator.py
[2024-09-18T17:27:44.347-0500] {processor.py:914} INFO - Processing file /Users/binhpham/Projects/dbt_project/venv/lib/python3.9/site-packages/airflow/example_dags/example_branch_day_of_week_operator.py for tasks to queue
[2024-09-18T17:27:44.348-0500] {logging_mixin.py:190} INFO - [2024-09-18T17:27:44.348-0500] {dagbag.py:587} INFO - Filling up the DagBag from /Users/binhpham/Projects/dbt_project/venv/lib/python3.9/site-packages/airflow/example_dags/example_branch_day_of_week_operator.py
[2024-09-18T17:27:44.353-0500] {processor.py:925} INFO - DAG(s) 'example_weekday_branch_operator' retrieved from /Users/binhpham/Projects/dbt_project/venv/lib/python3.9/site-packages/airflow/example_dags/example_branch_day_of_week_operator.py
[2024-09-18T17:27:44.408-0500] {logging_mixin.py:190} INFO - [2024-09-18T17:27:44.408-0500] {dag.py:3229} INFO - Sync 1 DAGs
[2024-09-18T17:27:44.417-0500] {logging_mixin.py:190} INFO - [2024-09-18T17:27:44.417-0500] {dag.py:4156} INFO - Setting next_dagrun for example_weekday_branch_operator to 2024-09-17 00:00:00+00:00, run_after=2024-09-18 00:00:00+00:00
[2024-09-18T17:27:44.426-0500] {processor.py:208} INFO - Processing /Users/binhpham/Projects/dbt_project/venv/lib/python3.9/site-packages/airflow/example_dags/example_branch_day_of_week_operator.py took 0.083 seconds
[2024-09-18T17:30:16.743-0500] {processor.py:186} INFO - Started process (PID=21855) to work on /Users/binhpham/Projects/dbt_project/venv/lib/python3.9/site-packages/airflow/example_dags/example_branch_day_of_week_operator.py
[2024-09-18T17:30:16.746-0500] {processor.py:914} INFO - Processing file /Users/binhpham/Projects/dbt_project/venv/lib/python3.9/site-packages/airflow/example_dags/example_branch_day_of_week_operator.py for tasks to queue
[2024-09-18T17:30:16.746-0500] {logging_mixin.py:190} INFO - [2024-09-18T17:30:16.746-0500] {dagbag.py:587} INFO - Filling up the DagBag from /Users/binhpham/Projects/dbt_project/venv/lib/python3.9/site-packages/airflow/example_dags/example_branch_day_of_week_operator.py
[2024-09-18T17:30:16.752-0500] {processor.py:925} INFO - DAG(s) 'example_weekday_branch_operator' retrieved from /Users/binhpham/Projects/dbt_project/venv/lib/python3.9/site-packages/airflow/example_dags/example_branch_day_of_week_operator.py
[2024-09-18T17:30:16.812-0500] {logging_mixin.py:190} INFO - [2024-09-18T17:30:16.812-0500] {dag.py:3229} INFO - Sync 1 DAGs
[2024-09-18T17:30:16.824-0500] {logging_mixin.py:190} INFO - [2024-09-18T17:30:16.824-0500] {dag.py:4156} INFO - Setting next_dagrun for example_weekday_branch_operator to 2024-09-17 00:00:00+00:00, run_after=2024-09-18 00:00:00+00:00
[2024-09-18T17:30:16.834-0500] {processor.py:208} INFO - Processing /Users/binhpham/Projects/dbt_project/venv/lib/python3.9/site-packages/airflow/example_dags/example_branch_day_of_week_operator.py took 0.093 seconds
[2024-09-18T17:33:03.749-0500] {processor.py:186} INFO - Started process (PID=22927) to work on /Users/binhpham/Projects/dbt_project/venv/lib/python3.9/site-packages/airflow/example_dags/example_branch_day_of_week_operator.py
[2024-09-18T17:33:03.751-0500] {processor.py:914} INFO - Processing file /Users/binhpham/Projects/dbt_project/venv/lib/python3.9/site-packages/airflow/example_dags/example_branch_day_of_week_operator.py for tasks to queue
[2024-09-18T17:33:03.752-0500] {logging_mixin.py:190} INFO - [2024-09-18T17:33:03.752-0500] {dagbag.py:587} INFO - Filling up the DagBag from /Users/binhpham/Projects/dbt_project/venv/lib/python3.9/site-packages/airflow/example_dags/example_branch_day_of_week_operator.py
[2024-09-18T17:33:03.757-0500] {processor.py:925} INFO - DAG(s) 'example_weekday_branch_operator' retrieved from /Users/binhpham/Projects/dbt_project/venv/lib/python3.9/site-packages/airflow/example_dags/example_branch_day_of_week_operator.py
[2024-09-18T17:33:03.812-0500] {logging_mixin.py:190} INFO - [2024-09-18T17:33:03.812-0500] {dag.py:3229} INFO - Sync 1 DAGs
[2024-09-18T17:33:03.822-0500] {logging_mixin.py:190} INFO - [2024-09-18T17:33:03.822-0500] {dag.py:4156} INFO - Setting next_dagrun for example_weekday_branch_operator to 2024-09-17 00:00:00+00:00, run_after=2024-09-18 00:00:00+00:00
[2024-09-18T17:33:03.832-0500] {processor.py:208} INFO - Processing /Users/binhpham/Projects/dbt_project/venv/lib/python3.9/site-packages/airflow/example_dags/example_branch_day_of_week_operator.py took 0.085 seconds
[2024-09-18T17:36:00.911-0500] {processor.py:186} INFO - Started process (PID=23784) to work on /Users/binhpham/Projects/dbt_project/venv/lib/python3.9/site-packages/airflow/example_dags/example_branch_day_of_week_operator.py
[2024-09-18T17:36:00.913-0500] {processor.py:914} INFO - Processing file /Users/binhpham/Projects/dbt_project/venv/lib/python3.9/site-packages/airflow/example_dags/example_branch_day_of_week_operator.py for tasks to queue
[2024-09-18T17:36:00.914-0500] {logging_mixin.py:190} INFO - [2024-09-18T17:36:00.914-0500] {dagbag.py:587} INFO - Filling up the DagBag from /Users/binhpham/Projects/dbt_project/venv/lib/python3.9/site-packages/airflow/example_dags/example_branch_day_of_week_operator.py
[2024-09-18T17:36:00.919-0500] {processor.py:925} INFO - DAG(s) 'example_weekday_branch_operator' retrieved from /Users/binhpham/Projects/dbt_project/venv/lib/python3.9/site-packages/airflow/example_dags/example_branch_day_of_week_operator.py
[2024-09-18T17:36:00.973-0500] {logging_mixin.py:190} INFO - [2024-09-18T17:36:00.973-0500] {dag.py:3229} INFO - Sync 1 DAGs
[2024-09-18T17:36:00.982-0500] {logging_mixin.py:190} INFO - [2024-09-18T17:36:00.982-0500] {dag.py:4156} INFO - Setting next_dagrun for example_weekday_branch_operator to 2024-09-17 00:00:00+00:00, run_after=2024-09-18 00:00:00+00:00
[2024-09-18T17:36:00.991-0500] {processor.py:208} INFO - Processing /Users/binhpham/Projects/dbt_project/venv/lib/python3.9/site-packages/airflow/example_dags/example_branch_day_of_week_operator.py took 0.082 seconds
[2024-09-18T17:38:46.756-0500] {processor.py:186} INFO - Started process (PID=24302) to work on /Users/binhpham/Projects/dbt_project/venv/lib/python3.9/site-packages/airflow/example_dags/example_branch_day_of_week_operator.py
[2024-09-18T17:38:46.758-0500] {processor.py:914} INFO - Processing file /Users/binhpham/Projects/dbt_project/venv/lib/python3.9/site-packages/airflow/example_dags/example_branch_day_of_week_operator.py for tasks to queue
[2024-09-18T17:38:46.758-0500] {logging_mixin.py:190} INFO - [2024-09-18T17:38:46.758-0500] {dagbag.py:587} INFO - Filling up the DagBag from /Users/binhpham/Projects/dbt_project/venv/lib/python3.9/site-packages/airflow/example_dags/example_branch_day_of_week_operator.py
[2024-09-18T17:38:46.764-0500] {processor.py:925} INFO - DAG(s) 'example_weekday_branch_operator' retrieved from /Users/binhpham/Projects/dbt_project/venv/lib/python3.9/site-packages/airflow/example_dags/example_branch_day_of_week_operator.py
[2024-09-18T17:38:46.824-0500] {logging_mixin.py:190} INFO - [2024-09-18T17:38:46.824-0500] {dag.py:3229} INFO - Sync 1 DAGs
[2024-09-18T17:38:46.835-0500] {logging_mixin.py:190} INFO - [2024-09-18T17:38:46.834-0500] {dag.py:4156} INFO - Setting next_dagrun for example_weekday_branch_operator to 2024-09-17 00:00:00+00:00, run_after=2024-09-18 00:00:00+00:00
[2024-09-18T17:38:46.844-0500] {processor.py:208} INFO - Processing /Users/binhpham/Projects/dbt_project/venv/lib/python3.9/site-packages/airflow/example_dags/example_branch_day_of_week_operator.py took 0.089 seconds
[2024-09-18T17:41:39.271-0500] {processor.py:186} INFO - Started process (PID=24848) to work on /Users/binhpham/Projects/dbt_project/venv/lib/python3.9/site-packages/airflow/example_dags/example_branch_day_of_week_operator.py
[2024-09-18T17:41:39.273-0500] {processor.py:914} INFO - Processing file /Users/binhpham/Projects/dbt_project/venv/lib/python3.9/site-packages/airflow/example_dags/example_branch_day_of_week_operator.py for tasks to queue
[2024-09-18T17:41:39.274-0500] {logging_mixin.py:190} INFO - [2024-09-18T17:41:39.274-0500] {dagbag.py:587} INFO - Filling up the DagBag from /Users/binhpham/Projects/dbt_project/venv/lib/python3.9/site-packages/airflow/example_dags/example_branch_day_of_week_operator.py
[2024-09-18T17:41:39.280-0500] {processor.py:925} INFO - DAG(s) 'example_weekday_branch_operator' retrieved from /Users/binhpham/Projects/dbt_project/venv/lib/python3.9/site-packages/airflow/example_dags/example_branch_day_of_week_operator.py
[2024-09-18T17:41:39.335-0500] {logging_mixin.py:190} INFO - [2024-09-18T17:41:39.334-0500] {dag.py:3229} INFO - Sync 1 DAGs
[2024-09-18T17:41:39.345-0500] {logging_mixin.py:190} INFO - [2024-09-18T17:41:39.345-0500] {dag.py:4156} INFO - Setting next_dagrun for example_weekday_branch_operator to 2024-09-17 00:00:00+00:00, run_after=2024-09-18 00:00:00+00:00
[2024-09-18T17:41:39.355-0500] {processor.py:208} INFO - Processing /Users/binhpham/Projects/dbt_project/venv/lib/python3.9/site-packages/airflow/example_dags/example_branch_day_of_week_operator.py took 0.086 seconds
[2024-09-18T17:44:29.080-0500] {processor.py:186} INFO - Started process (PID=25429) to work on /Users/binhpham/Projects/dbt_project/venv/lib/python3.9/site-packages/airflow/example_dags/example_branch_day_of_week_operator.py
[2024-09-18T17:44:29.083-0500] {processor.py:914} INFO - Processing file /Users/binhpham/Projects/dbt_project/venv/lib/python3.9/site-packages/airflow/example_dags/example_branch_day_of_week_operator.py for tasks to queue
[2024-09-18T17:44:29.084-0500] {logging_mixin.py:190} INFO - [2024-09-18T17:44:29.083-0500] {dagbag.py:587} INFO - Filling up the DagBag from /Users/binhpham/Projects/dbt_project/venv/lib/python3.9/site-packages/airflow/example_dags/example_branch_day_of_week_operator.py
[2024-09-18T17:44:29.089-0500] {processor.py:925} INFO - DAG(s) 'example_weekday_branch_operator' retrieved from /Users/binhpham/Projects/dbt_project/venv/lib/python3.9/site-packages/airflow/example_dags/example_branch_day_of_week_operator.py
[2024-09-18T17:44:29.144-0500] {logging_mixin.py:190} INFO - [2024-09-18T17:44:29.144-0500] {dag.py:3229} INFO - Sync 1 DAGs
[2024-09-18T17:44:29.154-0500] {logging_mixin.py:190} INFO - [2024-09-18T17:44:29.154-0500] {dag.py:4156} INFO - Setting next_dagrun for example_weekday_branch_operator to 2024-09-17 00:00:00+00:00, run_after=2024-09-18 00:00:00+00:00
[2024-09-18T17:44:29.163-0500] {processor.py:208} INFO - Processing /Users/binhpham/Projects/dbt_project/venv/lib/python3.9/site-packages/airflow/example_dags/example_branch_day_of_week_operator.py took 0.085 seconds
