[2024-09-18T16:53:02.793-0500] {processor.py:186} INFO - Started process (PID=12060) to work on /Users/binhpham/Library/Python/3.9/lib/python/site-packages/airflow/example_dags/example_datasets.py
[2024-09-18T16:53:02.795-0500] {processor.py:914} INFO - Processing file /Users/binhpham/Library/Python/3.9/lib/python/site-packages/airflow/example_dags/example_datasets.py for tasks to queue
[2024-09-18T16:53:02.795-0500] {logging_mixin.py:190} INFO - [2024-09-18T16:53:02.795-0500] {dagbag.py:587} INFO - Filling up the DagBag from /Users/binhpham/Library/Python/3.9/lib/python/site-packages/airflow/example_dags/example_datasets.py
[2024-09-18T16:53:02.857-0500] {processor.py:925} INFO - DAG(s) 'dataset_consumes_unknown_never_scheduled', 'consume_1_or_both_2_and_3_with_dataset_expressions', 'consume_1_and_2_with_dataset_expressions', 'dataset_consumes_1_and_2', 'dataset_produces_2', 'dataset_consumes_1_never_scheduled', 'conditional_dataset_and_time_based_timetable', 'consume_1_or_2_with_dataset_expressions', 'dataset_consumes_1', 'dataset_produces_1' retrieved from /Users/binhpham/Library/Python/3.9/lib/python/site-packages/airflow/example_dags/example_datasets.py
[2024-09-18T16:53:02.924-0500] {logging_mixin.py:190} INFO - [2024-09-18T16:53:02.923-0500] {dag.py:3229} INFO - Sync 10 DAGs
[2024-09-18T16:53:02.935-0500] {logging_mixin.py:190} INFO - [2024-09-18T16:53:02.935-0500] {dag.py:4156} INFO - Setting next_dagrun for conditional_dataset_and_time_based_timetable to 2024-09-18 01:00:00+00:00, run_after=2024-09-18 01:00:00+00:00
[2024-09-18T16:53:02.937-0500] {logging_mixin.py:190} INFO - [2024-09-18T16:53:02.937-0500] {dag.py:4156} INFO - Setting next_dagrun for consume_1_and_2_with_dataset_expressions to None, run_after=None
[2024-09-18T16:53:02.937-0500] {logging_mixin.py:190} INFO - [2024-09-18T16:53:02.937-0500] {dag.py:4156} INFO - Setting next_dagrun for consume_1_or_2_with_dataset_expressions to None, run_after=None
[2024-09-18T16:53:02.938-0500] {logging_mixin.py:190} INFO - [2024-09-18T16:53:02.938-0500] {dag.py:4156} INFO - Setting next_dagrun for consume_1_or_both_2_and_3_with_dataset_expressions to None, run_after=None
[2024-09-18T16:53:02.938-0500] {logging_mixin.py:190} INFO - [2024-09-18T16:53:02.938-0500] {dag.py:4156} INFO - Setting next_dagrun for dataset_consumes_1 to None, run_after=None
[2024-09-18T16:53:02.939-0500] {logging_mixin.py:190} INFO - [2024-09-18T16:53:02.939-0500] {dag.py:4156} INFO - Setting next_dagrun for dataset_consumes_1_and_2 to None, run_after=None
[2024-09-18T16:53:02.939-0500] {logging_mixin.py:190} INFO - [2024-09-18T16:53:02.939-0500] {dag.py:4156} INFO - Setting next_dagrun for dataset_consumes_1_never_scheduled to None, run_after=None
[2024-09-18T16:53:02.940-0500] {logging_mixin.py:190} INFO - [2024-09-18T16:53:02.940-0500] {dag.py:4156} INFO - Setting next_dagrun for dataset_consumes_unknown_never_scheduled to None, run_after=None
[2024-09-18T16:53:02.941-0500] {logging_mixin.py:190} INFO - [2024-09-18T16:53:02.941-0500] {dag.py:4156} INFO - Setting next_dagrun for dataset_produces_1 to 2024-09-17 00:00:00+00:00, run_after=2024-09-18 00:00:00+00:00
[2024-09-18T16:53:02.941-0500] {logging_mixin.py:190} INFO - [2024-09-18T16:53:02.941-0500] {dag.py:4156} INFO - Setting next_dagrun for dataset_produces_2 to None, run_after=None
[2024-09-18T16:53:02.957-0500] {processor.py:208} INFO - Processing /Users/binhpham/Library/Python/3.9/lib/python/site-packages/airflow/example_dags/example_datasets.py took 0.165 seconds
[2024-09-18T16:58:03.439-0500] {processor.py:186} INFO - Started process (PID=13086) to work on /Users/binhpham/Library/Python/3.9/lib/python/site-packages/airflow/example_dags/example_datasets.py
[2024-09-18T16:58:03.441-0500] {processor.py:914} INFO - Processing file /Users/binhpham/Library/Python/3.9/lib/python/site-packages/airflow/example_dags/example_datasets.py for tasks to queue
[2024-09-18T16:58:03.441-0500] {logging_mixin.py:190} INFO - [2024-09-18T16:58:03.441-0500] {dagbag.py:587} INFO - Filling up the DagBag from /Users/binhpham/Library/Python/3.9/lib/python/site-packages/airflow/example_dags/example_datasets.py
[2024-09-18T16:58:03.554-0500] {processor.py:925} INFO - DAG(s) 'dataset_consumes_1_never_scheduled', 'dataset_produces_2', 'dataset_consumes_1', 'dataset_consumes_unknown_never_scheduled', 'consume_1_or_2_with_dataset_expressions', 'dataset_produces_1', 'consume_1_or_both_2_and_3_with_dataset_expressions', 'conditional_dataset_and_time_based_timetable', 'dataset_consumes_1_and_2', 'consume_1_and_2_with_dataset_expressions' retrieved from /Users/binhpham/Library/Python/3.9/lib/python/site-packages/airflow/example_dags/example_datasets.py
[2024-09-18T16:58:03.628-0500] {logging_mixin.py:190} INFO - [2024-09-18T16:58:03.628-0500] {dag.py:3229} INFO - Sync 10 DAGs
[2024-09-18T16:58:03.641-0500] {logging_mixin.py:190} INFO - [2024-09-18T16:58:03.641-0500] {dag.py:4156} INFO - Setting next_dagrun for conditional_dataset_and_time_based_timetable to 2024-09-18 01:00:00+00:00, run_after=2024-09-18 01:00:00+00:00
[2024-09-18T16:58:03.643-0500] {logging_mixin.py:190} INFO - [2024-09-18T16:58:03.643-0500] {dag.py:4156} INFO - Setting next_dagrun for consume_1_and_2_with_dataset_expressions to None, run_after=None
[2024-09-18T16:58:03.645-0500] {logging_mixin.py:190} INFO - [2024-09-18T16:58:03.645-0500] {dag.py:4156} INFO - Setting next_dagrun for consume_1_or_2_with_dataset_expressions to None, run_after=None
[2024-09-18T16:58:03.648-0500] {logging_mixin.py:190} INFO - [2024-09-18T16:58:03.647-0500] {dag.py:4156} INFO - Setting next_dagrun for consume_1_or_both_2_and_3_with_dataset_expressions to None, run_after=None
[2024-09-18T16:58:03.648-0500] {logging_mixin.py:190} INFO - [2024-09-18T16:58:03.648-0500] {dag.py:4156} INFO - Setting next_dagrun for dataset_consumes_1 to None, run_after=None
[2024-09-18T16:58:03.649-0500] {logging_mixin.py:190} INFO - [2024-09-18T16:58:03.649-0500] {dag.py:4156} INFO - Setting next_dagrun for dataset_consumes_1_and_2 to None, run_after=None
[2024-09-18T16:58:03.649-0500] {logging_mixin.py:190} INFO - [2024-09-18T16:58:03.649-0500] {dag.py:4156} INFO - Setting next_dagrun for dataset_consumes_1_never_scheduled to None, run_after=None
[2024-09-18T16:58:03.650-0500] {logging_mixin.py:190} INFO - [2024-09-18T16:58:03.650-0500] {dag.py:4156} INFO - Setting next_dagrun for dataset_consumes_unknown_never_scheduled to None, run_after=None
[2024-09-18T16:58:03.653-0500] {logging_mixin.py:190} INFO - [2024-09-18T16:58:03.653-0500] {dag.py:4156} INFO - Setting next_dagrun for dataset_produces_1 to 2024-09-17 00:00:00+00:00, run_after=2024-09-18 00:00:00+00:00
[2024-09-18T16:58:03.654-0500] {logging_mixin.py:190} INFO - [2024-09-18T16:58:03.654-0500] {dag.py:4156} INFO - Setting next_dagrun for dataset_produces_2 to None, run_after=None
[2024-09-18T16:58:03.671-0500] {processor.py:208} INFO - Processing /Users/binhpham/Library/Python/3.9/lib/python/site-packages/airflow/example_dags/example_datasets.py took 0.234 seconds
[2024-09-18T17:01:02.614-0500] {processor.py:186} INFO - Started process (PID=13668) to work on /Users/binhpham/Library/Python/3.9/lib/python/site-packages/airflow/example_dags/example_datasets.py
[2024-09-18T17:01:02.617-0500] {processor.py:914} INFO - Processing file /Users/binhpham/Library/Python/3.9/lib/python/site-packages/airflow/example_dags/example_datasets.py for tasks to queue
[2024-09-18T17:01:02.617-0500] {logging_mixin.py:190} INFO - [2024-09-18T17:01:02.617-0500] {dagbag.py:587} INFO - Filling up the DagBag from /Users/binhpham/Library/Python/3.9/lib/python/site-packages/airflow/example_dags/example_datasets.py
[2024-09-18T17:01:02.679-0500] {processor.py:925} INFO - DAG(s) 'consume_1_and_2_with_dataset_expressions', 'consume_1_or_both_2_and_3_with_dataset_expressions', 'dataset_produces_1', 'dataset_consumes_1', 'dataset_consumes_1_and_2', 'conditional_dataset_and_time_based_timetable', 'dataset_consumes_unknown_never_scheduled', 'dataset_produces_2', 'dataset_consumes_1_never_scheduled', 'consume_1_or_2_with_dataset_expressions' retrieved from /Users/binhpham/Library/Python/3.9/lib/python/site-packages/airflow/example_dags/example_datasets.py
[2024-09-18T17:01:02.751-0500] {logging_mixin.py:190} INFO - [2024-09-18T17:01:02.750-0500] {dag.py:3229} INFO - Sync 10 DAGs
[2024-09-18T17:01:02.763-0500] {logging_mixin.py:190} INFO - [2024-09-18T17:01:02.763-0500] {dag.py:4156} INFO - Setting next_dagrun for conditional_dataset_and_time_based_timetable to 2024-09-18 01:00:00+00:00, run_after=2024-09-18 01:00:00+00:00
[2024-09-18T17:01:02.765-0500] {logging_mixin.py:190} INFO - [2024-09-18T17:01:02.765-0500] {dag.py:4156} INFO - Setting next_dagrun for consume_1_and_2_with_dataset_expressions to None, run_after=None
[2024-09-18T17:01:02.765-0500] {logging_mixin.py:190} INFO - [2024-09-18T17:01:02.765-0500] {dag.py:4156} INFO - Setting next_dagrun for consume_1_or_2_with_dataset_expressions to None, run_after=None
[2024-09-18T17:01:02.766-0500] {logging_mixin.py:190} INFO - [2024-09-18T17:01:02.766-0500] {dag.py:4156} INFO - Setting next_dagrun for consume_1_or_both_2_and_3_with_dataset_expressions to None, run_after=None
[2024-09-18T17:01:02.766-0500] {logging_mixin.py:190} INFO - [2024-09-18T17:01:02.766-0500] {dag.py:4156} INFO - Setting next_dagrun for dataset_consumes_1 to None, run_after=None
[2024-09-18T17:01:02.767-0500] {logging_mixin.py:190} INFO - [2024-09-18T17:01:02.767-0500] {dag.py:4156} INFO - Setting next_dagrun for dataset_consumes_1_and_2 to None, run_after=None
[2024-09-18T17:01:02.767-0500] {logging_mixin.py:190} INFO - [2024-09-18T17:01:02.767-0500] {dag.py:4156} INFO - Setting next_dagrun for dataset_consumes_1_never_scheduled to None, run_after=None
[2024-09-18T17:01:02.767-0500] {logging_mixin.py:190} INFO - [2024-09-18T17:01:02.767-0500] {dag.py:4156} INFO - Setting next_dagrun for dataset_consumes_unknown_never_scheduled to None, run_after=None
[2024-09-18T17:01:02.769-0500] {logging_mixin.py:190} INFO - [2024-09-18T17:01:02.769-0500] {dag.py:4156} INFO - Setting next_dagrun for dataset_produces_1 to 2024-09-17 00:00:00+00:00, run_after=2024-09-18 00:00:00+00:00
[2024-09-18T17:01:02.769-0500] {logging_mixin.py:190} INFO - [2024-09-18T17:01:02.769-0500] {dag.py:4156} INFO - Setting next_dagrun for dataset_produces_2 to None, run_after=None
[2024-09-18T17:01:02.785-0500] {processor.py:208} INFO - Processing /Users/binhpham/Library/Python/3.9/lib/python/site-packages/airflow/example_dags/example_datasets.py took 0.172 seconds
[2024-09-18T17:03:55.939-0500] {processor.py:186} INFO - Started process (PID=14257) to work on /Users/binhpham/Library/Python/3.9/lib/python/site-packages/airflow/example_dags/example_datasets.py
[2024-09-18T17:03:55.941-0500] {processor.py:914} INFO - Processing file /Users/binhpham/Library/Python/3.9/lib/python/site-packages/airflow/example_dags/example_datasets.py for tasks to queue
[2024-09-18T17:03:55.941-0500] {logging_mixin.py:190} INFO - [2024-09-18T17:03:55.941-0500] {dagbag.py:587} INFO - Filling up the DagBag from /Users/binhpham/Library/Python/3.9/lib/python/site-packages/airflow/example_dags/example_datasets.py
[2024-09-18T17:03:55.995-0500] {processor.py:925} INFO - DAG(s) 'dataset_produces_2', 'consume_1_or_2_with_dataset_expressions', 'dataset_consumes_unknown_never_scheduled', 'conditional_dataset_and_time_based_timetable', 'consume_1_and_2_with_dataset_expressions', 'dataset_consumes_1_and_2', 'consume_1_or_both_2_and_3_with_dataset_expressions', 'dataset_consumes_1', 'dataset_consumes_1_never_scheduled', 'dataset_produces_1' retrieved from /Users/binhpham/Library/Python/3.9/lib/python/site-packages/airflow/example_dags/example_datasets.py
[2024-09-18T17:03:56.059-0500] {logging_mixin.py:190} INFO - [2024-09-18T17:03:56.059-0500] {dag.py:3229} INFO - Sync 10 DAGs
[2024-09-18T17:03:56.072-0500] {logging_mixin.py:190} INFO - [2024-09-18T17:03:56.072-0500] {dag.py:4156} INFO - Setting next_dagrun for conditional_dataset_and_time_based_timetable to 2024-09-18 01:00:00+00:00, run_after=2024-09-18 01:00:00+00:00
[2024-09-18T17:03:56.074-0500] {logging_mixin.py:190} INFO - [2024-09-18T17:03:56.074-0500] {dag.py:4156} INFO - Setting next_dagrun for consume_1_and_2_with_dataset_expressions to None, run_after=None
[2024-09-18T17:03:56.075-0500] {logging_mixin.py:190} INFO - [2024-09-18T17:03:56.075-0500] {dag.py:4156} INFO - Setting next_dagrun for consume_1_or_2_with_dataset_expressions to None, run_after=None
[2024-09-18T17:03:56.075-0500] {logging_mixin.py:190} INFO - [2024-09-18T17:03:56.075-0500] {dag.py:4156} INFO - Setting next_dagrun for consume_1_or_both_2_and_3_with_dataset_expressions to None, run_after=None
[2024-09-18T17:03:56.076-0500] {logging_mixin.py:190} INFO - [2024-09-18T17:03:56.076-0500] {dag.py:4156} INFO - Setting next_dagrun for dataset_consumes_1 to None, run_after=None
[2024-09-18T17:03:56.076-0500] {logging_mixin.py:190} INFO - [2024-09-18T17:03:56.076-0500] {dag.py:4156} INFO - Setting next_dagrun for dataset_consumes_1_and_2 to None, run_after=None
[2024-09-18T17:03:56.077-0500] {logging_mixin.py:190} INFO - [2024-09-18T17:03:56.076-0500] {dag.py:4156} INFO - Setting next_dagrun for dataset_consumes_1_never_scheduled to None, run_after=None
[2024-09-18T17:03:56.077-0500] {logging_mixin.py:190} INFO - [2024-09-18T17:03:56.077-0500] {dag.py:4156} INFO - Setting next_dagrun for dataset_consumes_unknown_never_scheduled to None, run_after=None
[2024-09-18T17:03:56.078-0500] {logging_mixin.py:190} INFO - [2024-09-18T17:03:56.078-0500] {dag.py:4156} INFO - Setting next_dagrun for dataset_produces_1 to 2024-09-17 00:00:00+00:00, run_after=2024-09-18 00:00:00+00:00
[2024-09-18T17:03:56.079-0500] {logging_mixin.py:190} INFO - [2024-09-18T17:03:56.078-0500] {dag.py:4156} INFO - Setting next_dagrun for dataset_produces_2 to None, run_after=None
[2024-09-18T17:03:56.094-0500] {processor.py:208} INFO - Processing /Users/binhpham/Library/Python/3.9/lib/python/site-packages/airflow/example_dags/example_datasets.py took 0.156 seconds
[2024-09-18T17:06:44.117-0500] {processor.py:186} INFO - Started process (PID=14888) to work on /Users/binhpham/Library/Python/3.9/lib/python/site-packages/airflow/example_dags/example_datasets.py
[2024-09-18T17:06:44.119-0500] {processor.py:914} INFO - Processing file /Users/binhpham/Library/Python/3.9/lib/python/site-packages/airflow/example_dags/example_datasets.py for tasks to queue
[2024-09-18T17:06:44.119-0500] {logging_mixin.py:190} INFO - [2024-09-18T17:06:44.119-0500] {dagbag.py:587} INFO - Filling up the DagBag from /Users/binhpham/Library/Python/3.9/lib/python/site-packages/airflow/example_dags/example_datasets.py
[2024-09-18T17:06:44.179-0500] {processor.py:925} INFO - DAG(s) 'dataset_consumes_unknown_never_scheduled', 'dataset_produces_1', 'dataset_consumes_1_and_2', 'dataset_produces_2', 'dataset_consumes_1', 'consume_1_and_2_with_dataset_expressions', 'dataset_consumes_1_never_scheduled', 'conditional_dataset_and_time_based_timetable', 'consume_1_or_both_2_and_3_with_dataset_expressions', 'consume_1_or_2_with_dataset_expressions' retrieved from /Users/binhpham/Library/Python/3.9/lib/python/site-packages/airflow/example_dags/example_datasets.py
[2024-09-18T17:06:44.247-0500] {logging_mixin.py:190} INFO - [2024-09-18T17:06:44.247-0500] {dag.py:3229} INFO - Sync 10 DAGs
[2024-09-18T17:06:44.259-0500] {logging_mixin.py:190} INFO - [2024-09-18T17:06:44.259-0500] {dag.py:4156} INFO - Setting next_dagrun for conditional_dataset_and_time_based_timetable to 2024-09-18 01:00:00+00:00, run_after=2024-09-18 01:00:00+00:00
[2024-09-18T17:06:44.261-0500] {logging_mixin.py:190} INFO - [2024-09-18T17:06:44.261-0500] {dag.py:4156} INFO - Setting next_dagrun for consume_1_and_2_with_dataset_expressions to None, run_after=None
[2024-09-18T17:06:44.261-0500] {logging_mixin.py:190} INFO - [2024-09-18T17:06:44.261-0500] {dag.py:4156} INFO - Setting next_dagrun for consume_1_or_2_with_dataset_expressions to None, run_after=None
[2024-09-18T17:06:44.262-0500] {logging_mixin.py:190} INFO - [2024-09-18T17:06:44.262-0500] {dag.py:4156} INFO - Setting next_dagrun for consume_1_or_both_2_and_3_with_dataset_expressions to None, run_after=None
[2024-09-18T17:06:44.262-0500] {logging_mixin.py:190} INFO - [2024-09-18T17:06:44.262-0500] {dag.py:4156} INFO - Setting next_dagrun for dataset_consumes_1 to None, run_after=None
[2024-09-18T17:06:44.263-0500] {logging_mixin.py:190} INFO - [2024-09-18T17:06:44.263-0500] {dag.py:4156} INFO - Setting next_dagrun for dataset_consumes_1_and_2 to None, run_after=None
[2024-09-18T17:06:44.263-0500] {logging_mixin.py:190} INFO - [2024-09-18T17:06:44.263-0500] {dag.py:4156} INFO - Setting next_dagrun for dataset_consumes_1_never_scheduled to None, run_after=None
[2024-09-18T17:06:44.264-0500] {logging_mixin.py:190} INFO - [2024-09-18T17:06:44.264-0500] {dag.py:4156} INFO - Setting next_dagrun for dataset_consumes_unknown_never_scheduled to None, run_after=None
[2024-09-18T17:06:44.265-0500] {logging_mixin.py:190} INFO - [2024-09-18T17:06:44.265-0500] {dag.py:4156} INFO - Setting next_dagrun for dataset_produces_1 to 2024-09-17 00:00:00+00:00, run_after=2024-09-18 00:00:00+00:00
[2024-09-18T17:06:44.265-0500] {logging_mixin.py:190} INFO - [2024-09-18T17:06:44.265-0500] {dag.py:4156} INFO - Setting next_dagrun for dataset_produces_2 to None, run_after=None
[2024-09-18T17:06:44.280-0500] {processor.py:208} INFO - Processing /Users/binhpham/Library/Python/3.9/lib/python/site-packages/airflow/example_dags/example_datasets.py took 0.165 seconds
[2024-09-18T17:09:41.757-0500] {processor.py:186} INFO - Started process (PID=15516) to work on /Users/binhpham/Library/Python/3.9/lib/python/site-packages/airflow/example_dags/example_datasets.py
[2024-09-18T17:09:41.759-0500] {processor.py:914} INFO - Processing file /Users/binhpham/Library/Python/3.9/lib/python/site-packages/airflow/example_dags/example_datasets.py for tasks to queue
[2024-09-18T17:09:41.759-0500] {logging_mixin.py:190} INFO - [2024-09-18T17:09:41.759-0500] {dagbag.py:587} INFO - Filling up the DagBag from /Users/binhpham/Library/Python/3.9/lib/python/site-packages/airflow/example_dags/example_datasets.py
[2024-09-18T17:09:41.816-0500] {processor.py:925} INFO - DAG(s) 'conditional_dataset_and_time_based_timetable', 'dataset_consumes_1_never_scheduled', 'consume_1_or_2_with_dataset_expressions', 'dataset_consumes_unknown_never_scheduled', 'dataset_consumes_1', 'dataset_consumes_1_and_2', 'dataset_produces_1', 'consume_1_or_both_2_and_3_with_dataset_expressions', 'dataset_produces_2', 'consume_1_and_2_with_dataset_expressions' retrieved from /Users/binhpham/Library/Python/3.9/lib/python/site-packages/airflow/example_dags/example_datasets.py
[2024-09-18T17:09:41.885-0500] {logging_mixin.py:190} INFO - [2024-09-18T17:09:41.884-0500] {dag.py:3229} INFO - Sync 10 DAGs
[2024-09-18T17:09:41.897-0500] {logging_mixin.py:190} INFO - [2024-09-18T17:09:41.897-0500] {dag.py:4156} INFO - Setting next_dagrun for conditional_dataset_and_time_based_timetable to 2024-09-18 01:00:00+00:00, run_after=2024-09-18 01:00:00+00:00
[2024-09-18T17:09:41.899-0500] {logging_mixin.py:190} INFO - [2024-09-18T17:09:41.899-0500] {dag.py:4156} INFO - Setting next_dagrun for consume_1_and_2_with_dataset_expressions to None, run_after=None
[2024-09-18T17:09:41.899-0500] {logging_mixin.py:190} INFO - [2024-09-18T17:09:41.899-0500] {dag.py:4156} INFO - Setting next_dagrun for consume_1_or_2_with_dataset_expressions to None, run_after=None
[2024-09-18T17:09:41.900-0500] {logging_mixin.py:190} INFO - [2024-09-18T17:09:41.900-0500] {dag.py:4156} INFO - Setting next_dagrun for consume_1_or_both_2_and_3_with_dataset_expressions to None, run_after=None
[2024-09-18T17:09:41.900-0500] {logging_mixin.py:190} INFO - [2024-09-18T17:09:41.900-0500] {dag.py:4156} INFO - Setting next_dagrun for dataset_consumes_1 to None, run_after=None
[2024-09-18T17:09:41.900-0500] {logging_mixin.py:190} INFO - [2024-09-18T17:09:41.900-0500] {dag.py:4156} INFO - Setting next_dagrun for dataset_consumes_1_and_2 to None, run_after=None
[2024-09-18T17:09:41.901-0500] {logging_mixin.py:190} INFO - [2024-09-18T17:09:41.901-0500] {dag.py:4156} INFO - Setting next_dagrun for dataset_consumes_1_never_scheduled to None, run_after=None
[2024-09-18T17:09:41.901-0500] {logging_mixin.py:190} INFO - [2024-09-18T17:09:41.901-0500] {dag.py:4156} INFO - Setting next_dagrun for dataset_consumes_unknown_never_scheduled to None, run_after=None
[2024-09-18T17:09:41.903-0500] {logging_mixin.py:190} INFO - [2024-09-18T17:09:41.903-0500] {dag.py:4156} INFO - Setting next_dagrun for dataset_produces_1 to 2024-09-17 00:00:00+00:00, run_after=2024-09-18 00:00:00+00:00
[2024-09-18T17:09:41.903-0500] {logging_mixin.py:190} INFO - [2024-09-18T17:09:41.903-0500] {dag.py:4156} INFO - Setting next_dagrun for dataset_produces_2 to None, run_after=None
[2024-09-18T17:09:41.927-0500] {processor.py:208} INFO - Processing /Users/binhpham/Library/Python/3.9/lib/python/site-packages/airflow/example_dags/example_datasets.py took 0.172 seconds
[2024-09-18T17:12:38.536-0500] {processor.py:186} INFO - Started process (PID=16132) to work on /Users/binhpham/Library/Python/3.9/lib/python/site-packages/airflow/example_dags/example_datasets.py
[2024-09-18T17:12:38.538-0500] {processor.py:914} INFO - Processing file /Users/binhpham/Library/Python/3.9/lib/python/site-packages/airflow/example_dags/example_datasets.py for tasks to queue
[2024-09-18T17:12:38.538-0500] {logging_mixin.py:190} INFO - [2024-09-18T17:12:38.538-0500] {dagbag.py:587} INFO - Filling up the DagBag from /Users/binhpham/Library/Python/3.9/lib/python/site-packages/airflow/example_dags/example_datasets.py
[2024-09-18T17:12:38.593-0500] {processor.py:925} INFO - DAG(s) 'consume_1_or_2_with_dataset_expressions', 'dataset_consumes_1', 'dataset_consumes_1_never_scheduled', 'consume_1_and_2_with_dataset_expressions', 'conditional_dataset_and_time_based_timetable', 'dataset_consumes_unknown_never_scheduled', 'consume_1_or_both_2_and_3_with_dataset_expressions', 'dataset_consumes_1_and_2', 'dataset_produces_2', 'dataset_produces_1' retrieved from /Users/binhpham/Library/Python/3.9/lib/python/site-packages/airflow/example_dags/example_datasets.py
[2024-09-18T17:12:38.662-0500] {logging_mixin.py:190} INFO - [2024-09-18T17:12:38.662-0500] {dag.py:3229} INFO - Sync 10 DAGs
[2024-09-18T17:12:38.675-0500] {logging_mixin.py:190} INFO - [2024-09-18T17:12:38.675-0500] {dag.py:4156} INFO - Setting next_dagrun for conditional_dataset_and_time_based_timetable to 2024-09-18 01:00:00+00:00, run_after=2024-09-18 01:00:00+00:00
[2024-09-18T17:12:38.677-0500] {logging_mixin.py:190} INFO - [2024-09-18T17:12:38.677-0500] {dag.py:4156} INFO - Setting next_dagrun for consume_1_and_2_with_dataset_expressions to None, run_after=None
[2024-09-18T17:12:38.678-0500] {logging_mixin.py:190} INFO - [2024-09-18T17:12:38.678-0500] {dag.py:4156} INFO - Setting next_dagrun for consume_1_or_2_with_dataset_expressions to None, run_after=None
[2024-09-18T17:12:38.678-0500] {logging_mixin.py:190} INFO - [2024-09-18T17:12:38.678-0500] {dag.py:4156} INFO - Setting next_dagrun for consume_1_or_both_2_and_3_with_dataset_expressions to None, run_after=None
[2024-09-18T17:12:38.679-0500] {logging_mixin.py:190} INFO - [2024-09-18T17:12:38.679-0500] {dag.py:4156} INFO - Setting next_dagrun for dataset_consumes_1 to None, run_after=None
[2024-09-18T17:12:38.679-0500] {logging_mixin.py:190} INFO - [2024-09-18T17:12:38.679-0500] {dag.py:4156} INFO - Setting next_dagrun for dataset_consumes_1_and_2 to None, run_after=None
[2024-09-18T17:12:38.680-0500] {logging_mixin.py:190} INFO - [2024-09-18T17:12:38.680-0500] {dag.py:4156} INFO - Setting next_dagrun for dataset_consumes_1_never_scheduled to None, run_after=None
[2024-09-18T17:12:38.680-0500] {logging_mixin.py:190} INFO - [2024-09-18T17:12:38.680-0500] {dag.py:4156} INFO - Setting next_dagrun for dataset_consumes_unknown_never_scheduled to None, run_after=None
[2024-09-18T17:12:38.681-0500] {logging_mixin.py:190} INFO - [2024-09-18T17:12:38.681-0500] {dag.py:4156} INFO - Setting next_dagrun for dataset_produces_1 to 2024-09-17 00:00:00+00:00, run_after=2024-09-18 00:00:00+00:00
[2024-09-18T17:12:38.682-0500] {logging_mixin.py:190} INFO - [2024-09-18T17:12:38.682-0500] {dag.py:4156} INFO - Setting next_dagrun for dataset_produces_2 to None, run_after=None
[2024-09-18T17:12:38.698-0500] {processor.py:208} INFO - Processing /Users/binhpham/Library/Python/3.9/lib/python/site-packages/airflow/example_dags/example_datasets.py took 0.163 seconds
[2024-09-18T17:16:28.560-0500] {processor.py:186} INFO - Started process (PID=17044) to work on /Users/binhpham/Library/Python/3.9/lib/python/site-packages/airflow/example_dags/example_datasets.py
[2024-09-18T17:16:28.563-0500] {processor.py:914} INFO - Processing file /Users/binhpham/Library/Python/3.9/lib/python/site-packages/airflow/example_dags/example_datasets.py for tasks to queue
[2024-09-18T17:16:28.564-0500] {logging_mixin.py:190} INFO - [2024-09-18T17:16:28.563-0500] {dagbag.py:587} INFO - Filling up the DagBag from /Users/binhpham/Library/Python/3.9/lib/python/site-packages/airflow/example_dags/example_datasets.py
[2024-09-18T17:16:28.618-0500] {processor.py:925} INFO - DAG(s) 'dataset_consumes_1', 'dataset_consumes_unknown_never_scheduled', 'dataset_produces_1', 'dataset_consumes_1_and_2', 'consume_1_or_2_with_dataset_expressions', 'consume_1_or_both_2_and_3_with_dataset_expressions', 'consume_1_and_2_with_dataset_expressions', 'dataset_consumes_1_never_scheduled', 'dataset_produces_2', 'conditional_dataset_and_time_based_timetable' retrieved from /Users/binhpham/Library/Python/3.9/lib/python/site-packages/airflow/example_dags/example_datasets.py
[2024-09-18T17:16:28.683-0500] {logging_mixin.py:190} INFO - [2024-09-18T17:16:28.683-0500] {dag.py:3229} INFO - Sync 10 DAGs
[2024-09-18T17:16:28.695-0500] {logging_mixin.py:190} INFO - [2024-09-18T17:16:28.695-0500] {dag.py:4156} INFO - Setting next_dagrun for conditional_dataset_and_time_based_timetable to 2024-09-18 01:00:00+00:00, run_after=2024-09-18 01:00:00+00:00
[2024-09-18T17:16:28.696-0500] {logging_mixin.py:190} INFO - [2024-09-18T17:16:28.696-0500] {dag.py:4156} INFO - Setting next_dagrun for consume_1_and_2_with_dataset_expressions to None, run_after=None
[2024-09-18T17:16:28.697-0500] {logging_mixin.py:190} INFO - [2024-09-18T17:16:28.697-0500] {dag.py:4156} INFO - Setting next_dagrun for consume_1_or_2_with_dataset_expressions to None, run_after=None
[2024-09-18T17:16:28.697-0500] {logging_mixin.py:190} INFO - [2024-09-18T17:16:28.697-0500] {dag.py:4156} INFO - Setting next_dagrun for consume_1_or_both_2_and_3_with_dataset_expressions to None, run_after=None
[2024-09-18T17:16:28.698-0500] {logging_mixin.py:190} INFO - [2024-09-18T17:16:28.698-0500] {dag.py:4156} INFO - Setting next_dagrun for dataset_consumes_1 to None, run_after=None
[2024-09-18T17:16:28.698-0500] {logging_mixin.py:190} INFO - [2024-09-18T17:16:28.698-0500] {dag.py:4156} INFO - Setting next_dagrun for dataset_consumes_1_and_2 to None, run_after=None
[2024-09-18T17:16:28.699-0500] {logging_mixin.py:190} INFO - [2024-09-18T17:16:28.699-0500] {dag.py:4156} INFO - Setting next_dagrun for dataset_consumes_1_never_scheduled to None, run_after=None
[2024-09-18T17:16:28.699-0500] {logging_mixin.py:190} INFO - [2024-09-18T17:16:28.699-0500] {dag.py:4156} INFO - Setting next_dagrun for dataset_consumes_unknown_never_scheduled to None, run_after=None
[2024-09-18T17:16:28.700-0500] {logging_mixin.py:190} INFO - [2024-09-18T17:16:28.700-0500] {dag.py:4156} INFO - Setting next_dagrun for dataset_produces_1 to 2024-09-17 00:00:00+00:00, run_after=2024-09-18 00:00:00+00:00
[2024-09-18T17:16:28.701-0500] {logging_mixin.py:190} INFO - [2024-09-18T17:16:28.701-0500] {dag.py:4156} INFO - Setting next_dagrun for dataset_produces_2 to None, run_after=None
[2024-09-18T17:16:28.715-0500] {processor.py:208} INFO - Processing /Users/binhpham/Library/Python/3.9/lib/python/site-packages/airflow/example_dags/example_datasets.py took 0.156 seconds
[2024-09-18T17:19:26.906-0500] {processor.py:186} INFO - Started process (PID=18289) to work on /Users/binhpham/Library/Python/3.9/lib/python/site-packages/airflow/example_dags/example_datasets.py
[2024-09-18T17:19:26.908-0500] {processor.py:914} INFO - Processing file /Users/binhpham/Library/Python/3.9/lib/python/site-packages/airflow/example_dags/example_datasets.py for tasks to queue
[2024-09-18T17:19:26.909-0500] {logging_mixin.py:190} INFO - [2024-09-18T17:19:26.909-0500] {dagbag.py:587} INFO - Filling up the DagBag from /Users/binhpham/Library/Python/3.9/lib/python/site-packages/airflow/example_dags/example_datasets.py
[2024-09-18T17:19:26.974-0500] {processor.py:925} INFO - DAG(s) 'conditional_dataset_and_time_based_timetable', 'dataset_consumes_1_and_2', 'consume_1_or_2_with_dataset_expressions', 'dataset_consumes_unknown_never_scheduled', 'dataset_consumes_1_never_scheduled', 'consume_1_and_2_with_dataset_expressions', 'dataset_produces_1', 'dataset_produces_2', 'consume_1_or_both_2_and_3_with_dataset_expressions', 'dataset_consumes_1' retrieved from /Users/binhpham/Library/Python/3.9/lib/python/site-packages/airflow/example_dags/example_datasets.py
[2024-09-18T17:19:27.039-0500] {logging_mixin.py:190} INFO - [2024-09-18T17:19:27.038-0500] {dag.py:3229} INFO - Sync 10 DAGs
[2024-09-18T17:19:27.050-0500] {logging_mixin.py:190} INFO - [2024-09-18T17:19:27.050-0500] {dag.py:4156} INFO - Setting next_dagrun for conditional_dataset_and_time_based_timetable to 2024-09-18 01:00:00+00:00, run_after=2024-09-18 01:00:00+00:00
[2024-09-18T17:19:27.052-0500] {logging_mixin.py:190} INFO - [2024-09-18T17:19:27.052-0500] {dag.py:4156} INFO - Setting next_dagrun for consume_1_and_2_with_dataset_expressions to None, run_after=None
[2024-09-18T17:19:27.052-0500] {logging_mixin.py:190} INFO - [2024-09-18T17:19:27.052-0500] {dag.py:4156} INFO - Setting next_dagrun for consume_1_or_2_with_dataset_expressions to None, run_after=None
[2024-09-18T17:19:27.053-0500] {logging_mixin.py:190} INFO - [2024-09-18T17:19:27.053-0500] {dag.py:4156} INFO - Setting next_dagrun for consume_1_or_both_2_and_3_with_dataset_expressions to None, run_after=None
[2024-09-18T17:19:27.053-0500] {logging_mixin.py:190} INFO - [2024-09-18T17:19:27.053-0500] {dag.py:4156} INFO - Setting next_dagrun for dataset_consumes_1 to None, run_after=None
[2024-09-18T17:19:27.053-0500] {logging_mixin.py:190} INFO - [2024-09-18T17:19:27.053-0500] {dag.py:4156} INFO - Setting next_dagrun for dataset_consumes_1_and_2 to None, run_after=None
[2024-09-18T17:19:27.054-0500] {logging_mixin.py:190} INFO - [2024-09-18T17:19:27.054-0500] {dag.py:4156} INFO - Setting next_dagrun for dataset_consumes_1_never_scheduled to None, run_after=None
[2024-09-18T17:19:27.054-0500] {logging_mixin.py:190} INFO - [2024-09-18T17:19:27.054-0500] {dag.py:4156} INFO - Setting next_dagrun for dataset_consumes_unknown_never_scheduled to None, run_after=None
[2024-09-18T17:19:27.055-0500] {logging_mixin.py:190} INFO - [2024-09-18T17:19:27.055-0500] {dag.py:4156} INFO - Setting next_dagrun for dataset_produces_1 to 2024-09-17 00:00:00+00:00, run_after=2024-09-18 00:00:00+00:00
[2024-09-18T17:19:27.056-0500] {logging_mixin.py:190} INFO - [2024-09-18T17:19:27.056-0500] {dag.py:4156} INFO - Setting next_dagrun for dataset_produces_2 to None, run_after=None
[2024-09-18T17:19:27.070-0500] {processor.py:208} INFO - Processing /Users/binhpham/Library/Python/3.9/lib/python/site-packages/airflow/example_dags/example_datasets.py took 0.166 seconds
[2024-09-18T17:23:27.791-0500] {processor.py:186} INFO - Started process (PID=19728) to work on /Users/binhpham/Projects/dbt_project/venv/lib/python3.9/site-packages/airflow/example_dags/example_datasets.py
[2024-09-18T17:23:27.795-0500] {processor.py:914} INFO - Processing file /Users/binhpham/Projects/dbt_project/venv/lib/python3.9/site-packages/airflow/example_dags/example_datasets.py for tasks to queue
[2024-09-18T17:23:27.800-0500] {logging_mixin.py:190} INFO - [2024-09-18T17:23:27.799-0500] {dagbag.py:587} INFO - Filling up the DagBag from /Users/binhpham/Projects/dbt_project/venv/lib/python3.9/site-packages/airflow/example_dags/example_datasets.py
[2024-09-18T17:23:27.853-0500] {processor.py:925} INFO - DAG(s) 'dataset_consumes_1', 'dataset_consumes_1_and_2', 'consume_1_and_2_with_dataset_expressions', 'conditional_dataset_and_time_based_timetable', 'dataset_consumes_1_never_scheduled', 'dataset_produces_1', 'dataset_produces_2', 'consume_1_or_2_with_dataset_expressions', 'consume_1_or_both_2_and_3_with_dataset_expressions', 'dataset_consumes_unknown_never_scheduled' retrieved from /Users/binhpham/Projects/dbt_project/venv/lib/python3.9/site-packages/airflow/example_dags/example_datasets.py
[2024-09-18T17:23:28.010-0500] {logging_mixin.py:190} INFO - [2024-09-18T17:23:28.010-0500] {dag.py:3229} INFO - Sync 10 DAGs
[2024-09-18T17:23:28.020-0500] {logging_mixin.py:190} INFO - [2024-09-18T17:23:28.020-0500] {dag.py:4156} INFO - Setting next_dagrun for conditional_dataset_and_time_based_timetable to 2024-09-18 01:00:00+00:00, run_after=2024-09-18 01:00:00+00:00
[2024-09-18T17:23:28.022-0500] {logging_mixin.py:190} INFO - [2024-09-18T17:23:28.022-0500] {dag.py:4156} INFO - Setting next_dagrun for consume_1_and_2_with_dataset_expressions to None, run_after=None
[2024-09-18T17:23:28.022-0500] {logging_mixin.py:190} INFO - [2024-09-18T17:23:28.022-0500] {dag.py:4156} INFO - Setting next_dagrun for consume_1_or_2_with_dataset_expressions to None, run_after=None
[2024-09-18T17:23:28.023-0500] {logging_mixin.py:190} INFO - [2024-09-18T17:23:28.023-0500] {dag.py:4156} INFO - Setting next_dagrun for consume_1_or_both_2_and_3_with_dataset_expressions to None, run_after=None
[2024-09-18T17:23:28.023-0500] {logging_mixin.py:190} INFO - [2024-09-18T17:23:28.023-0500] {dag.py:4156} INFO - Setting next_dagrun for dataset_consumes_1 to None, run_after=None
[2024-09-18T17:23:28.023-0500] {logging_mixin.py:190} INFO - [2024-09-18T17:23:28.023-0500] {dag.py:4156} INFO - Setting next_dagrun for dataset_consumes_1_and_2 to None, run_after=None
[2024-09-18T17:23:28.024-0500] {logging_mixin.py:190} INFO - [2024-09-18T17:23:28.024-0500] {dag.py:4156} INFO - Setting next_dagrun for dataset_consumes_1_never_scheduled to None, run_after=None
[2024-09-18T17:23:28.024-0500] {logging_mixin.py:190} INFO - [2024-09-18T17:23:28.024-0500] {dag.py:4156} INFO - Setting next_dagrun for dataset_consumes_unknown_never_scheduled to None, run_after=None
[2024-09-18T17:23:28.025-0500] {logging_mixin.py:190} INFO - [2024-09-18T17:23:28.025-0500] {dag.py:4156} INFO - Setting next_dagrun for dataset_produces_1 to 2024-09-17 00:00:00+00:00, run_after=2024-09-18 00:00:00+00:00
[2024-09-18T17:23:28.026-0500] {logging_mixin.py:190} INFO - [2024-09-18T17:23:28.026-0500] {dag.py:4156} INFO - Setting next_dagrun for dataset_produces_2 to None, run_after=None
[2024-09-18T17:23:28.042-0500] {processor.py:208} INFO - Processing /Users/binhpham/Projects/dbt_project/venv/lib/python3.9/site-packages/airflow/example_dags/example_datasets.py took 0.252 seconds
[2024-09-18T17:27:26.213-0500] {processor.py:186} INFO - Started process (PID=20733) to work on /Users/binhpham/Projects/dbt_project/venv/lib/python3.9/site-packages/airflow/example_dags/example_datasets.py
[2024-09-18T17:27:26.215-0500] {processor.py:914} INFO - Processing file /Users/binhpham/Projects/dbt_project/venv/lib/python3.9/site-packages/airflow/example_dags/example_datasets.py for tasks to queue
[2024-09-18T17:27:26.215-0500] {logging_mixin.py:190} INFO - [2024-09-18T17:27:26.215-0500] {dagbag.py:587} INFO - Filling up the DagBag from /Users/binhpham/Projects/dbt_project/venv/lib/python3.9/site-packages/airflow/example_dags/example_datasets.py
[2024-09-18T17:27:26.260-0500] {processor.py:925} INFO - DAG(s) 'dataset_consumes_1_and_2', 'dataset_consumes_1', 'dataset_consumes_unknown_never_scheduled', 'consume_1_and_2_with_dataset_expressions', 'dataset_consumes_1_never_scheduled', 'conditional_dataset_and_time_based_timetable', 'dataset_produces_1', 'consume_1_or_2_with_dataset_expressions', 'consume_1_or_both_2_and_3_with_dataset_expressions', 'dataset_produces_2' retrieved from /Users/binhpham/Projects/dbt_project/venv/lib/python3.9/site-packages/airflow/example_dags/example_datasets.py
[2024-09-18T17:27:26.326-0500] {logging_mixin.py:190} INFO - [2024-09-18T17:27:26.326-0500] {dag.py:3229} INFO - Sync 10 DAGs
[2024-09-18T17:27:26.338-0500] {logging_mixin.py:190} INFO - [2024-09-18T17:27:26.338-0500] {dag.py:4156} INFO - Setting next_dagrun for conditional_dataset_and_time_based_timetable to 2024-09-18 01:00:00+00:00, run_after=2024-09-18 01:00:00+00:00
[2024-09-18T17:27:26.340-0500] {logging_mixin.py:190} INFO - [2024-09-18T17:27:26.340-0500] {dag.py:4156} INFO - Setting next_dagrun for consume_1_and_2_with_dataset_expressions to None, run_after=None
[2024-09-18T17:27:26.340-0500] {logging_mixin.py:190} INFO - [2024-09-18T17:27:26.340-0500] {dag.py:4156} INFO - Setting next_dagrun for consume_1_or_2_with_dataset_expressions to None, run_after=None
[2024-09-18T17:27:26.341-0500] {logging_mixin.py:190} INFO - [2024-09-18T17:27:26.341-0500] {dag.py:4156} INFO - Setting next_dagrun for consume_1_or_both_2_and_3_with_dataset_expressions to None, run_after=None
[2024-09-18T17:27:26.341-0500] {logging_mixin.py:190} INFO - [2024-09-18T17:27:26.341-0500] {dag.py:4156} INFO - Setting next_dagrun for dataset_consumes_1 to None, run_after=None
[2024-09-18T17:27:26.342-0500] {logging_mixin.py:190} INFO - [2024-09-18T17:27:26.342-0500] {dag.py:4156} INFO - Setting next_dagrun for dataset_consumes_1_and_2 to None, run_after=None
[2024-09-18T17:27:26.342-0500] {logging_mixin.py:190} INFO - [2024-09-18T17:27:26.342-0500] {dag.py:4156} INFO - Setting next_dagrun for dataset_consumes_1_never_scheduled to None, run_after=None
[2024-09-18T17:27:26.342-0500] {logging_mixin.py:190} INFO - [2024-09-18T17:27:26.342-0500] {dag.py:4156} INFO - Setting next_dagrun for dataset_consumes_unknown_never_scheduled to None, run_after=None
[2024-09-18T17:27:26.344-0500] {logging_mixin.py:190} INFO - [2024-09-18T17:27:26.344-0500] {dag.py:4156} INFO - Setting next_dagrun for dataset_produces_1 to 2024-09-17 00:00:00+00:00, run_after=2024-09-18 00:00:00+00:00
[2024-09-18T17:27:26.344-0500] {logging_mixin.py:190} INFO - [2024-09-18T17:27:26.344-0500] {dag.py:4156} INFO - Setting next_dagrun for dataset_produces_2 to None, run_after=None
[2024-09-18T17:27:26.359-0500] {processor.py:208} INFO - Processing /Users/binhpham/Projects/dbt_project/venv/lib/python3.9/site-packages/airflow/example_dags/example_datasets.py took 0.147 seconds
[2024-09-18T17:29:58.703-0500] {processor.py:186} INFO - Started process (PID=21707) to work on /Users/binhpham/Projects/dbt_project/venv/lib/python3.9/site-packages/airflow/example_dags/example_datasets.py
[2024-09-18T17:29:58.706-0500] {processor.py:914} INFO - Processing file /Users/binhpham/Projects/dbt_project/venv/lib/python3.9/site-packages/airflow/example_dags/example_datasets.py for tasks to queue
[2024-09-18T17:29:58.706-0500] {logging_mixin.py:190} INFO - [2024-09-18T17:29:58.706-0500] {dagbag.py:587} INFO - Filling up the DagBag from /Users/binhpham/Projects/dbt_project/venv/lib/python3.9/site-packages/airflow/example_dags/example_datasets.py
[2024-09-18T17:29:58.748-0500] {processor.py:925} INFO - DAG(s) 'dataset_consumes_1', 'dataset_produces_2', 'consume_1_and_2_with_dataset_expressions', 'conditional_dataset_and_time_based_timetable', 'consume_1_or_both_2_and_3_with_dataset_expressions', 'dataset_produces_1', 'dataset_consumes_1_and_2', 'dataset_consumes_1_never_scheduled', 'consume_1_or_2_with_dataset_expressions', 'dataset_consumes_unknown_never_scheduled' retrieved from /Users/binhpham/Projects/dbt_project/venv/lib/python3.9/site-packages/airflow/example_dags/example_datasets.py
[2024-09-18T17:29:58.812-0500] {logging_mixin.py:190} INFO - [2024-09-18T17:29:58.812-0500] {dag.py:3229} INFO - Sync 10 DAGs
[2024-09-18T17:29:58.824-0500] {logging_mixin.py:190} INFO - [2024-09-18T17:29:58.824-0500] {dag.py:4156} INFO - Setting next_dagrun for conditional_dataset_and_time_based_timetable to 2024-09-18 01:00:00+00:00, run_after=2024-09-18 01:00:00+00:00
[2024-09-18T17:29:58.825-0500] {logging_mixin.py:190} INFO - [2024-09-18T17:29:58.825-0500] {dag.py:4156} INFO - Setting next_dagrun for consume_1_and_2_with_dataset_expressions to None, run_after=None
[2024-09-18T17:29:58.826-0500] {logging_mixin.py:190} INFO - [2024-09-18T17:29:58.826-0500] {dag.py:4156} INFO - Setting next_dagrun for consume_1_or_2_with_dataset_expressions to None, run_after=None
[2024-09-18T17:29:58.826-0500] {logging_mixin.py:190} INFO - [2024-09-18T17:29:58.826-0500] {dag.py:4156} INFO - Setting next_dagrun for consume_1_or_both_2_and_3_with_dataset_expressions to None, run_after=None
[2024-09-18T17:29:58.827-0500] {logging_mixin.py:190} INFO - [2024-09-18T17:29:58.826-0500] {dag.py:4156} INFO - Setting next_dagrun for dataset_consumes_1 to None, run_after=None
[2024-09-18T17:29:58.827-0500] {logging_mixin.py:190} INFO - [2024-09-18T17:29:58.827-0500] {dag.py:4156} INFO - Setting next_dagrun for dataset_consumes_1_and_2 to None, run_after=None
[2024-09-18T17:29:58.827-0500] {logging_mixin.py:190} INFO - [2024-09-18T17:29:58.827-0500] {dag.py:4156} INFO - Setting next_dagrun for dataset_consumes_1_never_scheduled to None, run_after=None
[2024-09-18T17:29:58.828-0500] {logging_mixin.py:190} INFO - [2024-09-18T17:29:58.828-0500] {dag.py:4156} INFO - Setting next_dagrun for dataset_consumes_unknown_never_scheduled to None, run_after=None
[2024-09-18T17:29:58.829-0500] {logging_mixin.py:190} INFO - [2024-09-18T17:29:58.829-0500] {dag.py:4156} INFO - Setting next_dagrun for dataset_produces_1 to 2024-09-17 00:00:00+00:00, run_after=2024-09-18 00:00:00+00:00
[2024-09-18T17:29:58.829-0500] {logging_mixin.py:190} INFO - [2024-09-18T17:29:58.829-0500] {dag.py:4156} INFO - Setting next_dagrun for dataset_produces_2 to None, run_after=None
[2024-09-18T17:29:58.843-0500] {processor.py:208} INFO - Processing /Users/binhpham/Projects/dbt_project/venv/lib/python3.9/site-packages/airflow/example_dags/example_datasets.py took 0.141 seconds
[2024-09-18T17:32:44.490-0500] {processor.py:186} INFO - Started process (PID=22859) to work on /Users/binhpham/Projects/dbt_project/venv/lib/python3.9/site-packages/airflow/example_dags/example_datasets.py
[2024-09-18T17:32:44.493-0500] {processor.py:914} INFO - Processing file /Users/binhpham/Projects/dbt_project/venv/lib/python3.9/site-packages/airflow/example_dags/example_datasets.py for tasks to queue
[2024-09-18T17:32:44.493-0500] {logging_mixin.py:190} INFO - [2024-09-18T17:32:44.493-0500] {dagbag.py:587} INFO - Filling up the DagBag from /Users/binhpham/Projects/dbt_project/venv/lib/python3.9/site-packages/airflow/example_dags/example_datasets.py
[2024-09-18T17:32:44.539-0500] {processor.py:925} INFO - DAG(s) 'conditional_dataset_and_time_based_timetable', 'dataset_consumes_1', 'dataset_consumes_unknown_never_scheduled', 'dataset_consumes_1_and_2', 'consume_1_or_2_with_dataset_expressions', 'dataset_produces_1', 'consume_1_and_2_with_dataset_expressions', 'dataset_produces_2', 'dataset_consumes_1_never_scheduled', 'consume_1_or_both_2_and_3_with_dataset_expressions' retrieved from /Users/binhpham/Projects/dbt_project/venv/lib/python3.9/site-packages/airflow/example_dags/example_datasets.py
[2024-09-18T17:32:44.605-0500] {logging_mixin.py:190} INFO - [2024-09-18T17:32:44.605-0500] {dag.py:3229} INFO - Sync 10 DAGs
[2024-09-18T17:32:44.617-0500] {logging_mixin.py:190} INFO - [2024-09-18T17:32:44.617-0500] {dag.py:4156} INFO - Setting next_dagrun for conditional_dataset_and_time_based_timetable to 2024-09-18 01:00:00+00:00, run_after=2024-09-18 01:00:00+00:00
[2024-09-18T17:32:44.618-0500] {logging_mixin.py:190} INFO - [2024-09-18T17:32:44.618-0500] {dag.py:4156} INFO - Setting next_dagrun for consume_1_and_2_with_dataset_expressions to None, run_after=None
[2024-09-18T17:32:44.619-0500] {logging_mixin.py:190} INFO - [2024-09-18T17:32:44.619-0500] {dag.py:4156} INFO - Setting next_dagrun for consume_1_or_2_with_dataset_expressions to None, run_after=None
[2024-09-18T17:32:44.619-0500] {logging_mixin.py:190} INFO - [2024-09-18T17:32:44.619-0500] {dag.py:4156} INFO - Setting next_dagrun for consume_1_or_both_2_and_3_with_dataset_expressions to None, run_after=None
[2024-09-18T17:32:44.620-0500] {logging_mixin.py:190} INFO - [2024-09-18T17:32:44.620-0500] {dag.py:4156} INFO - Setting next_dagrun for dataset_consumes_1 to None, run_after=None
[2024-09-18T17:32:44.620-0500] {logging_mixin.py:190} INFO - [2024-09-18T17:32:44.620-0500] {dag.py:4156} INFO - Setting next_dagrun for dataset_consumes_1_and_2 to None, run_after=None
[2024-09-18T17:32:44.620-0500] {logging_mixin.py:190} INFO - [2024-09-18T17:32:44.620-0500] {dag.py:4156} INFO - Setting next_dagrun for dataset_consumes_1_never_scheduled to None, run_after=None
[2024-09-18T17:32:44.621-0500] {logging_mixin.py:190} INFO - [2024-09-18T17:32:44.621-0500] {dag.py:4156} INFO - Setting next_dagrun for dataset_consumes_unknown_never_scheduled to None, run_after=None
[2024-09-18T17:32:44.622-0500] {logging_mixin.py:190} INFO - [2024-09-18T17:32:44.622-0500] {dag.py:4156} INFO - Setting next_dagrun for dataset_produces_1 to 2024-09-17 00:00:00+00:00, run_after=2024-09-18 00:00:00+00:00
[2024-09-18T17:32:44.622-0500] {logging_mixin.py:190} INFO - [2024-09-18T17:32:44.622-0500] {dag.py:4156} INFO - Setting next_dagrun for dataset_produces_2 to None, run_after=None
[2024-09-18T17:32:44.637-0500] {processor.py:208} INFO - Processing /Users/binhpham/Projects/dbt_project/venv/lib/python3.9/site-packages/airflow/example_dags/example_datasets.py took 0.148 seconds
[2024-09-18T17:35:43.652-0500] {processor.py:186} INFO - Started process (PID=23730) to work on /Users/binhpham/Projects/dbt_project/venv/lib/python3.9/site-packages/airflow/example_dags/example_datasets.py
[2024-09-18T17:35:43.654-0500] {processor.py:914} INFO - Processing file /Users/binhpham/Projects/dbt_project/venv/lib/python3.9/site-packages/airflow/example_dags/example_datasets.py for tasks to queue
[2024-09-18T17:35:43.655-0500] {logging_mixin.py:190} INFO - [2024-09-18T17:35:43.654-0500] {dagbag.py:587} INFO - Filling up the DagBag from /Users/binhpham/Projects/dbt_project/venv/lib/python3.9/site-packages/airflow/example_dags/example_datasets.py
[2024-09-18T17:35:43.697-0500] {processor.py:925} INFO - DAG(s) 'consume_1_or_both_2_and_3_with_dataset_expressions', 'dataset_consumes_1_never_scheduled', 'consume_1_or_2_with_dataset_expressions', 'conditional_dataset_and_time_based_timetable', 'dataset_consumes_1_and_2', 'dataset_produces_1', 'dataset_consumes_1', 'consume_1_and_2_with_dataset_expressions', 'dataset_produces_2', 'dataset_consumes_unknown_never_scheduled' retrieved from /Users/binhpham/Projects/dbt_project/venv/lib/python3.9/site-packages/airflow/example_dags/example_datasets.py
[2024-09-18T17:35:43.764-0500] {logging_mixin.py:190} INFO - [2024-09-18T17:35:43.764-0500] {dag.py:3229} INFO - Sync 10 DAGs
[2024-09-18T17:35:43.775-0500] {logging_mixin.py:190} INFO - [2024-09-18T17:35:43.775-0500] {dag.py:4156} INFO - Setting next_dagrun for conditional_dataset_and_time_based_timetable to 2024-09-18 01:00:00+00:00, run_after=2024-09-18 01:00:00+00:00
[2024-09-18T17:35:43.777-0500] {logging_mixin.py:190} INFO - [2024-09-18T17:35:43.776-0500] {dag.py:4156} INFO - Setting next_dagrun for consume_1_and_2_with_dataset_expressions to None, run_after=None
[2024-09-18T17:35:43.777-0500] {logging_mixin.py:190} INFO - [2024-09-18T17:35:43.777-0500] {dag.py:4156} INFO - Setting next_dagrun for consume_1_or_2_with_dataset_expressions to None, run_after=None
[2024-09-18T17:35:43.778-0500] {logging_mixin.py:190} INFO - [2024-09-18T17:35:43.777-0500] {dag.py:4156} INFO - Setting next_dagrun for consume_1_or_both_2_and_3_with_dataset_expressions to None, run_after=None
[2024-09-18T17:35:43.778-0500] {logging_mixin.py:190} INFO - [2024-09-18T17:35:43.778-0500] {dag.py:4156} INFO - Setting next_dagrun for dataset_consumes_1 to None, run_after=None
[2024-09-18T17:35:43.778-0500] {logging_mixin.py:190} INFO - [2024-09-18T17:35:43.778-0500] {dag.py:4156} INFO - Setting next_dagrun for dataset_consumes_1_and_2 to None, run_after=None
[2024-09-18T17:35:43.779-0500] {logging_mixin.py:190} INFO - [2024-09-18T17:35:43.779-0500] {dag.py:4156} INFO - Setting next_dagrun for dataset_consumes_1_never_scheduled to None, run_after=None
[2024-09-18T17:35:43.779-0500] {logging_mixin.py:190} INFO - [2024-09-18T17:35:43.779-0500] {dag.py:4156} INFO - Setting next_dagrun for dataset_consumes_unknown_never_scheduled to None, run_after=None
[2024-09-18T17:35:43.780-0500] {logging_mixin.py:190} INFO - [2024-09-18T17:35:43.780-0500] {dag.py:4156} INFO - Setting next_dagrun for dataset_produces_1 to 2024-09-17 00:00:00+00:00, run_after=2024-09-18 00:00:00+00:00
[2024-09-18T17:35:43.781-0500] {logging_mixin.py:190} INFO - [2024-09-18T17:35:43.781-0500] {dag.py:4156} INFO - Setting next_dagrun for dataset_produces_2 to None, run_after=None
[2024-09-18T17:35:43.796-0500] {processor.py:208} INFO - Processing /Users/binhpham/Projects/dbt_project/venv/lib/python3.9/site-packages/airflow/example_dags/example_datasets.py took 0.146 seconds
[2024-09-18T17:38:28.309-0500] {processor.py:186} INFO - Started process (PID=24243) to work on /Users/binhpham/Projects/dbt_project/venv/lib/python3.9/site-packages/airflow/example_dags/example_datasets.py
[2024-09-18T17:38:28.310-0500] {processor.py:914} INFO - Processing file /Users/binhpham/Projects/dbt_project/venv/lib/python3.9/site-packages/airflow/example_dags/example_datasets.py for tasks to queue
[2024-09-18T17:38:28.310-0500] {logging_mixin.py:190} INFO - [2024-09-18T17:38:28.310-0500] {dagbag.py:587} INFO - Filling up the DagBag from /Users/binhpham/Projects/dbt_project/venv/lib/python3.9/site-packages/airflow/example_dags/example_datasets.py
[2024-09-18T17:38:28.351-0500] {processor.py:925} INFO - DAG(s) 'consume_1_or_2_with_dataset_expressions', 'dataset_produces_2', 'dataset_consumes_1', 'dataset_produces_1', 'dataset_consumes_1_and_2', 'consume_1_and_2_with_dataset_expressions', 'consume_1_or_both_2_and_3_with_dataset_expressions', 'conditional_dataset_and_time_based_timetable', 'dataset_consumes_1_never_scheduled', 'dataset_consumes_unknown_never_scheduled' retrieved from /Users/binhpham/Projects/dbt_project/venv/lib/python3.9/site-packages/airflow/example_dags/example_datasets.py
[2024-09-18T17:38:28.416-0500] {logging_mixin.py:190} INFO - [2024-09-18T17:38:28.416-0500] {dag.py:3229} INFO - Sync 10 DAGs
[2024-09-18T17:38:28.427-0500] {logging_mixin.py:190} INFO - [2024-09-18T17:38:28.427-0500] {dag.py:4156} INFO - Setting next_dagrun for conditional_dataset_and_time_based_timetable to 2024-09-18 01:00:00+00:00, run_after=2024-09-18 01:00:00+00:00
[2024-09-18T17:38:28.428-0500] {logging_mixin.py:190} INFO - [2024-09-18T17:38:28.428-0500] {dag.py:4156} INFO - Setting next_dagrun for consume_1_and_2_with_dataset_expressions to None, run_after=None
[2024-09-18T17:38:28.429-0500] {logging_mixin.py:190} INFO - [2024-09-18T17:38:28.429-0500] {dag.py:4156} INFO - Setting next_dagrun for consume_1_or_2_with_dataset_expressions to None, run_after=None
[2024-09-18T17:38:28.429-0500] {logging_mixin.py:190} INFO - [2024-09-18T17:38:28.429-0500] {dag.py:4156} INFO - Setting next_dagrun for consume_1_or_both_2_and_3_with_dataset_expressions to None, run_after=None
[2024-09-18T17:38:28.430-0500] {logging_mixin.py:190} INFO - [2024-09-18T17:38:28.430-0500] {dag.py:4156} INFO - Setting next_dagrun for dataset_consumes_1 to None, run_after=None
[2024-09-18T17:38:28.430-0500] {logging_mixin.py:190} INFO - [2024-09-18T17:38:28.430-0500] {dag.py:4156} INFO - Setting next_dagrun for dataset_consumes_1_and_2 to None, run_after=None
[2024-09-18T17:38:28.431-0500] {logging_mixin.py:190} INFO - [2024-09-18T17:38:28.431-0500] {dag.py:4156} INFO - Setting next_dagrun for dataset_consumes_1_never_scheduled to None, run_after=None
[2024-09-18T17:38:28.431-0500] {logging_mixin.py:190} INFO - [2024-09-18T17:38:28.431-0500] {dag.py:4156} INFO - Setting next_dagrun for dataset_consumes_unknown_never_scheduled to None, run_after=None
[2024-09-18T17:38:28.432-0500] {logging_mixin.py:190} INFO - [2024-09-18T17:38:28.432-0500] {dag.py:4156} INFO - Setting next_dagrun for dataset_produces_1 to 2024-09-17 00:00:00+00:00, run_after=2024-09-18 00:00:00+00:00
[2024-09-18T17:38:28.433-0500] {logging_mixin.py:190} INFO - [2024-09-18T17:38:28.433-0500] {dag.py:4156} INFO - Setting next_dagrun for dataset_produces_2 to None, run_after=None
[2024-09-18T17:38:28.447-0500] {processor.py:208} INFO - Processing /Users/binhpham/Projects/dbt_project/venv/lib/python3.9/site-packages/airflow/example_dags/example_datasets.py took 0.140 seconds
[2024-09-18T17:41:21.037-0500] {processor.py:186} INFO - Started process (PID=24792) to work on /Users/binhpham/Projects/dbt_project/venv/lib/python3.9/site-packages/airflow/example_dags/example_datasets.py
[2024-09-18T17:41:21.039-0500] {processor.py:914} INFO - Processing file /Users/binhpham/Projects/dbt_project/venv/lib/python3.9/site-packages/airflow/example_dags/example_datasets.py for tasks to queue
[2024-09-18T17:41:21.040-0500] {logging_mixin.py:190} INFO - [2024-09-18T17:41:21.040-0500] {dagbag.py:587} INFO - Filling up the DagBag from /Users/binhpham/Projects/dbt_project/venv/lib/python3.9/site-packages/airflow/example_dags/example_datasets.py
[2024-09-18T17:41:21.086-0500] {processor.py:925} INFO - DAG(s) 'dataset_consumes_1_never_scheduled', 'dataset_produces_1', 'dataset_consumes_1_and_2', 'dataset_consumes_unknown_never_scheduled', 'consume_1_or_2_with_dataset_expressions', 'conditional_dataset_and_time_based_timetable', 'dataset_produces_2', 'consume_1_and_2_with_dataset_expressions', 'dataset_consumes_1', 'consume_1_or_both_2_and_3_with_dataset_expressions' retrieved from /Users/binhpham/Projects/dbt_project/venv/lib/python3.9/site-packages/airflow/example_dags/example_datasets.py
[2024-09-18T17:41:21.150-0500] {logging_mixin.py:190} INFO - [2024-09-18T17:41:21.150-0500] {dag.py:3229} INFO - Sync 10 DAGs
[2024-09-18T17:41:21.161-0500] {logging_mixin.py:190} INFO - [2024-09-18T17:41:21.161-0500] {dag.py:4156} INFO - Setting next_dagrun for conditional_dataset_and_time_based_timetable to 2024-09-18 01:00:00+00:00, run_after=2024-09-18 01:00:00+00:00
[2024-09-18T17:41:21.163-0500] {logging_mixin.py:190} INFO - [2024-09-18T17:41:21.162-0500] {dag.py:4156} INFO - Setting next_dagrun for consume_1_and_2_with_dataset_expressions to None, run_after=None
[2024-09-18T17:41:21.163-0500] {logging_mixin.py:190} INFO - [2024-09-18T17:41:21.163-0500] {dag.py:4156} INFO - Setting next_dagrun for consume_1_or_2_with_dataset_expressions to None, run_after=None
[2024-09-18T17:41:21.164-0500] {logging_mixin.py:190} INFO - [2024-09-18T17:41:21.163-0500] {dag.py:4156} INFO - Setting next_dagrun for consume_1_or_both_2_and_3_with_dataset_expressions to None, run_after=None
[2024-09-18T17:41:21.164-0500] {logging_mixin.py:190} INFO - [2024-09-18T17:41:21.164-0500] {dag.py:4156} INFO - Setting next_dagrun for dataset_consumes_1 to None, run_after=None
[2024-09-18T17:41:21.164-0500] {logging_mixin.py:190} INFO - [2024-09-18T17:41:21.164-0500] {dag.py:4156} INFO - Setting next_dagrun for dataset_consumes_1_and_2 to None, run_after=None
[2024-09-18T17:41:21.165-0500] {logging_mixin.py:190} INFO - [2024-09-18T17:41:21.165-0500] {dag.py:4156} INFO - Setting next_dagrun for dataset_consumes_1_never_scheduled to None, run_after=None
[2024-09-18T17:41:21.165-0500] {logging_mixin.py:190} INFO - [2024-09-18T17:41:21.165-0500] {dag.py:4156} INFO - Setting next_dagrun for dataset_consumes_unknown_never_scheduled to None, run_after=None
[2024-09-18T17:41:21.166-0500] {logging_mixin.py:190} INFO - [2024-09-18T17:41:21.166-0500] {dag.py:4156} INFO - Setting next_dagrun for dataset_produces_1 to 2024-09-17 00:00:00+00:00, run_after=2024-09-18 00:00:00+00:00
[2024-09-18T17:41:21.167-0500] {logging_mixin.py:190} INFO - [2024-09-18T17:41:21.167-0500] {dag.py:4156} INFO - Setting next_dagrun for dataset_produces_2 to None, run_after=None
[2024-09-18T17:41:21.181-0500] {processor.py:208} INFO - Processing /Users/binhpham/Projects/dbt_project/venv/lib/python3.9/site-packages/airflow/example_dags/example_datasets.py took 0.145 seconds
[2024-09-18T17:44:11.587-0500] {processor.py:186} INFO - Started process (PID=25368) to work on /Users/binhpham/Projects/dbt_project/venv/lib/python3.9/site-packages/airflow/example_dags/example_datasets.py
[2024-09-18T17:44:11.588-0500] {processor.py:914} INFO - Processing file /Users/binhpham/Projects/dbt_project/venv/lib/python3.9/site-packages/airflow/example_dags/example_datasets.py for tasks to queue
[2024-09-18T17:44:11.589-0500] {logging_mixin.py:190} INFO - [2024-09-18T17:44:11.589-0500] {dagbag.py:587} INFO - Filling up the DagBag from /Users/binhpham/Projects/dbt_project/venv/lib/python3.9/site-packages/airflow/example_dags/example_datasets.py
[2024-09-18T17:44:11.635-0500] {processor.py:925} INFO - DAG(s) 'consume_1_or_both_2_and_3_with_dataset_expressions', 'dataset_produces_1', 'consume_1_or_2_with_dataset_expressions', 'dataset_consumes_1_and_2', 'dataset_consumes_1', 'dataset_consumes_unknown_never_scheduled', 'dataset_consumes_1_never_scheduled', 'conditional_dataset_and_time_based_timetable', 'dataset_produces_2', 'consume_1_and_2_with_dataset_expressions' retrieved from /Users/binhpham/Projects/dbt_project/venv/lib/python3.9/site-packages/airflow/example_dags/example_datasets.py
[2024-09-18T17:44:11.700-0500] {logging_mixin.py:190} INFO - [2024-09-18T17:44:11.700-0500] {dag.py:3229} INFO - Sync 10 DAGs
[2024-09-18T17:44:11.711-0500] {logging_mixin.py:190} INFO - [2024-09-18T17:44:11.711-0500] {dag.py:4156} INFO - Setting next_dagrun for conditional_dataset_and_time_based_timetable to 2024-09-18 01:00:00+00:00, run_after=2024-09-18 01:00:00+00:00
[2024-09-18T17:44:11.712-0500] {logging_mixin.py:190} INFO - [2024-09-18T17:44:11.712-0500] {dag.py:4156} INFO - Setting next_dagrun for consume_1_and_2_with_dataset_expressions to None, run_after=None
[2024-09-18T17:44:11.713-0500] {logging_mixin.py:190} INFO - [2024-09-18T17:44:11.713-0500] {dag.py:4156} INFO - Setting next_dagrun for consume_1_or_2_with_dataset_expressions to None, run_after=None
[2024-09-18T17:44:11.713-0500] {logging_mixin.py:190} INFO - [2024-09-18T17:44:11.713-0500] {dag.py:4156} INFO - Setting next_dagrun for consume_1_or_both_2_and_3_with_dataset_expressions to None, run_after=None
[2024-09-18T17:44:11.714-0500] {logging_mixin.py:190} INFO - [2024-09-18T17:44:11.714-0500] {dag.py:4156} INFO - Setting next_dagrun for dataset_consumes_1 to None, run_after=None
[2024-09-18T17:44:11.714-0500] {logging_mixin.py:190} INFO - [2024-09-18T17:44:11.714-0500] {dag.py:4156} INFO - Setting next_dagrun for dataset_consumes_1_and_2 to None, run_after=None
[2024-09-18T17:44:11.715-0500] {logging_mixin.py:190} INFO - [2024-09-18T17:44:11.715-0500] {dag.py:4156} INFO - Setting next_dagrun for dataset_consumes_1_never_scheduled to None, run_after=None
[2024-09-18T17:44:11.715-0500] {logging_mixin.py:190} INFO - [2024-09-18T17:44:11.715-0500] {dag.py:4156} INFO - Setting next_dagrun for dataset_consumes_unknown_never_scheduled to None, run_after=None
[2024-09-18T17:44:11.716-0500] {logging_mixin.py:190} INFO - [2024-09-18T17:44:11.716-0500] {dag.py:4156} INFO - Setting next_dagrun for dataset_produces_1 to 2024-09-17 00:00:00+00:00, run_after=2024-09-18 00:00:00+00:00
[2024-09-18T17:44:11.717-0500] {logging_mixin.py:190} INFO - [2024-09-18T17:44:11.716-0500] {dag.py:4156} INFO - Setting next_dagrun for dataset_produces_2 to None, run_after=None
[2024-09-18T17:44:11.730-0500] {processor.py:208} INFO - Processing /Users/binhpham/Projects/dbt_project/venv/lib/python3.9/site-packages/airflow/example_dags/example_datasets.py took 0.145 seconds
