[2024-09-18T16:53:17.788-0500] {processor.py:186} INFO - Started process (PID=12105) to work on /Users/binhpham/Library/Python/3.9/lib/python/site-packages/airflow/example_dags/example_branch_operator.py
[2024-09-18T16:53:17.790-0500] {processor.py:914} INFO - Processing file /Users/binhpham/Library/Python/3.9/lib/python/site-packages/airflow/example_dags/example_branch_operator.py for tasks to queue
[2024-09-18T16:53:17.790-0500] {logging_mixin.py:190} INFO - [2024-09-18T16:53:17.790-0500] {dagbag.py:587} INFO - Filling up the DagBag from /Users/binhpham/Library/Python/3.9/lib/python/site-packages/airflow/example_dags/example_branch_operator.py
[2024-09-18T16:53:17.810-0500] {processor.py:925} INFO - DAG(s) 'example_branch_operator' retrieved from /Users/binhpham/Library/Python/3.9/lib/python/site-packages/airflow/example_dags/example_branch_operator.py
[2024-09-18T16:53:17.918-0500] {logging_mixin.py:190} INFO - [2024-09-18T16:53:17.917-0500] {override.py:1900} INFO - Created Permission View: can edit on DAG:example_branch_operator
[2024-09-18T16:53:17.922-0500] {logging_mixin.py:190} INFO - [2024-09-18T16:53:17.922-0500] {override.py:1900} INFO - Created Permission View: can read on DAG:example_branch_operator
[2024-09-18T16:53:17.925-0500] {logging_mixin.py:190} INFO - [2024-09-18T16:53:17.925-0500] {override.py:1900} INFO - Created Permission View: can delete on DAG:example_branch_operator
[2024-09-18T16:53:17.929-0500] {logging_mixin.py:190} INFO - [2024-09-18T16:53:17.928-0500] {override.py:1900} INFO - Created Permission View: can create on DAG Run:example_branch_operator
[2024-09-18T16:53:17.931-0500] {logging_mixin.py:190} INFO - [2024-09-18T16:53:17.931-0500] {override.py:1900} INFO - Created Permission View: can read on DAG Run:example_branch_operator
[2024-09-18T16:53:17.934-0500] {logging_mixin.py:190} INFO - [2024-09-18T16:53:17.934-0500] {override.py:1900} INFO - Created Permission View: can delete on DAG Run:example_branch_operator
[2024-09-18T16:53:17.937-0500] {logging_mixin.py:190} INFO - [2024-09-18T16:53:17.937-0500] {override.py:1900} INFO - Created Permission View: menu access on DAG Run:example_branch_operator
[2024-09-18T16:53:17.937-0500] {logging_mixin.py:190} INFO - [2024-09-18T16:53:17.937-0500] {dag.py:3229} INFO - Sync 1 DAGs
[2024-09-18T16:53:17.943-0500] {logging_mixin.py:190} INFO - [2024-09-18T16:53:17.943-0500] {dag.py:3252} INFO - Creating ORM DAG for example_branch_operator
[2024-09-18T16:53:17.984-0500] {logging_mixin.py:190} INFO - [2024-09-18T16:53:17.983-0500] {dag.py:4156} INFO - Setting next_dagrun for example_branch_operator to 2024-09-17 00:00:00+00:00, run_after=2024-09-18 00:00:00+00:00
[2024-09-18T16:53:17.993-0500] {processor.py:208} INFO - Processing /Users/binhpham/Library/Python/3.9/lib/python/site-packages/airflow/example_dags/example_branch_operator.py took 0.206 seconds
[2024-09-18T16:58:19.817-0500] {processor.py:186} INFO - Started process (PID=13138) to work on /Users/binhpham/Library/Python/3.9/lib/python/site-packages/airflow/example_dags/example_branch_operator.py
[2024-09-18T16:58:19.820-0500] {processor.py:914} INFO - Processing file /Users/binhpham/Library/Python/3.9/lib/python/site-packages/airflow/example_dags/example_branch_operator.py for tasks to queue
[2024-09-18T16:58:19.820-0500] {logging_mixin.py:190} INFO - [2024-09-18T16:58:19.820-0500] {dagbag.py:587} INFO - Filling up the DagBag from /Users/binhpham/Library/Python/3.9/lib/python/site-packages/airflow/example_dags/example_branch_operator.py
[2024-09-18T16:58:19.840-0500] {processor.py:925} INFO - DAG(s) 'example_branch_operator' retrieved from /Users/binhpham/Library/Python/3.9/lib/python/site-packages/airflow/example_dags/example_branch_operator.py
[2024-09-18T16:58:19.956-0500] {logging_mixin.py:190} INFO - [2024-09-18T16:58:19.956-0500] {dag.py:3229} INFO - Sync 1 DAGs
[2024-09-18T16:58:19.967-0500] {logging_mixin.py:190} INFO - [2024-09-18T16:58:19.967-0500] {dag.py:4156} INFO - Setting next_dagrun for example_branch_operator to 2024-09-17 00:00:00+00:00, run_after=2024-09-18 00:00:00+00:00
[2024-09-18T16:58:20.014-0500] {processor.py:208} INFO - Processing /Users/binhpham/Library/Python/3.9/lib/python/site-packages/airflow/example_dags/example_branch_operator.py took 0.198 seconds
[2024-09-18T17:01:17.533-0500] {processor.py:186} INFO - Started process (PID=13717) to work on /Users/binhpham/Library/Python/3.9/lib/python/site-packages/airflow/example_dags/example_branch_operator.py
[2024-09-18T17:01:17.534-0500] {processor.py:914} INFO - Processing file /Users/binhpham/Library/Python/3.9/lib/python/site-packages/airflow/example_dags/example_branch_operator.py for tasks to queue
[2024-09-18T17:01:17.535-0500] {logging_mixin.py:190} INFO - [2024-09-18T17:01:17.535-0500] {dagbag.py:587} INFO - Filling up the DagBag from /Users/binhpham/Library/Python/3.9/lib/python/site-packages/airflow/example_dags/example_branch_operator.py
[2024-09-18T17:01:17.553-0500] {processor.py:925} INFO - DAG(s) 'example_branch_operator' retrieved from /Users/binhpham/Library/Python/3.9/lib/python/site-packages/airflow/example_dags/example_branch_operator.py
[2024-09-18T17:01:17.657-0500] {logging_mixin.py:190} INFO - [2024-09-18T17:01:17.656-0500] {dag.py:3229} INFO - Sync 1 DAGs
[2024-09-18T17:01:17.666-0500] {logging_mixin.py:190} INFO - [2024-09-18T17:01:17.666-0500] {dag.py:4156} INFO - Setting next_dagrun for example_branch_operator to 2024-09-17 00:00:00+00:00, run_after=2024-09-18 00:00:00+00:00
[2024-09-18T17:01:17.710-0500] {processor.py:208} INFO - Processing /Users/binhpham/Library/Python/3.9/lib/python/site-packages/airflow/example_dags/example_branch_operator.py took 0.179 seconds
[2024-09-18T17:04:11.122-0500] {processor.py:186} INFO - Started process (PID=14309) to work on /Users/binhpham/Library/Python/3.9/lib/python/site-packages/airflow/example_dags/example_branch_operator.py
[2024-09-18T17:04:11.124-0500] {processor.py:914} INFO - Processing file /Users/binhpham/Library/Python/3.9/lib/python/site-packages/airflow/example_dags/example_branch_operator.py for tasks to queue
[2024-09-18T17:04:11.124-0500] {logging_mixin.py:190} INFO - [2024-09-18T17:04:11.124-0500] {dagbag.py:587} INFO - Filling up the DagBag from /Users/binhpham/Library/Python/3.9/lib/python/site-packages/airflow/example_dags/example_branch_operator.py
[2024-09-18T17:04:11.143-0500] {processor.py:925} INFO - DAG(s) 'example_branch_operator' retrieved from /Users/binhpham/Library/Python/3.9/lib/python/site-packages/airflow/example_dags/example_branch_operator.py
[2024-09-18T17:04:11.247-0500] {logging_mixin.py:190} INFO - [2024-09-18T17:04:11.246-0500] {dag.py:3229} INFO - Sync 1 DAGs
[2024-09-18T17:04:11.256-0500] {logging_mixin.py:190} INFO - [2024-09-18T17:04:11.256-0500] {dag.py:4156} INFO - Setting next_dagrun for example_branch_operator to 2024-09-17 00:00:00+00:00, run_after=2024-09-18 00:00:00+00:00
[2024-09-18T17:04:11.299-0500] {processor.py:208} INFO - Processing /Users/binhpham/Library/Python/3.9/lib/python/site-packages/airflow/example_dags/example_branch_operator.py took 0.179 seconds
[2024-09-18T17:06:58.408-0500] {processor.py:186} INFO - Started process (PID=14950) to work on /Users/binhpham/Library/Python/3.9/lib/python/site-packages/airflow/example_dags/example_branch_operator.py
[2024-09-18T17:06:58.410-0500] {processor.py:914} INFO - Processing file /Users/binhpham/Library/Python/3.9/lib/python/site-packages/airflow/example_dags/example_branch_operator.py for tasks to queue
[2024-09-18T17:06:58.411-0500] {logging_mixin.py:190} INFO - [2024-09-18T17:06:58.411-0500] {dagbag.py:587} INFO - Filling up the DagBag from /Users/binhpham/Library/Python/3.9/lib/python/site-packages/airflow/example_dags/example_branch_operator.py
[2024-09-18T17:06:58.428-0500] {processor.py:925} INFO - DAG(s) 'example_branch_operator' retrieved from /Users/binhpham/Library/Python/3.9/lib/python/site-packages/airflow/example_dags/example_branch_operator.py
[2024-09-18T17:06:58.532-0500] {logging_mixin.py:190} INFO - [2024-09-18T17:06:58.531-0500] {dag.py:3229} INFO - Sync 1 DAGs
[2024-09-18T17:06:58.541-0500] {logging_mixin.py:190} INFO - [2024-09-18T17:06:58.541-0500] {dag.py:4156} INFO - Setting next_dagrun for example_branch_operator to 2024-09-17 00:00:00+00:00, run_after=2024-09-18 00:00:00+00:00
[2024-09-18T17:06:58.585-0500] {processor.py:208} INFO - Processing /Users/binhpham/Library/Python/3.9/lib/python/site-packages/airflow/example_dags/example_branch_operator.py took 0.178 seconds
[2024-09-18T17:09:56.502-0500] {processor.py:186} INFO - Started process (PID=15561) to work on /Users/binhpham/Library/Python/3.9/lib/python/site-packages/airflow/example_dags/example_branch_operator.py
[2024-09-18T17:09:56.504-0500] {processor.py:914} INFO - Processing file /Users/binhpham/Library/Python/3.9/lib/python/site-packages/airflow/example_dags/example_branch_operator.py for tasks to queue
[2024-09-18T17:09:56.504-0500] {logging_mixin.py:190} INFO - [2024-09-18T17:09:56.504-0500] {dagbag.py:587} INFO - Filling up the DagBag from /Users/binhpham/Library/Python/3.9/lib/python/site-packages/airflow/example_dags/example_branch_operator.py
[2024-09-18T17:09:56.522-0500] {processor.py:925} INFO - DAG(s) 'example_branch_operator' retrieved from /Users/binhpham/Library/Python/3.9/lib/python/site-packages/airflow/example_dags/example_branch_operator.py
[2024-09-18T17:09:56.625-0500] {logging_mixin.py:190} INFO - [2024-09-18T17:09:56.625-0500] {dag.py:3229} INFO - Sync 1 DAGs
[2024-09-18T17:09:56.635-0500] {logging_mixin.py:190} INFO - [2024-09-18T17:09:56.635-0500] {dag.py:4156} INFO - Setting next_dagrun for example_branch_operator to 2024-09-17 00:00:00+00:00, run_after=2024-09-18 00:00:00+00:00
[2024-09-18T17:09:56.677-0500] {processor.py:208} INFO - Processing /Users/binhpham/Library/Python/3.9/lib/python/site-packages/airflow/example_dags/example_branch_operator.py took 0.177 seconds
[2024-09-18T17:12:53.764-0500] {processor.py:186} INFO - Started process (PID=16192) to work on /Users/binhpham/Library/Python/3.9/lib/python/site-packages/airflow/example_dags/example_branch_operator.py
[2024-09-18T17:12:53.765-0500] {processor.py:914} INFO - Processing file /Users/binhpham/Library/Python/3.9/lib/python/site-packages/airflow/example_dags/example_branch_operator.py for tasks to queue
[2024-09-18T17:12:53.766-0500] {logging_mixin.py:190} INFO - [2024-09-18T17:12:53.766-0500] {dagbag.py:587} INFO - Filling up the DagBag from /Users/binhpham/Library/Python/3.9/lib/python/site-packages/airflow/example_dags/example_branch_operator.py
[2024-09-18T17:12:53.784-0500] {processor.py:925} INFO - DAG(s) 'example_branch_operator' retrieved from /Users/binhpham/Library/Python/3.9/lib/python/site-packages/airflow/example_dags/example_branch_operator.py
[2024-09-18T17:12:53.887-0500] {logging_mixin.py:190} INFO - [2024-09-18T17:12:53.887-0500] {dag.py:3229} INFO - Sync 1 DAGs
[2024-09-18T17:12:53.897-0500] {logging_mixin.py:190} INFO - [2024-09-18T17:12:53.897-0500] {dag.py:4156} INFO - Setting next_dagrun for example_branch_operator to 2024-09-17 00:00:00+00:00, run_after=2024-09-18 00:00:00+00:00
[2024-09-18T17:12:53.940-0500] {processor.py:208} INFO - Processing /Users/binhpham/Library/Python/3.9/lib/python/site-packages/airflow/example_dags/example_branch_operator.py took 0.178 seconds
[2024-09-18T17:16:42.914-0500] {processor.py:186} INFO - Started process (PID=17159) to work on /Users/binhpham/Library/Python/3.9/lib/python/site-packages/airflow/example_dags/example_branch_operator.py
[2024-09-18T17:16:42.917-0500] {processor.py:914} INFO - Processing file /Users/binhpham/Library/Python/3.9/lib/python/site-packages/airflow/example_dags/example_branch_operator.py for tasks to queue
[2024-09-18T17:16:42.917-0500] {logging_mixin.py:190} INFO - [2024-09-18T17:16:42.917-0500] {dagbag.py:587} INFO - Filling up the DagBag from /Users/binhpham/Library/Python/3.9/lib/python/site-packages/airflow/example_dags/example_branch_operator.py
[2024-09-18T17:16:42.935-0500] {processor.py:925} INFO - DAG(s) 'example_branch_operator' retrieved from /Users/binhpham/Library/Python/3.9/lib/python/site-packages/airflow/example_dags/example_branch_operator.py
[2024-09-18T17:16:43.039-0500] {logging_mixin.py:190} INFO - [2024-09-18T17:16:43.039-0500] {dag.py:3229} INFO - Sync 1 DAGs
[2024-09-18T17:16:43.049-0500] {logging_mixin.py:190} INFO - [2024-09-18T17:16:43.049-0500] {dag.py:4156} INFO - Setting next_dagrun for example_branch_operator to 2024-09-17 00:00:00+00:00, run_after=2024-09-18 00:00:00+00:00
[2024-09-18T17:16:43.092-0500] {processor.py:208} INFO - Processing /Users/binhpham/Library/Python/3.9/lib/python/site-packages/airflow/example_dags/example_branch_operator.py took 0.179 seconds
[2024-09-18T17:19:43.273-0500] {processor.py:186} INFO - Started process (PID=18345) to work on /Users/binhpham/Library/Python/3.9/lib/python/site-packages/airflow/example_dags/example_branch_operator.py
[2024-09-18T17:19:43.275-0500] {processor.py:914} INFO - Processing file /Users/binhpham/Library/Python/3.9/lib/python/site-packages/airflow/example_dags/example_branch_operator.py for tasks to queue
[2024-09-18T17:19:43.276-0500] {logging_mixin.py:190} INFO - [2024-09-18T17:19:43.276-0500] {dagbag.py:587} INFO - Filling up the DagBag from /Users/binhpham/Library/Python/3.9/lib/python/site-packages/airflow/example_dags/example_branch_operator.py
[2024-09-18T17:19:43.294-0500] {processor.py:925} INFO - DAG(s) 'example_branch_operator' retrieved from /Users/binhpham/Library/Python/3.9/lib/python/site-packages/airflow/example_dags/example_branch_operator.py
[2024-09-18T17:19:43.401-0500] {logging_mixin.py:190} INFO - [2024-09-18T17:19:43.401-0500] {dag.py:3229} INFO - Sync 1 DAGs
[2024-09-18T17:19:43.411-0500] {logging_mixin.py:190} INFO - [2024-09-18T17:19:43.411-0500] {dag.py:4156} INFO - Setting next_dagrun for example_branch_operator to 2024-09-17 00:00:00+00:00, run_after=2024-09-18 00:00:00+00:00
[2024-09-18T17:19:43.456-0500] {processor.py:208} INFO - Processing /Users/binhpham/Library/Python/3.9/lib/python/site-packages/airflow/example_dags/example_branch_operator.py took 0.185 seconds
[2024-09-18T17:23:41.536-0500] {processor.py:186} INFO - Started process (PID=19783) to work on /Users/binhpham/Projects/dbt_project/venv/lib/python3.9/site-packages/airflow/example_dags/example_branch_operator.py
[2024-09-18T17:23:41.538-0500] {processor.py:914} INFO - Processing file /Users/binhpham/Projects/dbt_project/venv/lib/python3.9/site-packages/airflow/example_dags/example_branch_operator.py for tasks to queue
[2024-09-18T17:23:41.539-0500] {logging_mixin.py:190} INFO - [2024-09-18T17:23:41.539-0500] {dagbag.py:587} INFO - Filling up the DagBag from /Users/binhpham/Projects/dbt_project/venv/lib/python3.9/site-packages/airflow/example_dags/example_branch_operator.py
[2024-09-18T17:23:41.557-0500] {processor.py:925} INFO - DAG(s) 'example_branch_operator' retrieved from /Users/binhpham/Projects/dbt_project/venv/lib/python3.9/site-packages/airflow/example_dags/example_branch_operator.py
[2024-09-18T17:23:41.664-0500] {logging_mixin.py:190} INFO - [2024-09-18T17:23:41.663-0500] {dag.py:3229} INFO - Sync 1 DAGs
[2024-09-18T17:23:41.674-0500] {logging_mixin.py:190} INFO - [2024-09-18T17:23:41.674-0500] {dag.py:4156} INFO - Setting next_dagrun for example_branch_operator to 2024-09-17 00:00:00+00:00, run_after=2024-09-18 00:00:00+00:00
[2024-09-18T17:23:41.685-0500] {processor.py:208} INFO - Processing /Users/binhpham/Projects/dbt_project/venv/lib/python3.9/site-packages/airflow/example_dags/example_branch_operator.py took 0.150 seconds
[2024-09-18T17:27:40.539-0500] {processor.py:186} INFO - Started process (PID=20817) to work on /Users/binhpham/Projects/dbt_project/venv/lib/python3.9/site-packages/airflow/example_dags/example_branch_operator.py
[2024-09-18T17:27:40.542-0500] {processor.py:914} INFO - Processing file /Users/binhpham/Projects/dbt_project/venv/lib/python3.9/site-packages/airflow/example_dags/example_branch_operator.py for tasks to queue
[2024-09-18T17:27:40.542-0500] {logging_mixin.py:190} INFO - [2024-09-18T17:27:40.542-0500] {dagbag.py:587} INFO - Filling up the DagBag from /Users/binhpham/Projects/dbt_project/venv/lib/python3.9/site-packages/airflow/example_dags/example_branch_operator.py
[2024-09-18T17:27:40.560-0500] {processor.py:925} INFO - DAG(s) 'example_branch_operator' retrieved from /Users/binhpham/Projects/dbt_project/venv/lib/python3.9/site-packages/airflow/example_dags/example_branch_operator.py
[2024-09-18T17:27:40.665-0500] {logging_mixin.py:190} INFO - [2024-09-18T17:27:40.665-0500] {dag.py:3229} INFO - Sync 1 DAGs
[2024-09-18T17:27:40.675-0500] {logging_mixin.py:190} INFO - [2024-09-18T17:27:40.675-0500] {dag.py:4156} INFO - Setting next_dagrun for example_branch_operator to 2024-09-17 00:00:00+00:00, run_after=2024-09-18 00:00:00+00:00
[2024-09-18T17:27:40.685-0500] {processor.py:208} INFO - Processing /Users/binhpham/Projects/dbt_project/venv/lib/python3.9/site-packages/airflow/example_dags/example_branch_operator.py took 0.147 seconds
[2024-09-18T17:30:12.676-0500] {processor.py:186} INFO - Started process (PID=21842) to work on /Users/binhpham/Projects/dbt_project/venv/lib/python3.9/site-packages/airflow/example_dags/example_branch_operator.py
[2024-09-18T17:30:12.678-0500] {processor.py:914} INFO - Processing file /Users/binhpham/Projects/dbt_project/venv/lib/python3.9/site-packages/airflow/example_dags/example_branch_operator.py for tasks to queue
[2024-09-18T17:30:12.678-0500] {logging_mixin.py:190} INFO - [2024-09-18T17:30:12.678-0500] {dagbag.py:587} INFO - Filling up the DagBag from /Users/binhpham/Projects/dbt_project/venv/lib/python3.9/site-packages/airflow/example_dags/example_branch_operator.py
[2024-09-18T17:30:12.696-0500] {processor.py:925} INFO - DAG(s) 'example_branch_operator' retrieved from /Users/binhpham/Projects/dbt_project/venv/lib/python3.9/site-packages/airflow/example_dags/example_branch_operator.py
[2024-09-18T17:30:12.799-0500] {logging_mixin.py:190} INFO - [2024-09-18T17:30:12.799-0500] {dag.py:3229} INFO - Sync 1 DAGs
[2024-09-18T17:30:12.809-0500] {logging_mixin.py:190} INFO - [2024-09-18T17:30:12.809-0500] {dag.py:4156} INFO - Setting next_dagrun for example_branch_operator to 2024-09-17 00:00:00+00:00, run_after=2024-09-18 00:00:00+00:00
[2024-09-18T17:30:12.818-0500] {processor.py:208} INFO - Processing /Users/binhpham/Projects/dbt_project/venv/lib/python3.9/site-packages/airflow/example_dags/example_branch_operator.py took 0.144 seconds
[2024-09-18T17:32:59.722-0500] {processor.py:186} INFO - Started process (PID=22915) to work on /Users/binhpham/Projects/dbt_project/venv/lib/python3.9/site-packages/airflow/example_dags/example_branch_operator.py
[2024-09-18T17:32:59.724-0500] {processor.py:914} INFO - Processing file /Users/binhpham/Projects/dbt_project/venv/lib/python3.9/site-packages/airflow/example_dags/example_branch_operator.py for tasks to queue
[2024-09-18T17:32:59.725-0500] {logging_mixin.py:190} INFO - [2024-09-18T17:32:59.725-0500] {dagbag.py:587} INFO - Filling up the DagBag from /Users/binhpham/Projects/dbt_project/venv/lib/python3.9/site-packages/airflow/example_dags/example_branch_operator.py
[2024-09-18T17:32:59.744-0500] {processor.py:925} INFO - DAG(s) 'example_branch_operator' retrieved from /Users/binhpham/Projects/dbt_project/venv/lib/python3.9/site-packages/airflow/example_dags/example_branch_operator.py
[2024-09-18T17:32:59.849-0500] {logging_mixin.py:190} INFO - [2024-09-18T17:32:59.849-0500] {dag.py:3229} INFO - Sync 1 DAGs
[2024-09-18T17:32:59.859-0500] {logging_mixin.py:190} INFO - [2024-09-18T17:32:59.859-0500] {dag.py:4156} INFO - Setting next_dagrun for example_branch_operator to 2024-09-17 00:00:00+00:00, run_after=2024-09-18 00:00:00+00:00
[2024-09-18T17:32:59.868-0500] {processor.py:208} INFO - Processing /Users/binhpham/Projects/dbt_project/venv/lib/python3.9/site-packages/airflow/example_dags/example_branch_operator.py took 0.148 seconds
[2024-09-18T17:35:57.010-0500] {processor.py:186} INFO - Started process (PID=23770) to work on /Users/binhpham/Projects/dbt_project/venv/lib/python3.9/site-packages/airflow/example_dags/example_branch_operator.py
[2024-09-18T17:35:57.012-0500] {processor.py:914} INFO - Processing file /Users/binhpham/Projects/dbt_project/venv/lib/python3.9/site-packages/airflow/example_dags/example_branch_operator.py for tasks to queue
[2024-09-18T17:35:57.013-0500] {logging_mixin.py:190} INFO - [2024-09-18T17:35:57.013-0500] {dagbag.py:587} INFO - Filling up the DagBag from /Users/binhpham/Projects/dbt_project/venv/lib/python3.9/site-packages/airflow/example_dags/example_branch_operator.py
[2024-09-18T17:35:57.031-0500] {processor.py:925} INFO - DAG(s) 'example_branch_operator' retrieved from /Users/binhpham/Projects/dbt_project/venv/lib/python3.9/site-packages/airflow/example_dags/example_branch_operator.py
[2024-09-18T17:35:57.140-0500] {logging_mixin.py:190} INFO - [2024-09-18T17:35:57.140-0500] {dag.py:3229} INFO - Sync 1 DAGs
[2024-09-18T17:35:57.150-0500] {logging_mixin.py:190} INFO - [2024-09-18T17:35:57.150-0500] {dag.py:4156} INFO - Setting next_dagrun for example_branch_operator to 2024-09-17 00:00:00+00:00, run_after=2024-09-18 00:00:00+00:00
[2024-09-18T17:35:57.160-0500] {processor.py:208} INFO - Processing /Users/binhpham/Projects/dbt_project/venv/lib/python3.9/site-packages/airflow/example_dags/example_branch_operator.py took 0.152 seconds
[2024-09-18T17:38:42.705-0500] {processor.py:186} INFO - Started process (PID=24289) to work on /Users/binhpham/Projects/dbt_project/venv/lib/python3.9/site-packages/airflow/example_dags/example_branch_operator.py
[2024-09-18T17:38:42.706-0500] {processor.py:914} INFO - Processing file /Users/binhpham/Projects/dbt_project/venv/lib/python3.9/site-packages/airflow/example_dags/example_branch_operator.py for tasks to queue
[2024-09-18T17:38:42.707-0500] {logging_mixin.py:190} INFO - [2024-09-18T17:38:42.707-0500] {dagbag.py:587} INFO - Filling up the DagBag from /Users/binhpham/Projects/dbt_project/venv/lib/python3.9/site-packages/airflow/example_dags/example_branch_operator.py
[2024-09-18T17:38:42.724-0500] {processor.py:925} INFO - DAG(s) 'example_branch_operator' retrieved from /Users/binhpham/Projects/dbt_project/venv/lib/python3.9/site-packages/airflow/example_dags/example_branch_operator.py
[2024-09-18T17:38:42.826-0500] {logging_mixin.py:190} INFO - [2024-09-18T17:38:42.826-0500] {dag.py:3229} INFO - Sync 1 DAGs
[2024-09-18T17:38:42.836-0500] {logging_mixin.py:190} INFO - [2024-09-18T17:38:42.836-0500] {dag.py:4156} INFO - Setting next_dagrun for example_branch_operator to 2024-09-17 00:00:00+00:00, run_after=2024-09-18 00:00:00+00:00
[2024-09-18T17:38:42.845-0500] {processor.py:208} INFO - Processing /Users/binhpham/Projects/dbt_project/venv/lib/python3.9/site-packages/airflow/example_dags/example_branch_operator.py took 0.142 seconds
[2024-09-18T17:41:35.192-0500] {processor.py:186} INFO - Started process (PID=24836) to work on /Users/binhpham/Projects/dbt_project/venv/lib/python3.9/site-packages/airflow/example_dags/example_branch_operator.py
[2024-09-18T17:41:35.195-0500] {processor.py:914} INFO - Processing file /Users/binhpham/Projects/dbt_project/venv/lib/python3.9/site-packages/airflow/example_dags/example_branch_operator.py for tasks to queue
[2024-09-18T17:41:35.195-0500] {logging_mixin.py:190} INFO - [2024-09-18T17:41:35.195-0500] {dagbag.py:587} INFO - Filling up the DagBag from /Users/binhpham/Projects/dbt_project/venv/lib/python3.9/site-packages/airflow/example_dags/example_branch_operator.py
[2024-09-18T17:41:35.213-0500] {processor.py:925} INFO - DAG(s) 'example_branch_operator' retrieved from /Users/binhpham/Projects/dbt_project/venv/lib/python3.9/site-packages/airflow/example_dags/example_branch_operator.py
[2024-09-18T17:41:35.320-0500] {logging_mixin.py:190} INFO - [2024-09-18T17:41:35.320-0500] {dag.py:3229} INFO - Sync 1 DAGs
[2024-09-18T17:41:35.330-0500] {logging_mixin.py:190} INFO - [2024-09-18T17:41:35.330-0500] {dag.py:4156} INFO - Setting next_dagrun for example_branch_operator to 2024-09-17 00:00:00+00:00, run_after=2024-09-18 00:00:00+00:00
[2024-09-18T17:41:35.341-0500] {processor.py:208} INFO - Processing /Users/binhpham/Projects/dbt_project/venv/lib/python3.9/site-packages/airflow/example_dags/example_branch_operator.py took 0.150 seconds
[2024-09-18T17:44:25.091-0500] {processor.py:186} INFO - Started process (PID=25415) to work on /Users/binhpham/Projects/dbt_project/venv/lib/python3.9/site-packages/airflow/example_dags/example_branch_operator.py
[2024-09-18T17:44:25.093-0500] {processor.py:914} INFO - Processing file /Users/binhpham/Projects/dbt_project/venv/lib/python3.9/site-packages/airflow/example_dags/example_branch_operator.py for tasks to queue
[2024-09-18T17:44:25.093-0500] {logging_mixin.py:190} INFO - [2024-09-18T17:44:25.093-0500] {dagbag.py:587} INFO - Filling up the DagBag from /Users/binhpham/Projects/dbt_project/venv/lib/python3.9/site-packages/airflow/example_dags/example_branch_operator.py
[2024-09-18T17:44:25.112-0500] {processor.py:925} INFO - DAG(s) 'example_branch_operator' retrieved from /Users/binhpham/Projects/dbt_project/venv/lib/python3.9/site-packages/airflow/example_dags/example_branch_operator.py
[2024-09-18T17:44:25.218-0500] {logging_mixin.py:190} INFO - [2024-09-18T17:44:25.218-0500] {dag.py:3229} INFO - Sync 1 DAGs
[2024-09-18T17:44:25.228-0500] {logging_mixin.py:190} INFO - [2024-09-18T17:44:25.228-0500] {dag.py:4156} INFO - Setting next_dagrun for example_branch_operator to 2024-09-17 00:00:00+00:00, run_after=2024-09-18 00:00:00+00:00
[2024-09-18T17:44:25.237-0500] {processor.py:208} INFO - Processing /Users/binhpham/Projects/dbt_project/venv/lib/python3.9/site-packages/airflow/example_dags/example_branch_operator.py took 0.148 seconds
