[2024-09-18T16:52:41.735-0500] {processor.py:186} INFO - Started process (PID=11928) to work on /Users/binhpham/Library/Python/3.9/lib/python/site-packages/airflow/example_dags/example_nested_branch_dag.py
[2024-09-18T16:52:41.736-0500] {processor.py:914} INFO - Processing file /Users/binhpham/Library/Python/3.9/lib/python/site-packages/airflow/example_dags/example_nested_branch_dag.py for tasks to queue
[2024-09-18T16:52:41.737-0500] {logging_mixin.py:190} INFO - [2024-09-18T16:52:41.737-0500] {dagbag.py:587} INFO - Filling up the DagBag from /Users/binhpham/Library/Python/3.9/lib/python/site-packages/airflow/example_dags/example_nested_branch_dag.py
[2024-09-18T16:52:41.757-0500] {processor.py:925} INFO - DAG(s) 'example_nested_branch_dag' retrieved from /Users/binhpham/Library/Python/3.9/lib/python/site-packages/airflow/example_dags/example_nested_branch_dag.py
[2024-09-18T16:52:41.811-0500] {logging_mixin.py:190} INFO - [2024-09-18T16:52:41.811-0500] {dag.py:3229} INFO - Sync 1 DAGs
[2024-09-18T16:52:41.820-0500] {logging_mixin.py:190} INFO - [2024-09-18T16:52:41.820-0500] {dag.py:4156} INFO - Setting next_dagrun for example_nested_branch_dag to 2024-09-17 00:00:00+00:00, run_after=2024-09-18 00:00:00+00:00
[2024-09-18T16:52:41.829-0500] {processor.py:208} INFO - Processing /Users/binhpham/Library/Python/3.9/lib/python/site-packages/airflow/example_dags/example_nested_branch_dag.py took 0.096 seconds
[2024-09-18T16:54:41.294-0500] {processor.py:186} INFO - Started process (PID=12422) to work on /Users/binhpham/Library/Python/3.9/lib/python/site-packages/airflow/example_dags/example_nested_branch_dag.py
[2024-09-18T16:54:41.297-0500] {processor.py:914} INFO - Processing file /Users/binhpham/Library/Python/3.9/lib/python/site-packages/airflow/example_dags/example_nested_branch_dag.py for tasks to queue
[2024-09-18T16:54:41.297-0500] {logging_mixin.py:190} INFO - [2024-09-18T16:54:41.297-0500] {dagbag.py:587} INFO - Filling up the DagBag from /Users/binhpham/Library/Python/3.9/lib/python/site-packages/airflow/example_dags/example_nested_branch_dag.py
[2024-09-18T16:54:41.318-0500] {processor.py:925} INFO - DAG(s) 'example_nested_branch_dag' retrieved from /Users/binhpham/Library/Python/3.9/lib/python/site-packages/airflow/example_dags/example_nested_branch_dag.py
[2024-09-18T16:54:41.376-0500] {logging_mixin.py:190} INFO - [2024-09-18T16:54:41.376-0500] {dag.py:3229} INFO - Sync 1 DAGs
[2024-09-18T16:54:41.388-0500] {logging_mixin.py:190} INFO - [2024-09-18T16:54:41.388-0500] {dag.py:4156} INFO - Setting next_dagrun for example_nested_branch_dag to 2024-09-17 00:00:00+00:00, run_after=2024-09-18 00:00:00+00:00
[2024-09-18T16:54:41.398-0500] {processor.py:208} INFO - Processing /Users/binhpham/Library/Python/3.9/lib/python/site-packages/airflow/example_dags/example_nested_branch_dag.py took 0.106 seconds
[2024-09-18T16:57:41.915-0500] {processor.py:186} INFO - Started process (PID=13006) to work on /Users/binhpham/Library/Python/3.9/lib/python/site-packages/airflow/example_dags/example_nested_branch_dag.py
[2024-09-18T16:57:41.917-0500] {processor.py:914} INFO - Processing file /Users/binhpham/Library/Python/3.9/lib/python/site-packages/airflow/example_dags/example_nested_branch_dag.py for tasks to queue
[2024-09-18T16:57:41.918-0500] {logging_mixin.py:190} INFO - [2024-09-18T16:57:41.918-0500] {dagbag.py:587} INFO - Filling up the DagBag from /Users/binhpham/Library/Python/3.9/lib/python/site-packages/airflow/example_dags/example_nested_branch_dag.py
[2024-09-18T16:57:41.939-0500] {processor.py:925} INFO - DAG(s) 'example_nested_branch_dag' retrieved from /Users/binhpham/Library/Python/3.9/lib/python/site-packages/airflow/example_dags/example_nested_branch_dag.py
[2024-09-18T16:57:41.997-0500] {logging_mixin.py:190} INFO - [2024-09-18T16:57:41.996-0500] {dag.py:3229} INFO - Sync 1 DAGs
[2024-09-18T16:57:42.007-0500] {logging_mixin.py:190} INFO - [2024-09-18T16:57:42.007-0500] {dag.py:4156} INFO - Setting next_dagrun for example_nested_branch_dag to 2024-09-17 00:00:00+00:00, run_after=2024-09-18 00:00:00+00:00
[2024-09-18T16:57:42.018-0500] {processor.py:208} INFO - Processing /Users/binhpham/Library/Python/3.9/lib/python/site-packages/airflow/example_dags/example_nested_branch_dag.py took 0.104 seconds
[2024-09-18T16:59:42.961-0500] {processor.py:186} INFO - Started process (PID=13409) to work on /Users/binhpham/Library/Python/3.9/lib/python/site-packages/airflow/example_dags/example_nested_branch_dag.py
[2024-09-18T16:59:42.963-0500] {processor.py:914} INFO - Processing file /Users/binhpham/Library/Python/3.9/lib/python/site-packages/airflow/example_dags/example_nested_branch_dag.py for tasks to queue
[2024-09-18T16:59:42.964-0500] {logging_mixin.py:190} INFO - [2024-09-18T16:59:42.964-0500] {dagbag.py:587} INFO - Filling up the DagBag from /Users/binhpham/Library/Python/3.9/lib/python/site-packages/airflow/example_dags/example_nested_branch_dag.py
[2024-09-18T16:59:42.986-0500] {processor.py:925} INFO - DAG(s) 'example_nested_branch_dag' retrieved from /Users/binhpham/Library/Python/3.9/lib/python/site-packages/airflow/example_dags/example_nested_branch_dag.py
[2024-09-18T16:59:43.046-0500] {logging_mixin.py:190} INFO - [2024-09-18T16:59:43.045-0500] {dag.py:3229} INFO - Sync 1 DAGs
[2024-09-18T16:59:43.056-0500] {logging_mixin.py:190} INFO - [2024-09-18T16:59:43.056-0500] {dag.py:4156} INFO - Setting next_dagrun for example_nested_branch_dag to 2024-09-17 00:00:00+00:00, run_after=2024-09-18 00:00:00+00:00
[2024-09-18T16:59:43.065-0500] {processor.py:208} INFO - Processing /Users/binhpham/Library/Python/3.9/lib/python/site-packages/airflow/example_dags/example_nested_branch_dag.py took 0.106 seconds
[2024-09-18T17:02:34.463-0500] {processor.py:186} INFO - Started process (PID=13976) to work on /Users/binhpham/Library/Python/3.9/lib/python/site-packages/airflow/example_dags/example_nested_branch_dag.py
[2024-09-18T17:02:34.465-0500] {processor.py:914} INFO - Processing file /Users/binhpham/Library/Python/3.9/lib/python/site-packages/airflow/example_dags/example_nested_branch_dag.py for tasks to queue
[2024-09-18T17:02:34.465-0500] {logging_mixin.py:190} INFO - [2024-09-18T17:02:34.465-0500] {dagbag.py:587} INFO - Filling up the DagBag from /Users/binhpham/Library/Python/3.9/lib/python/site-packages/airflow/example_dags/example_nested_branch_dag.py
[2024-09-18T17:02:34.487-0500] {processor.py:925} INFO - DAG(s) 'example_nested_branch_dag' retrieved from /Users/binhpham/Library/Python/3.9/lib/python/site-packages/airflow/example_dags/example_nested_branch_dag.py
[2024-09-18T17:02:34.544-0500] {logging_mixin.py:190} INFO - [2024-09-18T17:02:34.544-0500] {dag.py:3229} INFO - Sync 1 DAGs
[2024-09-18T17:02:34.555-0500] {logging_mixin.py:190} INFO - [2024-09-18T17:02:34.555-0500] {dag.py:4156} INFO - Setting next_dagrun for example_nested_branch_dag to 2024-09-17 00:00:00+00:00, run_after=2024-09-18 00:00:00+00:00
[2024-09-18T17:02:34.565-0500] {processor.py:208} INFO - Processing /Users/binhpham/Library/Python/3.9/lib/python/site-packages/airflow/example_dags/example_nested_branch_dag.py took 0.103 seconds
[2024-09-18T17:05:27.269-0500] {processor.py:186} INFO - Started process (PID=14583) to work on /Users/binhpham/Library/Python/3.9/lib/python/site-packages/airflow/example_dags/example_nested_branch_dag.py
[2024-09-18T17:05:27.271-0500] {processor.py:914} INFO - Processing file /Users/binhpham/Library/Python/3.9/lib/python/site-packages/airflow/example_dags/example_nested_branch_dag.py for tasks to queue
[2024-09-18T17:05:27.271-0500] {logging_mixin.py:190} INFO - [2024-09-18T17:05:27.271-0500] {dagbag.py:587} INFO - Filling up the DagBag from /Users/binhpham/Library/Python/3.9/lib/python/site-packages/airflow/example_dags/example_nested_branch_dag.py
[2024-09-18T17:05:27.292-0500] {processor.py:925} INFO - DAG(s) 'example_nested_branch_dag' retrieved from /Users/binhpham/Library/Python/3.9/lib/python/site-packages/airflow/example_dags/example_nested_branch_dag.py
[2024-09-18T17:05:27.351-0500] {logging_mixin.py:190} INFO - [2024-09-18T17:05:27.350-0500] {dag.py:3229} INFO - Sync 1 DAGs
[2024-09-18T17:05:27.360-0500] {logging_mixin.py:190} INFO - [2024-09-18T17:05:27.360-0500] {dag.py:4156} INFO - Setting next_dagrun for example_nested_branch_dag to 2024-09-17 00:00:00+00:00, run_after=2024-09-18 00:00:00+00:00
[2024-09-18T17:05:27.371-0500] {processor.py:208} INFO - Processing /Users/binhpham/Library/Python/3.9/lib/python/site-packages/airflow/example_dags/example_nested_branch_dag.py took 0.103 seconds
[2024-09-18T17:08:20.057-0500] {processor.py:186} INFO - Started process (PID=15230) to work on /Users/binhpham/Library/Python/3.9/lib/python/site-packages/airflow/example_dags/example_nested_branch_dag.py
[2024-09-18T17:08:20.059-0500] {processor.py:914} INFO - Processing file /Users/binhpham/Library/Python/3.9/lib/python/site-packages/airflow/example_dags/example_nested_branch_dag.py for tasks to queue
[2024-09-18T17:08:20.059-0500] {logging_mixin.py:190} INFO - [2024-09-18T17:08:20.059-0500] {dagbag.py:587} INFO - Filling up the DagBag from /Users/binhpham/Library/Python/3.9/lib/python/site-packages/airflow/example_dags/example_nested_branch_dag.py
[2024-09-18T17:08:20.080-0500] {processor.py:925} INFO - DAG(s) 'example_nested_branch_dag' retrieved from /Users/binhpham/Library/Python/3.9/lib/python/site-packages/airflow/example_dags/example_nested_branch_dag.py
[2024-09-18T17:08:20.138-0500] {logging_mixin.py:190} INFO - [2024-09-18T17:08:20.138-0500] {dag.py:3229} INFO - Sync 1 DAGs
[2024-09-18T17:08:20.148-0500] {logging_mixin.py:190} INFO - [2024-09-18T17:08:20.148-0500] {dag.py:4156} INFO - Setting next_dagrun for example_nested_branch_dag to 2024-09-17 00:00:00+00:00, run_after=2024-09-18 00:00:00+00:00
[2024-09-18T17:08:20.158-0500] {processor.py:208} INFO - Processing /Users/binhpham/Library/Python/3.9/lib/python/site-packages/airflow/example_dags/example_nested_branch_dag.py took 0.103 seconds
[2024-09-18T17:11:16.361-0500] {processor.py:186} INFO - Started process (PID=15830) to work on /Users/binhpham/Library/Python/3.9/lib/python/site-packages/airflow/example_dags/example_nested_branch_dag.py
[2024-09-18T17:11:16.363-0500] {processor.py:914} INFO - Processing file /Users/binhpham/Library/Python/3.9/lib/python/site-packages/airflow/example_dags/example_nested_branch_dag.py for tasks to queue
[2024-09-18T17:11:16.363-0500] {logging_mixin.py:190} INFO - [2024-09-18T17:11:16.363-0500] {dagbag.py:587} INFO - Filling up the DagBag from /Users/binhpham/Library/Python/3.9/lib/python/site-packages/airflow/example_dags/example_nested_branch_dag.py
[2024-09-18T17:11:16.384-0500] {processor.py:925} INFO - DAG(s) 'example_nested_branch_dag' retrieved from /Users/binhpham/Library/Python/3.9/lib/python/site-packages/airflow/example_dags/example_nested_branch_dag.py
[2024-09-18T17:11:16.444-0500] {logging_mixin.py:190} INFO - [2024-09-18T17:11:16.444-0500] {dag.py:3229} INFO - Sync 1 DAGs
[2024-09-18T17:11:16.455-0500] {logging_mixin.py:190} INFO - [2024-09-18T17:11:16.455-0500] {dag.py:4156} INFO - Setting next_dagrun for example_nested_branch_dag to 2024-09-17 00:00:00+00:00, run_after=2024-09-18 00:00:00+00:00
[2024-09-18T17:11:16.465-0500] {processor.py:208} INFO - Processing /Users/binhpham/Library/Python/3.9/lib/python/site-packages/airflow/example_dags/example_nested_branch_dag.py took 0.106 seconds
[2024-09-18T17:16:07.259-0500] {processor.py:186} INFO - Started process (PID=16969) to work on /Users/binhpham/Library/Python/3.9/lib/python/site-packages/airflow/example_dags/example_nested_branch_dag.py
[2024-09-18T17:16:07.261-0500] {processor.py:914} INFO - Processing file /Users/binhpham/Library/Python/3.9/lib/python/site-packages/airflow/example_dags/example_nested_branch_dag.py for tasks to queue
[2024-09-18T17:16:07.262-0500] {logging_mixin.py:190} INFO - [2024-09-18T17:16:07.262-0500] {dagbag.py:587} INFO - Filling up the DagBag from /Users/binhpham/Library/Python/3.9/lib/python/site-packages/airflow/example_dags/example_nested_branch_dag.py
[2024-09-18T17:16:07.283-0500] {processor.py:925} INFO - DAG(s) 'example_nested_branch_dag' retrieved from /Users/binhpham/Library/Python/3.9/lib/python/site-packages/airflow/example_dags/example_nested_branch_dag.py
[2024-09-18T17:16:07.342-0500] {logging_mixin.py:190} INFO - [2024-09-18T17:16:07.342-0500] {dag.py:3229} INFO - Sync 1 DAGs
[2024-09-18T17:16:07.352-0500] {logging_mixin.py:190} INFO - [2024-09-18T17:16:07.352-0500] {dag.py:4156} INFO - Setting next_dagrun for example_nested_branch_dag to 2024-09-17 00:00:00+00:00, run_after=2024-09-18 00:00:00+00:00
[2024-09-18T17:16:07.362-0500] {processor.py:208} INFO - Processing /Users/binhpham/Library/Python/3.9/lib/python/site-packages/airflow/example_dags/example_nested_branch_dag.py took 0.105 seconds
[2024-09-18T17:18:06.711-0500] {processor.py:186} INFO - Started process (PID=17793) to work on /Users/binhpham/Library/Python/3.9/lib/python/site-packages/airflow/example_dags/example_nested_branch_dag.py
[2024-09-18T17:18:06.713-0500] {processor.py:914} INFO - Processing file /Users/binhpham/Library/Python/3.9/lib/python/site-packages/airflow/example_dags/example_nested_branch_dag.py for tasks to queue
[2024-09-18T17:18:06.713-0500] {logging_mixin.py:190} INFO - [2024-09-18T17:18:06.713-0500] {dagbag.py:587} INFO - Filling up the DagBag from /Users/binhpham/Library/Python/3.9/lib/python/site-packages/airflow/example_dags/example_nested_branch_dag.py
[2024-09-18T17:18:06.732-0500] {processor.py:925} INFO - DAG(s) 'example_nested_branch_dag' retrieved from /Users/binhpham/Library/Python/3.9/lib/python/site-packages/airflow/example_dags/example_nested_branch_dag.py
[2024-09-18T17:18:06.786-0500] {logging_mixin.py:190} INFO - [2024-09-18T17:18:06.786-0500] {dag.py:3229} INFO - Sync 1 DAGs
[2024-09-18T17:18:06.796-0500] {logging_mixin.py:190} INFO - [2024-09-18T17:18:06.796-0500] {dag.py:4156} INFO - Setting next_dagrun for example_nested_branch_dag to 2024-09-17 00:00:00+00:00, run_after=2024-09-18 00:00:00+00:00
[2024-09-18T17:18:06.805-0500] {processor.py:208} INFO - Processing /Users/binhpham/Library/Python/3.9/lib/python/site-packages/airflow/example_dags/example_nested_branch_dag.py took 0.096 seconds
[2024-09-18T17:23:07.165-0500] {processor.py:186} INFO - Started process (PID=19660) to work on /Users/binhpham/Projects/dbt_project/venv/lib/python3.9/site-packages/airflow/example_dags/example_nested_branch_dag.py
[2024-09-18T17:23:07.167-0500] {processor.py:914} INFO - Processing file /Users/binhpham/Projects/dbt_project/venv/lib/python3.9/site-packages/airflow/example_dags/example_nested_branch_dag.py for tasks to queue
[2024-09-18T17:23:07.168-0500] {logging_mixin.py:190} INFO - [2024-09-18T17:23:07.167-0500] {dagbag.py:587} INFO - Filling up the DagBag from /Users/binhpham/Projects/dbt_project/venv/lib/python3.9/site-packages/airflow/example_dags/example_nested_branch_dag.py
[2024-09-18T17:23:07.188-0500] {processor.py:925} INFO - DAG(s) 'example_nested_branch_dag' retrieved from /Users/binhpham/Projects/dbt_project/venv/lib/python3.9/site-packages/airflow/example_dags/example_nested_branch_dag.py
[2024-09-18T17:23:07.286-0500] {logging_mixin.py:190} INFO - [2024-09-18T17:23:07.286-0500] {dag.py:3229} INFO - Sync 1 DAGs
[2024-09-18T17:23:07.296-0500] {logging_mixin.py:190} INFO - [2024-09-18T17:23:07.296-0500] {dag.py:4156} INFO - Setting next_dagrun for example_nested_branch_dag to 2024-09-17 00:00:00+00:00, run_after=2024-09-18 00:00:00+00:00
[2024-09-18T17:23:07.306-0500] {processor.py:208} INFO - Processing /Users/binhpham/Projects/dbt_project/venv/lib/python3.9/site-packages/airflow/example_dags/example_nested_branch_dag.py took 0.143 seconds
[2024-09-18T17:27:05.807-0500] {processor.py:186} INFO - Started process (PID=20547) to work on /Users/binhpham/Projects/dbt_project/venv/lib/python3.9/site-packages/airflow/example_dags/example_nested_branch_dag.py
[2024-09-18T17:27:05.810-0500] {processor.py:914} INFO - Processing file /Users/binhpham/Projects/dbt_project/venv/lib/python3.9/site-packages/airflow/example_dags/example_nested_branch_dag.py for tasks to queue
[2024-09-18T17:27:05.810-0500] {logging_mixin.py:190} INFO - [2024-09-18T17:27:05.810-0500] {dagbag.py:587} INFO - Filling up the DagBag from /Users/binhpham/Projects/dbt_project/venv/lib/python3.9/site-packages/airflow/example_dags/example_nested_branch_dag.py
[2024-09-18T17:27:05.832-0500] {processor.py:925} INFO - DAG(s) 'example_nested_branch_dag' retrieved from /Users/binhpham/Projects/dbt_project/venv/lib/python3.9/site-packages/airflow/example_dags/example_nested_branch_dag.py
[2024-09-18T17:27:05.892-0500] {logging_mixin.py:190} INFO - [2024-09-18T17:27:05.891-0500] {dag.py:3229} INFO - Sync 1 DAGs
[2024-09-18T17:27:05.902-0500] {logging_mixin.py:190} INFO - [2024-09-18T17:27:05.902-0500] {dag.py:4156} INFO - Setting next_dagrun for example_nested_branch_dag to 2024-09-17 00:00:00+00:00, run_after=2024-09-18 00:00:00+00:00
[2024-09-18T17:27:05.912-0500] {processor.py:208} INFO - Processing /Users/binhpham/Projects/dbt_project/venv/lib/python3.9/site-packages/airflow/example_dags/example_nested_branch_dag.py took 0.106 seconds
[2024-09-18T17:29:38.813-0500] {processor.py:186} INFO - Started process (PID=21241) to work on /Users/binhpham/Projects/dbt_project/venv/lib/python3.9/site-packages/airflow/example_dags/example_nested_branch_dag.py
[2024-09-18T17:29:38.815-0500] {processor.py:914} INFO - Processing file /Users/binhpham/Projects/dbt_project/venv/lib/python3.9/site-packages/airflow/example_dags/example_nested_branch_dag.py for tasks to queue
[2024-09-18T17:29:38.816-0500] {logging_mixin.py:190} INFO - [2024-09-18T17:29:38.816-0500] {dagbag.py:587} INFO - Filling up the DagBag from /Users/binhpham/Projects/dbt_project/venv/lib/python3.9/site-packages/airflow/example_dags/example_nested_branch_dag.py
[2024-09-18T17:29:38.836-0500] {processor.py:925} INFO - DAG(s) 'example_nested_branch_dag' retrieved from /Users/binhpham/Projects/dbt_project/venv/lib/python3.9/site-packages/airflow/example_dags/example_nested_branch_dag.py
[2024-09-18T17:29:38.889-0500] {logging_mixin.py:190} INFO - [2024-09-18T17:29:38.889-0500] {dag.py:3229} INFO - Sync 1 DAGs
[2024-09-18T17:29:38.899-0500] {logging_mixin.py:190} INFO - [2024-09-18T17:29:38.899-0500] {dag.py:4156} INFO - Setting next_dagrun for example_nested_branch_dag to 2024-09-17 00:00:00+00:00, run_after=2024-09-18 00:00:00+00:00
[2024-09-18T17:29:38.908-0500] {processor.py:208} INFO - Processing /Users/binhpham/Projects/dbt_project/venv/lib/python3.9/site-packages/airflow/example_dags/example_nested_branch_dag.py took 0.096 seconds
[2024-09-18T17:31:30.786-0500] {processor.py:186} INFO - Started process (PID=22596) to work on /Users/binhpham/Projects/dbt_project/venv/lib/python3.9/site-packages/airflow/example_dags/example_nested_branch_dag.py
[2024-09-18T17:31:30.789-0500] {processor.py:914} INFO - Processing file /Users/binhpham/Projects/dbt_project/venv/lib/python3.9/site-packages/airflow/example_dags/example_nested_branch_dag.py for tasks to queue
[2024-09-18T17:31:30.789-0500] {logging_mixin.py:190} INFO - [2024-09-18T17:31:30.789-0500] {dagbag.py:587} INFO - Filling up the DagBag from /Users/binhpham/Projects/dbt_project/venv/lib/python3.9/site-packages/airflow/example_dags/example_nested_branch_dag.py
[2024-09-18T17:31:30.809-0500] {processor.py:925} INFO - DAG(s) 'example_nested_branch_dag' retrieved from /Users/binhpham/Projects/dbt_project/venv/lib/python3.9/site-packages/airflow/example_dags/example_nested_branch_dag.py
[2024-09-18T17:31:30.864-0500] {logging_mixin.py:190} INFO - [2024-09-18T17:31:30.863-0500] {dag.py:3229} INFO - Sync 1 DAGs
[2024-09-18T17:31:30.873-0500] {logging_mixin.py:190} INFO - [2024-09-18T17:31:30.873-0500] {dag.py:4156} INFO - Setting next_dagrun for example_nested_branch_dag to 2024-09-17 00:00:00+00:00, run_after=2024-09-18 00:00:00+00:00
[2024-09-18T17:31:30.882-0500] {processor.py:208} INFO - Processing /Users/binhpham/Projects/dbt_project/venv/lib/python3.9/site-packages/airflow/example_dags/example_nested_branch_dag.py took 0.097 seconds
[2024-09-18T17:35:23.267-0500] {processor.py:186} INFO - Started process (PID=23428) to work on /Users/binhpham/Projects/dbt_project/venv/lib/python3.9/site-packages/airflow/example_dags/example_nested_branch_dag.py
[2024-09-18T17:35:23.270-0500] {processor.py:914} INFO - Processing file /Users/binhpham/Projects/dbt_project/venv/lib/python3.9/site-packages/airflow/example_dags/example_nested_branch_dag.py for tasks to queue
[2024-09-18T17:35:23.270-0500] {logging_mixin.py:190} INFO - [2024-09-18T17:35:23.270-0500] {dagbag.py:587} INFO - Filling up the DagBag from /Users/binhpham/Projects/dbt_project/venv/lib/python3.9/site-packages/airflow/example_dags/example_nested_branch_dag.py
[2024-09-18T17:35:23.290-0500] {processor.py:925} INFO - DAG(s) 'example_nested_branch_dag' retrieved from /Users/binhpham/Projects/dbt_project/venv/lib/python3.9/site-packages/airflow/example_dags/example_nested_branch_dag.py
[2024-09-18T17:35:23.344-0500] {logging_mixin.py:190} INFO - [2024-09-18T17:35:23.344-0500] {dag.py:3229} INFO - Sync 1 DAGs
[2024-09-18T17:35:23.353-0500] {logging_mixin.py:190} INFO - [2024-09-18T17:35:23.353-0500] {dag.py:4156} INFO - Setting next_dagrun for example_nested_branch_dag to 2024-09-17 00:00:00+00:00, run_after=2024-09-18 00:00:00+00:00
[2024-09-18T17:35:23.363-0500] {processor.py:208} INFO - Processing /Users/binhpham/Projects/dbt_project/venv/lib/python3.9/site-packages/airflow/example_dags/example_nested_branch_dag.py took 0.097 seconds
[2024-09-18T17:37:18.724-0500] {processor.py:186} INFO - Started process (PID=24022) to work on /Users/binhpham/Projects/dbt_project/venv/lib/python3.9/site-packages/airflow/example_dags/example_nested_branch_dag.py
[2024-09-18T17:37:18.725-0500] {processor.py:914} INFO - Processing file /Users/binhpham/Projects/dbt_project/venv/lib/python3.9/site-packages/airflow/example_dags/example_nested_branch_dag.py for tasks to queue
[2024-09-18T17:37:18.726-0500] {logging_mixin.py:190} INFO - [2024-09-18T17:37:18.726-0500] {dagbag.py:587} INFO - Filling up the DagBag from /Users/binhpham/Projects/dbt_project/venv/lib/python3.9/site-packages/airflow/example_dags/example_nested_branch_dag.py
[2024-09-18T17:37:18.747-0500] {processor.py:925} INFO - DAG(s) 'example_nested_branch_dag' retrieved from /Users/binhpham/Projects/dbt_project/venv/lib/python3.9/site-packages/airflow/example_dags/example_nested_branch_dag.py
[2024-09-18T17:37:18.801-0500] {logging_mixin.py:190} INFO - [2024-09-18T17:37:18.801-0500] {dag.py:3229} INFO - Sync 1 DAGs
[2024-09-18T17:37:18.810-0500] {logging_mixin.py:190} INFO - [2024-09-18T17:37:18.810-0500] {dag.py:4156} INFO - Setting next_dagrun for example_nested_branch_dag to 2024-09-17 00:00:00+00:00, run_after=2024-09-18 00:00:00+00:00
[2024-09-18T17:37:18.819-0500] {processor.py:208} INFO - Processing /Users/binhpham/Projects/dbt_project/venv/lib/python3.9/site-packages/airflow/example_dags/example_nested_branch_dag.py took 0.097 seconds
[2024-09-18T17:40:05.168-0500] {processor.py:186} INFO - Started process (PID=24555) to work on /Users/binhpham/Projects/dbt_project/venv/lib/python3.9/site-packages/airflow/example_dags/example_nested_branch_dag.py
[2024-09-18T17:40:05.170-0500] {processor.py:914} INFO - Processing file /Users/binhpham/Projects/dbt_project/venv/lib/python3.9/site-packages/airflow/example_dags/example_nested_branch_dag.py for tasks to queue
[2024-09-18T17:40:05.170-0500] {logging_mixin.py:190} INFO - [2024-09-18T17:40:05.170-0500] {dagbag.py:587} INFO - Filling up the DagBag from /Users/binhpham/Projects/dbt_project/venv/lib/python3.9/site-packages/airflow/example_dags/example_nested_branch_dag.py
[2024-09-18T17:40:05.197-0500] {processor.py:925} INFO - DAG(s) 'example_nested_branch_dag' retrieved from /Users/binhpham/Projects/dbt_project/venv/lib/python3.9/site-packages/airflow/example_dags/example_nested_branch_dag.py
[2024-09-18T17:40:05.258-0500] {logging_mixin.py:190} INFO - [2024-09-18T17:40:05.257-0500] {dag.py:3229} INFO - Sync 1 DAGs
[2024-09-18T17:40:05.267-0500] {logging_mixin.py:190} INFO - [2024-09-18T17:40:05.266-0500] {dag.py:4156} INFO - Setting next_dagrun for example_nested_branch_dag to 2024-09-17 00:00:00+00:00, run_after=2024-09-18 00:00:00+00:00
[2024-09-18T17:40:05.277-0500] {processor.py:208} INFO - Processing /Users/binhpham/Projects/dbt_project/venv/lib/python3.9/site-packages/airflow/example_dags/example_nested_branch_dag.py took 0.111 seconds
[2024-09-18T17:42:56.942-0500] {processor.py:186} INFO - Started process (PID=25106) to work on /Users/binhpham/Projects/dbt_project/venv/lib/python3.9/site-packages/airflow/example_dags/example_nested_branch_dag.py
[2024-09-18T17:42:56.945-0500] {processor.py:914} INFO - Processing file /Users/binhpham/Projects/dbt_project/venv/lib/python3.9/site-packages/airflow/example_dags/example_nested_branch_dag.py for tasks to queue
[2024-09-18T17:42:56.945-0500] {logging_mixin.py:190} INFO - [2024-09-18T17:42:56.945-0500] {dagbag.py:587} INFO - Filling up the DagBag from /Users/binhpham/Projects/dbt_project/venv/lib/python3.9/site-packages/airflow/example_dags/example_nested_branch_dag.py
[2024-09-18T17:42:56.966-0500] {processor.py:925} INFO - DAG(s) 'example_nested_branch_dag' retrieved from /Users/binhpham/Projects/dbt_project/venv/lib/python3.9/site-packages/airflow/example_dags/example_nested_branch_dag.py
[2024-09-18T17:42:57.022-0500] {logging_mixin.py:190} INFO - [2024-09-18T17:42:57.022-0500] {dag.py:3229} INFO - Sync 1 DAGs
[2024-09-18T17:42:57.031-0500] {logging_mixin.py:190} INFO - [2024-09-18T17:42:57.031-0500] {dag.py:4156} INFO - Setting next_dagrun for example_nested_branch_dag to 2024-09-17 00:00:00+00:00, run_after=2024-09-18 00:00:00+00:00
[2024-09-18T17:42:57.040-0500] {processor.py:208} INFO - Processing /Users/binhpham/Projects/dbt_project/venv/lib/python3.9/site-packages/airflow/example_dags/example_nested_branch_dag.py took 0.100 seconds
