[2024-09-18T16:52:15.550-0500] {processor.py:186} INFO - Started process (PID=11832) to work on /Users/binhpham/Library/Python/3.9/lib/python/site-packages/airflow/example_dags/example_short_circuit_operator.py
[2024-09-18T16:52:15.552-0500] {processor.py:914} INFO - Processing file /Users/binhpham/Library/Python/3.9/lib/python/site-packages/airflow/example_dags/example_short_circuit_operator.py for tasks to queue
[2024-09-18T16:52:15.552-0500] {logging_mixin.py:190} INFO - [2024-09-18T16:52:15.552-0500] {dagbag.py:587} INFO - Filling up the DagBag from /Users/binhpham/Library/Python/3.9/lib/python/site-packages/airflow/example_dags/example_short_circuit_operator.py
[2024-09-18T16:52:15.566-0500] {processor.py:925} INFO - DAG(s) 'example_short_circuit_operator' retrieved from /Users/binhpham/Library/Python/3.9/lib/python/site-packages/airflow/example_dags/example_short_circuit_operator.py
[2024-09-18T16:52:15.621-0500] {logging_mixin.py:190} INFO - [2024-09-18T16:52:15.621-0500] {dag.py:3229} INFO - Sync 1 DAGs
[2024-09-18T16:52:15.628-0500] {logging_mixin.py:190} INFO - [2024-09-18T16:52:15.627-0500] {dag.py:4156} INFO - Setting next_dagrun for example_short_circuit_operator to None, run_after=None
[2024-09-18T16:52:15.637-0500] {processor.py:208} INFO - Processing /Users/binhpham/Library/Python/3.9/lib/python/site-packages/airflow/example_dags/example_short_circuit_operator.py took 0.088 seconds
[2024-09-18T16:54:13.892-0500] {processor.py:186} INFO - Started process (PID=12312) to work on /Users/binhpham/Library/Python/3.9/lib/python/site-packages/airflow/example_dags/example_short_circuit_operator.py
[2024-09-18T16:54:13.894-0500] {processor.py:914} INFO - Processing file /Users/binhpham/Library/Python/3.9/lib/python/site-packages/airflow/example_dags/example_short_circuit_operator.py for tasks to queue
[2024-09-18T16:54:13.894-0500] {logging_mixin.py:190} INFO - [2024-09-18T16:54:13.894-0500] {dagbag.py:587} INFO - Filling up the DagBag from /Users/binhpham/Library/Python/3.9/lib/python/site-packages/airflow/example_dags/example_short_circuit_operator.py
[2024-09-18T16:54:13.908-0500] {processor.py:925} INFO - DAG(s) 'example_short_circuit_operator' retrieved from /Users/binhpham/Library/Python/3.9/lib/python/site-packages/airflow/example_dags/example_short_circuit_operator.py
[2024-09-18T16:54:13.963-0500] {logging_mixin.py:190} INFO - [2024-09-18T16:54:13.963-0500] {dag.py:3229} INFO - Sync 1 DAGs
[2024-09-18T16:54:13.969-0500] {logging_mixin.py:190} INFO - [2024-09-18T16:54:13.969-0500] {dag.py:4156} INFO - Setting next_dagrun for example_short_circuit_operator to None, run_after=None
[2024-09-18T16:54:13.978-0500] {processor.py:208} INFO - Processing /Users/binhpham/Library/Python/3.9/lib/python/site-packages/airflow/example_dags/example_short_circuit_operator.py took 0.087 seconds
[2024-09-18T16:57:16.226-0500] {processor.py:186} INFO - Started process (PID=12920) to work on /Users/binhpham/Library/Python/3.9/lib/python/site-packages/airflow/example_dags/example_short_circuit_operator.py
[2024-09-18T16:57:16.228-0500] {processor.py:914} INFO - Processing file /Users/binhpham/Library/Python/3.9/lib/python/site-packages/airflow/example_dags/example_short_circuit_operator.py for tasks to queue
[2024-09-18T16:57:16.229-0500] {logging_mixin.py:190} INFO - [2024-09-18T16:57:16.229-0500] {dagbag.py:587} INFO - Filling up the DagBag from /Users/binhpham/Library/Python/3.9/lib/python/site-packages/airflow/example_dags/example_short_circuit_operator.py
[2024-09-18T16:57:16.242-0500] {processor.py:925} INFO - DAG(s) 'example_short_circuit_operator' retrieved from /Users/binhpham/Library/Python/3.9/lib/python/site-packages/airflow/example_dags/example_short_circuit_operator.py
[2024-09-18T16:57:16.299-0500] {logging_mixin.py:190} INFO - [2024-09-18T16:57:16.299-0500] {dag.py:3229} INFO - Sync 1 DAGs
[2024-09-18T16:57:16.305-0500] {logging_mixin.py:190} INFO - [2024-09-18T16:57:16.305-0500] {dag.py:4156} INFO - Setting next_dagrun for example_short_circuit_operator to None, run_after=None
[2024-09-18T16:57:16.315-0500] {processor.py:208} INFO - Processing /Users/binhpham/Library/Python/3.9/lib/python/site-packages/airflow/example_dags/example_short_circuit_operator.py took 0.091 seconds
[2024-09-18T16:59:17.560-0500] {processor.py:186} INFO - Started process (PID=13328) to work on /Users/binhpham/Library/Python/3.9/lib/python/site-packages/airflow/example_dags/example_short_circuit_operator.py
[2024-09-18T16:59:17.563-0500] {processor.py:914} INFO - Processing file /Users/binhpham/Library/Python/3.9/lib/python/site-packages/airflow/example_dags/example_short_circuit_operator.py for tasks to queue
[2024-09-18T16:59:17.563-0500] {logging_mixin.py:190} INFO - [2024-09-18T16:59:17.563-0500] {dagbag.py:587} INFO - Filling up the DagBag from /Users/binhpham/Library/Python/3.9/lib/python/site-packages/airflow/example_dags/example_short_circuit_operator.py
[2024-09-18T16:59:17.576-0500] {processor.py:925} INFO - DAG(s) 'example_short_circuit_operator' retrieved from /Users/binhpham/Library/Python/3.9/lib/python/site-packages/airflow/example_dags/example_short_circuit_operator.py
[2024-09-18T16:59:17.631-0500] {logging_mixin.py:190} INFO - [2024-09-18T16:59:17.630-0500] {dag.py:3229} INFO - Sync 1 DAGs
[2024-09-18T16:59:17.637-0500] {logging_mixin.py:190} INFO - [2024-09-18T16:59:17.636-0500] {dag.py:4156} INFO - Setting next_dagrun for example_short_circuit_operator to None, run_after=None
[2024-09-18T16:59:17.646-0500] {processor.py:208} INFO - Processing /Users/binhpham/Library/Python/3.9/lib/python/site-packages/airflow/example_dags/example_short_circuit_operator.py took 0.087 seconds
[2024-09-18T17:00:47.421-0500] {processor.py:186} INFO - Started process (PID=13617) to work on /Users/binhpham/Library/Python/3.9/lib/python/site-packages/airflow/example_dags/example_short_circuit_operator.py
[2024-09-18T17:00:47.422-0500] {processor.py:914} INFO - Processing file /Users/binhpham/Library/Python/3.9/lib/python/site-packages/airflow/example_dags/example_short_circuit_operator.py for tasks to queue
[2024-09-18T17:00:47.423-0500] {logging_mixin.py:190} INFO - [2024-09-18T17:00:47.423-0500] {dagbag.py:587} INFO - Filling up the DagBag from /Users/binhpham/Library/Python/3.9/lib/python/site-packages/airflow/example_dags/example_short_circuit_operator.py
[2024-09-18T17:00:47.437-0500] {processor.py:925} INFO - DAG(s) 'example_short_circuit_operator' retrieved from /Users/binhpham/Library/Python/3.9/lib/python/site-packages/airflow/example_dags/example_short_circuit_operator.py
[2024-09-18T17:00:47.498-0500] {logging_mixin.py:190} INFO - [2024-09-18T17:00:47.497-0500] {dag.py:3229} INFO - Sync 1 DAGs
[2024-09-18T17:00:47.504-0500] {logging_mixin.py:190} INFO - [2024-09-18T17:00:47.504-0500] {dag.py:4156} INFO - Setting next_dagrun for example_short_circuit_operator to None, run_after=None
[2024-09-18T17:00:47.513-0500] {processor.py:208} INFO - Processing /Users/binhpham/Library/Python/3.9/lib/python/site-packages/airflow/example_dags/example_short_circuit_operator.py took 0.094 seconds
[2024-09-18T17:02:13.886-0500] {processor.py:186} INFO - Started process (PID=13913) to work on /Users/binhpham/Library/Python/3.9/lib/python/site-packages/airflow/example_dags/example_short_circuit_operator.py
[2024-09-18T17:02:13.888-0500] {processor.py:914} INFO - Processing file /Users/binhpham/Library/Python/3.9/lib/python/site-packages/airflow/example_dags/example_short_circuit_operator.py for tasks to queue
[2024-09-18T17:02:13.889-0500] {logging_mixin.py:190} INFO - [2024-09-18T17:02:13.889-0500] {dagbag.py:587} INFO - Filling up the DagBag from /Users/binhpham/Library/Python/3.9/lib/python/site-packages/airflow/example_dags/example_short_circuit_operator.py
[2024-09-18T17:02:13.903-0500] {processor.py:925} INFO - DAG(s) 'example_short_circuit_operator' retrieved from /Users/binhpham/Library/Python/3.9/lib/python/site-packages/airflow/example_dags/example_short_circuit_operator.py
[2024-09-18T17:02:13.959-0500] {logging_mixin.py:190} INFO - [2024-09-18T17:02:13.958-0500] {dag.py:3229} INFO - Sync 1 DAGs
[2024-09-18T17:02:13.965-0500] {logging_mixin.py:190} INFO - [2024-09-18T17:02:13.965-0500] {dag.py:4156} INFO - Setting next_dagrun for example_short_circuit_operator to None, run_after=None
[2024-09-18T17:02:13.974-0500] {processor.py:208} INFO - Processing /Users/binhpham/Library/Python/3.9/lib/python/site-packages/airflow/example_dags/example_short_circuit_operator.py took 0.089 seconds
[2024-09-18T17:03:39.104-0500] {processor.py:186} INFO - Started process (PID=14193) to work on /Users/binhpham/Library/Python/3.9/lib/python/site-packages/airflow/example_dags/example_short_circuit_operator.py
[2024-09-18T17:03:39.106-0500] {processor.py:914} INFO - Processing file /Users/binhpham/Library/Python/3.9/lib/python/site-packages/airflow/example_dags/example_short_circuit_operator.py for tasks to queue
[2024-09-18T17:03:39.106-0500] {logging_mixin.py:190} INFO - [2024-09-18T17:03:39.106-0500] {dagbag.py:587} INFO - Filling up the DagBag from /Users/binhpham/Library/Python/3.9/lib/python/site-packages/airflow/example_dags/example_short_circuit_operator.py
[2024-09-18T17:03:39.119-0500] {processor.py:925} INFO - DAG(s) 'example_short_circuit_operator' retrieved from /Users/binhpham/Library/Python/3.9/lib/python/site-packages/airflow/example_dags/example_short_circuit_operator.py
[2024-09-18T17:03:39.174-0500] {logging_mixin.py:190} INFO - [2024-09-18T17:03:39.173-0500] {dag.py:3229} INFO - Sync 1 DAGs
[2024-09-18T17:03:39.179-0500] {logging_mixin.py:190} INFO - [2024-09-18T17:03:39.179-0500] {dag.py:4156} INFO - Setting next_dagrun for example_short_circuit_operator to None, run_after=None
[2024-09-18T17:03:39.189-0500] {processor.py:208} INFO - Processing /Users/binhpham/Library/Python/3.9/lib/python/site-packages/airflow/example_dags/example_short_circuit_operator.py took 0.086 seconds
[2024-09-18T17:05:03.153-0500] {processor.py:186} INFO - Started process (PID=14512) to work on /Users/binhpham/Library/Python/3.9/lib/python/site-packages/airflow/example_dags/example_short_circuit_operator.py
[2024-09-18T17:05:03.155-0500] {processor.py:914} INFO - Processing file /Users/binhpham/Library/Python/3.9/lib/python/site-packages/airflow/example_dags/example_short_circuit_operator.py for tasks to queue
[2024-09-18T17:05:03.156-0500] {logging_mixin.py:190} INFO - [2024-09-18T17:05:03.156-0500] {dagbag.py:587} INFO - Filling up the DagBag from /Users/binhpham/Library/Python/3.9/lib/python/site-packages/airflow/example_dags/example_short_circuit_operator.py
[2024-09-18T17:05:03.169-0500] {processor.py:925} INFO - DAG(s) 'example_short_circuit_operator' retrieved from /Users/binhpham/Library/Python/3.9/lib/python/site-packages/airflow/example_dags/example_short_circuit_operator.py
[2024-09-18T17:05:03.228-0500] {logging_mixin.py:190} INFO - [2024-09-18T17:05:03.228-0500] {dag.py:3229} INFO - Sync 1 DAGs
[2024-09-18T17:05:03.235-0500] {logging_mixin.py:190} INFO - [2024-09-18T17:05:03.234-0500] {dag.py:4156} INFO - Setting next_dagrun for example_short_circuit_operator to None, run_after=None
[2024-09-18T17:05:03.244-0500] {processor.py:208} INFO - Processing /Users/binhpham/Library/Python/3.9/lib/python/site-packages/airflow/example_dags/example_short_circuit_operator.py took 0.092 seconds
[2024-09-18T17:07:56.178-0500] {processor.py:186} INFO - Started process (PID=15145) to work on /Users/binhpham/Library/Python/3.9/lib/python/site-packages/airflow/example_dags/example_short_circuit_operator.py
[2024-09-18T17:07:56.180-0500] {processor.py:914} INFO - Processing file /Users/binhpham/Library/Python/3.9/lib/python/site-packages/airflow/example_dags/example_short_circuit_operator.py for tasks to queue
[2024-09-18T17:07:56.180-0500] {logging_mixin.py:190} INFO - [2024-09-18T17:07:56.180-0500] {dagbag.py:587} INFO - Filling up the DagBag from /Users/binhpham/Library/Python/3.9/lib/python/site-packages/airflow/example_dags/example_short_circuit_operator.py
[2024-09-18T17:07:56.195-0500] {processor.py:925} INFO - DAG(s) 'example_short_circuit_operator' retrieved from /Users/binhpham/Library/Python/3.9/lib/python/site-packages/airflow/example_dags/example_short_circuit_operator.py
[2024-09-18T17:07:56.301-0500] {logging_mixin.py:190} INFO - [2024-09-18T17:07:56.301-0500] {dag.py:3229} INFO - Sync 1 DAGs
[2024-09-18T17:07:56.306-0500] {logging_mixin.py:190} INFO - [2024-09-18T17:07:56.306-0500] {dag.py:4156} INFO - Setting next_dagrun for example_short_circuit_operator to None, run_after=None
[2024-09-18T17:07:56.318-0500] {processor.py:208} INFO - Processing /Users/binhpham/Library/Python/3.9/lib/python/site-packages/airflow/example_dags/example_short_circuit_operator.py took 0.141 seconds
[2024-09-18T17:09:24.175-0500] {processor.py:186} INFO - Started process (PID=15450) to work on /Users/binhpham/Library/Python/3.9/lib/python/site-packages/airflow/example_dags/example_short_circuit_operator.py
[2024-09-18T17:09:24.176-0500] {processor.py:914} INFO - Processing file /Users/binhpham/Library/Python/3.9/lib/python/site-packages/airflow/example_dags/example_short_circuit_operator.py for tasks to queue
[2024-09-18T17:09:24.177-0500] {logging_mixin.py:190} INFO - [2024-09-18T17:09:24.177-0500] {dagbag.py:587} INFO - Filling up the DagBag from /Users/binhpham/Library/Python/3.9/lib/python/site-packages/airflow/example_dags/example_short_circuit_operator.py
[2024-09-18T17:09:24.191-0500] {processor.py:925} INFO - DAG(s) 'example_short_circuit_operator' retrieved from /Users/binhpham/Library/Python/3.9/lib/python/site-packages/airflow/example_dags/example_short_circuit_operator.py
[2024-09-18T17:09:24.248-0500] {logging_mixin.py:190} INFO - [2024-09-18T17:09:24.247-0500] {dag.py:3229} INFO - Sync 1 DAGs
[2024-09-18T17:09:24.254-0500] {logging_mixin.py:190} INFO - [2024-09-18T17:09:24.254-0500] {dag.py:4156} INFO - Setting next_dagrun for example_short_circuit_operator to None, run_after=None
[2024-09-18T17:09:24.263-0500] {processor.py:208} INFO - Processing /Users/binhpham/Library/Python/3.9/lib/python/site-packages/airflow/example_dags/example_short_circuit_operator.py took 0.090 seconds
[2024-09-18T17:10:53.443-0500] {processor.py:186} INFO - Started process (PID=15748) to work on /Users/binhpham/Library/Python/3.9/lib/python/site-packages/airflow/example_dags/example_short_circuit_operator.py
[2024-09-18T17:10:53.445-0500] {processor.py:914} INFO - Processing file /Users/binhpham/Library/Python/3.9/lib/python/site-packages/airflow/example_dags/example_short_circuit_operator.py for tasks to queue
[2024-09-18T17:10:53.445-0500] {logging_mixin.py:190} INFO - [2024-09-18T17:10:53.445-0500] {dagbag.py:587} INFO - Filling up the DagBag from /Users/binhpham/Library/Python/3.9/lib/python/site-packages/airflow/example_dags/example_short_circuit_operator.py
[2024-09-18T17:10:53.461-0500] {processor.py:925} INFO - DAG(s) 'example_short_circuit_operator' retrieved from /Users/binhpham/Library/Python/3.9/lib/python/site-packages/airflow/example_dags/example_short_circuit_operator.py
[2024-09-18T17:10:53.521-0500] {logging_mixin.py:190} INFO - [2024-09-18T17:10:53.521-0500] {dag.py:3229} INFO - Sync 1 DAGs
[2024-09-18T17:10:53.528-0500] {logging_mixin.py:190} INFO - [2024-09-18T17:10:53.528-0500] {dag.py:4156} INFO - Setting next_dagrun for example_short_circuit_operator to None, run_after=None
[2024-09-18T17:10:53.538-0500] {processor.py:208} INFO - Processing /Users/binhpham/Library/Python/3.9/lib/python/site-packages/airflow/example_dags/example_short_circuit_operator.py took 0.097 seconds
[2024-09-18T17:12:21.655-0500] {processor.py:186} INFO - Started process (PID=16075) to work on /Users/binhpham/Library/Python/3.9/lib/python/site-packages/airflow/example_dags/example_short_circuit_operator.py
[2024-09-18T17:12:21.657-0500] {processor.py:914} INFO - Processing file /Users/binhpham/Library/Python/3.9/lib/python/site-packages/airflow/example_dags/example_short_circuit_operator.py for tasks to queue
[2024-09-18T17:12:21.657-0500] {logging_mixin.py:190} INFO - [2024-09-18T17:12:21.657-0500] {dagbag.py:587} INFO - Filling up the DagBag from /Users/binhpham/Library/Python/3.9/lib/python/site-packages/airflow/example_dags/example_short_circuit_operator.py
[2024-09-18T17:12:21.670-0500] {processor.py:925} INFO - DAG(s) 'example_short_circuit_operator' retrieved from /Users/binhpham/Library/Python/3.9/lib/python/site-packages/airflow/example_dags/example_short_circuit_operator.py
[2024-09-18T17:12:21.724-0500] {logging_mixin.py:190} INFO - [2024-09-18T17:12:21.724-0500] {dag.py:3229} INFO - Sync 1 DAGs
[2024-09-18T17:12:21.730-0500] {logging_mixin.py:190} INFO - [2024-09-18T17:12:21.730-0500] {dag.py:4156} INFO - Setting next_dagrun for example_short_circuit_operator to None, run_after=None
[2024-09-18T17:12:21.739-0500] {processor.py:208} INFO - Processing /Users/binhpham/Library/Python/3.9/lib/python/site-packages/airflow/example_dags/example_short_circuit_operator.py took 0.085 seconds
[2024-09-18T17:13:50.615-0500] {processor.py:186} INFO - Started process (PID=16416) to work on /Users/binhpham/Library/Python/3.9/lib/python/site-packages/airflow/example_dags/example_short_circuit_operator.py
[2024-09-18T17:13:50.617-0500] {processor.py:914} INFO - Processing file /Users/binhpham/Library/Python/3.9/lib/python/site-packages/airflow/example_dags/example_short_circuit_operator.py for tasks to queue
[2024-09-18T17:13:50.618-0500] {logging_mixin.py:190} INFO - [2024-09-18T17:13:50.617-0500] {dagbag.py:587} INFO - Filling up the DagBag from /Users/binhpham/Library/Python/3.9/lib/python/site-packages/airflow/example_dags/example_short_circuit_operator.py
[2024-09-18T17:13:50.631-0500] {processor.py:925} INFO - DAG(s) 'example_short_circuit_operator' retrieved from /Users/binhpham/Library/Python/3.9/lib/python/site-packages/airflow/example_dags/example_short_circuit_operator.py
[2024-09-18T17:13:50.691-0500] {logging_mixin.py:190} INFO - [2024-09-18T17:13:50.691-0500] {dag.py:3229} INFO - Sync 1 DAGs
[2024-09-18T17:13:50.698-0500] {logging_mixin.py:190} INFO - [2024-09-18T17:13:50.698-0500] {dag.py:4156} INFO - Setting next_dagrun for example_short_circuit_operator to None, run_after=None
[2024-09-18T17:13:50.707-0500] {processor.py:208} INFO - Processing /Users/binhpham/Library/Python/3.9/lib/python/site-packages/airflow/example_dags/example_short_circuit_operator.py took 0.094 seconds
[2024-09-18T17:15:40.715-0500] {processor.py:186} INFO - Started process (PID=16884) to work on /Users/binhpham/Library/Python/3.9/lib/python/site-packages/airflow/example_dags/example_short_circuit_operator.py
[2024-09-18T17:15:40.718-0500] {processor.py:914} INFO - Processing file /Users/binhpham/Library/Python/3.9/lib/python/site-packages/airflow/example_dags/example_short_circuit_operator.py for tasks to queue
[2024-09-18T17:15:40.718-0500] {logging_mixin.py:190} INFO - [2024-09-18T17:15:40.718-0500] {dagbag.py:587} INFO - Filling up the DagBag from /Users/binhpham/Library/Python/3.9/lib/python/site-packages/airflow/example_dags/example_short_circuit_operator.py
[2024-09-18T17:15:40.733-0500] {processor.py:925} INFO - DAG(s) 'example_short_circuit_operator' retrieved from /Users/binhpham/Library/Python/3.9/lib/python/site-packages/airflow/example_dags/example_short_circuit_operator.py
[2024-09-18T17:15:40.790-0500] {logging_mixin.py:190} INFO - [2024-09-18T17:15:40.790-0500] {dag.py:3229} INFO - Sync 1 DAGs
[2024-09-18T17:15:40.796-0500] {logging_mixin.py:190} INFO - [2024-09-18T17:15:40.796-0500] {dag.py:4156} INFO - Setting next_dagrun for example_short_circuit_operator to None, run_after=None
[2024-09-18T17:15:40.805-0500] {processor.py:208} INFO - Processing /Users/binhpham/Library/Python/3.9/lib/python/site-packages/airflow/example_dags/example_short_circuit_operator.py took 0.092 seconds
[2024-09-18T17:17:41.106-0500] {processor.py:186} INFO - Started process (PID=17357) to work on /Users/binhpham/Library/Python/3.9/lib/python/site-packages/airflow/example_dags/example_short_circuit_operator.py
[2024-09-18T17:17:41.107-0500] {processor.py:914} INFO - Processing file /Users/binhpham/Library/Python/3.9/lib/python/site-packages/airflow/example_dags/example_short_circuit_operator.py for tasks to queue
[2024-09-18T17:17:41.108-0500] {logging_mixin.py:190} INFO - [2024-09-18T17:17:41.108-0500] {dagbag.py:587} INFO - Filling up the DagBag from /Users/binhpham/Library/Python/3.9/lib/python/site-packages/airflow/example_dags/example_short_circuit_operator.py
[2024-09-18T17:17:41.122-0500] {processor.py:925} INFO - DAG(s) 'example_short_circuit_operator' retrieved from /Users/binhpham/Library/Python/3.9/lib/python/site-packages/airflow/example_dags/example_short_circuit_operator.py
[2024-09-18T17:17:41.179-0500] {logging_mixin.py:190} INFO - [2024-09-18T17:17:41.179-0500] {dag.py:3229} INFO - Sync 1 DAGs
[2024-09-18T17:17:41.186-0500] {logging_mixin.py:190} INFO - [2024-09-18T17:17:41.186-0500] {dag.py:4156} INFO - Setting next_dagrun for example_short_circuit_operator to None, run_after=None
[2024-09-18T17:17:41.195-0500] {processor.py:208} INFO - Processing /Users/binhpham/Library/Python/3.9/lib/python/site-packages/airflow/example_dags/example_short_circuit_operator.py took 0.091 seconds
[2024-09-18T17:19:09.783-0500] {processor.py:186} INFO - Started process (PID=18234) to work on /Users/binhpham/Library/Python/3.9/lib/python/site-packages/airflow/example_dags/example_short_circuit_operator.py
[2024-09-18T17:19:09.785-0500] {processor.py:914} INFO - Processing file /Users/binhpham/Library/Python/3.9/lib/python/site-packages/airflow/example_dags/example_short_circuit_operator.py for tasks to queue
[2024-09-18T17:19:09.786-0500] {logging_mixin.py:190} INFO - [2024-09-18T17:19:09.786-0500] {dagbag.py:587} INFO - Filling up the DagBag from /Users/binhpham/Library/Python/3.9/lib/python/site-packages/airflow/example_dags/example_short_circuit_operator.py
[2024-09-18T17:19:09.801-0500] {processor.py:925} INFO - DAG(s) 'example_short_circuit_operator' retrieved from /Users/binhpham/Library/Python/3.9/lib/python/site-packages/airflow/example_dags/example_short_circuit_operator.py
[2024-09-18T17:19:09.865-0500] {logging_mixin.py:190} INFO - [2024-09-18T17:19:09.865-0500] {dag.py:3229} INFO - Sync 1 DAGs
[2024-09-18T17:19:09.872-0500] {logging_mixin.py:190} INFO - [2024-09-18T17:19:09.872-0500] {dag.py:4156} INFO - Setting next_dagrun for example_short_circuit_operator to None, run_after=None
[2024-09-18T17:19:09.882-0500] {processor.py:208} INFO - Processing /Users/binhpham/Library/Python/3.9/lib/python/site-packages/airflow/example_dags/example_short_circuit_operator.py took 0.100 seconds
[2024-09-18T17:20:41.216-0500] {processor.py:186} INFO - Started process (PID=18707) to work on /Users/binhpham/Library/Python/3.9/lib/python/site-packages/airflow/example_dags/example_short_circuit_operator.py
[2024-09-18T17:20:41.218-0500] {processor.py:914} INFO - Processing file /Users/binhpham/Library/Python/3.9/lib/python/site-packages/airflow/example_dags/example_short_circuit_operator.py for tasks to queue
[2024-09-18T17:20:41.219-0500] {logging_mixin.py:190} INFO - [2024-09-18T17:20:41.219-0500] {dagbag.py:587} INFO - Filling up the DagBag from /Users/binhpham/Library/Python/3.9/lib/python/site-packages/airflow/example_dags/example_short_circuit_operator.py
[2024-09-18T17:20:41.232-0500] {processor.py:925} INFO - DAG(s) 'example_short_circuit_operator' retrieved from /Users/binhpham/Library/Python/3.9/lib/python/site-packages/airflow/example_dags/example_short_circuit_operator.py
[2024-09-18T17:20:41.289-0500] {logging_mixin.py:190} INFO - [2024-09-18T17:20:41.289-0500] {dag.py:3229} INFO - Sync 1 DAGs
[2024-09-18T17:20:41.295-0500] {logging_mixin.py:190} INFO - [2024-09-18T17:20:41.295-0500] {dag.py:4156} INFO - Setting next_dagrun for example_short_circuit_operator to None, run_after=None
[2024-09-18T17:20:41.304-0500] {processor.py:208} INFO - Processing /Users/binhpham/Library/Python/3.9/lib/python/site-packages/airflow/example_dags/example_short_circuit_operator.py took 0.090 seconds
[2024-09-18T17:22:43.329-0500] {processor.py:186} INFO - Started process (PID=19576) to work on /Users/binhpham/Projects/dbt_project/venv/lib/python3.9/site-packages/airflow/example_dags/example_short_circuit_operator.py
[2024-09-18T17:22:43.332-0500] {processor.py:914} INFO - Processing file /Users/binhpham/Projects/dbt_project/venv/lib/python3.9/site-packages/airflow/example_dags/example_short_circuit_operator.py for tasks to queue
[2024-09-18T17:22:43.332-0500] {logging_mixin.py:190} INFO - [2024-09-18T17:22:43.332-0500] {dagbag.py:587} INFO - Filling up the DagBag from /Users/binhpham/Projects/dbt_project/venv/lib/python3.9/site-packages/airflow/example_dags/example_short_circuit_operator.py
[2024-09-18T17:22:43.345-0500] {processor.py:925} INFO - DAG(s) 'example_short_circuit_operator' retrieved from /Users/binhpham/Projects/dbt_project/venv/lib/python3.9/site-packages/airflow/example_dags/example_short_circuit_operator.py
[2024-09-18T17:22:43.449-0500] {logging_mixin.py:190} INFO - [2024-09-18T17:22:43.449-0500] {dag.py:3229} INFO - Sync 1 DAGs
[2024-09-18T17:22:43.455-0500] {logging_mixin.py:190} INFO - [2024-09-18T17:22:43.455-0500] {dag.py:4156} INFO - Setting next_dagrun for example_short_circuit_operator to None, run_after=None
[2024-09-18T17:22:43.466-0500] {processor.py:208} INFO - Processing /Users/binhpham/Projects/dbt_project/venv/lib/python3.9/site-packages/airflow/example_dags/example_short_circuit_operator.py took 0.138 seconds
[2024-09-18T17:26:44.595-0500] {processor.py:186} INFO - Started process (PID=20480) to work on /Users/binhpham/Projects/dbt_project/venv/lib/python3.9/site-packages/airflow/example_dags/example_short_circuit_operator.py
[2024-09-18T17:26:44.598-0500] {processor.py:914} INFO - Processing file /Users/binhpham/Projects/dbt_project/venv/lib/python3.9/site-packages/airflow/example_dags/example_short_circuit_operator.py for tasks to queue
[2024-09-18T17:26:44.599-0500] {logging_mixin.py:190} INFO - [2024-09-18T17:26:44.599-0500] {dagbag.py:587} INFO - Filling up the DagBag from /Users/binhpham/Projects/dbt_project/venv/lib/python3.9/site-packages/airflow/example_dags/example_short_circuit_operator.py
[2024-09-18T17:26:44.613-0500] {processor.py:925} INFO - DAG(s) 'example_short_circuit_operator' retrieved from /Users/binhpham/Projects/dbt_project/venv/lib/python3.9/site-packages/airflow/example_dags/example_short_circuit_operator.py
[2024-09-18T17:26:44.674-0500] {logging_mixin.py:190} INFO - [2024-09-18T17:26:44.674-0500] {dag.py:3229} INFO - Sync 1 DAGs
[2024-09-18T17:26:44.681-0500] {logging_mixin.py:190} INFO - [2024-09-18T17:26:44.681-0500] {dag.py:4156} INFO - Setting next_dagrun for example_short_circuit_operator to None, run_after=None
[2024-09-18T17:26:44.691-0500] {processor.py:208} INFO - Processing /Users/binhpham/Projects/dbt_project/venv/lib/python3.9/site-packages/airflow/example_dags/example_short_circuit_operator.py took 0.097 seconds
[2024-09-18T17:29:13.788-0500] {processor.py:186} INFO - Started process (PID=21162) to work on /Users/binhpham/Projects/dbt_project/venv/lib/python3.9/site-packages/airflow/example_dags/example_short_circuit_operator.py
[2024-09-18T17:29:13.791-0500] {processor.py:914} INFO - Processing file /Users/binhpham/Projects/dbt_project/venv/lib/python3.9/site-packages/airflow/example_dags/example_short_circuit_operator.py for tasks to queue
[2024-09-18T17:29:13.791-0500] {logging_mixin.py:190} INFO - [2024-09-18T17:29:13.791-0500] {dagbag.py:587} INFO - Filling up the DagBag from /Users/binhpham/Projects/dbt_project/venv/lib/python3.9/site-packages/airflow/example_dags/example_short_circuit_operator.py
[2024-09-18T17:29:13.805-0500] {processor.py:925} INFO - DAG(s) 'example_short_circuit_operator' retrieved from /Users/binhpham/Projects/dbt_project/venv/lib/python3.9/site-packages/airflow/example_dags/example_short_circuit_operator.py
[2024-09-18T17:29:13.866-0500] {logging_mixin.py:190} INFO - [2024-09-18T17:29:13.866-0500] {dag.py:3229} INFO - Sync 1 DAGs
[2024-09-18T17:29:13.873-0500] {logging_mixin.py:190} INFO - [2024-09-18T17:29:13.872-0500] {dag.py:4156} INFO - Setting next_dagrun for example_short_circuit_operator to None, run_after=None
[2024-09-18T17:29:13.882-0500] {processor.py:208} INFO - Processing /Users/binhpham/Projects/dbt_project/venv/lib/python3.9/site-packages/airflow/example_dags/example_short_circuit_operator.py took 0.095 seconds
[2024-09-18T17:31:06.609-0500] {processor.py:186} INFO - Started process (PID=22299) to work on /Users/binhpham/Projects/dbt_project/venv/lib/python3.9/site-packages/airflow/example_dags/example_short_circuit_operator.py
[2024-09-18T17:31:06.610-0500] {processor.py:914} INFO - Processing file /Users/binhpham/Projects/dbt_project/venv/lib/python3.9/site-packages/airflow/example_dags/example_short_circuit_operator.py for tasks to queue
[2024-09-18T17:31:06.611-0500] {logging_mixin.py:190} INFO - [2024-09-18T17:31:06.611-0500] {dagbag.py:587} INFO - Filling up the DagBag from /Users/binhpham/Projects/dbt_project/venv/lib/python3.9/site-packages/airflow/example_dags/example_short_circuit_operator.py
[2024-09-18T17:31:06.625-0500] {processor.py:925} INFO - DAG(s) 'example_short_circuit_operator' retrieved from /Users/binhpham/Projects/dbt_project/venv/lib/python3.9/site-packages/airflow/example_dags/example_short_circuit_operator.py
[2024-09-18T17:31:06.687-0500] {logging_mixin.py:190} INFO - [2024-09-18T17:31:06.687-0500] {dag.py:3229} INFO - Sync 1 DAGs
[2024-09-18T17:31:06.695-0500] {logging_mixin.py:190} INFO - [2024-09-18T17:31:06.694-0500] {dag.py:4156} INFO - Setting next_dagrun for example_short_circuit_operator to None, run_after=None
[2024-09-18T17:31:06.706-0500] {processor.py:208} INFO - Processing /Users/binhpham/Projects/dbt_project/venv/lib/python3.9/site-packages/airflow/example_dags/example_short_circuit_operator.py took 0.099 seconds
[2024-09-18T17:32:29.863-0500] {processor.py:186} INFO - Started process (PID=22789) to work on /Users/binhpham/Projects/dbt_project/venv/lib/python3.9/site-packages/airflow/example_dags/example_short_circuit_operator.py
[2024-09-18T17:32:29.864-0500] {processor.py:914} INFO - Processing file /Users/binhpham/Projects/dbt_project/venv/lib/python3.9/site-packages/airflow/example_dags/example_short_circuit_operator.py for tasks to queue
[2024-09-18T17:32:29.865-0500] {logging_mixin.py:190} INFO - [2024-09-18T17:32:29.865-0500] {dagbag.py:587} INFO - Filling up the DagBag from /Users/binhpham/Projects/dbt_project/venv/lib/python3.9/site-packages/airflow/example_dags/example_short_circuit_operator.py
[2024-09-18T17:32:29.881-0500] {processor.py:925} INFO - DAG(s) 'example_short_circuit_operator' retrieved from /Users/binhpham/Projects/dbt_project/venv/lib/python3.9/site-packages/airflow/example_dags/example_short_circuit_operator.py
[2024-09-18T17:32:29.961-0500] {logging_mixin.py:190} INFO - [2024-09-18T17:32:29.961-0500] {dag.py:3229} INFO - Sync 1 DAGs
[2024-09-18T17:32:29.968-0500] {logging_mixin.py:190} INFO - [2024-09-18T17:32:29.968-0500] {dag.py:4156} INFO - Setting next_dagrun for example_short_circuit_operator to None, run_after=None
[2024-09-18T17:32:29.978-0500] {processor.py:208} INFO - Processing /Users/binhpham/Projects/dbt_project/venv/lib/python3.9/site-packages/airflow/example_dags/example_short_circuit_operator.py took 0.117 seconds
[2024-09-18T17:34:57.827-0500] {processor.py:186} INFO - Started process (PID=23337) to work on /Users/binhpham/Projects/dbt_project/venv/lib/python3.9/site-packages/airflow/example_dags/example_short_circuit_operator.py
[2024-09-18T17:34:57.830-0500] {processor.py:914} INFO - Processing file /Users/binhpham/Projects/dbt_project/venv/lib/python3.9/site-packages/airflow/example_dags/example_short_circuit_operator.py for tasks to queue
[2024-09-18T17:34:57.830-0500] {logging_mixin.py:190} INFO - [2024-09-18T17:34:57.830-0500] {dagbag.py:587} INFO - Filling up the DagBag from /Users/binhpham/Projects/dbt_project/venv/lib/python3.9/site-packages/airflow/example_dags/example_short_circuit_operator.py
[2024-09-18T17:34:57.844-0500] {processor.py:925} INFO - DAG(s) 'example_short_circuit_operator' retrieved from /Users/binhpham/Projects/dbt_project/venv/lib/python3.9/site-packages/airflow/example_dags/example_short_circuit_operator.py
[2024-09-18T17:34:57.902-0500] {logging_mixin.py:190} INFO - [2024-09-18T17:34:57.902-0500] {dag.py:3229} INFO - Sync 1 DAGs
[2024-09-18T17:34:57.909-0500] {logging_mixin.py:190} INFO - [2024-09-18T17:34:57.908-0500] {dag.py:4156} INFO - Setting next_dagrun for example_short_circuit_operator to None, run_after=None
[2024-09-18T17:34:57.918-0500] {processor.py:208} INFO - Processing /Users/binhpham/Projects/dbt_project/venv/lib/python3.9/site-packages/airflow/example_dags/example_short_circuit_operator.py took 0.093 seconds
[2024-09-18T17:36:54.175-0500] {processor.py:186} INFO - Started process (PID=23947) to work on /Users/binhpham/Projects/dbt_project/venv/lib/python3.9/site-packages/airflow/example_dags/example_short_circuit_operator.py
[2024-09-18T17:36:54.177-0500] {processor.py:914} INFO - Processing file /Users/binhpham/Projects/dbt_project/venv/lib/python3.9/site-packages/airflow/example_dags/example_short_circuit_operator.py for tasks to queue
[2024-09-18T17:36:54.177-0500] {logging_mixin.py:190} INFO - [2024-09-18T17:36:54.177-0500] {dagbag.py:587} INFO - Filling up the DagBag from /Users/binhpham/Projects/dbt_project/venv/lib/python3.9/site-packages/airflow/example_dags/example_short_circuit_operator.py
[2024-09-18T17:36:54.191-0500] {processor.py:925} INFO - DAG(s) 'example_short_circuit_operator' retrieved from /Users/binhpham/Projects/dbt_project/venv/lib/python3.9/site-packages/airflow/example_dags/example_short_circuit_operator.py
[2024-09-18T17:36:54.248-0500] {logging_mixin.py:190} INFO - [2024-09-18T17:36:54.248-0500] {dag.py:3229} INFO - Sync 1 DAGs
[2024-09-18T17:36:54.254-0500] {logging_mixin.py:190} INFO - [2024-09-18T17:36:54.254-0500] {dag.py:4156} INFO - Setting next_dagrun for example_short_circuit_operator to None, run_after=None
[2024-09-18T17:36:54.264-0500] {processor.py:208} INFO - Processing /Users/binhpham/Projects/dbt_project/venv/lib/python3.9/site-packages/airflow/example_dags/example_short_circuit_operator.py took 0.090 seconds
[2024-09-18T17:38:16.209-0500] {processor.py:186} INFO - Started process (PID=24207) to work on /Users/binhpham/Projects/dbt_project/venv/lib/python3.9/site-packages/airflow/example_dags/example_short_circuit_operator.py
[2024-09-18T17:38:16.211-0500] {processor.py:914} INFO - Processing file /Users/binhpham/Projects/dbt_project/venv/lib/python3.9/site-packages/airflow/example_dags/example_short_circuit_operator.py for tasks to queue
[2024-09-18T17:38:16.211-0500] {logging_mixin.py:190} INFO - [2024-09-18T17:38:16.211-0500] {dagbag.py:587} INFO - Filling up the DagBag from /Users/binhpham/Projects/dbt_project/venv/lib/python3.9/site-packages/airflow/example_dags/example_short_circuit_operator.py
[2024-09-18T17:38:16.224-0500] {processor.py:925} INFO - DAG(s) 'example_short_circuit_operator' retrieved from /Users/binhpham/Projects/dbt_project/venv/lib/python3.9/site-packages/airflow/example_dags/example_short_circuit_operator.py
[2024-09-18T17:38:16.279-0500] {logging_mixin.py:190} INFO - [2024-09-18T17:38:16.279-0500] {dag.py:3229} INFO - Sync 1 DAGs
[2024-09-18T17:38:16.285-0500] {logging_mixin.py:190} INFO - [2024-09-18T17:38:16.285-0500] {dag.py:4156} INFO - Setting next_dagrun for example_short_circuit_operator to None, run_after=None
[2024-09-18T17:38:16.294-0500] {processor.py:208} INFO - Processing /Users/binhpham/Projects/dbt_project/venv/lib/python3.9/site-packages/airflow/example_dags/example_short_circuit_operator.py took 0.086 seconds
[2024-09-18T17:39:41.610-0500] {processor.py:186} INFO - Started process (PID=24485) to work on /Users/binhpham/Projects/dbt_project/venv/lib/python3.9/site-packages/airflow/example_dags/example_short_circuit_operator.py
[2024-09-18T17:39:41.612-0500] {processor.py:914} INFO - Processing file /Users/binhpham/Projects/dbt_project/venv/lib/python3.9/site-packages/airflow/example_dags/example_short_circuit_operator.py for tasks to queue
[2024-09-18T17:39:41.613-0500] {logging_mixin.py:190} INFO - [2024-09-18T17:39:41.613-0500] {dagbag.py:587} INFO - Filling up the DagBag from /Users/binhpham/Projects/dbt_project/venv/lib/python3.9/site-packages/airflow/example_dags/example_short_circuit_operator.py
[2024-09-18T17:39:41.626-0500] {processor.py:925} INFO - DAG(s) 'example_short_circuit_operator' retrieved from /Users/binhpham/Projects/dbt_project/venv/lib/python3.9/site-packages/airflow/example_dags/example_short_circuit_operator.py
[2024-09-18T17:39:41.682-0500] {logging_mixin.py:190} INFO - [2024-09-18T17:39:41.682-0500] {dag.py:3229} INFO - Sync 1 DAGs
[2024-09-18T17:39:41.688-0500] {logging_mixin.py:190} INFO - [2024-09-18T17:39:41.688-0500] {dag.py:4156} INFO - Setting next_dagrun for example_short_circuit_operator to None, run_after=None
[2024-09-18T17:39:41.697-0500] {processor.py:208} INFO - Processing /Users/binhpham/Projects/dbt_project/venv/lib/python3.9/site-packages/airflow/example_dags/example_short_circuit_operator.py took 0.089 seconds
[2024-09-18T17:41:07.353-0500] {processor.py:186} INFO - Started process (PID=24751) to work on /Users/binhpham/Projects/dbt_project/venv/lib/python3.9/site-packages/airflow/example_dags/example_short_circuit_operator.py
[2024-09-18T17:41:07.356-0500] {processor.py:914} INFO - Processing file /Users/binhpham/Projects/dbt_project/venv/lib/python3.9/site-packages/airflow/example_dags/example_short_circuit_operator.py for tasks to queue
[2024-09-18T17:41:07.356-0500] {logging_mixin.py:190} INFO - [2024-09-18T17:41:07.356-0500] {dagbag.py:587} INFO - Filling up the DagBag from /Users/binhpham/Projects/dbt_project/venv/lib/python3.9/site-packages/airflow/example_dags/example_short_circuit_operator.py
[2024-09-18T17:41:07.371-0500] {processor.py:925} INFO - DAG(s) 'example_short_circuit_operator' retrieved from /Users/binhpham/Projects/dbt_project/venv/lib/python3.9/site-packages/airflow/example_dags/example_short_circuit_operator.py
[2024-09-18T17:41:07.429-0500] {logging_mixin.py:190} INFO - [2024-09-18T17:41:07.428-0500] {dag.py:3229} INFO - Sync 1 DAGs
[2024-09-18T17:41:07.435-0500] {logging_mixin.py:190} INFO - [2024-09-18T17:41:07.435-0500] {dag.py:4156} INFO - Setting next_dagrun for example_short_circuit_operator to None, run_after=None
[2024-09-18T17:41:07.444-0500] {processor.py:208} INFO - Processing /Users/binhpham/Projects/dbt_project/venv/lib/python3.9/site-packages/airflow/example_dags/example_short_circuit_operator.py took 0.093 seconds
[2024-09-18T17:42:32.703-0500] {processor.py:186} INFO - Started process (PID=25029) to work on /Users/binhpham/Projects/dbt_project/venv/lib/python3.9/site-packages/airflow/example_dags/example_short_circuit_operator.py
[2024-09-18T17:42:32.705-0500] {processor.py:914} INFO - Processing file /Users/binhpham/Projects/dbt_project/venv/lib/python3.9/site-packages/airflow/example_dags/example_short_circuit_operator.py for tasks to queue
[2024-09-18T17:42:32.705-0500] {logging_mixin.py:190} INFO - [2024-09-18T17:42:32.705-0500] {dagbag.py:587} INFO - Filling up the DagBag from /Users/binhpham/Projects/dbt_project/venv/lib/python3.9/site-packages/airflow/example_dags/example_short_circuit_operator.py
[2024-09-18T17:42:32.720-0500] {processor.py:925} INFO - DAG(s) 'example_short_circuit_operator' retrieved from /Users/binhpham/Projects/dbt_project/venv/lib/python3.9/site-packages/airflow/example_dags/example_short_circuit_operator.py
[2024-09-18T17:42:32.776-0500] {logging_mixin.py:190} INFO - [2024-09-18T17:42:32.776-0500] {dag.py:3229} INFO - Sync 1 DAGs
[2024-09-18T17:42:32.782-0500] {logging_mixin.py:190} INFO - [2024-09-18T17:42:32.782-0500] {dag.py:4156} INFO - Setting next_dagrun for example_short_circuit_operator to None, run_after=None
[2024-09-18T17:42:32.791-0500] {processor.py:208} INFO - Processing /Users/binhpham/Projects/dbt_project/venv/lib/python3.9/site-packages/airflow/example_dags/example_short_circuit_operator.py took 0.090 seconds
[2024-09-18T17:43:59.156-0500] {processor.py:186} INFO - Started process (PID=25322) to work on /Users/binhpham/Projects/dbt_project/venv/lib/python3.9/site-packages/airflow/example_dags/example_short_circuit_operator.py
[2024-09-18T17:43:59.158-0500] {processor.py:914} INFO - Processing file /Users/binhpham/Projects/dbt_project/venv/lib/python3.9/site-packages/airflow/example_dags/example_short_circuit_operator.py for tasks to queue
[2024-09-18T17:43:59.158-0500] {logging_mixin.py:190} INFO - [2024-09-18T17:43:59.158-0500] {dagbag.py:587} INFO - Filling up the DagBag from /Users/binhpham/Projects/dbt_project/venv/lib/python3.9/site-packages/airflow/example_dags/example_short_circuit_operator.py
[2024-09-18T17:43:59.172-0500] {processor.py:925} INFO - DAG(s) 'example_short_circuit_operator' retrieved from /Users/binhpham/Projects/dbt_project/venv/lib/python3.9/site-packages/airflow/example_dags/example_short_circuit_operator.py
[2024-09-18T17:43:59.232-0500] {logging_mixin.py:190} INFO - [2024-09-18T17:43:59.232-0500] {dag.py:3229} INFO - Sync 1 DAGs
[2024-09-18T17:43:59.239-0500] {logging_mixin.py:190} INFO - [2024-09-18T17:43:59.239-0500] {dag.py:4156} INFO - Setting next_dagrun for example_short_circuit_operator to None, run_after=None
[2024-09-18T17:43:59.248-0500] {processor.py:208} INFO - Processing /Users/binhpham/Projects/dbt_project/venv/lib/python3.9/site-packages/airflow/example_dags/example_short_circuit_operator.py took 0.093 seconds
