[2024-09-18T16:51:55.615-0500] {processor.py:186} INFO - Started process (PID=11765) to work on /Users/binhpham/Library/Python/3.9/lib/python/site-packages/airflow/example_dags/example_workday_timetable.py
[2024-09-18T16:51:55.616-0500] {processor.py:914} INFO - Processing file /Users/binhpham/Library/Python/3.9/lib/python/site-packages/airflow/example_dags/example_workday_timetable.py for tasks to queue
[2024-09-18T16:51:55.617-0500] {logging_mixin.py:190} INFO - [2024-09-18T16:51:55.617-0500] {dagbag.py:587} INFO - Filling up the DagBag from /Users/binhpham/Library/Python/3.9/lib/python/site-packages/airflow/example_dags/example_workday_timetable.py
[2024-09-18T16:51:55.842-0500] {processor.py:925} INFO - DAG(s) 'example_workday_timetable' retrieved from /Users/binhpham/Library/Python/3.9/lib/python/site-packages/airflow/example_dags/example_workday_timetable.py
[2024-09-18T16:51:55.908-0500] {logging_mixin.py:190} INFO - [2024-09-18T16:51:55.908-0500] {dag.py:3229} INFO - Sync 1 DAGs
[2024-09-18T16:51:55.937-0500] {logging_mixin.py:190} INFO - [2024-09-18T16:51:55.937-0500] {dag.py:4156} INFO - Setting next_dagrun for example_workday_timetable to 2021-01-04 00:00:00+00:00, run_after=2021-01-05 00:00:00+00:00
[2024-09-18T16:51:55.946-0500] {processor.py:208} INFO - Processing /Users/binhpham/Library/Python/3.9/lib/python/site-packages/airflow/example_dags/example_workday_timetable.py took 0.333 seconds
[2024-09-18T16:53:55.199-0500] {processor.py:186} INFO - Started process (PID=12241) to work on /Users/binhpham/Library/Python/3.9/lib/python/site-packages/airflow/example_dags/example_workday_timetable.py
[2024-09-18T16:53:55.202-0500] {processor.py:914} INFO - Processing file /Users/binhpham/Library/Python/3.9/lib/python/site-packages/airflow/example_dags/example_workday_timetable.py for tasks to queue
[2024-09-18T16:53:55.202-0500] {logging_mixin.py:190} INFO - [2024-09-18T16:53:55.202-0500] {dagbag.py:587} INFO - Filling up the DagBag from /Users/binhpham/Library/Python/3.9/lib/python/site-packages/airflow/example_dags/example_workday_timetable.py
[2024-09-18T16:53:55.424-0500] {processor.py:925} INFO - DAG(s) 'example_workday_timetable' retrieved from /Users/binhpham/Library/Python/3.9/lib/python/site-packages/airflow/example_dags/example_workday_timetable.py
[2024-09-18T16:53:55.489-0500] {logging_mixin.py:190} INFO - [2024-09-18T16:53:55.488-0500] {dag.py:3229} INFO - Sync 1 DAGs
[2024-09-18T16:53:55.518-0500] {logging_mixin.py:190} INFO - [2024-09-18T16:53:55.518-0500] {dag.py:4156} INFO - Setting next_dagrun for example_workday_timetable to 2021-01-04 00:00:00+00:00, run_after=2021-01-05 00:00:00+00:00
[2024-09-18T16:53:55.526-0500] {processor.py:208} INFO - Processing /Users/binhpham/Library/Python/3.9/lib/python/site-packages/airflow/example_dags/example_workday_timetable.py took 0.329 seconds
[2024-09-18T16:56:55.925-0500] {processor.py:186} INFO - Started process (PID=12860) to work on /Users/binhpham/Library/Python/3.9/lib/python/site-packages/airflow/example_dags/example_workday_timetable.py
[2024-09-18T16:56:55.928-0500] {processor.py:914} INFO - Processing file /Users/binhpham/Library/Python/3.9/lib/python/site-packages/airflow/example_dags/example_workday_timetable.py for tasks to queue
[2024-09-18T16:56:55.928-0500] {logging_mixin.py:190} INFO - [2024-09-18T16:56:55.928-0500] {dagbag.py:587} INFO - Filling up the DagBag from /Users/binhpham/Library/Python/3.9/lib/python/site-packages/airflow/example_dags/example_workday_timetable.py
[2024-09-18T16:56:56.151-0500] {processor.py:925} INFO - DAG(s) 'example_workday_timetable' retrieved from /Users/binhpham/Library/Python/3.9/lib/python/site-packages/airflow/example_dags/example_workday_timetable.py
[2024-09-18T16:56:56.215-0500] {logging_mixin.py:190} INFO - [2024-09-18T16:56:56.215-0500] {dag.py:3229} INFO - Sync 1 DAGs
[2024-09-18T16:56:56.244-0500] {logging_mixin.py:190} INFO - [2024-09-18T16:56:56.244-0500] {dag.py:4156} INFO - Setting next_dagrun for example_workday_timetable to 2021-01-04 00:00:00+00:00, run_after=2021-01-05 00:00:00+00:00
[2024-09-18T16:56:56.254-0500] {processor.py:208} INFO - Processing /Users/binhpham/Library/Python/3.9/lib/python/site-packages/airflow/example_dags/example_workday_timetable.py took 0.331 seconds
[2024-09-18T16:58:57.675-0500] {processor.py:186} INFO - Started process (PID=13256) to work on /Users/binhpham/Library/Python/3.9/lib/python/site-packages/airflow/example_dags/example_workday_timetable.py
[2024-09-18T16:58:57.678-0500] {processor.py:914} INFO - Processing file /Users/binhpham/Library/Python/3.9/lib/python/site-packages/airflow/example_dags/example_workday_timetable.py for tasks to queue
[2024-09-18T16:58:57.679-0500] {logging_mixin.py:190} INFO - [2024-09-18T16:58:57.678-0500] {dagbag.py:587} INFO - Filling up the DagBag from /Users/binhpham/Library/Python/3.9/lib/python/site-packages/airflow/example_dags/example_workday_timetable.py
[2024-09-18T16:58:57.907-0500] {processor.py:925} INFO - DAG(s) 'example_workday_timetable' retrieved from /Users/binhpham/Library/Python/3.9/lib/python/site-packages/airflow/example_dags/example_workday_timetable.py
[2024-09-18T16:58:57.976-0500] {logging_mixin.py:190} INFO - [2024-09-18T16:58:57.976-0500] {dag.py:3229} INFO - Sync 1 DAGs
[2024-09-18T16:58:58.009-0500] {logging_mixin.py:190} INFO - [2024-09-18T16:58:58.008-0500] {dag.py:4156} INFO - Setting next_dagrun for example_workday_timetable to 2021-01-04 00:00:00+00:00, run_after=2021-01-05 00:00:00+00:00
[2024-09-18T16:58:58.018-0500] {processor.py:208} INFO - Processing /Users/binhpham/Library/Python/3.9/lib/python/site-packages/airflow/example_dags/example_workday_timetable.py took 0.345 seconds
[2024-09-18T17:00:27.754-0500] {processor.py:186} INFO - Started process (PID=13558) to work on /Users/binhpham/Library/Python/3.9/lib/python/site-packages/airflow/example_dags/example_workday_timetable.py
[2024-09-18T17:00:27.756-0500] {processor.py:914} INFO - Processing file /Users/binhpham/Library/Python/3.9/lib/python/site-packages/airflow/example_dags/example_workday_timetable.py for tasks to queue
[2024-09-18T17:00:27.757-0500] {logging_mixin.py:190} INFO - [2024-09-18T17:00:27.756-0500] {dagbag.py:587} INFO - Filling up the DagBag from /Users/binhpham/Library/Python/3.9/lib/python/site-packages/airflow/example_dags/example_workday_timetable.py
[2024-09-18T17:00:27.995-0500] {processor.py:925} INFO - DAG(s) 'example_workday_timetable' retrieved from /Users/binhpham/Library/Python/3.9/lib/python/site-packages/airflow/example_dags/example_workday_timetable.py
[2024-09-18T17:00:28.059-0500] {logging_mixin.py:190} INFO - [2024-09-18T17:00:28.059-0500] {dag.py:3229} INFO - Sync 1 DAGs
[2024-09-18T17:00:28.087-0500] {logging_mixin.py:190} INFO - [2024-09-18T17:00:28.087-0500] {dag.py:4156} INFO - Setting next_dagrun for example_workday_timetable to 2021-01-04 00:00:00+00:00, run_after=2021-01-05 00:00:00+00:00
[2024-09-18T17:00:28.096-0500] {processor.py:208} INFO - Processing /Users/binhpham/Library/Python/3.9/lib/python/site-packages/airflow/example_dags/example_workday_timetable.py took 0.343 seconds
[2024-09-18T17:01:55.207-0500] {processor.py:186} INFO - Started process (PID=13850) to work on /Users/binhpham/Library/Python/3.9/lib/python/site-packages/airflow/example_dags/example_workday_timetable.py
[2024-09-18T17:01:55.208-0500] {processor.py:914} INFO - Processing file /Users/binhpham/Library/Python/3.9/lib/python/site-packages/airflow/example_dags/example_workday_timetable.py for tasks to queue
[2024-09-18T17:01:55.209-0500] {logging_mixin.py:190} INFO - [2024-09-18T17:01:55.209-0500] {dagbag.py:587} INFO - Filling up the DagBag from /Users/binhpham/Library/Python/3.9/lib/python/site-packages/airflow/example_dags/example_workday_timetable.py
[2024-09-18T17:01:55.429-0500] {processor.py:925} INFO - DAG(s) 'example_workday_timetable' retrieved from /Users/binhpham/Library/Python/3.9/lib/python/site-packages/airflow/example_dags/example_workday_timetable.py
[2024-09-18T17:01:55.494-0500] {logging_mixin.py:190} INFO - [2024-09-18T17:01:55.494-0500] {dag.py:3229} INFO - Sync 1 DAGs
[2024-09-18T17:01:55.522-0500] {logging_mixin.py:190} INFO - [2024-09-18T17:01:55.522-0500] {dag.py:4156} INFO - Setting next_dagrun for example_workday_timetable to 2021-01-04 00:00:00+00:00, run_after=2021-01-05 00:00:00+00:00
[2024-09-18T17:01:55.532-0500] {processor.py:208} INFO - Processing /Users/binhpham/Library/Python/3.9/lib/python/site-packages/airflow/example_dags/example_workday_timetable.py took 0.327 seconds
[2024-09-18T17:03:20.562-0500] {processor.py:186} INFO - Started process (PID=14130) to work on /Users/binhpham/Library/Python/3.9/lib/python/site-packages/airflow/example_dags/example_workday_timetable.py
[2024-09-18T17:03:20.564-0500] {processor.py:914} INFO - Processing file /Users/binhpham/Library/Python/3.9/lib/python/site-packages/airflow/example_dags/example_workday_timetable.py for tasks to queue
[2024-09-18T17:03:20.564-0500] {logging_mixin.py:190} INFO - [2024-09-18T17:03:20.564-0500] {dagbag.py:587} INFO - Filling up the DagBag from /Users/binhpham/Library/Python/3.9/lib/python/site-packages/airflow/example_dags/example_workday_timetable.py
[2024-09-18T17:03:20.791-0500] {processor.py:925} INFO - DAG(s) 'example_workday_timetable' retrieved from /Users/binhpham/Library/Python/3.9/lib/python/site-packages/airflow/example_dags/example_workday_timetable.py
[2024-09-18T17:03:20.863-0500] {logging_mixin.py:190} INFO - [2024-09-18T17:03:20.863-0500] {dag.py:3229} INFO - Sync 1 DAGs
[2024-09-18T17:03:20.897-0500] {logging_mixin.py:190} INFO - [2024-09-18T17:03:20.897-0500] {dag.py:4156} INFO - Setting next_dagrun for example_workday_timetable to 2021-01-04 00:00:00+00:00, run_after=2021-01-05 00:00:00+00:00
[2024-09-18T17:03:20.908-0500] {processor.py:208} INFO - Processing /Users/binhpham/Library/Python/3.9/lib/python/site-packages/airflow/example_dags/example_workday_timetable.py took 0.348 seconds
[2024-09-18T17:04:48.967-0500] {processor.py:186} INFO - Started process (PID=14451) to work on /Users/binhpham/Library/Python/3.9/lib/python/site-packages/airflow/example_dags/example_workday_timetable.py
[2024-09-18T17:04:48.968-0500] {processor.py:914} INFO - Processing file /Users/binhpham/Library/Python/3.9/lib/python/site-packages/airflow/example_dags/example_workday_timetable.py for tasks to queue
[2024-09-18T17:04:48.969-0500] {logging_mixin.py:190} INFO - [2024-09-18T17:04:48.969-0500] {dagbag.py:587} INFO - Filling up the DagBag from /Users/binhpham/Library/Python/3.9/lib/python/site-packages/airflow/example_dags/example_workday_timetable.py
[2024-09-18T17:04:49.190-0500] {processor.py:925} INFO - DAG(s) 'example_workday_timetable' retrieved from /Users/binhpham/Library/Python/3.9/lib/python/site-packages/airflow/example_dags/example_workday_timetable.py
[2024-09-18T17:04:49.257-0500] {logging_mixin.py:190} INFO - [2024-09-18T17:04:49.257-0500] {dag.py:3229} INFO - Sync 1 DAGs
[2024-09-18T17:04:49.285-0500] {logging_mixin.py:190} INFO - [2024-09-18T17:04:49.285-0500] {dag.py:4156} INFO - Setting next_dagrun for example_workday_timetable to 2021-01-04 00:00:00+00:00, run_after=2021-01-05 00:00:00+00:00
[2024-09-18T17:04:49.294-0500] {processor.py:208} INFO - Processing /Users/binhpham/Library/Python/3.9/lib/python/site-packages/airflow/example_dags/example_workday_timetable.py took 0.329 seconds
[2024-09-18T17:06:12.363-0500] {processor.py:186} INFO - Started process (PID=14752) to work on /Users/binhpham/Library/Python/3.9/lib/python/site-packages/airflow/example_dags/example_workday_timetable.py
[2024-09-18T17:06:12.364-0500] {processor.py:914} INFO - Processing file /Users/binhpham/Library/Python/3.9/lib/python/site-packages/airflow/example_dags/example_workday_timetable.py for tasks to queue
[2024-09-18T17:06:12.365-0500] {logging_mixin.py:190} INFO - [2024-09-18T17:06:12.365-0500] {dagbag.py:587} INFO - Filling up the DagBag from /Users/binhpham/Library/Python/3.9/lib/python/site-packages/airflow/example_dags/example_workday_timetable.py
[2024-09-18T17:06:12.587-0500] {processor.py:925} INFO - DAG(s) 'example_workday_timetable' retrieved from /Users/binhpham/Library/Python/3.9/lib/python/site-packages/airflow/example_dags/example_workday_timetable.py
[2024-09-18T17:06:12.652-0500] {logging_mixin.py:190} INFO - [2024-09-18T17:06:12.652-0500] {dag.py:3229} INFO - Sync 1 DAGs
[2024-09-18T17:06:12.682-0500] {logging_mixin.py:190} INFO - [2024-09-18T17:06:12.682-0500] {dag.py:4156} INFO - Setting next_dagrun for example_workday_timetable to 2021-01-04 00:00:00+00:00, run_after=2021-01-05 00:00:00+00:00
[2024-09-18T17:06:12.693-0500] {processor.py:208} INFO - Processing /Users/binhpham/Library/Python/3.9/lib/python/site-packages/airflow/example_dags/example_workday_timetable.py took 0.332 seconds
[2024-09-18T17:07:36.324-0500] {processor.py:186} INFO - Started process (PID=15079) to work on /Users/binhpham/Library/Python/3.9/lib/python/site-packages/airflow/example_dags/example_workday_timetable.py
[2024-09-18T17:07:36.326-0500] {processor.py:914} INFO - Processing file /Users/binhpham/Library/Python/3.9/lib/python/site-packages/airflow/example_dags/example_workday_timetable.py for tasks to queue
[2024-09-18T17:07:36.326-0500] {logging_mixin.py:190} INFO - [2024-09-18T17:07:36.326-0500] {dagbag.py:587} INFO - Filling up the DagBag from /Users/binhpham/Library/Python/3.9/lib/python/site-packages/airflow/example_dags/example_workday_timetable.py
[2024-09-18T17:07:36.544-0500] {processor.py:925} INFO - DAG(s) 'example_workday_timetable' retrieved from /Users/binhpham/Library/Python/3.9/lib/python/site-packages/airflow/example_dags/example_workday_timetable.py
[2024-09-18T17:07:36.610-0500] {logging_mixin.py:190} INFO - [2024-09-18T17:07:36.610-0500] {dag.py:3229} INFO - Sync 1 DAGs
[2024-09-18T17:07:36.639-0500] {logging_mixin.py:190} INFO - [2024-09-18T17:07:36.638-0500] {dag.py:4156} INFO - Setting next_dagrun for example_workday_timetable to 2021-01-04 00:00:00+00:00, run_after=2021-01-05 00:00:00+00:00
[2024-09-18T17:07:36.648-0500] {processor.py:208} INFO - Processing /Users/binhpham/Library/Python/3.9/lib/python/site-packages/airflow/example_dags/example_workday_timetable.py took 0.326 seconds
[2024-09-18T17:09:06.112-0500] {processor.py:186} INFO - Started process (PID=15387) to work on /Users/binhpham/Library/Python/3.9/lib/python/site-packages/airflow/example_dags/example_workday_timetable.py
[2024-09-18T17:09:06.114-0500] {processor.py:914} INFO - Processing file /Users/binhpham/Library/Python/3.9/lib/python/site-packages/airflow/example_dags/example_workday_timetable.py for tasks to queue
[2024-09-18T17:09:06.114-0500] {logging_mixin.py:190} INFO - [2024-09-18T17:09:06.114-0500] {dagbag.py:587} INFO - Filling up the DagBag from /Users/binhpham/Library/Python/3.9/lib/python/site-packages/airflow/example_dags/example_workday_timetable.py
[2024-09-18T17:09:06.332-0500] {processor.py:925} INFO - DAG(s) 'example_workday_timetable' retrieved from /Users/binhpham/Library/Python/3.9/lib/python/site-packages/airflow/example_dags/example_workday_timetable.py
[2024-09-18T17:09:06.396-0500] {logging_mixin.py:190} INFO - [2024-09-18T17:09:06.395-0500] {dag.py:3229} INFO - Sync 1 DAGs
[2024-09-18T17:09:06.423-0500] {logging_mixin.py:190} INFO - [2024-09-18T17:09:06.423-0500] {dag.py:4156} INFO - Setting next_dagrun for example_workday_timetable to 2021-01-04 00:00:00+00:00, run_after=2021-01-05 00:00:00+00:00
[2024-09-18T17:09:06.432-0500] {processor.py:208} INFO - Processing /Users/binhpham/Library/Python/3.9/lib/python/site-packages/airflow/example_dags/example_workday_timetable.py took 0.322 seconds
[2024-09-18T17:10:34.910-0500] {processor.py:186} INFO - Started process (PID=15690) to work on /Users/binhpham/Library/Python/3.9/lib/python/site-packages/airflow/example_dags/example_workday_timetable.py
[2024-09-18T17:10:34.912-0500] {processor.py:914} INFO - Processing file /Users/binhpham/Library/Python/3.9/lib/python/site-packages/airflow/example_dags/example_workday_timetable.py for tasks to queue
[2024-09-18T17:10:34.913-0500] {logging_mixin.py:190} INFO - [2024-09-18T17:10:34.912-0500] {dagbag.py:587} INFO - Filling up the DagBag from /Users/binhpham/Library/Python/3.9/lib/python/site-packages/airflow/example_dags/example_workday_timetable.py
[2024-09-18T17:10:35.128-0500] {processor.py:925} INFO - DAG(s) 'example_workday_timetable' retrieved from /Users/binhpham/Library/Python/3.9/lib/python/site-packages/airflow/example_dags/example_workday_timetable.py
[2024-09-18T17:10:35.193-0500] {logging_mixin.py:190} INFO - [2024-09-18T17:10:35.193-0500] {dag.py:3229} INFO - Sync 1 DAGs
[2024-09-18T17:10:35.220-0500] {logging_mixin.py:190} INFO - [2024-09-18T17:10:35.220-0500] {dag.py:4156} INFO - Setting next_dagrun for example_workday_timetable to 2021-01-04 00:00:00+00:00, run_after=2021-01-05 00:00:00+00:00
[2024-09-18T17:10:35.230-0500] {processor.py:208} INFO - Processing /Users/binhpham/Library/Python/3.9/lib/python/site-packages/airflow/example_dags/example_workday_timetable.py took 0.321 seconds
[2024-09-18T17:12:02.850-0500] {processor.py:186} INFO - Started process (PID=16014) to work on /Users/binhpham/Library/Python/3.9/lib/python/site-packages/airflow/example_dags/example_workday_timetable.py
[2024-09-18T17:12:02.852-0500] {processor.py:914} INFO - Processing file /Users/binhpham/Library/Python/3.9/lib/python/site-packages/airflow/example_dags/example_workday_timetable.py for tasks to queue
[2024-09-18T17:12:02.852-0500] {logging_mixin.py:190} INFO - [2024-09-18T17:12:02.852-0500] {dagbag.py:587} INFO - Filling up the DagBag from /Users/binhpham/Library/Python/3.9/lib/python/site-packages/airflow/example_dags/example_workday_timetable.py
[2024-09-18T17:12:03.068-0500] {processor.py:925} INFO - DAG(s) 'example_workday_timetable' retrieved from /Users/binhpham/Library/Python/3.9/lib/python/site-packages/airflow/example_dags/example_workday_timetable.py
[2024-09-18T17:12:03.132-0500] {logging_mixin.py:190} INFO - [2024-09-18T17:12:03.132-0500] {dag.py:3229} INFO - Sync 1 DAGs
[2024-09-18T17:12:03.160-0500] {logging_mixin.py:190} INFO - [2024-09-18T17:12:03.160-0500] {dag.py:4156} INFO - Setting next_dagrun for example_workday_timetable to 2021-01-04 00:00:00+00:00, run_after=2021-01-05 00:00:00+00:00
[2024-09-18T17:12:03.170-0500] {processor.py:208} INFO - Processing /Users/binhpham/Library/Python/3.9/lib/python/site-packages/airflow/example_dags/example_workday_timetable.py took 0.321 seconds
[2024-09-18T17:13:31.631-0500] {processor.py:186} INFO - Started process (PID=16332) to work on /Users/binhpham/Library/Python/3.9/lib/python/site-packages/airflow/example_dags/example_workday_timetable.py
[2024-09-18T17:13:31.633-0500] {processor.py:914} INFO - Processing file /Users/binhpham/Library/Python/3.9/lib/python/site-packages/airflow/example_dags/example_workday_timetable.py for tasks to queue
[2024-09-18T17:13:31.634-0500] {logging_mixin.py:190} INFO - [2024-09-18T17:13:31.633-0500] {dagbag.py:587} INFO - Filling up the DagBag from /Users/binhpham/Library/Python/3.9/lib/python/site-packages/airflow/example_dags/example_workday_timetable.py
[2024-09-18T17:13:31.851-0500] {processor.py:925} INFO - DAG(s) 'example_workday_timetable' retrieved from /Users/binhpham/Library/Python/3.9/lib/python/site-packages/airflow/example_dags/example_workday_timetable.py
[2024-09-18T17:13:31.916-0500] {logging_mixin.py:190} INFO - [2024-09-18T17:13:31.916-0500] {dag.py:3229} INFO - Sync 1 DAGs
[2024-09-18T17:13:31.947-0500] {logging_mixin.py:190} INFO - [2024-09-18T17:13:31.947-0500] {dag.py:4156} INFO - Setting next_dagrun for example_workday_timetable to 2021-01-04 00:00:00+00:00, run_after=2021-01-05 00:00:00+00:00
[2024-09-18T17:13:31.957-0500] {processor.py:208} INFO - Processing /Users/binhpham/Library/Python/3.9/lib/python/site-packages/airflow/example_dags/example_workday_timetable.py took 0.327 seconds
[2024-09-18T17:15:20.834-0500] {processor.py:186} INFO - Started process (PID=16824) to work on /Users/binhpham/Library/Python/3.9/lib/python/site-packages/airflow/example_dags/example_workday_timetable.py
[2024-09-18T17:15:20.836-0500] {processor.py:914} INFO - Processing file /Users/binhpham/Library/Python/3.9/lib/python/site-packages/airflow/example_dags/example_workday_timetable.py for tasks to queue
[2024-09-18T17:15:20.836-0500] {logging_mixin.py:190} INFO - [2024-09-18T17:15:20.836-0500] {dagbag.py:587} INFO - Filling up the DagBag from /Users/binhpham/Library/Python/3.9/lib/python/site-packages/airflow/example_dags/example_workday_timetable.py
[2024-09-18T17:15:21.065-0500] {processor.py:925} INFO - DAG(s) 'example_workday_timetable' retrieved from /Users/binhpham/Library/Python/3.9/lib/python/site-packages/airflow/example_dags/example_workday_timetable.py
[2024-09-18T17:15:21.131-0500] {logging_mixin.py:190} INFO - [2024-09-18T17:15:21.130-0500] {dag.py:3229} INFO - Sync 1 DAGs
[2024-09-18T17:15:21.160-0500] {logging_mixin.py:190} INFO - [2024-09-18T17:15:21.160-0500] {dag.py:4156} INFO - Setting next_dagrun for example_workday_timetable to 2021-01-04 00:00:00+00:00, run_after=2021-01-05 00:00:00+00:00
[2024-09-18T17:15:21.169-0500] {processor.py:208} INFO - Processing /Users/binhpham/Library/Python/3.9/lib/python/site-packages/airflow/example_dags/example_workday_timetable.py took 0.336 seconds
[2024-09-18T17:17:22.393-0500] {processor.py:186} INFO - Started process (PID=17294) to work on /Users/binhpham/Library/Python/3.9/lib/python/site-packages/airflow/example_dags/example_workday_timetable.py
[2024-09-18T17:17:22.397-0500] {processor.py:914} INFO - Processing file /Users/binhpham/Library/Python/3.9/lib/python/site-packages/airflow/example_dags/example_workday_timetable.py for tasks to queue
[2024-09-18T17:17:22.397-0500] {logging_mixin.py:190} INFO - [2024-09-18T17:17:22.397-0500] {dagbag.py:587} INFO - Filling up the DagBag from /Users/binhpham/Library/Python/3.9/lib/python/site-packages/airflow/example_dags/example_workday_timetable.py
[2024-09-18T17:17:22.631-0500] {processor.py:925} INFO - DAG(s) 'example_workday_timetable' retrieved from /Users/binhpham/Library/Python/3.9/lib/python/site-packages/airflow/example_dags/example_workday_timetable.py
[2024-09-18T17:17:22.696-0500] {logging_mixin.py:190} INFO - [2024-09-18T17:17:22.696-0500] {dag.py:3229} INFO - Sync 1 DAGs
[2024-09-18T17:17:22.726-0500] {logging_mixin.py:190} INFO - [2024-09-18T17:17:22.726-0500] {dag.py:4156} INFO - Setting next_dagrun for example_workday_timetable to 2021-01-04 00:00:00+00:00, run_after=2021-01-05 00:00:00+00:00
[2024-09-18T17:17:22.735-0500] {processor.py:208} INFO - Processing /Users/binhpham/Library/Python/3.9/lib/python/site-packages/airflow/example_dags/example_workday_timetable.py took 0.343 seconds
[2024-09-18T17:18:50.918-0500] {processor.py:186} INFO - Started process (PID=18168) to work on /Users/binhpham/Library/Python/3.9/lib/python/site-packages/airflow/example_dags/example_workday_timetable.py
[2024-09-18T17:18:50.921-0500] {processor.py:914} INFO - Processing file /Users/binhpham/Library/Python/3.9/lib/python/site-packages/airflow/example_dags/example_workday_timetable.py for tasks to queue
[2024-09-18T17:18:50.921-0500] {logging_mixin.py:190} INFO - [2024-09-18T17:18:50.921-0500] {dagbag.py:587} INFO - Filling up the DagBag from /Users/binhpham/Library/Python/3.9/lib/python/site-packages/airflow/example_dags/example_workday_timetable.py
[2024-09-18T17:18:51.143-0500] {processor.py:925} INFO - DAG(s) 'example_workday_timetable' retrieved from /Users/binhpham/Library/Python/3.9/lib/python/site-packages/airflow/example_dags/example_workday_timetable.py
[2024-09-18T17:18:51.209-0500] {logging_mixin.py:190} INFO - [2024-09-18T17:18:51.209-0500] {dag.py:3229} INFO - Sync 1 DAGs
[2024-09-18T17:18:51.237-0500] {logging_mixin.py:190} INFO - [2024-09-18T17:18:51.237-0500] {dag.py:4156} INFO - Setting next_dagrun for example_workday_timetable to 2021-01-04 00:00:00+00:00, run_after=2021-01-05 00:00:00+00:00
[2024-09-18T17:18:51.246-0500] {processor.py:208} INFO - Processing /Users/binhpham/Library/Python/3.9/lib/python/site-packages/airflow/example_dags/example_workday_timetable.py took 0.329 seconds
[2024-09-18T17:20:21.930-0500] {processor.py:186} INFO - Started process (PID=18464) to work on /Users/binhpham/Library/Python/3.9/lib/python/site-packages/airflow/example_dags/example_workday_timetable.py
[2024-09-18T17:20:21.932-0500] {processor.py:914} INFO - Processing file /Users/binhpham/Library/Python/3.9/lib/python/site-packages/airflow/example_dags/example_workday_timetable.py for tasks to queue
[2024-09-18T17:20:21.933-0500] {logging_mixin.py:190} INFO - [2024-09-18T17:20:21.933-0500] {dagbag.py:587} INFO - Filling up the DagBag from /Users/binhpham/Library/Python/3.9/lib/python/site-packages/airflow/example_dags/example_workday_timetable.py
[2024-09-18T17:20:22.158-0500] {processor.py:925} INFO - DAG(s) 'example_workday_timetable' retrieved from /Users/binhpham/Library/Python/3.9/lib/python/site-packages/airflow/example_dags/example_workday_timetable.py
[2024-09-18T17:20:22.224-0500] {logging_mixin.py:190} INFO - [2024-09-18T17:20:22.223-0500] {dag.py:3229} INFO - Sync 1 DAGs
[2024-09-18T17:20:22.252-0500] {logging_mixin.py:190} INFO - [2024-09-18T17:20:22.252-0500] {dag.py:4156} INFO - Setting next_dagrun for example_workday_timetable to 2021-01-04 00:00:00+00:00, run_after=2021-01-05 00:00:00+00:00
[2024-09-18T17:20:22.261-0500] {processor.py:208} INFO - Processing /Users/binhpham/Library/Python/3.9/lib/python/site-packages/airflow/example_dags/example_workday_timetable.py took 0.333 seconds
[2024-09-18T17:22:24.984-0500] {processor.py:186} INFO - Started process (PID=19516) to work on /Users/binhpham/Projects/dbt_project/venv/lib/python3.9/site-packages/airflow/example_dags/example_workday_timetable.py
[2024-09-18T17:22:24.986-0500] {processor.py:914} INFO - Processing file /Users/binhpham/Projects/dbt_project/venv/lib/python3.9/site-packages/airflow/example_dags/example_workday_timetable.py for tasks to queue
[2024-09-18T17:22:24.987-0500] {logging_mixin.py:190} INFO - [2024-09-18T17:22:24.987-0500] {dagbag.py:587} INFO - Filling up the DagBag from /Users/binhpham/Projects/dbt_project/venv/lib/python3.9/site-packages/airflow/example_dags/example_workday_timetable.py
[2024-09-18T17:22:24.988-0500] {logging_mixin.py:190} INFO - [2024-09-18T17:22:24.988-0500] {workday.py:41} WARNING - Could not import pandas. Holidays will not be considered.
[2024-09-18T17:22:24.991-0500] {processor.py:925} INFO - DAG(s) 'example_workday_timetable' retrieved from /Users/binhpham/Projects/dbt_project/venv/lib/python3.9/site-packages/airflow/example_dags/example_workday_timetable.py
[2024-09-18T17:22:25.044-0500] {logging_mixin.py:190} INFO - [2024-09-18T17:22:25.044-0500] {workday.py:41} WARNING - Could not import pandas. Holidays will not be considered.
[2024-09-18T17:22:25.101-0500] {logging_mixin.py:190} INFO - [2024-09-18T17:22:25.101-0500] {dag.py:3229} INFO - Sync 1 DAGs
[2024-09-18T17:22:25.112-0500] {logging_mixin.py:190} INFO - [2024-09-18T17:22:25.112-0500] {dag.py:4156} INFO - Setting next_dagrun for example_workday_timetable to 2021-01-01 00:00:00+00:00, run_after=2021-01-02 00:00:00+00:00
[2024-09-18T17:22:25.123-0500] {processor.py:208} INFO - Processing /Users/binhpham/Projects/dbt_project/venv/lib/python3.9/site-packages/airflow/example_dags/example_workday_timetable.py took 0.142 seconds
[2024-09-18T17:24:20.973-0500] {processor.py:186} INFO - Started process (PID=19947) to work on /Users/binhpham/Projects/dbt_project/venv/lib/python3.9/site-packages/airflow/example_dags/example_workday_timetable.py
[2024-09-18T17:24:20.975-0500] {processor.py:914} INFO - Processing file /Users/binhpham/Projects/dbt_project/venv/lib/python3.9/site-packages/airflow/example_dags/example_workday_timetable.py for tasks to queue
[2024-09-18T17:24:20.976-0500] {logging_mixin.py:190} INFO - [2024-09-18T17:24:20.975-0500] {dagbag.py:587} INFO - Filling up the DagBag from /Users/binhpham/Projects/dbt_project/venv/lib/python3.9/site-packages/airflow/example_dags/example_workday_timetable.py
[2024-09-18T17:24:20.977-0500] {logging_mixin.py:190} INFO - [2024-09-18T17:24:20.977-0500] {workday.py:41} WARNING - Could not import pandas. Holidays will not be considered.
[2024-09-18T17:24:20.980-0500] {processor.py:925} INFO - DAG(s) 'example_workday_timetable' retrieved from /Users/binhpham/Projects/dbt_project/venv/lib/python3.9/site-packages/airflow/example_dags/example_workday_timetable.py
[2024-09-18T17:24:21.030-0500] {logging_mixin.py:190} INFO - [2024-09-18T17:24:21.030-0500] {workday.py:41} WARNING - Could not import pandas. Holidays will not be considered.
[2024-09-18T17:24:21.041-0500] {logging_mixin.py:190} INFO - [2024-09-18T17:24:21.041-0500] {dag.py:3229} INFO - Sync 1 DAGs
[2024-09-18T17:24:21.053-0500] {logging_mixin.py:190} INFO - [2024-09-18T17:24:21.053-0500] {dag.py:4156} INFO - Setting next_dagrun for example_workday_timetable to 2021-01-01 00:00:00+00:00, run_after=2021-01-02 00:00:00+00:00
[2024-09-18T17:24:21.062-0500] {processor.py:208} INFO - Processing /Users/binhpham/Projects/dbt_project/venv/lib/python3.9/site-packages/airflow/example_dags/example_workday_timetable.py took 0.090 seconds
[2024-09-18T17:26:26.468-0500] {processor.py:186} INFO - Started process (PID=20425) to work on /Users/binhpham/Projects/dbt_project/venv/lib/python3.9/site-packages/airflow/example_dags/example_workday_timetable.py
[2024-09-18T17:26:26.470-0500] {processor.py:914} INFO - Processing file /Users/binhpham/Projects/dbt_project/venv/lib/python3.9/site-packages/airflow/example_dags/example_workday_timetable.py for tasks to queue
[2024-09-18T17:26:26.471-0500] {logging_mixin.py:190} INFO - [2024-09-18T17:26:26.471-0500] {dagbag.py:587} INFO - Filling up the DagBag from /Users/binhpham/Projects/dbt_project/venv/lib/python3.9/site-packages/airflow/example_dags/example_workday_timetable.py
[2024-09-18T17:26:26.472-0500] {logging_mixin.py:190} INFO - [2024-09-18T17:26:26.472-0500] {workday.py:41} WARNING - Could not import pandas. Holidays will not be considered.
[2024-09-18T17:26:26.475-0500] {processor.py:925} INFO - DAG(s) 'example_workday_timetable' retrieved from /Users/binhpham/Projects/dbt_project/venv/lib/python3.9/site-packages/airflow/example_dags/example_workday_timetable.py
[2024-09-18T17:26:26.528-0500] {logging_mixin.py:190} INFO - [2024-09-18T17:26:26.528-0500] {workday.py:41} WARNING - Could not import pandas. Holidays will not be considered.
[2024-09-18T17:26:26.540-0500] {logging_mixin.py:190} INFO - [2024-09-18T17:26:26.540-0500] {dag.py:3229} INFO - Sync 1 DAGs
[2024-09-18T17:26:26.552-0500] {logging_mixin.py:190} INFO - [2024-09-18T17:26:26.552-0500] {dag.py:4156} INFO - Setting next_dagrun for example_workday_timetable to 2021-01-01 00:00:00+00:00, run_after=2021-01-02 00:00:00+00:00
[2024-09-18T17:26:26.561-0500] {processor.py:208} INFO - Processing /Users/binhpham/Projects/dbt_project/venv/lib/python3.9/site-packages/airflow/example_dags/example_workday_timetable.py took 0.095 seconds
[2024-09-18T17:28:51.279-0500] {processor.py:186} INFO - Started process (PID=21082) to work on /Users/binhpham/Projects/dbt_project/venv/lib/python3.9/site-packages/airflow/example_dags/example_workday_timetable.py
[2024-09-18T17:28:51.282-0500] {processor.py:914} INFO - Processing file /Users/binhpham/Projects/dbt_project/venv/lib/python3.9/site-packages/airflow/example_dags/example_workday_timetable.py for tasks to queue
[2024-09-18T17:28:51.282-0500] {logging_mixin.py:190} INFO - [2024-09-18T17:28:51.282-0500] {dagbag.py:587} INFO - Filling up the DagBag from /Users/binhpham/Projects/dbt_project/venv/lib/python3.9/site-packages/airflow/example_dags/example_workday_timetable.py
[2024-09-18T17:28:51.456-0500] {processor.py:925} INFO - DAG(s) 'example_workday_timetable' retrieved from /Users/binhpham/Projects/dbt_project/venv/lib/python3.9/site-packages/airflow/example_dags/example_workday_timetable.py
[2024-09-18T17:28:51.548-0500] {logging_mixin.py:190} INFO - [2024-09-18T17:28:51.548-0500] {dag.py:3229} INFO - Sync 1 DAGs
[2024-09-18T17:28:51.576-0500] {logging_mixin.py:190} INFO - [2024-09-18T17:28:51.576-0500] {dag.py:4156} INFO - Setting next_dagrun for example_workday_timetable to 2021-01-04 00:00:00+00:00, run_after=2021-01-05 00:00:00+00:00
[2024-09-18T17:28:51.586-0500] {processor.py:208} INFO - Processing /Users/binhpham/Projects/dbt_project/venv/lib/python3.9/site-packages/airflow/example_dags/example_workday_timetable.py took 0.309 seconds
[2024-09-18T17:30:48.877-0500] {processor.py:186} INFO - Started process (PID=22134) to work on /Users/binhpham/Projects/dbt_project/venv/lib/python3.9/site-packages/airflow/example_dags/example_workday_timetable.py
[2024-09-18T17:30:48.879-0500] {processor.py:914} INFO - Processing file /Users/binhpham/Projects/dbt_project/venv/lib/python3.9/site-packages/airflow/example_dags/example_workday_timetable.py for tasks to queue
[2024-09-18T17:30:48.879-0500] {logging_mixin.py:190} INFO - [2024-09-18T17:30:48.879-0500] {dagbag.py:587} INFO - Filling up the DagBag from /Users/binhpham/Projects/dbt_project/venv/lib/python3.9/site-packages/airflow/example_dags/example_workday_timetable.py
[2024-09-18T17:30:49.054-0500] {processor.py:925} INFO - DAG(s) 'example_workday_timetable' retrieved from /Users/binhpham/Projects/dbt_project/venv/lib/python3.9/site-packages/airflow/example_dags/example_workday_timetable.py
[2024-09-18T17:30:49.149-0500] {logging_mixin.py:190} INFO - [2024-09-18T17:30:49.149-0500] {dag.py:3229} INFO - Sync 1 DAGs
[2024-09-18T17:30:49.175-0500] {logging_mixin.py:190} INFO - [2024-09-18T17:30:49.175-0500] {dag.py:4156} INFO - Setting next_dagrun for example_workday_timetable to 2021-01-04 00:00:00+00:00, run_after=2021-01-05 00:00:00+00:00
[2024-09-18T17:30:49.185-0500] {processor.py:208} INFO - Processing /Users/binhpham/Projects/dbt_project/venv/lib/python3.9/site-packages/airflow/example_dags/example_workday_timetable.py took 0.309 seconds
[2024-09-18T17:32:12.125-0500] {processor.py:186} INFO - Started process (PID=22732) to work on /Users/binhpham/Projects/dbt_project/venv/lib/python3.9/site-packages/airflow/example_dags/example_workday_timetable.py
[2024-09-18T17:32:12.127-0500] {processor.py:914} INFO - Processing file /Users/binhpham/Projects/dbt_project/venv/lib/python3.9/site-packages/airflow/example_dags/example_workday_timetable.py for tasks to queue
[2024-09-18T17:32:12.128-0500] {logging_mixin.py:190} INFO - [2024-09-18T17:32:12.128-0500] {dagbag.py:587} INFO - Filling up the DagBag from /Users/binhpham/Projects/dbt_project/venv/lib/python3.9/site-packages/airflow/example_dags/example_workday_timetable.py
[2024-09-18T17:32:12.301-0500] {processor.py:925} INFO - DAG(s) 'example_workday_timetable' retrieved from /Users/binhpham/Projects/dbt_project/venv/lib/python3.9/site-packages/airflow/example_dags/example_workday_timetable.py
[2024-09-18T17:32:12.396-0500] {logging_mixin.py:190} INFO - [2024-09-18T17:32:12.396-0500] {dag.py:3229} INFO - Sync 1 DAGs
[2024-09-18T17:32:12.423-0500] {logging_mixin.py:190} INFO - [2024-09-18T17:32:12.423-0500] {dag.py:4156} INFO - Setting next_dagrun for example_workday_timetable to 2021-01-04 00:00:00+00:00, run_after=2021-01-05 00:00:00+00:00
[2024-09-18T17:32:12.432-0500] {processor.py:208} INFO - Processing /Users/binhpham/Projects/dbt_project/venv/lib/python3.9/site-packages/airflow/example_dags/example_workday_timetable.py took 0.309 seconds
[2024-09-18T17:33:41.316-0500] {processor.py:186} INFO - Started process (PID=23058) to work on /Users/binhpham/Projects/dbt_project/venv/lib/python3.9/site-packages/airflow/example_dags/example_workday_timetable.py
[2024-09-18T17:33:41.318-0500] {processor.py:914} INFO - Processing file /Users/binhpham/Projects/dbt_project/venv/lib/python3.9/site-packages/airflow/example_dags/example_workday_timetable.py for tasks to queue
[2024-09-18T17:33:41.319-0500] {logging_mixin.py:190} INFO - [2024-09-18T17:33:41.319-0500] {dagbag.py:587} INFO - Filling up the DagBag from /Users/binhpham/Projects/dbt_project/venv/lib/python3.9/site-packages/airflow/example_dags/example_workday_timetable.py
[2024-09-18T17:33:41.506-0500] {processor.py:925} INFO - DAG(s) 'example_workday_timetable' retrieved from /Users/binhpham/Projects/dbt_project/venv/lib/python3.9/site-packages/airflow/example_dags/example_workday_timetable.py
[2024-09-18T17:33:41.607-0500] {logging_mixin.py:190} INFO - [2024-09-18T17:33:41.607-0500] {dag.py:3229} INFO - Sync 1 DAGs
[2024-09-18T17:33:41.635-0500] {logging_mixin.py:190} INFO - [2024-09-18T17:33:41.635-0500] {dag.py:4156} INFO - Setting next_dagrun for example_workday_timetable to 2021-01-04 00:00:00+00:00, run_after=2021-01-05 00:00:00+00:00
[2024-09-18T17:33:41.645-0500] {processor.py:208} INFO - Processing /Users/binhpham/Projects/dbt_project/venv/lib/python3.9/site-packages/airflow/example_dags/example_workday_timetable.py took 0.331 seconds
[2024-09-18T17:34:38.637-0500] {processor.py:186} INFO - Started process (PID=23265) to work on /Users/binhpham/Projects/dbt_project/venv/lib/python3.9/site-packages/airflow/example_dags/example_workday_timetable.py
[2024-09-18T17:34:38.639-0500] {processor.py:914} INFO - Processing file /Users/binhpham/Projects/dbt_project/venv/lib/python3.9/site-packages/airflow/example_dags/example_workday_timetable.py for tasks to queue
[2024-09-18T17:34:38.640-0500] {logging_mixin.py:190} INFO - [2024-09-18T17:34:38.640-0500] {dagbag.py:587} INFO - Filling up the DagBag from /Users/binhpham/Projects/dbt_project/venv/lib/python3.9/site-packages/airflow/example_dags/example_workday_timetable.py
[2024-09-18T17:34:38.817-0500] {processor.py:925} INFO - DAG(s) 'example_workday_timetable' retrieved from /Users/binhpham/Projects/dbt_project/venv/lib/python3.9/site-packages/airflow/example_dags/example_workday_timetable.py
[2024-09-18T17:34:38.912-0500] {logging_mixin.py:190} INFO - [2024-09-18T17:34:38.912-0500] {dag.py:3229} INFO - Sync 1 DAGs
[2024-09-18T17:34:38.938-0500] {logging_mixin.py:190} INFO - [2024-09-18T17:34:38.938-0500] {dag.py:4156} INFO - Setting next_dagrun for example_workday_timetable to 2021-01-04 00:00:00+00:00, run_after=2021-01-05 00:00:00+00:00
[2024-09-18T17:34:38.948-0500] {processor.py:208} INFO - Processing /Users/binhpham/Projects/dbt_project/venv/lib/python3.9/site-packages/airflow/example_dags/example_workday_timetable.py took 0.313 seconds
[2024-09-18T17:36:36.697-0500] {processor.py:186} INFO - Started process (PID=23895) to work on /Users/binhpham/Projects/dbt_project/venv/lib/python3.9/site-packages/airflow/example_dags/example_workday_timetable.py
[2024-09-18T17:36:36.699-0500] {processor.py:914} INFO - Processing file /Users/binhpham/Projects/dbt_project/venv/lib/python3.9/site-packages/airflow/example_dags/example_workday_timetable.py for tasks to queue
[2024-09-18T17:36:36.699-0500] {logging_mixin.py:190} INFO - [2024-09-18T17:36:36.699-0500] {dagbag.py:587} INFO - Filling up the DagBag from /Users/binhpham/Projects/dbt_project/venv/lib/python3.9/site-packages/airflow/example_dags/example_workday_timetable.py
[2024-09-18T17:36:36.875-0500] {processor.py:925} INFO - DAG(s) 'example_workday_timetable' retrieved from /Users/binhpham/Projects/dbt_project/venv/lib/python3.9/site-packages/airflow/example_dags/example_workday_timetable.py
[2024-09-18T17:36:36.969-0500] {logging_mixin.py:190} INFO - [2024-09-18T17:36:36.969-0500] {dag.py:3229} INFO - Sync 1 DAGs
[2024-09-18T17:36:36.995-0500] {logging_mixin.py:190} INFO - [2024-09-18T17:36:36.995-0500] {dag.py:4156} INFO - Setting next_dagrun for example_workday_timetable to 2021-01-04 00:00:00+00:00, run_after=2021-01-05 00:00:00+00:00
[2024-09-18T17:36:37.005-0500] {processor.py:208} INFO - Processing /Users/binhpham/Projects/dbt_project/venv/lib/python3.9/site-packages/airflow/example_dags/example_workday_timetable.py took 0.309 seconds
[2024-09-18T17:38:00.098-0500] {processor.py:186} INFO - Started process (PID=24161) to work on /Users/binhpham/Projects/dbt_project/venv/lib/python3.9/site-packages/airflow/example_dags/example_workday_timetable.py
[2024-09-18T17:38:00.100-0500] {processor.py:914} INFO - Processing file /Users/binhpham/Projects/dbt_project/venv/lib/python3.9/site-packages/airflow/example_dags/example_workday_timetable.py for tasks to queue
[2024-09-18T17:38:00.100-0500] {logging_mixin.py:190} INFO - [2024-09-18T17:38:00.100-0500] {dagbag.py:587} INFO - Filling up the DagBag from /Users/binhpham/Projects/dbt_project/venv/lib/python3.9/site-packages/airflow/example_dags/example_workday_timetable.py
[2024-09-18T17:38:00.288-0500] {processor.py:925} INFO - DAG(s) 'example_workday_timetable' retrieved from /Users/binhpham/Projects/dbt_project/venv/lib/python3.9/site-packages/airflow/example_dags/example_workday_timetable.py
[2024-09-18T17:38:00.385-0500] {logging_mixin.py:190} INFO - [2024-09-18T17:38:00.385-0500] {dag.py:3229} INFO - Sync 1 DAGs
[2024-09-18T17:38:00.411-0500] {logging_mixin.py:190} INFO - [2024-09-18T17:38:00.410-0500] {dag.py:4156} INFO - Setting next_dagrun for example_workday_timetable to 2021-01-04 00:00:00+00:00, run_after=2021-01-05 00:00:00+00:00
[2024-09-18T17:38:00.421-0500] {processor.py:208} INFO - Processing /Users/binhpham/Projects/dbt_project/venv/lib/python3.9/site-packages/airflow/example_dags/example_workday_timetable.py took 0.324 seconds
[2024-09-18T17:39:22.411-0500] {processor.py:186} INFO - Started process (PID=24427) to work on /Users/binhpham/Projects/dbt_project/venv/lib/python3.9/site-packages/airflow/example_dags/example_workday_timetable.py
[2024-09-18T17:39:22.413-0500] {processor.py:914} INFO - Processing file /Users/binhpham/Projects/dbt_project/venv/lib/python3.9/site-packages/airflow/example_dags/example_workday_timetable.py for tasks to queue
[2024-09-18T17:39:22.414-0500] {logging_mixin.py:190} INFO - [2024-09-18T17:39:22.414-0500] {dagbag.py:587} INFO - Filling up the DagBag from /Users/binhpham/Projects/dbt_project/venv/lib/python3.9/site-packages/airflow/example_dags/example_workday_timetable.py
[2024-09-18T17:39:22.658-0500] {processor.py:925} INFO - DAG(s) 'example_workday_timetable' retrieved from /Users/binhpham/Projects/dbt_project/venv/lib/python3.9/site-packages/airflow/example_dags/example_workday_timetable.py
[2024-09-18T17:39:22.760-0500] {logging_mixin.py:190} INFO - [2024-09-18T17:39:22.760-0500] {dag.py:3229} INFO - Sync 1 DAGs
[2024-09-18T17:39:22.786-0500] {logging_mixin.py:190} INFO - [2024-09-18T17:39:22.786-0500] {dag.py:4156} INFO - Setting next_dagrun for example_workday_timetable to 2021-01-04 00:00:00+00:00, run_after=2021-01-05 00:00:00+00:00
[2024-09-18T17:39:22.796-0500] {processor.py:208} INFO - Processing /Users/binhpham/Projects/dbt_project/venv/lib/python3.9/site-packages/airflow/example_dags/example_workday_timetable.py took 0.387 seconds
[2024-09-18T17:40:49.103-0500] {processor.py:186} INFO - Started process (PID=24693) to work on /Users/binhpham/Projects/dbt_project/venv/lib/python3.9/site-packages/airflow/example_dags/example_workday_timetable.py
[2024-09-18T17:40:49.106-0500] {processor.py:914} INFO - Processing file /Users/binhpham/Projects/dbt_project/venv/lib/python3.9/site-packages/airflow/example_dags/example_workday_timetable.py for tasks to queue
[2024-09-18T17:40:49.106-0500] {logging_mixin.py:190} INFO - [2024-09-18T17:40:49.106-0500] {dagbag.py:587} INFO - Filling up the DagBag from /Users/binhpham/Projects/dbt_project/venv/lib/python3.9/site-packages/airflow/example_dags/example_workday_timetable.py
[2024-09-18T17:40:49.281-0500] {processor.py:925} INFO - DAG(s) 'example_workday_timetable' retrieved from /Users/binhpham/Projects/dbt_project/venv/lib/python3.9/site-packages/airflow/example_dags/example_workday_timetable.py
[2024-09-18T17:40:49.374-0500] {logging_mixin.py:190} INFO - [2024-09-18T17:40:49.374-0500] {dag.py:3229} INFO - Sync 1 DAGs
[2024-09-18T17:40:49.400-0500] {logging_mixin.py:190} INFO - [2024-09-18T17:40:49.400-0500] {dag.py:4156} INFO - Setting next_dagrun for example_workday_timetable to 2021-01-04 00:00:00+00:00, run_after=2021-01-05 00:00:00+00:00
[2024-09-18T17:40:49.409-0500] {processor.py:208} INFO - Processing /Users/binhpham/Projects/dbt_project/venv/lib/python3.9/site-packages/airflow/example_dags/example_workday_timetable.py took 0.307 seconds
[2024-09-18T17:42:14.442-0500] {processor.py:186} INFO - Started process (PID=24965) to work on /Users/binhpham/Projects/dbt_project/venv/lib/python3.9/site-packages/airflow/example_dags/example_workday_timetable.py
[2024-09-18T17:42:14.444-0500] {processor.py:914} INFO - Processing file /Users/binhpham/Projects/dbt_project/venv/lib/python3.9/site-packages/airflow/example_dags/example_workday_timetable.py for tasks to queue
[2024-09-18T17:42:14.445-0500] {logging_mixin.py:190} INFO - [2024-09-18T17:42:14.445-0500] {dagbag.py:587} INFO - Filling up the DagBag from /Users/binhpham/Projects/dbt_project/venv/lib/python3.9/site-packages/airflow/example_dags/example_workday_timetable.py
[2024-09-18T17:42:14.663-0500] {processor.py:925} INFO - DAG(s) 'example_workday_timetable' retrieved from /Users/binhpham/Projects/dbt_project/venv/lib/python3.9/site-packages/airflow/example_dags/example_workday_timetable.py
[2024-09-18T17:42:14.762-0500] {logging_mixin.py:190} INFO - [2024-09-18T17:42:14.762-0500] {dag.py:3229} INFO - Sync 1 DAGs
[2024-09-18T17:42:14.790-0500] {logging_mixin.py:190} INFO - [2024-09-18T17:42:14.790-0500] {dag.py:4156} INFO - Setting next_dagrun for example_workday_timetable to 2021-01-04 00:00:00+00:00, run_after=2021-01-05 00:00:00+00:00
[2024-09-18T17:42:14.800-0500] {processor.py:208} INFO - Processing /Users/binhpham/Projects/dbt_project/venv/lib/python3.9/site-packages/airflow/example_dags/example_workday_timetable.py took 0.360 seconds
[2024-09-18T17:43:40.050-0500] {processor.py:186} INFO - Started process (PID=25256) to work on /Users/binhpham/Projects/dbt_project/venv/lib/python3.9/site-packages/airflow/example_dags/example_workday_timetable.py
[2024-09-18T17:43:40.052-0500] {processor.py:914} INFO - Processing file /Users/binhpham/Projects/dbt_project/venv/lib/python3.9/site-packages/airflow/example_dags/example_workday_timetable.py for tasks to queue
[2024-09-18T17:43:40.052-0500] {logging_mixin.py:190} INFO - [2024-09-18T17:43:40.052-0500] {dagbag.py:587} INFO - Filling up the DagBag from /Users/binhpham/Projects/dbt_project/venv/lib/python3.9/site-packages/airflow/example_dags/example_workday_timetable.py
[2024-09-18T17:43:40.240-0500] {processor.py:925} INFO - DAG(s) 'example_workday_timetable' retrieved from /Users/binhpham/Projects/dbt_project/venv/lib/python3.9/site-packages/airflow/example_dags/example_workday_timetable.py
[2024-09-18T17:43:40.338-0500] {logging_mixin.py:190} INFO - [2024-09-18T17:43:40.338-0500] {dag.py:3229} INFO - Sync 1 DAGs
[2024-09-18T17:43:40.366-0500] {logging_mixin.py:190} INFO - [2024-09-18T17:43:40.366-0500] {dag.py:4156} INFO - Setting next_dagrun for example_workday_timetable to 2021-01-04 00:00:00+00:00, run_after=2021-01-05 00:00:00+00:00
[2024-09-18T17:43:40.376-0500] {processor.py:208} INFO - Processing /Users/binhpham/Projects/dbt_project/venv/lib/python3.9/site-packages/airflow/example_dags/example_workday_timetable.py took 0.328 seconds
[2024-09-18T17:45:04.727-0500] {processor.py:186} INFO - Started process (PID=25551) to work on /Users/binhpham/Projects/dbt_project/venv/lib/python3.9/site-packages/airflow/example_dags/example_workday_timetable.py
[2024-09-18T17:45:04.730-0500] {processor.py:914} INFO - Processing file /Users/binhpham/Projects/dbt_project/venv/lib/python3.9/site-packages/airflow/example_dags/example_workday_timetable.py for tasks to queue
[2024-09-18T17:45:04.730-0500] {logging_mixin.py:190} INFO - [2024-09-18T17:45:04.730-0500] {dagbag.py:587} INFO - Filling up the DagBag from /Users/binhpham/Projects/dbt_project/venv/lib/python3.9/site-packages/airflow/example_dags/example_workday_timetable.py
[2024-09-18T17:45:04.925-0500] {processor.py:925} INFO - DAG(s) 'example_workday_timetable' retrieved from /Users/binhpham/Projects/dbt_project/venv/lib/python3.9/site-packages/airflow/example_dags/example_workday_timetable.py
[2024-09-18T17:45:05.027-0500] {logging_mixin.py:190} INFO - [2024-09-18T17:45:05.027-0500] {dag.py:3229} INFO - Sync 1 DAGs
[2024-09-18T17:45:05.054-0500] {logging_mixin.py:190} INFO - [2024-09-18T17:45:05.054-0500] {dag.py:4156} INFO - Setting next_dagrun for example_workday_timetable to 2021-01-04 00:00:00+00:00, run_after=2021-01-05 00:00:00+00:00
[2024-09-18T17:45:05.066-0500] {processor.py:208} INFO - Processing /Users/binhpham/Projects/dbt_project/venv/lib/python3.9/site-packages/airflow/example_dags/example_workday_timetable.py took 0.340 seconds
