[2024-09-18T16:52:56.459-0500] {processor.py:186} INFO - Started process (PID=11972) to work on /Users/binhpham/Library/Python/3.9/lib/python/site-packages/airflow/example_dags/example_dynamic_task_mapping_with_no_taskflow_operators.py
[2024-09-18T16:52:56.461-0500] {processor.py:914} INFO - Processing file /Users/binhpham/Library/Python/3.9/lib/python/site-packages/airflow/example_dags/example_dynamic_task_mapping_with_no_taskflow_operators.py for tasks to queue
[2024-09-18T16:52:56.461-0500] {logging_mixin.py:190} INFO - [2024-09-18T16:52:56.461-0500] {dagbag.py:587} INFO - Filling up the DagBag from /Users/binhpham/Library/Python/3.9/lib/python/site-packages/airflow/example_dags/example_dynamic_task_mapping_with_no_taskflow_operators.py
[2024-09-18T16:52:56.466-0500] {processor.py:925} INFO - DAG(s) 'example_dynamic_task_mapping_with_no_taskflow_operators' retrieved from /Users/binhpham/Library/Python/3.9/lib/python/site-packages/airflow/example_dags/example_dynamic_task_mapping_with_no_taskflow_operators.py
[2024-09-18T16:52:56.523-0500] {logging_mixin.py:190} INFO - [2024-09-18T16:52:56.523-0500] {dag.py:3229} INFO - Sync 1 DAGs
[2024-09-18T16:52:56.529-0500] {logging_mixin.py:190} INFO - [2024-09-18T16:52:56.529-0500] {dag.py:4156} INFO - Setting next_dagrun for example_dynamic_task_mapping_with_no_taskflow_operators to None, run_after=None
[2024-09-18T16:52:56.539-0500] {processor.py:208} INFO - Processing /Users/binhpham/Library/Python/3.9/lib/python/site-packages/airflow/example_dags/example_dynamic_task_mapping_with_no_taskflow_operators.py took 0.081 seconds
[2024-09-18T16:54:55.822-0500] {processor.py:186} INFO - Started process (PID=12466) to work on /Users/binhpham/Library/Python/3.9/lib/python/site-packages/airflow/example_dags/example_dynamic_task_mapping_with_no_taskflow_operators.py
[2024-09-18T16:54:55.824-0500] {processor.py:914} INFO - Processing file /Users/binhpham/Library/Python/3.9/lib/python/site-packages/airflow/example_dags/example_dynamic_task_mapping_with_no_taskflow_operators.py for tasks to queue
[2024-09-18T16:54:55.825-0500] {logging_mixin.py:190} INFO - [2024-09-18T16:54:55.825-0500] {dagbag.py:587} INFO - Filling up the DagBag from /Users/binhpham/Library/Python/3.9/lib/python/site-packages/airflow/example_dags/example_dynamic_task_mapping_with_no_taskflow_operators.py
[2024-09-18T16:54:55.829-0500] {processor.py:925} INFO - DAG(s) 'example_dynamic_task_mapping_with_no_taskflow_operators' retrieved from /Users/binhpham/Library/Python/3.9/lib/python/site-packages/airflow/example_dags/example_dynamic_task_mapping_with_no_taskflow_operators.py
[2024-09-18T16:54:55.890-0500] {logging_mixin.py:190} INFO - [2024-09-18T16:54:55.890-0500] {dag.py:3229} INFO - Sync 1 DAGs
[2024-09-18T16:54:55.896-0500] {logging_mixin.py:190} INFO - [2024-09-18T16:54:55.896-0500] {dag.py:4156} INFO - Setting next_dagrun for example_dynamic_task_mapping_with_no_taskflow_operators to None, run_after=None
[2024-09-18T16:54:55.905-0500] {processor.py:208} INFO - Processing /Users/binhpham/Library/Python/3.9/lib/python/site-packages/airflow/example_dags/example_dynamic_task_mapping_with_no_taskflow_operators.py took 0.085 seconds
[2024-09-18T16:57:57.082-0500] {processor.py:186} INFO - Started process (PID=13055) to work on /Users/binhpham/Library/Python/3.9/lib/python/site-packages/airflow/example_dags/example_dynamic_task_mapping_with_no_taskflow_operators.py
[2024-09-18T16:57:57.085-0500] {processor.py:914} INFO - Processing file /Users/binhpham/Library/Python/3.9/lib/python/site-packages/airflow/example_dags/example_dynamic_task_mapping_with_no_taskflow_operators.py for tasks to queue
[2024-09-18T16:57:57.085-0500] {logging_mixin.py:190} INFO - [2024-09-18T16:57:57.085-0500] {dagbag.py:587} INFO - Filling up the DagBag from /Users/binhpham/Library/Python/3.9/lib/python/site-packages/airflow/example_dags/example_dynamic_task_mapping_with_no_taskflow_operators.py
[2024-09-18T16:57:57.089-0500] {processor.py:925} INFO - DAG(s) 'example_dynamic_task_mapping_with_no_taskflow_operators' retrieved from /Users/binhpham/Library/Python/3.9/lib/python/site-packages/airflow/example_dags/example_dynamic_task_mapping_with_no_taskflow_operators.py
[2024-09-18T16:57:57.148-0500] {logging_mixin.py:190} INFO - [2024-09-18T16:57:57.147-0500] {dag.py:3229} INFO - Sync 1 DAGs
[2024-09-18T16:57:57.153-0500] {logging_mixin.py:190} INFO - [2024-09-18T16:57:57.153-0500] {dag.py:4156} INFO - Setting next_dagrun for example_dynamic_task_mapping_with_no_taskflow_operators to None, run_after=None
[2024-09-18T16:57:57.163-0500] {processor.py:208} INFO - Processing /Users/binhpham/Library/Python/3.9/lib/python/site-packages/airflow/example_dags/example_dynamic_task_mapping_with_no_taskflow_operators.py took 0.083 seconds
[2024-09-18T16:59:56.820-0500] {processor.py:186} INFO - Started process (PID=13455) to work on /Users/binhpham/Library/Python/3.9/lib/python/site-packages/airflow/example_dags/example_dynamic_task_mapping_with_no_taskflow_operators.py
[2024-09-18T16:59:56.823-0500] {processor.py:914} INFO - Processing file /Users/binhpham/Library/Python/3.9/lib/python/site-packages/airflow/example_dags/example_dynamic_task_mapping_with_no_taskflow_operators.py for tasks to queue
[2024-09-18T16:59:56.823-0500] {logging_mixin.py:190} INFO - [2024-09-18T16:59:56.823-0500] {dagbag.py:587} INFO - Filling up the DagBag from /Users/binhpham/Library/Python/3.9/lib/python/site-packages/airflow/example_dags/example_dynamic_task_mapping_with_no_taskflow_operators.py
[2024-09-18T16:59:56.827-0500] {processor.py:925} INFO - DAG(s) 'example_dynamic_task_mapping_with_no_taskflow_operators' retrieved from /Users/binhpham/Library/Python/3.9/lib/python/site-packages/airflow/example_dags/example_dynamic_task_mapping_with_no_taskflow_operators.py
[2024-09-18T16:59:56.883-0500] {logging_mixin.py:190} INFO - [2024-09-18T16:59:56.883-0500] {dag.py:3229} INFO - Sync 1 DAGs
[2024-09-18T16:59:56.889-0500] {logging_mixin.py:190} INFO - [2024-09-18T16:59:56.889-0500] {dag.py:4156} INFO - Setting next_dagrun for example_dynamic_task_mapping_with_no_taskflow_operators to None, run_after=None
[2024-09-18T16:59:56.897-0500] {processor.py:208} INFO - Processing /Users/binhpham/Library/Python/3.9/lib/python/site-packages/airflow/example_dags/example_dynamic_task_mapping_with_no_taskflow_operators.py took 0.079 seconds
[2024-09-18T17:02:49.264-0500] {processor.py:186} INFO - Started process (PID=14023) to work on /Users/binhpham/Library/Python/3.9/lib/python/site-packages/airflow/example_dags/example_dynamic_task_mapping_with_no_taskflow_operators.py
[2024-09-18T17:02:49.266-0500] {processor.py:914} INFO - Processing file /Users/binhpham/Library/Python/3.9/lib/python/site-packages/airflow/example_dags/example_dynamic_task_mapping_with_no_taskflow_operators.py for tasks to queue
[2024-09-18T17:02:49.266-0500] {logging_mixin.py:190} INFO - [2024-09-18T17:02:49.266-0500] {dagbag.py:587} INFO - Filling up the DagBag from /Users/binhpham/Library/Python/3.9/lib/python/site-packages/airflow/example_dags/example_dynamic_task_mapping_with_no_taskflow_operators.py
[2024-09-18T17:02:49.270-0500] {processor.py:925} INFO - DAG(s) 'example_dynamic_task_mapping_with_no_taskflow_operators' retrieved from /Users/binhpham/Library/Python/3.9/lib/python/site-packages/airflow/example_dags/example_dynamic_task_mapping_with_no_taskflow_operators.py
[2024-09-18T17:02:49.323-0500] {logging_mixin.py:190} INFO - [2024-09-18T17:02:49.323-0500] {dag.py:3229} INFO - Sync 1 DAGs
[2024-09-18T17:02:49.328-0500] {logging_mixin.py:190} INFO - [2024-09-18T17:02:49.328-0500] {dag.py:4156} INFO - Setting next_dagrun for example_dynamic_task_mapping_with_no_taskflow_operators to None, run_after=None
[2024-09-18T17:02:49.337-0500] {processor.py:208} INFO - Processing /Users/binhpham/Library/Python/3.9/lib/python/site-packages/airflow/example_dags/example_dynamic_task_mapping_with_no_taskflow_operators.py took 0.075 seconds
[2024-09-18T17:05:42.109-0500] {processor.py:186} INFO - Started process (PID=14650) to work on /Users/binhpham/Library/Python/3.9/lib/python/site-packages/airflow/example_dags/example_dynamic_task_mapping_with_no_taskflow_operators.py
[2024-09-18T17:05:42.111-0500] {processor.py:914} INFO - Processing file /Users/binhpham/Library/Python/3.9/lib/python/site-packages/airflow/example_dags/example_dynamic_task_mapping_with_no_taskflow_operators.py for tasks to queue
[2024-09-18T17:05:42.111-0500] {logging_mixin.py:190} INFO - [2024-09-18T17:05:42.111-0500] {dagbag.py:587} INFO - Filling up the DagBag from /Users/binhpham/Library/Python/3.9/lib/python/site-packages/airflow/example_dags/example_dynamic_task_mapping_with_no_taskflow_operators.py
[2024-09-18T17:05:42.115-0500] {processor.py:925} INFO - DAG(s) 'example_dynamic_task_mapping_with_no_taskflow_operators' retrieved from /Users/binhpham/Library/Python/3.9/lib/python/site-packages/airflow/example_dags/example_dynamic_task_mapping_with_no_taskflow_operators.py
[2024-09-18T17:05:42.170-0500] {logging_mixin.py:190} INFO - [2024-09-18T17:05:42.169-0500] {dag.py:3229} INFO - Sync 1 DAGs
[2024-09-18T17:05:42.175-0500] {logging_mixin.py:190} INFO - [2024-09-18T17:05:42.175-0500] {dag.py:4156} INFO - Setting next_dagrun for example_dynamic_task_mapping_with_no_taskflow_operators to None, run_after=None
[2024-09-18T17:05:42.184-0500] {processor.py:208} INFO - Processing /Users/binhpham/Library/Python/3.9/lib/python/site-packages/airflow/example_dags/example_dynamic_task_mapping_with_no_taskflow_operators.py took 0.077 seconds
[2024-09-18T17:08:35.224-0500] {processor.py:186} INFO - Started process (PID=15288) to work on /Users/binhpham/Library/Python/3.9/lib/python/site-packages/airflow/example_dags/example_dynamic_task_mapping_with_no_taskflow_operators.py
[2024-09-18T17:08:35.226-0500] {processor.py:914} INFO - Processing file /Users/binhpham/Library/Python/3.9/lib/python/site-packages/airflow/example_dags/example_dynamic_task_mapping_with_no_taskflow_operators.py for tasks to queue
[2024-09-18T17:08:35.226-0500] {logging_mixin.py:190} INFO - [2024-09-18T17:08:35.226-0500] {dagbag.py:587} INFO - Filling up the DagBag from /Users/binhpham/Library/Python/3.9/lib/python/site-packages/airflow/example_dags/example_dynamic_task_mapping_with_no_taskflow_operators.py
[2024-09-18T17:08:35.230-0500] {processor.py:925} INFO - DAG(s) 'example_dynamic_task_mapping_with_no_taskflow_operators' retrieved from /Users/binhpham/Library/Python/3.9/lib/python/site-packages/airflow/example_dags/example_dynamic_task_mapping_with_no_taskflow_operators.py
[2024-09-18T17:08:35.284-0500] {logging_mixin.py:190} INFO - [2024-09-18T17:08:35.284-0500] {dag.py:3229} INFO - Sync 1 DAGs
[2024-09-18T17:08:35.289-0500] {logging_mixin.py:190} INFO - [2024-09-18T17:08:35.289-0500] {dag.py:4156} INFO - Setting next_dagrun for example_dynamic_task_mapping_with_no_taskflow_operators to None, run_after=None
[2024-09-18T17:08:35.299-0500] {processor.py:208} INFO - Processing /Users/binhpham/Library/Python/3.9/lib/python/site-packages/airflow/example_dags/example_dynamic_task_mapping_with_no_taskflow_operators.py took 0.076 seconds
[2024-09-18T17:11:31.603-0500] {processor.py:186} INFO - Started process (PID=15888) to work on /Users/binhpham/Library/Python/3.9/lib/python/site-packages/airflow/example_dags/example_dynamic_task_mapping_with_no_taskflow_operators.py
[2024-09-18T17:11:31.605-0500] {processor.py:914} INFO - Processing file /Users/binhpham/Library/Python/3.9/lib/python/site-packages/airflow/example_dags/example_dynamic_task_mapping_with_no_taskflow_operators.py for tasks to queue
[2024-09-18T17:11:31.605-0500] {logging_mixin.py:190} INFO - [2024-09-18T17:11:31.605-0500] {dagbag.py:587} INFO - Filling up the DagBag from /Users/binhpham/Library/Python/3.9/lib/python/site-packages/airflow/example_dags/example_dynamic_task_mapping_with_no_taskflow_operators.py
[2024-09-18T17:11:31.609-0500] {processor.py:925} INFO - DAG(s) 'example_dynamic_task_mapping_with_no_taskflow_operators' retrieved from /Users/binhpham/Library/Python/3.9/lib/python/site-packages/airflow/example_dags/example_dynamic_task_mapping_with_no_taskflow_operators.py
[2024-09-18T17:11:31.662-0500] {logging_mixin.py:190} INFO - [2024-09-18T17:11:31.661-0500] {dag.py:3229} INFO - Sync 1 DAGs
[2024-09-18T17:11:31.667-0500] {logging_mixin.py:190} INFO - [2024-09-18T17:11:31.667-0500] {dag.py:4156} INFO - Setting next_dagrun for example_dynamic_task_mapping_with_no_taskflow_operators to None, run_after=None
[2024-09-18T17:11:31.676-0500] {processor.py:208} INFO - Processing /Users/binhpham/Library/Python/3.9/lib/python/site-packages/airflow/example_dags/example_dynamic_task_mapping_with_no_taskflow_operators.py took 0.074 seconds
[2024-09-18T17:16:22.539-0500] {processor.py:186} INFO - Started process (PID=17025) to work on /Users/binhpham/Library/Python/3.9/lib/python/site-packages/airflow/example_dags/example_dynamic_task_mapping_with_no_taskflow_operators.py
[2024-09-18T17:16:22.542-0500] {processor.py:914} INFO - Processing file /Users/binhpham/Library/Python/3.9/lib/python/site-packages/airflow/example_dags/example_dynamic_task_mapping_with_no_taskflow_operators.py for tasks to queue
[2024-09-18T17:16:22.543-0500] {logging_mixin.py:190} INFO - [2024-09-18T17:16:22.542-0500] {dagbag.py:587} INFO - Filling up the DagBag from /Users/binhpham/Library/Python/3.9/lib/python/site-packages/airflow/example_dags/example_dynamic_task_mapping_with_no_taskflow_operators.py
[2024-09-18T17:16:22.547-0500] {processor.py:925} INFO - DAG(s) 'example_dynamic_task_mapping_with_no_taskflow_operators' retrieved from /Users/binhpham/Library/Python/3.9/lib/python/site-packages/airflow/example_dags/example_dynamic_task_mapping_with_no_taskflow_operators.py
[2024-09-18T17:16:22.605-0500] {logging_mixin.py:190} INFO - [2024-09-18T17:16:22.605-0500] {dag.py:3229} INFO - Sync 1 DAGs
[2024-09-18T17:16:22.611-0500] {logging_mixin.py:190} INFO - [2024-09-18T17:16:22.611-0500] {dag.py:4156} INFO - Setting next_dagrun for example_dynamic_task_mapping_with_no_taskflow_operators to None, run_after=None
[2024-09-18T17:16:22.620-0500] {processor.py:208} INFO - Processing /Users/binhpham/Library/Python/3.9/lib/python/site-packages/airflow/example_dags/example_dynamic_task_mapping_with_no_taskflow_operators.py took 0.083 seconds
[2024-09-18T17:18:21.937-0500] {processor.py:186} INFO - Started process (PID=18023) to work on /Users/binhpham/Library/Python/3.9/lib/python/site-packages/airflow/example_dags/example_dynamic_task_mapping_with_no_taskflow_operators.py
[2024-09-18T17:18:21.938-0500] {processor.py:914} INFO - Processing file /Users/binhpham/Library/Python/3.9/lib/python/site-packages/airflow/example_dags/example_dynamic_task_mapping_with_no_taskflow_operators.py for tasks to queue
[2024-09-18T17:18:21.939-0500] {logging_mixin.py:190} INFO - [2024-09-18T17:18:21.939-0500] {dagbag.py:587} INFO - Filling up the DagBag from /Users/binhpham/Library/Python/3.9/lib/python/site-packages/airflow/example_dags/example_dynamic_task_mapping_with_no_taskflow_operators.py
[2024-09-18T17:18:21.942-0500] {processor.py:925} INFO - DAG(s) 'example_dynamic_task_mapping_with_no_taskflow_operators' retrieved from /Users/binhpham/Library/Python/3.9/lib/python/site-packages/airflow/example_dags/example_dynamic_task_mapping_with_no_taskflow_operators.py
[2024-09-18T17:18:21.997-0500] {logging_mixin.py:190} INFO - [2024-09-18T17:18:21.996-0500] {dag.py:3229} INFO - Sync 1 DAGs
[2024-09-18T17:18:22.002-0500] {logging_mixin.py:190} INFO - [2024-09-18T17:18:22.002-0500] {dag.py:4156} INFO - Setting next_dagrun for example_dynamic_task_mapping_with_no_taskflow_operators to None, run_after=None
[2024-09-18T17:18:22.011-0500] {processor.py:208} INFO - Processing /Users/binhpham/Library/Python/3.9/lib/python/site-packages/airflow/example_dags/example_dynamic_task_mapping_with_no_taskflow_operators.py took 0.075 seconds
[2024-09-18T17:23:21.410-0500] {processor.py:186} INFO - Started process (PID=19710) to work on /Users/binhpham/Projects/dbt_project/venv/lib/python3.9/site-packages/airflow/example_dags/example_dynamic_task_mapping_with_no_taskflow_operators.py
[2024-09-18T17:23:21.413-0500] {processor.py:914} INFO - Processing file /Users/binhpham/Projects/dbt_project/venv/lib/python3.9/site-packages/airflow/example_dags/example_dynamic_task_mapping_with_no_taskflow_operators.py for tasks to queue
[2024-09-18T17:23:21.413-0500] {logging_mixin.py:190} INFO - [2024-09-18T17:23:21.413-0500] {dagbag.py:587} INFO - Filling up the DagBag from /Users/binhpham/Projects/dbt_project/venv/lib/python3.9/site-packages/airflow/example_dags/example_dynamic_task_mapping_with_no_taskflow_operators.py
[2024-09-18T17:23:21.417-0500] {processor.py:925} INFO - DAG(s) 'example_dynamic_task_mapping_with_no_taskflow_operators' retrieved from /Users/binhpham/Projects/dbt_project/venv/lib/python3.9/site-packages/airflow/example_dags/example_dynamic_task_mapping_with_no_taskflow_operators.py
[2024-09-18T17:23:21.521-0500] {logging_mixin.py:190} INFO - [2024-09-18T17:23:21.520-0500] {dag.py:3229} INFO - Sync 1 DAGs
[2024-09-18T17:23:21.526-0500] {logging_mixin.py:190} INFO - [2024-09-18T17:23:21.526-0500] {dag.py:4156} INFO - Setting next_dagrun for example_dynamic_task_mapping_with_no_taskflow_operators to None, run_after=None
[2024-09-18T17:23:21.537-0500] {processor.py:208} INFO - Processing /Users/binhpham/Projects/dbt_project/venv/lib/python3.9/site-packages/airflow/example_dags/example_dynamic_task_mapping_with_no_taskflow_operators.py took 0.128 seconds
[2024-09-18T17:27:20.056-0500] {processor.py:186} INFO - Started process (PID=20671) to work on /Users/binhpham/Projects/dbt_project/venv/lib/python3.9/site-packages/airflow/example_dags/example_dynamic_task_mapping_with_no_taskflow_operators.py
[2024-09-18T17:27:20.058-0500] {processor.py:914} INFO - Processing file /Users/binhpham/Projects/dbt_project/venv/lib/python3.9/site-packages/airflow/example_dags/example_dynamic_task_mapping_with_no_taskflow_operators.py for tasks to queue
[2024-09-18T17:27:20.059-0500] {logging_mixin.py:190} INFO - [2024-09-18T17:27:20.059-0500] {dagbag.py:587} INFO - Filling up the DagBag from /Users/binhpham/Projects/dbt_project/venv/lib/python3.9/site-packages/airflow/example_dags/example_dynamic_task_mapping_with_no_taskflow_operators.py
[2024-09-18T17:27:20.063-0500] {processor.py:925} INFO - DAG(s) 'example_dynamic_task_mapping_with_no_taskflow_operators' retrieved from /Users/binhpham/Projects/dbt_project/venv/lib/python3.9/site-packages/airflow/example_dags/example_dynamic_task_mapping_with_no_taskflow_operators.py
[2024-09-18T17:27:20.118-0500] {logging_mixin.py:190} INFO - [2024-09-18T17:27:20.118-0500] {dag.py:3229} INFO - Sync 1 DAGs
[2024-09-18T17:27:20.124-0500] {logging_mixin.py:190} INFO - [2024-09-18T17:27:20.124-0500] {dag.py:4156} INFO - Setting next_dagrun for example_dynamic_task_mapping_with_no_taskflow_operators to None, run_after=None
[2024-09-18T17:27:20.133-0500] {processor.py:208} INFO - Processing /Users/binhpham/Projects/dbt_project/venv/lib/python3.9/site-packages/airflow/example_dags/example_dynamic_task_mapping_with_no_taskflow_operators.py took 0.078 seconds
[2024-09-18T17:29:52.669-0500] {processor.py:186} INFO - Started process (PID=21461) to work on /Users/binhpham/Projects/dbt_project/venv/lib/python3.9/site-packages/airflow/example_dags/example_dynamic_task_mapping_with_no_taskflow_operators.py
[2024-09-18T17:29:52.671-0500] {processor.py:914} INFO - Processing file /Users/binhpham/Projects/dbt_project/venv/lib/python3.9/site-packages/airflow/example_dags/example_dynamic_task_mapping_with_no_taskflow_operators.py for tasks to queue
[2024-09-18T17:29:52.671-0500] {logging_mixin.py:190} INFO - [2024-09-18T17:29:52.671-0500] {dagbag.py:587} INFO - Filling up the DagBag from /Users/binhpham/Projects/dbt_project/venv/lib/python3.9/site-packages/airflow/example_dags/example_dynamic_task_mapping_with_no_taskflow_operators.py
[2024-09-18T17:29:52.675-0500] {processor.py:925} INFO - DAG(s) 'example_dynamic_task_mapping_with_no_taskflow_operators' retrieved from /Users/binhpham/Projects/dbt_project/venv/lib/python3.9/site-packages/airflow/example_dags/example_dynamic_task_mapping_with_no_taskflow_operators.py
[2024-09-18T17:29:52.730-0500] {logging_mixin.py:190} INFO - [2024-09-18T17:29:52.730-0500] {dag.py:3229} INFO - Sync 1 DAGs
[2024-09-18T17:29:52.735-0500] {logging_mixin.py:190} INFO - [2024-09-18T17:29:52.735-0500] {dag.py:4156} INFO - Setting next_dagrun for example_dynamic_task_mapping_with_no_taskflow_operators to None, run_after=None
[2024-09-18T17:29:52.745-0500] {processor.py:208} INFO - Processing /Users/binhpham/Projects/dbt_project/venv/lib/python3.9/site-packages/airflow/example_dags/example_dynamic_task_mapping_with_no_taskflow_operators.py took 0.079 seconds
[2024-09-18T17:31:44.864-0500] {processor.py:186} INFO - Started process (PID=22642) to work on /Users/binhpham/Projects/dbt_project/venv/lib/python3.9/site-packages/airflow/example_dags/example_dynamic_task_mapping_with_no_taskflow_operators.py
[2024-09-18T17:31:44.867-0500] {processor.py:914} INFO - Processing file /Users/binhpham/Projects/dbt_project/venv/lib/python3.9/site-packages/airflow/example_dags/example_dynamic_task_mapping_with_no_taskflow_operators.py for tasks to queue
[2024-09-18T17:31:44.867-0500] {logging_mixin.py:190} INFO - [2024-09-18T17:31:44.867-0500] {dagbag.py:587} INFO - Filling up the DagBag from /Users/binhpham/Projects/dbt_project/venv/lib/python3.9/site-packages/airflow/example_dags/example_dynamic_task_mapping_with_no_taskflow_operators.py
[2024-09-18T17:31:44.871-0500] {processor.py:925} INFO - DAG(s) 'example_dynamic_task_mapping_with_no_taskflow_operators' retrieved from /Users/binhpham/Projects/dbt_project/venv/lib/python3.9/site-packages/airflow/example_dags/example_dynamic_task_mapping_with_no_taskflow_operators.py
[2024-09-18T17:31:44.925-0500] {logging_mixin.py:190} INFO - [2024-09-18T17:31:44.925-0500] {dag.py:3229} INFO - Sync 1 DAGs
[2024-09-18T17:31:44.931-0500] {logging_mixin.py:190} INFO - [2024-09-18T17:31:44.931-0500] {dag.py:4156} INFO - Setting next_dagrun for example_dynamic_task_mapping_with_no_taskflow_operators to None, run_after=None
[2024-09-18T17:31:44.940-0500] {processor.py:208} INFO - Processing /Users/binhpham/Projects/dbt_project/venv/lib/python3.9/site-packages/airflow/example_dags/example_dynamic_task_mapping_with_no_taskflow_operators.py took 0.078 seconds
[2024-09-18T17:35:37.611-0500] {processor.py:186} INFO - Started process (PID=23707) to work on /Users/binhpham/Projects/dbt_project/venv/lib/python3.9/site-packages/airflow/example_dags/example_dynamic_task_mapping_with_no_taskflow_operators.py
[2024-09-18T17:35:37.614-0500] {processor.py:914} INFO - Processing file /Users/binhpham/Projects/dbt_project/venv/lib/python3.9/site-packages/airflow/example_dags/example_dynamic_task_mapping_with_no_taskflow_operators.py for tasks to queue
[2024-09-18T17:35:37.614-0500] {logging_mixin.py:190} INFO - [2024-09-18T17:35:37.614-0500] {dagbag.py:587} INFO - Filling up the DagBag from /Users/binhpham/Projects/dbt_project/venv/lib/python3.9/site-packages/airflow/example_dags/example_dynamic_task_mapping_with_no_taskflow_operators.py
[2024-09-18T17:35:37.618-0500] {processor.py:925} INFO - DAG(s) 'example_dynamic_task_mapping_with_no_taskflow_operators' retrieved from /Users/binhpham/Projects/dbt_project/venv/lib/python3.9/site-packages/airflow/example_dags/example_dynamic_task_mapping_with_no_taskflow_operators.py
[2024-09-18T17:35:37.677-0500] {logging_mixin.py:190} INFO - [2024-09-18T17:35:37.677-0500] {dag.py:3229} INFO - Sync 1 DAGs
[2024-09-18T17:35:37.683-0500] {logging_mixin.py:190} INFO - [2024-09-18T17:35:37.683-0500] {dag.py:4156} INFO - Setting next_dagrun for example_dynamic_task_mapping_with_no_taskflow_operators to None, run_after=None
[2024-09-18T17:35:37.693-0500] {processor.py:208} INFO - Processing /Users/binhpham/Projects/dbt_project/venv/lib/python3.9/site-packages/airflow/example_dags/example_dynamic_task_mapping_with_no_taskflow_operators.py took 0.084 seconds
[2024-09-18T17:37:31.083-0500] {processor.py:186} INFO - Started process (PID=24061) to work on /Users/binhpham/Projects/dbt_project/venv/lib/python3.9/site-packages/airflow/example_dags/example_dynamic_task_mapping_with_no_taskflow_operators.py
[2024-09-18T17:37:31.085-0500] {processor.py:914} INFO - Processing file /Users/binhpham/Projects/dbt_project/venv/lib/python3.9/site-packages/airflow/example_dags/example_dynamic_task_mapping_with_no_taskflow_operators.py for tasks to queue
[2024-09-18T17:37:31.086-0500] {logging_mixin.py:190} INFO - [2024-09-18T17:37:31.085-0500] {dagbag.py:587} INFO - Filling up the DagBag from /Users/binhpham/Projects/dbt_project/venv/lib/python3.9/site-packages/airflow/example_dags/example_dynamic_task_mapping_with_no_taskflow_operators.py
[2024-09-18T17:37:31.089-0500] {processor.py:925} INFO - DAG(s) 'example_dynamic_task_mapping_with_no_taskflow_operators' retrieved from /Users/binhpham/Projects/dbt_project/venv/lib/python3.9/site-packages/airflow/example_dags/example_dynamic_task_mapping_with_no_taskflow_operators.py
[2024-09-18T17:37:31.144-0500] {logging_mixin.py:190} INFO - [2024-09-18T17:37:31.143-0500] {dag.py:3229} INFO - Sync 1 DAGs
[2024-09-18T17:37:31.149-0500] {logging_mixin.py:190} INFO - [2024-09-18T17:37:31.149-0500] {dag.py:4156} INFO - Setting next_dagrun for example_dynamic_task_mapping_with_no_taskflow_operators to None, run_after=None
[2024-09-18T17:37:31.159-0500] {processor.py:208} INFO - Processing /Users/binhpham/Projects/dbt_project/venv/lib/python3.9/site-packages/airflow/example_dags/example_dynamic_task_mapping_with_no_taskflow_operators.py took 0.077 seconds
[2024-09-18T17:40:19.371-0500] {processor.py:186} INFO - Started process (PID=24599) to work on /Users/binhpham/Projects/dbt_project/venv/lib/python3.9/site-packages/airflow/example_dags/example_dynamic_task_mapping_with_no_taskflow_operators.py
[2024-09-18T17:40:19.374-0500] {processor.py:914} INFO - Processing file /Users/binhpham/Projects/dbt_project/venv/lib/python3.9/site-packages/airflow/example_dags/example_dynamic_task_mapping_with_no_taskflow_operators.py for tasks to queue
[2024-09-18T17:40:19.375-0500] {logging_mixin.py:190} INFO - [2024-09-18T17:40:19.375-0500] {dagbag.py:587} INFO - Filling up the DagBag from /Users/binhpham/Projects/dbt_project/venv/lib/python3.9/site-packages/airflow/example_dags/example_dynamic_task_mapping_with_no_taskflow_operators.py
[2024-09-18T17:40:19.379-0500] {processor.py:925} INFO - DAG(s) 'example_dynamic_task_mapping_with_no_taskflow_operators' retrieved from /Users/binhpham/Projects/dbt_project/venv/lib/python3.9/site-packages/airflow/example_dags/example_dynamic_task_mapping_with_no_taskflow_operators.py
[2024-09-18T17:40:19.439-0500] {logging_mixin.py:190} INFO - [2024-09-18T17:40:19.438-0500] {dag.py:3229} INFO - Sync 1 DAGs
[2024-09-18T17:40:19.444-0500] {logging_mixin.py:190} INFO - [2024-09-18T17:40:19.444-0500] {dag.py:4156} INFO - Setting next_dagrun for example_dynamic_task_mapping_with_no_taskflow_operators to None, run_after=None
[2024-09-18T17:40:19.456-0500] {processor.py:208} INFO - Processing /Users/binhpham/Projects/dbt_project/venv/lib/python3.9/site-packages/airflow/example_dags/example_dynamic_task_mapping_with_no_taskflow_operators.py took 0.086 seconds
[2024-09-18T17:43:10.425-0500] {processor.py:186} INFO - Started process (PID=25158) to work on /Users/binhpham/Projects/dbt_project/venv/lib/python3.9/site-packages/airflow/example_dags/example_dynamic_task_mapping_with_no_taskflow_operators.py
[2024-09-18T17:43:10.427-0500] {processor.py:914} INFO - Processing file /Users/binhpham/Projects/dbt_project/venv/lib/python3.9/site-packages/airflow/example_dags/example_dynamic_task_mapping_with_no_taskflow_operators.py for tasks to queue
[2024-09-18T17:43:10.428-0500] {logging_mixin.py:190} INFO - [2024-09-18T17:43:10.428-0500] {dagbag.py:587} INFO - Filling up the DagBag from /Users/binhpham/Projects/dbt_project/venv/lib/python3.9/site-packages/airflow/example_dags/example_dynamic_task_mapping_with_no_taskflow_operators.py
[2024-09-18T17:43:10.432-0500] {processor.py:925} INFO - DAG(s) 'example_dynamic_task_mapping_with_no_taskflow_operators' retrieved from /Users/binhpham/Projects/dbt_project/venv/lib/python3.9/site-packages/airflow/example_dags/example_dynamic_task_mapping_with_no_taskflow_operators.py
[2024-09-18T17:43:10.486-0500] {logging_mixin.py:190} INFO - [2024-09-18T17:43:10.486-0500] {dag.py:3229} INFO - Sync 1 DAGs
[2024-09-18T17:43:10.491-0500] {logging_mixin.py:190} INFO - [2024-09-18T17:43:10.491-0500] {dag.py:4156} INFO - Setting next_dagrun for example_dynamic_task_mapping_with_no_taskflow_operators to None, run_after=None
[2024-09-18T17:43:10.501-0500] {processor.py:208} INFO - Processing /Users/binhpham/Projects/dbt_project/venv/lib/python3.9/site-packages/airflow/example_dags/example_dynamic_task_mapping_with_no_taskflow_operators.py took 0.078 seconds
