[2024-09-18T16:53:19.366-0500] {processor.py:186} INFO - Started process (PID=12113) to work on /Users/binhpham/Library/Python/3.9/lib/python/site-packages/airflow/example_dags/example_branch_labels.py
[2024-09-18T16:53:19.368-0500] {processor.py:914} INFO - Processing file /Users/binhpham/Library/Python/3.9/lib/python/site-packages/airflow/example_dags/example_branch_labels.py for tasks to queue
[2024-09-18T16:53:19.369-0500] {logging_mixin.py:190} INFO - [2024-09-18T16:53:19.368-0500] {dagbag.py:587} INFO - Filling up the DagBag from /Users/binhpham/Library/Python/3.9/lib/python/site-packages/airflow/example_dags/example_branch_labels.py
[2024-09-18T16:53:19.374-0500] {processor.py:925} INFO - DAG(s) 'example_branch_labels' retrieved from /Users/binhpham/Library/Python/3.9/lib/python/site-packages/airflow/example_dags/example_branch_labels.py
[2024-09-18T16:53:19.430-0500] {logging_mixin.py:190} INFO - [2024-09-18T16:53:19.430-0500] {dag.py:3229} INFO - Sync 1 DAGs
[2024-09-18T16:53:19.440-0500] {logging_mixin.py:190} INFO - [2024-09-18T16:53:19.440-0500] {dag.py:4156} INFO - Setting next_dagrun for example_branch_labels to 2024-09-17 00:00:00+00:00, run_after=2024-09-18 00:00:00+00:00
[2024-09-18T16:53:19.449-0500] {processor.py:208} INFO - Processing /Users/binhpham/Library/Python/3.9/lib/python/site-packages/airflow/example_dags/example_branch_labels.py took 0.085 seconds
[2024-09-18T16:58:22.238-0500] {processor.py:186} INFO - Started process (PID=13149) to work on /Users/binhpham/Library/Python/3.9/lib/python/site-packages/airflow/example_dags/example_branch_labels.py
[2024-09-18T16:58:22.241-0500] {processor.py:914} INFO - Processing file /Users/binhpham/Library/Python/3.9/lib/python/site-packages/airflow/example_dags/example_branch_labels.py for tasks to queue
[2024-09-18T16:58:22.241-0500] {logging_mixin.py:190} INFO - [2024-09-18T16:58:22.241-0500] {dagbag.py:587} INFO - Filling up the DagBag from /Users/binhpham/Library/Python/3.9/lib/python/site-packages/airflow/example_dags/example_branch_labels.py
[2024-09-18T16:58:22.246-0500] {processor.py:925} INFO - DAG(s) 'example_branch_labels' retrieved from /Users/binhpham/Library/Python/3.9/lib/python/site-packages/airflow/example_dags/example_branch_labels.py
[2024-09-18T16:58:22.302-0500] {logging_mixin.py:190} INFO - [2024-09-18T16:58:22.302-0500] {dag.py:3229} INFO - Sync 1 DAGs
[2024-09-18T16:58:22.311-0500] {logging_mixin.py:190} INFO - [2024-09-18T16:58:22.311-0500] {dag.py:4156} INFO - Setting next_dagrun for example_branch_labels to 2024-09-17 00:00:00+00:00, run_after=2024-09-18 00:00:00+00:00
[2024-09-18T16:58:22.321-0500] {processor.py:208} INFO - Processing /Users/binhpham/Library/Python/3.9/lib/python/site-packages/airflow/example_dags/example_branch_labels.py took 0.084 seconds
[2024-09-18T17:01:19.169-0500] {processor.py:186} INFO - Started process (PID=13720) to work on /Users/binhpham/Library/Python/3.9/lib/python/site-packages/airflow/example_dags/example_branch_labels.py
[2024-09-18T17:01:19.171-0500] {processor.py:914} INFO - Processing file /Users/binhpham/Library/Python/3.9/lib/python/site-packages/airflow/example_dags/example_branch_labels.py for tasks to queue
[2024-09-18T17:01:19.171-0500] {logging_mixin.py:190} INFO - [2024-09-18T17:01:19.171-0500] {dagbag.py:587} INFO - Filling up the DagBag from /Users/binhpham/Library/Python/3.9/lib/python/site-packages/airflow/example_dags/example_branch_labels.py
[2024-09-18T17:01:19.176-0500] {processor.py:925} INFO - DAG(s) 'example_branch_labels' retrieved from /Users/binhpham/Library/Python/3.9/lib/python/site-packages/airflow/example_dags/example_branch_labels.py
[2024-09-18T17:01:19.235-0500] {logging_mixin.py:190} INFO - [2024-09-18T17:01:19.235-0500] {dag.py:3229} INFO - Sync 1 DAGs
[2024-09-18T17:01:19.245-0500] {logging_mixin.py:190} INFO - [2024-09-18T17:01:19.244-0500] {dag.py:4156} INFO - Setting next_dagrun for example_branch_labels to 2024-09-17 00:00:00+00:00, run_after=2024-09-18 00:00:00+00:00
[2024-09-18T17:01:19.254-0500] {processor.py:208} INFO - Processing /Users/binhpham/Library/Python/3.9/lib/python/site-packages/airflow/example_dags/example_branch_labels.py took 0.087 seconds
[2024-09-18T17:04:13.457-0500] {processor.py:186} INFO - Started process (PID=14320) to work on /Users/binhpham/Library/Python/3.9/lib/python/site-packages/airflow/example_dags/example_branch_labels.py
[2024-09-18T17:04:13.459-0500] {processor.py:914} INFO - Processing file /Users/binhpham/Library/Python/3.9/lib/python/site-packages/airflow/example_dags/example_branch_labels.py for tasks to queue
[2024-09-18T17:04:13.459-0500] {logging_mixin.py:190} INFO - [2024-09-18T17:04:13.459-0500] {dagbag.py:587} INFO - Filling up the DagBag from /Users/binhpham/Library/Python/3.9/lib/python/site-packages/airflow/example_dags/example_branch_labels.py
[2024-09-18T17:04:13.464-0500] {processor.py:925} INFO - DAG(s) 'example_branch_labels' retrieved from /Users/binhpham/Library/Python/3.9/lib/python/site-packages/airflow/example_dags/example_branch_labels.py
[2024-09-18T17:04:13.519-0500] {logging_mixin.py:190} INFO - [2024-09-18T17:04:13.519-0500] {dag.py:3229} INFO - Sync 1 DAGs
[2024-09-18T17:04:13.528-0500] {logging_mixin.py:190} INFO - [2024-09-18T17:04:13.528-0500] {dag.py:4156} INFO - Setting next_dagrun for example_branch_labels to 2024-09-17 00:00:00+00:00, run_after=2024-09-18 00:00:00+00:00
[2024-09-18T17:04:13.538-0500] {processor.py:208} INFO - Processing /Users/binhpham/Library/Python/3.9/lib/python/site-packages/airflow/example_dags/example_branch_labels.py took 0.082 seconds
[2024-09-18T17:07:00.544-0500] {processor.py:186} INFO - Started process (PID=14956) to work on /Users/binhpham/Library/Python/3.9/lib/python/site-packages/airflow/example_dags/example_branch_labels.py
[2024-09-18T17:07:00.545-0500] {processor.py:914} INFO - Processing file /Users/binhpham/Library/Python/3.9/lib/python/site-packages/airflow/example_dags/example_branch_labels.py for tasks to queue
[2024-09-18T17:07:00.546-0500] {logging_mixin.py:190} INFO - [2024-09-18T17:07:00.546-0500] {dagbag.py:587} INFO - Filling up the DagBag from /Users/binhpham/Library/Python/3.9/lib/python/site-packages/airflow/example_dags/example_branch_labels.py
[2024-09-18T17:07:00.551-0500] {processor.py:925} INFO - DAG(s) 'example_branch_labels' retrieved from /Users/binhpham/Library/Python/3.9/lib/python/site-packages/airflow/example_dags/example_branch_labels.py
[2024-09-18T17:07:00.607-0500] {logging_mixin.py:190} INFO - [2024-09-18T17:07:00.607-0500] {dag.py:3229} INFO - Sync 1 DAGs
[2024-09-18T17:07:00.616-0500] {logging_mixin.py:190} INFO - [2024-09-18T17:07:00.616-0500] {dag.py:4156} INFO - Setting next_dagrun for example_branch_labels to 2024-09-17 00:00:00+00:00, run_after=2024-09-18 00:00:00+00:00
[2024-09-18T17:07:00.626-0500] {processor.py:208} INFO - Processing /Users/binhpham/Library/Python/3.9/lib/python/site-packages/airflow/example_dags/example_branch_labels.py took 0.084 seconds
[2024-09-18T17:09:58.880-0500] {processor.py:186} INFO - Started process (PID=15568) to work on /Users/binhpham/Library/Python/3.9/lib/python/site-packages/airflow/example_dags/example_branch_labels.py
[2024-09-18T17:09:58.882-0500] {processor.py:914} INFO - Processing file /Users/binhpham/Library/Python/3.9/lib/python/site-packages/airflow/example_dags/example_branch_labels.py for tasks to queue
[2024-09-18T17:09:58.882-0500] {logging_mixin.py:190} INFO - [2024-09-18T17:09:58.882-0500] {dagbag.py:587} INFO - Filling up the DagBag from /Users/binhpham/Library/Python/3.9/lib/python/site-packages/airflow/example_dags/example_branch_labels.py
[2024-09-18T17:09:58.887-0500] {processor.py:925} INFO - DAG(s) 'example_branch_labels' retrieved from /Users/binhpham/Library/Python/3.9/lib/python/site-packages/airflow/example_dags/example_branch_labels.py
[2024-09-18T17:09:58.945-0500] {logging_mixin.py:190} INFO - [2024-09-18T17:09:58.945-0500] {dag.py:3229} INFO - Sync 1 DAGs
[2024-09-18T17:09:58.955-0500] {logging_mixin.py:190} INFO - [2024-09-18T17:09:58.955-0500] {dag.py:4156} INFO - Setting next_dagrun for example_branch_labels to 2024-09-17 00:00:00+00:00, run_after=2024-09-18 00:00:00+00:00
[2024-09-18T17:09:58.964-0500] {processor.py:208} INFO - Processing /Users/binhpham/Library/Python/3.9/lib/python/site-packages/airflow/example_dags/example_branch_labels.py took 0.086 seconds
[2024-09-18T17:12:56.173-0500] {processor.py:186} INFO - Started process (PID=16199) to work on /Users/binhpham/Library/Python/3.9/lib/python/site-packages/airflow/example_dags/example_branch_labels.py
[2024-09-18T17:12:56.174-0500] {processor.py:914} INFO - Processing file /Users/binhpham/Library/Python/3.9/lib/python/site-packages/airflow/example_dags/example_branch_labels.py for tasks to queue
[2024-09-18T17:12:56.175-0500] {logging_mixin.py:190} INFO - [2024-09-18T17:12:56.175-0500] {dagbag.py:587} INFO - Filling up the DagBag from /Users/binhpham/Library/Python/3.9/lib/python/site-packages/airflow/example_dags/example_branch_labels.py
[2024-09-18T17:12:56.179-0500] {processor.py:925} INFO - DAG(s) 'example_branch_labels' retrieved from /Users/binhpham/Library/Python/3.9/lib/python/site-packages/airflow/example_dags/example_branch_labels.py
[2024-09-18T17:12:56.233-0500] {logging_mixin.py:190} INFO - [2024-09-18T17:12:56.233-0500] {dag.py:3229} INFO - Sync 1 DAGs
[2024-09-18T17:12:56.243-0500] {logging_mixin.py:190} INFO - [2024-09-18T17:12:56.242-0500] {dag.py:4156} INFO - Setting next_dagrun for example_branch_labels to 2024-09-17 00:00:00+00:00, run_after=2024-09-18 00:00:00+00:00
[2024-09-18T17:12:56.257-0500] {processor.py:208} INFO - Processing /Users/binhpham/Library/Python/3.9/lib/python/site-packages/airflow/example_dags/example_branch_labels.py took 0.086 seconds
[2024-09-18T17:16:45.300-0500] {processor.py:186} INFO - Started process (PID=17167) to work on /Users/binhpham/Library/Python/3.9/lib/python/site-packages/airflow/example_dags/example_branch_labels.py
[2024-09-18T17:16:45.303-0500] {processor.py:914} INFO - Processing file /Users/binhpham/Library/Python/3.9/lib/python/site-packages/airflow/example_dags/example_branch_labels.py for tasks to queue
[2024-09-18T17:16:45.303-0500] {logging_mixin.py:190} INFO - [2024-09-18T17:16:45.303-0500] {dagbag.py:587} INFO - Filling up the DagBag from /Users/binhpham/Library/Python/3.9/lib/python/site-packages/airflow/example_dags/example_branch_labels.py
[2024-09-18T17:16:45.308-0500] {processor.py:925} INFO - DAG(s) 'example_branch_labels' retrieved from /Users/binhpham/Library/Python/3.9/lib/python/site-packages/airflow/example_dags/example_branch_labels.py
[2024-09-18T17:16:45.364-0500] {logging_mixin.py:190} INFO - [2024-09-18T17:16:45.364-0500] {dag.py:3229} INFO - Sync 1 DAGs
[2024-09-18T17:16:45.374-0500] {logging_mixin.py:190} INFO - [2024-09-18T17:16:45.374-0500] {dag.py:4156} INFO - Setting next_dagrun for example_branch_labels to 2024-09-17 00:00:00+00:00, run_after=2024-09-18 00:00:00+00:00
[2024-09-18T17:16:45.383-0500] {processor.py:208} INFO - Processing /Users/binhpham/Library/Python/3.9/lib/python/site-packages/airflow/example_dags/example_branch_labels.py took 0.084 seconds
[2024-09-18T17:19:44.644-0500] {processor.py:186} INFO - Started process (PID=18351) to work on /Users/binhpham/Library/Python/3.9/lib/python/site-packages/airflow/example_dags/example_branch_labels.py
[2024-09-18T17:19:44.647-0500] {processor.py:914} INFO - Processing file /Users/binhpham/Library/Python/3.9/lib/python/site-packages/airflow/example_dags/example_branch_labels.py for tasks to queue
[2024-09-18T17:19:44.647-0500] {logging_mixin.py:190} INFO - [2024-09-18T17:19:44.647-0500] {dagbag.py:587} INFO - Filling up the DagBag from /Users/binhpham/Library/Python/3.9/lib/python/site-packages/airflow/example_dags/example_branch_labels.py
[2024-09-18T17:19:44.652-0500] {processor.py:925} INFO - DAG(s) 'example_branch_labels' retrieved from /Users/binhpham/Library/Python/3.9/lib/python/site-packages/airflow/example_dags/example_branch_labels.py
[2024-09-18T17:19:44.708-0500] {logging_mixin.py:190} INFO - [2024-09-18T17:19:44.707-0500] {dag.py:3229} INFO - Sync 1 DAGs
[2024-09-18T17:19:44.717-0500] {logging_mixin.py:190} INFO - [2024-09-18T17:19:44.717-0500] {dag.py:4156} INFO - Setting next_dagrun for example_branch_labels to 2024-09-17 00:00:00+00:00, run_after=2024-09-18 00:00:00+00:00
[2024-09-18T17:19:44.726-0500] {processor.py:208} INFO - Processing /Users/binhpham/Library/Python/3.9/lib/python/site-packages/airflow/example_dags/example_branch_labels.py took 0.083 seconds
[2024-09-18T17:23:43.169-0500] {processor.py:186} INFO - Started process (PID=19788) to work on /Users/binhpham/Projects/dbt_project/venv/lib/python3.9/site-packages/airflow/example_dags/example_branch_labels.py
[2024-09-18T17:23:43.172-0500] {processor.py:914} INFO - Processing file /Users/binhpham/Projects/dbt_project/venv/lib/python3.9/site-packages/airflow/example_dags/example_branch_labels.py for tasks to queue
[2024-09-18T17:23:43.172-0500] {logging_mixin.py:190} INFO - [2024-09-18T17:23:43.172-0500] {dagbag.py:587} INFO - Filling up the DagBag from /Users/binhpham/Projects/dbt_project/venv/lib/python3.9/site-packages/airflow/example_dags/example_branch_labels.py
[2024-09-18T17:23:43.177-0500] {processor.py:925} INFO - DAG(s) 'example_branch_labels' retrieved from /Users/binhpham/Projects/dbt_project/venv/lib/python3.9/site-packages/airflow/example_dags/example_branch_labels.py
[2024-09-18T17:23:43.278-0500] {logging_mixin.py:190} INFO - [2024-09-18T17:23:43.277-0500] {dag.py:3229} INFO - Sync 1 DAGs
[2024-09-18T17:23:43.286-0500] {logging_mixin.py:190} INFO - [2024-09-18T17:23:43.286-0500] {dag.py:4156} INFO - Setting next_dagrun for example_branch_labels to 2024-09-17 00:00:00+00:00, run_after=2024-09-18 00:00:00+00:00
[2024-09-18T17:23:43.296-0500] {processor.py:208} INFO - Processing /Users/binhpham/Projects/dbt_project/venv/lib/python3.9/site-packages/airflow/example_dags/example_branch_labels.py took 0.129 seconds
[2024-09-18T17:27:42.263-0500] {processor.py:186} INFO - Started process (PID=20818) to work on /Users/binhpham/Projects/dbt_project/venv/lib/python3.9/site-packages/airflow/example_dags/example_branch_labels.py
[2024-09-18T17:27:42.265-0500] {processor.py:914} INFO - Processing file /Users/binhpham/Projects/dbt_project/venv/lib/python3.9/site-packages/airflow/example_dags/example_branch_labels.py for tasks to queue
[2024-09-18T17:27:42.266-0500] {logging_mixin.py:190} INFO - [2024-09-18T17:27:42.266-0500] {dagbag.py:587} INFO - Filling up the DagBag from /Users/binhpham/Projects/dbt_project/venv/lib/python3.9/site-packages/airflow/example_dags/example_branch_labels.py
[2024-09-18T17:27:42.271-0500] {processor.py:925} INFO - DAG(s) 'example_branch_labels' retrieved from /Users/binhpham/Projects/dbt_project/venv/lib/python3.9/site-packages/airflow/example_dags/example_branch_labels.py
[2024-09-18T17:27:42.329-0500] {logging_mixin.py:190} INFO - [2024-09-18T17:27:42.329-0500] {dag.py:3229} INFO - Sync 1 DAGs
[2024-09-18T17:27:42.339-0500] {logging_mixin.py:190} INFO - [2024-09-18T17:27:42.339-0500] {dag.py:4156} INFO - Setting next_dagrun for example_branch_labels to 2024-09-17 00:00:00+00:00, run_after=2024-09-18 00:00:00+00:00
[2024-09-18T17:27:42.348-0500] {processor.py:208} INFO - Processing /Users/binhpham/Projects/dbt_project/venv/lib/python3.9/site-packages/airflow/example_dags/example_branch_labels.py took 0.087 seconds
[2024-09-18T17:30:14.873-0500] {processor.py:186} INFO - Started process (PID=21849) to work on /Users/binhpham/Projects/dbt_project/venv/lib/python3.9/site-packages/airflow/example_dags/example_branch_labels.py
[2024-09-18T17:30:14.876-0500] {processor.py:914} INFO - Processing file /Users/binhpham/Projects/dbt_project/venv/lib/python3.9/site-packages/airflow/example_dags/example_branch_labels.py for tasks to queue
[2024-09-18T17:30:14.876-0500] {logging_mixin.py:190} INFO - [2024-09-18T17:30:14.876-0500] {dagbag.py:587} INFO - Filling up the DagBag from /Users/binhpham/Projects/dbt_project/venv/lib/python3.9/site-packages/airflow/example_dags/example_branch_labels.py
[2024-09-18T17:30:14.881-0500] {processor.py:925} INFO - DAG(s) 'example_branch_labels' retrieved from /Users/binhpham/Projects/dbt_project/venv/lib/python3.9/site-packages/airflow/example_dags/example_branch_labels.py
[2024-09-18T17:30:14.939-0500] {logging_mixin.py:190} INFO - [2024-09-18T17:30:14.939-0500] {dag.py:3229} INFO - Sync 1 DAGs
[2024-09-18T17:30:14.950-0500] {logging_mixin.py:190} INFO - [2024-09-18T17:30:14.950-0500] {dag.py:4156} INFO - Setting next_dagrun for example_branch_labels to 2024-09-17 00:00:00+00:00, run_after=2024-09-18 00:00:00+00:00
[2024-09-18T17:30:14.959-0500] {processor.py:208} INFO - Processing /Users/binhpham/Projects/dbt_project/venv/lib/python3.9/site-packages/airflow/example_dags/example_branch_labels.py took 0.088 seconds
[2024-09-18T17:33:01.892-0500] {processor.py:186} INFO - Started process (PID=22921) to work on /Users/binhpham/Projects/dbt_project/venv/lib/python3.9/site-packages/airflow/example_dags/example_branch_labels.py
[2024-09-18T17:33:01.894-0500] {processor.py:914} INFO - Processing file /Users/binhpham/Projects/dbt_project/venv/lib/python3.9/site-packages/airflow/example_dags/example_branch_labels.py for tasks to queue
[2024-09-18T17:33:01.894-0500] {logging_mixin.py:190} INFO - [2024-09-18T17:33:01.894-0500] {dagbag.py:587} INFO - Filling up the DagBag from /Users/binhpham/Projects/dbt_project/venv/lib/python3.9/site-packages/airflow/example_dags/example_branch_labels.py
[2024-09-18T17:33:01.899-0500] {processor.py:925} INFO - DAG(s) 'example_branch_labels' retrieved from /Users/binhpham/Projects/dbt_project/venv/lib/python3.9/site-packages/airflow/example_dags/example_branch_labels.py
[2024-09-18T17:33:01.954-0500] {logging_mixin.py:190} INFO - [2024-09-18T17:33:01.954-0500] {dag.py:3229} INFO - Sync 1 DAGs
[2024-09-18T17:33:01.963-0500] {logging_mixin.py:190} INFO - [2024-09-18T17:33:01.963-0500] {dag.py:4156} INFO - Setting next_dagrun for example_branch_labels to 2024-09-17 00:00:00+00:00, run_after=2024-09-18 00:00:00+00:00
[2024-09-18T17:33:01.972-0500] {processor.py:208} INFO - Processing /Users/binhpham/Projects/dbt_project/venv/lib/python3.9/site-packages/airflow/example_dags/example_branch_labels.py took 0.082 seconds
[2024-09-18T17:35:58.839-0500] {processor.py:186} INFO - Started process (PID=23778) to work on /Users/binhpham/Projects/dbt_project/venv/lib/python3.9/site-packages/airflow/example_dags/example_branch_labels.py
[2024-09-18T17:35:58.842-0500] {processor.py:914} INFO - Processing file /Users/binhpham/Projects/dbt_project/venv/lib/python3.9/site-packages/airflow/example_dags/example_branch_labels.py for tasks to queue
[2024-09-18T17:35:58.842-0500] {logging_mixin.py:190} INFO - [2024-09-18T17:35:58.842-0500] {dagbag.py:587} INFO - Filling up the DagBag from /Users/binhpham/Projects/dbt_project/venv/lib/python3.9/site-packages/airflow/example_dags/example_branch_labels.py
[2024-09-18T17:35:58.847-0500] {processor.py:925} INFO - DAG(s) 'example_branch_labels' retrieved from /Users/binhpham/Projects/dbt_project/venv/lib/python3.9/site-packages/airflow/example_dags/example_branch_labels.py
[2024-09-18T17:35:58.903-0500] {logging_mixin.py:190} INFO - [2024-09-18T17:35:58.903-0500] {dag.py:3229} INFO - Sync 1 DAGs
[2024-09-18T17:35:58.913-0500] {logging_mixin.py:190} INFO - [2024-09-18T17:35:58.913-0500] {dag.py:4156} INFO - Setting next_dagrun for example_branch_labels to 2024-09-17 00:00:00+00:00, run_after=2024-09-18 00:00:00+00:00
[2024-09-18T17:35:58.922-0500] {processor.py:208} INFO - Processing /Users/binhpham/Projects/dbt_project/venv/lib/python3.9/site-packages/airflow/example_dags/example_branch_labels.py took 0.084 seconds
[2024-09-18T17:38:44.814-0500] {processor.py:186} INFO - Started process (PID=24296) to work on /Users/binhpham/Projects/dbt_project/venv/lib/python3.9/site-packages/airflow/example_dags/example_branch_labels.py
[2024-09-18T17:38:44.815-0500] {processor.py:914} INFO - Processing file /Users/binhpham/Projects/dbt_project/venv/lib/python3.9/site-packages/airflow/example_dags/example_branch_labels.py for tasks to queue
[2024-09-18T17:38:44.816-0500] {logging_mixin.py:190} INFO - [2024-09-18T17:38:44.816-0500] {dagbag.py:587} INFO - Filling up the DagBag from /Users/binhpham/Projects/dbt_project/venv/lib/python3.9/site-packages/airflow/example_dags/example_branch_labels.py
[2024-09-18T17:38:44.821-0500] {processor.py:925} INFO - DAG(s) 'example_branch_labels' retrieved from /Users/binhpham/Projects/dbt_project/venv/lib/python3.9/site-packages/airflow/example_dags/example_branch_labels.py
[2024-09-18T17:38:44.875-0500] {logging_mixin.py:190} INFO - [2024-09-18T17:38:44.874-0500] {dag.py:3229} INFO - Sync 1 DAGs
[2024-09-18T17:38:44.884-0500] {logging_mixin.py:190} INFO - [2024-09-18T17:38:44.884-0500] {dag.py:4156} INFO - Setting next_dagrun for example_branch_labels to 2024-09-17 00:00:00+00:00, run_after=2024-09-18 00:00:00+00:00
[2024-09-18T17:38:44.893-0500] {processor.py:208} INFO - Processing /Users/binhpham/Projects/dbt_project/venv/lib/python3.9/site-packages/airflow/example_dags/example_branch_labels.py took 0.081 seconds
[2024-09-18T17:41:37.186-0500] {processor.py:186} INFO - Started process (PID=24842) to work on /Users/binhpham/Projects/dbt_project/venv/lib/python3.9/site-packages/airflow/example_dags/example_branch_labels.py
[2024-09-18T17:41:37.188-0500] {processor.py:914} INFO - Processing file /Users/binhpham/Projects/dbt_project/venv/lib/python3.9/site-packages/airflow/example_dags/example_branch_labels.py for tasks to queue
[2024-09-18T17:41:37.189-0500] {logging_mixin.py:190} INFO - [2024-09-18T17:41:37.188-0500] {dagbag.py:587} INFO - Filling up the DagBag from /Users/binhpham/Projects/dbt_project/venv/lib/python3.9/site-packages/airflow/example_dags/example_branch_labels.py
[2024-09-18T17:41:37.194-0500] {processor.py:925} INFO - DAG(s) 'example_branch_labels' retrieved from /Users/binhpham/Projects/dbt_project/venv/lib/python3.9/site-packages/airflow/example_dags/example_branch_labels.py
[2024-09-18T17:41:37.249-0500] {logging_mixin.py:190} INFO - [2024-09-18T17:41:37.249-0500] {dag.py:3229} INFO - Sync 1 DAGs
[2024-09-18T17:41:37.259-0500] {logging_mixin.py:190} INFO - [2024-09-18T17:41:37.259-0500] {dag.py:4156} INFO - Setting next_dagrun for example_branch_labels to 2024-09-17 00:00:00+00:00, run_after=2024-09-18 00:00:00+00:00
[2024-09-18T17:41:37.268-0500] {processor.py:208} INFO - Processing /Users/binhpham/Projects/dbt_project/venv/lib/python3.9/site-packages/airflow/example_dags/example_branch_labels.py took 0.084 seconds
[2024-09-18T17:44:27.238-0500] {processor.py:186} INFO - Started process (PID=25421) to work on /Users/binhpham/Projects/dbt_project/venv/lib/python3.9/site-packages/airflow/example_dags/example_branch_labels.py
[2024-09-18T17:44:27.240-0500] {processor.py:914} INFO - Processing file /Users/binhpham/Projects/dbt_project/venv/lib/python3.9/site-packages/airflow/example_dags/example_branch_labels.py for tasks to queue
[2024-09-18T17:44:27.241-0500] {logging_mixin.py:190} INFO - [2024-09-18T17:44:27.241-0500] {dagbag.py:587} INFO - Filling up the DagBag from /Users/binhpham/Projects/dbt_project/venv/lib/python3.9/site-packages/airflow/example_dags/example_branch_labels.py
[2024-09-18T17:44:27.246-0500] {processor.py:925} INFO - DAG(s) 'example_branch_labels' retrieved from /Users/binhpham/Projects/dbt_project/venv/lib/python3.9/site-packages/airflow/example_dags/example_branch_labels.py
[2024-09-18T17:44:27.303-0500] {logging_mixin.py:190} INFO - [2024-09-18T17:44:27.303-0500] {dag.py:3229} INFO - Sync 1 DAGs
[2024-09-18T17:44:27.313-0500] {logging_mixin.py:190} INFO - [2024-09-18T17:44:27.313-0500] {dag.py:4156} INFO - Setting next_dagrun for example_branch_labels to 2024-09-17 00:00:00+00:00, run_after=2024-09-18 00:00:00+00:00
[2024-09-18T17:44:27.321-0500] {processor.py:208} INFO - Processing /Users/binhpham/Projects/dbt_project/venv/lib/python3.9/site-packages/airflow/example_dags/example_branch_labels.py took 0.085 seconds
