[2024-09-18T16:53:13.046-0500] {processor.py:186} INFO - Started process (PID=12093) to work on /Users/binhpham/Library/Python/3.9/lib/python/site-packages/airflow/example_dags/example_branch_python_dop_operator_3.py
[2024-09-18T16:53:13.047-0500] {processor.py:914} INFO - Processing file /Users/binhpham/Library/Python/3.9/lib/python/site-packages/airflow/example_dags/example_branch_python_dop_operator_3.py for tasks to queue
[2024-09-18T16:53:13.048-0500] {logging_mixin.py:190} INFO - [2024-09-18T16:53:13.048-0500] {dagbag.py:587} INFO - Filling up the DagBag from /Users/binhpham/Library/Python/3.9/lib/python/site-packages/airflow/example_dags/example_branch_python_dop_operator_3.py
[2024-09-18T16:53:13.067-0500] {processor.py:925} INFO - DAG(s) 'example_branch_dop_operator_v3' retrieved from /Users/binhpham/Library/Python/3.9/lib/python/site-packages/airflow/example_dags/example_branch_python_dop_operator_3.py
[2024-09-18T16:53:13.119-0500] {logging_mixin.py:190} INFO - [2024-09-18T16:53:13.119-0500] {dag.py:3229} INFO - Sync 1 DAGs
[2024-09-18T16:53:13.133-0500] {logging_mixin.py:190} INFO - [2024-09-18T16:53:13.133-0500] {dag.py:4156} INFO - Setting next_dagrun for example_branch_dop_operator_v3 to 2024-09-18 21:52:00+00:00, run_after=2024-09-18 21:53:00+00:00
[2024-09-18T16:53:13.142-0500] {processor.py:208} INFO - Processing /Users/binhpham/Library/Python/3.9/lib/python/site-packages/airflow/example_dags/example_branch_python_dop_operator_3.py took 0.098 seconds
[2024-09-18T16:58:15.049-0500] {processor.py:186} INFO - Started process (PID=13123) to work on /Users/binhpham/Library/Python/3.9/lib/python/site-packages/airflow/example_dags/example_branch_python_dop_operator_3.py
[2024-09-18T16:58:15.051-0500] {processor.py:914} INFO - Processing file /Users/binhpham/Library/Python/3.9/lib/python/site-packages/airflow/example_dags/example_branch_python_dop_operator_3.py for tasks to queue
[2024-09-18T16:58:15.051-0500] {logging_mixin.py:190} INFO - [2024-09-18T16:58:15.051-0500] {dagbag.py:587} INFO - Filling up the DagBag from /Users/binhpham/Library/Python/3.9/lib/python/site-packages/airflow/example_dags/example_branch_python_dop_operator_3.py
[2024-09-18T16:58:15.072-0500] {processor.py:925} INFO - DAG(s) 'example_branch_dop_operator_v3' retrieved from /Users/binhpham/Library/Python/3.9/lib/python/site-packages/airflow/example_dags/example_branch_python_dop_operator_3.py
[2024-09-18T16:58:15.130-0500] {logging_mixin.py:190} INFO - [2024-09-18T16:58:15.130-0500] {dag.py:3229} INFO - Sync 1 DAGs
[2024-09-18T16:58:15.147-0500] {logging_mixin.py:190} INFO - [2024-09-18T16:58:15.147-0500] {dag.py:4156} INFO - Setting next_dagrun for example_branch_dop_operator_v3 to 2024-09-18 21:57:00+00:00, run_after=2024-09-18 21:58:00+00:00
[2024-09-18T16:58:15.157-0500] {processor.py:208} INFO - Processing /Users/binhpham/Library/Python/3.9/lib/python/site-packages/airflow/example_dags/example_branch_python_dop_operator_3.py took 0.110 seconds
[2024-09-18T17:01:12.858-0500] {processor.py:186} INFO - Started process (PID=13700) to work on /Users/binhpham/Library/Python/3.9/lib/python/site-packages/airflow/example_dags/example_branch_python_dop_operator_3.py
[2024-09-18T17:01:12.859-0500] {processor.py:914} INFO - Processing file /Users/binhpham/Library/Python/3.9/lib/python/site-packages/airflow/example_dags/example_branch_python_dop_operator_3.py for tasks to queue
[2024-09-18T17:01:12.860-0500] {logging_mixin.py:190} INFO - [2024-09-18T17:01:12.860-0500] {dagbag.py:587} INFO - Filling up the DagBag from /Users/binhpham/Library/Python/3.9/lib/python/site-packages/airflow/example_dags/example_branch_python_dop_operator_3.py
[2024-09-18T17:01:12.879-0500] {processor.py:925} INFO - DAG(s) 'example_branch_dop_operator_v3' retrieved from /Users/binhpham/Library/Python/3.9/lib/python/site-packages/airflow/example_dags/example_branch_python_dop_operator_3.py
[2024-09-18T17:01:12.932-0500] {logging_mixin.py:190} INFO - [2024-09-18T17:01:12.932-0500] {dag.py:3229} INFO - Sync 1 DAGs
[2024-09-18T17:01:12.946-0500] {logging_mixin.py:190} INFO - [2024-09-18T17:01:12.946-0500] {dag.py:4156} INFO - Setting next_dagrun for example_branch_dop_operator_v3 to 2024-09-18 22:00:00+00:00, run_after=2024-09-18 22:01:00+00:00
[2024-09-18T17:01:12.956-0500] {processor.py:208} INFO - Processing /Users/binhpham/Library/Python/3.9/lib/python/site-packages/airflow/example_dags/example_branch_python_dop_operator_3.py took 0.100 seconds
[2024-09-18T17:04:07.126-0500] {processor.py:186} INFO - Started process (PID=14299) to work on /Users/binhpham/Library/Python/3.9/lib/python/site-packages/airflow/example_dags/example_branch_python_dop_operator_3.py
[2024-09-18T17:04:07.128-0500] {processor.py:914} INFO - Processing file /Users/binhpham/Library/Python/3.9/lib/python/site-packages/airflow/example_dags/example_branch_python_dop_operator_3.py for tasks to queue
[2024-09-18T17:04:07.129-0500] {logging_mixin.py:190} INFO - [2024-09-18T17:04:07.128-0500] {dagbag.py:587} INFO - Filling up the DagBag from /Users/binhpham/Library/Python/3.9/lib/python/site-packages/airflow/example_dags/example_branch_python_dop_operator_3.py
[2024-09-18T17:04:07.148-0500] {processor.py:925} INFO - DAG(s) 'example_branch_dop_operator_v3' retrieved from /Users/binhpham/Library/Python/3.9/lib/python/site-packages/airflow/example_dags/example_branch_python_dop_operator_3.py
[2024-09-18T17:04:07.201-0500] {logging_mixin.py:190} INFO - [2024-09-18T17:04:07.201-0500] {dag.py:3229} INFO - Sync 1 DAGs
[2024-09-18T17:04:07.215-0500] {logging_mixin.py:190} INFO - [2024-09-18T17:04:07.215-0500] {dag.py:4156} INFO - Setting next_dagrun for example_branch_dop_operator_v3 to 2024-09-18 22:03:00+00:00, run_after=2024-09-18 22:04:00+00:00
[2024-09-18T17:04:07.224-0500] {processor.py:208} INFO - Processing /Users/binhpham/Library/Python/3.9/lib/python/site-packages/airflow/example_dags/example_branch_python_dop_operator_3.py took 0.099 seconds
[2024-09-18T17:06:54.455-0500] {processor.py:186} INFO - Started process (PID=14935) to work on /Users/binhpham/Library/Python/3.9/lib/python/site-packages/airflow/example_dags/example_branch_python_dop_operator_3.py
[2024-09-18T17:06:54.456-0500] {processor.py:914} INFO - Processing file /Users/binhpham/Library/Python/3.9/lib/python/site-packages/airflow/example_dags/example_branch_python_dop_operator_3.py for tasks to queue
[2024-09-18T17:06:54.457-0500] {logging_mixin.py:190} INFO - [2024-09-18T17:06:54.457-0500] {dagbag.py:587} INFO - Filling up the DagBag from /Users/binhpham/Library/Python/3.9/lib/python/site-packages/airflow/example_dags/example_branch_python_dop_operator_3.py
[2024-09-18T17:06:54.478-0500] {processor.py:925} INFO - DAG(s) 'example_branch_dop_operator_v3' retrieved from /Users/binhpham/Library/Python/3.9/lib/python/site-packages/airflow/example_dags/example_branch_python_dop_operator_3.py
[2024-09-18T17:06:54.534-0500] {logging_mixin.py:190} INFO - [2024-09-18T17:06:54.534-0500] {dag.py:3229} INFO - Sync 1 DAGs
[2024-09-18T17:06:54.548-0500] {logging_mixin.py:190} INFO - [2024-09-18T17:06:54.548-0500] {dag.py:4156} INFO - Setting next_dagrun for example_branch_dop_operator_v3 to 2024-09-18 22:05:00+00:00, run_after=2024-09-18 22:06:00+00:00
[2024-09-18T17:06:54.558-0500] {processor.py:208} INFO - Processing /Users/binhpham/Library/Python/3.9/lib/python/site-packages/airflow/example_dags/example_branch_python_dop_operator_3.py took 0.105 seconds
[2024-09-18T17:09:52.908-0500] {processor.py:186} INFO - Started process (PID=15549) to work on /Users/binhpham/Library/Python/3.9/lib/python/site-packages/airflow/example_dags/example_branch_python_dop_operator_3.py
[2024-09-18T17:09:52.910-0500] {processor.py:914} INFO - Processing file /Users/binhpham/Library/Python/3.9/lib/python/site-packages/airflow/example_dags/example_branch_python_dop_operator_3.py for tasks to queue
[2024-09-18T17:09:52.910-0500] {logging_mixin.py:190} INFO - [2024-09-18T17:09:52.910-0500] {dagbag.py:587} INFO - Filling up the DagBag from /Users/binhpham/Library/Python/3.9/lib/python/site-packages/airflow/example_dags/example_branch_python_dop_operator_3.py
[2024-09-18T17:09:52.931-0500] {processor.py:925} INFO - DAG(s) 'example_branch_dop_operator_v3' retrieved from /Users/binhpham/Library/Python/3.9/lib/python/site-packages/airflow/example_dags/example_branch_python_dop_operator_3.py
[2024-09-18T17:09:52.985-0500] {logging_mixin.py:190} INFO - [2024-09-18T17:09:52.985-0500] {dag.py:3229} INFO - Sync 1 DAGs
[2024-09-18T17:09:52.999-0500] {logging_mixin.py:190} INFO - [2024-09-18T17:09:52.999-0500] {dag.py:4156} INFO - Setting next_dagrun for example_branch_dop_operator_v3 to 2024-09-18 22:08:00+00:00, run_after=2024-09-18 22:09:00+00:00
[2024-09-18T17:09:53.008-0500] {processor.py:208} INFO - Processing /Users/binhpham/Library/Python/3.9/lib/python/site-packages/airflow/example_dags/example_branch_python_dop_operator_3.py took 0.102 seconds
[2024-09-18T17:12:49.627-0500] {processor.py:186} INFO - Started process (PID=16176) to work on /Users/binhpham/Library/Python/3.9/lib/python/site-packages/airflow/example_dags/example_branch_python_dop_operator_3.py
[2024-09-18T17:12:49.628-0500] {processor.py:914} INFO - Processing file /Users/binhpham/Library/Python/3.9/lib/python/site-packages/airflow/example_dags/example_branch_python_dop_operator_3.py for tasks to queue
[2024-09-18T17:12:49.629-0500] {logging_mixin.py:190} INFO - [2024-09-18T17:12:49.629-0500] {dagbag.py:587} INFO - Filling up the DagBag from /Users/binhpham/Library/Python/3.9/lib/python/site-packages/airflow/example_dags/example_branch_python_dop_operator_3.py
[2024-09-18T17:12:49.648-0500] {processor.py:925} INFO - DAG(s) 'example_branch_dop_operator_v3' retrieved from /Users/binhpham/Library/Python/3.9/lib/python/site-packages/airflow/example_dags/example_branch_python_dop_operator_3.py
[2024-09-18T17:12:49.706-0500] {logging_mixin.py:190} INFO - [2024-09-18T17:12:49.705-0500] {dag.py:3229} INFO - Sync 1 DAGs
[2024-09-18T17:12:49.720-0500] {logging_mixin.py:190} INFO - [2024-09-18T17:12:49.720-0500] {dag.py:4156} INFO - Setting next_dagrun for example_branch_dop_operator_v3 to 2024-09-18 22:11:00+00:00, run_after=2024-09-18 22:12:00+00:00
[2024-09-18T17:12:49.730-0500] {processor.py:208} INFO - Processing /Users/binhpham/Library/Python/3.9/lib/python/site-packages/airflow/example_dags/example_branch_python_dop_operator_3.py took 0.105 seconds
[2024-09-18T17:16:38.846-0500] {processor.py:186} INFO - Started process (PID=17076) to work on /Users/binhpham/Library/Python/3.9/lib/python/site-packages/airflow/example_dags/example_branch_python_dop_operator_3.py
[2024-09-18T17:16:38.848-0500] {processor.py:914} INFO - Processing file /Users/binhpham/Library/Python/3.9/lib/python/site-packages/airflow/example_dags/example_branch_python_dop_operator_3.py for tasks to queue
[2024-09-18T17:16:38.849-0500] {logging_mixin.py:190} INFO - [2024-09-18T17:16:38.848-0500] {dagbag.py:587} INFO - Filling up the DagBag from /Users/binhpham/Library/Python/3.9/lib/python/site-packages/airflow/example_dags/example_branch_python_dop_operator_3.py
[2024-09-18T17:16:38.869-0500] {processor.py:925} INFO - DAG(s) 'example_branch_dop_operator_v3' retrieved from /Users/binhpham/Library/Python/3.9/lib/python/site-packages/airflow/example_dags/example_branch_python_dop_operator_3.py
[2024-09-18T17:16:38.926-0500] {logging_mixin.py:190} INFO - [2024-09-18T17:16:38.926-0500] {dag.py:3229} INFO - Sync 1 DAGs
[2024-09-18T17:16:38.942-0500] {logging_mixin.py:190} INFO - [2024-09-18T17:16:38.942-0500] {dag.py:4156} INFO - Setting next_dagrun for example_branch_dop_operator_v3 to 2024-09-18 22:15:00+00:00, run_after=2024-09-18 22:16:00+00:00
[2024-09-18T17:16:38.952-0500] {processor.py:208} INFO - Processing /Users/binhpham/Library/Python/3.9/lib/python/site-packages/airflow/example_dags/example_branch_python_dop_operator_3.py took 0.108 seconds
[2024-09-18T17:19:38.335-0500] {processor.py:186} INFO - Started process (PID=18332) to work on /Users/binhpham/Library/Python/3.9/lib/python/site-packages/airflow/example_dags/example_branch_python_dop_operator_3.py
[2024-09-18T17:19:38.337-0500] {processor.py:914} INFO - Processing file /Users/binhpham/Library/Python/3.9/lib/python/site-packages/airflow/example_dags/example_branch_python_dop_operator_3.py for tasks to queue
[2024-09-18T17:19:38.338-0500] {logging_mixin.py:190} INFO - [2024-09-18T17:19:38.338-0500] {dagbag.py:587} INFO - Filling up the DagBag from /Users/binhpham/Library/Python/3.9/lib/python/site-packages/airflow/example_dags/example_branch_python_dop_operator_3.py
[2024-09-18T17:19:38.359-0500] {processor.py:925} INFO - DAG(s) 'example_branch_dop_operator_v3' retrieved from /Users/binhpham/Library/Python/3.9/lib/python/site-packages/airflow/example_dags/example_branch_python_dop_operator_3.py
[2024-09-18T17:19:38.417-0500] {logging_mixin.py:190} INFO - [2024-09-18T17:19:38.417-0500] {dag.py:3229} INFO - Sync 1 DAGs
[2024-09-18T17:19:38.434-0500] {logging_mixin.py:190} INFO - [2024-09-18T17:19:38.434-0500] {dag.py:4156} INFO - Setting next_dagrun for example_branch_dop_operator_v3 to 2024-09-18 22:18:00+00:00, run_after=2024-09-18 22:19:00+00:00
[2024-09-18T17:19:38.444-0500] {processor.py:208} INFO - Processing /Users/binhpham/Library/Python/3.9/lib/python/site-packages/airflow/example_dags/example_branch_python_dop_operator_3.py took 0.111 seconds
[2024-09-18T17:23:37.519-0500] {processor.py:186} INFO - Started process (PID=19769) to work on /Users/binhpham/Projects/dbt_project/venv/lib/python3.9/site-packages/airflow/example_dags/example_branch_python_dop_operator_3.py
[2024-09-18T17:23:37.521-0500] {processor.py:914} INFO - Processing file /Users/binhpham/Projects/dbt_project/venv/lib/python3.9/site-packages/airflow/example_dags/example_branch_python_dop_operator_3.py for tasks to queue
[2024-09-18T17:23:37.522-0500] {logging_mixin.py:190} INFO - [2024-09-18T17:23:37.522-0500] {dagbag.py:587} INFO - Filling up the DagBag from /Users/binhpham/Projects/dbt_project/venv/lib/python3.9/site-packages/airflow/example_dags/example_branch_python_dop_operator_3.py
[2024-09-18T17:23:37.542-0500] {processor.py:925} INFO - DAG(s) 'example_branch_dop_operator_v3' retrieved from /Users/binhpham/Projects/dbt_project/venv/lib/python3.9/site-packages/airflow/example_dags/example_branch_python_dop_operator_3.py
[2024-09-18T17:23:37.641-0500] {logging_mixin.py:190} INFO - [2024-09-18T17:23:37.641-0500] {dag.py:3229} INFO - Sync 1 DAGs
[2024-09-18T17:23:37.655-0500] {logging_mixin.py:190} INFO - [2024-09-18T17:23:37.655-0500] {dag.py:4156} INFO - Setting next_dagrun for example_branch_dop_operator_v3 to 2024-09-18 22:22:00+00:00, run_after=2024-09-18 22:23:00+00:00
[2024-09-18T17:23:37.665-0500] {processor.py:208} INFO - Processing /Users/binhpham/Projects/dbt_project/venv/lib/python3.9/site-packages/airflow/example_dags/example_branch_python_dop_operator_3.py took 0.148 seconds
[2024-09-18T17:27:36.132-0500] {processor.py:186} INFO - Started process (PID=20796) to work on /Users/binhpham/Projects/dbt_project/venv/lib/python3.9/site-packages/airflow/example_dags/example_branch_python_dop_operator_3.py
[2024-09-18T17:27:36.134-0500] {processor.py:914} INFO - Processing file /Users/binhpham/Projects/dbt_project/venv/lib/python3.9/site-packages/airflow/example_dags/example_branch_python_dop_operator_3.py for tasks to queue
[2024-09-18T17:27:36.135-0500] {logging_mixin.py:190} INFO - [2024-09-18T17:27:36.135-0500] {dagbag.py:587} INFO - Filling up the DagBag from /Users/binhpham/Projects/dbt_project/venv/lib/python3.9/site-packages/airflow/example_dags/example_branch_python_dop_operator_3.py
[2024-09-18T17:27:36.155-0500] {processor.py:925} INFO - DAG(s) 'example_branch_dop_operator_v3' retrieved from /Users/binhpham/Projects/dbt_project/venv/lib/python3.9/site-packages/airflow/example_dags/example_branch_python_dop_operator_3.py
[2024-09-18T17:27:36.209-0500] {logging_mixin.py:190} INFO - [2024-09-18T17:27:36.209-0500] {dag.py:3229} INFO - Sync 1 DAGs
[2024-09-18T17:27:36.222-0500] {logging_mixin.py:190} INFO - [2024-09-18T17:27:36.222-0500] {dag.py:4156} INFO - Setting next_dagrun for example_branch_dop_operator_v3 to 2024-09-18 22:26:00+00:00, run_after=2024-09-18 22:27:00+00:00
[2024-09-18T17:27:36.231-0500] {processor.py:208} INFO - Processing /Users/binhpham/Projects/dbt_project/venv/lib/python3.9/site-packages/airflow/example_dags/example_branch_python_dop_operator_3.py took 0.100 seconds
[2024-09-18T17:30:08.612-0500] {processor.py:186} INFO - Started process (PID=21830) to work on /Users/binhpham/Projects/dbt_project/venv/lib/python3.9/site-packages/airflow/example_dags/example_branch_python_dop_operator_3.py
[2024-09-18T17:30:08.614-0500] {processor.py:914} INFO - Processing file /Users/binhpham/Projects/dbt_project/venv/lib/python3.9/site-packages/airflow/example_dags/example_branch_python_dop_operator_3.py for tasks to queue
[2024-09-18T17:30:08.615-0500] {logging_mixin.py:190} INFO - [2024-09-18T17:30:08.615-0500] {dagbag.py:587} INFO - Filling up the DagBag from /Users/binhpham/Projects/dbt_project/venv/lib/python3.9/site-packages/airflow/example_dags/example_branch_python_dop_operator_3.py
[2024-09-18T17:30:08.634-0500] {processor.py:925} INFO - DAG(s) 'example_branch_dop_operator_v3' retrieved from /Users/binhpham/Projects/dbt_project/venv/lib/python3.9/site-packages/airflow/example_dags/example_branch_python_dop_operator_3.py
[2024-09-18T17:30:08.687-0500] {logging_mixin.py:190} INFO - [2024-09-18T17:30:08.687-0500] {dag.py:3229} INFO - Sync 1 DAGs
[2024-09-18T17:30:08.700-0500] {logging_mixin.py:190} INFO - [2024-09-18T17:30:08.700-0500] {dag.py:4156} INFO - Setting next_dagrun for example_branch_dop_operator_v3 to 2024-09-18 22:29:00+00:00, run_after=2024-09-18 22:30:00+00:00
[2024-09-18T17:30:08.710-0500] {processor.py:208} INFO - Processing /Users/binhpham/Projects/dbt_project/venv/lib/python3.9/site-packages/airflow/example_dags/example_branch_python_dop_operator_3.py took 0.099 seconds
[2024-09-18T17:32:55.515-0500] {processor.py:186} INFO - Started process (PID=22903) to work on /Users/binhpham/Projects/dbt_project/venv/lib/python3.9/site-packages/airflow/example_dags/example_branch_python_dop_operator_3.py
[2024-09-18T17:32:55.517-0500] {processor.py:914} INFO - Processing file /Users/binhpham/Projects/dbt_project/venv/lib/python3.9/site-packages/airflow/example_dags/example_branch_python_dop_operator_3.py for tasks to queue
[2024-09-18T17:32:55.517-0500] {logging_mixin.py:190} INFO - [2024-09-18T17:32:55.517-0500] {dagbag.py:587} INFO - Filling up the DagBag from /Users/binhpham/Projects/dbt_project/venv/lib/python3.9/site-packages/airflow/example_dags/example_branch_python_dop_operator_3.py
[2024-09-18T17:32:55.536-0500] {processor.py:925} INFO - DAG(s) 'example_branch_dop_operator_v3' retrieved from /Users/binhpham/Projects/dbt_project/venv/lib/python3.9/site-packages/airflow/example_dags/example_branch_python_dop_operator_3.py
[2024-09-18T17:32:55.589-0500] {logging_mixin.py:190} INFO - [2024-09-18T17:32:55.589-0500] {dag.py:3229} INFO - Sync 1 DAGs
[2024-09-18T17:32:55.603-0500] {logging_mixin.py:190} INFO - [2024-09-18T17:32:55.603-0500] {dag.py:4156} INFO - Setting next_dagrun for example_branch_dop_operator_v3 to 2024-09-18 22:31:00+00:00, run_after=2024-09-18 22:32:00+00:00
[2024-09-18T17:32:55.612-0500] {processor.py:208} INFO - Processing /Users/binhpham/Projects/dbt_project/venv/lib/python3.9/site-packages/airflow/example_dags/example_branch_python_dop_operator_3.py took 0.098 seconds
[2024-09-18T17:35:52.747-0500] {processor.py:186} INFO - Started process (PID=23757) to work on /Users/binhpham/Projects/dbt_project/venv/lib/python3.9/site-packages/airflow/example_dags/example_branch_python_dop_operator_3.py
[2024-09-18T17:35:52.749-0500] {processor.py:914} INFO - Processing file /Users/binhpham/Projects/dbt_project/venv/lib/python3.9/site-packages/airflow/example_dags/example_branch_python_dop_operator_3.py for tasks to queue
[2024-09-18T17:35:52.749-0500] {logging_mixin.py:190} INFO - [2024-09-18T17:35:52.749-0500] {dagbag.py:587} INFO - Filling up the DagBag from /Users/binhpham/Projects/dbt_project/venv/lib/python3.9/site-packages/airflow/example_dags/example_branch_python_dop_operator_3.py
[2024-09-18T17:35:52.769-0500] {processor.py:925} INFO - DAG(s) 'example_branch_dop_operator_v3' retrieved from /Users/binhpham/Projects/dbt_project/venv/lib/python3.9/site-packages/airflow/example_dags/example_branch_python_dop_operator_3.py
[2024-09-18T17:35:52.821-0500] {logging_mixin.py:190} INFO - [2024-09-18T17:35:52.821-0500] {dag.py:3229} INFO - Sync 1 DAGs
[2024-09-18T17:35:52.834-0500] {logging_mixin.py:190} INFO - [2024-09-18T17:35:52.834-0500] {dag.py:4156} INFO - Setting next_dagrun for example_branch_dop_operator_v3 to 2024-09-18 22:34:00+00:00, run_after=2024-09-18 22:35:00+00:00
[2024-09-18T17:35:52.843-0500] {processor.py:208} INFO - Processing /Users/binhpham/Projects/dbt_project/venv/lib/python3.9/site-packages/airflow/example_dags/example_branch_python_dop_operator_3.py took 0.098 seconds
[2024-09-18T17:38:38.632-0500] {processor.py:186} INFO - Started process (PID=24276) to work on /Users/binhpham/Projects/dbt_project/venv/lib/python3.9/site-packages/airflow/example_dags/example_branch_python_dop_operator_3.py
[2024-09-18T17:38:38.634-0500] {processor.py:914} INFO - Processing file /Users/binhpham/Projects/dbt_project/venv/lib/python3.9/site-packages/airflow/example_dags/example_branch_python_dop_operator_3.py for tasks to queue
[2024-09-18T17:38:38.634-0500] {logging_mixin.py:190} INFO - [2024-09-18T17:38:38.634-0500] {dagbag.py:587} INFO - Filling up the DagBag from /Users/binhpham/Projects/dbt_project/venv/lib/python3.9/site-packages/airflow/example_dags/example_branch_python_dop_operator_3.py
[2024-09-18T17:38:38.655-0500] {processor.py:925} INFO - DAG(s) 'example_branch_dop_operator_v3' retrieved from /Users/binhpham/Projects/dbt_project/venv/lib/python3.9/site-packages/airflow/example_dags/example_branch_python_dop_operator_3.py
[2024-09-18T17:38:38.708-0500] {logging_mixin.py:190} INFO - [2024-09-18T17:38:38.708-0500] {dag.py:3229} INFO - Sync 1 DAGs
[2024-09-18T17:38:38.721-0500] {logging_mixin.py:190} INFO - [2024-09-18T17:38:38.721-0500] {dag.py:4156} INFO - Setting next_dagrun for example_branch_dop_operator_v3 to 2024-09-18 22:37:00+00:00, run_after=2024-09-18 22:38:00+00:00
[2024-09-18T17:38:38.730-0500] {processor.py:208} INFO - Processing /Users/binhpham/Projects/dbt_project/venv/lib/python3.9/site-packages/airflow/example_dags/example_branch_python_dop_operator_3.py took 0.100 seconds
[2024-09-18T17:41:31.225-0500] {processor.py:186} INFO - Started process (PID=24824) to work on /Users/binhpham/Projects/dbt_project/venv/lib/python3.9/site-packages/airflow/example_dags/example_branch_python_dop_operator_3.py
[2024-09-18T17:41:31.227-0500] {processor.py:914} INFO - Processing file /Users/binhpham/Projects/dbt_project/venv/lib/python3.9/site-packages/airflow/example_dags/example_branch_python_dop_operator_3.py for tasks to queue
[2024-09-18T17:41:31.228-0500] {logging_mixin.py:190} INFO - [2024-09-18T17:41:31.227-0500] {dagbag.py:587} INFO - Filling up the DagBag from /Users/binhpham/Projects/dbt_project/venv/lib/python3.9/site-packages/airflow/example_dags/example_branch_python_dop_operator_3.py
[2024-09-18T17:41:31.248-0500] {processor.py:925} INFO - DAG(s) 'example_branch_dop_operator_v3' retrieved from /Users/binhpham/Projects/dbt_project/venv/lib/python3.9/site-packages/airflow/example_dags/example_branch_python_dop_operator_3.py
[2024-09-18T17:41:31.316-0500] {logging_mixin.py:190} INFO - [2024-09-18T17:41:31.315-0500] {dag.py:3229} INFO - Sync 1 DAGs
[2024-09-18T17:41:31.331-0500] {logging_mixin.py:190} INFO - [2024-09-18T17:41:31.331-0500] {dag.py:4156} INFO - Setting next_dagrun for example_branch_dop_operator_v3 to 2024-09-18 22:40:00+00:00, run_after=2024-09-18 22:41:00+00:00
[2024-09-18T17:41:31.341-0500] {processor.py:208} INFO - Processing /Users/binhpham/Projects/dbt_project/venv/lib/python3.9/site-packages/airflow/example_dags/example_branch_python_dop_operator_3.py took 0.118 seconds
[2024-09-18T17:44:20.996-0500] {processor.py:186} INFO - Started process (PID=25403) to work on /Users/binhpham/Projects/dbt_project/venv/lib/python3.9/site-packages/airflow/example_dags/example_branch_python_dop_operator_3.py
[2024-09-18T17:44:20.998-0500] {processor.py:914} INFO - Processing file /Users/binhpham/Projects/dbt_project/venv/lib/python3.9/site-packages/airflow/example_dags/example_branch_python_dop_operator_3.py for tasks to queue
[2024-09-18T17:44:20.999-0500] {logging_mixin.py:190} INFO - [2024-09-18T17:44:20.999-0500] {dagbag.py:587} INFO - Filling up the DagBag from /Users/binhpham/Projects/dbt_project/venv/lib/python3.9/site-packages/airflow/example_dags/example_branch_python_dop_operator_3.py
[2024-09-18T17:44:21.019-0500] {processor.py:925} INFO - DAG(s) 'example_branch_dop_operator_v3' retrieved from /Users/binhpham/Projects/dbt_project/venv/lib/python3.9/site-packages/airflow/example_dags/example_branch_python_dop_operator_3.py
[2024-09-18T17:44:21.074-0500] {logging_mixin.py:190} INFO - [2024-09-18T17:44:21.073-0500] {dag.py:3229} INFO - Sync 1 DAGs
[2024-09-18T17:44:21.087-0500] {logging_mixin.py:190} INFO - [2024-09-18T17:44:21.087-0500] {dag.py:4156} INFO - Setting next_dagrun for example_branch_dop_operator_v3 to 2024-09-18 22:43:00+00:00, run_after=2024-09-18 22:44:00+00:00
[2024-09-18T17:44:21.097-0500] {processor.py:208} INFO - Processing /Users/binhpham/Projects/dbt_project/venv/lib/python3.9/site-packages/airflow/example_dags/example_branch_python_dop_operator_3.py took 0.103 seconds
