[2024-09-18T16:53:25.649-0500] {processor.py:186} INFO - Started process (PID=12138) to work on /Users/binhpham/Library/Python/3.9/lib/python/site-packages/airflow/example_dags/example_bash_operator.py
[2024-09-18T16:53:25.651-0500] {processor.py:914} INFO - Processing file /Users/binhpham/Library/Python/3.9/lib/python/site-packages/airflow/example_dags/example_bash_operator.py for tasks to queue
[2024-09-18T16:53:25.651-0500] {logging_mixin.py:190} INFO - [2024-09-18T16:53:25.651-0500] {dagbag.py:587} INFO - Filling up the DagBag from /Users/binhpham/Library/Python/3.9/lib/python/site-packages/airflow/example_dags/example_bash_operator.py
[2024-09-18T16:53:25.659-0500] {processor.py:925} INFO - DAG(s) 'example_bash_operator' retrieved from /Users/binhpham/Library/Python/3.9/lib/python/site-packages/airflow/example_dags/example_bash_operator.py
[2024-09-18T16:53:25.719-0500] {logging_mixin.py:190} INFO - [2024-09-18T16:53:25.719-0500] {dag.py:3229} INFO - Sync 1 DAGs
[2024-09-18T16:53:25.729-0500] {logging_mixin.py:190} INFO - [2024-09-18T16:53:25.729-0500] {dag.py:4156} INFO - Setting next_dagrun for example_bash_operator to 2024-09-17 00:00:00+00:00, run_after=2024-09-18 00:00:00+00:00
[2024-09-18T16:53:25.739-0500] {processor.py:208} INFO - Processing /Users/binhpham/Library/Python/3.9/lib/python/site-packages/airflow/example_dags/example_bash_operator.py took 0.091 seconds
[2024-09-18T16:58:28.394-0500] {processor.py:186} INFO - Started process (PID=13170) to work on /Users/binhpham/Library/Python/3.9/lib/python/site-packages/airflow/example_dags/example_bash_operator.py
[2024-09-18T16:58:28.397-0500] {processor.py:914} INFO - Processing file /Users/binhpham/Library/Python/3.9/lib/python/site-packages/airflow/example_dags/example_bash_operator.py for tasks to queue
[2024-09-18T16:58:28.397-0500] {logging_mixin.py:190} INFO - [2024-09-18T16:58:28.397-0500] {dagbag.py:587} INFO - Filling up the DagBag from /Users/binhpham/Library/Python/3.9/lib/python/site-packages/airflow/example_dags/example_bash_operator.py
[2024-09-18T16:58:28.404-0500] {processor.py:925} INFO - DAG(s) 'example_bash_operator' retrieved from /Users/binhpham/Library/Python/3.9/lib/python/site-packages/airflow/example_dags/example_bash_operator.py
[2024-09-18T16:58:28.467-0500] {logging_mixin.py:190} INFO - [2024-09-18T16:58:28.466-0500] {dag.py:3229} INFO - Sync 1 DAGs
[2024-09-18T16:58:28.477-0500] {logging_mixin.py:190} INFO - [2024-09-18T16:58:28.477-0500] {dag.py:4156} INFO - Setting next_dagrun for example_bash_operator to 2024-09-17 00:00:00+00:00, run_after=2024-09-18 00:00:00+00:00
[2024-09-18T16:58:28.488-0500] {processor.py:208} INFO - Processing /Users/binhpham/Library/Python/3.9/lib/python/site-packages/airflow/example_dags/example_bash_operator.py took 0.095 seconds
[2024-09-18T17:01:25.501-0500] {processor.py:186} INFO - Started process (PID=13738) to work on /Users/binhpham/Library/Python/3.9/lib/python/site-packages/airflow/example_dags/example_bash_operator.py
[2024-09-18T17:01:25.503-0500] {processor.py:914} INFO - Processing file /Users/binhpham/Library/Python/3.9/lib/python/site-packages/airflow/example_dags/example_bash_operator.py for tasks to queue
[2024-09-18T17:01:25.504-0500] {logging_mixin.py:190} INFO - [2024-09-18T17:01:25.504-0500] {dagbag.py:587} INFO - Filling up the DagBag from /Users/binhpham/Library/Python/3.9/lib/python/site-packages/airflow/example_dags/example_bash_operator.py
[2024-09-18T17:01:25.510-0500] {processor.py:925} INFO - DAG(s) 'example_bash_operator' retrieved from /Users/binhpham/Library/Python/3.9/lib/python/site-packages/airflow/example_dags/example_bash_operator.py
[2024-09-18T17:01:25.571-0500] {logging_mixin.py:190} INFO - [2024-09-18T17:01:25.570-0500] {dag.py:3229} INFO - Sync 1 DAGs
[2024-09-18T17:01:25.581-0500] {logging_mixin.py:190} INFO - [2024-09-18T17:01:25.581-0500] {dag.py:4156} INFO - Setting next_dagrun for example_bash_operator to 2024-09-17 00:00:00+00:00, run_after=2024-09-18 00:00:00+00:00
[2024-09-18T17:01:25.591-0500] {processor.py:208} INFO - Processing /Users/binhpham/Library/Python/3.9/lib/python/site-packages/airflow/example_dags/example_bash_operator.py took 0.091 seconds
[2024-09-18T17:04:19.686-0500] {processor.py:186} INFO - Started process (PID=14341) to work on /Users/binhpham/Library/Python/3.9/lib/python/site-packages/airflow/example_dags/example_bash_operator.py
[2024-09-18T17:04:19.688-0500] {processor.py:914} INFO - Processing file /Users/binhpham/Library/Python/3.9/lib/python/site-packages/airflow/example_dags/example_bash_operator.py for tasks to queue
[2024-09-18T17:04:19.688-0500] {logging_mixin.py:190} INFO - [2024-09-18T17:04:19.688-0500] {dagbag.py:587} INFO - Filling up the DagBag from /Users/binhpham/Library/Python/3.9/lib/python/site-packages/airflow/example_dags/example_bash_operator.py
[2024-09-18T17:04:19.695-0500] {processor.py:925} INFO - DAG(s) 'example_bash_operator' retrieved from /Users/binhpham/Library/Python/3.9/lib/python/site-packages/airflow/example_dags/example_bash_operator.py
[2024-09-18T17:04:19.756-0500] {logging_mixin.py:190} INFO - [2024-09-18T17:04:19.756-0500] {dag.py:3229} INFO - Sync 1 DAGs
[2024-09-18T17:04:19.766-0500] {logging_mixin.py:190} INFO - [2024-09-18T17:04:19.766-0500] {dag.py:4156} INFO - Setting next_dagrun for example_bash_operator to 2024-09-17 00:00:00+00:00, run_after=2024-09-18 00:00:00+00:00
[2024-09-18T17:04:19.775-0500] {processor.py:208} INFO - Processing /Users/binhpham/Library/Python/3.9/lib/python/site-packages/airflow/example_dags/example_bash_operator.py took 0.091 seconds
[2024-09-18T17:07:07.106-0500] {processor.py:186} INFO - Started process (PID=14981) to work on /Users/binhpham/Library/Python/3.9/lib/python/site-packages/airflow/example_dags/example_bash_operator.py
[2024-09-18T17:07:07.108-0500] {processor.py:914} INFO - Processing file /Users/binhpham/Library/Python/3.9/lib/python/site-packages/airflow/example_dags/example_bash_operator.py for tasks to queue
[2024-09-18T17:07:07.108-0500] {logging_mixin.py:190} INFO - [2024-09-18T17:07:07.108-0500] {dagbag.py:587} INFO - Filling up the DagBag from /Users/binhpham/Library/Python/3.9/lib/python/site-packages/airflow/example_dags/example_bash_operator.py
[2024-09-18T17:07:07.115-0500] {processor.py:925} INFO - DAG(s) 'example_bash_operator' retrieved from /Users/binhpham/Library/Python/3.9/lib/python/site-packages/airflow/example_dags/example_bash_operator.py
[2024-09-18T17:07:07.174-0500] {logging_mixin.py:190} INFO - [2024-09-18T17:07:07.174-0500] {dag.py:3229} INFO - Sync 1 DAGs
[2024-09-18T17:07:07.184-0500] {logging_mixin.py:190} INFO - [2024-09-18T17:07:07.184-0500] {dag.py:4156} INFO - Setting next_dagrun for example_bash_operator to 2024-09-17 00:00:00+00:00, run_after=2024-09-18 00:00:00+00:00
[2024-09-18T17:07:07.195-0500] {processor.py:208} INFO - Processing /Users/binhpham/Library/Python/3.9/lib/python/site-packages/airflow/example_dags/example_bash_operator.py took 0.090 seconds
[2024-09-18T17:10:05.592-0500] {processor.py:186} INFO - Started process (PID=15586) to work on /Users/binhpham/Library/Python/3.9/lib/python/site-packages/airflow/example_dags/example_bash_operator.py
[2024-09-18T17:10:05.593-0500] {processor.py:914} INFO - Processing file /Users/binhpham/Library/Python/3.9/lib/python/site-packages/airflow/example_dags/example_bash_operator.py for tasks to queue
[2024-09-18T17:10:05.594-0500] {logging_mixin.py:190} INFO - [2024-09-18T17:10:05.594-0500] {dagbag.py:587} INFO - Filling up the DagBag from /Users/binhpham/Library/Python/3.9/lib/python/site-packages/airflow/example_dags/example_bash_operator.py
[2024-09-18T17:10:05.600-0500] {processor.py:925} INFO - DAG(s) 'example_bash_operator' retrieved from /Users/binhpham/Library/Python/3.9/lib/python/site-packages/airflow/example_dags/example_bash_operator.py
[2024-09-18T17:10:05.660-0500] {logging_mixin.py:190} INFO - [2024-09-18T17:10:05.660-0500] {dag.py:3229} INFO - Sync 1 DAGs
[2024-09-18T17:10:05.670-0500] {logging_mixin.py:190} INFO - [2024-09-18T17:10:05.670-0500] {dag.py:4156} INFO - Setting next_dagrun for example_bash_operator to 2024-09-17 00:00:00+00:00, run_after=2024-09-18 00:00:00+00:00
[2024-09-18T17:10:05.680-0500] {processor.py:208} INFO - Processing /Users/binhpham/Library/Python/3.9/lib/python/site-packages/airflow/example_dags/example_bash_operator.py took 0.089 seconds
[2024-09-18T17:13:02.296-0500] {processor.py:186} INFO - Started process (PID=16222) to work on /Users/binhpham/Library/Python/3.9/lib/python/site-packages/airflow/example_dags/example_bash_operator.py
[2024-09-18T17:13:02.298-0500] {processor.py:914} INFO - Processing file /Users/binhpham/Library/Python/3.9/lib/python/site-packages/airflow/example_dags/example_bash_operator.py for tasks to queue
[2024-09-18T17:13:02.298-0500] {logging_mixin.py:190} INFO - [2024-09-18T17:13:02.298-0500] {dagbag.py:587} INFO - Filling up the DagBag from /Users/binhpham/Library/Python/3.9/lib/python/site-packages/airflow/example_dags/example_bash_operator.py
[2024-09-18T17:13:02.304-0500] {processor.py:925} INFO - DAG(s) 'example_bash_operator' retrieved from /Users/binhpham/Library/Python/3.9/lib/python/site-packages/airflow/example_dags/example_bash_operator.py
[2024-09-18T17:13:02.362-0500] {logging_mixin.py:190} INFO - [2024-09-18T17:13:02.362-0500] {dag.py:3229} INFO - Sync 1 DAGs
[2024-09-18T17:13:02.372-0500] {logging_mixin.py:190} INFO - [2024-09-18T17:13:02.371-0500] {dag.py:4156} INFO - Setting next_dagrun for example_bash_operator to 2024-09-17 00:00:00+00:00, run_after=2024-09-18 00:00:00+00:00
[2024-09-18T17:13:02.381-0500] {processor.py:208} INFO - Processing /Users/binhpham/Library/Python/3.9/lib/python/site-packages/airflow/example_dags/example_bash_operator.py took 0.087 seconds
[2024-09-18T17:16:51.604-0500] {processor.py:186} INFO - Started process (PID=17194) to work on /Users/binhpham/Library/Python/3.9/lib/python/site-packages/airflow/example_dags/example_bash_operator.py
[2024-09-18T17:16:51.606-0500] {processor.py:914} INFO - Processing file /Users/binhpham/Library/Python/3.9/lib/python/site-packages/airflow/example_dags/example_bash_operator.py for tasks to queue
[2024-09-18T17:16:51.607-0500] {logging_mixin.py:190} INFO - [2024-09-18T17:16:51.607-0500] {dagbag.py:587} INFO - Filling up the DagBag from /Users/binhpham/Library/Python/3.9/lib/python/site-packages/airflow/example_dags/example_bash_operator.py
[2024-09-18T17:16:51.614-0500] {processor.py:925} INFO - DAG(s) 'example_bash_operator' retrieved from /Users/binhpham/Library/Python/3.9/lib/python/site-packages/airflow/example_dags/example_bash_operator.py
[2024-09-18T17:16:51.673-0500] {logging_mixin.py:190} INFO - [2024-09-18T17:16:51.673-0500] {dag.py:3229} INFO - Sync 1 DAGs
[2024-09-18T17:16:51.682-0500] {logging_mixin.py:190} INFO - [2024-09-18T17:16:51.682-0500] {dag.py:4156} INFO - Setting next_dagrun for example_bash_operator to 2024-09-17 00:00:00+00:00, run_after=2024-09-18 00:00:00+00:00
[2024-09-18T17:16:51.692-0500] {processor.py:208} INFO - Processing /Users/binhpham/Library/Python/3.9/lib/python/site-packages/airflow/example_dags/example_bash_operator.py took 0.090 seconds
[2024-09-18T17:19:50.910-0500] {processor.py:186} INFO - Started process (PID=18369) to work on /Users/binhpham/Library/Python/3.9/lib/python/site-packages/airflow/example_dags/example_bash_operator.py
[2024-09-18T17:19:50.913-0500] {processor.py:914} INFO - Processing file /Users/binhpham/Library/Python/3.9/lib/python/site-packages/airflow/example_dags/example_bash_operator.py for tasks to queue
[2024-09-18T17:19:50.914-0500] {logging_mixin.py:190} INFO - [2024-09-18T17:19:50.914-0500] {dagbag.py:587} INFO - Filling up the DagBag from /Users/binhpham/Library/Python/3.9/lib/python/site-packages/airflow/example_dags/example_bash_operator.py
[2024-09-18T17:19:50.921-0500] {processor.py:925} INFO - DAG(s) 'example_bash_operator' retrieved from /Users/binhpham/Library/Python/3.9/lib/python/site-packages/airflow/example_dags/example_bash_operator.py
[2024-09-18T17:19:50.985-0500] {logging_mixin.py:190} INFO - [2024-09-18T17:19:50.985-0500] {dag.py:3229} INFO - Sync 1 DAGs
[2024-09-18T17:19:50.994-0500] {logging_mixin.py:190} INFO - [2024-09-18T17:19:50.994-0500] {dag.py:4156} INFO - Setting next_dagrun for example_bash_operator to 2024-09-17 00:00:00+00:00, run_after=2024-09-18 00:00:00+00:00
[2024-09-18T17:19:51.005-0500] {processor.py:208} INFO - Processing /Users/binhpham/Library/Python/3.9/lib/python/site-packages/airflow/example_dags/example_bash_operator.py took 0.097 seconds
[2024-09-18T17:23:49.673-0500] {processor.py:186} INFO - Started process (PID=19819) to work on /Users/binhpham/Projects/dbt_project/venv/lib/python3.9/site-packages/airflow/example_dags/example_bash_operator.py
[2024-09-18T17:23:49.675-0500] {processor.py:914} INFO - Processing file /Users/binhpham/Projects/dbt_project/venv/lib/python3.9/site-packages/airflow/example_dags/example_bash_operator.py for tasks to queue
[2024-09-18T17:23:49.676-0500] {logging_mixin.py:190} INFO - [2024-09-18T17:23:49.676-0500] {dagbag.py:587} INFO - Filling up the DagBag from /Users/binhpham/Projects/dbt_project/venv/lib/python3.9/site-packages/airflow/example_dags/example_bash_operator.py
[2024-09-18T17:23:49.683-0500] {processor.py:925} INFO - DAG(s) 'example_bash_operator' retrieved from /Users/binhpham/Projects/dbt_project/venv/lib/python3.9/site-packages/airflow/example_dags/example_bash_operator.py
[2024-09-18T17:23:49.790-0500] {logging_mixin.py:190} INFO - [2024-09-18T17:23:49.790-0500] {dag.py:3229} INFO - Sync 1 DAGs
[2024-09-18T17:23:49.799-0500] {logging_mixin.py:190} INFO - [2024-09-18T17:23:49.799-0500] {dag.py:4156} INFO - Setting next_dagrun for example_bash_operator to 2024-09-17 00:00:00+00:00, run_after=2024-09-18 00:00:00+00:00
[2024-09-18T17:23:49.811-0500] {processor.py:208} INFO - Processing /Users/binhpham/Projects/dbt_project/venv/lib/python3.9/site-packages/airflow/example_dags/example_bash_operator.py took 0.140 seconds
[2024-09-18T17:27:47.937-0500] {processor.py:186} INFO - Started process (PID=20848) to work on /Users/binhpham/Projects/dbt_project/venv/lib/python3.9/site-packages/airflow/example_dags/example_bash_operator.py
[2024-09-18T17:27:47.939-0500] {processor.py:914} INFO - Processing file /Users/binhpham/Projects/dbt_project/venv/lib/python3.9/site-packages/airflow/example_dags/example_bash_operator.py for tasks to queue
[2024-09-18T17:27:47.940-0500] {logging_mixin.py:190} INFO - [2024-09-18T17:27:47.940-0500] {dagbag.py:587} INFO - Filling up the DagBag from /Users/binhpham/Projects/dbt_project/venv/lib/python3.9/site-packages/airflow/example_dags/example_bash_operator.py
[2024-09-18T17:27:47.948-0500] {processor.py:925} INFO - DAG(s) 'example_bash_operator' retrieved from /Users/binhpham/Projects/dbt_project/venv/lib/python3.9/site-packages/airflow/example_dags/example_bash_operator.py
[2024-09-18T17:27:48.012-0500] {logging_mixin.py:190} INFO - [2024-09-18T17:27:48.012-0500] {dag.py:3229} INFO - Sync 1 DAGs
[2024-09-18T17:27:48.023-0500] {logging_mixin.py:190} INFO - [2024-09-18T17:27:48.023-0500] {dag.py:4156} INFO - Setting next_dagrun for example_bash_operator to 2024-09-17 00:00:00+00:00, run_after=2024-09-18 00:00:00+00:00
[2024-09-18T17:27:48.033-0500] {processor.py:208} INFO - Processing /Users/binhpham/Projects/dbt_project/venv/lib/python3.9/site-packages/airflow/example_dags/example_bash_operator.py took 0.098 seconds
[2024-09-18T17:30:20.952-0500] {processor.py:186} INFO - Started process (PID=21867) to work on /Users/binhpham/Projects/dbt_project/venv/lib/python3.9/site-packages/airflow/example_dags/example_bash_operator.py
[2024-09-18T17:30:20.954-0500] {processor.py:914} INFO - Processing file /Users/binhpham/Projects/dbt_project/venv/lib/python3.9/site-packages/airflow/example_dags/example_bash_operator.py for tasks to queue
[2024-09-18T17:30:20.955-0500] {logging_mixin.py:190} INFO - [2024-09-18T17:30:20.955-0500] {dagbag.py:587} INFO - Filling up the DagBag from /Users/binhpham/Projects/dbt_project/venv/lib/python3.9/site-packages/airflow/example_dags/example_bash_operator.py
[2024-09-18T17:30:20.961-0500] {processor.py:925} INFO - DAG(s) 'example_bash_operator' retrieved from /Users/binhpham/Projects/dbt_project/venv/lib/python3.9/site-packages/airflow/example_dags/example_bash_operator.py
[2024-09-18T17:30:21.021-0500] {logging_mixin.py:190} INFO - [2024-09-18T17:30:21.020-0500] {dag.py:3229} INFO - Sync 1 DAGs
[2024-09-18T17:30:21.030-0500] {logging_mixin.py:190} INFO - [2024-09-18T17:30:21.030-0500] {dag.py:4156} INFO - Setting next_dagrun for example_bash_operator to 2024-09-17 00:00:00+00:00, run_after=2024-09-18 00:00:00+00:00
[2024-09-18T17:30:21.039-0500] {processor.py:208} INFO - Processing /Users/binhpham/Projects/dbt_project/venv/lib/python3.9/site-packages/airflow/example_dags/example_bash_operator.py took 0.089 seconds
[2024-09-18T17:33:09.802-0500] {processor.py:186} INFO - Started process (PID=22947) to work on /Users/binhpham/Projects/dbt_project/venv/lib/python3.9/site-packages/airflow/example_dags/example_bash_operator.py
[2024-09-18T17:33:09.805-0500] {processor.py:914} INFO - Processing file /Users/binhpham/Projects/dbt_project/venv/lib/python3.9/site-packages/airflow/example_dags/example_bash_operator.py for tasks to queue
[2024-09-18T17:33:09.805-0500] {logging_mixin.py:190} INFO - [2024-09-18T17:33:09.805-0500] {dagbag.py:587} INFO - Filling up the DagBag from /Users/binhpham/Projects/dbt_project/venv/lib/python3.9/site-packages/airflow/example_dags/example_bash_operator.py
[2024-09-18T17:33:09.812-0500] {processor.py:925} INFO - DAG(s) 'example_bash_operator' retrieved from /Users/binhpham/Projects/dbt_project/venv/lib/python3.9/site-packages/airflow/example_dags/example_bash_operator.py
[2024-09-18T17:33:09.870-0500] {logging_mixin.py:190} INFO - [2024-09-18T17:33:09.870-0500] {dag.py:3229} INFO - Sync 1 DAGs
[2024-09-18T17:33:09.880-0500] {logging_mixin.py:190} INFO - [2024-09-18T17:33:09.880-0500] {dag.py:4156} INFO - Setting next_dagrun for example_bash_operator to 2024-09-17 00:00:00+00:00, run_after=2024-09-18 00:00:00+00:00
[2024-09-18T17:33:09.889-0500] {processor.py:208} INFO - Processing /Users/binhpham/Projects/dbt_project/venv/lib/python3.9/site-packages/airflow/example_dags/example_bash_operator.py took 0.088 seconds
[2024-09-18T17:36:04.948-0500] {processor.py:186} INFO - Started process (PID=23796) to work on /Users/binhpham/Projects/dbt_project/venv/lib/python3.9/site-packages/airflow/example_dags/example_bash_operator.py
[2024-09-18T17:36:04.950-0500] {processor.py:914} INFO - Processing file /Users/binhpham/Projects/dbt_project/venv/lib/python3.9/site-packages/airflow/example_dags/example_bash_operator.py for tasks to queue
[2024-09-18T17:36:04.951-0500] {logging_mixin.py:190} INFO - [2024-09-18T17:36:04.951-0500] {dagbag.py:587} INFO - Filling up the DagBag from /Users/binhpham/Projects/dbt_project/venv/lib/python3.9/site-packages/airflow/example_dags/example_bash_operator.py
[2024-09-18T17:36:04.957-0500] {processor.py:925} INFO - DAG(s) 'example_bash_operator' retrieved from /Users/binhpham/Projects/dbt_project/venv/lib/python3.9/site-packages/airflow/example_dags/example_bash_operator.py
[2024-09-18T17:36:05.019-0500] {logging_mixin.py:190} INFO - [2024-09-18T17:36:05.019-0500] {dag.py:3229} INFO - Sync 1 DAGs
[2024-09-18T17:36:05.029-0500] {logging_mixin.py:190} INFO - [2024-09-18T17:36:05.029-0500] {dag.py:4156} INFO - Setting next_dagrun for example_bash_operator to 2024-09-17 00:00:00+00:00, run_after=2024-09-18 00:00:00+00:00
[2024-09-18T17:36:05.039-0500] {processor.py:208} INFO - Processing /Users/binhpham/Projects/dbt_project/venv/lib/python3.9/site-packages/airflow/example_dags/example_bash_operator.py took 0.093 seconds
[2024-09-18T17:38:50.970-0500] {processor.py:186} INFO - Started process (PID=24314) to work on /Users/binhpham/Projects/dbt_project/venv/lib/python3.9/site-packages/airflow/example_dags/example_bash_operator.py
[2024-09-18T17:38:50.971-0500] {processor.py:914} INFO - Processing file /Users/binhpham/Projects/dbt_project/venv/lib/python3.9/site-packages/airflow/example_dags/example_bash_operator.py for tasks to queue
[2024-09-18T17:38:50.972-0500] {logging_mixin.py:190} INFO - [2024-09-18T17:38:50.972-0500] {dagbag.py:587} INFO - Filling up the DagBag from /Users/binhpham/Projects/dbt_project/venv/lib/python3.9/site-packages/airflow/example_dags/example_bash_operator.py
[2024-09-18T17:38:50.979-0500] {processor.py:925} INFO - DAG(s) 'example_bash_operator' retrieved from /Users/binhpham/Projects/dbt_project/venv/lib/python3.9/site-packages/airflow/example_dags/example_bash_operator.py
[2024-09-18T17:38:51.043-0500] {logging_mixin.py:190} INFO - [2024-09-18T17:38:51.043-0500] {dag.py:3229} INFO - Sync 1 DAGs
[2024-09-18T17:38:51.053-0500] {logging_mixin.py:190} INFO - [2024-09-18T17:38:51.053-0500] {dag.py:4156} INFO - Setting next_dagrun for example_bash_operator to 2024-09-17 00:00:00+00:00, run_after=2024-09-18 00:00:00+00:00
[2024-09-18T17:38:51.063-0500] {processor.py:208} INFO - Processing /Users/binhpham/Projects/dbt_project/venv/lib/python3.9/site-packages/airflow/example_dags/example_bash_operator.py took 0.095 seconds
[2024-09-18T17:41:43.521-0500] {processor.py:186} INFO - Started process (PID=24861) to work on /Users/binhpham/Projects/dbt_project/venv/lib/python3.9/site-packages/airflow/example_dags/example_bash_operator.py
[2024-09-18T17:41:43.523-0500] {processor.py:914} INFO - Processing file /Users/binhpham/Projects/dbt_project/venv/lib/python3.9/site-packages/airflow/example_dags/example_bash_operator.py for tasks to queue
[2024-09-18T17:41:43.524-0500] {logging_mixin.py:190} INFO - [2024-09-18T17:41:43.524-0500] {dagbag.py:587} INFO - Filling up the DagBag from /Users/binhpham/Projects/dbt_project/venv/lib/python3.9/site-packages/airflow/example_dags/example_bash_operator.py
[2024-09-18T17:41:43.531-0500] {processor.py:925} INFO - DAG(s) 'example_bash_operator' retrieved from /Users/binhpham/Projects/dbt_project/venv/lib/python3.9/site-packages/airflow/example_dags/example_bash_operator.py
[2024-09-18T17:41:43.593-0500] {logging_mixin.py:190} INFO - [2024-09-18T17:41:43.593-0500] {dag.py:3229} INFO - Sync 1 DAGs
[2024-09-18T17:41:43.603-0500] {logging_mixin.py:190} INFO - [2024-09-18T17:41:43.603-0500] {dag.py:4156} INFO - Setting next_dagrun for example_bash_operator to 2024-09-17 00:00:00+00:00, run_after=2024-09-18 00:00:00+00:00
[2024-09-18T17:41:43.612-0500] {processor.py:208} INFO - Processing /Users/binhpham/Projects/dbt_project/venv/lib/python3.9/site-packages/airflow/example_dags/example_bash_operator.py took 0.093 seconds
[2024-09-18T17:44:32.933-0500] {processor.py:186} INFO - Started process (PID=25442) to work on /Users/binhpham/Projects/dbt_project/venv/lib/python3.9/site-packages/airflow/example_dags/example_bash_operator.py
[2024-09-18T17:44:32.936-0500] {processor.py:914} INFO - Processing file /Users/binhpham/Projects/dbt_project/venv/lib/python3.9/site-packages/airflow/example_dags/example_bash_operator.py for tasks to queue
[2024-09-18T17:44:32.936-0500] {logging_mixin.py:190} INFO - [2024-09-18T17:44:32.936-0500] {dagbag.py:587} INFO - Filling up the DagBag from /Users/binhpham/Projects/dbt_project/venv/lib/python3.9/site-packages/airflow/example_dags/example_bash_operator.py
[2024-09-18T17:44:32.943-0500] {processor.py:925} INFO - DAG(s) 'example_bash_operator' retrieved from /Users/binhpham/Projects/dbt_project/venv/lib/python3.9/site-packages/airflow/example_dags/example_bash_operator.py
[2024-09-18T17:44:33.003-0500] {logging_mixin.py:190} INFO - [2024-09-18T17:44:33.003-0500] {dag.py:3229} INFO - Sync 1 DAGs
[2024-09-18T17:44:33.013-0500] {logging_mixin.py:190} INFO - [2024-09-18T17:44:33.013-0500] {dag.py:4156} INFO - Setting next_dagrun for example_bash_operator to 2024-09-17 00:00:00+00:00, run_after=2024-09-18 00:00:00+00:00
[2024-09-18T17:44:33.022-0500] {processor.py:208} INFO - Processing /Users/binhpham/Projects/dbt_project/venv/lib/python3.9/site-packages/airflow/example_dags/example_bash_operator.py took 0.090 seconds
