[2024-09-18T16:52:00.383-0500] {processor.py:186} INFO - Started process (PID=11785) to work on /Users/binhpham/Library/Python/3.9/lib/python/site-packages/airflow/example_dags/example_trigger_controller_dag.py
[2024-09-18T16:52:00.385-0500] {processor.py:914} INFO - Processing file /Users/binhpham/Library/Python/3.9/lib/python/site-packages/airflow/example_dags/example_trigger_controller_dag.py for tasks to queue
[2024-09-18T16:52:00.385-0500] {logging_mixin.py:190} INFO - [2024-09-18T16:52:00.385-0500] {dagbag.py:587} INFO - Filling up the DagBag from /Users/binhpham/Library/Python/3.9/lib/python/site-packages/airflow/example_dags/example_trigger_controller_dag.py
[2024-09-18T16:52:00.391-0500] {processor.py:925} INFO - DAG(s) 'example_trigger_controller_dag' retrieved from /Users/binhpham/Library/Python/3.9/lib/python/site-packages/airflow/example_dags/example_trigger_controller_dag.py
[2024-09-18T16:52:00.446-0500] {logging_mixin.py:190} INFO - [2024-09-18T16:52:00.446-0500] {dag.py:3229} INFO - Sync 1 DAGs
[2024-09-18T16:52:00.456-0500] {logging_mixin.py:190} INFO - [2024-09-18T16:52:00.456-0500] {dag.py:4156} INFO - Setting next_dagrun for example_trigger_controller_dag to 2021-01-01 00:00:00+00:00, run_after=2021-01-01 00:00:00+00:00
[2024-09-18T16:52:00.466-0500] {processor.py:208} INFO - Processing /Users/binhpham/Library/Python/3.9/lib/python/site-packages/airflow/example_dags/example_trigger_controller_dag.py took 0.085 seconds
[2024-09-18T16:53:58.174-0500] {processor.py:186} INFO - Started process (PID=12253) to work on /Users/binhpham/Library/Python/3.9/lib/python/site-packages/airflow/example_dags/example_trigger_controller_dag.py
[2024-09-18T16:53:58.177-0500] {processor.py:914} INFO - Processing file /Users/binhpham/Library/Python/3.9/lib/python/site-packages/airflow/example_dags/example_trigger_controller_dag.py for tasks to queue
[2024-09-18T16:53:58.177-0500] {logging_mixin.py:190} INFO - [2024-09-18T16:53:58.177-0500] {dagbag.py:587} INFO - Filling up the DagBag from /Users/binhpham/Library/Python/3.9/lib/python/site-packages/airflow/example_dags/example_trigger_controller_dag.py
[2024-09-18T16:53:58.183-0500] {processor.py:925} INFO - DAG(s) 'example_trigger_controller_dag' retrieved from /Users/binhpham/Library/Python/3.9/lib/python/site-packages/airflow/example_dags/example_trigger_controller_dag.py
[2024-09-18T16:53:58.234-0500] {logging_mixin.py:190} INFO - [2024-09-18T16:53:58.234-0500] {dag.py:3229} INFO - Sync 1 DAGs
[2024-09-18T16:53:58.242-0500] {logging_mixin.py:190} INFO - [2024-09-18T16:53:58.242-0500] {dag.py:4156} INFO - Setting next_dagrun for example_trigger_controller_dag to 2021-01-01 00:00:00+00:00, run_after=2021-01-01 00:00:00+00:00
[2024-09-18T16:53:58.252-0500] {processor.py:208} INFO - Processing /Users/binhpham/Library/Python/3.9/lib/python/site-packages/airflow/example_dags/example_trigger_controller_dag.py took 0.079 seconds
[2024-09-18T16:57:00.379-0500] {processor.py:186} INFO - Started process (PID=12872) to work on /Users/binhpham/Library/Python/3.9/lib/python/site-packages/airflow/example_dags/example_trigger_controller_dag.py
[2024-09-18T16:57:00.382-0500] {processor.py:914} INFO - Processing file /Users/binhpham/Library/Python/3.9/lib/python/site-packages/airflow/example_dags/example_trigger_controller_dag.py for tasks to queue
[2024-09-18T16:57:00.382-0500] {logging_mixin.py:190} INFO - [2024-09-18T16:57:00.382-0500] {dagbag.py:587} INFO - Filling up the DagBag from /Users/binhpham/Library/Python/3.9/lib/python/site-packages/airflow/example_dags/example_trigger_controller_dag.py
[2024-09-18T16:57:00.388-0500] {processor.py:925} INFO - DAG(s) 'example_trigger_controller_dag' retrieved from /Users/binhpham/Library/Python/3.9/lib/python/site-packages/airflow/example_dags/example_trigger_controller_dag.py
[2024-09-18T16:57:00.442-0500] {logging_mixin.py:190} INFO - [2024-09-18T16:57:00.442-0500] {dag.py:3229} INFO - Sync 1 DAGs
[2024-09-18T16:57:00.451-0500] {logging_mixin.py:190} INFO - [2024-09-18T16:57:00.451-0500] {dag.py:4156} INFO - Setting next_dagrun for example_trigger_controller_dag to 2021-01-01 00:00:00+00:00, run_after=2021-01-01 00:00:00+00:00
[2024-09-18T16:57:00.463-0500] {processor.py:208} INFO - Processing /Users/binhpham/Library/Python/3.9/lib/python/site-packages/airflow/example_dags/example_trigger_controller_dag.py took 0.085 seconds
[2024-09-18T16:59:02.606-0500] {processor.py:186} INFO - Started process (PID=13271) to work on /Users/binhpham/Library/Python/3.9/lib/python/site-packages/airflow/example_dags/example_trigger_controller_dag.py
[2024-09-18T16:59:02.609-0500] {processor.py:914} INFO - Processing file /Users/binhpham/Library/Python/3.9/lib/python/site-packages/airflow/example_dags/example_trigger_controller_dag.py for tasks to queue
[2024-09-18T16:59:02.609-0500] {logging_mixin.py:190} INFO - [2024-09-18T16:59:02.609-0500] {dagbag.py:587} INFO - Filling up the DagBag from /Users/binhpham/Library/Python/3.9/lib/python/site-packages/airflow/example_dags/example_trigger_controller_dag.py
[2024-09-18T16:59:02.615-0500] {processor.py:925} INFO - DAG(s) 'example_trigger_controller_dag' retrieved from /Users/binhpham/Library/Python/3.9/lib/python/site-packages/airflow/example_dags/example_trigger_controller_dag.py
[2024-09-18T16:59:02.672-0500] {logging_mixin.py:190} INFO - [2024-09-18T16:59:02.672-0500] {dag.py:3229} INFO - Sync 1 DAGs
[2024-09-18T16:59:02.682-0500] {logging_mixin.py:190} INFO - [2024-09-18T16:59:02.681-0500] {dag.py:4156} INFO - Setting next_dagrun for example_trigger_controller_dag to 2021-01-01 00:00:00+00:00, run_after=2021-01-01 00:00:00+00:00
[2024-09-18T16:59:02.692-0500] {processor.py:208} INFO - Processing /Users/binhpham/Library/Python/3.9/lib/python/site-packages/airflow/example_dags/example_trigger_controller_dag.py took 0.088 seconds
[2024-09-18T17:00:32.596-0500] {processor.py:186} INFO - Started process (PID=13570) to work on /Users/binhpham/Library/Python/3.9/lib/python/site-packages/airflow/example_dags/example_trigger_controller_dag.py
[2024-09-18T17:00:32.598-0500] {processor.py:914} INFO - Processing file /Users/binhpham/Library/Python/3.9/lib/python/site-packages/airflow/example_dags/example_trigger_controller_dag.py for tasks to queue
[2024-09-18T17:00:32.598-0500] {logging_mixin.py:190} INFO - [2024-09-18T17:00:32.598-0500] {dagbag.py:587} INFO - Filling up the DagBag from /Users/binhpham/Library/Python/3.9/lib/python/site-packages/airflow/example_dags/example_trigger_controller_dag.py
[2024-09-18T17:00:32.603-0500] {processor.py:925} INFO - DAG(s) 'example_trigger_controller_dag' retrieved from /Users/binhpham/Library/Python/3.9/lib/python/site-packages/airflow/example_dags/example_trigger_controller_dag.py
[2024-09-18T17:00:32.656-0500] {logging_mixin.py:190} INFO - [2024-09-18T17:00:32.655-0500] {dag.py:3229} INFO - Sync 1 DAGs
[2024-09-18T17:00:32.664-0500] {logging_mixin.py:190} INFO - [2024-09-18T17:00:32.664-0500] {dag.py:4156} INFO - Setting next_dagrun for example_trigger_controller_dag to 2021-01-01 00:00:00+00:00, run_after=2021-01-01 00:00:00+00:00
[2024-09-18T17:00:32.674-0500] {processor.py:208} INFO - Processing /Users/binhpham/Library/Python/3.9/lib/python/site-packages/airflow/example_dags/example_trigger_controller_dag.py took 0.080 seconds
[2024-09-18T17:01:58.997-0500] {processor.py:186} INFO - Started process (PID=13867) to work on /Users/binhpham/Library/Python/3.9/lib/python/site-packages/airflow/example_dags/example_trigger_controller_dag.py
[2024-09-18T17:01:58.999-0500] {processor.py:914} INFO - Processing file /Users/binhpham/Library/Python/3.9/lib/python/site-packages/airflow/example_dags/example_trigger_controller_dag.py for tasks to queue
[2024-09-18T17:01:58.999-0500] {logging_mixin.py:190} INFO - [2024-09-18T17:01:58.999-0500] {dagbag.py:587} INFO - Filling up the DagBag from /Users/binhpham/Library/Python/3.9/lib/python/site-packages/airflow/example_dags/example_trigger_controller_dag.py
[2024-09-18T17:01:59.005-0500] {processor.py:925} INFO - DAG(s) 'example_trigger_controller_dag' retrieved from /Users/binhpham/Library/Python/3.9/lib/python/site-packages/airflow/example_dags/example_trigger_controller_dag.py
[2024-09-18T17:01:59.056-0500] {logging_mixin.py:190} INFO - [2024-09-18T17:01:59.056-0500] {dag.py:3229} INFO - Sync 1 DAGs
[2024-09-18T17:01:59.065-0500] {logging_mixin.py:190} INFO - [2024-09-18T17:01:59.065-0500] {dag.py:4156} INFO - Setting next_dagrun for example_trigger_controller_dag to 2021-01-01 00:00:00+00:00, run_after=2021-01-01 00:00:00+00:00
[2024-09-18T17:01:59.074-0500] {processor.py:208} INFO - Processing /Users/binhpham/Library/Python/3.9/lib/python/site-packages/airflow/example_dags/example_trigger_controller_dag.py took 0.079 seconds
[2024-09-18T17:03:24.579-0500] {processor.py:186} INFO - Started process (PID=14148) to work on /Users/binhpham/Library/Python/3.9/lib/python/site-packages/airflow/example_dags/example_trigger_controller_dag.py
[2024-09-18T17:03:24.581-0500] {processor.py:914} INFO - Processing file /Users/binhpham/Library/Python/3.9/lib/python/site-packages/airflow/example_dags/example_trigger_controller_dag.py for tasks to queue
[2024-09-18T17:03:24.581-0500] {logging_mixin.py:190} INFO - [2024-09-18T17:03:24.581-0500] {dagbag.py:587} INFO - Filling up the DagBag from /Users/binhpham/Library/Python/3.9/lib/python/site-packages/airflow/example_dags/example_trigger_controller_dag.py
[2024-09-18T17:03:24.587-0500] {processor.py:925} INFO - DAG(s) 'example_trigger_controller_dag' retrieved from /Users/binhpham/Library/Python/3.9/lib/python/site-packages/airflow/example_dags/example_trigger_controller_dag.py
[2024-09-18T17:03:24.640-0500] {logging_mixin.py:190} INFO - [2024-09-18T17:03:24.640-0500] {dag.py:3229} INFO - Sync 1 DAGs
[2024-09-18T17:03:24.648-0500] {logging_mixin.py:190} INFO - [2024-09-18T17:03:24.648-0500] {dag.py:4156} INFO - Setting next_dagrun for example_trigger_controller_dag to 2021-01-01 00:00:00+00:00, run_after=2021-01-01 00:00:00+00:00
[2024-09-18T17:03:24.658-0500] {processor.py:208} INFO - Processing /Users/binhpham/Library/Python/3.9/lib/python/site-packages/airflow/example_dags/example_trigger_controller_dag.py took 0.081 seconds
[2024-09-18T17:06:17.060-0500] {processor.py:186} INFO - Started process (PID=14769) to work on /Users/binhpham/Library/Python/3.9/lib/python/site-packages/airflow/example_dags/example_trigger_controller_dag.py
[2024-09-18T17:06:17.062-0500] {processor.py:914} INFO - Processing file /Users/binhpham/Library/Python/3.9/lib/python/site-packages/airflow/example_dags/example_trigger_controller_dag.py for tasks to queue
[2024-09-18T17:06:17.063-0500] {logging_mixin.py:190} INFO - [2024-09-18T17:06:17.063-0500] {dagbag.py:587} INFO - Filling up the DagBag from /Users/binhpham/Library/Python/3.9/lib/python/site-packages/airflow/example_dags/example_trigger_controller_dag.py
[2024-09-18T17:06:17.068-0500] {processor.py:925} INFO - DAG(s) 'example_trigger_controller_dag' retrieved from /Users/binhpham/Library/Python/3.9/lib/python/site-packages/airflow/example_dags/example_trigger_controller_dag.py
[2024-09-18T17:06:17.174-0500] {logging_mixin.py:190} INFO - [2024-09-18T17:06:17.174-0500] {dag.py:3229} INFO - Sync 1 DAGs
[2024-09-18T17:06:17.184-0500] {logging_mixin.py:190} INFO - [2024-09-18T17:06:17.184-0500] {dag.py:4156} INFO - Setting next_dagrun for example_trigger_controller_dag to 2021-01-01 00:00:00+00:00, run_after=2021-01-01 00:00:00+00:00
[2024-09-18T17:06:17.196-0500] {processor.py:208} INFO - Processing /Users/binhpham/Library/Python/3.9/lib/python/site-packages/airflow/example_dags/example_trigger_controller_dag.py took 0.137 seconds
[2024-09-18T17:07:40.809-0500] {processor.py:186} INFO - Started process (PID=15091) to work on /Users/binhpham/Library/Python/3.9/lib/python/site-packages/airflow/example_dags/example_trigger_controller_dag.py
[2024-09-18T17:07:40.810-0500] {processor.py:914} INFO - Processing file /Users/binhpham/Library/Python/3.9/lib/python/site-packages/airflow/example_dags/example_trigger_controller_dag.py for tasks to queue
[2024-09-18T17:07:40.811-0500] {logging_mixin.py:190} INFO - [2024-09-18T17:07:40.811-0500] {dagbag.py:587} INFO - Filling up the DagBag from /Users/binhpham/Library/Python/3.9/lib/python/site-packages/airflow/example_dags/example_trigger_controller_dag.py
[2024-09-18T17:07:40.816-0500] {processor.py:925} INFO - DAG(s) 'example_trigger_controller_dag' retrieved from /Users/binhpham/Library/Python/3.9/lib/python/site-packages/airflow/example_dags/example_trigger_controller_dag.py
[2024-09-18T17:07:40.870-0500] {logging_mixin.py:190} INFO - [2024-09-18T17:07:40.870-0500] {dag.py:3229} INFO - Sync 1 DAGs
[2024-09-18T17:07:40.879-0500] {logging_mixin.py:190} INFO - [2024-09-18T17:07:40.879-0500] {dag.py:4156} INFO - Setting next_dagrun for example_trigger_controller_dag to 2021-01-01 00:00:00+00:00, run_after=2021-01-01 00:00:00+00:00
[2024-09-18T17:07:40.889-0500] {processor.py:208} INFO - Processing /Users/binhpham/Library/Python/3.9/lib/python/site-packages/airflow/example_dags/example_trigger_controller_dag.py took 0.082 seconds
[2024-09-18T17:09:10.111-0500] {processor.py:186} INFO - Started process (PID=15396) to work on /Users/binhpham/Library/Python/3.9/lib/python/site-packages/airflow/example_dags/example_trigger_controller_dag.py
[2024-09-18T17:09:10.113-0500] {processor.py:914} INFO - Processing file /Users/binhpham/Library/Python/3.9/lib/python/site-packages/airflow/example_dags/example_trigger_controller_dag.py for tasks to queue
[2024-09-18T17:09:10.113-0500] {logging_mixin.py:190} INFO - [2024-09-18T17:09:10.113-0500] {dagbag.py:587} INFO - Filling up the DagBag from /Users/binhpham/Library/Python/3.9/lib/python/site-packages/airflow/example_dags/example_trigger_controller_dag.py
[2024-09-18T17:09:10.119-0500] {processor.py:925} INFO - DAG(s) 'example_trigger_controller_dag' retrieved from /Users/binhpham/Library/Python/3.9/lib/python/site-packages/airflow/example_dags/example_trigger_controller_dag.py
[2024-09-18T17:09:10.174-0500] {logging_mixin.py:190} INFO - [2024-09-18T17:09:10.174-0500] {dag.py:3229} INFO - Sync 1 DAGs
[2024-09-18T17:09:10.183-0500] {logging_mixin.py:190} INFO - [2024-09-18T17:09:10.183-0500] {dag.py:4156} INFO - Setting next_dagrun for example_trigger_controller_dag to 2021-01-01 00:00:00+00:00, run_after=2021-01-01 00:00:00+00:00
[2024-09-18T17:09:10.193-0500] {processor.py:208} INFO - Processing /Users/binhpham/Library/Python/3.9/lib/python/site-packages/airflow/example_dags/example_trigger_controller_dag.py took 0.084 seconds
[2024-09-18T17:10:38.924-0500] {processor.py:186} INFO - Started process (PID=15704) to work on /Users/binhpham/Library/Python/3.9/lib/python/site-packages/airflow/example_dags/example_trigger_controller_dag.py
[2024-09-18T17:10:38.926-0500] {processor.py:914} INFO - Processing file /Users/binhpham/Library/Python/3.9/lib/python/site-packages/airflow/example_dags/example_trigger_controller_dag.py for tasks to queue
[2024-09-18T17:10:38.926-0500] {logging_mixin.py:190} INFO - [2024-09-18T17:10:38.926-0500] {dagbag.py:587} INFO - Filling up the DagBag from /Users/binhpham/Library/Python/3.9/lib/python/site-packages/airflow/example_dags/example_trigger_controller_dag.py
[2024-09-18T17:10:38.931-0500] {processor.py:925} INFO - DAG(s) 'example_trigger_controller_dag' retrieved from /Users/binhpham/Library/Python/3.9/lib/python/site-packages/airflow/example_dags/example_trigger_controller_dag.py
[2024-09-18T17:10:38.983-0500] {logging_mixin.py:190} INFO - [2024-09-18T17:10:38.983-0500] {dag.py:3229} INFO - Sync 1 DAGs
[2024-09-18T17:10:38.991-0500] {logging_mixin.py:190} INFO - [2024-09-18T17:10:38.991-0500] {dag.py:4156} INFO - Setting next_dagrun for example_trigger_controller_dag to 2021-01-01 00:00:00+00:00, run_after=2021-01-01 00:00:00+00:00
[2024-09-18T17:10:39.001-0500] {processor.py:208} INFO - Processing /Users/binhpham/Library/Python/3.9/lib/python/site-packages/airflow/example_dags/example_trigger_controller_dag.py took 0.078 seconds
[2024-09-18T17:12:06.850-0500] {processor.py:186} INFO - Started process (PID=16026) to work on /Users/binhpham/Library/Python/3.9/lib/python/site-packages/airflow/example_dags/example_trigger_controller_dag.py
[2024-09-18T17:12:06.852-0500] {processor.py:914} INFO - Processing file /Users/binhpham/Library/Python/3.9/lib/python/site-packages/airflow/example_dags/example_trigger_controller_dag.py for tasks to queue
[2024-09-18T17:12:06.852-0500] {logging_mixin.py:190} INFO - [2024-09-18T17:12:06.852-0500] {dagbag.py:587} INFO - Filling up the DagBag from /Users/binhpham/Library/Python/3.9/lib/python/site-packages/airflow/example_dags/example_trigger_controller_dag.py
[2024-09-18T17:12:06.859-0500] {processor.py:925} INFO - DAG(s) 'example_trigger_controller_dag' retrieved from /Users/binhpham/Library/Python/3.9/lib/python/site-packages/airflow/example_dags/example_trigger_controller_dag.py
[2024-09-18T17:12:06.910-0500] {logging_mixin.py:190} INFO - [2024-09-18T17:12:06.910-0500] {dag.py:3229} INFO - Sync 1 DAGs
[2024-09-18T17:12:06.919-0500] {logging_mixin.py:190} INFO - [2024-09-18T17:12:06.918-0500] {dag.py:4156} INFO - Setting next_dagrun for example_trigger_controller_dag to 2021-01-01 00:00:00+00:00, run_after=2021-01-01 00:00:00+00:00
[2024-09-18T17:12:06.928-0500] {processor.py:208} INFO - Processing /Users/binhpham/Library/Python/3.9/lib/python/site-packages/airflow/example_dags/example_trigger_controller_dag.py took 0.080 seconds
[2024-09-18T17:13:35.642-0500] {processor.py:186} INFO - Started process (PID=16349) to work on /Users/binhpham/Library/Python/3.9/lib/python/site-packages/airflow/example_dags/example_trigger_controller_dag.py
[2024-09-18T17:13:35.643-0500] {processor.py:914} INFO - Processing file /Users/binhpham/Library/Python/3.9/lib/python/site-packages/airflow/example_dags/example_trigger_controller_dag.py for tasks to queue
[2024-09-18T17:13:35.644-0500] {logging_mixin.py:190} INFO - [2024-09-18T17:13:35.644-0500] {dagbag.py:587} INFO - Filling up the DagBag from /Users/binhpham/Library/Python/3.9/lib/python/site-packages/airflow/example_dags/example_trigger_controller_dag.py
[2024-09-18T17:13:35.649-0500] {processor.py:925} INFO - DAG(s) 'example_trigger_controller_dag' retrieved from /Users/binhpham/Library/Python/3.9/lib/python/site-packages/airflow/example_dags/example_trigger_controller_dag.py
[2024-09-18T17:13:35.701-0500] {logging_mixin.py:190} INFO - [2024-09-18T17:13:35.701-0500] {dag.py:3229} INFO - Sync 1 DAGs
[2024-09-18T17:13:35.710-0500] {logging_mixin.py:190} INFO - [2024-09-18T17:13:35.709-0500] {dag.py:4156} INFO - Setting next_dagrun for example_trigger_controller_dag to 2021-01-01 00:00:00+00:00, run_after=2021-01-01 00:00:00+00:00
[2024-09-18T17:13:35.719-0500] {processor.py:208} INFO - Processing /Users/binhpham/Library/Python/3.9/lib/python/site-packages/airflow/example_dags/example_trigger_controller_dag.py took 0.079 seconds
[2024-09-18T17:15:25.631-0500] {processor.py:186} INFO - Started process (PID=16836) to work on /Users/binhpham/Library/Python/3.9/lib/python/site-packages/airflow/example_dags/example_trigger_controller_dag.py
[2024-09-18T17:15:25.632-0500] {processor.py:914} INFO - Processing file /Users/binhpham/Library/Python/3.9/lib/python/site-packages/airflow/example_dags/example_trigger_controller_dag.py for tasks to queue
[2024-09-18T17:15:25.633-0500] {logging_mixin.py:190} INFO - [2024-09-18T17:15:25.633-0500] {dagbag.py:587} INFO - Filling up the DagBag from /Users/binhpham/Library/Python/3.9/lib/python/site-packages/airflow/example_dags/example_trigger_controller_dag.py
[2024-09-18T17:15:25.638-0500] {processor.py:925} INFO - DAG(s) 'example_trigger_controller_dag' retrieved from /Users/binhpham/Library/Python/3.9/lib/python/site-packages/airflow/example_dags/example_trigger_controller_dag.py
[2024-09-18T17:15:25.691-0500] {logging_mixin.py:190} INFO - [2024-09-18T17:15:25.690-0500] {dag.py:3229} INFO - Sync 1 DAGs
[2024-09-18T17:15:25.699-0500] {logging_mixin.py:190} INFO - [2024-09-18T17:15:25.699-0500] {dag.py:4156} INFO - Setting next_dagrun for example_trigger_controller_dag to 2021-01-01 00:00:00+00:00, run_after=2021-01-01 00:00:00+00:00
[2024-09-18T17:15:25.709-0500] {processor.py:208} INFO - Processing /Users/binhpham/Library/Python/3.9/lib/python/site-packages/airflow/example_dags/example_trigger_controller_dag.py took 0.080 seconds
[2024-09-18T17:17:26.339-0500] {processor.py:186} INFO - Started process (PID=17312) to work on /Users/binhpham/Library/Python/3.9/lib/python/site-packages/airflow/example_dags/example_trigger_controller_dag.py
[2024-09-18T17:17:26.342-0500] {processor.py:914} INFO - Processing file /Users/binhpham/Library/Python/3.9/lib/python/site-packages/airflow/example_dags/example_trigger_controller_dag.py for tasks to queue
[2024-09-18T17:17:26.343-0500] {logging_mixin.py:190} INFO - [2024-09-18T17:17:26.342-0500] {dagbag.py:587} INFO - Filling up the DagBag from /Users/binhpham/Library/Python/3.9/lib/python/site-packages/airflow/example_dags/example_trigger_controller_dag.py
[2024-09-18T17:17:26.348-0500] {processor.py:925} INFO - DAG(s) 'example_trigger_controller_dag' retrieved from /Users/binhpham/Library/Python/3.9/lib/python/site-packages/airflow/example_dags/example_trigger_controller_dag.py
[2024-09-18T17:17:26.399-0500] {logging_mixin.py:190} INFO - [2024-09-18T17:17:26.399-0500] {dag.py:3229} INFO - Sync 1 DAGs
[2024-09-18T17:17:26.408-0500] {logging_mixin.py:190} INFO - [2024-09-18T17:17:26.408-0500] {dag.py:4156} INFO - Setting next_dagrun for example_trigger_controller_dag to 2021-01-01 00:00:00+00:00, run_after=2021-01-01 00:00:00+00:00
[2024-09-18T17:17:26.419-0500] {processor.py:208} INFO - Processing /Users/binhpham/Library/Python/3.9/lib/python/site-packages/airflow/example_dags/example_trigger_controller_dag.py took 0.081 seconds
[2024-09-18T17:18:54.910-0500] {processor.py:186} INFO - Started process (PID=18183) to work on /Users/binhpham/Library/Python/3.9/lib/python/site-packages/airflow/example_dags/example_trigger_controller_dag.py
[2024-09-18T17:18:54.913-0500] {processor.py:914} INFO - Processing file /Users/binhpham/Library/Python/3.9/lib/python/site-packages/airflow/example_dags/example_trigger_controller_dag.py for tasks to queue
[2024-09-18T17:18:54.914-0500] {logging_mixin.py:190} INFO - [2024-09-18T17:18:54.913-0500] {dagbag.py:587} INFO - Filling up the DagBag from /Users/binhpham/Library/Python/3.9/lib/python/site-packages/airflow/example_dags/example_trigger_controller_dag.py
[2024-09-18T17:18:54.919-0500] {processor.py:925} INFO - DAG(s) 'example_trigger_controller_dag' retrieved from /Users/binhpham/Library/Python/3.9/lib/python/site-packages/airflow/example_dags/example_trigger_controller_dag.py
[2024-09-18T17:18:54.972-0500] {logging_mixin.py:190} INFO - [2024-09-18T17:18:54.972-0500] {dag.py:3229} INFO - Sync 1 DAGs
[2024-09-18T17:18:54.981-0500] {logging_mixin.py:190} INFO - [2024-09-18T17:18:54.980-0500] {dag.py:4156} INFO - Setting next_dagrun for example_trigger_controller_dag to 2021-01-01 00:00:00+00:00, run_after=2021-01-01 00:00:00+00:00
[2024-09-18T17:18:54.990-0500] {processor.py:208} INFO - Processing /Users/binhpham/Library/Python/3.9/lib/python/site-packages/airflow/example_dags/example_trigger_controller_dag.py took 0.081 seconds
[2024-09-18T17:20:25.875-0500] {processor.py:186} INFO - Started process (PID=18478) to work on /Users/binhpham/Library/Python/3.9/lib/python/site-packages/airflow/example_dags/example_trigger_controller_dag.py
[2024-09-18T17:20:25.878-0500] {processor.py:914} INFO - Processing file /Users/binhpham/Library/Python/3.9/lib/python/site-packages/airflow/example_dags/example_trigger_controller_dag.py for tasks to queue
[2024-09-18T17:20:25.878-0500] {logging_mixin.py:190} INFO - [2024-09-18T17:20:25.878-0500] {dagbag.py:587} INFO - Filling up the DagBag from /Users/binhpham/Library/Python/3.9/lib/python/site-packages/airflow/example_dags/example_trigger_controller_dag.py
[2024-09-18T17:20:25.884-0500] {processor.py:925} INFO - DAG(s) 'example_trigger_controller_dag' retrieved from /Users/binhpham/Library/Python/3.9/lib/python/site-packages/airflow/example_dags/example_trigger_controller_dag.py
[2024-09-18T17:20:25.938-0500] {logging_mixin.py:190} INFO - [2024-09-18T17:20:25.938-0500] {dag.py:3229} INFO - Sync 1 DAGs
[2024-09-18T17:20:25.947-0500] {logging_mixin.py:190} INFO - [2024-09-18T17:20:25.947-0500] {dag.py:4156} INFO - Setting next_dagrun for example_trigger_controller_dag to 2021-01-01 00:00:00+00:00, run_after=2021-01-01 00:00:00+00:00
[2024-09-18T17:20:25.957-0500] {processor.py:208} INFO - Processing /Users/binhpham/Library/Python/3.9/lib/python/site-packages/airflow/example_dags/example_trigger_controller_dag.py took 0.084 seconds
[2024-09-18T17:22:29.011-0500] {processor.py:186} INFO - Started process (PID=19530) to work on /Users/binhpham/Projects/dbt_project/venv/lib/python3.9/site-packages/airflow/example_dags/example_trigger_controller_dag.py
[2024-09-18T17:22:29.014-0500] {processor.py:914} INFO - Processing file /Users/binhpham/Projects/dbt_project/venv/lib/python3.9/site-packages/airflow/example_dags/example_trigger_controller_dag.py for tasks to queue
[2024-09-18T17:22:29.014-0500] {logging_mixin.py:190} INFO - [2024-09-18T17:22:29.014-0500] {dagbag.py:587} INFO - Filling up the DagBag from /Users/binhpham/Projects/dbt_project/venv/lib/python3.9/site-packages/airflow/example_dags/example_trigger_controller_dag.py
[2024-09-18T17:22:29.020-0500] {processor.py:925} INFO - DAG(s) 'example_trigger_controller_dag' retrieved from /Users/binhpham/Projects/dbt_project/venv/lib/python3.9/site-packages/airflow/example_dags/example_trigger_controller_dag.py
[2024-09-18T17:22:29.124-0500] {logging_mixin.py:190} INFO - [2024-09-18T17:22:29.123-0500] {dag.py:3229} INFO - Sync 1 DAGs
[2024-09-18T17:22:29.133-0500] {logging_mixin.py:190} INFO - [2024-09-18T17:22:29.133-0500] {dag.py:4156} INFO - Setting next_dagrun for example_trigger_controller_dag to 2021-01-01 00:00:00+00:00, run_after=2021-01-01 00:00:00+00:00
[2024-09-18T17:22:29.144-0500] {processor.py:208} INFO - Processing /Users/binhpham/Projects/dbt_project/venv/lib/python3.9/site-packages/airflow/example_dags/example_trigger_controller_dag.py took 0.135 seconds
[2024-09-18T17:24:25.048-0500] {processor.py:186} INFO - Started process (PID=19963) to work on /Users/binhpham/Projects/dbt_project/venv/lib/python3.9/site-packages/airflow/example_dags/example_trigger_controller_dag.py
[2024-09-18T17:24:25.049-0500] {processor.py:914} INFO - Processing file /Users/binhpham/Projects/dbt_project/venv/lib/python3.9/site-packages/airflow/example_dags/example_trigger_controller_dag.py for tasks to queue
[2024-09-18T17:24:25.050-0500] {logging_mixin.py:190} INFO - [2024-09-18T17:24:25.050-0500] {dagbag.py:587} INFO - Filling up the DagBag from /Users/binhpham/Projects/dbt_project/venv/lib/python3.9/site-packages/airflow/example_dags/example_trigger_controller_dag.py
[2024-09-18T17:24:25.056-0500] {processor.py:925} INFO - DAG(s) 'example_trigger_controller_dag' retrieved from /Users/binhpham/Projects/dbt_project/venv/lib/python3.9/site-packages/airflow/example_dags/example_trigger_controller_dag.py
[2024-09-18T17:24:25.110-0500] {logging_mixin.py:190} INFO - [2024-09-18T17:24:25.110-0500] {dag.py:3229} INFO - Sync 1 DAGs
[2024-09-18T17:24:25.119-0500] {logging_mixin.py:190} INFO - [2024-09-18T17:24:25.119-0500] {dag.py:4156} INFO - Setting next_dagrun for example_trigger_controller_dag to 2021-01-01 00:00:00+00:00, run_after=2021-01-01 00:00:00+00:00
[2024-09-18T17:24:25.129-0500] {processor.py:208} INFO - Processing /Users/binhpham/Projects/dbt_project/venv/lib/python3.9/site-packages/airflow/example_dags/example_trigger_controller_dag.py took 0.083 seconds
[2024-09-18T17:26:30.442-0500] {processor.py:186} INFO - Started process (PID=20442) to work on /Users/binhpham/Projects/dbt_project/venv/lib/python3.9/site-packages/airflow/example_dags/example_trigger_controller_dag.py
[2024-09-18T17:26:30.445-0500] {processor.py:914} INFO - Processing file /Users/binhpham/Projects/dbt_project/venv/lib/python3.9/site-packages/airflow/example_dags/example_trigger_controller_dag.py for tasks to queue
[2024-09-18T17:26:30.445-0500] {logging_mixin.py:190} INFO - [2024-09-18T17:26:30.445-0500] {dagbag.py:587} INFO - Filling up the DagBag from /Users/binhpham/Projects/dbt_project/venv/lib/python3.9/site-packages/airflow/example_dags/example_trigger_controller_dag.py
[2024-09-18T17:26:30.451-0500] {processor.py:925} INFO - DAG(s) 'example_trigger_controller_dag' retrieved from /Users/binhpham/Projects/dbt_project/venv/lib/python3.9/site-packages/airflow/example_dags/example_trigger_controller_dag.py
[2024-09-18T17:26:30.503-0500] {logging_mixin.py:190} INFO - [2024-09-18T17:26:30.503-0500] {dag.py:3229} INFO - Sync 1 DAGs
[2024-09-18T17:26:30.511-0500] {logging_mixin.py:190} INFO - [2024-09-18T17:26:30.511-0500] {dag.py:4156} INFO - Setting next_dagrun for example_trigger_controller_dag to 2021-01-01 00:00:00+00:00, run_after=2021-01-01 00:00:00+00:00
[2024-09-18T17:26:30.521-0500] {processor.py:208} INFO - Processing /Users/binhpham/Projects/dbt_project/venv/lib/python3.9/site-packages/airflow/example_dags/example_trigger_controller_dag.py took 0.080 seconds
[2024-09-18T17:28:55.044-0500] {processor.py:186} INFO - Started process (PID=21094) to work on /Users/binhpham/Projects/dbt_project/venv/lib/python3.9/site-packages/airflow/example_dags/example_trigger_controller_dag.py
[2024-09-18T17:28:55.047-0500] {processor.py:914} INFO - Processing file /Users/binhpham/Projects/dbt_project/venv/lib/python3.9/site-packages/airflow/example_dags/example_trigger_controller_dag.py for tasks to queue
[2024-09-18T17:28:55.047-0500] {logging_mixin.py:190} INFO - [2024-09-18T17:28:55.047-0500] {dagbag.py:587} INFO - Filling up the DagBag from /Users/binhpham/Projects/dbt_project/venv/lib/python3.9/site-packages/airflow/example_dags/example_trigger_controller_dag.py
[2024-09-18T17:28:55.053-0500] {processor.py:925} INFO - DAG(s) 'example_trigger_controller_dag' retrieved from /Users/binhpham/Projects/dbt_project/venv/lib/python3.9/site-packages/airflow/example_dags/example_trigger_controller_dag.py
[2024-09-18T17:28:55.105-0500] {logging_mixin.py:190} INFO - [2024-09-18T17:28:55.105-0500] {dag.py:3229} INFO - Sync 1 DAGs
[2024-09-18T17:28:55.114-0500] {logging_mixin.py:190} INFO - [2024-09-18T17:28:55.114-0500] {dag.py:4156} INFO - Setting next_dagrun for example_trigger_controller_dag to 2021-01-01 00:00:00+00:00, run_after=2021-01-01 00:00:00+00:00
[2024-09-18T17:28:55.125-0500] {processor.py:208} INFO - Processing /Users/binhpham/Projects/dbt_project/venv/lib/python3.9/site-packages/airflow/example_dags/example_trigger_controller_dag.py took 0.083 seconds
[2024-09-18T17:30:53.159-0500] {processor.py:186} INFO - Started process (PID=22146) to work on /Users/binhpham/Projects/dbt_project/venv/lib/python3.9/site-packages/airflow/example_dags/example_trigger_controller_dag.py
[2024-09-18T17:30:53.160-0500] {processor.py:914} INFO - Processing file /Users/binhpham/Projects/dbt_project/venv/lib/python3.9/site-packages/airflow/example_dags/example_trigger_controller_dag.py for tasks to queue
[2024-09-18T17:30:53.161-0500] {logging_mixin.py:190} INFO - [2024-09-18T17:30:53.160-0500] {dagbag.py:587} INFO - Filling up the DagBag from /Users/binhpham/Projects/dbt_project/venv/lib/python3.9/site-packages/airflow/example_dags/example_trigger_controller_dag.py
[2024-09-18T17:30:53.166-0500] {processor.py:925} INFO - DAG(s) 'example_trigger_controller_dag' retrieved from /Users/binhpham/Projects/dbt_project/venv/lib/python3.9/site-packages/airflow/example_dags/example_trigger_controller_dag.py
[2024-09-18T17:30:53.219-0500] {logging_mixin.py:190} INFO - [2024-09-18T17:30:53.219-0500] {dag.py:3229} INFO - Sync 1 DAGs
[2024-09-18T17:30:53.227-0500] {logging_mixin.py:190} INFO - [2024-09-18T17:30:53.227-0500] {dag.py:4156} INFO - Setting next_dagrun for example_trigger_controller_dag to 2021-01-01 00:00:00+00:00, run_after=2021-01-01 00:00:00+00:00
[2024-09-18T17:30:53.237-0500] {processor.py:208} INFO - Processing /Users/binhpham/Projects/dbt_project/venv/lib/python3.9/site-packages/airflow/example_dags/example_trigger_controller_dag.py took 0.080 seconds
[2024-09-18T17:32:16.121-0500] {processor.py:186} INFO - Started process (PID=22744) to work on /Users/binhpham/Projects/dbt_project/venv/lib/python3.9/site-packages/airflow/example_dags/example_trigger_controller_dag.py
[2024-09-18T17:32:16.124-0500] {processor.py:914} INFO - Processing file /Users/binhpham/Projects/dbt_project/venv/lib/python3.9/site-packages/airflow/example_dags/example_trigger_controller_dag.py for tasks to queue
[2024-09-18T17:32:16.124-0500] {logging_mixin.py:190} INFO - [2024-09-18T17:32:16.124-0500] {dagbag.py:587} INFO - Filling up the DagBag from /Users/binhpham/Projects/dbt_project/venv/lib/python3.9/site-packages/airflow/example_dags/example_trigger_controller_dag.py
[2024-09-18T17:32:16.130-0500] {processor.py:925} INFO - DAG(s) 'example_trigger_controller_dag' retrieved from /Users/binhpham/Projects/dbt_project/venv/lib/python3.9/site-packages/airflow/example_dags/example_trigger_controller_dag.py
[2024-09-18T17:32:16.181-0500] {logging_mixin.py:190} INFO - [2024-09-18T17:32:16.181-0500] {dag.py:3229} INFO - Sync 1 DAGs
[2024-09-18T17:32:16.190-0500] {logging_mixin.py:190} INFO - [2024-09-18T17:32:16.190-0500] {dag.py:4156} INFO - Setting next_dagrun for example_trigger_controller_dag to 2021-01-01 00:00:00+00:00, run_after=2021-01-01 00:00:00+00:00
[2024-09-18T17:32:16.199-0500] {processor.py:208} INFO - Processing /Users/binhpham/Projects/dbt_project/venv/lib/python3.9/site-packages/airflow/example_dags/example_trigger_controller_dag.py took 0.080 seconds
[2024-09-18T17:33:45.333-0500] {processor.py:186} INFO - Started process (PID=23071) to work on /Users/binhpham/Projects/dbt_project/venv/lib/python3.9/site-packages/airflow/example_dags/example_trigger_controller_dag.py
[2024-09-18T17:33:45.336-0500] {processor.py:914} INFO - Processing file /Users/binhpham/Projects/dbt_project/venv/lib/python3.9/site-packages/airflow/example_dags/example_trigger_controller_dag.py for tasks to queue
[2024-09-18T17:33:45.336-0500] {logging_mixin.py:190} INFO - [2024-09-18T17:33:45.336-0500] {dagbag.py:587} INFO - Filling up the DagBag from /Users/binhpham/Projects/dbt_project/venv/lib/python3.9/site-packages/airflow/example_dags/example_trigger_controller_dag.py
[2024-09-18T17:33:45.342-0500] {processor.py:925} INFO - DAG(s) 'example_trigger_controller_dag' retrieved from /Users/binhpham/Projects/dbt_project/venv/lib/python3.9/site-packages/airflow/example_dags/example_trigger_controller_dag.py
[2024-09-18T17:33:45.395-0500] {logging_mixin.py:190} INFO - [2024-09-18T17:33:45.395-0500] {dag.py:3229} INFO - Sync 1 DAGs
[2024-09-18T17:33:45.403-0500] {logging_mixin.py:190} INFO - [2024-09-18T17:33:45.403-0500] {dag.py:4156} INFO - Setting next_dagrun for example_trigger_controller_dag to 2021-01-01 00:00:00+00:00, run_after=2021-01-01 00:00:00+00:00
[2024-09-18T17:33:45.414-0500] {processor.py:208} INFO - Processing /Users/binhpham/Projects/dbt_project/venv/lib/python3.9/site-packages/airflow/example_dags/example_trigger_controller_dag.py took 0.082 seconds
[2024-09-18T17:34:43.861-0500] {processor.py:186} INFO - Started process (PID=23288) to work on /Users/binhpham/Projects/dbt_project/venv/lib/python3.9/site-packages/airflow/example_dags/example_trigger_controller_dag.py
[2024-09-18T17:34:43.862-0500] {processor.py:914} INFO - Processing file /Users/binhpham/Projects/dbt_project/venv/lib/python3.9/site-packages/airflow/example_dags/example_trigger_controller_dag.py for tasks to queue
[2024-09-18T17:34:43.863-0500] {logging_mixin.py:190} INFO - [2024-09-18T17:34:43.863-0500] {dagbag.py:587} INFO - Filling up the DagBag from /Users/binhpham/Projects/dbt_project/venv/lib/python3.9/site-packages/airflow/example_dags/example_trigger_controller_dag.py
[2024-09-18T17:34:43.868-0500] {processor.py:925} INFO - DAG(s) 'example_trigger_controller_dag' retrieved from /Users/binhpham/Projects/dbt_project/venv/lib/python3.9/site-packages/airflow/example_dags/example_trigger_controller_dag.py
[2024-09-18T17:34:43.919-0500] {logging_mixin.py:190} INFO - [2024-09-18T17:34:43.919-0500] {dag.py:3229} INFO - Sync 1 DAGs
[2024-09-18T17:34:43.927-0500] {logging_mixin.py:190} INFO - [2024-09-18T17:34:43.927-0500] {dag.py:4156} INFO - Setting next_dagrun for example_trigger_controller_dag to 2021-01-01 00:00:00+00:00, run_after=2021-01-01 00:00:00+00:00
[2024-09-18T17:34:43.937-0500] {processor.py:208} INFO - Processing /Users/binhpham/Projects/dbt_project/venv/lib/python3.9/site-packages/airflow/example_dags/example_trigger_controller_dag.py took 0.077 seconds
[2024-09-18T17:36:40.694-0500] {processor.py:186} INFO - Started process (PID=23908) to work on /Users/binhpham/Projects/dbt_project/venv/lib/python3.9/site-packages/airflow/example_dags/example_trigger_controller_dag.py
[2024-09-18T17:36:40.696-0500] {processor.py:914} INFO - Processing file /Users/binhpham/Projects/dbt_project/venv/lib/python3.9/site-packages/airflow/example_dags/example_trigger_controller_dag.py for tasks to queue
[2024-09-18T17:36:40.696-0500] {logging_mixin.py:190} INFO - [2024-09-18T17:36:40.696-0500] {dagbag.py:587} INFO - Filling up the DagBag from /Users/binhpham/Projects/dbt_project/venv/lib/python3.9/site-packages/airflow/example_dags/example_trigger_controller_dag.py
[2024-09-18T17:36:40.701-0500] {processor.py:925} INFO - DAG(s) 'example_trigger_controller_dag' retrieved from /Users/binhpham/Projects/dbt_project/venv/lib/python3.9/site-packages/airflow/example_dags/example_trigger_controller_dag.py
[2024-09-18T17:36:40.752-0500] {logging_mixin.py:190} INFO - [2024-09-18T17:36:40.752-0500] {dag.py:3229} INFO - Sync 1 DAGs
[2024-09-18T17:36:40.760-0500] {logging_mixin.py:190} INFO - [2024-09-18T17:36:40.760-0500] {dag.py:4156} INFO - Setting next_dagrun for example_trigger_controller_dag to 2021-01-01 00:00:00+00:00, run_after=2021-01-01 00:00:00+00:00
[2024-09-18T17:36:40.770-0500] {processor.py:208} INFO - Processing /Users/binhpham/Projects/dbt_project/venv/lib/python3.9/site-packages/airflow/example_dags/example_trigger_controller_dag.py took 0.077 seconds
[2024-09-18T17:38:04.138-0500] {processor.py:186} INFO - Started process (PID=24169) to work on /Users/binhpham/Projects/dbt_project/venv/lib/python3.9/site-packages/airflow/example_dags/example_trigger_controller_dag.py
[2024-09-18T17:38:04.139-0500] {processor.py:914} INFO - Processing file /Users/binhpham/Projects/dbt_project/venv/lib/python3.9/site-packages/airflow/example_dags/example_trigger_controller_dag.py for tasks to queue
[2024-09-18T17:38:04.140-0500] {logging_mixin.py:190} INFO - [2024-09-18T17:38:04.140-0500] {dagbag.py:587} INFO - Filling up the DagBag from /Users/binhpham/Projects/dbt_project/venv/lib/python3.9/site-packages/airflow/example_dags/example_trigger_controller_dag.py
[2024-09-18T17:38:04.145-0500] {processor.py:925} INFO - DAG(s) 'example_trigger_controller_dag' retrieved from /Users/binhpham/Projects/dbt_project/venv/lib/python3.9/site-packages/airflow/example_dags/example_trigger_controller_dag.py
[2024-09-18T17:38:04.198-0500] {logging_mixin.py:190} INFO - [2024-09-18T17:38:04.198-0500] {dag.py:3229} INFO - Sync 1 DAGs
[2024-09-18T17:38:04.207-0500] {logging_mixin.py:190} INFO - [2024-09-18T17:38:04.207-0500] {dag.py:4156} INFO - Setting next_dagrun for example_trigger_controller_dag to 2021-01-01 00:00:00+00:00, run_after=2021-01-01 00:00:00+00:00
[2024-09-18T17:38:04.216-0500] {processor.py:208} INFO - Processing /Users/binhpham/Projects/dbt_project/venv/lib/python3.9/site-packages/airflow/example_dags/example_trigger_controller_dag.py took 0.080 seconds
[2024-09-18T17:39:26.940-0500] {processor.py:186} INFO - Started process (PID=24439) to work on /Users/binhpham/Projects/dbt_project/venv/lib/python3.9/site-packages/airflow/example_dags/example_trigger_controller_dag.py
[2024-09-18T17:39:26.943-0500] {processor.py:914} INFO - Processing file /Users/binhpham/Projects/dbt_project/venv/lib/python3.9/site-packages/airflow/example_dags/example_trigger_controller_dag.py for tasks to queue
[2024-09-18T17:39:26.943-0500] {logging_mixin.py:190} INFO - [2024-09-18T17:39:26.943-0500] {dagbag.py:587} INFO - Filling up the DagBag from /Users/binhpham/Projects/dbt_project/venv/lib/python3.9/site-packages/airflow/example_dags/example_trigger_controller_dag.py
[2024-09-18T17:39:26.949-0500] {processor.py:925} INFO - DAG(s) 'example_trigger_controller_dag' retrieved from /Users/binhpham/Projects/dbt_project/venv/lib/python3.9/site-packages/airflow/example_dags/example_trigger_controller_dag.py
[2024-09-18T17:39:27.005-0500] {logging_mixin.py:190} INFO - [2024-09-18T17:39:27.005-0500] {dag.py:3229} INFO - Sync 1 DAGs
[2024-09-18T17:39:27.014-0500] {logging_mixin.py:190} INFO - [2024-09-18T17:39:27.014-0500] {dag.py:4156} INFO - Setting next_dagrun for example_trigger_controller_dag to 2021-01-01 00:00:00+00:00, run_after=2021-01-01 00:00:00+00:00
[2024-09-18T17:39:27.025-0500] {processor.py:208} INFO - Processing /Users/binhpham/Projects/dbt_project/venv/lib/python3.9/site-packages/airflow/example_dags/example_trigger_controller_dag.py took 0.086 seconds
[2024-09-18T17:40:53.117-0500] {processor.py:186} INFO - Started process (PID=24705) to work on /Users/binhpham/Projects/dbt_project/venv/lib/python3.9/site-packages/airflow/example_dags/example_trigger_controller_dag.py
[2024-09-18T17:40:53.120-0500] {processor.py:914} INFO - Processing file /Users/binhpham/Projects/dbt_project/venv/lib/python3.9/site-packages/airflow/example_dags/example_trigger_controller_dag.py for tasks to queue
[2024-09-18T17:40:53.120-0500] {logging_mixin.py:190} INFO - [2024-09-18T17:40:53.120-0500] {dagbag.py:587} INFO - Filling up the DagBag from /Users/binhpham/Projects/dbt_project/venv/lib/python3.9/site-packages/airflow/example_dags/example_trigger_controller_dag.py
[2024-09-18T17:40:53.126-0500] {processor.py:925} INFO - DAG(s) 'example_trigger_controller_dag' retrieved from /Users/binhpham/Projects/dbt_project/venv/lib/python3.9/site-packages/airflow/example_dags/example_trigger_controller_dag.py
[2024-09-18T17:40:53.177-0500] {logging_mixin.py:190} INFO - [2024-09-18T17:40:53.177-0500] {dag.py:3229} INFO - Sync 1 DAGs
[2024-09-18T17:40:53.185-0500] {logging_mixin.py:190} INFO - [2024-09-18T17:40:53.185-0500] {dag.py:4156} INFO - Setting next_dagrun for example_trigger_controller_dag to 2021-01-01 00:00:00+00:00, run_after=2021-01-01 00:00:00+00:00
[2024-09-18T17:40:53.195-0500] {processor.py:208} INFO - Processing /Users/binhpham/Projects/dbt_project/venv/lib/python3.9/site-packages/airflow/example_dags/example_trigger_controller_dag.py took 0.079 seconds
[2024-09-18T17:42:17.952-0500] {processor.py:186} INFO - Started process (PID=24977) to work on /Users/binhpham/Projects/dbt_project/venv/lib/python3.9/site-packages/airflow/example_dags/example_trigger_controller_dag.py
[2024-09-18T17:42:17.954-0500] {processor.py:914} INFO - Processing file /Users/binhpham/Projects/dbt_project/venv/lib/python3.9/site-packages/airflow/example_dags/example_trigger_controller_dag.py for tasks to queue
[2024-09-18T17:42:17.955-0500] {logging_mixin.py:190} INFO - [2024-09-18T17:42:17.955-0500] {dagbag.py:587} INFO - Filling up the DagBag from /Users/binhpham/Projects/dbt_project/venv/lib/python3.9/site-packages/airflow/example_dags/example_trigger_controller_dag.py
[2024-09-18T17:42:17.960-0500] {processor.py:925} INFO - DAG(s) 'example_trigger_controller_dag' retrieved from /Users/binhpham/Projects/dbt_project/venv/lib/python3.9/site-packages/airflow/example_dags/example_trigger_controller_dag.py
[2024-09-18T17:42:18.013-0500] {logging_mixin.py:190} INFO - [2024-09-18T17:42:18.013-0500] {dag.py:3229} INFO - Sync 1 DAGs
[2024-09-18T17:42:18.022-0500] {logging_mixin.py:190} INFO - [2024-09-18T17:42:18.022-0500] {dag.py:4156} INFO - Setting next_dagrun for example_trigger_controller_dag to 2021-01-01 00:00:00+00:00, run_after=2021-01-01 00:00:00+00:00
[2024-09-18T17:42:18.032-0500] {processor.py:208} INFO - Processing /Users/binhpham/Projects/dbt_project/venv/lib/python3.9/site-packages/airflow/example_dags/example_trigger_controller_dag.py took 0.081 seconds
[2024-09-18T17:43:44.488-0500] {processor.py:186} INFO - Started process (PID=25268) to work on /Users/binhpham/Projects/dbt_project/venv/lib/python3.9/site-packages/airflow/example_dags/example_trigger_controller_dag.py
[2024-09-18T17:43:44.490-0500] {processor.py:914} INFO - Processing file /Users/binhpham/Projects/dbt_project/venv/lib/python3.9/site-packages/airflow/example_dags/example_trigger_controller_dag.py for tasks to queue
[2024-09-18T17:43:44.491-0500] {logging_mixin.py:190} INFO - [2024-09-18T17:43:44.491-0500] {dagbag.py:587} INFO - Filling up the DagBag from /Users/binhpham/Projects/dbt_project/venv/lib/python3.9/site-packages/airflow/example_dags/example_trigger_controller_dag.py
[2024-09-18T17:43:44.496-0500] {processor.py:925} INFO - DAG(s) 'example_trigger_controller_dag' retrieved from /Users/binhpham/Projects/dbt_project/venv/lib/python3.9/site-packages/airflow/example_dags/example_trigger_controller_dag.py
[2024-09-18T17:43:44.548-0500] {logging_mixin.py:190} INFO - [2024-09-18T17:43:44.548-0500] {dag.py:3229} INFO - Sync 1 DAGs
[2024-09-18T17:43:44.557-0500] {logging_mixin.py:190} INFO - [2024-09-18T17:43:44.557-0500] {dag.py:4156} INFO - Setting next_dagrun for example_trigger_controller_dag to 2021-01-01 00:00:00+00:00, run_after=2021-01-01 00:00:00+00:00
[2024-09-18T17:43:44.566-0500] {processor.py:208} INFO - Processing /Users/binhpham/Projects/dbt_project/venv/lib/python3.9/site-packages/airflow/example_dags/example_trigger_controller_dag.py took 0.080 seconds
[2024-09-18T17:45:09.299-0500] {processor.py:186} INFO - Started process (PID=25579) to work on /Users/binhpham/Projects/dbt_project/venv/lib/python3.9/site-packages/airflow/example_dags/example_trigger_controller_dag.py
[2024-09-18T17:45:09.301-0500] {processor.py:914} INFO - Processing file /Users/binhpham/Projects/dbt_project/venv/lib/python3.9/site-packages/airflow/example_dags/example_trigger_controller_dag.py for tasks to queue
[2024-09-18T17:45:09.301-0500] {logging_mixin.py:190} INFO - [2024-09-18T17:45:09.301-0500] {dagbag.py:587} INFO - Filling up the DagBag from /Users/binhpham/Projects/dbt_project/venv/lib/python3.9/site-packages/airflow/example_dags/example_trigger_controller_dag.py
[2024-09-18T17:45:09.307-0500] {processor.py:925} INFO - DAG(s) 'example_trigger_controller_dag' retrieved from /Users/binhpham/Projects/dbt_project/venv/lib/python3.9/site-packages/airflow/example_dags/example_trigger_controller_dag.py
[2024-09-18T17:45:09.364-0500] {logging_mixin.py:190} INFO - [2024-09-18T17:45:09.364-0500] {dag.py:3229} INFO - Sync 1 DAGs
[2024-09-18T17:45:09.373-0500] {logging_mixin.py:190} INFO - [2024-09-18T17:45:09.372-0500] {dag.py:4156} INFO - Setting next_dagrun for example_trigger_controller_dag to 2021-01-01 00:00:00+00:00, run_after=2021-01-01 00:00:00+00:00
[2024-09-18T17:45:09.383-0500] {processor.py:208} INFO - Processing /Users/binhpham/Projects/dbt_project/venv/lib/python3.9/site-packages/airflow/example_dags/example_trigger_controller_dag.py took 0.085 seconds
