[2024-09-18T16:51:51.409-0500] {processor.py:186} INFO - Started process (PID=11750) to work on /Users/binhpham/Library/Python/3.9/lib/python/site-packages/airflow/example_dags/example_xcomargs.py
[2024-09-18T16:51:51.411-0500] {processor.py:914} INFO - Processing file /Users/binhpham/Library/Python/3.9/lib/python/site-packages/airflow/example_dags/example_xcomargs.py for tasks to queue
[2024-09-18T16:51:51.411-0500] {logging_mixin.py:190} INFO - [2024-09-18T16:51:51.411-0500] {dagbag.py:587} INFO - Filling up the DagBag from /Users/binhpham/Library/Python/3.9/lib/python/site-packages/airflow/example_dags/example_xcomargs.py
[2024-09-18T16:51:51.431-0500] {processor.py:925} INFO - DAG(s) 'example_xcom_args', 'example_xcom_args_with_operators' retrieved from /Users/binhpham/Library/Python/3.9/lib/python/site-packages/airflow/example_dags/example_xcomargs.py
[2024-09-18T16:51:51.491-0500] {logging_mixin.py:190} INFO - [2024-09-18T16:51:51.491-0500] {dag.py:3229} INFO - Sync 2 DAGs
[2024-09-18T16:51:51.499-0500] {logging_mixin.py:190} INFO - [2024-09-18T16:51:51.498-0500] {dag.py:4156} INFO - Setting next_dagrun for example_xcom_args to None, run_after=None
[2024-09-18T16:51:51.500-0500] {logging_mixin.py:190} INFO - [2024-09-18T16:51:51.500-0500] {dag.py:4156} INFO - Setting next_dagrun for example_xcom_args_with_operators to None, run_after=None
[2024-09-18T16:51:51.509-0500] {processor.py:208} INFO - Processing /Users/binhpham/Library/Python/3.9/lib/python/site-packages/airflow/example_dags/example_xcomargs.py took 0.101 seconds
[2024-09-18T16:53:50.554-0500] {processor.py:186} INFO - Started process (PID=12226) to work on /Users/binhpham/Library/Python/3.9/lib/python/site-packages/airflow/example_dags/example_xcomargs.py
[2024-09-18T16:53:50.557-0500] {processor.py:914} INFO - Processing file /Users/binhpham/Library/Python/3.9/lib/python/site-packages/airflow/example_dags/example_xcomargs.py for tasks to queue
[2024-09-18T16:53:50.557-0500] {logging_mixin.py:190} INFO - [2024-09-18T16:53:50.557-0500] {dagbag.py:587} INFO - Filling up the DagBag from /Users/binhpham/Library/Python/3.9/lib/python/site-packages/airflow/example_dags/example_xcomargs.py
[2024-09-18T16:53:50.576-0500] {processor.py:925} INFO - DAG(s) 'example_xcom_args', 'example_xcom_args_with_operators' retrieved from /Users/binhpham/Library/Python/3.9/lib/python/site-packages/airflow/example_dags/example_xcomargs.py
[2024-09-18T16:53:50.630-0500] {logging_mixin.py:190} INFO - [2024-09-18T16:53:50.630-0500] {dag.py:3229} INFO - Sync 2 DAGs
[2024-09-18T16:53:50.636-0500] {logging_mixin.py:190} INFO - [2024-09-18T16:53:50.636-0500] {dag.py:4156} INFO - Setting next_dagrun for example_xcom_args to None, run_after=None
[2024-09-18T16:53:50.638-0500] {logging_mixin.py:190} INFO - [2024-09-18T16:53:50.638-0500] {dag.py:4156} INFO - Setting next_dagrun for example_xcom_args_with_operators to None, run_after=None
[2024-09-18T16:53:50.646-0500] {processor.py:208} INFO - Processing /Users/binhpham/Library/Python/3.9/lib/python/site-packages/airflow/example_dags/example_xcomargs.py took 0.093 seconds
[2024-09-18T16:56:52.364-0500] {processor.py:186} INFO - Started process (PID=12848) to work on /Users/binhpham/Library/Python/3.9/lib/python/site-packages/airflow/example_dags/example_xcomargs.py
[2024-09-18T16:56:52.367-0500] {processor.py:914} INFO - Processing file /Users/binhpham/Library/Python/3.9/lib/python/site-packages/airflow/example_dags/example_xcomargs.py for tasks to queue
[2024-09-18T16:56:52.367-0500] {logging_mixin.py:190} INFO - [2024-09-18T16:56:52.367-0500] {dagbag.py:587} INFO - Filling up the DagBag from /Users/binhpham/Library/Python/3.9/lib/python/site-packages/airflow/example_dags/example_xcomargs.py
[2024-09-18T16:56:52.386-0500] {processor.py:925} INFO - DAG(s) 'example_xcom_args', 'example_xcom_args_with_operators' retrieved from /Users/binhpham/Library/Python/3.9/lib/python/site-packages/airflow/example_dags/example_xcomargs.py
[2024-09-18T16:56:52.441-0500] {logging_mixin.py:190} INFO - [2024-09-18T16:56:52.441-0500] {dag.py:3229} INFO - Sync 2 DAGs
[2024-09-18T16:56:52.447-0500] {logging_mixin.py:190} INFO - [2024-09-18T16:56:52.447-0500] {dag.py:4156} INFO - Setting next_dagrun for example_xcom_args to None, run_after=None
[2024-09-18T16:56:52.449-0500] {logging_mixin.py:190} INFO - [2024-09-18T16:56:52.448-0500] {dag.py:4156} INFO - Setting next_dagrun for example_xcom_args_with_operators to None, run_after=None
[2024-09-18T16:56:52.457-0500] {processor.py:208} INFO - Processing /Users/binhpham/Library/Python/3.9/lib/python/site-packages/airflow/example_dags/example_xcomargs.py took 0.095 seconds
[2024-09-18T16:58:53.548-0500] {processor.py:186} INFO - Started process (PID=13244) to work on /Users/binhpham/Library/Python/3.9/lib/python/site-packages/airflow/example_dags/example_xcomargs.py
[2024-09-18T16:58:53.551-0500] {processor.py:914} INFO - Processing file /Users/binhpham/Library/Python/3.9/lib/python/site-packages/airflow/example_dags/example_xcomargs.py for tasks to queue
[2024-09-18T16:58:53.551-0500] {logging_mixin.py:190} INFO - [2024-09-18T16:58:53.551-0500] {dagbag.py:587} INFO - Filling up the DagBag from /Users/binhpham/Library/Python/3.9/lib/python/site-packages/airflow/example_dags/example_xcomargs.py
[2024-09-18T16:58:53.570-0500] {processor.py:925} INFO - DAG(s) 'example_xcom_args_with_operators', 'example_xcom_args' retrieved from /Users/binhpham/Library/Python/3.9/lib/python/site-packages/airflow/example_dags/example_xcomargs.py
[2024-09-18T16:58:53.625-0500] {logging_mixin.py:190} INFO - [2024-09-18T16:58:53.625-0500] {dag.py:3229} INFO - Sync 2 DAGs
[2024-09-18T16:58:53.631-0500] {logging_mixin.py:190} INFO - [2024-09-18T16:58:53.631-0500] {dag.py:4156} INFO - Setting next_dagrun for example_xcom_args to None, run_after=None
[2024-09-18T16:58:53.632-0500] {logging_mixin.py:190} INFO - [2024-09-18T16:58:53.632-0500] {dag.py:4156} INFO - Setting next_dagrun for example_xcom_args_with_operators to None, run_after=None
[2024-09-18T16:58:53.641-0500] {processor.py:208} INFO - Processing /Users/binhpham/Library/Python/3.9/lib/python/site-packages/airflow/example_dags/example_xcomargs.py took 0.094 seconds
[2024-09-18T17:00:23.097-0500] {processor.py:186} INFO - Started process (PID=13541) to work on /Users/binhpham/Library/Python/3.9/lib/python/site-packages/airflow/example_dags/example_xcomargs.py
[2024-09-18T17:00:23.099-0500] {processor.py:914} INFO - Processing file /Users/binhpham/Library/Python/3.9/lib/python/site-packages/airflow/example_dags/example_xcomargs.py for tasks to queue
[2024-09-18T17:00:23.099-0500] {logging_mixin.py:190} INFO - [2024-09-18T17:00:23.099-0500] {dagbag.py:587} INFO - Filling up the DagBag from /Users/binhpham/Library/Python/3.9/lib/python/site-packages/airflow/example_dags/example_xcomargs.py
[2024-09-18T17:00:23.118-0500] {processor.py:925} INFO - DAG(s) 'example_xcom_args_with_operators', 'example_xcom_args' retrieved from /Users/binhpham/Library/Python/3.9/lib/python/site-packages/airflow/example_dags/example_xcomargs.py
[2024-09-18T17:00:23.172-0500] {logging_mixin.py:190} INFO - [2024-09-18T17:00:23.171-0500] {dag.py:3229} INFO - Sync 2 DAGs
[2024-09-18T17:00:23.178-0500] {logging_mixin.py:190} INFO - [2024-09-18T17:00:23.177-0500] {dag.py:4156} INFO - Setting next_dagrun for example_xcom_args to None, run_after=None
[2024-09-18T17:00:23.179-0500] {logging_mixin.py:190} INFO - [2024-09-18T17:00:23.179-0500] {dag.py:4156} INFO - Setting next_dagrun for example_xcom_args_with_operators to None, run_after=None
[2024-09-18T17:00:23.187-0500] {processor.py:208} INFO - Processing /Users/binhpham/Library/Python/3.9/lib/python/site-packages/airflow/example_dags/example_xcomargs.py took 0.092 seconds
[2024-09-18T17:01:50.568-0500] {processor.py:186} INFO - Started process (PID=13831) to work on /Users/binhpham/Library/Python/3.9/lib/python/site-packages/airflow/example_dags/example_xcomargs.py
[2024-09-18T17:01:50.570-0500] {processor.py:914} INFO - Processing file /Users/binhpham/Library/Python/3.9/lib/python/site-packages/airflow/example_dags/example_xcomargs.py for tasks to queue
[2024-09-18T17:01:50.570-0500] {logging_mixin.py:190} INFO - [2024-09-18T17:01:50.570-0500] {dagbag.py:587} INFO - Filling up the DagBag from /Users/binhpham/Library/Python/3.9/lib/python/site-packages/airflow/example_dags/example_xcomargs.py
[2024-09-18T17:01:50.591-0500] {processor.py:925} INFO - DAG(s) 'example_xcom_args', 'example_xcom_args_with_operators' retrieved from /Users/binhpham/Library/Python/3.9/lib/python/site-packages/airflow/example_dags/example_xcomargs.py
[2024-09-18T17:01:50.648-0500] {logging_mixin.py:190} INFO - [2024-09-18T17:01:50.647-0500] {dag.py:3229} INFO - Sync 2 DAGs
[2024-09-18T17:01:50.654-0500] {logging_mixin.py:190} INFO - [2024-09-18T17:01:50.654-0500] {dag.py:4156} INFO - Setting next_dagrun for example_xcom_args to None, run_after=None
[2024-09-18T17:01:50.655-0500] {logging_mixin.py:190} INFO - [2024-09-18T17:01:50.655-0500] {dag.py:4156} INFO - Setting next_dagrun for example_xcom_args_with_operators to None, run_after=None
[2024-09-18T17:01:50.664-0500] {processor.py:208} INFO - Processing /Users/binhpham/Library/Python/3.9/lib/python/site-packages/airflow/example_dags/example_xcomargs.py took 0.098 seconds
[2024-09-18T17:03:16.514-0500] {processor.py:186} INFO - Started process (PID=14116) to work on /Users/binhpham/Library/Python/3.9/lib/python/site-packages/airflow/example_dags/example_xcomargs.py
[2024-09-18T17:03:16.516-0500] {processor.py:914} INFO - Processing file /Users/binhpham/Library/Python/3.9/lib/python/site-packages/airflow/example_dags/example_xcomargs.py for tasks to queue
[2024-09-18T17:03:16.516-0500] {logging_mixin.py:190} INFO - [2024-09-18T17:03:16.516-0500] {dagbag.py:587} INFO - Filling up the DagBag from /Users/binhpham/Library/Python/3.9/lib/python/site-packages/airflow/example_dags/example_xcomargs.py
[2024-09-18T17:03:16.535-0500] {processor.py:925} INFO - DAG(s) 'example_xcom_args', 'example_xcom_args_with_operators' retrieved from /Users/binhpham/Library/Python/3.9/lib/python/site-packages/airflow/example_dags/example_xcomargs.py
[2024-09-18T17:03:16.590-0500] {logging_mixin.py:190} INFO - [2024-09-18T17:03:16.589-0500] {dag.py:3229} INFO - Sync 2 DAGs
[2024-09-18T17:03:16.595-0500] {logging_mixin.py:190} INFO - [2024-09-18T17:03:16.595-0500] {dag.py:4156} INFO - Setting next_dagrun for example_xcom_args to None, run_after=None
[2024-09-18T17:03:16.597-0500] {logging_mixin.py:190} INFO - [2024-09-18T17:03:16.597-0500] {dag.py:4156} INFO - Setting next_dagrun for example_xcom_args_with_operators to None, run_after=None
[2024-09-18T17:03:16.605-0500] {processor.py:208} INFO - Processing /Users/binhpham/Library/Python/3.9/lib/python/site-packages/airflow/example_dags/example_xcomargs.py took 0.093 seconds
[2024-09-18T17:04:44.931-0500] {processor.py:186} INFO - Started process (PID=14437) to work on /Users/binhpham/Library/Python/3.9/lib/python/site-packages/airflow/example_dags/example_xcomargs.py
[2024-09-18T17:04:44.933-0500] {processor.py:914} INFO - Processing file /Users/binhpham/Library/Python/3.9/lib/python/site-packages/airflow/example_dags/example_xcomargs.py for tasks to queue
[2024-09-18T17:04:44.933-0500] {logging_mixin.py:190} INFO - [2024-09-18T17:04:44.933-0500] {dagbag.py:587} INFO - Filling up the DagBag from /Users/binhpham/Library/Python/3.9/lib/python/site-packages/airflow/example_dags/example_xcomargs.py
[2024-09-18T17:04:44.952-0500] {processor.py:925} INFO - DAG(s) 'example_xcom_args', 'example_xcom_args_with_operators' retrieved from /Users/binhpham/Library/Python/3.9/lib/python/site-packages/airflow/example_dags/example_xcomargs.py
[2024-09-18T17:04:45.007-0500] {logging_mixin.py:190} INFO - [2024-09-18T17:04:45.007-0500] {dag.py:3229} INFO - Sync 2 DAGs
[2024-09-18T17:04:45.013-0500] {logging_mixin.py:190} INFO - [2024-09-18T17:04:45.013-0500] {dag.py:4156} INFO - Setting next_dagrun for example_xcom_args to None, run_after=None
[2024-09-18T17:04:45.015-0500] {logging_mixin.py:190} INFO - [2024-09-18T17:04:45.014-0500] {dag.py:4156} INFO - Setting next_dagrun for example_xcom_args_with_operators to None, run_after=None
[2024-09-18T17:04:45.023-0500] {processor.py:208} INFO - Processing /Users/binhpham/Library/Python/3.9/lib/python/site-packages/airflow/example_dags/example_xcomargs.py took 0.093 seconds
[2024-09-18T17:06:09.026-0500] {processor.py:186} INFO - Started process (PID=14745) to work on /Users/binhpham/Library/Python/3.9/lib/python/site-packages/airflow/example_dags/example_xcomargs.py
[2024-09-18T17:06:09.028-0500] {processor.py:914} INFO - Processing file /Users/binhpham/Library/Python/3.9/lib/python/site-packages/airflow/example_dags/example_xcomargs.py for tasks to queue
[2024-09-18T17:06:09.028-0500] {logging_mixin.py:190} INFO - [2024-09-18T17:06:09.028-0500] {dagbag.py:587} INFO - Filling up the DagBag from /Users/binhpham/Library/Python/3.9/lib/python/site-packages/airflow/example_dags/example_xcomargs.py
[2024-09-18T17:06:09.047-0500] {processor.py:925} INFO - DAG(s) 'example_xcom_args', 'example_xcom_args_with_operators' retrieved from /Users/binhpham/Library/Python/3.9/lib/python/site-packages/airflow/example_dags/example_xcomargs.py
[2024-09-18T17:06:09.101-0500] {logging_mixin.py:190} INFO - [2024-09-18T17:06:09.101-0500] {dag.py:3229} INFO - Sync 2 DAGs
[2024-09-18T17:06:09.107-0500] {logging_mixin.py:190} INFO - [2024-09-18T17:06:09.107-0500] {dag.py:4156} INFO - Setting next_dagrun for example_xcom_args to None, run_after=None
[2024-09-18T17:06:09.109-0500] {logging_mixin.py:190} INFO - [2024-09-18T17:06:09.109-0500] {dag.py:4156} INFO - Setting next_dagrun for example_xcom_args_with_operators to None, run_after=None
[2024-09-18T17:06:09.118-0500] {processor.py:208} INFO - Processing /Users/binhpham/Library/Python/3.9/lib/python/site-packages/airflow/example_dags/example_xcomargs.py took 0.093 seconds
[2024-09-18T17:07:32.234-0500] {processor.py:186} INFO - Started process (PID=15065) to work on /Users/binhpham/Library/Python/3.9/lib/python/site-packages/airflow/example_dags/example_xcomargs.py
[2024-09-18T17:07:32.236-0500] {processor.py:914} INFO - Processing file /Users/binhpham/Library/Python/3.9/lib/python/site-packages/airflow/example_dags/example_xcomargs.py for tasks to queue
[2024-09-18T17:07:32.236-0500] {logging_mixin.py:190} INFO - [2024-09-18T17:07:32.236-0500] {dagbag.py:587} INFO - Filling up the DagBag from /Users/binhpham/Library/Python/3.9/lib/python/site-packages/airflow/example_dags/example_xcomargs.py
[2024-09-18T17:07:32.255-0500] {processor.py:925} INFO - DAG(s) 'example_xcom_args', 'example_xcom_args_with_operators' retrieved from /Users/binhpham/Library/Python/3.9/lib/python/site-packages/airflow/example_dags/example_xcomargs.py
[2024-09-18T17:07:32.311-0500] {logging_mixin.py:190} INFO - [2024-09-18T17:07:32.311-0500] {dag.py:3229} INFO - Sync 2 DAGs
[2024-09-18T17:07:32.317-0500] {logging_mixin.py:190} INFO - [2024-09-18T17:07:32.317-0500] {dag.py:4156} INFO - Setting next_dagrun for example_xcom_args to None, run_after=None
[2024-09-18T17:07:32.318-0500] {logging_mixin.py:190} INFO - [2024-09-18T17:07:32.318-0500] {dag.py:4156} INFO - Setting next_dagrun for example_xcom_args_with_operators to None, run_after=None
[2024-09-18T17:07:32.327-0500] {processor.py:208} INFO - Processing /Users/binhpham/Library/Python/3.9/lib/python/site-packages/airflow/example_dags/example_xcomargs.py took 0.094 seconds
[2024-09-18T17:09:02.161-0500] {processor.py:186} INFO - Started process (PID=15373) to work on /Users/binhpham/Library/Python/3.9/lib/python/site-packages/airflow/example_dags/example_xcomargs.py
[2024-09-18T17:09:02.163-0500] {processor.py:914} INFO - Processing file /Users/binhpham/Library/Python/3.9/lib/python/site-packages/airflow/example_dags/example_xcomargs.py for tasks to queue
[2024-09-18T17:09:02.163-0500] {logging_mixin.py:190} INFO - [2024-09-18T17:09:02.163-0500] {dagbag.py:587} INFO - Filling up the DagBag from /Users/binhpham/Library/Python/3.9/lib/python/site-packages/airflow/example_dags/example_xcomargs.py
[2024-09-18T17:09:02.183-0500] {processor.py:925} INFO - DAG(s) 'example_xcom_args_with_operators', 'example_xcom_args' retrieved from /Users/binhpham/Library/Python/3.9/lib/python/site-packages/airflow/example_dags/example_xcomargs.py
[2024-09-18T17:09:02.238-0500] {logging_mixin.py:190} INFO - [2024-09-18T17:09:02.237-0500] {dag.py:3229} INFO - Sync 2 DAGs
[2024-09-18T17:09:02.244-0500] {logging_mixin.py:190} INFO - [2024-09-18T17:09:02.244-0500] {dag.py:4156} INFO - Setting next_dagrun for example_xcom_args to None, run_after=None
[2024-09-18T17:09:02.245-0500] {logging_mixin.py:190} INFO - [2024-09-18T17:09:02.245-0500] {dag.py:4156} INFO - Setting next_dagrun for example_xcom_args_with_operators to None, run_after=None
[2024-09-18T17:09:02.253-0500] {processor.py:208} INFO - Processing /Users/binhpham/Library/Python/3.9/lib/python/site-packages/airflow/example_dags/example_xcomargs.py took 0.094 seconds
[2024-09-18T17:10:30.642-0500] {processor.py:186} INFO - Started process (PID=15674) to work on /Users/binhpham/Library/Python/3.9/lib/python/site-packages/airflow/example_dags/example_xcomargs.py
[2024-09-18T17:10:30.644-0500] {processor.py:914} INFO - Processing file /Users/binhpham/Library/Python/3.9/lib/python/site-packages/airflow/example_dags/example_xcomargs.py for tasks to queue
[2024-09-18T17:10:30.644-0500] {logging_mixin.py:190} INFO - [2024-09-18T17:10:30.644-0500] {dagbag.py:587} INFO - Filling up the DagBag from /Users/binhpham/Library/Python/3.9/lib/python/site-packages/airflow/example_dags/example_xcomargs.py
[2024-09-18T17:10:30.664-0500] {processor.py:925} INFO - DAG(s) 'example_xcom_args', 'example_xcom_args_with_operators' retrieved from /Users/binhpham/Library/Python/3.9/lib/python/site-packages/airflow/example_dags/example_xcomargs.py
[2024-09-18T17:10:30.720-0500] {logging_mixin.py:190} INFO - [2024-09-18T17:10:30.719-0500] {dag.py:3229} INFO - Sync 2 DAGs
[2024-09-18T17:10:30.726-0500] {logging_mixin.py:190} INFO - [2024-09-18T17:10:30.726-0500] {dag.py:4156} INFO - Setting next_dagrun for example_xcom_args to None, run_after=None
[2024-09-18T17:10:30.727-0500] {logging_mixin.py:190} INFO - [2024-09-18T17:10:30.727-0500] {dag.py:4156} INFO - Setting next_dagrun for example_xcom_args_with_operators to None, run_after=None
[2024-09-18T17:10:30.736-0500] {processor.py:208} INFO - Processing /Users/binhpham/Library/Python/3.9/lib/python/site-packages/airflow/example_dags/example_xcomargs.py took 0.096 seconds
[2024-09-18T17:11:58.824-0500] {processor.py:186} INFO - Started process (PID=16000) to work on /Users/binhpham/Library/Python/3.9/lib/python/site-packages/airflow/example_dags/example_xcomargs.py
[2024-09-18T17:11:58.826-0500] {processor.py:914} INFO - Processing file /Users/binhpham/Library/Python/3.9/lib/python/site-packages/airflow/example_dags/example_xcomargs.py for tasks to queue
[2024-09-18T17:11:58.826-0500] {logging_mixin.py:190} INFO - [2024-09-18T17:11:58.826-0500] {dagbag.py:587} INFO - Filling up the DagBag from /Users/binhpham/Library/Python/3.9/lib/python/site-packages/airflow/example_dags/example_xcomargs.py
[2024-09-18T17:11:58.845-0500] {processor.py:925} INFO - DAG(s) 'example_xcom_args', 'example_xcom_args_with_operators' retrieved from /Users/binhpham/Library/Python/3.9/lib/python/site-packages/airflow/example_dags/example_xcomargs.py
[2024-09-18T17:11:58.900-0500] {logging_mixin.py:190} INFO - [2024-09-18T17:11:58.900-0500] {dag.py:3229} INFO - Sync 2 DAGs
[2024-09-18T17:11:58.906-0500] {logging_mixin.py:190} INFO - [2024-09-18T17:11:58.906-0500] {dag.py:4156} INFO - Setting next_dagrun for example_xcom_args to None, run_after=None
[2024-09-18T17:11:58.908-0500] {logging_mixin.py:190} INFO - [2024-09-18T17:11:58.908-0500] {dag.py:4156} INFO - Setting next_dagrun for example_xcom_args_with_operators to None, run_after=None
[2024-09-18T17:11:58.916-0500] {processor.py:208} INFO - Processing /Users/binhpham/Library/Python/3.9/lib/python/site-packages/airflow/example_dags/example_xcomargs.py took 0.093 seconds
[2024-09-18T17:13:27.660-0500] {processor.py:186} INFO - Started process (PID=16320) to work on /Users/binhpham/Library/Python/3.9/lib/python/site-packages/airflow/example_dags/example_xcomargs.py
[2024-09-18T17:13:27.662-0500] {processor.py:914} INFO - Processing file /Users/binhpham/Library/Python/3.9/lib/python/site-packages/airflow/example_dags/example_xcomargs.py for tasks to queue
[2024-09-18T17:13:27.662-0500] {logging_mixin.py:190} INFO - [2024-09-18T17:13:27.662-0500] {dagbag.py:587} INFO - Filling up the DagBag from /Users/binhpham/Library/Python/3.9/lib/python/site-packages/airflow/example_dags/example_xcomargs.py
[2024-09-18T17:13:27.681-0500] {processor.py:925} INFO - DAG(s) 'example_xcom_args_with_operators', 'example_xcom_args' retrieved from /Users/binhpham/Library/Python/3.9/lib/python/site-packages/airflow/example_dags/example_xcomargs.py
[2024-09-18T17:13:27.739-0500] {logging_mixin.py:190} INFO - [2024-09-18T17:13:27.739-0500] {dag.py:3229} INFO - Sync 2 DAGs
[2024-09-18T17:13:27.745-0500] {logging_mixin.py:190} INFO - [2024-09-18T17:13:27.745-0500] {dag.py:4156} INFO - Setting next_dagrun for example_xcom_args to None, run_after=None
[2024-09-18T17:13:27.746-0500] {logging_mixin.py:190} INFO - [2024-09-18T17:13:27.746-0500] {dag.py:4156} INFO - Setting next_dagrun for example_xcom_args_with_operators to None, run_after=None
[2024-09-18T17:13:27.755-0500] {processor.py:208} INFO - Processing /Users/binhpham/Library/Python/3.9/lib/python/site-packages/airflow/example_dags/example_xcomargs.py took 0.096 seconds
[2024-09-18T17:15:15.977-0500] {processor.py:186} INFO - Started process (PID=16810) to work on /Users/binhpham/Library/Python/3.9/lib/python/site-packages/airflow/example_dags/example_xcomargs.py
[2024-09-18T17:15:15.979-0500] {processor.py:914} INFO - Processing file /Users/binhpham/Library/Python/3.9/lib/python/site-packages/airflow/example_dags/example_xcomargs.py for tasks to queue
[2024-09-18T17:15:15.980-0500] {logging_mixin.py:190} INFO - [2024-09-18T17:15:15.979-0500] {dagbag.py:587} INFO - Filling up the DagBag from /Users/binhpham/Library/Python/3.9/lib/python/site-packages/airflow/example_dags/example_xcomargs.py
[2024-09-18T17:15:15.999-0500] {processor.py:925} INFO - DAG(s) 'example_xcom_args', 'example_xcom_args_with_operators' retrieved from /Users/binhpham/Library/Python/3.9/lib/python/site-packages/airflow/example_dags/example_xcomargs.py
[2024-09-18T17:15:16.054-0500] {logging_mixin.py:190} INFO - [2024-09-18T17:15:16.053-0500] {dag.py:3229} INFO - Sync 2 DAGs
[2024-09-18T17:15:16.059-0500] {logging_mixin.py:190} INFO - [2024-09-18T17:15:16.059-0500] {dag.py:4156} INFO - Setting next_dagrun for example_xcom_args to None, run_after=None
[2024-09-18T17:15:16.061-0500] {logging_mixin.py:190} INFO - [2024-09-18T17:15:16.061-0500] {dag.py:4156} INFO - Setting next_dagrun for example_xcom_args_with_operators to None, run_after=None
[2024-09-18T17:15:16.069-0500] {processor.py:208} INFO - Processing /Users/binhpham/Library/Python/3.9/lib/python/site-packages/airflow/example_dags/example_xcomargs.py took 0.093 seconds
[2024-09-18T17:17:18.378-0500] {processor.py:186} INFO - Started process (PID=17280) to work on /Users/binhpham/Library/Python/3.9/lib/python/site-packages/airflow/example_dags/example_xcomargs.py
[2024-09-18T17:17:18.381-0500] {processor.py:914} INFO - Processing file /Users/binhpham/Library/Python/3.9/lib/python/site-packages/airflow/example_dags/example_xcomargs.py for tasks to queue
[2024-09-18T17:17:18.382-0500] {logging_mixin.py:190} INFO - [2024-09-18T17:17:18.382-0500] {dagbag.py:587} INFO - Filling up the DagBag from /Users/binhpham/Library/Python/3.9/lib/python/site-packages/airflow/example_dags/example_xcomargs.py
[2024-09-18T17:17:18.401-0500] {processor.py:925} INFO - DAG(s) 'example_xcom_args', 'example_xcom_args_with_operators' retrieved from /Users/binhpham/Library/Python/3.9/lib/python/site-packages/airflow/example_dags/example_xcomargs.py
[2024-09-18T17:17:18.458-0500] {logging_mixin.py:190} INFO - [2024-09-18T17:17:18.458-0500] {dag.py:3229} INFO - Sync 2 DAGs
[2024-09-18T17:17:18.465-0500] {logging_mixin.py:190} INFO - [2024-09-18T17:17:18.465-0500] {dag.py:4156} INFO - Setting next_dagrun for example_xcom_args to None, run_after=None
[2024-09-18T17:17:18.466-0500] {logging_mixin.py:190} INFO - [2024-09-18T17:17:18.466-0500] {dag.py:4156} INFO - Setting next_dagrun for example_xcom_args_with_operators to None, run_after=None
[2024-09-18T17:17:18.475-0500] {processor.py:208} INFO - Processing /Users/binhpham/Library/Python/3.9/lib/python/site-packages/airflow/example_dags/example_xcomargs.py took 0.098 seconds
[2024-09-18T17:18:46.953-0500] {processor.py:186} INFO - Started process (PID=18156) to work on /Users/binhpham/Library/Python/3.9/lib/python/site-packages/airflow/example_dags/example_xcomargs.py
[2024-09-18T17:18:46.956-0500] {processor.py:914} INFO - Processing file /Users/binhpham/Library/Python/3.9/lib/python/site-packages/airflow/example_dags/example_xcomargs.py for tasks to queue
[2024-09-18T17:18:46.956-0500] {logging_mixin.py:190} INFO - [2024-09-18T17:18:46.956-0500] {dagbag.py:587} INFO - Filling up the DagBag from /Users/binhpham/Library/Python/3.9/lib/python/site-packages/airflow/example_dags/example_xcomargs.py
[2024-09-18T17:18:46.975-0500] {processor.py:925} INFO - DAG(s) 'example_xcom_args', 'example_xcom_args_with_operators' retrieved from /Users/binhpham/Library/Python/3.9/lib/python/site-packages/airflow/example_dags/example_xcomargs.py
[2024-09-18T17:18:47.032-0500] {logging_mixin.py:190} INFO - [2024-09-18T17:18:47.032-0500] {dag.py:3229} INFO - Sync 2 DAGs
[2024-09-18T17:18:47.039-0500] {logging_mixin.py:190} INFO - [2024-09-18T17:18:47.039-0500] {dag.py:4156} INFO - Setting next_dagrun for example_xcom_args to None, run_after=None
[2024-09-18T17:18:47.041-0500] {logging_mixin.py:190} INFO - [2024-09-18T17:18:47.041-0500] {dag.py:4156} INFO - Setting next_dagrun for example_xcom_args_with_operators to None, run_after=None
[2024-09-18T17:18:47.050-0500] {processor.py:208} INFO - Processing /Users/binhpham/Library/Python/3.9/lib/python/site-packages/airflow/example_dags/example_xcomargs.py took 0.099 seconds
[2024-09-18T17:20:17.950-0500] {processor.py:186} INFO - Started process (PID=18452) to work on /Users/binhpham/Library/Python/3.9/lib/python/site-packages/airflow/example_dags/example_xcomargs.py
[2024-09-18T17:20:17.952-0500] {processor.py:914} INFO - Processing file /Users/binhpham/Library/Python/3.9/lib/python/site-packages/airflow/example_dags/example_xcomargs.py for tasks to queue
[2024-09-18T17:20:17.953-0500] {logging_mixin.py:190} INFO - [2024-09-18T17:20:17.953-0500] {dagbag.py:587} INFO - Filling up the DagBag from /Users/binhpham/Library/Python/3.9/lib/python/site-packages/airflow/example_dags/example_xcomargs.py
[2024-09-18T17:20:17.974-0500] {processor.py:925} INFO - DAG(s) 'example_xcom_args_with_operators', 'example_xcom_args' retrieved from /Users/binhpham/Library/Python/3.9/lib/python/site-packages/airflow/example_dags/example_xcomargs.py
[2024-09-18T17:20:18.030-0500] {logging_mixin.py:190} INFO - [2024-09-18T17:20:18.030-0500] {dag.py:3229} INFO - Sync 2 DAGs
[2024-09-18T17:20:18.036-0500] {logging_mixin.py:190} INFO - [2024-09-18T17:20:18.036-0500] {dag.py:4156} INFO - Setting next_dagrun for example_xcom_args to None, run_after=None
[2024-09-18T17:20:18.037-0500] {logging_mixin.py:190} INFO - [2024-09-18T17:20:18.037-0500] {dag.py:4156} INFO - Setting next_dagrun for example_xcom_args_with_operators to None, run_after=None
[2024-09-18T17:20:18.046-0500] {processor.py:208} INFO - Processing /Users/binhpham/Library/Python/3.9/lib/python/site-packages/airflow/example_dags/example_xcomargs.py took 0.098 seconds
[2024-09-18T17:22:20.982-0500] {processor.py:186} INFO - Started process (PID=19502) to work on /Users/binhpham/Projects/dbt_project/venv/lib/python3.9/site-packages/airflow/example_dags/example_xcomargs.py
[2024-09-18T17:22:20.983-0500] {processor.py:914} INFO - Processing file /Users/binhpham/Projects/dbt_project/venv/lib/python3.9/site-packages/airflow/example_dags/example_xcomargs.py for tasks to queue
[2024-09-18T17:22:20.984-0500] {logging_mixin.py:190} INFO - [2024-09-18T17:22:20.984-0500] {dagbag.py:587} INFO - Filling up the DagBag from /Users/binhpham/Projects/dbt_project/venv/lib/python3.9/site-packages/airflow/example_dags/example_xcomargs.py
[2024-09-18T17:22:21.003-0500] {processor.py:925} INFO - DAG(s) 'example_xcom_args_with_operators', 'example_xcom_args' retrieved from /Users/binhpham/Projects/dbt_project/venv/lib/python3.9/site-packages/airflow/example_dags/example_xcomargs.py
[2024-09-18T17:22:21.114-0500] {logging_mixin.py:190} INFO - [2024-09-18T17:22:21.114-0500] {dag.py:3229} INFO - Sync 2 DAGs
[2024-09-18T17:22:21.121-0500] {logging_mixin.py:190} INFO - [2024-09-18T17:22:21.120-0500] {dag.py:4156} INFO - Setting next_dagrun for example_xcom_args to None, run_after=None
[2024-09-18T17:22:21.122-0500] {logging_mixin.py:190} INFO - [2024-09-18T17:22:21.122-0500] {dag.py:4156} INFO - Setting next_dagrun for example_xcom_args_with_operators to None, run_after=None
[2024-09-18T17:22:21.132-0500] {processor.py:208} INFO - Processing /Users/binhpham/Projects/dbt_project/venv/lib/python3.9/site-packages/airflow/example_dags/example_xcomargs.py took 0.152 seconds
[2024-09-18T17:24:16.838-0500] {processor.py:186} INFO - Started process (PID=19929) to work on /Users/binhpham/Projects/dbt_project/venv/lib/python3.9/site-packages/airflow/example_dags/example_xcomargs.py
[2024-09-18T17:24:16.841-0500] {processor.py:914} INFO - Processing file /Users/binhpham/Projects/dbt_project/venv/lib/python3.9/site-packages/airflow/example_dags/example_xcomargs.py for tasks to queue
[2024-09-18T17:24:16.841-0500] {logging_mixin.py:190} INFO - [2024-09-18T17:24:16.841-0500] {dagbag.py:587} INFO - Filling up the DagBag from /Users/binhpham/Projects/dbt_project/venv/lib/python3.9/site-packages/airflow/example_dags/example_xcomargs.py
[2024-09-18T17:24:16.861-0500] {processor.py:925} INFO - DAG(s) 'example_xcom_args_with_operators', 'example_xcom_args' retrieved from /Users/binhpham/Projects/dbt_project/venv/lib/python3.9/site-packages/airflow/example_dags/example_xcomargs.py
[2024-09-18T17:24:16.915-0500] {logging_mixin.py:190} INFO - [2024-09-18T17:24:16.915-0500] {dag.py:3229} INFO - Sync 2 DAGs
[2024-09-18T17:24:16.921-0500] {logging_mixin.py:190} INFO - [2024-09-18T17:24:16.921-0500] {dag.py:4156} INFO - Setting next_dagrun for example_xcom_args to None, run_after=None
[2024-09-18T17:24:16.922-0500] {logging_mixin.py:190} INFO - [2024-09-18T17:24:16.922-0500] {dag.py:4156} INFO - Setting next_dagrun for example_xcom_args_with_operators to None, run_after=None
[2024-09-18T17:24:16.930-0500] {processor.py:208} INFO - Processing /Users/binhpham/Projects/dbt_project/venv/lib/python3.9/site-packages/airflow/example_dags/example_xcomargs.py took 0.094 seconds
[2024-09-18T17:25:18.684-0500] {processor.py:186} INFO - Started process (PID=20176) to work on /Users/binhpham/Projects/dbt_project/venv/lib/python3.9/site-packages/airflow/example_dags/example_xcomargs.py
[2024-09-18T17:25:18.685-0500] {processor.py:914} INFO - Processing file /Users/binhpham/Projects/dbt_project/venv/lib/python3.9/site-packages/airflow/example_dags/example_xcomargs.py for tasks to queue
[2024-09-18T17:25:18.686-0500] {logging_mixin.py:190} INFO - [2024-09-18T17:25:18.686-0500] {dagbag.py:587} INFO - Filling up the DagBag from /Users/binhpham/Projects/dbt_project/venv/lib/python3.9/site-packages/airflow/example_dags/example_xcomargs.py
[2024-09-18T17:25:18.707-0500] {processor.py:925} INFO - DAG(s) 'example_xcom_args', 'example_xcom_args_with_operators' retrieved from /Users/binhpham/Projects/dbt_project/venv/lib/python3.9/site-packages/airflow/example_dags/example_xcomargs.py
[2024-09-18T17:25:18.764-0500] {logging_mixin.py:190} INFO - [2024-09-18T17:25:18.763-0500] {dag.py:3229} INFO - Sync 2 DAGs
[2024-09-18T17:25:18.769-0500] {logging_mixin.py:190} INFO - [2024-09-18T17:25:18.769-0500] {dag.py:4156} INFO - Setting next_dagrun for example_xcom_args to None, run_after=None
[2024-09-18T17:25:18.771-0500] {logging_mixin.py:190} INFO - [2024-09-18T17:25:18.771-0500] {dag.py:4156} INFO - Setting next_dagrun for example_xcom_args_with_operators to None, run_after=None
[2024-09-18T17:25:18.781-0500] {processor.py:208} INFO - Processing /Users/binhpham/Projects/dbt_project/venv/lib/python3.9/site-packages/airflow/example_dags/example_xcomargs.py took 0.098 seconds
[2024-09-18T17:26:22.411-0500] {processor.py:186} INFO - Started process (PID=20413) to work on /Users/binhpham/Projects/dbt_project/venv/lib/python3.9/site-packages/airflow/example_dags/example_xcomargs.py
[2024-09-18T17:26:22.413-0500] {processor.py:914} INFO - Processing file /Users/binhpham/Projects/dbt_project/venv/lib/python3.9/site-packages/airflow/example_dags/example_xcomargs.py for tasks to queue
[2024-09-18T17:26:22.413-0500] {logging_mixin.py:190} INFO - [2024-09-18T17:26:22.413-0500] {dagbag.py:587} INFO - Filling up the DagBag from /Users/binhpham/Projects/dbt_project/venv/lib/python3.9/site-packages/airflow/example_dags/example_xcomargs.py
[2024-09-18T17:26:22.433-0500] {processor.py:925} INFO - DAG(s) 'example_xcom_args', 'example_xcom_args_with_operators' retrieved from /Users/binhpham/Projects/dbt_project/venv/lib/python3.9/site-packages/airflow/example_dags/example_xcomargs.py
[2024-09-18T17:26:22.492-0500] {logging_mixin.py:190} INFO - [2024-09-18T17:26:22.491-0500] {dag.py:3229} INFO - Sync 2 DAGs
[2024-09-18T17:26:22.497-0500] {logging_mixin.py:190} INFO - [2024-09-18T17:26:22.497-0500] {dag.py:4156} INFO - Setting next_dagrun for example_xcom_args to None, run_after=None
[2024-09-18T17:26:22.499-0500] {logging_mixin.py:190} INFO - [2024-09-18T17:26:22.499-0500] {dag.py:4156} INFO - Setting next_dagrun for example_xcom_args_with_operators to None, run_after=None
[2024-09-18T17:26:22.507-0500] {processor.py:208} INFO - Processing /Users/binhpham/Projects/dbt_project/venv/lib/python3.9/site-packages/airflow/example_dags/example_xcomargs.py took 0.097 seconds
[2024-09-18T17:28:46.843-0500] {processor.py:186} INFO - Started process (PID=21068) to work on /Users/binhpham/Projects/dbt_project/venv/lib/python3.9/site-packages/airflow/example_dags/example_xcomargs.py
[2024-09-18T17:28:46.845-0500] {processor.py:914} INFO - Processing file /Users/binhpham/Projects/dbt_project/venv/lib/python3.9/site-packages/airflow/example_dags/example_xcomargs.py for tasks to queue
[2024-09-18T17:28:46.846-0500] {logging_mixin.py:190} INFO - [2024-09-18T17:28:46.846-0500] {dagbag.py:587} INFO - Filling up the DagBag from /Users/binhpham/Projects/dbt_project/venv/lib/python3.9/site-packages/airflow/example_dags/example_xcomargs.py
[2024-09-18T17:28:46.865-0500] {processor.py:925} INFO - DAG(s) 'example_xcom_args_with_operators', 'example_xcom_args' retrieved from /Users/binhpham/Projects/dbt_project/venv/lib/python3.9/site-packages/airflow/example_dags/example_xcomargs.py
[2024-09-18T17:28:46.919-0500] {logging_mixin.py:190} INFO - [2024-09-18T17:28:46.919-0500] {dag.py:3229} INFO - Sync 2 DAGs
[2024-09-18T17:28:46.925-0500] {logging_mixin.py:190} INFO - [2024-09-18T17:28:46.925-0500] {dag.py:4156} INFO - Setting next_dagrun for example_xcom_args to None, run_after=None
[2024-09-18T17:28:46.926-0500] {logging_mixin.py:190} INFO - [2024-09-18T17:28:46.926-0500] {dag.py:4156} INFO - Setting next_dagrun for example_xcom_args_with_operators to None, run_after=None
[2024-09-18T17:28:46.934-0500] {processor.py:208} INFO - Processing /Users/binhpham/Projects/dbt_project/venv/lib/python3.9/site-packages/airflow/example_dags/example_xcomargs.py took 0.093 seconds
[2024-09-18T17:30:45.043-0500] {processor.py:186} INFO - Started process (PID=22080) to work on /Users/binhpham/Projects/dbt_project/venv/lib/python3.9/site-packages/airflow/example_dags/example_xcomargs.py
[2024-09-18T17:30:45.045-0500] {processor.py:914} INFO - Processing file /Users/binhpham/Projects/dbt_project/venv/lib/python3.9/site-packages/airflow/example_dags/example_xcomargs.py for tasks to queue
[2024-09-18T17:30:45.045-0500] {logging_mixin.py:190} INFO - [2024-09-18T17:30:45.045-0500] {dagbag.py:587} INFO - Filling up the DagBag from /Users/binhpham/Projects/dbt_project/venv/lib/python3.9/site-packages/airflow/example_dags/example_xcomargs.py
[2024-09-18T17:30:45.064-0500] {processor.py:925} INFO - DAG(s) 'example_xcom_args', 'example_xcom_args_with_operators' retrieved from /Users/binhpham/Projects/dbt_project/venv/lib/python3.9/site-packages/airflow/example_dags/example_xcomargs.py
[2024-09-18T17:30:45.118-0500] {logging_mixin.py:190} INFO - [2024-09-18T17:30:45.118-0500] {dag.py:3229} INFO - Sync 2 DAGs
[2024-09-18T17:30:45.124-0500] {logging_mixin.py:190} INFO - [2024-09-18T17:30:45.124-0500] {dag.py:4156} INFO - Setting next_dagrun for example_xcom_args to None, run_after=None
[2024-09-18T17:30:45.125-0500] {logging_mixin.py:190} INFO - [2024-09-18T17:30:45.125-0500] {dag.py:4156} INFO - Setting next_dagrun for example_xcom_args_with_operators to None, run_after=None
[2024-09-18T17:30:45.133-0500] {processor.py:208} INFO - Processing /Users/binhpham/Projects/dbt_project/venv/lib/python3.9/site-packages/airflow/example_dags/example_xcomargs.py took 0.092 seconds
[2024-09-18T17:32:08.830-0500] {processor.py:186} INFO - Started process (PID=22719) to work on /Users/binhpham/Projects/dbt_project/venv/lib/python3.9/site-packages/airflow/example_dags/example_xcomargs.py
[2024-09-18T17:32:08.832-0500] {processor.py:914} INFO - Processing file /Users/binhpham/Projects/dbt_project/venv/lib/python3.9/site-packages/airflow/example_dags/example_xcomargs.py for tasks to queue
[2024-09-18T17:32:08.833-0500] {logging_mixin.py:190} INFO - [2024-09-18T17:32:08.833-0500] {dagbag.py:587} INFO - Filling up the DagBag from /Users/binhpham/Projects/dbt_project/venv/lib/python3.9/site-packages/airflow/example_dags/example_xcomargs.py
[2024-09-18T17:32:08.853-0500] {processor.py:925} INFO - DAG(s) 'example_xcom_args', 'example_xcom_args_with_operators' retrieved from /Users/binhpham/Projects/dbt_project/venv/lib/python3.9/site-packages/airflow/example_dags/example_xcomargs.py
[2024-09-18T17:32:08.911-0500] {logging_mixin.py:190} INFO - [2024-09-18T17:32:08.911-0500] {dag.py:3229} INFO - Sync 2 DAGs
[2024-09-18T17:32:08.917-0500] {logging_mixin.py:190} INFO - [2024-09-18T17:32:08.917-0500] {dag.py:4156} INFO - Setting next_dagrun for example_xcom_args to None, run_after=None
[2024-09-18T17:32:08.919-0500] {logging_mixin.py:190} INFO - [2024-09-18T17:32:08.919-0500] {dag.py:4156} INFO - Setting next_dagrun for example_xcom_args_with_operators to None, run_after=None
[2024-09-18T17:32:08.928-0500] {processor.py:208} INFO - Processing /Users/binhpham/Projects/dbt_project/venv/lib/python3.9/site-packages/airflow/example_dags/example_xcomargs.py took 0.100 seconds
[2024-09-18T17:33:37.177-0500] {processor.py:186} INFO - Started process (PID=23044) to work on /Users/binhpham/Projects/dbt_project/venv/lib/python3.9/site-packages/airflow/example_dags/example_xcomargs.py
[2024-09-18T17:33:37.179-0500] {processor.py:914} INFO - Processing file /Users/binhpham/Projects/dbt_project/venv/lib/python3.9/site-packages/airflow/example_dags/example_xcomargs.py for tasks to queue
[2024-09-18T17:33:37.180-0500] {logging_mixin.py:190} INFO - [2024-09-18T17:33:37.180-0500] {dagbag.py:587} INFO - Filling up the DagBag from /Users/binhpham/Projects/dbt_project/venv/lib/python3.9/site-packages/airflow/example_dags/example_xcomargs.py
[2024-09-18T17:33:37.199-0500] {processor.py:925} INFO - DAG(s) 'example_xcom_args_with_operators', 'example_xcom_args' retrieved from /Users/binhpham/Projects/dbt_project/venv/lib/python3.9/site-packages/airflow/example_dags/example_xcomargs.py
[2024-09-18T17:33:37.253-0500] {logging_mixin.py:190} INFO - [2024-09-18T17:33:37.253-0500] {dag.py:3229} INFO - Sync 2 DAGs
[2024-09-18T17:33:37.259-0500] {logging_mixin.py:190} INFO - [2024-09-18T17:33:37.259-0500] {dag.py:4156} INFO - Setting next_dagrun for example_xcom_args to None, run_after=None
[2024-09-18T17:33:37.260-0500] {logging_mixin.py:190} INFO - [2024-09-18T17:33:37.260-0500] {dag.py:4156} INFO - Setting next_dagrun for example_xcom_args_with_operators to None, run_after=None
[2024-09-18T17:33:37.268-0500] {processor.py:208} INFO - Processing /Users/binhpham/Projects/dbt_project/venv/lib/python3.9/site-packages/airflow/example_dags/example_xcomargs.py took 0.093 seconds
[2024-09-18T17:34:34.133-0500] {processor.py:186} INFO - Started process (PID=23250) to work on /Users/binhpham/Projects/dbt_project/venv/lib/python3.9/site-packages/airflow/example_dags/example_xcomargs.py
[2024-09-18T17:34:34.135-0500] {processor.py:914} INFO - Processing file /Users/binhpham/Projects/dbt_project/venv/lib/python3.9/site-packages/airflow/example_dags/example_xcomargs.py for tasks to queue
[2024-09-18T17:34:34.136-0500] {logging_mixin.py:190} INFO - [2024-09-18T17:34:34.136-0500] {dagbag.py:587} INFO - Filling up the DagBag from /Users/binhpham/Projects/dbt_project/venv/lib/python3.9/site-packages/airflow/example_dags/example_xcomargs.py
[2024-09-18T17:34:34.160-0500] {processor.py:925} INFO - DAG(s) 'example_xcom_args', 'example_xcom_args_with_operators' retrieved from /Users/binhpham/Projects/dbt_project/venv/lib/python3.9/site-packages/airflow/example_dags/example_xcomargs.py
[2024-09-18T17:34:34.227-0500] {logging_mixin.py:190} INFO - [2024-09-18T17:34:34.227-0500] {dag.py:3229} INFO - Sync 2 DAGs
[2024-09-18T17:34:34.234-0500] {logging_mixin.py:190} INFO - [2024-09-18T17:34:34.234-0500] {dag.py:4156} INFO - Setting next_dagrun for example_xcom_args to None, run_after=None
[2024-09-18T17:34:34.239-0500] {logging_mixin.py:190} INFO - [2024-09-18T17:34:34.238-0500] {dag.py:4156} INFO - Setting next_dagrun for example_xcom_args_with_operators to None, run_after=None
[2024-09-18T17:34:34.252-0500] {processor.py:208} INFO - Processing /Users/binhpham/Projects/dbt_project/venv/lib/python3.9/site-packages/airflow/example_dags/example_xcomargs.py took 0.121 seconds
[2024-09-18T17:36:32.638-0500] {processor.py:186} INFO - Started process (PID=23883) to work on /Users/binhpham/Projects/dbt_project/venv/lib/python3.9/site-packages/airflow/example_dags/example_xcomargs.py
[2024-09-18T17:36:32.639-0500] {processor.py:914} INFO - Processing file /Users/binhpham/Projects/dbt_project/venv/lib/python3.9/site-packages/airflow/example_dags/example_xcomargs.py for tasks to queue
[2024-09-18T17:36:32.640-0500] {logging_mixin.py:190} INFO - [2024-09-18T17:36:32.640-0500] {dagbag.py:587} INFO - Filling up the DagBag from /Users/binhpham/Projects/dbt_project/venv/lib/python3.9/site-packages/airflow/example_dags/example_xcomargs.py
[2024-09-18T17:36:32.659-0500] {processor.py:925} INFO - DAG(s) 'example_xcom_args', 'example_xcom_args_with_operators' retrieved from /Users/binhpham/Projects/dbt_project/venv/lib/python3.9/site-packages/airflow/example_dags/example_xcomargs.py
[2024-09-18T17:36:32.713-0500] {logging_mixin.py:190} INFO - [2024-09-18T17:36:32.713-0500] {dag.py:3229} INFO - Sync 2 DAGs
[2024-09-18T17:36:32.719-0500] {logging_mixin.py:190} INFO - [2024-09-18T17:36:32.719-0500] {dag.py:4156} INFO - Setting next_dagrun for example_xcom_args to None, run_after=None
[2024-09-18T17:36:32.720-0500] {logging_mixin.py:190} INFO - [2024-09-18T17:36:32.720-0500] {dag.py:4156} INFO - Setting next_dagrun for example_xcom_args_with_operators to None, run_after=None
[2024-09-18T17:36:32.728-0500] {processor.py:208} INFO - Processing /Users/binhpham/Projects/dbt_project/venv/lib/python3.9/site-packages/airflow/example_dags/example_xcomargs.py took 0.092 seconds
[2024-09-18T17:37:55.998-0500] {processor.py:186} INFO - Started process (PID=24148) to work on /Users/binhpham/Projects/dbt_project/venv/lib/python3.9/site-packages/airflow/example_dags/example_xcomargs.py
[2024-09-18T17:37:56.000-0500] {processor.py:914} INFO - Processing file /Users/binhpham/Projects/dbt_project/venv/lib/python3.9/site-packages/airflow/example_dags/example_xcomargs.py for tasks to queue
[2024-09-18T17:37:56.000-0500] {logging_mixin.py:190} INFO - [2024-09-18T17:37:56.000-0500] {dagbag.py:587} INFO - Filling up the DagBag from /Users/binhpham/Projects/dbt_project/venv/lib/python3.9/site-packages/airflow/example_dags/example_xcomargs.py
[2024-09-18T17:37:56.020-0500] {processor.py:925} INFO - DAG(s) 'example_xcom_args_with_operators', 'example_xcom_args' retrieved from /Users/binhpham/Projects/dbt_project/venv/lib/python3.9/site-packages/airflow/example_dags/example_xcomargs.py
[2024-09-18T17:37:56.076-0500] {logging_mixin.py:190} INFO - [2024-09-18T17:37:56.076-0500] {dag.py:3229} INFO - Sync 2 DAGs
[2024-09-18T17:37:56.082-0500] {logging_mixin.py:190} INFO - [2024-09-18T17:37:56.082-0500] {dag.py:4156} INFO - Setting next_dagrun for example_xcom_args to None, run_after=None
[2024-09-18T17:37:56.083-0500] {logging_mixin.py:190} INFO - [2024-09-18T17:37:56.083-0500] {dag.py:4156} INFO - Setting next_dagrun for example_xcom_args_with_operators to None, run_after=None
[2024-09-18T17:37:56.091-0500] {processor.py:208} INFO - Processing /Users/binhpham/Projects/dbt_project/venv/lib/python3.9/site-packages/airflow/example_dags/example_xcomargs.py took 0.095 seconds
[2024-09-18T17:39:18.226-0500] {processor.py:186} INFO - Started process (PID=24415) to work on /Users/binhpham/Projects/dbt_project/venv/lib/python3.9/site-packages/airflow/example_dags/example_xcomargs.py
[2024-09-18T17:39:18.228-0500] {processor.py:914} INFO - Processing file /Users/binhpham/Projects/dbt_project/venv/lib/python3.9/site-packages/airflow/example_dags/example_xcomargs.py for tasks to queue
[2024-09-18T17:39:18.228-0500] {logging_mixin.py:190} INFO - [2024-09-18T17:39:18.228-0500] {dagbag.py:587} INFO - Filling up the DagBag from /Users/binhpham/Projects/dbt_project/venv/lib/python3.9/site-packages/airflow/example_dags/example_xcomargs.py
[2024-09-18T17:39:18.248-0500] {processor.py:925} INFO - DAG(s) 'example_xcom_args_with_operators', 'example_xcom_args' retrieved from /Users/binhpham/Projects/dbt_project/venv/lib/python3.9/site-packages/airflow/example_dags/example_xcomargs.py
[2024-09-18T17:39:18.307-0500] {logging_mixin.py:190} INFO - [2024-09-18T17:39:18.306-0500] {dag.py:3229} INFO - Sync 2 DAGs
[2024-09-18T17:39:18.312-0500] {logging_mixin.py:190} INFO - [2024-09-18T17:39:18.312-0500] {dag.py:4156} INFO - Setting next_dagrun for example_xcom_args to None, run_after=None
[2024-09-18T17:39:18.314-0500] {logging_mixin.py:190} INFO - [2024-09-18T17:39:18.313-0500] {dag.py:4156} INFO - Setting next_dagrun for example_xcom_args_with_operators to None, run_after=None
[2024-09-18T17:39:18.323-0500] {processor.py:208} INFO - Processing /Users/binhpham/Projects/dbt_project/venv/lib/python3.9/site-packages/airflow/example_dags/example_xcomargs.py took 0.099 seconds
[2024-09-18T17:40:44.986-0500] {processor.py:186} INFO - Started process (PID=24681) to work on /Users/binhpham/Projects/dbt_project/venv/lib/python3.9/site-packages/airflow/example_dags/example_xcomargs.py
[2024-09-18T17:40:44.989-0500] {processor.py:914} INFO - Processing file /Users/binhpham/Projects/dbt_project/venv/lib/python3.9/site-packages/airflow/example_dags/example_xcomargs.py for tasks to queue
[2024-09-18T17:40:44.990-0500] {logging_mixin.py:190} INFO - [2024-09-18T17:40:44.990-0500] {dagbag.py:587} INFO - Filling up the DagBag from /Users/binhpham/Projects/dbt_project/venv/lib/python3.9/site-packages/airflow/example_dags/example_xcomargs.py
[2024-09-18T17:40:45.009-0500] {processor.py:925} INFO - DAG(s) 'example_xcom_args_with_operators', 'example_xcom_args' retrieved from /Users/binhpham/Projects/dbt_project/venv/lib/python3.9/site-packages/airflow/example_dags/example_xcomargs.py
[2024-09-18T17:40:45.065-0500] {logging_mixin.py:190} INFO - [2024-09-18T17:40:45.065-0500] {dag.py:3229} INFO - Sync 2 DAGs
[2024-09-18T17:40:45.070-0500] {logging_mixin.py:190} INFO - [2024-09-18T17:40:45.070-0500] {dag.py:4156} INFO - Setting next_dagrun for example_xcom_args to None, run_after=None
[2024-09-18T17:40:45.072-0500] {logging_mixin.py:190} INFO - [2024-09-18T17:40:45.072-0500] {dag.py:4156} INFO - Setting next_dagrun for example_xcom_args_with_operators to None, run_after=None
[2024-09-18T17:40:45.080-0500] {processor.py:208} INFO - Processing /Users/binhpham/Projects/dbt_project/venv/lib/python3.9/site-packages/airflow/example_dags/example_xcomargs.py took 0.095 seconds
[2024-09-18T17:42:11.092-0500] {processor.py:186} INFO - Started process (PID=24957) to work on /Users/binhpham/Projects/dbt_project/venv/lib/python3.9/site-packages/airflow/example_dags/example_xcomargs.py
[2024-09-18T17:42:11.094-0500] {processor.py:914} INFO - Processing file /Users/binhpham/Projects/dbt_project/venv/lib/python3.9/site-packages/airflow/example_dags/example_xcomargs.py for tasks to queue
[2024-09-18T17:42:11.095-0500] {logging_mixin.py:190} INFO - [2024-09-18T17:42:11.095-0500] {dagbag.py:587} INFO - Filling up the DagBag from /Users/binhpham/Projects/dbt_project/venv/lib/python3.9/site-packages/airflow/example_dags/example_xcomargs.py
[2024-09-18T17:42:11.114-0500] {processor.py:925} INFO - DAG(s) 'example_xcom_args_with_operators', 'example_xcom_args' retrieved from /Users/binhpham/Projects/dbt_project/venv/lib/python3.9/site-packages/airflow/example_dags/example_xcomargs.py
[2024-09-18T17:42:11.172-0500] {logging_mixin.py:190} INFO - [2024-09-18T17:42:11.172-0500] {dag.py:3229} INFO - Sync 2 DAGs
[2024-09-18T17:42:11.177-0500] {logging_mixin.py:190} INFO - [2024-09-18T17:42:11.177-0500] {dag.py:4156} INFO - Setting next_dagrun for example_xcom_args to None, run_after=None
[2024-09-18T17:42:11.179-0500] {logging_mixin.py:190} INFO - [2024-09-18T17:42:11.179-0500] {dag.py:4156} INFO - Setting next_dagrun for example_xcom_args_with_operators to None, run_after=None
[2024-09-18T17:42:11.187-0500] {processor.py:208} INFO - Processing /Users/binhpham/Projects/dbt_project/venv/lib/python3.9/site-packages/airflow/example_dags/example_xcomargs.py took 0.097 seconds
[2024-09-18T17:43:36.047-0500] {processor.py:186} INFO - Started process (PID=25244) to work on /Users/binhpham/Projects/dbt_project/venv/lib/python3.9/site-packages/airflow/example_dags/example_xcomargs.py
[2024-09-18T17:43:36.049-0500] {processor.py:914} INFO - Processing file /Users/binhpham/Projects/dbt_project/venv/lib/python3.9/site-packages/airflow/example_dags/example_xcomargs.py for tasks to queue
[2024-09-18T17:43:36.050-0500] {logging_mixin.py:190} INFO - [2024-09-18T17:43:36.050-0500] {dagbag.py:587} INFO - Filling up the DagBag from /Users/binhpham/Projects/dbt_project/venv/lib/python3.9/site-packages/airflow/example_dags/example_xcomargs.py
[2024-09-18T17:43:36.069-0500] {processor.py:925} INFO - DAG(s) 'example_xcom_args', 'example_xcom_args_with_operators' retrieved from /Users/binhpham/Projects/dbt_project/venv/lib/python3.9/site-packages/airflow/example_dags/example_xcomargs.py
[2024-09-18T17:43:36.125-0500] {logging_mixin.py:190} INFO - [2024-09-18T17:43:36.125-0500] {dag.py:3229} INFO - Sync 2 DAGs
[2024-09-18T17:43:36.131-0500] {logging_mixin.py:190} INFO - [2024-09-18T17:43:36.131-0500] {dag.py:4156} INFO - Setting next_dagrun for example_xcom_args to None, run_after=None
[2024-09-18T17:43:36.132-0500] {logging_mixin.py:190} INFO - [2024-09-18T17:43:36.132-0500] {dag.py:4156} INFO - Setting next_dagrun for example_xcom_args_with_operators to None, run_after=None
[2024-09-18T17:43:36.140-0500] {processor.py:208} INFO - Processing /Users/binhpham/Projects/dbt_project/venv/lib/python3.9/site-packages/airflow/example_dags/example_xcomargs.py took 0.095 seconds
[2024-09-18T17:45:00.896-0500] {processor.py:186} INFO - Started process (PID=25535) to work on /Users/binhpham/Projects/dbt_project/venv/lib/python3.9/site-packages/airflow/example_dags/example_xcomargs.py
[2024-09-18T17:45:00.898-0500] {processor.py:914} INFO - Processing file /Users/binhpham/Projects/dbt_project/venv/lib/python3.9/site-packages/airflow/example_dags/example_xcomargs.py for tasks to queue
[2024-09-18T17:45:00.899-0500] {logging_mixin.py:190} INFO - [2024-09-18T17:45:00.899-0500] {dagbag.py:587} INFO - Filling up the DagBag from /Users/binhpham/Projects/dbt_project/venv/lib/python3.9/site-packages/airflow/example_dags/example_xcomargs.py
[2024-09-18T17:45:00.920-0500] {processor.py:925} INFO - DAG(s) 'example_xcom_args_with_operators', 'example_xcom_args' retrieved from /Users/binhpham/Projects/dbt_project/venv/lib/python3.9/site-packages/airflow/example_dags/example_xcomargs.py
[2024-09-18T17:45:00.980-0500] {logging_mixin.py:190} INFO - [2024-09-18T17:45:00.980-0500] {dag.py:3229} INFO - Sync 2 DAGs
[2024-09-18T17:45:00.986-0500] {logging_mixin.py:190} INFO - [2024-09-18T17:45:00.986-0500] {dag.py:4156} INFO - Setting next_dagrun for example_xcom_args to None, run_after=None
[2024-09-18T17:45:00.987-0500] {logging_mixin.py:190} INFO - [2024-09-18T17:45:00.987-0500] {dag.py:4156} INFO - Setting next_dagrun for example_xcom_args_with_operators to None, run_after=None
[2024-09-18T17:45:00.996-0500] {processor.py:208} INFO - Processing /Users/binhpham/Projects/dbt_project/venv/lib/python3.9/site-packages/airflow/example_dags/example_xcomargs.py took 0.102 seconds
