[2024-09-18T16:53:27.959-0500] {processor.py:186} INFO - Started process (PID=12152) to work on /Users/binhpham/Library/Python/3.9/lib/python/site-packages/airflow/example_dags/example_bash_decorator.py
[2024-09-18T16:53:27.961-0500] {processor.py:914} INFO - Processing file /Users/binhpham/Library/Python/3.9/lib/python/site-packages/airflow/example_dags/example_bash_decorator.py for tasks to queue
[2024-09-18T16:53:27.961-0500] {logging_mixin.py:190} INFO - [2024-09-18T16:53:27.961-0500] {dagbag.py:587} INFO - Filling up the DagBag from /Users/binhpham/Library/Python/3.9/lib/python/site-packages/airflow/example_dags/example_bash_decorator.py
[2024-09-18T16:53:27.986-0500] {processor.py:925} INFO - DAG(s) 'example_bash_decorator' retrieved from /Users/binhpham/Library/Python/3.9/lib/python/site-packages/airflow/example_dags/example_bash_decorator.py
[2024-09-18T16:53:28.087-0500] {logging_mixin.py:190} INFO - [2024-09-18T16:53:28.087-0500] {dag.py:3229} INFO - Sync 1 DAGs
[2024-09-18T16:53:28.127-0500] {logging_mixin.py:190} INFO - [2024-09-18T16:53:28.127-0500] {dag.py:4156} INFO - Setting next_dagrun for example_bash_decorator to None, run_after=None
[2024-09-18T16:53:28.137-0500] {processor.py:208} INFO - Processing /Users/binhpham/Library/Python/3.9/lib/python/site-packages/airflow/example_dags/example_bash_decorator.py took 0.179 seconds
[2024-09-18T16:58:30.155-0500] {processor.py:186} INFO - Started process (PID=13171) to work on /Users/binhpham/Library/Python/3.9/lib/python/site-packages/airflow/example_dags/example_bash_decorator.py
[2024-09-18T16:58:30.158-0500] {processor.py:914} INFO - Processing file /Users/binhpham/Library/Python/3.9/lib/python/site-packages/airflow/example_dags/example_bash_decorator.py for tasks to queue
[2024-09-18T16:58:30.159-0500] {logging_mixin.py:190} INFO - [2024-09-18T16:58:30.159-0500] {dagbag.py:587} INFO - Filling up the DagBag from /Users/binhpham/Library/Python/3.9/lib/python/site-packages/airflow/example_dags/example_bash_decorator.py
[2024-09-18T16:58:30.182-0500] {processor.py:925} INFO - DAG(s) 'example_bash_decorator' retrieved from /Users/binhpham/Library/Python/3.9/lib/python/site-packages/airflow/example_dags/example_bash_decorator.py
[2024-09-18T16:58:30.291-0500] {logging_mixin.py:190} INFO - [2024-09-18T16:58:30.291-0500] {dag.py:3229} INFO - Sync 1 DAGs
[2024-09-18T16:58:30.330-0500] {logging_mixin.py:190} INFO - [2024-09-18T16:58:30.330-0500] {dag.py:4156} INFO - Setting next_dagrun for example_bash_decorator to None, run_after=None
[2024-09-18T16:58:30.341-0500] {processor.py:208} INFO - Processing /Users/binhpham/Library/Python/3.9/lib/python/site-packages/airflow/example_dags/example_bash_decorator.py took 0.187 seconds
[2024-09-18T17:01:27.609-0500] {processor.py:186} INFO - Started process (PID=13745) to work on /Users/binhpham/Library/Python/3.9/lib/python/site-packages/airflow/example_dags/example_bash_decorator.py
[2024-09-18T17:01:27.611-0500] {processor.py:914} INFO - Processing file /Users/binhpham/Library/Python/3.9/lib/python/site-packages/airflow/example_dags/example_bash_decorator.py for tasks to queue
[2024-09-18T17:01:27.611-0500] {logging_mixin.py:190} INFO - [2024-09-18T17:01:27.611-0500] {dagbag.py:587} INFO - Filling up the DagBag from /Users/binhpham/Library/Python/3.9/lib/python/site-packages/airflow/example_dags/example_bash_decorator.py
[2024-09-18T17:01:27.633-0500] {processor.py:925} INFO - DAG(s) 'example_bash_decorator' retrieved from /Users/binhpham/Library/Python/3.9/lib/python/site-packages/airflow/example_dags/example_bash_decorator.py
[2024-09-18T17:01:27.734-0500] {logging_mixin.py:190} INFO - [2024-09-18T17:01:27.733-0500] {dag.py:3229} INFO - Sync 1 DAGs
[2024-09-18T17:01:27.773-0500] {logging_mixin.py:190} INFO - [2024-09-18T17:01:27.772-0500] {dag.py:4156} INFO - Setting next_dagrun for example_bash_decorator to None, run_after=None
[2024-09-18T17:01:27.782-0500] {processor.py:208} INFO - Processing /Users/binhpham/Library/Python/3.9/lib/python/site-packages/airflow/example_dags/example_bash_decorator.py took 0.175 seconds
[2024-09-18T17:04:21.124-0500] {processor.py:186} INFO - Started process (PID=14342) to work on /Users/binhpham/Library/Python/3.9/lib/python/site-packages/airflow/example_dags/example_bash_decorator.py
[2024-09-18T17:04:21.125-0500] {processor.py:914} INFO - Processing file /Users/binhpham/Library/Python/3.9/lib/python/site-packages/airflow/example_dags/example_bash_decorator.py for tasks to queue
[2024-09-18T17:04:21.126-0500] {logging_mixin.py:190} INFO - [2024-09-18T17:04:21.126-0500] {dagbag.py:587} INFO - Filling up the DagBag from /Users/binhpham/Library/Python/3.9/lib/python/site-packages/airflow/example_dags/example_bash_decorator.py
[2024-09-18T17:04:21.148-0500] {processor.py:925} INFO - DAG(s) 'example_bash_decorator' retrieved from /Users/binhpham/Library/Python/3.9/lib/python/site-packages/airflow/example_dags/example_bash_decorator.py
[2024-09-18T17:04:21.260-0500] {logging_mixin.py:190} INFO - [2024-09-18T17:04:21.260-0500] {dag.py:3229} INFO - Sync 1 DAGs
[2024-09-18T17:04:21.304-0500] {logging_mixin.py:190} INFO - [2024-09-18T17:04:21.304-0500] {dag.py:4156} INFO - Setting next_dagrun for example_bash_decorator to None, run_after=None
[2024-09-18T17:04:21.315-0500] {processor.py:208} INFO - Processing /Users/binhpham/Library/Python/3.9/lib/python/site-packages/airflow/example_dags/example_bash_decorator.py took 0.193 seconds
[2024-09-18T17:07:09.414-0500] {processor.py:186} INFO - Started process (PID=14989) to work on /Users/binhpham/Library/Python/3.9/lib/python/site-packages/airflow/example_dags/example_bash_decorator.py
[2024-09-18T17:07:09.416-0500] {processor.py:914} INFO - Processing file /Users/binhpham/Library/Python/3.9/lib/python/site-packages/airflow/example_dags/example_bash_decorator.py for tasks to queue
[2024-09-18T17:07:09.416-0500] {logging_mixin.py:190} INFO - [2024-09-18T17:07:09.416-0500] {dagbag.py:587} INFO - Filling up the DagBag from /Users/binhpham/Library/Python/3.9/lib/python/site-packages/airflow/example_dags/example_bash_decorator.py
[2024-09-18T17:07:09.439-0500] {processor.py:925} INFO - DAG(s) 'example_bash_decorator' retrieved from /Users/binhpham/Library/Python/3.9/lib/python/site-packages/airflow/example_dags/example_bash_decorator.py
[2024-09-18T17:07:09.540-0500] {logging_mixin.py:190} INFO - [2024-09-18T17:07:09.540-0500] {dag.py:3229} INFO - Sync 1 DAGs
[2024-09-18T17:07:09.580-0500] {logging_mixin.py:190} INFO - [2024-09-18T17:07:09.580-0500] {dag.py:4156} INFO - Setting next_dagrun for example_bash_decorator to None, run_after=None
[2024-09-18T17:07:09.591-0500] {processor.py:208} INFO - Processing /Users/binhpham/Library/Python/3.9/lib/python/site-packages/airflow/example_dags/example_bash_decorator.py took 0.178 seconds
[2024-09-18T17:10:07.287-0500] {processor.py:186} INFO - Started process (PID=15592) to work on /Users/binhpham/Library/Python/3.9/lib/python/site-packages/airflow/example_dags/example_bash_decorator.py
[2024-09-18T17:10:07.289-0500] {processor.py:914} INFO - Processing file /Users/binhpham/Library/Python/3.9/lib/python/site-packages/airflow/example_dags/example_bash_decorator.py for tasks to queue
[2024-09-18T17:10:07.289-0500] {logging_mixin.py:190} INFO - [2024-09-18T17:10:07.289-0500] {dagbag.py:587} INFO - Filling up the DagBag from /Users/binhpham/Library/Python/3.9/lib/python/site-packages/airflow/example_dags/example_bash_decorator.py
[2024-09-18T17:10:07.312-0500] {processor.py:925} INFO - DAG(s) 'example_bash_decorator' retrieved from /Users/binhpham/Library/Python/3.9/lib/python/site-packages/airflow/example_dags/example_bash_decorator.py
[2024-09-18T17:10:07.413-0500] {logging_mixin.py:190} INFO - [2024-09-18T17:10:07.413-0500] {dag.py:3229} INFO - Sync 1 DAGs
[2024-09-18T17:10:07.453-0500] {logging_mixin.py:190} INFO - [2024-09-18T17:10:07.453-0500] {dag.py:4156} INFO - Setting next_dagrun for example_bash_decorator to None, run_after=None
[2024-09-18T17:10:07.463-0500] {processor.py:208} INFO - Processing /Users/binhpham/Library/Python/3.9/lib/python/site-packages/airflow/example_dags/example_bash_decorator.py took 0.177 seconds
[2024-09-18T17:13:04.037-0500] {processor.py:186} INFO - Started process (PID=16230) to work on /Users/binhpham/Library/Python/3.9/lib/python/site-packages/airflow/example_dags/example_bash_decorator.py
[2024-09-18T17:13:04.039-0500] {processor.py:914} INFO - Processing file /Users/binhpham/Library/Python/3.9/lib/python/site-packages/airflow/example_dags/example_bash_decorator.py for tasks to queue
[2024-09-18T17:13:04.039-0500] {logging_mixin.py:190} INFO - [2024-09-18T17:13:04.039-0500] {dagbag.py:587} INFO - Filling up the DagBag from /Users/binhpham/Library/Python/3.9/lib/python/site-packages/airflow/example_dags/example_bash_decorator.py
[2024-09-18T17:13:04.063-0500] {processor.py:925} INFO - DAG(s) 'example_bash_decorator' retrieved from /Users/binhpham/Library/Python/3.9/lib/python/site-packages/airflow/example_dags/example_bash_decorator.py
[2024-09-18T17:13:04.170-0500] {logging_mixin.py:190} INFO - [2024-09-18T17:13:04.170-0500] {dag.py:3229} INFO - Sync 1 DAGs
[2024-09-18T17:13:04.210-0500] {logging_mixin.py:190} INFO - [2024-09-18T17:13:04.210-0500] {dag.py:4156} INFO - Setting next_dagrun for example_bash_decorator to None, run_after=None
[2024-09-18T17:13:04.221-0500] {processor.py:208} INFO - Processing /Users/binhpham/Library/Python/3.9/lib/python/site-packages/airflow/example_dags/example_bash_decorator.py took 0.185 seconds
[2024-09-18T17:16:53.541-0500] {processor.py:186} INFO - Started process (PID=17203) to work on /Users/binhpham/Library/Python/3.9/lib/python/site-packages/airflow/example_dags/example_bash_decorator.py
[2024-09-18T17:16:53.544-0500] {processor.py:914} INFO - Processing file /Users/binhpham/Library/Python/3.9/lib/python/site-packages/airflow/example_dags/example_bash_decorator.py for tasks to queue
[2024-09-18T17:16:53.545-0500] {logging_mixin.py:190} INFO - [2024-09-18T17:16:53.545-0500] {dagbag.py:587} INFO - Filling up the DagBag from /Users/binhpham/Library/Python/3.9/lib/python/site-packages/airflow/example_dags/example_bash_decorator.py
[2024-09-18T17:16:53.566-0500] {processor.py:925} INFO - DAG(s) 'example_bash_decorator' retrieved from /Users/binhpham/Library/Python/3.9/lib/python/site-packages/airflow/example_dags/example_bash_decorator.py
[2024-09-18T17:16:53.669-0500] {logging_mixin.py:190} INFO - [2024-09-18T17:16:53.669-0500] {dag.py:3229} INFO - Sync 1 DAGs
[2024-09-18T17:16:53.715-0500] {logging_mixin.py:190} INFO - [2024-09-18T17:16:53.714-0500] {dag.py:4156} INFO - Setting next_dagrun for example_bash_decorator to None, run_after=None
[2024-09-18T17:16:53.726-0500] {processor.py:208} INFO - Processing /Users/binhpham/Library/Python/3.9/lib/python/site-packages/airflow/example_dags/example_bash_decorator.py took 0.186 seconds
[2024-09-18T17:19:53.363-0500] {processor.py:186} INFO - Started process (PID=18377) to work on /Users/binhpham/Library/Python/3.9/lib/python/site-packages/airflow/example_dags/example_bash_decorator.py
[2024-09-18T17:19:53.366-0500] {processor.py:914} INFO - Processing file /Users/binhpham/Library/Python/3.9/lib/python/site-packages/airflow/example_dags/example_bash_decorator.py for tasks to queue
[2024-09-18T17:19:53.367-0500] {logging_mixin.py:190} INFO - [2024-09-18T17:19:53.367-0500] {dagbag.py:587} INFO - Filling up the DagBag from /Users/binhpham/Library/Python/3.9/lib/python/site-packages/airflow/example_dags/example_bash_decorator.py
[2024-09-18T17:19:53.396-0500] {processor.py:925} INFO - DAG(s) 'example_bash_decorator' retrieved from /Users/binhpham/Library/Python/3.9/lib/python/site-packages/airflow/example_dags/example_bash_decorator.py
[2024-09-18T17:19:53.524-0500] {logging_mixin.py:190} INFO - [2024-09-18T17:19:53.524-0500] {dag.py:3229} INFO - Sync 1 DAGs
[2024-09-18T17:19:53.570-0500] {logging_mixin.py:190} INFO - [2024-09-18T17:19:53.570-0500] {dag.py:4156} INFO - Setting next_dagrun for example_bash_decorator to None, run_after=None
[2024-09-18T17:19:53.581-0500] {processor.py:208} INFO - Processing /Users/binhpham/Library/Python/3.9/lib/python/site-packages/airflow/example_dags/example_bash_decorator.py took 0.220 seconds
[2024-09-18T17:23:51.565-0500] {processor.py:186} INFO - Started process (PID=19828) to work on /Users/binhpham/Projects/dbt_project/venv/lib/python3.9/site-packages/airflow/example_dags/example_bash_decorator.py
[2024-09-18T17:23:51.567-0500] {processor.py:914} INFO - Processing file /Users/binhpham/Projects/dbt_project/venv/lib/python3.9/site-packages/airflow/example_dags/example_bash_decorator.py for tasks to queue
[2024-09-18T17:23:51.567-0500] {logging_mixin.py:190} INFO - [2024-09-18T17:23:51.567-0500] {dagbag.py:587} INFO - Filling up the DagBag from /Users/binhpham/Projects/dbt_project/venv/lib/python3.9/site-packages/airflow/example_dags/example_bash_decorator.py
[2024-09-18T17:23:51.589-0500] {processor.py:925} INFO - DAG(s) 'example_bash_decorator' retrieved from /Users/binhpham/Projects/dbt_project/venv/lib/python3.9/site-packages/airflow/example_dags/example_bash_decorator.py
[2024-09-18T17:23:51.689-0500] {logging_mixin.py:190} INFO - [2024-09-18T17:23:51.689-0500] {dag.py:3229} INFO - Sync 1 DAGs
[2024-09-18T17:23:51.695-0500] {logging_mixin.py:190} INFO - [2024-09-18T17:23:51.695-0500] {dag.py:4156} INFO - Setting next_dagrun for example_bash_decorator to None, run_after=None
[2024-09-18T17:23:51.705-0500] {processor.py:208} INFO - Processing /Users/binhpham/Projects/dbt_project/venv/lib/python3.9/site-packages/airflow/example_dags/example_bash_decorator.py took 0.141 seconds
[2024-09-18T17:27:50.061-0500] {processor.py:186} INFO - Started process (PID=20856) to work on /Users/binhpham/Projects/dbt_project/venv/lib/python3.9/site-packages/airflow/example_dags/example_bash_decorator.py
[2024-09-18T17:27:50.064-0500] {processor.py:914} INFO - Processing file /Users/binhpham/Projects/dbt_project/venv/lib/python3.9/site-packages/airflow/example_dags/example_bash_decorator.py for tasks to queue
[2024-09-18T17:27:50.064-0500] {logging_mixin.py:190} INFO - [2024-09-18T17:27:50.064-0500] {dagbag.py:587} INFO - Filling up the DagBag from /Users/binhpham/Projects/dbt_project/venv/lib/python3.9/site-packages/airflow/example_dags/example_bash_decorator.py
[2024-09-18T17:27:50.088-0500] {processor.py:925} INFO - DAG(s) 'example_bash_decorator' retrieved from /Users/binhpham/Projects/dbt_project/venv/lib/python3.9/site-packages/airflow/example_dags/example_bash_decorator.py
[2024-09-18T17:27:50.189-0500] {logging_mixin.py:190} INFO - [2024-09-18T17:27:50.189-0500] {dag.py:3229} INFO - Sync 1 DAGs
[2024-09-18T17:27:50.196-0500] {logging_mixin.py:190} INFO - [2024-09-18T17:27:50.195-0500] {dag.py:4156} INFO - Setting next_dagrun for example_bash_decorator to None, run_after=None
[2024-09-18T17:27:50.206-0500] {processor.py:208} INFO - Processing /Users/binhpham/Projects/dbt_project/venv/lib/python3.9/site-packages/airflow/example_dags/example_bash_decorator.py took 0.146 seconds
[2024-09-18T17:30:22.880-0500] {processor.py:186} INFO - Started process (PID=21873) to work on /Users/binhpham/Projects/dbt_project/venv/lib/python3.9/site-packages/airflow/example_dags/example_bash_decorator.py
[2024-09-18T17:30:22.883-0500] {processor.py:914} INFO - Processing file /Users/binhpham/Projects/dbt_project/venv/lib/python3.9/site-packages/airflow/example_dags/example_bash_decorator.py for tasks to queue
[2024-09-18T17:30:22.884-0500] {logging_mixin.py:190} INFO - [2024-09-18T17:30:22.884-0500] {dagbag.py:587} INFO - Filling up the DagBag from /Users/binhpham/Projects/dbt_project/venv/lib/python3.9/site-packages/airflow/example_dags/example_bash_decorator.py
[2024-09-18T17:30:22.906-0500] {processor.py:925} INFO - DAG(s) 'example_bash_decorator' retrieved from /Users/binhpham/Projects/dbt_project/venv/lib/python3.9/site-packages/airflow/example_dags/example_bash_decorator.py
[2024-09-18T17:30:23.009-0500] {logging_mixin.py:190} INFO - [2024-09-18T17:30:23.009-0500] {dag.py:3229} INFO - Sync 1 DAGs
[2024-09-18T17:30:23.015-0500] {logging_mixin.py:190} INFO - [2024-09-18T17:30:23.015-0500] {dag.py:4156} INFO - Setting next_dagrun for example_bash_decorator to None, run_after=None
[2024-09-18T17:30:23.029-0500] {processor.py:208} INFO - Processing /Users/binhpham/Projects/dbt_project/venv/lib/python3.9/site-packages/airflow/example_dags/example_bash_decorator.py took 0.151 seconds
[2024-09-18T17:33:11.616-0500] {processor.py:186} INFO - Started process (PID=22953) to work on /Users/binhpham/Projects/dbt_project/venv/lib/python3.9/site-packages/airflow/example_dags/example_bash_decorator.py
[2024-09-18T17:33:11.618-0500] {processor.py:914} INFO - Processing file /Users/binhpham/Projects/dbt_project/venv/lib/python3.9/site-packages/airflow/example_dags/example_bash_decorator.py for tasks to queue
[2024-09-18T17:33:11.619-0500] {logging_mixin.py:190} INFO - [2024-09-18T17:33:11.619-0500] {dagbag.py:587} INFO - Filling up the DagBag from /Users/binhpham/Projects/dbt_project/venv/lib/python3.9/site-packages/airflow/example_dags/example_bash_decorator.py
[2024-09-18T17:33:11.644-0500] {processor.py:925} INFO - DAG(s) 'example_bash_decorator' retrieved from /Users/binhpham/Projects/dbt_project/venv/lib/python3.9/site-packages/airflow/example_dags/example_bash_decorator.py
[2024-09-18T17:33:11.752-0500] {logging_mixin.py:190} INFO - [2024-09-18T17:33:11.752-0500] {dag.py:3229} INFO - Sync 1 DAGs
[2024-09-18T17:33:11.759-0500] {logging_mixin.py:190} INFO - [2024-09-18T17:33:11.759-0500] {dag.py:4156} INFO - Setting next_dagrun for example_bash_decorator to None, run_after=None
[2024-09-18T17:33:11.769-0500] {processor.py:208} INFO - Processing /Users/binhpham/Projects/dbt_project/venv/lib/python3.9/site-packages/airflow/example_dags/example_bash_decorator.py took 0.155 seconds
[2024-09-18T17:36:07.064-0500] {processor.py:186} INFO - Started process (PID=23802) to work on /Users/binhpham/Projects/dbt_project/venv/lib/python3.9/site-packages/airflow/example_dags/example_bash_decorator.py
[2024-09-18T17:36:07.066-0500] {processor.py:914} INFO - Processing file /Users/binhpham/Projects/dbt_project/venv/lib/python3.9/site-packages/airflow/example_dags/example_bash_decorator.py for tasks to queue
[2024-09-18T17:36:07.067-0500] {logging_mixin.py:190} INFO - [2024-09-18T17:36:07.067-0500] {dagbag.py:587} INFO - Filling up the DagBag from /Users/binhpham/Projects/dbt_project/venv/lib/python3.9/site-packages/airflow/example_dags/example_bash_decorator.py
[2024-09-18T17:36:07.088-0500] {processor.py:925} INFO - DAG(s) 'example_bash_decorator' retrieved from /Users/binhpham/Projects/dbt_project/venv/lib/python3.9/site-packages/airflow/example_dags/example_bash_decorator.py
[2024-09-18T17:36:07.191-0500] {logging_mixin.py:190} INFO - [2024-09-18T17:36:07.191-0500] {dag.py:3229} INFO - Sync 1 DAGs
[2024-09-18T17:36:07.198-0500] {logging_mixin.py:190} INFO - [2024-09-18T17:36:07.198-0500] {dag.py:4156} INFO - Setting next_dagrun for example_bash_decorator to None, run_after=None
[2024-09-18T17:36:07.208-0500] {processor.py:208} INFO - Processing /Users/binhpham/Projects/dbt_project/venv/lib/python3.9/site-packages/airflow/example_dags/example_bash_decorator.py took 0.146 seconds
[2024-09-18T17:38:52.842-0500] {processor.py:186} INFO - Started process (PID=24320) to work on /Users/binhpham/Projects/dbt_project/venv/lib/python3.9/site-packages/airflow/example_dags/example_bash_decorator.py
[2024-09-18T17:38:52.844-0500] {processor.py:914} INFO - Processing file /Users/binhpham/Projects/dbt_project/venv/lib/python3.9/site-packages/airflow/example_dags/example_bash_decorator.py for tasks to queue
[2024-09-18T17:38:52.844-0500] {logging_mixin.py:190} INFO - [2024-09-18T17:38:52.844-0500] {dagbag.py:587} INFO - Filling up the DagBag from /Users/binhpham/Projects/dbt_project/venv/lib/python3.9/site-packages/airflow/example_dags/example_bash_decorator.py
[2024-09-18T17:38:52.866-0500] {processor.py:925} INFO - DAG(s) 'example_bash_decorator' retrieved from /Users/binhpham/Projects/dbt_project/venv/lib/python3.9/site-packages/airflow/example_dags/example_bash_decorator.py
[2024-09-18T17:38:52.970-0500] {logging_mixin.py:190} INFO - [2024-09-18T17:38:52.970-0500] {dag.py:3229} INFO - Sync 1 DAGs
[2024-09-18T17:38:52.977-0500] {logging_mixin.py:190} INFO - [2024-09-18T17:38:52.977-0500] {dag.py:4156} INFO - Setting next_dagrun for example_bash_decorator to None, run_after=None
[2024-09-18T17:38:52.986-0500] {processor.py:208} INFO - Processing /Users/binhpham/Projects/dbt_project/venv/lib/python3.9/site-packages/airflow/example_dags/example_bash_decorator.py took 0.146 seconds
[2024-09-18T17:41:45.631-0500] {processor.py:186} INFO - Started process (PID=24868) to work on /Users/binhpham/Projects/dbt_project/venv/lib/python3.9/site-packages/airflow/example_dags/example_bash_decorator.py
[2024-09-18T17:41:45.634-0500] {processor.py:914} INFO - Processing file /Users/binhpham/Projects/dbt_project/venv/lib/python3.9/site-packages/airflow/example_dags/example_bash_decorator.py for tasks to queue
[2024-09-18T17:41:45.634-0500] {logging_mixin.py:190} INFO - [2024-09-18T17:41:45.634-0500] {dagbag.py:587} INFO - Filling up the DagBag from /Users/binhpham/Projects/dbt_project/venv/lib/python3.9/site-packages/airflow/example_dags/example_bash_decorator.py
[2024-09-18T17:41:45.656-0500] {processor.py:925} INFO - DAG(s) 'example_bash_decorator' retrieved from /Users/binhpham/Projects/dbt_project/venv/lib/python3.9/site-packages/airflow/example_dags/example_bash_decorator.py
[2024-09-18T17:41:45.762-0500] {logging_mixin.py:190} INFO - [2024-09-18T17:41:45.761-0500] {dag.py:3229} INFO - Sync 1 DAGs
[2024-09-18T17:41:45.768-0500] {logging_mixin.py:190} INFO - [2024-09-18T17:41:45.768-0500] {dag.py:4156} INFO - Setting next_dagrun for example_bash_decorator to None, run_after=None
[2024-09-18T17:41:45.777-0500] {processor.py:208} INFO - Processing /Users/binhpham/Projects/dbt_project/venv/lib/python3.9/site-packages/airflow/example_dags/example_bash_decorator.py took 0.148 seconds
[2024-09-18T17:44:34.983-0500] {processor.py:186} INFO - Started process (PID=25448) to work on /Users/binhpham/Projects/dbt_project/venv/lib/python3.9/site-packages/airflow/example_dags/example_bash_decorator.py
[2024-09-18T17:44:34.985-0500] {processor.py:914} INFO - Processing file /Users/binhpham/Projects/dbt_project/venv/lib/python3.9/site-packages/airflow/example_dags/example_bash_decorator.py for tasks to queue
[2024-09-18T17:44:34.985-0500] {logging_mixin.py:190} INFO - [2024-09-18T17:44:34.985-0500] {dagbag.py:587} INFO - Filling up the DagBag from /Users/binhpham/Projects/dbt_project/venv/lib/python3.9/site-packages/airflow/example_dags/example_bash_decorator.py
[2024-09-18T17:44:35.007-0500] {processor.py:925} INFO - DAG(s) 'example_bash_decorator' retrieved from /Users/binhpham/Projects/dbt_project/venv/lib/python3.9/site-packages/airflow/example_dags/example_bash_decorator.py
[2024-09-18T17:44:35.106-0500] {logging_mixin.py:190} INFO - [2024-09-18T17:44:35.106-0500] {dag.py:3229} INFO - Sync 1 DAGs
[2024-09-18T17:44:35.112-0500] {logging_mixin.py:190} INFO - [2024-09-18T17:44:35.112-0500] {dag.py:4156} INFO - Setting next_dagrun for example_bash_decorator to None, run_after=None
[2024-09-18T17:44:35.121-0500] {processor.py:208} INFO - Processing /Users/binhpham/Projects/dbt_project/venv/lib/python3.9/site-packages/airflow/example_dags/example_bash_decorator.py took 0.139 seconds
