[2024-09-18T16:52:37.779-0500] {processor.py:186} INFO - Started process (PID=11914) to work on /Users/binhpham/Library/Python/3.9/lib/python/site-packages/airflow/example_dags/example_params_trigger_ui.py
[2024-09-18T16:52:37.781-0500] {processor.py:914} INFO - Processing file /Users/binhpham/Library/Python/3.9/lib/python/site-packages/airflow/example_dags/example_params_trigger_ui.py for tasks to queue
[2024-09-18T16:52:37.781-0500] {logging_mixin.py:190} INFO - [2024-09-18T16:52:37.781-0500] {dagbag.py:587} INFO - Filling up the DagBag from /Users/binhpham/Library/Python/3.9/lib/python/site-packages/airflow/example_dags/example_params_trigger_ui.py
[2024-09-18T16:52:37.802-0500] {processor.py:925} INFO - DAG(s) 'example_params_trigger_ui' retrieved from /Users/binhpham/Library/Python/3.9/lib/python/site-packages/airflow/example_dags/example_params_trigger_ui.py
[2024-09-18T16:52:37.869-0500] {logging_mixin.py:190} INFO - [2024-09-18T16:52:37.869-0500] {dag.py:3229} INFO - Sync 1 DAGs
[2024-09-18T16:52:37.874-0500] {logging_mixin.py:190} INFO - [2024-09-18T16:52:37.874-0500] {dag.py:4156} INFO - Setting next_dagrun for example_params_trigger_ui to None, run_after=None
[2024-09-18T16:52:37.883-0500] {processor.py:208} INFO - Processing /Users/binhpham/Library/Python/3.9/lib/python/site-packages/airflow/example_dags/example_params_trigger_ui.py took 0.106 seconds
[2024-09-18T16:54:36.903-0500] {processor.py:186} INFO - Started process (PID=12405) to work on /Users/binhpham/Library/Python/3.9/lib/python/site-packages/airflow/example_dags/example_params_trigger_ui.py
[2024-09-18T16:54:36.906-0500] {processor.py:914} INFO - Processing file /Users/binhpham/Library/Python/3.9/lib/python/site-packages/airflow/example_dags/example_params_trigger_ui.py for tasks to queue
[2024-09-18T16:54:36.906-0500] {logging_mixin.py:190} INFO - [2024-09-18T16:54:36.906-0500] {dagbag.py:587} INFO - Filling up the DagBag from /Users/binhpham/Library/Python/3.9/lib/python/site-packages/airflow/example_dags/example_params_trigger_ui.py
[2024-09-18T16:54:36.926-0500] {processor.py:925} INFO - DAG(s) 'example_params_trigger_ui' retrieved from /Users/binhpham/Library/Python/3.9/lib/python/site-packages/airflow/example_dags/example_params_trigger_ui.py
[2024-09-18T16:54:36.994-0500] {logging_mixin.py:190} INFO - [2024-09-18T16:54:36.994-0500] {dag.py:3229} INFO - Sync 1 DAGs
[2024-09-18T16:54:36.999-0500] {logging_mixin.py:190} INFO - [2024-09-18T16:54:36.999-0500] {dag.py:4156} INFO - Setting next_dagrun for example_params_trigger_ui to None, run_after=None
[2024-09-18T16:54:37.008-0500] {processor.py:208} INFO - Processing /Users/binhpham/Library/Python/3.9/lib/python/site-packages/airflow/example_dags/example_params_trigger_ui.py took 0.107 seconds
[2024-09-18T16:57:37.192-0500] {processor.py:186} INFO - Started process (PID=12987) to work on /Users/binhpham/Library/Python/3.9/lib/python/site-packages/airflow/example_dags/example_params_trigger_ui.py
[2024-09-18T16:57:37.193-0500] {processor.py:914} INFO - Processing file /Users/binhpham/Library/Python/3.9/lib/python/site-packages/airflow/example_dags/example_params_trigger_ui.py for tasks to queue
[2024-09-18T16:57:37.194-0500] {logging_mixin.py:190} INFO - [2024-09-18T16:57:37.194-0500] {dagbag.py:587} INFO - Filling up the DagBag from /Users/binhpham/Library/Python/3.9/lib/python/site-packages/airflow/example_dags/example_params_trigger_ui.py
[2024-09-18T16:57:37.216-0500] {processor.py:925} INFO - DAG(s) 'example_params_trigger_ui' retrieved from /Users/binhpham/Library/Python/3.9/lib/python/site-packages/airflow/example_dags/example_params_trigger_ui.py
[2024-09-18T16:57:37.288-0500] {logging_mixin.py:190} INFO - [2024-09-18T16:57:37.288-0500] {dag.py:3229} INFO - Sync 1 DAGs
[2024-09-18T16:57:37.294-0500] {logging_mixin.py:190} INFO - [2024-09-18T16:57:37.294-0500] {dag.py:4156} INFO - Setting next_dagrun for example_params_trigger_ui to None, run_after=None
[2024-09-18T16:57:37.304-0500] {processor.py:208} INFO - Processing /Users/binhpham/Library/Python/3.9/lib/python/site-packages/airflow/example_dags/example_params_trigger_ui.py took 0.114 seconds
[2024-09-18T16:59:38.286-0500] {processor.py:186} INFO - Started process (PID=13395) to work on /Users/binhpham/Library/Python/3.9/lib/python/site-packages/airflow/example_dags/example_params_trigger_ui.py
[2024-09-18T16:59:38.288-0500] {processor.py:914} INFO - Processing file /Users/binhpham/Library/Python/3.9/lib/python/site-packages/airflow/example_dags/example_params_trigger_ui.py for tasks to queue
[2024-09-18T16:59:38.289-0500] {logging_mixin.py:190} INFO - [2024-09-18T16:59:38.289-0500] {dagbag.py:587} INFO - Filling up the DagBag from /Users/binhpham/Library/Python/3.9/lib/python/site-packages/airflow/example_dags/example_params_trigger_ui.py
[2024-09-18T16:59:38.310-0500] {processor.py:925} INFO - DAG(s) 'example_params_trigger_ui' retrieved from /Users/binhpham/Library/Python/3.9/lib/python/site-packages/airflow/example_dags/example_params_trigger_ui.py
[2024-09-18T16:59:38.377-0500] {logging_mixin.py:190} INFO - [2024-09-18T16:59:38.376-0500] {dag.py:3229} INFO - Sync 1 DAGs
[2024-09-18T16:59:38.382-0500] {logging_mixin.py:190} INFO - [2024-09-18T16:59:38.382-0500] {dag.py:4156} INFO - Setting next_dagrun for example_params_trigger_ui to None, run_after=None
[2024-09-18T16:59:38.391-0500] {processor.py:208} INFO - Processing /Users/binhpham/Library/Python/3.9/lib/python/site-packages/airflow/example_dags/example_params_trigger_ui.py took 0.107 seconds
[2024-09-18T17:02:30.439-0500] {processor.py:186} INFO - Started process (PID=13964) to work on /Users/binhpham/Library/Python/3.9/lib/python/site-packages/airflow/example_dags/example_params_trigger_ui.py
[2024-09-18T17:02:30.445-0500] {processor.py:914} INFO - Processing file /Users/binhpham/Library/Python/3.9/lib/python/site-packages/airflow/example_dags/example_params_trigger_ui.py for tasks to queue
[2024-09-18T17:02:30.446-0500] {logging_mixin.py:190} INFO - [2024-09-18T17:02:30.446-0500] {dagbag.py:587} INFO - Filling up the DagBag from /Users/binhpham/Library/Python/3.9/lib/python/site-packages/airflow/example_dags/example_params_trigger_ui.py
[2024-09-18T17:02:30.467-0500] {processor.py:925} INFO - DAG(s) 'example_params_trigger_ui' retrieved from /Users/binhpham/Library/Python/3.9/lib/python/site-packages/airflow/example_dags/example_params_trigger_ui.py
[2024-09-18T17:02:30.537-0500] {logging_mixin.py:190} INFO - [2024-09-18T17:02:30.536-0500] {dag.py:3229} INFO - Sync 1 DAGs
[2024-09-18T17:02:30.542-0500] {logging_mixin.py:190} INFO - [2024-09-18T17:02:30.542-0500] {dag.py:4156} INFO - Setting next_dagrun for example_params_trigger_ui to None, run_after=None
[2024-09-18T17:02:30.551-0500] {processor.py:208} INFO - Processing /Users/binhpham/Library/Python/3.9/lib/python/site-packages/airflow/example_dags/example_params_trigger_ui.py took 0.114 seconds
[2024-09-18T17:05:23.285-0500] {processor.py:186} INFO - Started process (PID=14570) to work on /Users/binhpham/Library/Python/3.9/lib/python/site-packages/airflow/example_dags/example_params_trigger_ui.py
[2024-09-18T17:05:23.286-0500] {processor.py:914} INFO - Processing file /Users/binhpham/Library/Python/3.9/lib/python/site-packages/airflow/example_dags/example_params_trigger_ui.py for tasks to queue
[2024-09-18T17:05:23.287-0500] {logging_mixin.py:190} INFO - [2024-09-18T17:05:23.287-0500] {dagbag.py:587} INFO - Filling up the DagBag from /Users/binhpham/Library/Python/3.9/lib/python/site-packages/airflow/example_dags/example_params_trigger_ui.py
[2024-09-18T17:05:23.308-0500] {processor.py:925} INFO - DAG(s) 'example_params_trigger_ui' retrieved from /Users/binhpham/Library/Python/3.9/lib/python/site-packages/airflow/example_dags/example_params_trigger_ui.py
[2024-09-18T17:05:23.378-0500] {logging_mixin.py:190} INFO - [2024-09-18T17:05:23.378-0500] {dag.py:3229} INFO - Sync 1 DAGs
[2024-09-18T17:05:23.384-0500] {logging_mixin.py:190} INFO - [2024-09-18T17:05:23.384-0500] {dag.py:4156} INFO - Setting next_dagrun for example_params_trigger_ui to None, run_after=None
[2024-09-18T17:05:23.395-0500] {processor.py:208} INFO - Processing /Users/binhpham/Library/Python/3.9/lib/python/site-packages/airflow/example_dags/example_params_trigger_ui.py took 0.112 seconds
[2024-09-18T17:08:15.361-0500] {processor.py:186} INFO - Started process (PID=15214) to work on /Users/binhpham/Library/Python/3.9/lib/python/site-packages/airflow/example_dags/example_params_trigger_ui.py
[2024-09-18T17:08:15.363-0500] {processor.py:914} INFO - Processing file /Users/binhpham/Library/Python/3.9/lib/python/site-packages/airflow/example_dags/example_params_trigger_ui.py for tasks to queue
[2024-09-18T17:08:15.363-0500] {logging_mixin.py:190} INFO - [2024-09-18T17:08:15.363-0500] {dagbag.py:587} INFO - Filling up the DagBag from /Users/binhpham/Library/Python/3.9/lib/python/site-packages/airflow/example_dags/example_params_trigger_ui.py
[2024-09-18T17:08:15.386-0500] {processor.py:925} INFO - DAG(s) 'example_params_trigger_ui' retrieved from /Users/binhpham/Library/Python/3.9/lib/python/site-packages/airflow/example_dags/example_params_trigger_ui.py
[2024-09-18T17:08:15.456-0500] {logging_mixin.py:190} INFO - [2024-09-18T17:08:15.455-0500] {dag.py:3229} INFO - Sync 1 DAGs
[2024-09-18T17:08:15.461-0500] {logging_mixin.py:190} INFO - [2024-09-18T17:08:15.461-0500] {dag.py:4156} INFO - Setting next_dagrun for example_params_trigger_ui to None, run_after=None
[2024-09-18T17:08:15.471-0500] {processor.py:208} INFO - Processing /Users/binhpham/Library/Python/3.9/lib/python/site-packages/airflow/example_dags/example_params_trigger_ui.py took 0.112 seconds
[2024-09-18T17:11:12.322-0500] {processor.py:186} INFO - Started process (PID=15820) to work on /Users/binhpham/Library/Python/3.9/lib/python/site-packages/airflow/example_dags/example_params_trigger_ui.py
[2024-09-18T17:11:12.324-0500] {processor.py:914} INFO - Processing file /Users/binhpham/Library/Python/3.9/lib/python/site-packages/airflow/example_dags/example_params_trigger_ui.py for tasks to queue
[2024-09-18T17:11:12.324-0500] {logging_mixin.py:190} INFO - [2024-09-18T17:11:12.324-0500] {dagbag.py:587} INFO - Filling up the DagBag from /Users/binhpham/Library/Python/3.9/lib/python/site-packages/airflow/example_dags/example_params_trigger_ui.py
[2024-09-18T17:11:12.345-0500] {processor.py:925} INFO - DAG(s) 'example_params_trigger_ui' retrieved from /Users/binhpham/Library/Python/3.9/lib/python/site-packages/airflow/example_dags/example_params_trigger_ui.py
[2024-09-18T17:11:12.412-0500] {logging_mixin.py:190} INFO - [2024-09-18T17:11:12.412-0500] {dag.py:3229} INFO - Sync 1 DAGs
[2024-09-18T17:11:12.417-0500] {logging_mixin.py:190} INFO - [2024-09-18T17:11:12.417-0500] {dag.py:4156} INFO - Setting next_dagrun for example_params_trigger_ui to None, run_after=None
[2024-09-18T17:11:12.426-0500] {processor.py:208} INFO - Processing /Users/binhpham/Library/Python/3.9/lib/python/site-packages/airflow/example_dags/example_params_trigger_ui.py took 0.106 seconds
[2024-09-18T17:16:03.256-0500] {processor.py:186} INFO - Started process (PID=16957) to work on /Users/binhpham/Library/Python/3.9/lib/python/site-packages/airflow/example_dags/example_params_trigger_ui.py
[2024-09-18T17:16:03.259-0500] {processor.py:914} INFO - Processing file /Users/binhpham/Library/Python/3.9/lib/python/site-packages/airflow/example_dags/example_params_trigger_ui.py for tasks to queue
[2024-09-18T17:16:03.260-0500] {logging_mixin.py:190} INFO - [2024-09-18T17:16:03.260-0500] {dagbag.py:587} INFO - Filling up the DagBag from /Users/binhpham/Library/Python/3.9/lib/python/site-packages/airflow/example_dags/example_params_trigger_ui.py
[2024-09-18T17:16:03.281-0500] {processor.py:925} INFO - DAG(s) 'example_params_trigger_ui' retrieved from /Users/binhpham/Library/Python/3.9/lib/python/site-packages/airflow/example_dags/example_params_trigger_ui.py
[2024-09-18T17:16:03.349-0500] {logging_mixin.py:190} INFO - [2024-09-18T17:16:03.349-0500] {dag.py:3229} INFO - Sync 1 DAGs
[2024-09-18T17:16:03.354-0500] {logging_mixin.py:190} INFO - [2024-09-18T17:16:03.354-0500] {dag.py:4156} INFO - Setting next_dagrun for example_params_trigger_ui to None, run_after=None
[2024-09-18T17:16:03.363-0500] {processor.py:208} INFO - Processing /Users/binhpham/Library/Python/3.9/lib/python/site-packages/airflow/example_dags/example_params_trigger_ui.py took 0.109 seconds
[2024-09-18T17:18:01.979-0500] {processor.py:186} INFO - Started process (PID=17767) to work on /Users/binhpham/Library/Python/3.9/lib/python/site-packages/airflow/example_dags/example_params_trigger_ui.py
[2024-09-18T17:18:01.981-0500] {processor.py:914} INFO - Processing file /Users/binhpham/Library/Python/3.9/lib/python/site-packages/airflow/example_dags/example_params_trigger_ui.py for tasks to queue
[2024-09-18T17:18:01.982-0500] {logging_mixin.py:190} INFO - [2024-09-18T17:18:01.981-0500] {dagbag.py:587} INFO - Filling up the DagBag from /Users/binhpham/Library/Python/3.9/lib/python/site-packages/airflow/example_dags/example_params_trigger_ui.py
[2024-09-18T17:18:02.002-0500] {processor.py:925} INFO - DAG(s) 'example_params_trigger_ui' retrieved from /Users/binhpham/Library/Python/3.9/lib/python/site-packages/airflow/example_dags/example_params_trigger_ui.py
[2024-09-18T17:18:02.070-0500] {logging_mixin.py:190} INFO - [2024-09-18T17:18:02.070-0500] {dag.py:3229} INFO - Sync 1 DAGs
[2024-09-18T17:18:02.076-0500] {logging_mixin.py:190} INFO - [2024-09-18T17:18:02.076-0500] {dag.py:4156} INFO - Setting next_dagrun for example_params_trigger_ui to None, run_after=None
[2024-09-18T17:18:02.085-0500] {processor.py:208} INFO - Processing /Users/binhpham/Library/Python/3.9/lib/python/site-packages/airflow/example_dags/example_params_trigger_ui.py took 0.107 seconds
[2024-09-18T17:23:03.096-0500] {processor.py:186} INFO - Started process (PID=19645) to work on /Users/binhpham/Projects/dbt_project/venv/lib/python3.9/site-packages/airflow/example_dags/example_params_trigger_ui.py
[2024-09-18T17:23:03.098-0500] {processor.py:914} INFO - Processing file /Users/binhpham/Projects/dbt_project/venv/lib/python3.9/site-packages/airflow/example_dags/example_params_trigger_ui.py for tasks to queue
[2024-09-18T17:23:03.099-0500] {logging_mixin.py:190} INFO - [2024-09-18T17:23:03.098-0500] {dagbag.py:587} INFO - Filling up the DagBag from /Users/binhpham/Projects/dbt_project/venv/lib/python3.9/site-packages/airflow/example_dags/example_params_trigger_ui.py
[2024-09-18T17:23:03.119-0500] {processor.py:925} INFO - DAG(s) 'example_params_trigger_ui' retrieved from /Users/binhpham/Projects/dbt_project/venv/lib/python3.9/site-packages/airflow/example_dags/example_params_trigger_ui.py
[2024-09-18T17:23:03.236-0500] {logging_mixin.py:190} INFO - [2024-09-18T17:23:03.236-0500] {dag.py:3229} INFO - Sync 1 DAGs
[2024-09-18T17:23:03.242-0500] {logging_mixin.py:190} INFO - [2024-09-18T17:23:03.242-0500] {dag.py:4156} INFO - Setting next_dagrun for example_params_trigger_ui to None, run_after=None
[2024-09-18T17:23:03.254-0500] {processor.py:208} INFO - Processing /Users/binhpham/Projects/dbt_project/venv/lib/python3.9/site-packages/airflow/example_dags/example_params_trigger_ui.py took 0.160 seconds
[2024-09-18T17:27:02.675-0500] {processor.py:186} INFO - Started process (PID=20535) to work on /Users/binhpham/Projects/dbt_project/venv/lib/python3.9/site-packages/airflow/example_dags/example_params_trigger_ui.py
[2024-09-18T17:27:02.677-0500] {processor.py:914} INFO - Processing file /Users/binhpham/Projects/dbt_project/venv/lib/python3.9/site-packages/airflow/example_dags/example_params_trigger_ui.py for tasks to queue
[2024-09-18T17:27:02.678-0500] {logging_mixin.py:190} INFO - [2024-09-18T17:27:02.678-0500] {dagbag.py:587} INFO - Filling up the DagBag from /Users/binhpham/Projects/dbt_project/venv/lib/python3.9/site-packages/airflow/example_dags/example_params_trigger_ui.py
[2024-09-18T17:27:02.698-0500] {processor.py:925} INFO - DAG(s) 'example_params_trigger_ui' retrieved from /Users/binhpham/Projects/dbt_project/venv/lib/python3.9/site-packages/airflow/example_dags/example_params_trigger_ui.py
[2024-09-18T17:27:02.764-0500] {logging_mixin.py:190} INFO - [2024-09-18T17:27:02.764-0500] {dag.py:3229} INFO - Sync 1 DAGs
[2024-09-18T17:27:02.770-0500] {logging_mixin.py:190} INFO - [2024-09-18T17:27:02.770-0500] {dag.py:4156} INFO - Setting next_dagrun for example_params_trigger_ui to None, run_after=None
[2024-09-18T17:27:02.779-0500] {processor.py:208} INFO - Processing /Users/binhpham/Projects/dbt_project/venv/lib/python3.9/site-packages/airflow/example_dags/example_params_trigger_ui.py took 0.106 seconds
[2024-09-18T17:29:34.579-0500] {processor.py:186} INFO - Started process (PID=21229) to work on /Users/binhpham/Projects/dbt_project/venv/lib/python3.9/site-packages/airflow/example_dags/example_params_trigger_ui.py
[2024-09-18T17:29:34.582-0500] {processor.py:914} INFO - Processing file /Users/binhpham/Projects/dbt_project/venv/lib/python3.9/site-packages/airflow/example_dags/example_params_trigger_ui.py for tasks to queue
[2024-09-18T17:29:34.582-0500] {logging_mixin.py:190} INFO - [2024-09-18T17:29:34.582-0500] {dagbag.py:587} INFO - Filling up the DagBag from /Users/binhpham/Projects/dbt_project/venv/lib/python3.9/site-packages/airflow/example_dags/example_params_trigger_ui.py
[2024-09-18T17:29:34.603-0500] {processor.py:925} INFO - DAG(s) 'example_params_trigger_ui' retrieved from /Users/binhpham/Projects/dbt_project/venv/lib/python3.9/site-packages/airflow/example_dags/example_params_trigger_ui.py
[2024-09-18T17:29:34.672-0500] {logging_mixin.py:190} INFO - [2024-09-18T17:29:34.672-0500] {dag.py:3229} INFO - Sync 1 DAGs
[2024-09-18T17:29:34.678-0500] {logging_mixin.py:190} INFO - [2024-09-18T17:29:34.678-0500] {dag.py:4156} INFO - Setting next_dagrun for example_params_trigger_ui to None, run_after=None
[2024-09-18T17:29:34.688-0500] {processor.py:208} INFO - Processing /Users/binhpham/Projects/dbt_project/venv/lib/python3.9/site-packages/airflow/example_dags/example_params_trigger_ui.py took 0.110 seconds
[2024-09-18T17:31:27.387-0500] {processor.py:186} INFO - Started process (PID=22584) to work on /Users/binhpham/Projects/dbt_project/venv/lib/python3.9/site-packages/airflow/example_dags/example_params_trigger_ui.py
[2024-09-18T17:31:27.390-0500] {processor.py:914} INFO - Processing file /Users/binhpham/Projects/dbt_project/venv/lib/python3.9/site-packages/airflow/example_dags/example_params_trigger_ui.py for tasks to queue
[2024-09-18T17:31:27.390-0500] {logging_mixin.py:190} INFO - [2024-09-18T17:31:27.390-0500] {dagbag.py:587} INFO - Filling up the DagBag from /Users/binhpham/Projects/dbt_project/venv/lib/python3.9/site-packages/airflow/example_dags/example_params_trigger_ui.py
[2024-09-18T17:31:27.410-0500] {processor.py:925} INFO - DAG(s) 'example_params_trigger_ui' retrieved from /Users/binhpham/Projects/dbt_project/venv/lib/python3.9/site-packages/airflow/example_dags/example_params_trigger_ui.py
[2024-09-18T17:31:27.478-0500] {logging_mixin.py:190} INFO - [2024-09-18T17:31:27.477-0500] {dag.py:3229} INFO - Sync 1 DAGs
[2024-09-18T17:31:27.483-0500] {logging_mixin.py:190} INFO - [2024-09-18T17:31:27.483-0500] {dag.py:4156} INFO - Setting next_dagrun for example_params_trigger_ui to None, run_after=None
[2024-09-18T17:31:27.492-0500] {processor.py:208} INFO - Processing /Users/binhpham/Projects/dbt_project/venv/lib/python3.9/site-packages/airflow/example_dags/example_params_trigger_ui.py took 0.107 seconds
[2024-09-18T17:35:19.217-0500] {processor.py:186} INFO - Started process (PID=23412) to work on /Users/binhpham/Projects/dbt_project/venv/lib/python3.9/site-packages/airflow/example_dags/example_params_trigger_ui.py
[2024-09-18T17:35:19.219-0500] {processor.py:914} INFO - Processing file /Users/binhpham/Projects/dbt_project/venv/lib/python3.9/site-packages/airflow/example_dags/example_params_trigger_ui.py for tasks to queue
[2024-09-18T17:35:19.220-0500] {logging_mixin.py:190} INFO - [2024-09-18T17:35:19.220-0500] {dagbag.py:587} INFO - Filling up the DagBag from /Users/binhpham/Projects/dbt_project/venv/lib/python3.9/site-packages/airflow/example_dags/example_params_trigger_ui.py
[2024-09-18T17:35:19.239-0500] {processor.py:925} INFO - DAG(s) 'example_params_trigger_ui' retrieved from /Users/binhpham/Projects/dbt_project/venv/lib/python3.9/site-packages/airflow/example_dags/example_params_trigger_ui.py
[2024-09-18T17:35:19.309-0500] {logging_mixin.py:190} INFO - [2024-09-18T17:35:19.308-0500] {dag.py:3229} INFO - Sync 1 DAGs
[2024-09-18T17:35:19.314-0500] {logging_mixin.py:190} INFO - [2024-09-18T17:35:19.314-0500] {dag.py:4156} INFO - Setting next_dagrun for example_params_trigger_ui to None, run_after=None
[2024-09-18T17:35:19.323-0500] {processor.py:208} INFO - Processing /Users/binhpham/Projects/dbt_project/venv/lib/python3.9/site-packages/airflow/example_dags/example_params_trigger_ui.py took 0.109 seconds
[2024-09-18T17:37:14.712-0500] {processor.py:186} INFO - Started process (PID=24010) to work on /Users/binhpham/Projects/dbt_project/venv/lib/python3.9/site-packages/airflow/example_dags/example_params_trigger_ui.py
[2024-09-18T17:37:14.713-0500] {processor.py:914} INFO - Processing file /Users/binhpham/Projects/dbt_project/venv/lib/python3.9/site-packages/airflow/example_dags/example_params_trigger_ui.py for tasks to queue
[2024-09-18T17:37:14.714-0500] {logging_mixin.py:190} INFO - [2024-09-18T17:37:14.714-0500] {dagbag.py:587} INFO - Filling up the DagBag from /Users/binhpham/Projects/dbt_project/venv/lib/python3.9/site-packages/airflow/example_dags/example_params_trigger_ui.py
[2024-09-18T17:37:14.733-0500] {processor.py:925} INFO - DAG(s) 'example_params_trigger_ui' retrieved from /Users/binhpham/Projects/dbt_project/venv/lib/python3.9/site-packages/airflow/example_dags/example_params_trigger_ui.py
[2024-09-18T17:37:14.800-0500] {logging_mixin.py:190} INFO - [2024-09-18T17:37:14.799-0500] {dag.py:3229} INFO - Sync 1 DAGs
[2024-09-18T17:37:14.805-0500] {logging_mixin.py:190} INFO - [2024-09-18T17:37:14.805-0500] {dag.py:4156} INFO - Setting next_dagrun for example_params_trigger_ui to None, run_after=None
[2024-09-18T17:37:14.814-0500] {processor.py:208} INFO - Processing /Users/binhpham/Projects/dbt_project/venv/lib/python3.9/site-packages/airflow/example_dags/example_params_trigger_ui.py took 0.104 seconds
[2024-09-18T17:40:00.850-0500] {processor.py:186} INFO - Started process (PID=24543) to work on /Users/binhpham/Projects/dbt_project/venv/lib/python3.9/site-packages/airflow/example_dags/example_params_trigger_ui.py
[2024-09-18T17:40:00.853-0500] {processor.py:914} INFO - Processing file /Users/binhpham/Projects/dbt_project/venv/lib/python3.9/site-packages/airflow/example_dags/example_params_trigger_ui.py for tasks to queue
[2024-09-18T17:40:00.853-0500] {logging_mixin.py:190} INFO - [2024-09-18T17:40:00.853-0500] {dagbag.py:587} INFO - Filling up the DagBag from /Users/binhpham/Projects/dbt_project/venv/lib/python3.9/site-packages/airflow/example_dags/example_params_trigger_ui.py
[2024-09-18T17:40:00.873-0500] {processor.py:925} INFO - DAG(s) 'example_params_trigger_ui' retrieved from /Users/binhpham/Projects/dbt_project/venv/lib/python3.9/site-packages/airflow/example_dags/example_params_trigger_ui.py
[2024-09-18T17:40:00.947-0500] {logging_mixin.py:190} INFO - [2024-09-18T17:40:00.946-0500] {dag.py:3229} INFO - Sync 1 DAGs
[2024-09-18T17:40:00.952-0500] {logging_mixin.py:190} INFO - [2024-09-18T17:40:00.952-0500] {dag.py:4156} INFO - Setting next_dagrun for example_params_trigger_ui to None, run_after=None
[2024-09-18T17:40:00.962-0500] {processor.py:208} INFO - Processing /Users/binhpham/Projects/dbt_project/venv/lib/python3.9/site-packages/airflow/example_dags/example_params_trigger_ui.py took 0.113 seconds
[2024-09-18T17:42:53.073-0500] {processor.py:186} INFO - Started process (PID=25093) to work on /Users/binhpham/Projects/dbt_project/venv/lib/python3.9/site-packages/airflow/example_dags/example_params_trigger_ui.py
[2024-09-18T17:42:53.076-0500] {processor.py:914} INFO - Processing file /Users/binhpham/Projects/dbt_project/venv/lib/python3.9/site-packages/airflow/example_dags/example_params_trigger_ui.py for tasks to queue
[2024-09-18T17:42:53.076-0500] {logging_mixin.py:190} INFO - [2024-09-18T17:42:53.076-0500] {dagbag.py:587} INFO - Filling up the DagBag from /Users/binhpham/Projects/dbt_project/venv/lib/python3.9/site-packages/airflow/example_dags/example_params_trigger_ui.py
[2024-09-18T17:42:53.097-0500] {processor.py:925} INFO - DAG(s) 'example_params_trigger_ui' retrieved from /Users/binhpham/Projects/dbt_project/venv/lib/python3.9/site-packages/airflow/example_dags/example_params_trigger_ui.py
[2024-09-18T17:42:53.164-0500] {logging_mixin.py:190} INFO - [2024-09-18T17:42:53.164-0500] {dag.py:3229} INFO - Sync 1 DAGs
[2024-09-18T17:42:53.170-0500] {logging_mixin.py:190} INFO - [2024-09-18T17:42:53.170-0500] {dag.py:4156} INFO - Setting next_dagrun for example_params_trigger_ui to None, run_after=None
[2024-09-18T17:42:53.179-0500] {processor.py:208} INFO - Processing /Users/binhpham/Projects/dbt_project/venv/lib/python3.9/site-packages/airflow/example_dags/example_params_trigger_ui.py took 0.107 seconds
