[2024-09-18T16:53:05.157-0500] {processor.py:186} INFO - Started process (PID=12068) to work on /Users/binhpham/Library/Python/3.9/lib/python/site-packages/airflow/example_dags/example_dataset_alias_with_no_taskflow.py
[2024-09-18T16:53:05.159-0500] {processor.py:914} INFO - Processing file /Users/binhpham/Library/Python/3.9/lib/python/site-packages/airflow/example_dags/example_dataset_alias_with_no_taskflow.py for tasks to queue
[2024-09-18T16:53:05.159-0500] {logging_mixin.py:190} INFO - [2024-09-18T16:53:05.159-0500] {dagbag.py:587} INFO - Filling up the DagBag from /Users/binhpham/Library/Python/3.9/lib/python/site-packages/airflow/example_dags/example_dataset_alias_with_no_taskflow.py
[2024-09-18T16:53:05.267-0500] {processor.py:925} INFO - DAG(s) 'dataset_s3_bucket_producer_with_no_taskflow', 'dataset_alias_example_alias_producer_with_no_taskflow', 'dataset_s3_bucket_consumer_with_no_taskflow', 'dataset_alias_example_alias_consumer_with_no_taskflow' retrieved from /Users/binhpham/Library/Python/3.9/lib/python/site-packages/airflow/example_dags/example_dataset_alias_with_no_taskflow.py
[2024-09-18T16:53:05.281-0500] {logging_mixin.py:190} INFO - [2024-09-18T16:53:05.281-0500] {dag.py:3229} INFO - Sync 4 DAGs
[2024-09-18T16:53:05.290-0500] {logging_mixin.py:190} INFO - [2024-09-18T16:53:05.290-0500] {dag.py:4156} INFO - Setting next_dagrun for dataset_alias_example_alias_consumer_with_no_taskflow to None, run_after=None
[2024-09-18T16:53:05.291-0500] {logging_mixin.py:190} INFO - [2024-09-18T16:53:05.291-0500] {dag.py:4156} INFO - Setting next_dagrun for dataset_alias_example_alias_producer_with_no_taskflow to None, run_after=None
[2024-09-18T16:53:05.291-0500] {logging_mixin.py:190} INFO - [2024-09-18T16:53:05.291-0500] {dag.py:4156} INFO - Setting next_dagrun for dataset_s3_bucket_consumer_with_no_taskflow to None, run_after=None
[2024-09-18T16:53:05.292-0500] {logging_mixin.py:190} INFO - [2024-09-18T16:53:05.292-0500] {dag.py:4156} INFO - Setting next_dagrun for dataset_s3_bucket_producer_with_no_taskflow to None, run_after=None
[2024-09-18T16:53:05.303-0500] {processor.py:208} INFO - Processing /Users/binhpham/Library/Python/3.9/lib/python/site-packages/airflow/example_dags/example_dataset_alias_with_no_taskflow.py took 0.147 seconds
[2024-09-18T16:58:06.034-0500] {processor.py:186} INFO - Started process (PID=13092) to work on /Users/binhpham/Library/Python/3.9/lib/python/site-packages/airflow/example_dags/example_dataset_alias_with_no_taskflow.py
[2024-09-18T16:58:06.036-0500] {processor.py:914} INFO - Processing file /Users/binhpham/Library/Python/3.9/lib/python/site-packages/airflow/example_dags/example_dataset_alias_with_no_taskflow.py for tasks to queue
[2024-09-18T16:58:06.037-0500] {logging_mixin.py:190} INFO - [2024-09-18T16:58:06.037-0500] {dagbag.py:587} INFO - Filling up the DagBag from /Users/binhpham/Library/Python/3.9/lib/python/site-packages/airflow/example_dags/example_dataset_alias_with_no_taskflow.py
[2024-09-18T16:58:06.160-0500] {processor.py:925} INFO - DAG(s) 'dataset_alias_example_alias_consumer_with_no_taskflow', 'dataset_s3_bucket_consumer_with_no_taskflow', 'dataset_s3_bucket_producer_with_no_taskflow', 'dataset_alias_example_alias_producer_with_no_taskflow' retrieved from /Users/binhpham/Library/Python/3.9/lib/python/site-packages/airflow/example_dags/example_dataset_alias_with_no_taskflow.py
[2024-09-18T16:58:06.175-0500] {logging_mixin.py:190} INFO - [2024-09-18T16:58:06.175-0500] {dag.py:3229} INFO - Sync 4 DAGs
[2024-09-18T16:58:06.186-0500] {logging_mixin.py:190} INFO - [2024-09-18T16:58:06.185-0500] {dag.py:4156} INFO - Setting next_dagrun for dataset_alias_example_alias_consumer_with_no_taskflow to None, run_after=None
[2024-09-18T16:58:06.187-0500] {logging_mixin.py:190} INFO - [2024-09-18T16:58:06.187-0500] {dag.py:4156} INFO - Setting next_dagrun for dataset_alias_example_alias_producer_with_no_taskflow to None, run_after=None
[2024-09-18T16:58:06.187-0500] {logging_mixin.py:190} INFO - [2024-09-18T16:58:06.187-0500] {dag.py:4156} INFO - Setting next_dagrun for dataset_s3_bucket_consumer_with_no_taskflow to None, run_after=None
[2024-09-18T16:58:06.188-0500] {logging_mixin.py:190} INFO - [2024-09-18T16:58:06.188-0500] {dag.py:4156} INFO - Setting next_dagrun for dataset_s3_bucket_producer_with_no_taskflow to None, run_after=None
[2024-09-18T16:58:06.200-0500] {processor.py:208} INFO - Processing /Users/binhpham/Library/Python/3.9/lib/python/site-packages/airflow/example_dags/example_dataset_alias_with_no_taskflow.py took 0.167 seconds
[2024-09-18T17:01:05.114-0500] {processor.py:186} INFO - Started process (PID=13674) to work on /Users/binhpham/Library/Python/3.9/lib/python/site-packages/airflow/example_dags/example_dataset_alias_with_no_taskflow.py
[2024-09-18T17:01:05.116-0500] {processor.py:914} INFO - Processing file /Users/binhpham/Library/Python/3.9/lib/python/site-packages/airflow/example_dags/example_dataset_alias_with_no_taskflow.py for tasks to queue
[2024-09-18T17:01:05.116-0500] {logging_mixin.py:190} INFO - [2024-09-18T17:01:05.116-0500] {dagbag.py:587} INFO - Filling up the DagBag from /Users/binhpham/Library/Python/3.9/lib/python/site-packages/airflow/example_dags/example_dataset_alias_with_no_taskflow.py
[2024-09-18T17:01:05.228-0500] {processor.py:925} INFO - DAG(s) 'dataset_alias_example_alias_producer_with_no_taskflow', 'dataset_s3_bucket_consumer_with_no_taskflow', 'dataset_s3_bucket_producer_with_no_taskflow', 'dataset_alias_example_alias_consumer_with_no_taskflow' retrieved from /Users/binhpham/Library/Python/3.9/lib/python/site-packages/airflow/example_dags/example_dataset_alias_with_no_taskflow.py
[2024-09-18T17:01:05.241-0500] {logging_mixin.py:190} INFO - [2024-09-18T17:01:05.241-0500] {dag.py:3229} INFO - Sync 4 DAGs
[2024-09-18T17:01:05.250-0500] {logging_mixin.py:190} INFO - [2024-09-18T17:01:05.250-0500] {dag.py:4156} INFO - Setting next_dagrun for dataset_alias_example_alias_consumer_with_no_taskflow to None, run_after=None
[2024-09-18T17:01:05.251-0500] {logging_mixin.py:190} INFO - [2024-09-18T17:01:05.251-0500] {dag.py:4156} INFO - Setting next_dagrun for dataset_alias_example_alias_producer_with_no_taskflow to None, run_after=None
[2024-09-18T17:01:05.252-0500] {logging_mixin.py:190} INFO - [2024-09-18T17:01:05.252-0500] {dag.py:4156} INFO - Setting next_dagrun for dataset_s3_bucket_consumer_with_no_taskflow to None, run_after=None
[2024-09-18T17:01:05.252-0500] {logging_mixin.py:190} INFO - [2024-09-18T17:01:05.252-0500] {dag.py:4156} INFO - Setting next_dagrun for dataset_s3_bucket_producer_with_no_taskflow to None, run_after=None
[2024-09-18T17:01:05.262-0500] {processor.py:208} INFO - Processing /Users/binhpham/Library/Python/3.9/lib/python/site-packages/airflow/example_dags/example_dataset_alias_with_no_taskflow.py took 0.150 seconds
[2024-09-18T17:03:58.321-0500] {processor.py:186} INFO - Started process (PID=14264) to work on /Users/binhpham/Library/Python/3.9/lib/python/site-packages/airflow/example_dags/example_dataset_alias_with_no_taskflow.py
[2024-09-18T17:03:58.323-0500] {processor.py:914} INFO - Processing file /Users/binhpham/Library/Python/3.9/lib/python/site-packages/airflow/example_dags/example_dataset_alias_with_no_taskflow.py for tasks to queue
[2024-09-18T17:03:58.324-0500] {logging_mixin.py:190} INFO - [2024-09-18T17:03:58.323-0500] {dagbag.py:587} INFO - Filling up the DagBag from /Users/binhpham/Library/Python/3.9/lib/python/site-packages/airflow/example_dags/example_dataset_alias_with_no_taskflow.py
[2024-09-18T17:03:58.438-0500] {processor.py:925} INFO - DAG(s) 'dataset_alias_example_alias_producer_with_no_taskflow', 'dataset_s3_bucket_producer_with_no_taskflow', 'dataset_s3_bucket_consumer_with_no_taskflow', 'dataset_alias_example_alias_consumer_with_no_taskflow' retrieved from /Users/binhpham/Library/Python/3.9/lib/python/site-packages/airflow/example_dags/example_dataset_alias_with_no_taskflow.py
[2024-09-18T17:03:58.451-0500] {logging_mixin.py:190} INFO - [2024-09-18T17:03:58.450-0500] {dag.py:3229} INFO - Sync 4 DAGs
[2024-09-18T17:03:58.460-0500] {logging_mixin.py:190} INFO - [2024-09-18T17:03:58.460-0500] {dag.py:4156} INFO - Setting next_dagrun for dataset_alias_example_alias_consumer_with_no_taskflow to None, run_after=None
[2024-09-18T17:03:58.461-0500] {logging_mixin.py:190} INFO - [2024-09-18T17:03:58.461-0500] {dag.py:4156} INFO - Setting next_dagrun for dataset_alias_example_alias_producer_with_no_taskflow to None, run_after=None
[2024-09-18T17:03:58.461-0500] {logging_mixin.py:190} INFO - [2024-09-18T17:03:58.461-0500] {dag.py:4156} INFO - Setting next_dagrun for dataset_s3_bucket_consumer_with_no_taskflow to None, run_after=None
[2024-09-18T17:03:58.462-0500] {logging_mixin.py:190} INFO - [2024-09-18T17:03:58.462-0500] {dag.py:4156} INFO - Setting next_dagrun for dataset_s3_bucket_producer_with_no_taskflow to None, run_after=None
[2024-09-18T17:03:58.474-0500] {processor.py:208} INFO - Processing /Users/binhpham/Library/Python/3.9/lib/python/site-packages/airflow/example_dags/example_dataset_alias_with_no_taskflow.py took 0.154 seconds
[2024-09-18T17:06:45.798-0500] {processor.py:186} INFO - Started process (PID=14902) to work on /Users/binhpham/Library/Python/3.9/lib/python/site-packages/airflow/example_dags/example_dataset_alias_with_no_taskflow.py
[2024-09-18T17:06:45.800-0500] {processor.py:914} INFO - Processing file /Users/binhpham/Library/Python/3.9/lib/python/site-packages/airflow/example_dags/example_dataset_alias_with_no_taskflow.py for tasks to queue
[2024-09-18T17:06:45.800-0500] {logging_mixin.py:190} INFO - [2024-09-18T17:06:45.800-0500] {dagbag.py:587} INFO - Filling up the DagBag from /Users/binhpham/Library/Python/3.9/lib/python/site-packages/airflow/example_dags/example_dataset_alias_with_no_taskflow.py
[2024-09-18T17:06:45.919-0500] {processor.py:925} INFO - DAG(s) 'dataset_s3_bucket_producer_with_no_taskflow', 'dataset_alias_example_alias_consumer_with_no_taskflow', 'dataset_s3_bucket_consumer_with_no_taskflow', 'dataset_alias_example_alias_producer_with_no_taskflow' retrieved from /Users/binhpham/Library/Python/3.9/lib/python/site-packages/airflow/example_dags/example_dataset_alias_with_no_taskflow.py
[2024-09-18T17:06:45.932-0500] {logging_mixin.py:190} INFO - [2024-09-18T17:06:45.932-0500] {dag.py:3229} INFO - Sync 4 DAGs
[2024-09-18T17:06:45.941-0500] {logging_mixin.py:190} INFO - [2024-09-18T17:06:45.941-0500] {dag.py:4156} INFO - Setting next_dagrun for dataset_alias_example_alias_consumer_with_no_taskflow to None, run_after=None
[2024-09-18T17:06:45.942-0500] {logging_mixin.py:190} INFO - [2024-09-18T17:06:45.942-0500] {dag.py:4156} INFO - Setting next_dagrun for dataset_alias_example_alias_producer_with_no_taskflow to None, run_after=None
[2024-09-18T17:06:45.943-0500] {logging_mixin.py:190} INFO - [2024-09-18T17:06:45.943-0500] {dag.py:4156} INFO - Setting next_dagrun for dataset_s3_bucket_consumer_with_no_taskflow to None, run_after=None
[2024-09-18T17:06:45.943-0500] {logging_mixin.py:190} INFO - [2024-09-18T17:06:45.943-0500] {dag.py:4156} INFO - Setting next_dagrun for dataset_s3_bucket_producer_with_no_taskflow to None, run_after=None
[2024-09-18T17:06:45.955-0500] {processor.py:208} INFO - Processing /Users/binhpham/Library/Python/3.9/lib/python/site-packages/airflow/example_dags/example_dataset_alias_with_no_taskflow.py took 0.159 seconds
[2024-09-18T17:09:44.153-0500] {processor.py:186} INFO - Started process (PID=15522) to work on /Users/binhpham/Library/Python/3.9/lib/python/site-packages/airflow/example_dags/example_dataset_alias_with_no_taskflow.py
[2024-09-18T17:09:44.155-0500] {processor.py:914} INFO - Processing file /Users/binhpham/Library/Python/3.9/lib/python/site-packages/airflow/example_dags/example_dataset_alias_with_no_taskflow.py for tasks to queue
[2024-09-18T17:09:44.155-0500] {logging_mixin.py:190} INFO - [2024-09-18T17:09:44.155-0500] {dagbag.py:587} INFO - Filling up the DagBag from /Users/binhpham/Library/Python/3.9/lib/python/site-packages/airflow/example_dags/example_dataset_alias_with_no_taskflow.py
[2024-09-18T17:09:44.266-0500] {processor.py:925} INFO - DAG(s) 'dataset_s3_bucket_consumer_with_no_taskflow', 'dataset_alias_example_alias_producer_with_no_taskflow', 'dataset_s3_bucket_producer_with_no_taskflow', 'dataset_alias_example_alias_consumer_with_no_taskflow' retrieved from /Users/binhpham/Library/Python/3.9/lib/python/site-packages/airflow/example_dags/example_dataset_alias_with_no_taskflow.py
[2024-09-18T17:09:44.278-0500] {logging_mixin.py:190} INFO - [2024-09-18T17:09:44.278-0500] {dag.py:3229} INFO - Sync 4 DAGs
[2024-09-18T17:09:44.287-0500] {logging_mixin.py:190} INFO - [2024-09-18T17:09:44.287-0500] {dag.py:4156} INFO - Setting next_dagrun for dataset_alias_example_alias_consumer_with_no_taskflow to None, run_after=None
[2024-09-18T17:09:44.288-0500] {logging_mixin.py:190} INFO - [2024-09-18T17:09:44.288-0500] {dag.py:4156} INFO - Setting next_dagrun for dataset_alias_example_alias_producer_with_no_taskflow to None, run_after=None
[2024-09-18T17:09:44.289-0500] {logging_mixin.py:190} INFO - [2024-09-18T17:09:44.289-0500] {dag.py:4156} INFO - Setting next_dagrun for dataset_s3_bucket_consumer_with_no_taskflow to None, run_after=None
[2024-09-18T17:09:44.289-0500] {logging_mixin.py:190} INFO - [2024-09-18T17:09:44.289-0500] {dag.py:4156} INFO - Setting next_dagrun for dataset_s3_bucket_producer_with_no_taskflow to None, run_after=None
[2024-09-18T17:09:44.300-0500] {processor.py:208} INFO - Processing /Users/binhpham/Library/Python/3.9/lib/python/site-packages/airflow/example_dags/example_dataset_alias_with_no_taskflow.py took 0.148 seconds
[2024-09-18T17:12:40.940-0500] {processor.py:186} INFO - Started process (PID=16140) to work on /Users/binhpham/Library/Python/3.9/lib/python/site-packages/airflow/example_dags/example_dataset_alias_with_no_taskflow.py
[2024-09-18T17:12:40.942-0500] {processor.py:914} INFO - Processing file /Users/binhpham/Library/Python/3.9/lib/python/site-packages/airflow/example_dags/example_dataset_alias_with_no_taskflow.py for tasks to queue
[2024-09-18T17:12:40.942-0500] {logging_mixin.py:190} INFO - [2024-09-18T17:12:40.942-0500] {dagbag.py:587} INFO - Filling up the DagBag from /Users/binhpham/Library/Python/3.9/lib/python/site-packages/airflow/example_dags/example_dataset_alias_with_no_taskflow.py
[2024-09-18T17:12:41.056-0500] {processor.py:925} INFO - DAG(s) 'dataset_alias_example_alias_producer_with_no_taskflow', 'dataset_s3_bucket_consumer_with_no_taskflow', 'dataset_alias_example_alias_consumer_with_no_taskflow', 'dataset_s3_bucket_producer_with_no_taskflow' retrieved from /Users/binhpham/Library/Python/3.9/lib/python/site-packages/airflow/example_dags/example_dataset_alias_with_no_taskflow.py
[2024-09-18T17:12:41.068-0500] {logging_mixin.py:190} INFO - [2024-09-18T17:12:41.068-0500] {dag.py:3229} INFO - Sync 4 DAGs
[2024-09-18T17:12:41.078-0500] {logging_mixin.py:190} INFO - [2024-09-18T17:12:41.077-0500] {dag.py:4156} INFO - Setting next_dagrun for dataset_alias_example_alias_consumer_with_no_taskflow to None, run_after=None
[2024-09-18T17:12:41.079-0500] {logging_mixin.py:190} INFO - [2024-09-18T17:12:41.078-0500] {dag.py:4156} INFO - Setting next_dagrun for dataset_alias_example_alias_producer_with_no_taskflow to None, run_after=None
[2024-09-18T17:12:41.079-0500] {logging_mixin.py:190} INFO - [2024-09-18T17:12:41.079-0500] {dag.py:4156} INFO - Setting next_dagrun for dataset_s3_bucket_consumer_with_no_taskflow to None, run_after=None
[2024-09-18T17:12:41.079-0500] {logging_mixin.py:190} INFO - [2024-09-18T17:12:41.079-0500] {dag.py:4156} INFO - Setting next_dagrun for dataset_s3_bucket_producer_with_no_taskflow to None, run_after=None
[2024-09-18T17:12:41.090-0500] {processor.py:208} INFO - Processing /Users/binhpham/Library/Python/3.9/lib/python/site-packages/airflow/example_dags/example_dataset_alias_with_no_taskflow.py took 0.152 seconds
[2024-09-18T17:16:30.281-0500] {processor.py:186} INFO - Started process (PID=17049) to work on /Users/binhpham/Library/Python/3.9/lib/python/site-packages/airflow/example_dags/example_dataset_alias_with_no_taskflow.py
[2024-09-18T17:16:30.283-0500] {processor.py:914} INFO - Processing file /Users/binhpham/Library/Python/3.9/lib/python/site-packages/airflow/example_dags/example_dataset_alias_with_no_taskflow.py for tasks to queue
[2024-09-18T17:16:30.284-0500] {logging_mixin.py:190} INFO - [2024-09-18T17:16:30.284-0500] {dagbag.py:587} INFO - Filling up the DagBag from /Users/binhpham/Library/Python/3.9/lib/python/site-packages/airflow/example_dags/example_dataset_alias_with_no_taskflow.py
[2024-09-18T17:16:30.394-0500] {processor.py:925} INFO - DAG(s) 'dataset_s3_bucket_producer_with_no_taskflow', 'dataset_alias_example_alias_producer_with_no_taskflow', 'dataset_alias_example_alias_consumer_with_no_taskflow', 'dataset_s3_bucket_consumer_with_no_taskflow' retrieved from /Users/binhpham/Library/Python/3.9/lib/python/site-packages/airflow/example_dags/example_dataset_alias_with_no_taskflow.py
[2024-09-18T17:16:30.406-0500] {logging_mixin.py:190} INFO - [2024-09-18T17:16:30.406-0500] {dag.py:3229} INFO - Sync 4 DAGs
[2024-09-18T17:16:30.415-0500] {logging_mixin.py:190} INFO - [2024-09-18T17:16:30.415-0500] {dag.py:4156} INFO - Setting next_dagrun for dataset_alias_example_alias_consumer_with_no_taskflow to None, run_after=None
[2024-09-18T17:16:30.416-0500] {logging_mixin.py:190} INFO - [2024-09-18T17:16:30.416-0500] {dag.py:4156} INFO - Setting next_dagrun for dataset_alias_example_alias_producer_with_no_taskflow to None, run_after=None
[2024-09-18T17:16:30.416-0500] {logging_mixin.py:190} INFO - [2024-09-18T17:16:30.416-0500] {dag.py:4156} INFO - Setting next_dagrun for dataset_s3_bucket_consumer_with_no_taskflow to None, run_after=None
[2024-09-18T17:16:30.417-0500] {logging_mixin.py:190} INFO - [2024-09-18T17:16:30.417-0500] {dag.py:4156} INFO - Setting next_dagrun for dataset_s3_bucket_producer_with_no_taskflow to None, run_after=None
[2024-09-18T17:16:30.426-0500] {processor.py:208} INFO - Processing /Users/binhpham/Library/Python/3.9/lib/python/site-packages/airflow/example_dags/example_dataset_alias_with_no_taskflow.py took 0.147 seconds
[2024-09-18T17:19:29.377-0500] {processor.py:186} INFO - Started process (PID=18295) to work on /Users/binhpham/Library/Python/3.9/lib/python/site-packages/airflow/example_dags/example_dataset_alias_with_no_taskflow.py
[2024-09-18T17:19:29.379-0500] {processor.py:914} INFO - Processing file /Users/binhpham/Library/Python/3.9/lib/python/site-packages/airflow/example_dags/example_dataset_alias_with_no_taskflow.py for tasks to queue
[2024-09-18T17:19:29.379-0500] {logging_mixin.py:190} INFO - [2024-09-18T17:19:29.379-0500] {dagbag.py:587} INFO - Filling up the DagBag from /Users/binhpham/Library/Python/3.9/lib/python/site-packages/airflow/example_dags/example_dataset_alias_with_no_taskflow.py
[2024-09-18T17:19:29.523-0500] {processor.py:925} INFO - DAG(s) 'dataset_alias_example_alias_producer_with_no_taskflow', 'dataset_s3_bucket_producer_with_no_taskflow', 'dataset_alias_example_alias_consumer_with_no_taskflow', 'dataset_s3_bucket_consumer_with_no_taskflow' retrieved from /Users/binhpham/Library/Python/3.9/lib/python/site-packages/airflow/example_dags/example_dataset_alias_with_no_taskflow.py
[2024-09-18T17:19:29.538-0500] {logging_mixin.py:190} INFO - [2024-09-18T17:19:29.538-0500] {dag.py:3229} INFO - Sync 4 DAGs
[2024-09-18T17:19:29.548-0500] {logging_mixin.py:190} INFO - [2024-09-18T17:19:29.547-0500] {dag.py:4156} INFO - Setting next_dagrun for dataset_alias_example_alias_consumer_with_no_taskflow to None, run_after=None
[2024-09-18T17:19:29.549-0500] {logging_mixin.py:190} INFO - [2024-09-18T17:19:29.549-0500] {dag.py:4156} INFO - Setting next_dagrun for dataset_alias_example_alias_producer_with_no_taskflow to None, run_after=None
[2024-09-18T17:19:29.549-0500] {logging_mixin.py:190} INFO - [2024-09-18T17:19:29.549-0500] {dag.py:4156} INFO - Setting next_dagrun for dataset_s3_bucket_consumer_with_no_taskflow to None, run_after=None
[2024-09-18T17:19:29.550-0500] {logging_mixin.py:190} INFO - [2024-09-18T17:19:29.550-0500] {dag.py:4156} INFO - Setting next_dagrun for dataset_s3_bucket_producer_with_no_taskflow to None, run_after=None
[2024-09-18T17:19:29.562-0500] {processor.py:208} INFO - Processing /Users/binhpham/Library/Python/3.9/lib/python/site-packages/airflow/example_dags/example_dataset_alias_with_no_taskflow.py took 0.187 seconds
[2024-09-18T17:23:29.647-0500] {processor.py:186} INFO - Started process (PID=19738) to work on /Users/binhpham/Projects/dbt_project/venv/lib/python3.9/site-packages/airflow/example_dags/example_dataset_alias_with_no_taskflow.py
[2024-09-18T17:23:29.649-0500] {processor.py:914} INFO - Processing file /Users/binhpham/Projects/dbt_project/venv/lib/python3.9/site-packages/airflow/example_dags/example_dataset_alias_with_no_taskflow.py for tasks to queue
[2024-09-18T17:23:29.649-0500] {logging_mixin.py:190} INFO - [2024-09-18T17:23:29.649-0500] {dagbag.py:587} INFO - Filling up the DagBag from /Users/binhpham/Projects/dbt_project/venv/lib/python3.9/site-packages/airflow/example_dags/example_dataset_alias_with_no_taskflow.py
[2024-09-18T17:23:29.748-0500] {processor.py:925} INFO - DAG(s) 'dataset_s3_bucket_producer_with_no_taskflow', 'dataset_alias_example_alias_producer_with_no_taskflow', 'dataset_alias_example_alias_consumer_with_no_taskflow', 'dataset_s3_bucket_consumer_with_no_taskflow' retrieved from /Users/binhpham/Projects/dbt_project/venv/lib/python3.9/site-packages/airflow/example_dags/example_dataset_alias_with_no_taskflow.py
[2024-09-18T17:23:29.826-0500] {logging_mixin.py:190} INFO - [2024-09-18T17:23:29.826-0500] {dag.py:3229} INFO - Sync 4 DAGs
[2024-09-18T17:23:29.835-0500] {logging_mixin.py:190} INFO - [2024-09-18T17:23:29.835-0500] {dag.py:4156} INFO - Setting next_dagrun for dataset_alias_example_alias_consumer_with_no_taskflow to None, run_after=None
[2024-09-18T17:23:29.836-0500] {logging_mixin.py:190} INFO - [2024-09-18T17:23:29.836-0500] {dag.py:4156} INFO - Setting next_dagrun for dataset_alias_example_alias_producer_with_no_taskflow to None, run_after=None
[2024-09-18T17:23:29.836-0500] {logging_mixin.py:190} INFO - [2024-09-18T17:23:29.836-0500] {dag.py:4156} INFO - Setting next_dagrun for dataset_s3_bucket_consumer_with_no_taskflow to None, run_after=None
[2024-09-18T17:23:29.837-0500] {logging_mixin.py:190} INFO - [2024-09-18T17:23:29.837-0500] {dag.py:4156} INFO - Setting next_dagrun for dataset_s3_bucket_producer_with_no_taskflow to None, run_after=None
[2024-09-18T17:23:29.848-0500] {processor.py:208} INFO - Processing /Users/binhpham/Projects/dbt_project/venv/lib/python3.9/site-packages/airflow/example_dags/example_dataset_alias_with_no_taskflow.py took 0.203 seconds
[2024-09-18T17:27:28.453-0500] {processor.py:186} INFO - Started process (PID=20764) to work on /Users/binhpham/Projects/dbt_project/venv/lib/python3.9/site-packages/airflow/example_dags/example_dataset_alias_with_no_taskflow.py
[2024-09-18T17:27:28.455-0500] {processor.py:914} INFO - Processing file /Users/binhpham/Projects/dbt_project/venv/lib/python3.9/site-packages/airflow/example_dags/example_dataset_alias_with_no_taskflow.py for tasks to queue
[2024-09-18T17:27:28.456-0500] {logging_mixin.py:190} INFO - [2024-09-18T17:27:28.456-0500] {dagbag.py:587} INFO - Filling up the DagBag from /Users/binhpham/Projects/dbt_project/venv/lib/python3.9/site-packages/airflow/example_dags/example_dataset_alias_with_no_taskflow.py
[2024-09-18T17:27:28.558-0500] {processor.py:925} INFO - DAG(s) 'dataset_alias_example_alias_consumer_with_no_taskflow', 'dataset_alias_example_alias_producer_with_no_taskflow', 'dataset_s3_bucket_consumer_with_no_taskflow', 'dataset_s3_bucket_producer_with_no_taskflow' retrieved from /Users/binhpham/Projects/dbt_project/venv/lib/python3.9/site-packages/airflow/example_dags/example_dataset_alias_with_no_taskflow.py
[2024-09-18T17:27:28.571-0500] {logging_mixin.py:190} INFO - [2024-09-18T17:27:28.571-0500] {dag.py:3229} INFO - Sync 4 DAGs
[2024-09-18T17:27:28.581-0500] {logging_mixin.py:190} INFO - [2024-09-18T17:27:28.581-0500] {dag.py:4156} INFO - Setting next_dagrun for dataset_alias_example_alias_consumer_with_no_taskflow to None, run_after=None
[2024-09-18T17:27:28.582-0500] {logging_mixin.py:190} INFO - [2024-09-18T17:27:28.582-0500] {dag.py:4156} INFO - Setting next_dagrun for dataset_alias_example_alias_producer_with_no_taskflow to None, run_after=None
[2024-09-18T17:27:28.582-0500] {logging_mixin.py:190} INFO - [2024-09-18T17:27:28.582-0500] {dag.py:4156} INFO - Setting next_dagrun for dataset_s3_bucket_consumer_with_no_taskflow to None, run_after=None
[2024-09-18T17:27:28.583-0500] {logging_mixin.py:190} INFO - [2024-09-18T17:27:28.583-0500] {dag.py:4156} INFO - Setting next_dagrun for dataset_s3_bucket_producer_with_no_taskflow to None, run_after=None
[2024-09-18T17:27:28.596-0500] {processor.py:208} INFO - Processing /Users/binhpham/Projects/dbt_project/venv/lib/python3.9/site-packages/airflow/example_dags/example_dataset_alias_with_no_taskflow.py took 0.144 seconds
[2024-09-18T17:30:00.607-0500] {processor.py:186} INFO - Started process (PID=21797) to work on /Users/binhpham/Projects/dbt_project/venv/lib/python3.9/site-packages/airflow/example_dags/example_dataset_alias_with_no_taskflow.py
[2024-09-18T17:30:00.609-0500] {processor.py:914} INFO - Processing file /Users/binhpham/Projects/dbt_project/venv/lib/python3.9/site-packages/airflow/example_dags/example_dataset_alias_with_no_taskflow.py for tasks to queue
[2024-09-18T17:30:00.610-0500] {logging_mixin.py:190} INFO - [2024-09-18T17:30:00.610-0500] {dagbag.py:587} INFO - Filling up the DagBag from /Users/binhpham/Projects/dbt_project/venv/lib/python3.9/site-packages/airflow/example_dags/example_dataset_alias_with_no_taskflow.py
[2024-09-18T17:30:00.714-0500] {processor.py:925} INFO - DAG(s) 'dataset_alias_example_alias_consumer_with_no_taskflow', 'dataset_s3_bucket_consumer_with_no_taskflow', 'dataset_s3_bucket_producer_with_no_taskflow', 'dataset_alias_example_alias_producer_with_no_taskflow' retrieved from /Users/binhpham/Projects/dbt_project/venv/lib/python3.9/site-packages/airflow/example_dags/example_dataset_alias_with_no_taskflow.py
[2024-09-18T17:30:00.726-0500] {logging_mixin.py:190} INFO - [2024-09-18T17:30:00.726-0500] {dag.py:3229} INFO - Sync 4 DAGs
[2024-09-18T17:30:00.735-0500] {logging_mixin.py:190} INFO - [2024-09-18T17:30:00.735-0500] {dag.py:4156} INFO - Setting next_dagrun for dataset_alias_example_alias_consumer_with_no_taskflow to None, run_after=None
[2024-09-18T17:30:00.736-0500] {logging_mixin.py:190} INFO - [2024-09-18T17:30:00.736-0500] {dag.py:4156} INFO - Setting next_dagrun for dataset_alias_example_alias_producer_with_no_taskflow to None, run_after=None
[2024-09-18T17:30:00.736-0500] {logging_mixin.py:190} INFO - [2024-09-18T17:30:00.736-0500] {dag.py:4156} INFO - Setting next_dagrun for dataset_s3_bucket_consumer_with_no_taskflow to None, run_after=None
[2024-09-18T17:30:00.737-0500] {logging_mixin.py:190} INFO - [2024-09-18T17:30:00.737-0500] {dag.py:4156} INFO - Setting next_dagrun for dataset_s3_bucket_producer_with_no_taskflow to None, run_after=None
[2024-09-18T17:30:00.747-0500] {processor.py:208} INFO - Processing /Users/binhpham/Projects/dbt_project/venv/lib/python3.9/site-packages/airflow/example_dags/example_dataset_alias_with_no_taskflow.py took 0.142 seconds
[2024-09-18T17:32:47.504-0500] {processor.py:186} INFO - Started process (PID=22871) to work on /Users/binhpham/Projects/dbt_project/venv/lib/python3.9/site-packages/airflow/example_dags/example_dataset_alias_with_no_taskflow.py
[2024-09-18T17:32:47.506-0500] {processor.py:914} INFO - Processing file /Users/binhpham/Projects/dbt_project/venv/lib/python3.9/site-packages/airflow/example_dags/example_dataset_alias_with_no_taskflow.py for tasks to queue
[2024-09-18T17:32:47.507-0500] {logging_mixin.py:190} INFO - [2024-09-18T17:32:47.507-0500] {dagbag.py:587} INFO - Filling up the DagBag from /Users/binhpham/Projects/dbt_project/venv/lib/python3.9/site-packages/airflow/example_dags/example_dataset_alias_with_no_taskflow.py
[2024-09-18T17:32:47.607-0500] {processor.py:925} INFO - DAG(s) 'dataset_s3_bucket_producer_with_no_taskflow', 'dataset_s3_bucket_consumer_with_no_taskflow', 'dataset_alias_example_alias_producer_with_no_taskflow', 'dataset_alias_example_alias_consumer_with_no_taskflow' retrieved from /Users/binhpham/Projects/dbt_project/venv/lib/python3.9/site-packages/airflow/example_dags/example_dataset_alias_with_no_taskflow.py
[2024-09-18T17:32:47.620-0500] {logging_mixin.py:190} INFO - [2024-09-18T17:32:47.620-0500] {dag.py:3229} INFO - Sync 4 DAGs
[2024-09-18T17:32:47.629-0500] {logging_mixin.py:190} INFO - [2024-09-18T17:32:47.629-0500] {dag.py:4156} INFO - Setting next_dagrun for dataset_alias_example_alias_consumer_with_no_taskflow to None, run_after=None
[2024-09-18T17:32:47.631-0500] {logging_mixin.py:190} INFO - [2024-09-18T17:32:47.630-0500] {dag.py:4156} INFO - Setting next_dagrun for dataset_alias_example_alias_producer_with_no_taskflow to None, run_after=None
[2024-09-18T17:32:47.631-0500] {logging_mixin.py:190} INFO - [2024-09-18T17:32:47.631-0500] {dag.py:4156} INFO - Setting next_dagrun for dataset_s3_bucket_consumer_with_no_taskflow to None, run_after=None
[2024-09-18T17:32:47.631-0500] {logging_mixin.py:190} INFO - [2024-09-18T17:32:47.631-0500] {dag.py:4156} INFO - Setting next_dagrun for dataset_s3_bucket_producer_with_no_taskflow to None, run_after=None
[2024-09-18T17:32:47.643-0500] {processor.py:208} INFO - Processing /Users/binhpham/Projects/dbt_project/venv/lib/python3.9/site-packages/airflow/example_dags/example_dataset_alias_with_no_taskflow.py took 0.141 seconds
[2024-09-18T17:35:45.308-0500] {processor.py:186} INFO - Started process (PID=23737) to work on /Users/binhpham/Projects/dbt_project/venv/lib/python3.9/site-packages/airflow/example_dags/example_dataset_alias_with_no_taskflow.py
[2024-09-18T17:35:45.311-0500] {processor.py:914} INFO - Processing file /Users/binhpham/Projects/dbt_project/venv/lib/python3.9/site-packages/airflow/example_dags/example_dataset_alias_with_no_taskflow.py for tasks to queue
[2024-09-18T17:35:45.311-0500] {logging_mixin.py:190} INFO - [2024-09-18T17:35:45.311-0500] {dagbag.py:587} INFO - Filling up the DagBag from /Users/binhpham/Projects/dbt_project/venv/lib/python3.9/site-packages/airflow/example_dags/example_dataset_alias_with_no_taskflow.py
[2024-09-18T17:35:45.412-0500] {processor.py:925} INFO - DAG(s) 'dataset_alias_example_alias_consumer_with_no_taskflow', 'dataset_alias_example_alias_producer_with_no_taskflow', 'dataset_s3_bucket_consumer_with_no_taskflow', 'dataset_s3_bucket_producer_with_no_taskflow' retrieved from /Users/binhpham/Projects/dbt_project/venv/lib/python3.9/site-packages/airflow/example_dags/example_dataset_alias_with_no_taskflow.py
[2024-09-18T17:35:45.426-0500] {logging_mixin.py:190} INFO - [2024-09-18T17:35:45.426-0500] {dag.py:3229} INFO - Sync 4 DAGs
[2024-09-18T17:35:45.436-0500] {logging_mixin.py:190} INFO - [2024-09-18T17:35:45.436-0500] {dag.py:4156} INFO - Setting next_dagrun for dataset_alias_example_alias_consumer_with_no_taskflow to None, run_after=None
[2024-09-18T17:35:45.437-0500] {logging_mixin.py:190} INFO - [2024-09-18T17:35:45.437-0500] {dag.py:4156} INFO - Setting next_dagrun for dataset_alias_example_alias_producer_with_no_taskflow to None, run_after=None
[2024-09-18T17:35:45.438-0500] {logging_mixin.py:190} INFO - [2024-09-18T17:35:45.438-0500] {dag.py:4156} INFO - Setting next_dagrun for dataset_s3_bucket_consumer_with_no_taskflow to None, run_after=None
[2024-09-18T17:35:45.438-0500] {logging_mixin.py:190} INFO - [2024-09-18T17:35:45.438-0500] {dag.py:4156} INFO - Setting next_dagrun for dataset_s3_bucket_producer_with_no_taskflow to None, run_after=None
[2024-09-18T17:35:45.451-0500] {processor.py:208} INFO - Processing /Users/binhpham/Projects/dbt_project/venv/lib/python3.9/site-packages/airflow/example_dags/example_dataset_alias_with_no_taskflow.py took 0.144 seconds
[2024-09-18T17:38:30.443-0500] {processor.py:186} INFO - Started process (PID=24251) to work on /Users/binhpham/Projects/dbt_project/venv/lib/python3.9/site-packages/airflow/example_dags/example_dataset_alias_with_no_taskflow.py
[2024-09-18T17:38:30.444-0500] {processor.py:914} INFO - Processing file /Users/binhpham/Projects/dbt_project/venv/lib/python3.9/site-packages/airflow/example_dags/example_dataset_alias_with_no_taskflow.py for tasks to queue
[2024-09-18T17:38:30.445-0500] {logging_mixin.py:190} INFO - [2024-09-18T17:38:30.445-0500] {dagbag.py:587} INFO - Filling up the DagBag from /Users/binhpham/Projects/dbt_project/venv/lib/python3.9/site-packages/airflow/example_dags/example_dataset_alias_with_no_taskflow.py
[2024-09-18T17:38:30.545-0500] {processor.py:925} INFO - DAG(s) 'dataset_s3_bucket_consumer_with_no_taskflow', 'dataset_s3_bucket_producer_with_no_taskflow', 'dataset_alias_example_alias_consumer_with_no_taskflow', 'dataset_alias_example_alias_producer_with_no_taskflow' retrieved from /Users/binhpham/Projects/dbt_project/venv/lib/python3.9/site-packages/airflow/example_dags/example_dataset_alias_with_no_taskflow.py
[2024-09-18T17:38:30.557-0500] {logging_mixin.py:190} INFO - [2024-09-18T17:38:30.557-0500] {dag.py:3229} INFO - Sync 4 DAGs
[2024-09-18T17:38:30.566-0500] {logging_mixin.py:190} INFO - [2024-09-18T17:38:30.566-0500] {dag.py:4156} INFO - Setting next_dagrun for dataset_alias_example_alias_consumer_with_no_taskflow to None, run_after=None
[2024-09-18T17:38:30.567-0500] {logging_mixin.py:190} INFO - [2024-09-18T17:38:30.567-0500] {dag.py:4156} INFO - Setting next_dagrun for dataset_alias_example_alias_producer_with_no_taskflow to None, run_after=None
[2024-09-18T17:38:30.568-0500] {logging_mixin.py:190} INFO - [2024-09-18T17:38:30.567-0500] {dag.py:4156} INFO - Setting next_dagrun for dataset_s3_bucket_consumer_with_no_taskflow to None, run_after=None
[2024-09-18T17:38:30.568-0500] {logging_mixin.py:190} INFO - [2024-09-18T17:38:30.568-0500] {dag.py:4156} INFO - Setting next_dagrun for dataset_s3_bucket_producer_with_no_taskflow to None, run_after=None
[2024-09-18T17:38:30.579-0500] {processor.py:208} INFO - Processing /Users/binhpham/Projects/dbt_project/venv/lib/python3.9/site-packages/airflow/example_dags/example_dataset_alias_with_no_taskflow.py took 0.138 seconds
[2024-09-18T17:41:22.961-0500] {processor.py:186} INFO - Started process (PID=24798) to work on /Users/binhpham/Projects/dbt_project/venv/lib/python3.9/site-packages/airflow/example_dags/example_dataset_alias_with_no_taskflow.py
[2024-09-18T17:41:22.963-0500] {processor.py:914} INFO - Processing file /Users/binhpham/Projects/dbt_project/venv/lib/python3.9/site-packages/airflow/example_dags/example_dataset_alias_with_no_taskflow.py for tasks to queue
[2024-09-18T17:41:22.964-0500] {logging_mixin.py:190} INFO - [2024-09-18T17:41:22.964-0500] {dagbag.py:587} INFO - Filling up the DagBag from /Users/binhpham/Projects/dbt_project/venv/lib/python3.9/site-packages/airflow/example_dags/example_dataset_alias_with_no_taskflow.py
[2024-09-18T17:41:23.061-0500] {processor.py:925} INFO - DAG(s) 'dataset_s3_bucket_producer_with_no_taskflow', 'dataset_alias_example_alias_producer_with_no_taskflow', 'dataset_s3_bucket_consumer_with_no_taskflow', 'dataset_alias_example_alias_consumer_with_no_taskflow' retrieved from /Users/binhpham/Projects/dbt_project/venv/lib/python3.9/site-packages/airflow/example_dags/example_dataset_alias_with_no_taskflow.py
[2024-09-18T17:41:23.073-0500] {logging_mixin.py:190} INFO - [2024-09-18T17:41:23.073-0500] {dag.py:3229} INFO - Sync 4 DAGs
[2024-09-18T17:41:23.082-0500] {logging_mixin.py:190} INFO - [2024-09-18T17:41:23.082-0500] {dag.py:4156} INFO - Setting next_dagrun for dataset_alias_example_alias_consumer_with_no_taskflow to None, run_after=None
[2024-09-18T17:41:23.083-0500] {logging_mixin.py:190} INFO - [2024-09-18T17:41:23.083-0500] {dag.py:4156} INFO - Setting next_dagrun for dataset_alias_example_alias_producer_with_no_taskflow to None, run_after=None
[2024-09-18T17:41:23.083-0500] {logging_mixin.py:190} INFO - [2024-09-18T17:41:23.083-0500] {dag.py:4156} INFO - Setting next_dagrun for dataset_s3_bucket_consumer_with_no_taskflow to None, run_after=None
[2024-09-18T17:41:23.084-0500] {logging_mixin.py:190} INFO - [2024-09-18T17:41:23.084-0500] {dag.py:4156} INFO - Setting next_dagrun for dataset_s3_bucket_producer_with_no_taskflow to None, run_after=None
[2024-09-18T17:41:23.094-0500] {processor.py:208} INFO - Processing /Users/binhpham/Projects/dbt_project/venv/lib/python3.9/site-packages/airflow/example_dags/example_dataset_alias_with_no_taskflow.py took 0.135 seconds
[2024-09-18T17:44:13.718-0500] {processor.py:186} INFO - Started process (PID=25384) to work on /Users/binhpham/Projects/dbt_project/venv/lib/python3.9/site-packages/airflow/example_dags/example_dataset_alias_with_no_taskflow.py
[2024-09-18T17:44:13.721-0500] {processor.py:914} INFO - Processing file /Users/binhpham/Projects/dbt_project/venv/lib/python3.9/site-packages/airflow/example_dags/example_dataset_alias_with_no_taskflow.py for tasks to queue
[2024-09-18T17:44:13.721-0500] {logging_mixin.py:190} INFO - [2024-09-18T17:44:13.721-0500] {dagbag.py:587} INFO - Filling up the DagBag from /Users/binhpham/Projects/dbt_project/venv/lib/python3.9/site-packages/airflow/example_dags/example_dataset_alias_with_no_taskflow.py
[2024-09-18T17:44:13.819-0500] {processor.py:925} INFO - DAG(s) 'dataset_alias_example_alias_consumer_with_no_taskflow', 'dataset_alias_example_alias_producer_with_no_taskflow', 'dataset_s3_bucket_producer_with_no_taskflow', 'dataset_s3_bucket_consumer_with_no_taskflow' retrieved from /Users/binhpham/Projects/dbt_project/venv/lib/python3.9/site-packages/airflow/example_dags/example_dataset_alias_with_no_taskflow.py
[2024-09-18T17:44:13.832-0500] {logging_mixin.py:190} INFO - [2024-09-18T17:44:13.832-0500] {dag.py:3229} INFO - Sync 4 DAGs
[2024-09-18T17:44:13.841-0500] {logging_mixin.py:190} INFO - [2024-09-18T17:44:13.841-0500] {dag.py:4156} INFO - Setting next_dagrun for dataset_alias_example_alias_consumer_with_no_taskflow to None, run_after=None
[2024-09-18T17:44:13.842-0500] {logging_mixin.py:190} INFO - [2024-09-18T17:44:13.842-0500] {dag.py:4156} INFO - Setting next_dagrun for dataset_alias_example_alias_producer_with_no_taskflow to None, run_after=None
[2024-09-18T17:44:13.842-0500] {logging_mixin.py:190} INFO - [2024-09-18T17:44:13.842-0500] {dag.py:4156} INFO - Setting next_dagrun for dataset_s3_bucket_consumer_with_no_taskflow to None, run_after=None
[2024-09-18T17:44:13.843-0500] {logging_mixin.py:190} INFO - [2024-09-18T17:44:13.843-0500] {dag.py:4156} INFO - Setting next_dagrun for dataset_s3_bucket_producer_with_no_taskflow to None, run_after=None
[2024-09-18T17:44:13.853-0500] {processor.py:208} INFO - Processing /Users/binhpham/Projects/dbt_project/venv/lib/python3.9/site-packages/airflow/example_dags/example_dataset_alias_with_no_taskflow.py took 0.137 seconds
