[2024-09-18T16:52:26.154-0500] {processor.py:186} INFO - Started process (PID=11864) to work on /Users/binhpham/Library/Python/3.9/lib/python/site-packages/airflow/example_dags/example_sensor_decorator.py
[2024-09-18T16:52:26.156-0500] {processor.py:914} INFO - Processing file /Users/binhpham/Library/Python/3.9/lib/python/site-packages/airflow/example_dags/example_sensor_decorator.py for tasks to queue
[2024-09-18T16:52:26.156-0500] {logging_mixin.py:190} INFO - [2024-09-18T16:52:26.156-0500] {dagbag.py:587} INFO - Filling up the DagBag from /Users/binhpham/Library/Python/3.9/lib/python/site-packages/airflow/example_dags/example_sensor_decorator.py
[2024-09-18T16:52:26.176-0500] {processor.py:925} INFO - DAG(s) 'example_sensor_decorator' retrieved from /Users/binhpham/Library/Python/3.9/lib/python/site-packages/airflow/example_dags/example_sensor_decorator.py
[2024-09-18T16:52:26.488-0500] {logging_mixin.py:190} INFO - [2024-09-18T16:52:26.488-0500] {dag.py:3229} INFO - Sync 1 DAGs
[2024-09-18T16:52:26.494-0500] {logging_mixin.py:190} INFO - [2024-09-18T16:52:26.494-0500] {dag.py:4156} INFO - Setting next_dagrun for example_sensor_decorator to None, run_after=None
[2024-09-18T16:52:26.504-0500] {processor.py:208} INFO - Processing /Users/binhpham/Library/Python/3.9/lib/python/site-packages/airflow/example_dags/example_sensor_decorator.py took 0.351 seconds
[2024-09-18T16:54:25.899-0500] {processor.py:186} INFO - Started process (PID=12368) to work on /Users/binhpham/Library/Python/3.9/lib/python/site-packages/airflow/example_dags/example_sensor_decorator.py
[2024-09-18T16:54:25.901-0500] {processor.py:914} INFO - Processing file /Users/binhpham/Library/Python/3.9/lib/python/site-packages/airflow/example_dags/example_sensor_decorator.py for tasks to queue
[2024-09-18T16:54:25.902-0500] {logging_mixin.py:190} INFO - [2024-09-18T16:54:25.902-0500] {dagbag.py:587} INFO - Filling up the DagBag from /Users/binhpham/Library/Python/3.9/lib/python/site-packages/airflow/example_dags/example_sensor_decorator.py
[2024-09-18T16:54:25.921-0500] {processor.py:925} INFO - DAG(s) 'example_sensor_decorator' retrieved from /Users/binhpham/Library/Python/3.9/lib/python/site-packages/airflow/example_dags/example_sensor_decorator.py
[2024-09-18T16:54:26.215-0500] {logging_mixin.py:190} INFO - [2024-09-18T16:54:26.215-0500] {dag.py:3229} INFO - Sync 1 DAGs
[2024-09-18T16:54:26.222-0500] {logging_mixin.py:190} INFO - [2024-09-18T16:54:26.221-0500] {dag.py:4156} INFO - Setting next_dagrun for example_sensor_decorator to None, run_after=None
[2024-09-18T16:54:26.232-0500] {processor.py:208} INFO - Processing /Users/binhpham/Library/Python/3.9/lib/python/site-packages/airflow/example_dags/example_sensor_decorator.py took 0.334 seconds
[2024-09-18T16:57:26.846-0500] {processor.py:186} INFO - Started process (PID=12952) to work on /Users/binhpham/Library/Python/3.9/lib/python/site-packages/airflow/example_dags/example_sensor_decorator.py
[2024-09-18T16:57:26.848-0500] {processor.py:914} INFO - Processing file /Users/binhpham/Library/Python/3.9/lib/python/site-packages/airflow/example_dags/example_sensor_decorator.py for tasks to queue
[2024-09-18T16:57:26.849-0500] {logging_mixin.py:190} INFO - [2024-09-18T16:57:26.848-0500] {dagbag.py:587} INFO - Filling up the DagBag from /Users/binhpham/Library/Python/3.9/lib/python/site-packages/airflow/example_dags/example_sensor_decorator.py
[2024-09-18T16:57:26.869-0500] {processor.py:925} INFO - DAG(s) 'example_sensor_decorator' retrieved from /Users/binhpham/Library/Python/3.9/lib/python/site-packages/airflow/example_dags/example_sensor_decorator.py
[2024-09-18T16:57:27.155-0500] {logging_mixin.py:190} INFO - [2024-09-18T16:57:27.154-0500] {dag.py:3229} INFO - Sync 1 DAGs
[2024-09-18T16:57:27.160-0500] {logging_mixin.py:190} INFO - [2024-09-18T16:57:27.160-0500] {dag.py:4156} INFO - Setting next_dagrun for example_sensor_decorator to None, run_after=None
[2024-09-18T16:57:27.170-0500] {processor.py:208} INFO - Processing /Users/binhpham/Library/Python/3.9/lib/python/site-packages/airflow/example_dags/example_sensor_decorator.py took 0.326 seconds
[2024-09-18T16:59:27.943-0500] {processor.py:186} INFO - Started process (PID=13359) to work on /Users/binhpham/Library/Python/3.9/lib/python/site-packages/airflow/example_dags/example_sensor_decorator.py
[2024-09-18T16:59:27.946-0500] {processor.py:914} INFO - Processing file /Users/binhpham/Library/Python/3.9/lib/python/site-packages/airflow/example_dags/example_sensor_decorator.py for tasks to queue
[2024-09-18T16:59:27.947-0500] {logging_mixin.py:190} INFO - [2024-09-18T16:59:27.947-0500] {dagbag.py:587} INFO - Filling up the DagBag from /Users/binhpham/Library/Python/3.9/lib/python/site-packages/airflow/example_dags/example_sensor_decorator.py
[2024-09-18T16:59:27.966-0500] {processor.py:925} INFO - DAG(s) 'example_sensor_decorator' retrieved from /Users/binhpham/Library/Python/3.9/lib/python/site-packages/airflow/example_dags/example_sensor_decorator.py
[2024-09-18T16:59:28.266-0500] {logging_mixin.py:190} INFO - [2024-09-18T16:59:28.266-0500] {dag.py:3229} INFO - Sync 1 DAGs
[2024-09-18T16:59:28.272-0500] {logging_mixin.py:190} INFO - [2024-09-18T16:59:28.272-0500] {dag.py:4156} INFO - Setting next_dagrun for example_sensor_decorator to None, run_after=None
[2024-09-18T16:59:28.282-0500] {processor.py:208} INFO - Processing /Users/binhpham/Library/Python/3.9/lib/python/site-packages/airflow/example_dags/example_sensor_decorator.py took 0.349 seconds
[2024-09-18T17:00:58.070-0500] {processor.py:186} INFO - Started process (PID=13656) to work on /Users/binhpham/Library/Python/3.9/lib/python/site-packages/airflow/example_dags/example_sensor_decorator.py
[2024-09-18T17:00:58.072-0500] {processor.py:914} INFO - Processing file /Users/binhpham/Library/Python/3.9/lib/python/site-packages/airflow/example_dags/example_sensor_decorator.py for tasks to queue
[2024-09-18T17:00:58.072-0500] {logging_mixin.py:190} INFO - [2024-09-18T17:00:58.072-0500] {dagbag.py:587} INFO - Filling up the DagBag from /Users/binhpham/Library/Python/3.9/lib/python/site-packages/airflow/example_dags/example_sensor_decorator.py
[2024-09-18T17:00:58.092-0500] {processor.py:925} INFO - DAG(s) 'example_sensor_decorator' retrieved from /Users/binhpham/Library/Python/3.9/lib/python/site-packages/airflow/example_dags/example_sensor_decorator.py
[2024-09-18T17:00:58.376-0500] {logging_mixin.py:190} INFO - [2024-09-18T17:00:58.376-0500] {dag.py:3229} INFO - Sync 1 DAGs
[2024-09-18T17:00:58.382-0500] {logging_mixin.py:190} INFO - [2024-09-18T17:00:58.382-0500] {dag.py:4156} INFO - Setting next_dagrun for example_sensor_decorator to None, run_after=None
[2024-09-18T17:00:58.393-0500] {processor.py:208} INFO - Processing /Users/binhpham/Library/Python/3.9/lib/python/site-packages/airflow/example_dags/example_sensor_decorator.py took 0.325 seconds
[2024-09-18T17:03:49.403-0500] {processor.py:186} INFO - Started process (PID=14232) to work on /Users/binhpham/Library/Python/3.9/lib/python/site-packages/airflow/example_dags/example_sensor_decorator.py
[2024-09-18T17:03:49.405-0500] {processor.py:914} INFO - Processing file /Users/binhpham/Library/Python/3.9/lib/python/site-packages/airflow/example_dags/example_sensor_decorator.py for tasks to queue
[2024-09-18T17:03:49.405-0500] {logging_mixin.py:190} INFO - [2024-09-18T17:03:49.405-0500] {dagbag.py:587} INFO - Filling up the DagBag from /Users/binhpham/Library/Python/3.9/lib/python/site-packages/airflow/example_dags/example_sensor_decorator.py
[2024-09-18T17:03:49.424-0500] {processor.py:925} INFO - DAG(s) 'example_sensor_decorator' retrieved from /Users/binhpham/Library/Python/3.9/lib/python/site-packages/airflow/example_dags/example_sensor_decorator.py
[2024-09-18T17:03:49.713-0500] {logging_mixin.py:190} INFO - [2024-09-18T17:03:49.712-0500] {dag.py:3229} INFO - Sync 1 DAGs
[2024-09-18T17:03:49.718-0500] {logging_mixin.py:190} INFO - [2024-09-18T17:03:49.718-0500] {dag.py:4156} INFO - Setting next_dagrun for example_sensor_decorator to None, run_after=None
[2024-09-18T17:03:49.728-0500] {processor.py:208} INFO - Processing /Users/binhpham/Library/Python/3.9/lib/python/site-packages/airflow/example_dags/example_sensor_decorator.py took 0.326 seconds
[2024-09-18T17:05:14.366-0500] {processor.py:186} INFO - Started process (PID=14544) to work on /Users/binhpham/Library/Python/3.9/lib/python/site-packages/airflow/example_dags/example_sensor_decorator.py
[2024-09-18T17:05:14.367-0500] {processor.py:914} INFO - Processing file /Users/binhpham/Library/Python/3.9/lib/python/site-packages/airflow/example_dags/example_sensor_decorator.py for tasks to queue
[2024-09-18T17:05:14.368-0500] {logging_mixin.py:190} INFO - [2024-09-18T17:05:14.368-0500] {dagbag.py:587} INFO - Filling up the DagBag from /Users/binhpham/Library/Python/3.9/lib/python/site-packages/airflow/example_dags/example_sensor_decorator.py
[2024-09-18T17:05:14.386-0500] {processor.py:925} INFO - DAG(s) 'example_sensor_decorator' retrieved from /Users/binhpham/Library/Python/3.9/lib/python/site-packages/airflow/example_dags/example_sensor_decorator.py
[2024-09-18T17:05:14.668-0500] {logging_mixin.py:190} INFO - [2024-09-18T17:05:14.668-0500] {dag.py:3229} INFO - Sync 1 DAGs
[2024-09-18T17:05:14.674-0500] {logging_mixin.py:190} INFO - [2024-09-18T17:05:14.674-0500] {dag.py:4156} INFO - Setting next_dagrun for example_sensor_decorator to None, run_after=None
[2024-09-18T17:05:14.684-0500] {processor.py:208} INFO - Processing /Users/binhpham/Library/Python/3.9/lib/python/site-packages/airflow/example_dags/example_sensor_decorator.py took 0.320 seconds
[2024-09-18T17:06:37.781-0500] {processor.py:186} INFO - Started process (PID=14858) to work on /Users/binhpham/Library/Python/3.9/lib/python/site-packages/airflow/example_dags/example_sensor_decorator.py
[2024-09-18T17:06:37.783-0500] {processor.py:914} INFO - Processing file /Users/binhpham/Library/Python/3.9/lib/python/site-packages/airflow/example_dags/example_sensor_decorator.py for tasks to queue
[2024-09-18T17:06:37.784-0500] {logging_mixin.py:190} INFO - [2024-09-18T17:06:37.784-0500] {dagbag.py:587} INFO - Filling up the DagBag from /Users/binhpham/Library/Python/3.9/lib/python/site-packages/airflow/example_dags/example_sensor_decorator.py
[2024-09-18T17:06:37.803-0500] {processor.py:925} INFO - DAG(s) 'example_sensor_decorator' retrieved from /Users/binhpham/Library/Python/3.9/lib/python/site-packages/airflow/example_dags/example_sensor_decorator.py
[2024-09-18T17:06:38.088-0500] {logging_mixin.py:190} INFO - [2024-09-18T17:06:38.088-0500] {dag.py:3229} INFO - Sync 1 DAGs
[2024-09-18T17:06:38.094-0500] {logging_mixin.py:190} INFO - [2024-09-18T17:06:38.094-0500] {dag.py:4156} INFO - Setting next_dagrun for example_sensor_decorator to None, run_after=None
[2024-09-18T17:06:38.103-0500] {processor.py:208} INFO - Processing /Users/binhpham/Library/Python/3.9/lib/python/site-packages/airflow/example_dags/example_sensor_decorator.py took 0.324 seconds
[2024-09-18T17:08:06.831-0500] {processor.py:186} INFO - Started process (PID=15178) to work on /Users/binhpham/Library/Python/3.9/lib/python/site-packages/airflow/example_dags/example_sensor_decorator.py
[2024-09-18T17:08:06.832-0500] {processor.py:914} INFO - Processing file /Users/binhpham/Library/Python/3.9/lib/python/site-packages/airflow/example_dags/example_sensor_decorator.py for tasks to queue
[2024-09-18T17:08:06.833-0500] {logging_mixin.py:190} INFO - [2024-09-18T17:08:06.833-0500] {dagbag.py:587} INFO - Filling up the DagBag from /Users/binhpham/Library/Python/3.9/lib/python/site-packages/airflow/example_dags/example_sensor_decorator.py
[2024-09-18T17:08:06.862-0500] {processor.py:925} INFO - DAG(s) 'example_sensor_decorator' retrieved from /Users/binhpham/Library/Python/3.9/lib/python/site-packages/airflow/example_dags/example_sensor_decorator.py
[2024-09-18T17:08:07.170-0500] {logging_mixin.py:190} INFO - [2024-09-18T17:08:07.170-0500] {dag.py:3229} INFO - Sync 1 DAGs
[2024-09-18T17:08:07.176-0500] {logging_mixin.py:190} INFO - [2024-09-18T17:08:07.176-0500] {dag.py:4156} INFO - Setting next_dagrun for example_sensor_decorator to None, run_after=None
[2024-09-18T17:08:07.187-0500] {processor.py:208} INFO - Processing /Users/binhpham/Library/Python/3.9/lib/python/site-packages/airflow/example_dags/example_sensor_decorator.py took 0.358 seconds
[2024-09-18T17:09:35.113-0500] {processor.py:186} INFO - Started process (PID=15494) to work on /Users/binhpham/Library/Python/3.9/lib/python/site-packages/airflow/example_dags/example_sensor_decorator.py
[2024-09-18T17:09:35.115-0500] {processor.py:914} INFO - Processing file /Users/binhpham/Library/Python/3.9/lib/python/site-packages/airflow/example_dags/example_sensor_decorator.py for tasks to queue
[2024-09-18T17:09:35.116-0500] {logging_mixin.py:190} INFO - [2024-09-18T17:09:35.116-0500] {dagbag.py:587} INFO - Filling up the DagBag from /Users/binhpham/Library/Python/3.9/lib/python/site-packages/airflow/example_dags/example_sensor_decorator.py
[2024-09-18T17:09:35.136-0500] {processor.py:925} INFO - DAG(s) 'example_sensor_decorator' retrieved from /Users/binhpham/Library/Python/3.9/lib/python/site-packages/airflow/example_dags/example_sensor_decorator.py
[2024-09-18T17:09:35.434-0500] {logging_mixin.py:190} INFO - [2024-09-18T17:09:35.434-0500] {dag.py:3229} INFO - Sync 1 DAGs
[2024-09-18T17:09:35.440-0500] {logging_mixin.py:190} INFO - [2024-09-18T17:09:35.440-0500] {dag.py:4156} INFO - Setting next_dagrun for example_sensor_decorator to None, run_after=None
[2024-09-18T17:09:35.449-0500] {processor.py:208} INFO - Processing /Users/binhpham/Library/Python/3.9/lib/python/site-packages/airflow/example_dags/example_sensor_decorator.py took 0.338 seconds
[2024-09-18T17:11:03.442-0500] {processor.py:186} INFO - Started process (PID=15779) to work on /Users/binhpham/Library/Python/3.9/lib/python/site-packages/airflow/example_dags/example_sensor_decorator.py
[2024-09-18T17:11:03.444-0500] {processor.py:914} INFO - Processing file /Users/binhpham/Library/Python/3.9/lib/python/site-packages/airflow/example_dags/example_sensor_decorator.py for tasks to queue
[2024-09-18T17:11:03.444-0500] {logging_mixin.py:190} INFO - [2024-09-18T17:11:03.444-0500] {dagbag.py:587} INFO - Filling up the DagBag from /Users/binhpham/Library/Python/3.9/lib/python/site-packages/airflow/example_dags/example_sensor_decorator.py
[2024-09-18T17:11:03.463-0500] {processor.py:925} INFO - DAG(s) 'example_sensor_decorator' retrieved from /Users/binhpham/Library/Python/3.9/lib/python/site-packages/airflow/example_dags/example_sensor_decorator.py
[2024-09-18T17:11:03.752-0500] {logging_mixin.py:190} INFO - [2024-09-18T17:11:03.751-0500] {dag.py:3229} INFO - Sync 1 DAGs
[2024-09-18T17:11:03.757-0500] {logging_mixin.py:190} INFO - [2024-09-18T17:11:03.757-0500] {dag.py:4156} INFO - Setting next_dagrun for example_sensor_decorator to None, run_after=None
[2024-09-18T17:11:03.766-0500] {processor.py:208} INFO - Processing /Users/binhpham/Library/Python/3.9/lib/python/site-packages/airflow/example_dags/example_sensor_decorator.py took 0.326 seconds
[2024-09-18T17:12:31.971-0500] {processor.py:186} INFO - Started process (PID=16111) to work on /Users/binhpham/Library/Python/3.9/lib/python/site-packages/airflow/example_dags/example_sensor_decorator.py
[2024-09-18T17:12:31.973-0500] {processor.py:914} INFO - Processing file /Users/binhpham/Library/Python/3.9/lib/python/site-packages/airflow/example_dags/example_sensor_decorator.py for tasks to queue
[2024-09-18T17:12:31.973-0500] {logging_mixin.py:190} INFO - [2024-09-18T17:12:31.973-0500] {dagbag.py:587} INFO - Filling up the DagBag from /Users/binhpham/Library/Python/3.9/lib/python/site-packages/airflow/example_dags/example_sensor_decorator.py
[2024-09-18T17:12:31.993-0500] {processor.py:925} INFO - DAG(s) 'example_sensor_decorator' retrieved from /Users/binhpham/Library/Python/3.9/lib/python/site-packages/airflow/example_dags/example_sensor_decorator.py
[2024-09-18T17:12:32.284-0500] {logging_mixin.py:190} INFO - [2024-09-18T17:12:32.284-0500] {dag.py:3229} INFO - Sync 1 DAGs
[2024-09-18T17:12:32.290-0500] {logging_mixin.py:190} INFO - [2024-09-18T17:12:32.289-0500] {dag.py:4156} INFO - Setting next_dagrun for example_sensor_decorator to None, run_after=None
[2024-09-18T17:12:32.299-0500] {processor.py:208} INFO - Processing /Users/binhpham/Library/Python/3.9/lib/python/site-packages/airflow/example_dags/example_sensor_decorator.py took 0.329 seconds
[2024-09-18T17:14:00.836-0500] {processor.py:186} INFO - Started process (PID=16453) to work on /Users/binhpham/Library/Python/3.9/lib/python/site-packages/airflow/example_dags/example_sensor_decorator.py
[2024-09-18T17:14:00.838-0500] {processor.py:914} INFO - Processing file /Users/binhpham/Library/Python/3.9/lib/python/site-packages/airflow/example_dags/example_sensor_decorator.py for tasks to queue
[2024-09-18T17:14:00.839-0500] {logging_mixin.py:190} INFO - [2024-09-18T17:14:00.839-0500] {dagbag.py:587} INFO - Filling up the DagBag from /Users/binhpham/Library/Python/3.9/lib/python/site-packages/airflow/example_dags/example_sensor_decorator.py
[2024-09-18T17:14:00.857-0500] {processor.py:925} INFO - DAG(s) 'example_sensor_decorator' retrieved from /Users/binhpham/Library/Python/3.9/lib/python/site-packages/airflow/example_dags/example_sensor_decorator.py
[2024-09-18T17:14:01.154-0500] {logging_mixin.py:190} INFO - [2024-09-18T17:14:01.154-0500] {dag.py:3229} INFO - Sync 1 DAGs
[2024-09-18T17:14:01.161-0500] {logging_mixin.py:190} INFO - [2024-09-18T17:14:01.161-0500] {dag.py:4156} INFO - Setting next_dagrun for example_sensor_decorator to None, run_after=None
[2024-09-18T17:14:01.171-0500] {processor.py:208} INFO - Processing /Users/binhpham/Library/Python/3.9/lib/python/site-packages/airflow/example_dags/example_sensor_decorator.py took 0.336 seconds
[2024-09-18T17:15:51.972-0500] {processor.py:186} INFO - Started process (PID=16926) to work on /Users/binhpham/Library/Python/3.9/lib/python/site-packages/airflow/example_dags/example_sensor_decorator.py
[2024-09-18T17:15:51.974-0500] {processor.py:914} INFO - Processing file /Users/binhpham/Library/Python/3.9/lib/python/site-packages/airflow/example_dags/example_sensor_decorator.py for tasks to queue
[2024-09-18T17:15:51.974-0500] {logging_mixin.py:190} INFO - [2024-09-18T17:15:51.974-0500] {dagbag.py:587} INFO - Filling up the DagBag from /Users/binhpham/Library/Python/3.9/lib/python/site-packages/airflow/example_dags/example_sensor_decorator.py
[2024-09-18T17:15:51.994-0500] {processor.py:925} INFO - DAG(s) 'example_sensor_decorator' retrieved from /Users/binhpham/Library/Python/3.9/lib/python/site-packages/airflow/example_dags/example_sensor_decorator.py
[2024-09-18T17:15:52.293-0500] {logging_mixin.py:190} INFO - [2024-09-18T17:15:52.292-0500] {dag.py:3229} INFO - Sync 1 DAGs
[2024-09-18T17:15:52.299-0500] {logging_mixin.py:190} INFO - [2024-09-18T17:15:52.299-0500] {dag.py:4156} INFO - Setting next_dagrun for example_sensor_decorator to None, run_after=None
[2024-09-18T17:15:52.309-0500] {processor.py:208} INFO - Processing /Users/binhpham/Library/Python/3.9/lib/python/site-packages/airflow/example_dags/example_sensor_decorator.py took 0.339 seconds
[2024-09-18T17:17:51.383-0500] {processor.py:186} INFO - Started process (PID=17605) to work on /Users/binhpham/Library/Python/3.9/lib/python/site-packages/airflow/example_dags/example_sensor_decorator.py
[2024-09-18T17:17:51.385-0500] {processor.py:914} INFO - Processing file /Users/binhpham/Library/Python/3.9/lib/python/site-packages/airflow/example_dags/example_sensor_decorator.py for tasks to queue
[2024-09-18T17:17:51.385-0500] {logging_mixin.py:190} INFO - [2024-09-18T17:17:51.385-0500] {dagbag.py:587} INFO - Filling up the DagBag from /Users/binhpham/Library/Python/3.9/lib/python/site-packages/airflow/example_dags/example_sensor_decorator.py
[2024-09-18T17:17:51.403-0500] {processor.py:925} INFO - DAG(s) 'example_sensor_decorator' retrieved from /Users/binhpham/Library/Python/3.9/lib/python/site-packages/airflow/example_dags/example_sensor_decorator.py
[2024-09-18T17:17:51.693-0500] {logging_mixin.py:190} INFO - [2024-09-18T17:17:51.693-0500] {dag.py:3229} INFO - Sync 1 DAGs
[2024-09-18T17:17:51.698-0500] {logging_mixin.py:190} INFO - [2024-09-18T17:17:51.698-0500] {dag.py:4156} INFO - Setting next_dagrun for example_sensor_decorator to None, run_after=None
[2024-09-18T17:17:51.708-0500] {processor.py:208} INFO - Processing /Users/binhpham/Library/Python/3.9/lib/python/site-packages/airflow/example_dags/example_sensor_decorator.py took 0.326 seconds
[2024-09-18T17:19:20.282-0500] {processor.py:186} INFO - Started process (PID=18269) to work on /Users/binhpham/Library/Python/3.9/lib/python/site-packages/airflow/example_dags/example_sensor_decorator.py
[2024-09-18T17:19:20.284-0500] {processor.py:914} INFO - Processing file /Users/binhpham/Library/Python/3.9/lib/python/site-packages/airflow/example_dags/example_sensor_decorator.py for tasks to queue
[2024-09-18T17:19:20.285-0500] {logging_mixin.py:190} INFO - [2024-09-18T17:19:20.285-0500] {dagbag.py:587} INFO - Filling up the DagBag from /Users/binhpham/Library/Python/3.9/lib/python/site-packages/airflow/example_dags/example_sensor_decorator.py
[2024-09-18T17:19:20.305-0500] {processor.py:925} INFO - DAG(s) 'example_sensor_decorator' retrieved from /Users/binhpham/Library/Python/3.9/lib/python/site-packages/airflow/example_dags/example_sensor_decorator.py
[2024-09-18T17:19:20.589-0500] {logging_mixin.py:190} INFO - [2024-09-18T17:19:20.588-0500] {dag.py:3229} INFO - Sync 1 DAGs
[2024-09-18T17:19:20.594-0500] {logging_mixin.py:190} INFO - [2024-09-18T17:19:20.594-0500] {dag.py:4156} INFO - Setting next_dagrun for example_sensor_decorator to None, run_after=None
[2024-09-18T17:19:20.603-0500] {processor.py:208} INFO - Processing /Users/binhpham/Library/Python/3.9/lib/python/site-packages/airflow/example_dags/example_sensor_decorator.py took 0.324 seconds
[2024-09-18T17:22:52.680-0500] {processor.py:186} INFO - Started process (PID=19606) to work on /Users/binhpham/Projects/dbt_project/venv/lib/python3.9/site-packages/airflow/example_dags/example_sensor_decorator.py
[2024-09-18T17:22:52.682-0500] {processor.py:914} INFO - Processing file /Users/binhpham/Projects/dbt_project/venv/lib/python3.9/site-packages/airflow/example_dags/example_sensor_decorator.py for tasks to queue
[2024-09-18T17:22:52.682-0500] {logging_mixin.py:190} INFO - [2024-09-18T17:22:52.682-0500] {dagbag.py:587} INFO - Filling up the DagBag from /Users/binhpham/Projects/dbt_project/venv/lib/python3.9/site-packages/airflow/example_dags/example_sensor_decorator.py
[2024-09-18T17:22:52.701-0500] {processor.py:925} INFO - DAG(s) 'example_sensor_decorator' retrieved from /Users/binhpham/Projects/dbt_project/venv/lib/python3.9/site-packages/airflow/example_dags/example_sensor_decorator.py
[2024-09-18T17:22:52.749-0500] {logging_mixin.py:190} INFO - [2024-09-18T17:22:52.749-0500] {workday.py:41} WARNING - Could not import pandas. Holidays will not be considered.
[2024-09-18T17:22:52.805-0500] {logging_mixin.py:190} INFO - [2024-09-18T17:22:52.805-0500] {dag.py:3229} INFO - Sync 1 DAGs
[2024-09-18T17:22:52.811-0500] {logging_mixin.py:190} INFO - [2024-09-18T17:22:52.811-0500] {dag.py:4156} INFO - Setting next_dagrun for example_sensor_decorator to None, run_after=None
[2024-09-18T17:22:52.821-0500] {processor.py:208} INFO - Processing /Users/binhpham/Projects/dbt_project/venv/lib/python3.9/site-packages/airflow/example_dags/example_sensor_decorator.py took 0.143 seconds
[2024-09-18T17:26:53.645-0500] {processor.py:186} INFO - Started process (PID=20510) to work on /Users/binhpham/Projects/dbt_project/venv/lib/python3.9/site-packages/airflow/example_dags/example_sensor_decorator.py
[2024-09-18T17:26:53.648-0500] {processor.py:914} INFO - Processing file /Users/binhpham/Projects/dbt_project/venv/lib/python3.9/site-packages/airflow/example_dags/example_sensor_decorator.py for tasks to queue
[2024-09-18T17:26:53.648-0500] {logging_mixin.py:190} INFO - [2024-09-18T17:26:53.648-0500] {dagbag.py:587} INFO - Filling up the DagBag from /Users/binhpham/Projects/dbt_project/venv/lib/python3.9/site-packages/airflow/example_dags/example_sensor_decorator.py
[2024-09-18T17:26:53.667-0500] {processor.py:925} INFO - DAG(s) 'example_sensor_decorator' retrieved from /Users/binhpham/Projects/dbt_project/venv/lib/python3.9/site-packages/airflow/example_dags/example_sensor_decorator.py
[2024-09-18T17:26:53.714-0500] {logging_mixin.py:190} INFO - [2024-09-18T17:26:53.714-0500] {workday.py:41} WARNING - Could not import pandas. Holidays will not be considered.
[2024-09-18T17:26:53.726-0500] {logging_mixin.py:190} INFO - [2024-09-18T17:26:53.725-0500] {dag.py:3229} INFO - Sync 1 DAGs
[2024-09-18T17:26:53.731-0500] {logging_mixin.py:190} INFO - [2024-09-18T17:26:53.731-0500] {dag.py:4156} INFO - Setting next_dagrun for example_sensor_decorator to None, run_after=None
[2024-09-18T17:26:53.740-0500] {processor.py:208} INFO - Processing /Users/binhpham/Projects/dbt_project/venv/lib/python3.9/site-packages/airflow/example_dags/example_sensor_decorator.py took 0.096 seconds
[2024-09-18T17:29:24.349-0500] {processor.py:186} INFO - Started process (PID=21198) to work on /Users/binhpham/Projects/dbt_project/venv/lib/python3.9/site-packages/airflow/example_dags/example_sensor_decorator.py
[2024-09-18T17:29:24.352-0500] {processor.py:914} INFO - Processing file /Users/binhpham/Projects/dbt_project/venv/lib/python3.9/site-packages/airflow/example_dags/example_sensor_decorator.py for tasks to queue
[2024-09-18T17:29:24.352-0500] {logging_mixin.py:190} INFO - [2024-09-18T17:29:24.352-0500] {dagbag.py:587} INFO - Filling up the DagBag from /Users/binhpham/Projects/dbt_project/venv/lib/python3.9/site-packages/airflow/example_dags/example_sensor_decorator.py
[2024-09-18T17:29:24.371-0500] {processor.py:925} INFO - DAG(s) 'example_sensor_decorator' retrieved from /Users/binhpham/Projects/dbt_project/venv/lib/python3.9/site-packages/airflow/example_dags/example_sensor_decorator.py
[2024-09-18T17:29:24.640-0500] {logging_mixin.py:190} INFO - [2024-09-18T17:29:24.640-0500] {dag.py:3229} INFO - Sync 1 DAGs
[2024-09-18T17:29:24.646-0500] {logging_mixin.py:190} INFO - [2024-09-18T17:29:24.646-0500] {dag.py:4156} INFO - Setting next_dagrun for example_sensor_decorator to None, run_after=None
[2024-09-18T17:29:24.655-0500] {processor.py:208} INFO - Processing /Users/binhpham/Projects/dbt_project/venv/lib/python3.9/site-packages/airflow/example_dags/example_sensor_decorator.py took 0.307 seconds
[2024-09-18T17:31:16.938-0500] {processor.py:186} INFO - Started process (PID=22336) to work on /Users/binhpham/Projects/dbt_project/venv/lib/python3.9/site-packages/airflow/example_dags/example_sensor_decorator.py
[2024-09-18T17:31:16.940-0500] {processor.py:914} INFO - Processing file /Users/binhpham/Projects/dbt_project/venv/lib/python3.9/site-packages/airflow/example_dags/example_sensor_decorator.py for tasks to queue
[2024-09-18T17:31:16.941-0500] {logging_mixin.py:190} INFO - [2024-09-18T17:31:16.941-0500] {dagbag.py:587} INFO - Filling up the DagBag from /Users/binhpham/Projects/dbt_project/venv/lib/python3.9/site-packages/airflow/example_dags/example_sensor_decorator.py
[2024-09-18T17:31:16.959-0500] {processor.py:925} INFO - DAG(s) 'example_sensor_decorator' retrieved from /Users/binhpham/Projects/dbt_project/venv/lib/python3.9/site-packages/airflow/example_dags/example_sensor_decorator.py
[2024-09-18T17:31:17.227-0500] {logging_mixin.py:190} INFO - [2024-09-18T17:31:17.227-0500] {dag.py:3229} INFO - Sync 1 DAGs
[2024-09-18T17:31:17.233-0500] {logging_mixin.py:190} INFO - [2024-09-18T17:31:17.233-0500] {dag.py:4156} INFO - Setting next_dagrun for example_sensor_decorator to None, run_after=None
[2024-09-18T17:31:17.242-0500] {processor.py:208} INFO - Processing /Users/binhpham/Projects/dbt_project/venv/lib/python3.9/site-packages/airflow/example_dags/example_sensor_decorator.py took 0.306 seconds
[2024-09-18T17:32:39.875-0500] {processor.py:186} INFO - Started process (PID=22840) to work on /Users/binhpham/Projects/dbt_project/venv/lib/python3.9/site-packages/airflow/example_dags/example_sensor_decorator.py
[2024-09-18T17:32:39.876-0500] {processor.py:914} INFO - Processing file /Users/binhpham/Projects/dbt_project/venv/lib/python3.9/site-packages/airflow/example_dags/example_sensor_decorator.py for tasks to queue
[2024-09-18T17:32:39.877-0500] {logging_mixin.py:190} INFO - [2024-09-18T17:32:39.876-0500] {dagbag.py:587} INFO - Filling up the DagBag from /Users/binhpham/Projects/dbt_project/venv/lib/python3.9/site-packages/airflow/example_dags/example_sensor_decorator.py
[2024-09-18T17:32:39.897-0500] {processor.py:925} INFO - DAG(s) 'example_sensor_decorator' retrieved from /Users/binhpham/Projects/dbt_project/venv/lib/python3.9/site-packages/airflow/example_dags/example_sensor_decorator.py
[2024-09-18T17:32:40.169-0500] {logging_mixin.py:190} INFO - [2024-09-18T17:32:40.169-0500] {dag.py:3229} INFO - Sync 1 DAGs
[2024-09-18T17:32:40.176-0500] {logging_mixin.py:190} INFO - [2024-09-18T17:32:40.175-0500] {dag.py:4156} INFO - Setting next_dagrun for example_sensor_decorator to None, run_after=None
[2024-09-18T17:32:40.185-0500] {processor.py:208} INFO - Processing /Users/binhpham/Projects/dbt_project/venv/lib/python3.9/site-packages/airflow/example_dags/example_sensor_decorator.py took 0.312 seconds
[2024-09-18T17:35:07.612-0500] {processor.py:186} INFO - Started process (PID=23363) to work on /Users/binhpham/Projects/dbt_project/venv/lib/python3.9/site-packages/airflow/example_dags/example_sensor_decorator.py
[2024-09-18T17:35:07.614-0500] {processor.py:914} INFO - Processing file /Users/binhpham/Projects/dbt_project/venv/lib/python3.9/site-packages/airflow/example_dags/example_sensor_decorator.py for tasks to queue
[2024-09-18T17:35:07.615-0500] {logging_mixin.py:190} INFO - [2024-09-18T17:35:07.615-0500] {dagbag.py:587} INFO - Filling up the DagBag from /Users/binhpham/Projects/dbt_project/venv/lib/python3.9/site-packages/airflow/example_dags/example_sensor_decorator.py
[2024-09-18T17:35:07.634-0500] {processor.py:925} INFO - DAG(s) 'example_sensor_decorator' retrieved from /Users/binhpham/Projects/dbt_project/venv/lib/python3.9/site-packages/airflow/example_dags/example_sensor_decorator.py
[2024-09-18T17:35:07.909-0500] {logging_mixin.py:190} INFO - [2024-09-18T17:35:07.909-0500] {dag.py:3229} INFO - Sync 1 DAGs
[2024-09-18T17:35:07.915-0500] {logging_mixin.py:190} INFO - [2024-09-18T17:35:07.915-0500] {dag.py:4156} INFO - Setting next_dagrun for example_sensor_decorator to None, run_after=None
[2024-09-18T17:35:07.925-0500] {processor.py:208} INFO - Processing /Users/binhpham/Projects/dbt_project/venv/lib/python3.9/site-packages/airflow/example_dags/example_sensor_decorator.py took 0.315 seconds
[2024-09-18T17:37:04.253-0500] {processor.py:186} INFO - Started process (PID=23979) to work on /Users/binhpham/Projects/dbt_project/venv/lib/python3.9/site-packages/airflow/example_dags/example_sensor_decorator.py
[2024-09-18T17:37:04.255-0500] {processor.py:914} INFO - Processing file /Users/binhpham/Projects/dbt_project/venv/lib/python3.9/site-packages/airflow/example_dags/example_sensor_decorator.py for tasks to queue
[2024-09-18T17:37:04.255-0500] {logging_mixin.py:190} INFO - [2024-09-18T17:37:04.255-0500] {dagbag.py:587} INFO - Filling up the DagBag from /Users/binhpham/Projects/dbt_project/venv/lib/python3.9/site-packages/airflow/example_dags/example_sensor_decorator.py
[2024-09-18T17:37:04.274-0500] {processor.py:925} INFO - DAG(s) 'example_sensor_decorator' retrieved from /Users/binhpham/Projects/dbt_project/venv/lib/python3.9/site-packages/airflow/example_dags/example_sensor_decorator.py
[2024-09-18T17:37:04.541-0500] {logging_mixin.py:190} INFO - [2024-09-18T17:37:04.541-0500] {dag.py:3229} INFO - Sync 1 DAGs
[2024-09-18T17:37:04.547-0500] {logging_mixin.py:190} INFO - [2024-09-18T17:37:04.547-0500] {dag.py:4156} INFO - Setting next_dagrun for example_sensor_decorator to None, run_after=None
[2024-09-18T17:37:04.556-0500] {processor.py:208} INFO - Processing /Users/binhpham/Projects/dbt_project/venv/lib/python3.9/site-packages/airflow/example_dags/example_sensor_decorator.py took 0.305 seconds
[2024-09-18T17:39:51.886-0500] {processor.py:186} INFO - Started process (PID=24516) to work on /Users/binhpham/Projects/dbt_project/venv/lib/python3.9/site-packages/airflow/example_dags/example_sensor_decorator.py
[2024-09-18T17:39:51.888-0500] {processor.py:914} INFO - Processing file /Users/binhpham/Projects/dbt_project/venv/lib/python3.9/site-packages/airflow/example_dags/example_sensor_decorator.py for tasks to queue
[2024-09-18T17:39:51.889-0500] {logging_mixin.py:190} INFO - [2024-09-18T17:39:51.889-0500] {dagbag.py:587} INFO - Filling up the DagBag from /Users/binhpham/Projects/dbt_project/venv/lib/python3.9/site-packages/airflow/example_dags/example_sensor_decorator.py
[2024-09-18T17:39:51.909-0500] {processor.py:925} INFO - DAG(s) 'example_sensor_decorator' retrieved from /Users/binhpham/Projects/dbt_project/venv/lib/python3.9/site-packages/airflow/example_dags/example_sensor_decorator.py
[2024-09-18T17:39:52.205-0500] {logging_mixin.py:190} INFO - [2024-09-18T17:39:52.204-0500] {dag.py:3229} INFO - Sync 1 DAGs
[2024-09-18T17:39:52.211-0500] {logging_mixin.py:190} INFO - [2024-09-18T17:39:52.211-0500] {dag.py:4156} INFO - Setting next_dagrun for example_sensor_decorator to None, run_after=None
[2024-09-18T17:39:52.221-0500] {processor.py:208} INFO - Processing /Users/binhpham/Projects/dbt_project/venv/lib/python3.9/site-packages/airflow/example_dags/example_sensor_decorator.py took 0.337 seconds
[2024-09-18T17:41:16.649-0500] {processor.py:186} INFO - Started process (PID=24777) to work on /Users/binhpham/Projects/dbt_project/venv/lib/python3.9/site-packages/airflow/example_dags/example_sensor_decorator.py
[2024-09-18T17:41:16.651-0500] {processor.py:914} INFO - Processing file /Users/binhpham/Projects/dbt_project/venv/lib/python3.9/site-packages/airflow/example_dags/example_sensor_decorator.py for tasks to queue
[2024-09-18T17:41:16.652-0500] {logging_mixin.py:190} INFO - [2024-09-18T17:41:16.652-0500] {dagbag.py:587} INFO - Filling up the DagBag from /Users/binhpham/Projects/dbt_project/venv/lib/python3.9/site-packages/airflow/example_dags/example_sensor_decorator.py
[2024-09-18T17:41:16.670-0500] {processor.py:925} INFO - DAG(s) 'example_sensor_decorator' retrieved from /Users/binhpham/Projects/dbt_project/venv/lib/python3.9/site-packages/airflow/example_dags/example_sensor_decorator.py
[2024-09-18T17:41:16.940-0500] {logging_mixin.py:190} INFO - [2024-09-18T17:41:16.940-0500] {dag.py:3229} INFO - Sync 1 DAGs
[2024-09-18T17:41:16.946-0500] {logging_mixin.py:190} INFO - [2024-09-18T17:41:16.946-0500] {dag.py:4156} INFO - Setting next_dagrun for example_sensor_decorator to None, run_after=None
[2024-09-18T17:41:16.955-0500] {processor.py:208} INFO - Processing /Users/binhpham/Projects/dbt_project/venv/lib/python3.9/site-packages/airflow/example_dags/example_sensor_decorator.py took 0.308 seconds
[2024-09-18T17:42:42.922-0500] {processor.py:186} INFO - Started process (PID=25059) to work on /Users/binhpham/Projects/dbt_project/venv/lib/python3.9/site-packages/airflow/example_dags/example_sensor_decorator.py
[2024-09-18T17:42:42.924-0500] {processor.py:914} INFO - Processing file /Users/binhpham/Projects/dbt_project/venv/lib/python3.9/site-packages/airflow/example_dags/example_sensor_decorator.py for tasks to queue
[2024-09-18T17:42:42.925-0500] {logging_mixin.py:190} INFO - [2024-09-18T17:42:42.925-0500] {dagbag.py:587} INFO - Filling up the DagBag from /Users/binhpham/Projects/dbt_project/venv/lib/python3.9/site-packages/airflow/example_dags/example_sensor_decorator.py
[2024-09-18T17:42:42.945-0500] {processor.py:925} INFO - DAG(s) 'example_sensor_decorator' retrieved from /Users/binhpham/Projects/dbt_project/venv/lib/python3.9/site-packages/airflow/example_dags/example_sensor_decorator.py
[2024-09-18T17:42:43.283-0500] {logging_mixin.py:190} INFO - [2024-09-18T17:42:43.283-0500] {dag.py:3229} INFO - Sync 1 DAGs
[2024-09-18T17:42:43.290-0500] {logging_mixin.py:190} INFO - [2024-09-18T17:42:43.290-0500] {dag.py:4156} INFO - Setting next_dagrun for example_sensor_decorator to None, run_after=None
[2024-09-18T17:42:43.300-0500] {processor.py:208} INFO - Processing /Users/binhpham/Projects/dbt_project/venv/lib/python3.9/site-packages/airflow/example_dags/example_sensor_decorator.py took 0.380 seconds
[2024-09-18T17:44:07.633-0500] {processor.py:186} INFO - Started process (PID=25361) to work on /Users/binhpham/Projects/dbt_project/venv/lib/python3.9/site-packages/airflow/example_dags/example_sensor_decorator.py
[2024-09-18T17:44:07.635-0500] {processor.py:914} INFO - Processing file /Users/binhpham/Projects/dbt_project/venv/lib/python3.9/site-packages/airflow/example_dags/example_sensor_decorator.py for tasks to queue
[2024-09-18T17:44:07.636-0500] {logging_mixin.py:190} INFO - [2024-09-18T17:44:07.636-0500] {dagbag.py:587} INFO - Filling up the DagBag from /Users/binhpham/Projects/dbt_project/venv/lib/python3.9/site-packages/airflow/example_dags/example_sensor_decorator.py
[2024-09-18T17:44:07.656-0500] {processor.py:925} INFO - DAG(s) 'example_sensor_decorator' retrieved from /Users/binhpham/Projects/dbt_project/venv/lib/python3.9/site-packages/airflow/example_dags/example_sensor_decorator.py
[2024-09-18T17:44:07.951-0500] {logging_mixin.py:190} INFO - [2024-09-18T17:44:07.951-0500] {dag.py:3229} INFO - Sync 1 DAGs
[2024-09-18T17:44:07.957-0500] {logging_mixin.py:190} INFO - [2024-09-18T17:44:07.957-0500] {dag.py:4156} INFO - Setting next_dagrun for example_sensor_decorator to None, run_after=None
[2024-09-18T17:44:07.967-0500] {processor.py:208} INFO - Processing /Users/binhpham/Projects/dbt_project/venv/lib/python3.9/site-packages/airflow/example_dags/example_sensor_decorator.py took 0.336 seconds
