[2024-09-18T16:52:49.842-0500] {processor.py:186} INFO - Started process (PID=11954) to work on /Users/binhpham/Library/Python/3.9/lib/python/site-packages/airflow/example_dags/example_kubernetes_executor.py
[2024-09-18T16:52:49.843-0500] {processor.py:914} INFO - Processing file /Users/binhpham/Library/Python/3.9/lib/python/site-packages/airflow/example_dags/example_kubernetes_executor.py for tasks to queue
[2024-09-18T16:52:49.844-0500] {logging_mixin.py:190} INFO - [2024-09-18T16:52:49.844-0500] {dagbag.py:587} INFO - Filling up the DagBag from /Users/binhpham/Library/Python/3.9/lib/python/site-packages/airflow/example_dags/example_kubernetes_executor.py
[2024-09-18T16:52:49.861-0500] {logging_mixin.py:190} INFO - [2024-09-18T16:52:49.861-0500] {example_kubernetes_executor.py:39} WARNING - The example_kubernetes_executor example DAG requires the kubernetes provider. Please install it with: pip install apache-airflow[cncf.kubernetes]
[2024-09-18T16:52:49.862-0500] {processor.py:927} WARNING - No viable dags retrieved from /Users/binhpham/Library/Python/3.9/lib/python/site-packages/airflow/example_dags/example_kubernetes_executor.py
[2024-09-18T16:52:49.909-0500] {processor.py:208} INFO - Processing /Users/binhpham/Library/Python/3.9/lib/python/site-packages/airflow/example_dags/example_kubernetes_executor.py took 0.069 seconds
[2024-09-18T16:54:49.848-0500] {processor.py:186} INFO - Started process (PID=12448) to work on /Users/binhpham/Library/Python/3.9/lib/python/site-packages/airflow/example_dags/example_kubernetes_executor.py
[2024-09-18T16:54:49.850-0500] {processor.py:914} INFO - Processing file /Users/binhpham/Library/Python/3.9/lib/python/site-packages/airflow/example_dags/example_kubernetes_executor.py for tasks to queue
[2024-09-18T16:54:49.850-0500] {logging_mixin.py:190} INFO - [2024-09-18T16:54:49.850-0500] {dagbag.py:587} INFO - Filling up the DagBag from /Users/binhpham/Library/Python/3.9/lib/python/site-packages/airflow/example_dags/example_kubernetes_executor.py
[2024-09-18T16:54:49.867-0500] {logging_mixin.py:190} INFO - [2024-09-18T16:54:49.867-0500] {example_kubernetes_executor.py:39} WARNING - The example_kubernetes_executor example DAG requires the kubernetes provider. Please install it with: pip install apache-airflow[cncf.kubernetes]
[2024-09-18T16:54:49.867-0500] {processor.py:927} WARNING - No viable dags retrieved from /Users/binhpham/Library/Python/3.9/lib/python/site-packages/airflow/example_dags/example_kubernetes_executor.py
[2024-09-18T16:54:49.915-0500] {processor.py:208} INFO - Processing /Users/binhpham/Library/Python/3.9/lib/python/site-packages/airflow/example_dags/example_kubernetes_executor.py took 0.069 seconds
[2024-09-18T16:57:49.679-0500] {processor.py:186} INFO - Started process (PID=13034) to work on /Users/binhpham/Library/Python/3.9/lib/python/site-packages/airflow/example_dags/example_kubernetes_executor.py
[2024-09-18T16:57:49.680-0500] {processor.py:914} INFO - Processing file /Users/binhpham/Library/Python/3.9/lib/python/site-packages/airflow/example_dags/example_kubernetes_executor.py for tasks to queue
[2024-09-18T16:57:49.681-0500] {logging_mixin.py:190} INFO - [2024-09-18T16:57:49.681-0500] {dagbag.py:587} INFO - Filling up the DagBag from /Users/binhpham/Library/Python/3.9/lib/python/site-packages/airflow/example_dags/example_kubernetes_executor.py
[2024-09-18T16:57:49.698-0500] {logging_mixin.py:190} INFO - [2024-09-18T16:57:49.697-0500] {example_kubernetes_executor.py:39} WARNING - The example_kubernetes_executor example DAG requires the kubernetes provider. Please install it with: pip install apache-airflow[cncf.kubernetes]
[2024-09-18T16:57:49.698-0500] {processor.py:927} WARNING - No viable dags retrieved from /Users/binhpham/Library/Python/3.9/lib/python/site-packages/airflow/example_dags/example_kubernetes_executor.py
[2024-09-18T16:57:49.746-0500] {processor.py:208} INFO - Processing /Users/binhpham/Library/Python/3.9/lib/python/site-packages/airflow/example_dags/example_kubernetes_executor.py took 0.069 seconds
[2024-09-18T16:59:50.574-0500] {processor.py:186} INFO - Started process (PID=13437) to work on /Users/binhpham/Library/Python/3.9/lib/python/site-packages/airflow/example_dags/example_kubernetes_executor.py
[2024-09-18T16:59:50.577-0500] {processor.py:914} INFO - Processing file /Users/binhpham/Library/Python/3.9/lib/python/site-packages/airflow/example_dags/example_kubernetes_executor.py for tasks to queue
[2024-09-18T16:59:50.578-0500] {logging_mixin.py:190} INFO - [2024-09-18T16:59:50.578-0500] {dagbag.py:587} INFO - Filling up the DagBag from /Users/binhpham/Library/Python/3.9/lib/python/site-packages/airflow/example_dags/example_kubernetes_executor.py
[2024-09-18T16:59:50.595-0500] {logging_mixin.py:190} INFO - [2024-09-18T16:59:50.594-0500] {example_kubernetes_executor.py:39} WARNING - The example_kubernetes_executor example DAG requires the kubernetes provider. Please install it with: pip install apache-airflow[cncf.kubernetes]
[2024-09-18T16:59:50.595-0500] {processor.py:927} WARNING - No viable dags retrieved from /Users/binhpham/Library/Python/3.9/lib/python/site-packages/airflow/example_dags/example_kubernetes_executor.py
[2024-09-18T16:59:50.643-0500] {processor.py:208} INFO - Processing /Users/binhpham/Library/Python/3.9/lib/python/site-packages/airflow/example_dags/example_kubernetes_executor.py took 0.070 seconds
[2024-09-18T17:02:43.049-0500] {processor.py:186} INFO - Started process (PID=14000) to work on /Users/binhpham/Library/Python/3.9/lib/python/site-packages/airflow/example_dags/example_kubernetes_executor.py
[2024-09-18T17:02:43.051-0500] {processor.py:914} INFO - Processing file /Users/binhpham/Library/Python/3.9/lib/python/site-packages/airflow/example_dags/example_kubernetes_executor.py for tasks to queue
[2024-09-18T17:02:43.051-0500] {logging_mixin.py:190} INFO - [2024-09-18T17:02:43.051-0500] {dagbag.py:587} INFO - Filling up the DagBag from /Users/binhpham/Library/Python/3.9/lib/python/site-packages/airflow/example_dags/example_kubernetes_executor.py
[2024-09-18T17:02:43.069-0500] {logging_mixin.py:190} INFO - [2024-09-18T17:02:43.069-0500] {example_kubernetes_executor.py:39} WARNING - The example_kubernetes_executor example DAG requires the kubernetes provider. Please install it with: pip install apache-airflow[cncf.kubernetes]
[2024-09-18T17:02:43.069-0500] {processor.py:927} WARNING - No viable dags retrieved from /Users/binhpham/Library/Python/3.9/lib/python/site-packages/airflow/example_dags/example_kubernetes_executor.py
[2024-09-18T17:02:43.118-0500] {processor.py:208} INFO - Processing /Users/binhpham/Library/Python/3.9/lib/python/site-packages/airflow/example_dags/example_kubernetes_executor.py took 0.072 seconds
[2024-09-18T17:05:35.912-0500] {processor.py:186} INFO - Started process (PID=14623) to work on /Users/binhpham/Library/Python/3.9/lib/python/site-packages/airflow/example_dags/example_kubernetes_executor.py
[2024-09-18T17:05:35.913-0500] {processor.py:914} INFO - Processing file /Users/binhpham/Library/Python/3.9/lib/python/site-packages/airflow/example_dags/example_kubernetes_executor.py for tasks to queue
[2024-09-18T17:05:35.914-0500] {logging_mixin.py:190} INFO - [2024-09-18T17:05:35.914-0500] {dagbag.py:587} INFO - Filling up the DagBag from /Users/binhpham/Library/Python/3.9/lib/python/site-packages/airflow/example_dags/example_kubernetes_executor.py
[2024-09-18T17:05:35.930-0500] {logging_mixin.py:190} INFO - [2024-09-18T17:05:35.930-0500] {example_kubernetes_executor.py:39} WARNING - The example_kubernetes_executor example DAG requires the kubernetes provider. Please install it with: pip install apache-airflow[cncf.kubernetes]
[2024-09-18T17:05:35.930-0500] {processor.py:927} WARNING - No viable dags retrieved from /Users/binhpham/Library/Python/3.9/lib/python/site-packages/airflow/example_dags/example_kubernetes_executor.py
[2024-09-18T17:05:35.979-0500] {processor.py:208} INFO - Processing /Users/binhpham/Library/Python/3.9/lib/python/site-packages/airflow/example_dags/example_kubernetes_executor.py took 0.068 seconds
[2024-09-18T17:08:27.985-0500] {processor.py:186} INFO - Started process (PID=15262) to work on /Users/binhpham/Library/Python/3.9/lib/python/site-packages/airflow/example_dags/example_kubernetes_executor.py
[2024-09-18T17:08:27.986-0500] {processor.py:914} INFO - Processing file /Users/binhpham/Library/Python/3.9/lib/python/site-packages/airflow/example_dags/example_kubernetes_executor.py for tasks to queue
[2024-09-18T17:08:27.987-0500] {logging_mixin.py:190} INFO - [2024-09-18T17:08:27.987-0500] {dagbag.py:587} INFO - Filling up the DagBag from /Users/binhpham/Library/Python/3.9/lib/python/site-packages/airflow/example_dags/example_kubernetes_executor.py
[2024-09-18T17:08:28.006-0500] {logging_mixin.py:190} INFO - [2024-09-18T17:08:28.005-0500] {example_kubernetes_executor.py:39} WARNING - The example_kubernetes_executor example DAG requires the kubernetes provider. Please install it with: pip install apache-airflow[cncf.kubernetes]
[2024-09-18T17:08:28.007-0500] {processor.py:927} WARNING - No viable dags retrieved from /Users/binhpham/Library/Python/3.9/lib/python/site-packages/airflow/example_dags/example_kubernetes_executor.py
[2024-09-18T17:08:28.063-0500] {processor.py:208} INFO - Processing /Users/binhpham/Library/Python/3.9/lib/python/site-packages/airflow/example_dags/example_kubernetes_executor.py took 0.080 seconds
[2024-09-18T17:11:25.123-0500] {processor.py:186} INFO - Started process (PID=15861) to work on /Users/binhpham/Library/Python/3.9/lib/python/site-packages/airflow/example_dags/example_kubernetes_executor.py
[2024-09-18T17:11:25.125-0500] {processor.py:914} INFO - Processing file /Users/binhpham/Library/Python/3.9/lib/python/site-packages/airflow/example_dags/example_kubernetes_executor.py for tasks to queue
[2024-09-18T17:11:25.125-0500] {logging_mixin.py:190} INFO - [2024-09-18T17:11:25.125-0500] {dagbag.py:587} INFO - Filling up the DagBag from /Users/binhpham/Library/Python/3.9/lib/python/site-packages/airflow/example_dags/example_kubernetes_executor.py
[2024-09-18T17:11:25.142-0500] {logging_mixin.py:190} INFO - [2024-09-18T17:11:25.142-0500] {example_kubernetes_executor.py:39} WARNING - The example_kubernetes_executor example DAG requires the kubernetes provider. Please install it with: pip install apache-airflow[cncf.kubernetes]
[2024-09-18T17:11:25.142-0500] {processor.py:927} WARNING - No viable dags retrieved from /Users/binhpham/Library/Python/3.9/lib/python/site-packages/airflow/example_dags/example_kubernetes_executor.py
[2024-09-18T17:11:25.190-0500] {processor.py:208} INFO - Processing /Users/binhpham/Library/Python/3.9/lib/python/site-packages/airflow/example_dags/example_kubernetes_executor.py took 0.068 seconds
[2024-09-18T17:16:16.029-0500] {processor.py:186} INFO - Started process (PID=17005) to work on /Users/binhpham/Library/Python/3.9/lib/python/site-packages/airflow/example_dags/example_kubernetes_executor.py
[2024-09-18T17:16:16.032-0500] {processor.py:914} INFO - Processing file /Users/binhpham/Library/Python/3.9/lib/python/site-packages/airflow/example_dags/example_kubernetes_executor.py for tasks to queue
[2024-09-18T17:16:16.032-0500] {logging_mixin.py:190} INFO - [2024-09-18T17:16:16.032-0500] {dagbag.py:587} INFO - Filling up the DagBag from /Users/binhpham/Library/Python/3.9/lib/python/site-packages/airflow/example_dags/example_kubernetes_executor.py
[2024-09-18T17:16:16.049-0500] {logging_mixin.py:190} INFO - [2024-09-18T17:16:16.049-0500] {example_kubernetes_executor.py:39} WARNING - The example_kubernetes_executor example DAG requires the kubernetes provider. Please install it with: pip install apache-airflow[cncf.kubernetes]
[2024-09-18T17:16:16.049-0500] {processor.py:927} WARNING - No viable dags retrieved from /Users/binhpham/Library/Python/3.9/lib/python/site-packages/airflow/example_dags/example_kubernetes_executor.py
[2024-09-18T17:16:16.098-0500] {processor.py:208} INFO - Processing /Users/binhpham/Library/Python/3.9/lib/python/site-packages/airflow/example_dags/example_kubernetes_executor.py took 0.070 seconds
[2024-09-18T17:18:15.285-0500] {processor.py:186} INFO - Started process (PID=17908) to work on /Users/binhpham/Library/Python/3.9/lib/python/site-packages/airflow/example_dags/example_kubernetes_executor.py
[2024-09-18T17:18:15.287-0500] {processor.py:914} INFO - Processing file /Users/binhpham/Library/Python/3.9/lib/python/site-packages/airflow/example_dags/example_kubernetes_executor.py for tasks to queue
[2024-09-18T17:18:15.287-0500] {logging_mixin.py:190} INFO - [2024-09-18T17:18:15.287-0500] {dagbag.py:587} INFO - Filling up the DagBag from /Users/binhpham/Library/Python/3.9/lib/python/site-packages/airflow/example_dags/example_kubernetes_executor.py
[2024-09-18T17:18:15.304-0500] {logging_mixin.py:190} INFO - [2024-09-18T17:18:15.304-0500] {example_kubernetes_executor.py:39} WARNING - The example_kubernetes_executor example DAG requires the kubernetes provider. Please install it with: pip install apache-airflow[cncf.kubernetes]
[2024-09-18T17:18:15.304-0500] {processor.py:927} WARNING - No viable dags retrieved from /Users/binhpham/Library/Python/3.9/lib/python/site-packages/airflow/example_dags/example_kubernetes_executor.py
[2024-09-18T17:18:15.354-0500] {processor.py:208} INFO - Processing /Users/binhpham/Library/Python/3.9/lib/python/site-packages/airflow/example_dags/example_kubernetes_executor.py took 0.070 seconds
[2024-09-18T17:23:15.411-0500] {processor.py:186} INFO - Started process (PID=19688) to work on /Users/binhpham/Projects/dbt_project/venv/lib/python3.9/site-packages/airflow/example_dags/example_kubernetes_executor.py
[2024-09-18T17:23:15.414-0500] {processor.py:914} INFO - Processing file /Users/binhpham/Projects/dbt_project/venv/lib/python3.9/site-packages/airflow/example_dags/example_kubernetes_executor.py for tasks to queue
[2024-09-18T17:23:15.415-0500] {logging_mixin.py:190} INFO - [2024-09-18T17:23:15.415-0500] {dagbag.py:587} INFO - Filling up the DagBag from /Users/binhpham/Projects/dbt_project/venv/lib/python3.9/site-packages/airflow/example_dags/example_kubernetes_executor.py
[2024-09-18T17:23:15.432-0500] {logging_mixin.py:190} INFO - [2024-09-18T17:23:15.432-0500] {example_kubernetes_executor.py:39} WARNING - The example_kubernetes_executor example DAG requires the kubernetes provider. Please install it with: pip install apache-airflow[cncf.kubernetes]
[2024-09-18T17:23:15.432-0500] {processor.py:927} WARNING - No viable dags retrieved from /Users/binhpham/Projects/dbt_project/venv/lib/python3.9/site-packages/airflow/example_dags/example_kubernetes_executor.py
[2024-09-18T17:23:15.480-0500] {processor.py:208} INFO - Processing /Users/binhpham/Projects/dbt_project/venv/lib/python3.9/site-packages/airflow/example_dags/example_kubernetes_executor.py took 0.071 seconds
[2024-09-18T17:27:13.758-0500] {processor.py:186} INFO - Started process (PID=20649) to work on /Users/binhpham/Projects/dbt_project/venv/lib/python3.9/site-packages/airflow/example_dags/example_kubernetes_executor.py
[2024-09-18T17:27:13.761-0500] {processor.py:914} INFO - Processing file /Users/binhpham/Projects/dbt_project/venv/lib/python3.9/site-packages/airflow/example_dags/example_kubernetes_executor.py for tasks to queue
[2024-09-18T17:27:13.761-0500] {logging_mixin.py:190} INFO - [2024-09-18T17:27:13.761-0500] {dagbag.py:587} INFO - Filling up the DagBag from /Users/binhpham/Projects/dbt_project/venv/lib/python3.9/site-packages/airflow/example_dags/example_kubernetes_executor.py
[2024-09-18T17:27:13.779-0500] {logging_mixin.py:190} INFO - [2024-09-18T17:27:13.779-0500] {example_kubernetes_executor.py:39} WARNING - The example_kubernetes_executor example DAG requires the kubernetes provider. Please install it with: pip install apache-airflow[cncf.kubernetes]
[2024-09-18T17:27:13.779-0500] {processor.py:927} WARNING - No viable dags retrieved from /Users/binhpham/Projects/dbt_project/venv/lib/python3.9/site-packages/airflow/example_dags/example_kubernetes_executor.py
[2024-09-18T17:27:13.827-0500] {processor.py:208} INFO - Processing /Users/binhpham/Projects/dbt_project/venv/lib/python3.9/site-packages/airflow/example_dags/example_kubernetes_executor.py took 0.071 seconds
[2024-09-18T17:29:46.619-0500] {processor.py:186} INFO - Started process (PID=21266) to work on /Users/binhpham/Projects/dbt_project/venv/lib/python3.9/site-packages/airflow/example_dags/example_kubernetes_executor.py
[2024-09-18T17:29:46.621-0500] {processor.py:914} INFO - Processing file /Users/binhpham/Projects/dbt_project/venv/lib/python3.9/site-packages/airflow/example_dags/example_kubernetes_executor.py for tasks to queue
[2024-09-18T17:29:46.622-0500] {logging_mixin.py:190} INFO - [2024-09-18T17:29:46.622-0500] {dagbag.py:587} INFO - Filling up the DagBag from /Users/binhpham/Projects/dbt_project/venv/lib/python3.9/site-packages/airflow/example_dags/example_kubernetes_executor.py
[2024-09-18T17:29:46.639-0500] {logging_mixin.py:190} INFO - [2024-09-18T17:29:46.639-0500] {example_kubernetes_executor.py:39} WARNING - The example_kubernetes_executor example DAG requires the kubernetes provider. Please install it with: pip install apache-airflow[cncf.kubernetes]
[2024-09-18T17:29:46.639-0500] {processor.py:927} WARNING - No viable dags retrieved from /Users/binhpham/Projects/dbt_project/venv/lib/python3.9/site-packages/airflow/example_dags/example_kubernetes_executor.py
[2024-09-18T17:29:46.686-0500] {processor.py:208} INFO - Processing /Users/binhpham/Projects/dbt_project/venv/lib/python3.9/site-packages/airflow/example_dags/example_kubernetes_executor.py took 0.069 seconds
[2024-09-18T17:31:38.458-0500] {processor.py:186} INFO - Started process (PID=22621) to work on /Users/binhpham/Projects/dbt_project/venv/lib/python3.9/site-packages/airflow/example_dags/example_kubernetes_executor.py
[2024-09-18T17:31:38.461-0500] {processor.py:914} INFO - Processing file /Users/binhpham/Projects/dbt_project/venv/lib/python3.9/site-packages/airflow/example_dags/example_kubernetes_executor.py for tasks to queue
[2024-09-18T17:31:38.461-0500] {logging_mixin.py:190} INFO - [2024-09-18T17:31:38.461-0500] {dagbag.py:587} INFO - Filling up the DagBag from /Users/binhpham/Projects/dbt_project/venv/lib/python3.9/site-packages/airflow/example_dags/example_kubernetes_executor.py
[2024-09-18T17:31:38.478-0500] {logging_mixin.py:190} INFO - [2024-09-18T17:31:38.478-0500] {example_kubernetes_executor.py:39} WARNING - The example_kubernetes_executor example DAG requires the kubernetes provider. Please install it with: pip install apache-airflow[cncf.kubernetes]
[2024-09-18T17:31:38.478-0500] {processor.py:927} WARNING - No viable dags retrieved from /Users/binhpham/Projects/dbt_project/venv/lib/python3.9/site-packages/airflow/example_dags/example_kubernetes_executor.py
[2024-09-18T17:31:38.525-0500] {processor.py:208} INFO - Processing /Users/binhpham/Projects/dbt_project/venv/lib/python3.9/site-packages/airflow/example_dags/example_kubernetes_executor.py took 0.069 seconds
[2024-09-18T17:35:31.269-0500] {processor.py:186} INFO - Started process (PID=23686) to work on /Users/binhpham/Projects/dbt_project/venv/lib/python3.9/site-packages/airflow/example_dags/example_kubernetes_executor.py
[2024-09-18T17:35:31.271-0500] {processor.py:914} INFO - Processing file /Users/binhpham/Projects/dbt_project/venv/lib/python3.9/site-packages/airflow/example_dags/example_kubernetes_executor.py for tasks to queue
[2024-09-18T17:35:31.272-0500] {logging_mixin.py:190} INFO - [2024-09-18T17:35:31.272-0500] {dagbag.py:587} INFO - Filling up the DagBag from /Users/binhpham/Projects/dbt_project/venv/lib/python3.9/site-packages/airflow/example_dags/example_kubernetes_executor.py
[2024-09-18T17:35:31.289-0500] {logging_mixin.py:190} INFO - [2024-09-18T17:35:31.289-0500] {example_kubernetes_executor.py:39} WARNING - The example_kubernetes_executor example DAG requires the kubernetes provider. Please install it with: pip install apache-airflow[cncf.kubernetes]
[2024-09-18T17:35:31.290-0500] {processor.py:927} WARNING - No viable dags retrieved from /Users/binhpham/Projects/dbt_project/venv/lib/python3.9/site-packages/airflow/example_dags/example_kubernetes_executor.py
[2024-09-18T17:35:31.338-0500] {processor.py:208} INFO - Processing /Users/binhpham/Projects/dbt_project/venv/lib/python3.9/site-packages/airflow/example_dags/example_kubernetes_executor.py took 0.071 seconds
[2024-09-18T17:37:24.774-0500] {processor.py:186} INFO - Started process (PID=24041) to work on /Users/binhpham/Projects/dbt_project/venv/lib/python3.9/site-packages/airflow/example_dags/example_kubernetes_executor.py
[2024-09-18T17:37:24.776-0500] {processor.py:914} INFO - Processing file /Users/binhpham/Projects/dbt_project/venv/lib/python3.9/site-packages/airflow/example_dags/example_kubernetes_executor.py for tasks to queue
[2024-09-18T17:37:24.776-0500] {logging_mixin.py:190} INFO - [2024-09-18T17:37:24.776-0500] {dagbag.py:587} INFO - Filling up the DagBag from /Users/binhpham/Projects/dbt_project/venv/lib/python3.9/site-packages/airflow/example_dags/example_kubernetes_executor.py
[2024-09-18T17:37:24.794-0500] {logging_mixin.py:190} INFO - [2024-09-18T17:37:24.794-0500] {example_kubernetes_executor.py:39} WARNING - The example_kubernetes_executor example DAG requires the kubernetes provider. Please install it with: pip install apache-airflow[cncf.kubernetes]
[2024-09-18T17:37:24.794-0500] {processor.py:927} WARNING - No viable dags retrieved from /Users/binhpham/Projects/dbt_project/venv/lib/python3.9/site-packages/airflow/example_dags/example_kubernetes_executor.py
[2024-09-18T17:37:24.842-0500] {processor.py:208} INFO - Processing /Users/binhpham/Projects/dbt_project/venv/lib/python3.9/site-packages/airflow/example_dags/example_kubernetes_executor.py took 0.069 seconds
[2024-09-18T17:40:13.370-0500] {processor.py:186} INFO - Started process (PID=24581) to work on /Users/binhpham/Projects/dbt_project/venv/lib/python3.9/site-packages/airflow/example_dags/example_kubernetes_executor.py
[2024-09-18T17:40:13.373-0500] {processor.py:914} INFO - Processing file /Users/binhpham/Projects/dbt_project/venv/lib/python3.9/site-packages/airflow/example_dags/example_kubernetes_executor.py for tasks to queue
[2024-09-18T17:40:13.373-0500] {logging_mixin.py:190} INFO - [2024-09-18T17:40:13.373-0500] {dagbag.py:587} INFO - Filling up the DagBag from /Users/binhpham/Projects/dbt_project/venv/lib/python3.9/site-packages/airflow/example_dags/example_kubernetes_executor.py
[2024-09-18T17:40:13.393-0500] {logging_mixin.py:190} INFO - [2024-09-18T17:40:13.393-0500] {example_kubernetes_executor.py:39} WARNING - The example_kubernetes_executor example DAG requires the kubernetes provider. Please install it with: pip install apache-airflow[cncf.kubernetes]
[2024-09-18T17:40:13.393-0500] {processor.py:927} WARNING - No viable dags retrieved from /Users/binhpham/Projects/dbt_project/venv/lib/python3.9/site-packages/airflow/example_dags/example_kubernetes_executor.py
[2024-09-18T17:40:13.443-0500] {processor.py:208} INFO - Processing /Users/binhpham/Projects/dbt_project/venv/lib/python3.9/site-packages/airflow/example_dags/example_kubernetes_executor.py took 0.074 seconds
[2024-09-18T17:43:04.363-0500] {processor.py:186} INFO - Started process (PID=25133) to work on /Users/binhpham/Projects/dbt_project/venv/lib/python3.9/site-packages/airflow/example_dags/example_kubernetes_executor.py
[2024-09-18T17:43:04.365-0500] {processor.py:914} INFO - Processing file /Users/binhpham/Projects/dbt_project/venv/lib/python3.9/site-packages/airflow/example_dags/example_kubernetes_executor.py for tasks to queue
[2024-09-18T17:43:04.366-0500] {logging_mixin.py:190} INFO - [2024-09-18T17:43:04.366-0500] {dagbag.py:587} INFO - Filling up the DagBag from /Users/binhpham/Projects/dbt_project/venv/lib/python3.9/site-packages/airflow/example_dags/example_kubernetes_executor.py
[2024-09-18T17:43:04.383-0500] {logging_mixin.py:190} INFO - [2024-09-18T17:43:04.383-0500] {example_kubernetes_executor.py:39} WARNING - The example_kubernetes_executor example DAG requires the kubernetes provider. Please install it with: pip install apache-airflow[cncf.kubernetes]
[2024-09-18T17:43:04.383-0500] {processor.py:927} WARNING - No viable dags retrieved from /Users/binhpham/Projects/dbt_project/venv/lib/python3.9/site-packages/airflow/example_dags/example_kubernetes_executor.py
[2024-09-18T17:43:04.431-0500] {processor.py:208} INFO - Processing /Users/binhpham/Projects/dbt_project/venv/lib/python3.9/site-packages/airflow/example_dags/example_kubernetes_executor.py took 0.070 seconds
