[2024-09-18T16:52:58.804-0500] {processor.py:186} INFO - Started process (PID=12040) to work on /Users/binhpham/Library/Python/3.9/lib/python/site-packages/airflow/example_dags/example_dynamic_task_mapping.py
[2024-09-18T16:52:58.806-0500] {processor.py:914} INFO - Processing file /Users/binhpham/Library/Python/3.9/lib/python/site-packages/airflow/example_dags/example_dynamic_task_mapping.py for tasks to queue
[2024-09-18T16:52:58.806-0500] {logging_mixin.py:190} INFO - [2024-09-18T16:52:58.806-0500] {dagbag.py:587} INFO - Filling up the DagBag from /Users/binhpham/Library/Python/3.9/lib/python/site-packages/airflow/example_dags/example_dynamic_task_mapping.py
[2024-09-18T16:52:58.826-0500] {processor.py:925} INFO - DAG(s) 'example_dynamic_task_mapping' retrieved from /Users/binhpham/Library/Python/3.9/lib/python/site-packages/airflow/example_dags/example_dynamic_task_mapping.py
[2024-09-18T16:52:58.882-0500] {logging_mixin.py:190} INFO - [2024-09-18T16:52:58.882-0500] {dag.py:3229} INFO - Sync 1 DAGs
[2024-09-18T16:52:58.888-0500] {logging_mixin.py:190} INFO - [2024-09-18T16:52:58.888-0500] {dag.py:4156} INFO - Setting next_dagrun for example_dynamic_task_mapping to None, run_after=None
[2024-09-18T16:52:58.898-0500] {processor.py:208} INFO - Processing /Users/binhpham/Library/Python/3.9/lib/python/site-packages/airflow/example_dags/example_dynamic_task_mapping.py took 0.096 seconds
[2024-09-18T16:54:58.000-0500] {processor.py:186} INFO - Started process (PID=12476) to work on /Users/binhpham/Library/Python/3.9/lib/python/site-packages/airflow/example_dags/example_dynamic_task_mapping.py
[2024-09-18T16:54:58.003-0500] {processor.py:914} INFO - Processing file /Users/binhpham/Library/Python/3.9/lib/python/site-packages/airflow/example_dags/example_dynamic_task_mapping.py for tasks to queue
[2024-09-18T16:54:58.004-0500] {logging_mixin.py:190} INFO - [2024-09-18T16:54:58.003-0500] {dagbag.py:587} INFO - Filling up the DagBag from /Users/binhpham/Library/Python/3.9/lib/python/site-packages/airflow/example_dags/example_dynamic_task_mapping.py
[2024-09-18T16:54:58.022-0500] {processor.py:925} INFO - DAG(s) 'example_dynamic_task_mapping' retrieved from /Users/binhpham/Library/Python/3.9/lib/python/site-packages/airflow/example_dags/example_dynamic_task_mapping.py
[2024-09-18T16:54:58.074-0500] {logging_mixin.py:190} INFO - [2024-09-18T16:54:58.074-0500] {dag.py:3229} INFO - Sync 1 DAGs
[2024-09-18T16:54:58.080-0500] {logging_mixin.py:190} INFO - [2024-09-18T16:54:58.080-0500] {dag.py:4156} INFO - Setting next_dagrun for example_dynamic_task_mapping to None, run_after=None
[2024-09-18T16:54:58.089-0500] {processor.py:208} INFO - Processing /Users/binhpham/Library/Python/3.9/lib/python/site-packages/airflow/example_dags/example_dynamic_task_mapping.py took 0.090 seconds
[2024-09-18T16:57:59.419-0500] {processor.py:186} INFO - Started process (PID=13066) to work on /Users/binhpham/Library/Python/3.9/lib/python/site-packages/airflow/example_dags/example_dynamic_task_mapping.py
[2024-09-18T16:57:59.421-0500] {processor.py:914} INFO - Processing file /Users/binhpham/Library/Python/3.9/lib/python/site-packages/airflow/example_dags/example_dynamic_task_mapping.py for tasks to queue
[2024-09-18T16:57:59.421-0500] {logging_mixin.py:190} INFO - [2024-09-18T16:57:59.421-0500] {dagbag.py:587} INFO - Filling up the DagBag from /Users/binhpham/Library/Python/3.9/lib/python/site-packages/airflow/example_dags/example_dynamic_task_mapping.py
[2024-09-18T16:57:59.440-0500] {processor.py:925} INFO - DAG(s) 'example_dynamic_task_mapping' retrieved from /Users/binhpham/Library/Python/3.9/lib/python/site-packages/airflow/example_dags/example_dynamic_task_mapping.py
[2024-09-18T16:57:59.503-0500] {logging_mixin.py:190} INFO - [2024-09-18T16:57:59.503-0500] {dag.py:3229} INFO - Sync 1 DAGs
[2024-09-18T16:57:59.511-0500] {logging_mixin.py:190} INFO - [2024-09-18T16:57:59.511-0500] {dag.py:4156} INFO - Setting next_dagrun for example_dynamic_task_mapping to None, run_after=None
[2024-09-18T16:57:59.525-0500] {processor.py:208} INFO - Processing /Users/binhpham/Library/Python/3.9/lib/python/site-packages/airflow/example_dags/example_dynamic_task_mapping.py took 0.108 seconds
[2024-09-18T16:59:58.137-0500] {processor.py:186} INFO - Started process (PID=13456) to work on /Users/binhpham/Library/Python/3.9/lib/python/site-packages/airflow/example_dags/example_dynamic_task_mapping.py
[2024-09-18T16:59:58.140-0500] {processor.py:914} INFO - Processing file /Users/binhpham/Library/Python/3.9/lib/python/site-packages/airflow/example_dags/example_dynamic_task_mapping.py for tasks to queue
[2024-09-18T16:59:58.140-0500] {logging_mixin.py:190} INFO - [2024-09-18T16:59:58.140-0500] {dagbag.py:587} INFO - Filling up the DagBag from /Users/binhpham/Library/Python/3.9/lib/python/site-packages/airflow/example_dags/example_dynamic_task_mapping.py
[2024-09-18T16:59:58.158-0500] {processor.py:925} INFO - DAG(s) 'example_dynamic_task_mapping' retrieved from /Users/binhpham/Library/Python/3.9/lib/python/site-packages/airflow/example_dags/example_dynamic_task_mapping.py
[2024-09-18T16:59:58.212-0500] {logging_mixin.py:190} INFO - [2024-09-18T16:59:58.211-0500] {dag.py:3229} INFO - Sync 1 DAGs
[2024-09-18T16:59:58.217-0500] {logging_mixin.py:190} INFO - [2024-09-18T16:59:58.217-0500] {dag.py:4156} INFO - Setting next_dagrun for example_dynamic_task_mapping to None, run_after=None
[2024-09-18T16:59:58.226-0500] {processor.py:208} INFO - Processing /Users/binhpham/Library/Python/3.9/lib/python/site-packages/airflow/example_dags/example_dynamic_task_mapping.py took 0.091 seconds
[2024-09-18T17:02:51.616-0500] {processor.py:186} INFO - Started process (PID=14033) to work on /Users/binhpham/Library/Python/3.9/lib/python/site-packages/airflow/example_dags/example_dynamic_task_mapping.py
[2024-09-18T17:02:51.618-0500] {processor.py:914} INFO - Processing file /Users/binhpham/Library/Python/3.9/lib/python/site-packages/airflow/example_dags/example_dynamic_task_mapping.py for tasks to queue
[2024-09-18T17:02:51.619-0500] {logging_mixin.py:190} INFO - [2024-09-18T17:02:51.619-0500] {dagbag.py:587} INFO - Filling up the DagBag from /Users/binhpham/Library/Python/3.9/lib/python/site-packages/airflow/example_dags/example_dynamic_task_mapping.py
[2024-09-18T17:02:51.637-0500] {processor.py:925} INFO - DAG(s) 'example_dynamic_task_mapping' retrieved from /Users/binhpham/Library/Python/3.9/lib/python/site-packages/airflow/example_dags/example_dynamic_task_mapping.py
[2024-09-18T17:02:51.691-0500] {logging_mixin.py:190} INFO - [2024-09-18T17:02:51.691-0500] {dag.py:3229} INFO - Sync 1 DAGs
[2024-09-18T17:02:51.697-0500] {logging_mixin.py:190} INFO - [2024-09-18T17:02:51.697-0500] {dag.py:4156} INFO - Setting next_dagrun for example_dynamic_task_mapping to None, run_after=None
[2024-09-18T17:02:51.706-0500] {processor.py:208} INFO - Processing /Users/binhpham/Library/Python/3.9/lib/python/site-packages/airflow/example_dags/example_dynamic_task_mapping.py took 0.091 seconds
[2024-09-18T17:05:44.412-0500] {processor.py:186} INFO - Started process (PID=14658) to work on /Users/binhpham/Library/Python/3.9/lib/python/site-packages/airflow/example_dags/example_dynamic_task_mapping.py
[2024-09-18T17:05:44.414-0500] {processor.py:914} INFO - Processing file /Users/binhpham/Library/Python/3.9/lib/python/site-packages/airflow/example_dags/example_dynamic_task_mapping.py for tasks to queue
[2024-09-18T17:05:44.414-0500] {logging_mixin.py:190} INFO - [2024-09-18T17:05:44.414-0500] {dagbag.py:587} INFO - Filling up the DagBag from /Users/binhpham/Library/Python/3.9/lib/python/site-packages/airflow/example_dags/example_dynamic_task_mapping.py
[2024-09-18T17:05:44.432-0500] {processor.py:925} INFO - DAG(s) 'example_dynamic_task_mapping' retrieved from /Users/binhpham/Library/Python/3.9/lib/python/site-packages/airflow/example_dags/example_dynamic_task_mapping.py
[2024-09-18T17:05:44.485-0500] {logging_mixin.py:190} INFO - [2024-09-18T17:05:44.485-0500] {dag.py:3229} INFO - Sync 1 DAGs
[2024-09-18T17:05:44.491-0500] {logging_mixin.py:190} INFO - [2024-09-18T17:05:44.491-0500] {dag.py:4156} INFO - Setting next_dagrun for example_dynamic_task_mapping to None, run_after=None
[2024-09-18T17:05:44.500-0500] {processor.py:208} INFO - Processing /Users/binhpham/Library/Python/3.9/lib/python/site-packages/airflow/example_dags/example_dynamic_task_mapping.py took 0.090 seconds
[2024-09-18T17:08:37.473-0500] {processor.py:186} INFO - Started process (PID=15296) to work on /Users/binhpham/Library/Python/3.9/lib/python/site-packages/airflow/example_dags/example_dynamic_task_mapping.py
[2024-09-18T17:08:37.475-0500] {processor.py:914} INFO - Processing file /Users/binhpham/Library/Python/3.9/lib/python/site-packages/airflow/example_dags/example_dynamic_task_mapping.py for tasks to queue
[2024-09-18T17:08:37.475-0500] {logging_mixin.py:190} INFO - [2024-09-18T17:08:37.475-0500] {dagbag.py:587} INFO - Filling up the DagBag from /Users/binhpham/Library/Python/3.9/lib/python/site-packages/airflow/example_dags/example_dynamic_task_mapping.py
[2024-09-18T17:08:37.493-0500] {processor.py:925} INFO - DAG(s) 'example_dynamic_task_mapping' retrieved from /Users/binhpham/Library/Python/3.9/lib/python/site-packages/airflow/example_dags/example_dynamic_task_mapping.py
[2024-09-18T17:08:37.545-0500] {logging_mixin.py:190} INFO - [2024-09-18T17:08:37.545-0500] {dag.py:3229} INFO - Sync 1 DAGs
[2024-09-18T17:08:37.551-0500] {logging_mixin.py:190} INFO - [2024-09-18T17:08:37.551-0500] {dag.py:4156} INFO - Setting next_dagrun for example_dynamic_task_mapping to None, run_after=None
[2024-09-18T17:08:37.561-0500] {processor.py:208} INFO - Processing /Users/binhpham/Library/Python/3.9/lib/python/site-packages/airflow/example_dags/example_dynamic_task_mapping.py took 0.089 seconds
[2024-09-18T17:11:33.887-0500] {processor.py:186} INFO - Started process (PID=15898) to work on /Users/binhpham/Library/Python/3.9/lib/python/site-packages/airflow/example_dags/example_dynamic_task_mapping.py
[2024-09-18T17:11:33.889-0500] {processor.py:914} INFO - Processing file /Users/binhpham/Library/Python/3.9/lib/python/site-packages/airflow/example_dags/example_dynamic_task_mapping.py for tasks to queue
[2024-09-18T17:11:33.890-0500] {logging_mixin.py:190} INFO - [2024-09-18T17:11:33.889-0500] {dagbag.py:587} INFO - Filling up the DagBag from /Users/binhpham/Library/Python/3.9/lib/python/site-packages/airflow/example_dags/example_dynamic_task_mapping.py
[2024-09-18T17:11:33.908-0500] {processor.py:925} INFO - DAG(s) 'example_dynamic_task_mapping' retrieved from /Users/binhpham/Library/Python/3.9/lib/python/site-packages/airflow/example_dags/example_dynamic_task_mapping.py
[2024-09-18T17:11:33.964-0500] {logging_mixin.py:190} INFO - [2024-09-18T17:11:33.963-0500] {dag.py:3229} INFO - Sync 1 DAGs
[2024-09-18T17:11:33.970-0500] {logging_mixin.py:190} INFO - [2024-09-18T17:11:33.970-0500] {dag.py:4156} INFO - Setting next_dagrun for example_dynamic_task_mapping to None, run_after=None
[2024-09-18T17:11:33.979-0500] {processor.py:208} INFO - Processing /Users/binhpham/Library/Python/3.9/lib/python/site-packages/airflow/example_dags/example_dynamic_task_mapping.py took 0.093 seconds
[2024-09-18T17:16:23.989-0500] {processor.py:186} INFO - Started process (PID=17027) to work on /Users/binhpham/Library/Python/3.9/lib/python/site-packages/airflow/example_dags/example_dynamic_task_mapping.py
[2024-09-18T17:16:23.992-0500] {processor.py:914} INFO - Processing file /Users/binhpham/Library/Python/3.9/lib/python/site-packages/airflow/example_dags/example_dynamic_task_mapping.py for tasks to queue
[2024-09-18T17:16:23.992-0500] {logging_mixin.py:190} INFO - [2024-09-18T17:16:23.992-0500] {dagbag.py:587} INFO - Filling up the DagBag from /Users/binhpham/Library/Python/3.9/lib/python/site-packages/airflow/example_dags/example_dynamic_task_mapping.py
[2024-09-18T17:16:24.010-0500] {processor.py:925} INFO - DAG(s) 'example_dynamic_task_mapping' retrieved from /Users/binhpham/Library/Python/3.9/lib/python/site-packages/airflow/example_dags/example_dynamic_task_mapping.py
[2024-09-18T17:16:24.063-0500] {logging_mixin.py:190} INFO - [2024-09-18T17:16:24.062-0500] {dag.py:3229} INFO - Sync 1 DAGs
[2024-09-18T17:16:24.069-0500] {logging_mixin.py:190} INFO - [2024-09-18T17:16:24.068-0500] {dag.py:4156} INFO - Setting next_dagrun for example_dynamic_task_mapping to None, run_after=None
[2024-09-18T17:16:24.077-0500] {processor.py:208} INFO - Processing /Users/binhpham/Library/Python/3.9/lib/python/site-packages/airflow/example_dags/example_dynamic_task_mapping.py took 0.090 seconds
[2024-09-18T17:19:22.863-0500] {processor.py:186} INFO - Started process (PID=18275) to work on /Users/binhpham/Library/Python/3.9/lib/python/site-packages/airflow/example_dags/example_dynamic_task_mapping.py
[2024-09-18T17:19:22.865-0500] {processor.py:914} INFO - Processing file /Users/binhpham/Library/Python/3.9/lib/python/site-packages/airflow/example_dags/example_dynamic_task_mapping.py for tasks to queue
[2024-09-18T17:19:22.865-0500] {logging_mixin.py:190} INFO - [2024-09-18T17:19:22.865-0500] {dagbag.py:587} INFO - Filling up the DagBag from /Users/binhpham/Library/Python/3.9/lib/python/site-packages/airflow/example_dags/example_dynamic_task_mapping.py
[2024-09-18T17:19:22.884-0500] {processor.py:925} INFO - DAG(s) 'example_dynamic_task_mapping' retrieved from /Users/binhpham/Library/Python/3.9/lib/python/site-packages/airflow/example_dags/example_dynamic_task_mapping.py
[2024-09-18T17:19:22.937-0500] {logging_mixin.py:190} INFO - [2024-09-18T17:19:22.937-0500] {dag.py:3229} INFO - Sync 1 DAGs
[2024-09-18T17:19:22.943-0500] {logging_mixin.py:190} INFO - [2024-09-18T17:19:22.942-0500] {dag.py:4156} INFO - Setting next_dagrun for example_dynamic_task_mapping to None, run_after=None
[2024-09-18T17:19:22.952-0500] {processor.py:208} INFO - Processing /Users/binhpham/Library/Python/3.9/lib/python/site-packages/airflow/example_dags/example_dynamic_task_mapping.py took 0.091 seconds
[2024-09-18T17:23:23.527-0500] {processor.py:186} INFO - Started process (PID=19716) to work on /Users/binhpham/Projects/dbt_project/venv/lib/python3.9/site-packages/airflow/example_dags/example_dynamic_task_mapping.py
[2024-09-18T17:23:23.528-0500] {processor.py:914} INFO - Processing file /Users/binhpham/Projects/dbt_project/venv/lib/python3.9/site-packages/airflow/example_dags/example_dynamic_task_mapping.py for tasks to queue
[2024-09-18T17:23:23.529-0500] {logging_mixin.py:190} INFO - [2024-09-18T17:23:23.529-0500] {dagbag.py:587} INFO - Filling up the DagBag from /Users/binhpham/Projects/dbt_project/venv/lib/python3.9/site-packages/airflow/example_dags/example_dynamic_task_mapping.py
[2024-09-18T17:23:23.547-0500] {processor.py:925} INFO - DAG(s) 'example_dynamic_task_mapping' retrieved from /Users/binhpham/Projects/dbt_project/venv/lib/python3.9/site-packages/airflow/example_dags/example_dynamic_task_mapping.py
[2024-09-18T17:23:23.646-0500] {logging_mixin.py:190} INFO - [2024-09-18T17:23:23.646-0500] {dag.py:3229} INFO - Sync 1 DAGs
[2024-09-18T17:23:23.652-0500] {logging_mixin.py:190} INFO - [2024-09-18T17:23:23.652-0500] {dag.py:4156} INFO - Setting next_dagrun for example_dynamic_task_mapping to None, run_after=None
[2024-09-18T17:23:23.663-0500] {processor.py:208} INFO - Processing /Users/binhpham/Projects/dbt_project/venv/lib/python3.9/site-packages/airflow/example_dags/example_dynamic_task_mapping.py took 0.138 seconds
[2024-09-18T17:27:22.116-0500] {processor.py:186} INFO - Started process (PID=20680) to work on /Users/binhpham/Projects/dbt_project/venv/lib/python3.9/site-packages/airflow/example_dags/example_dynamic_task_mapping.py
[2024-09-18T17:27:22.118-0500] {processor.py:914} INFO - Processing file /Users/binhpham/Projects/dbt_project/venv/lib/python3.9/site-packages/airflow/example_dags/example_dynamic_task_mapping.py for tasks to queue
[2024-09-18T17:27:22.118-0500] {logging_mixin.py:190} INFO - [2024-09-18T17:27:22.118-0500] {dagbag.py:587} INFO - Filling up the DagBag from /Users/binhpham/Projects/dbt_project/venv/lib/python3.9/site-packages/airflow/example_dags/example_dynamic_task_mapping.py
[2024-09-18T17:27:22.137-0500] {processor.py:925} INFO - DAG(s) 'example_dynamic_task_mapping' retrieved from /Users/binhpham/Projects/dbt_project/venv/lib/python3.9/site-packages/airflow/example_dags/example_dynamic_task_mapping.py
[2024-09-18T17:27:22.195-0500] {logging_mixin.py:190} INFO - [2024-09-18T17:27:22.195-0500] {dag.py:3229} INFO - Sync 1 DAGs
[2024-09-18T17:27:22.200-0500] {logging_mixin.py:190} INFO - [2024-09-18T17:27:22.200-0500] {dag.py:4156} INFO - Setting next_dagrun for example_dynamic_task_mapping to None, run_after=None
[2024-09-18T17:27:22.209-0500] {processor.py:208} INFO - Processing /Users/binhpham/Projects/dbt_project/venv/lib/python3.9/site-packages/airflow/example_dags/example_dynamic_task_mapping.py took 0.095 seconds
[2024-09-18T17:29:54.703-0500] {processor.py:186} INFO - Started process (PID=21584) to work on /Users/binhpham/Projects/dbt_project/venv/lib/python3.9/site-packages/airflow/example_dags/example_dynamic_task_mapping.py
[2024-09-18T17:29:54.706-0500] {processor.py:914} INFO - Processing file /Users/binhpham/Projects/dbt_project/venv/lib/python3.9/site-packages/airflow/example_dags/example_dynamic_task_mapping.py for tasks to queue
[2024-09-18T17:29:54.706-0500] {logging_mixin.py:190} INFO - [2024-09-18T17:29:54.706-0500] {dagbag.py:587} INFO - Filling up the DagBag from /Users/binhpham/Projects/dbt_project/venv/lib/python3.9/site-packages/airflow/example_dags/example_dynamic_task_mapping.py
[2024-09-18T17:29:54.725-0500] {processor.py:925} INFO - DAG(s) 'example_dynamic_task_mapping' retrieved from /Users/binhpham/Projects/dbt_project/venv/lib/python3.9/site-packages/airflow/example_dags/example_dynamic_task_mapping.py
[2024-09-18T17:29:54.778-0500] {logging_mixin.py:190} INFO - [2024-09-18T17:29:54.778-0500] {dag.py:3229} INFO - Sync 1 DAGs
[2024-09-18T17:29:54.784-0500] {logging_mixin.py:190} INFO - [2024-09-18T17:29:54.784-0500] {dag.py:4156} INFO - Setting next_dagrun for example_dynamic_task_mapping to None, run_after=None
[2024-09-18T17:29:54.793-0500] {processor.py:208} INFO - Processing /Users/binhpham/Projects/dbt_project/venv/lib/python3.9/site-packages/airflow/example_dags/example_dynamic_task_mapping.py took 0.091 seconds
[2024-09-18T17:31:46.606-0500] {processor.py:186} INFO - Started process (PID=22643) to work on /Users/binhpham/Projects/dbt_project/venv/lib/python3.9/site-packages/airflow/example_dags/example_dynamic_task_mapping.py
[2024-09-18T17:31:46.609-0500] {processor.py:914} INFO - Processing file /Users/binhpham/Projects/dbt_project/venv/lib/python3.9/site-packages/airflow/example_dags/example_dynamic_task_mapping.py for tasks to queue
[2024-09-18T17:31:46.609-0500] {logging_mixin.py:190} INFO - [2024-09-18T17:31:46.609-0500] {dagbag.py:587} INFO - Filling up the DagBag from /Users/binhpham/Projects/dbt_project/venv/lib/python3.9/site-packages/airflow/example_dags/example_dynamic_task_mapping.py
[2024-09-18T17:31:46.628-0500] {processor.py:925} INFO - DAG(s) 'example_dynamic_task_mapping' retrieved from /Users/binhpham/Projects/dbt_project/venv/lib/python3.9/site-packages/airflow/example_dags/example_dynamic_task_mapping.py
[2024-09-18T17:31:46.681-0500] {logging_mixin.py:190} INFO - [2024-09-18T17:31:46.681-0500] {dag.py:3229} INFO - Sync 1 DAGs
[2024-09-18T17:31:46.686-0500] {logging_mixin.py:190} INFO - [2024-09-18T17:31:46.686-0500] {dag.py:4156} INFO - Setting next_dagrun for example_dynamic_task_mapping to None, run_after=None
[2024-09-18T17:31:46.695-0500] {processor.py:208} INFO - Processing /Users/binhpham/Projects/dbt_project/venv/lib/python3.9/site-packages/airflow/example_dags/example_dynamic_task_mapping.py took 0.090 seconds
[2024-09-18T17:35:39.725-0500] {processor.py:186} INFO - Started process (PID=23715) to work on /Users/binhpham/Projects/dbt_project/venv/lib/python3.9/site-packages/airflow/example_dags/example_dynamic_task_mapping.py
[2024-09-18T17:35:39.728-0500] {processor.py:914} INFO - Processing file /Users/binhpham/Projects/dbt_project/venv/lib/python3.9/site-packages/airflow/example_dags/example_dynamic_task_mapping.py for tasks to queue
[2024-09-18T17:35:39.728-0500] {logging_mixin.py:190} INFO - [2024-09-18T17:35:39.728-0500] {dagbag.py:587} INFO - Filling up the DagBag from /Users/binhpham/Projects/dbt_project/venv/lib/python3.9/site-packages/airflow/example_dags/example_dynamic_task_mapping.py
[2024-09-18T17:35:39.748-0500] {processor.py:925} INFO - DAG(s) 'example_dynamic_task_mapping' retrieved from /Users/binhpham/Projects/dbt_project/venv/lib/python3.9/site-packages/airflow/example_dags/example_dynamic_task_mapping.py
[2024-09-18T17:35:39.803-0500] {logging_mixin.py:190} INFO - [2024-09-18T17:35:39.803-0500] {dag.py:3229} INFO - Sync 1 DAGs
[2024-09-18T17:35:39.809-0500] {logging_mixin.py:190} INFO - [2024-09-18T17:35:39.809-0500] {dag.py:4156} INFO - Setting next_dagrun for example_dynamic_task_mapping to None, run_after=None
[2024-09-18T17:35:39.819-0500] {processor.py:208} INFO - Processing /Users/binhpham/Projects/dbt_project/venv/lib/python3.9/site-packages/airflow/example_dags/example_dynamic_task_mapping.py took 0.095 seconds
[2024-09-18T17:37:32.676-0500] {processor.py:186} INFO - Started process (PID=24067) to work on /Users/binhpham/Projects/dbt_project/venv/lib/python3.9/site-packages/airflow/example_dags/example_dynamic_task_mapping.py
[2024-09-18T17:37:32.677-0500] {processor.py:914} INFO - Processing file /Users/binhpham/Projects/dbt_project/venv/lib/python3.9/site-packages/airflow/example_dags/example_dynamic_task_mapping.py for tasks to queue
[2024-09-18T17:37:32.678-0500] {logging_mixin.py:190} INFO - [2024-09-18T17:37:32.677-0500] {dagbag.py:587} INFO - Filling up the DagBag from /Users/binhpham/Projects/dbt_project/venv/lib/python3.9/site-packages/airflow/example_dags/example_dynamic_task_mapping.py
[2024-09-18T17:37:32.695-0500] {processor.py:925} INFO - DAG(s) 'example_dynamic_task_mapping' retrieved from /Users/binhpham/Projects/dbt_project/venv/lib/python3.9/site-packages/airflow/example_dags/example_dynamic_task_mapping.py
[2024-09-18T17:37:32.748-0500] {logging_mixin.py:190} INFO - [2024-09-18T17:37:32.747-0500] {dag.py:3229} INFO - Sync 1 DAGs
[2024-09-18T17:37:32.753-0500] {logging_mixin.py:190} INFO - [2024-09-18T17:37:32.753-0500] {dag.py:4156} INFO - Setting next_dagrun for example_dynamic_task_mapping to None, run_after=None
[2024-09-18T17:37:32.762-0500] {processor.py:208} INFO - Processing /Users/binhpham/Projects/dbt_project/venv/lib/python3.9/site-packages/airflow/example_dags/example_dynamic_task_mapping.py took 0.088 seconds
[2024-09-18T17:40:21.468-0500] {processor.py:186} INFO - Started process (PID=24605) to work on /Users/binhpham/Projects/dbt_project/venv/lib/python3.9/site-packages/airflow/example_dags/example_dynamic_task_mapping.py
[2024-09-18T17:40:21.471-0500] {processor.py:914} INFO - Processing file /Users/binhpham/Projects/dbt_project/venv/lib/python3.9/site-packages/airflow/example_dags/example_dynamic_task_mapping.py for tasks to queue
[2024-09-18T17:40:21.471-0500] {logging_mixin.py:190} INFO - [2024-09-18T17:40:21.471-0500] {dagbag.py:587} INFO - Filling up the DagBag from /Users/binhpham/Projects/dbt_project/venv/lib/python3.9/site-packages/airflow/example_dags/example_dynamic_task_mapping.py
[2024-09-18T17:40:21.489-0500] {processor.py:925} INFO - DAG(s) 'example_dynamic_task_mapping' retrieved from /Users/binhpham/Projects/dbt_project/venv/lib/python3.9/site-packages/airflow/example_dags/example_dynamic_task_mapping.py
[2024-09-18T17:40:21.542-0500] {logging_mixin.py:190} INFO - [2024-09-18T17:40:21.542-0500] {dag.py:3229} INFO - Sync 1 DAGs
[2024-09-18T17:40:21.548-0500] {logging_mixin.py:190} INFO - [2024-09-18T17:40:21.548-0500] {dag.py:4156} INFO - Setting next_dagrun for example_dynamic_task_mapping to None, run_after=None
[2024-09-18T17:40:21.556-0500] {processor.py:208} INFO - Processing /Users/binhpham/Projects/dbt_project/venv/lib/python3.9/site-packages/airflow/example_dags/example_dynamic_task_mapping.py took 0.090 seconds
[2024-09-18T17:43:12.465-0500] {processor.py:186} INFO - Started process (PID=25165) to work on /Users/binhpham/Projects/dbt_project/venv/lib/python3.9/site-packages/airflow/example_dags/example_dynamic_task_mapping.py
[2024-09-18T17:43:12.467-0500] {processor.py:914} INFO - Processing file /Users/binhpham/Projects/dbt_project/venv/lib/python3.9/site-packages/airflow/example_dags/example_dynamic_task_mapping.py for tasks to queue
[2024-09-18T17:43:12.468-0500] {logging_mixin.py:190} INFO - [2024-09-18T17:43:12.468-0500] {dagbag.py:587} INFO - Filling up the DagBag from /Users/binhpham/Projects/dbt_project/venv/lib/python3.9/site-packages/airflow/example_dags/example_dynamic_task_mapping.py
[2024-09-18T17:43:12.487-0500] {processor.py:925} INFO - DAG(s) 'example_dynamic_task_mapping' retrieved from /Users/binhpham/Projects/dbt_project/venv/lib/python3.9/site-packages/airflow/example_dags/example_dynamic_task_mapping.py
[2024-09-18T17:43:12.539-0500] {logging_mixin.py:190} INFO - [2024-09-18T17:43:12.539-0500] {dag.py:3229} INFO - Sync 1 DAGs
[2024-09-18T17:43:12.545-0500] {logging_mixin.py:190} INFO - [2024-09-18T17:43:12.545-0500] {dag.py:4156} INFO - Setting next_dagrun for example_dynamic_task_mapping to None, run_after=None
[2024-09-18T17:43:12.553-0500] {processor.py:208} INFO - Processing /Users/binhpham/Projects/dbt_project/venv/lib/python3.9/site-packages/airflow/example_dags/example_dynamic_task_mapping.py took 0.090 seconds
