[2024-09-18T16:51:49.067-0500] {processor.py:186} INFO - Started process (PID=11744) to work on /Users/binhpham/Library/Python/3.9/lib/python/site-packages/airflow/example_dags/tutorial.py
[2024-09-18T16:51:49.069-0500] {processor.py:914} INFO - Processing file /Users/binhpham/Library/Python/3.9/lib/python/site-packages/airflow/example_dags/tutorial.py for tasks to queue
[2024-09-18T16:51:49.070-0500] {logging_mixin.py:190} INFO - [2024-09-18T16:51:49.070-0500] {dagbag.py:587} INFO - Filling up the DagBag from /Users/binhpham/Library/Python/3.9/lib/python/site-packages/airflow/example_dags/tutorial.py
[2024-09-18T16:51:49.075-0500] {processor.py:925} INFO - DAG(s) 'tutorial' retrieved from /Users/binhpham/Library/Python/3.9/lib/python/site-packages/airflow/example_dags/tutorial.py
[2024-09-18T16:51:49.134-0500] {logging_mixin.py:190} INFO - [2024-09-18T16:51:49.134-0500] {dag.py:3229} INFO - Sync 1 DAGs
[2024-09-18T16:51:49.146-0500] {logging_mixin.py:190} INFO - [2024-09-18T16:51:49.146-0500] {dag.py:4156} INFO - Setting next_dagrun for tutorial to 2024-09-17 00:00:00+00:00, run_after=2024-09-18 00:00:00+00:00
[2024-09-18T16:51:49.157-0500] {processor.py:208} INFO - Processing /Users/binhpham/Library/Python/3.9/lib/python/site-packages/airflow/example_dags/tutorial.py took 0.092 seconds
[2024-09-18T16:53:48.237-0500] {processor.py:186} INFO - Started process (PID=12218) to work on /Users/binhpham/Library/Python/3.9/lib/python/site-packages/airflow/example_dags/tutorial.py
[2024-09-18T16:53:48.240-0500] {processor.py:914} INFO - Processing file /Users/binhpham/Library/Python/3.9/lib/python/site-packages/airflow/example_dags/tutorial.py for tasks to queue
[2024-09-18T16:53:48.240-0500] {logging_mixin.py:190} INFO - [2024-09-18T16:53:48.240-0500] {dagbag.py:587} INFO - Filling up the DagBag from /Users/binhpham/Library/Python/3.9/lib/python/site-packages/airflow/example_dags/tutorial.py
[2024-09-18T16:53:48.245-0500] {processor.py:925} INFO - DAG(s) 'tutorial' retrieved from /Users/binhpham/Library/Python/3.9/lib/python/site-packages/airflow/example_dags/tutorial.py
[2024-09-18T16:53:48.301-0500] {logging_mixin.py:190} INFO - [2024-09-18T16:53:48.301-0500] {dag.py:3229} INFO - Sync 1 DAGs
[2024-09-18T16:53:48.314-0500] {logging_mixin.py:190} INFO - [2024-09-18T16:53:48.314-0500] {dag.py:4156} INFO - Setting next_dagrun for tutorial to 2024-09-17 00:00:00+00:00, run_after=2024-09-18 00:00:00+00:00
[2024-09-18T16:53:48.325-0500] {processor.py:208} INFO - Processing /Users/binhpham/Library/Python/3.9/lib/python/site-packages/airflow/example_dags/tutorial.py took 0.089 seconds
[2024-09-18T16:56:50.041-0500] {processor.py:186} INFO - Started process (PID=12842) to work on /Users/binhpham/Library/Python/3.9/lib/python/site-packages/airflow/example_dags/tutorial.py
[2024-09-18T16:56:50.044-0500] {processor.py:914} INFO - Processing file /Users/binhpham/Library/Python/3.9/lib/python/site-packages/airflow/example_dags/tutorial.py for tasks to queue
[2024-09-18T16:56:50.044-0500] {logging_mixin.py:190} INFO - [2024-09-18T16:56:50.044-0500] {dagbag.py:587} INFO - Filling up the DagBag from /Users/binhpham/Library/Python/3.9/lib/python/site-packages/airflow/example_dags/tutorial.py
[2024-09-18T16:56:50.048-0500] {processor.py:925} INFO - DAG(s) 'tutorial' retrieved from /Users/binhpham/Library/Python/3.9/lib/python/site-packages/airflow/example_dags/tutorial.py
[2024-09-18T16:56:50.105-0500] {logging_mixin.py:190} INFO - [2024-09-18T16:56:50.105-0500] {dag.py:3229} INFO - Sync 1 DAGs
[2024-09-18T16:56:50.118-0500] {logging_mixin.py:190} INFO - [2024-09-18T16:56:50.118-0500] {dag.py:4156} INFO - Setting next_dagrun for tutorial to 2024-09-17 00:00:00+00:00, run_after=2024-09-18 00:00:00+00:00
[2024-09-18T16:56:50.128-0500] {processor.py:208} INFO - Processing /Users/binhpham/Library/Python/3.9/lib/python/site-packages/airflow/example_dags/tutorial.py took 0.089 seconds
[2024-09-18T16:58:51.262-0500] {processor.py:186} INFO - Started process (PID=13238) to work on /Users/binhpham/Library/Python/3.9/lib/python/site-packages/airflow/example_dags/tutorial.py
[2024-09-18T16:58:51.265-0500] {processor.py:914} INFO - Processing file /Users/binhpham/Library/Python/3.9/lib/python/site-packages/airflow/example_dags/tutorial.py for tasks to queue
[2024-09-18T16:58:51.265-0500] {logging_mixin.py:190} INFO - [2024-09-18T16:58:51.265-0500] {dagbag.py:587} INFO - Filling up the DagBag from /Users/binhpham/Library/Python/3.9/lib/python/site-packages/airflow/example_dags/tutorial.py
[2024-09-18T16:58:51.269-0500] {processor.py:925} INFO - DAG(s) 'tutorial' retrieved from /Users/binhpham/Library/Python/3.9/lib/python/site-packages/airflow/example_dags/tutorial.py
[2024-09-18T16:58:51.325-0500] {logging_mixin.py:190} INFO - [2024-09-18T16:58:51.325-0500] {dag.py:3229} INFO - Sync 1 DAGs
[2024-09-18T16:58:51.338-0500] {logging_mixin.py:190} INFO - [2024-09-18T16:58:51.337-0500] {dag.py:4156} INFO - Setting next_dagrun for tutorial to 2024-09-17 00:00:00+00:00, run_after=2024-09-18 00:00:00+00:00
[2024-09-18T16:58:51.347-0500] {processor.py:208} INFO - Processing /Users/binhpham/Library/Python/3.9/lib/python/site-packages/airflow/example_dags/tutorial.py took 0.087 seconds
[2024-09-18T17:00:21.496-0500] {processor.py:186} INFO - Started process (PID=13539) to work on /Users/binhpham/Library/Python/3.9/lib/python/site-packages/airflow/example_dags/tutorial.py
[2024-09-18T17:00:21.498-0500] {processor.py:914} INFO - Processing file /Users/binhpham/Library/Python/3.9/lib/python/site-packages/airflow/example_dags/tutorial.py for tasks to queue
[2024-09-18T17:00:21.498-0500] {logging_mixin.py:190} INFO - [2024-09-18T17:00:21.498-0500] {dagbag.py:587} INFO - Filling up the DagBag from /Users/binhpham/Library/Python/3.9/lib/python/site-packages/airflow/example_dags/tutorial.py
[2024-09-18T17:00:21.502-0500] {processor.py:925} INFO - DAG(s) 'tutorial' retrieved from /Users/binhpham/Library/Python/3.9/lib/python/site-packages/airflow/example_dags/tutorial.py
[2024-09-18T17:00:21.556-0500] {logging_mixin.py:190} INFO - [2024-09-18T17:00:21.556-0500] {dag.py:3229} INFO - Sync 1 DAGs
[2024-09-18T17:00:21.568-0500] {logging_mixin.py:190} INFO - [2024-09-18T17:00:21.568-0500] {dag.py:4156} INFO - Setting next_dagrun for tutorial to 2024-09-17 00:00:00+00:00, run_after=2024-09-18 00:00:00+00:00
[2024-09-18T17:00:21.577-0500] {processor.py:208} INFO - Processing /Users/binhpham/Library/Python/3.9/lib/python/site-packages/airflow/example_dags/tutorial.py took 0.083 seconds
[2024-09-18T17:01:48.844-0500] {processor.py:186} INFO - Started process (PID=13821) to work on /Users/binhpham/Library/Python/3.9/lib/python/site-packages/airflow/example_dags/tutorial.py
[2024-09-18T17:01:48.846-0500] {processor.py:914} INFO - Processing file /Users/binhpham/Library/Python/3.9/lib/python/site-packages/airflow/example_dags/tutorial.py for tasks to queue
[2024-09-18T17:01:48.846-0500] {logging_mixin.py:190} INFO - [2024-09-18T17:01:48.846-0500] {dagbag.py:587} INFO - Filling up the DagBag from /Users/binhpham/Library/Python/3.9/lib/python/site-packages/airflow/example_dags/tutorial.py
[2024-09-18T17:01:48.850-0500] {processor.py:925} INFO - DAG(s) 'tutorial' retrieved from /Users/binhpham/Library/Python/3.9/lib/python/site-packages/airflow/example_dags/tutorial.py
[2024-09-18T17:01:48.906-0500] {logging_mixin.py:190} INFO - [2024-09-18T17:01:48.906-0500] {dag.py:3229} INFO - Sync 1 DAGs
[2024-09-18T17:01:48.918-0500] {logging_mixin.py:190} INFO - [2024-09-18T17:01:48.918-0500] {dag.py:4156} INFO - Setting next_dagrun for tutorial to 2024-09-17 00:00:00+00:00, run_after=2024-09-18 00:00:00+00:00
[2024-09-18T17:01:48.928-0500] {processor.py:208} INFO - Processing /Users/binhpham/Library/Python/3.9/lib/python/site-packages/airflow/example_dags/tutorial.py took 0.085 seconds
[2024-09-18T17:03:14.251-0500] {processor.py:186} INFO - Started process (PID=14110) to work on /Users/binhpham/Library/Python/3.9/lib/python/site-packages/airflow/example_dags/tutorial.py
[2024-09-18T17:03:14.253-0500] {processor.py:914} INFO - Processing file /Users/binhpham/Library/Python/3.9/lib/python/site-packages/airflow/example_dags/tutorial.py for tasks to queue
[2024-09-18T17:03:14.253-0500] {logging_mixin.py:190} INFO - [2024-09-18T17:03:14.253-0500] {dagbag.py:587} INFO - Filling up the DagBag from /Users/binhpham/Library/Python/3.9/lib/python/site-packages/airflow/example_dags/tutorial.py
[2024-09-18T17:03:14.257-0500] {processor.py:925} INFO - DAG(s) 'tutorial' retrieved from /Users/binhpham/Library/Python/3.9/lib/python/site-packages/airflow/example_dags/tutorial.py
[2024-09-18T17:03:14.311-0500] {logging_mixin.py:190} INFO - [2024-09-18T17:03:14.311-0500] {dag.py:3229} INFO - Sync 1 DAGs
[2024-09-18T17:03:14.323-0500] {logging_mixin.py:190} INFO - [2024-09-18T17:03:14.322-0500] {dag.py:4156} INFO - Setting next_dagrun for tutorial to 2024-09-17 00:00:00+00:00, run_after=2024-09-18 00:00:00+00:00
[2024-09-18T17:03:14.332-0500] {processor.py:208} INFO - Processing /Users/binhpham/Library/Python/3.9/lib/python/site-packages/airflow/example_dags/tutorial.py took 0.083 seconds
[2024-09-18T17:04:42.643-0500] {processor.py:186} INFO - Started process (PID=14429) to work on /Users/binhpham/Library/Python/3.9/lib/python/site-packages/airflow/example_dags/tutorial.py
[2024-09-18T17:04:42.644-0500] {processor.py:914} INFO - Processing file /Users/binhpham/Library/Python/3.9/lib/python/site-packages/airflow/example_dags/tutorial.py for tasks to queue
[2024-09-18T17:04:42.645-0500] {logging_mixin.py:190} INFO - [2024-09-18T17:04:42.645-0500] {dagbag.py:587} INFO - Filling up the DagBag from /Users/binhpham/Library/Python/3.9/lib/python/site-packages/airflow/example_dags/tutorial.py
[2024-09-18T17:04:42.649-0500] {processor.py:925} INFO - DAG(s) 'tutorial' retrieved from /Users/binhpham/Library/Python/3.9/lib/python/site-packages/airflow/example_dags/tutorial.py
[2024-09-18T17:04:42.702-0500] {logging_mixin.py:190} INFO - [2024-09-18T17:04:42.702-0500] {dag.py:3229} INFO - Sync 1 DAGs
[2024-09-18T17:04:42.713-0500] {logging_mixin.py:190} INFO - [2024-09-18T17:04:42.713-0500] {dag.py:4156} INFO - Setting next_dagrun for tutorial to 2024-09-17 00:00:00+00:00, run_after=2024-09-18 00:00:00+00:00
[2024-09-18T17:04:42.723-0500] {processor.py:208} INFO - Processing /Users/binhpham/Library/Python/3.9/lib/python/site-packages/airflow/example_dags/tutorial.py took 0.082 seconds
[2024-09-18T17:06:06.685-0500] {processor.py:186} INFO - Started process (PID=14737) to work on /Users/binhpham/Library/Python/3.9/lib/python/site-packages/airflow/example_dags/tutorial.py
[2024-09-18T17:06:06.687-0500] {processor.py:914} INFO - Processing file /Users/binhpham/Library/Python/3.9/lib/python/site-packages/airflow/example_dags/tutorial.py for tasks to queue
[2024-09-18T17:06:06.688-0500] {logging_mixin.py:190} INFO - [2024-09-18T17:06:06.688-0500] {dagbag.py:587} INFO - Filling up the DagBag from /Users/binhpham/Library/Python/3.9/lib/python/site-packages/airflow/example_dags/tutorial.py
[2024-09-18T17:06:06.692-0500] {processor.py:925} INFO - DAG(s) 'tutorial' retrieved from /Users/binhpham/Library/Python/3.9/lib/python/site-packages/airflow/example_dags/tutorial.py
[2024-09-18T17:06:06.751-0500] {logging_mixin.py:190} INFO - [2024-09-18T17:06:06.751-0500] {dag.py:3229} INFO - Sync 1 DAGs
[2024-09-18T17:06:06.764-0500] {logging_mixin.py:190} INFO - [2024-09-18T17:06:06.763-0500] {dag.py:4156} INFO - Setting next_dagrun for tutorial to 2024-09-17 00:00:00+00:00, run_after=2024-09-18 00:00:00+00:00
[2024-09-18T17:06:06.775-0500] {processor.py:208} INFO - Processing /Users/binhpham/Library/Python/3.9/lib/python/site-packages/airflow/example_dags/tutorial.py took 0.092 seconds
[2024-09-18T17:07:30.050-0500] {processor.py:186} INFO - Started process (PID=15055) to work on /Users/binhpham/Library/Python/3.9/lib/python/site-packages/airflow/example_dags/tutorial.py
[2024-09-18T17:07:30.052-0500] {processor.py:914} INFO - Processing file /Users/binhpham/Library/Python/3.9/lib/python/site-packages/airflow/example_dags/tutorial.py for tasks to queue
[2024-09-18T17:07:30.052-0500] {logging_mixin.py:190} INFO - [2024-09-18T17:07:30.052-0500] {dagbag.py:587} INFO - Filling up the DagBag from /Users/binhpham/Library/Python/3.9/lib/python/site-packages/airflow/example_dags/tutorial.py
[2024-09-18T17:07:30.056-0500] {processor.py:925} INFO - DAG(s) 'tutorial' retrieved from /Users/binhpham/Library/Python/3.9/lib/python/site-packages/airflow/example_dags/tutorial.py
[2024-09-18T17:07:30.112-0500] {logging_mixin.py:190} INFO - [2024-09-18T17:07:30.112-0500] {dag.py:3229} INFO - Sync 1 DAGs
[2024-09-18T17:07:30.124-0500] {logging_mixin.py:190} INFO - [2024-09-18T17:07:30.124-0500] {dag.py:4156} INFO - Setting next_dagrun for tutorial to 2024-09-17 00:00:00+00:00, run_after=2024-09-18 00:00:00+00:00
[2024-09-18T17:07:30.135-0500] {processor.py:208} INFO - Processing /Users/binhpham/Library/Python/3.9/lib/python/site-packages/airflow/example_dags/tutorial.py took 0.087 seconds
[2024-09-18T17:08:59.838-0500] {processor.py:186} INFO - Started process (PID=15362) to work on /Users/binhpham/Library/Python/3.9/lib/python/site-packages/airflow/example_dags/tutorial.py
[2024-09-18T17:08:59.840-0500] {processor.py:914} INFO - Processing file /Users/binhpham/Library/Python/3.9/lib/python/site-packages/airflow/example_dags/tutorial.py for tasks to queue
[2024-09-18T17:08:59.840-0500] {logging_mixin.py:190} INFO - [2024-09-18T17:08:59.840-0500] {dagbag.py:587} INFO - Filling up the DagBag from /Users/binhpham/Library/Python/3.9/lib/python/site-packages/airflow/example_dags/tutorial.py
[2024-09-18T17:08:59.844-0500] {processor.py:925} INFO - DAG(s) 'tutorial' retrieved from /Users/binhpham/Library/Python/3.9/lib/python/site-packages/airflow/example_dags/tutorial.py
[2024-09-18T17:08:59.900-0500] {logging_mixin.py:190} INFO - [2024-09-18T17:08:59.900-0500] {dag.py:3229} INFO - Sync 1 DAGs
[2024-09-18T17:08:59.912-0500] {logging_mixin.py:190} INFO - [2024-09-18T17:08:59.912-0500] {dag.py:4156} INFO - Setting next_dagrun for tutorial to 2024-09-17 00:00:00+00:00, run_after=2024-09-18 00:00:00+00:00
[2024-09-18T17:08:59.922-0500] {processor.py:208} INFO - Processing /Users/binhpham/Library/Python/3.9/lib/python/site-packages/airflow/example_dags/tutorial.py took 0.085 seconds
[2024-09-18T17:10:28.364-0500] {processor.py:186} INFO - Started process (PID=15666) to work on /Users/binhpham/Library/Python/3.9/lib/python/site-packages/airflow/example_dags/tutorial.py
[2024-09-18T17:10:28.366-0500] {processor.py:914} INFO - Processing file /Users/binhpham/Library/Python/3.9/lib/python/site-packages/airflow/example_dags/tutorial.py for tasks to queue
[2024-09-18T17:10:28.366-0500] {logging_mixin.py:190} INFO - [2024-09-18T17:10:28.366-0500] {dagbag.py:587} INFO - Filling up the DagBag from /Users/binhpham/Library/Python/3.9/lib/python/site-packages/airflow/example_dags/tutorial.py
[2024-09-18T17:10:28.370-0500] {processor.py:925} INFO - DAG(s) 'tutorial' retrieved from /Users/binhpham/Library/Python/3.9/lib/python/site-packages/airflow/example_dags/tutorial.py
[2024-09-18T17:10:28.428-0500] {logging_mixin.py:190} INFO - [2024-09-18T17:10:28.427-0500] {dag.py:3229} INFO - Sync 1 DAGs
[2024-09-18T17:10:28.441-0500] {logging_mixin.py:190} INFO - [2024-09-18T17:10:28.441-0500] {dag.py:4156} INFO - Setting next_dagrun for tutorial to 2024-09-17 00:00:00+00:00, run_after=2024-09-18 00:00:00+00:00
[2024-09-18T17:10:28.452-0500] {processor.py:208} INFO - Processing /Users/binhpham/Library/Python/3.9/lib/python/site-packages/airflow/example_dags/tutorial.py took 0.089 seconds
[2024-09-18T17:11:56.560-0500] {processor.py:186} INFO - Started process (PID=15986) to work on /Users/binhpham/Library/Python/3.9/lib/python/site-packages/airflow/example_dags/tutorial.py
[2024-09-18T17:11:56.561-0500] {processor.py:914} INFO - Processing file /Users/binhpham/Library/Python/3.9/lib/python/site-packages/airflow/example_dags/tutorial.py for tasks to queue
[2024-09-18T17:11:56.562-0500] {logging_mixin.py:190} INFO - [2024-09-18T17:11:56.562-0500] {dagbag.py:587} INFO - Filling up the DagBag from /Users/binhpham/Library/Python/3.9/lib/python/site-packages/airflow/example_dags/tutorial.py
[2024-09-18T17:11:56.566-0500] {processor.py:925} INFO - DAG(s) 'tutorial' retrieved from /Users/binhpham/Library/Python/3.9/lib/python/site-packages/airflow/example_dags/tutorial.py
[2024-09-18T17:11:56.622-0500] {logging_mixin.py:190} INFO - [2024-09-18T17:11:56.622-0500] {dag.py:3229} INFO - Sync 1 DAGs
[2024-09-18T17:11:56.634-0500] {logging_mixin.py:190} INFO - [2024-09-18T17:11:56.634-0500] {dag.py:4156} INFO - Setting next_dagrun for tutorial to 2024-09-17 00:00:00+00:00, run_after=2024-09-18 00:00:00+00:00
[2024-09-18T17:11:56.645-0500] {processor.py:208} INFO - Processing /Users/binhpham/Library/Python/3.9/lib/python/site-packages/airflow/example_dags/tutorial.py took 0.087 seconds
[2024-09-18T17:13:25.339-0500] {processor.py:186} INFO - Started process (PID=16313) to work on /Users/binhpham/Library/Python/3.9/lib/python/site-packages/airflow/example_dags/tutorial.py
[2024-09-18T17:13:25.341-0500] {processor.py:914} INFO - Processing file /Users/binhpham/Library/Python/3.9/lib/python/site-packages/airflow/example_dags/tutorial.py for tasks to queue
[2024-09-18T17:13:25.342-0500] {logging_mixin.py:190} INFO - [2024-09-18T17:13:25.342-0500] {dagbag.py:587} INFO - Filling up the DagBag from /Users/binhpham/Library/Python/3.9/lib/python/site-packages/airflow/example_dags/tutorial.py
[2024-09-18T17:13:25.346-0500] {processor.py:925} INFO - DAG(s) 'tutorial' retrieved from /Users/binhpham/Library/Python/3.9/lib/python/site-packages/airflow/example_dags/tutorial.py
[2024-09-18T17:13:25.403-0500] {logging_mixin.py:190} INFO - [2024-09-18T17:13:25.403-0500] {dag.py:3229} INFO - Sync 1 DAGs
[2024-09-18T17:13:25.415-0500] {logging_mixin.py:190} INFO - [2024-09-18T17:13:25.415-0500] {dag.py:4156} INFO - Setting next_dagrun for tutorial to 2024-09-17 00:00:00+00:00, run_after=2024-09-18 00:00:00+00:00
[2024-09-18T17:13:25.425-0500] {processor.py:208} INFO - Processing /Users/binhpham/Library/Python/3.9/lib/python/site-packages/airflow/example_dags/tutorial.py took 0.087 seconds
[2024-09-18T17:15:14.356-0500] {processor.py:186} INFO - Started process (PID=16804) to work on /Users/binhpham/Library/Python/3.9/lib/python/site-packages/airflow/example_dags/tutorial.py
[2024-09-18T17:15:14.358-0500] {processor.py:914} INFO - Processing file /Users/binhpham/Library/Python/3.9/lib/python/site-packages/airflow/example_dags/tutorial.py for tasks to queue
[2024-09-18T17:15:14.358-0500] {logging_mixin.py:190} INFO - [2024-09-18T17:15:14.358-0500] {dagbag.py:587} INFO - Filling up the DagBag from /Users/binhpham/Library/Python/3.9/lib/python/site-packages/airflow/example_dags/tutorial.py
[2024-09-18T17:15:14.362-0500] {processor.py:925} INFO - DAG(s) 'tutorial' retrieved from /Users/binhpham/Library/Python/3.9/lib/python/site-packages/airflow/example_dags/tutorial.py
[2024-09-18T17:15:14.417-0500] {logging_mixin.py:190} INFO - [2024-09-18T17:15:14.417-0500] {dag.py:3229} INFO - Sync 1 DAGs
[2024-09-18T17:15:14.429-0500] {logging_mixin.py:190} INFO - [2024-09-18T17:15:14.429-0500] {dag.py:4156} INFO - Setting next_dagrun for tutorial to 2024-09-17 00:00:00+00:00, run_after=2024-09-18 00:00:00+00:00
[2024-09-18T17:15:14.438-0500] {processor.py:208} INFO - Processing /Users/binhpham/Library/Python/3.9/lib/python/site-packages/airflow/example_dags/tutorial.py took 0.084 seconds
[2024-09-18T17:17:16.084-0500] {processor.py:186} INFO - Started process (PID=17274) to work on /Users/binhpham/Library/Python/3.9/lib/python/site-packages/airflow/example_dags/tutorial.py
[2024-09-18T17:17:16.087-0500] {processor.py:914} INFO - Processing file /Users/binhpham/Library/Python/3.9/lib/python/site-packages/airflow/example_dags/tutorial.py for tasks to queue
[2024-09-18T17:17:16.087-0500] {logging_mixin.py:190} INFO - [2024-09-18T17:17:16.087-0500] {dagbag.py:587} INFO - Filling up the DagBag from /Users/binhpham/Library/Python/3.9/lib/python/site-packages/airflow/example_dags/tutorial.py
[2024-09-18T17:17:16.092-0500] {processor.py:925} INFO - DAG(s) 'tutorial' retrieved from /Users/binhpham/Library/Python/3.9/lib/python/site-packages/airflow/example_dags/tutorial.py
[2024-09-18T17:17:16.146-0500] {logging_mixin.py:190} INFO - [2024-09-18T17:17:16.146-0500] {dag.py:3229} INFO - Sync 1 DAGs
[2024-09-18T17:17:16.157-0500] {logging_mixin.py:190} INFO - [2024-09-18T17:17:16.157-0500] {dag.py:4156} INFO - Setting next_dagrun for tutorial to 2024-09-17 00:00:00+00:00, run_after=2024-09-18 00:00:00+00:00
[2024-09-18T17:17:16.167-0500] {processor.py:208} INFO - Processing /Users/binhpham/Library/Python/3.9/lib/python/site-packages/airflow/example_dags/tutorial.py took 0.084 seconds
[2024-09-18T17:18:44.654-0500] {processor.py:186} INFO - Started process (PID=18148) to work on /Users/binhpham/Library/Python/3.9/lib/python/site-packages/airflow/example_dags/tutorial.py
[2024-09-18T17:18:44.657-0500] {processor.py:914} INFO - Processing file /Users/binhpham/Library/Python/3.9/lib/python/site-packages/airflow/example_dags/tutorial.py for tasks to queue
[2024-09-18T17:18:44.657-0500] {logging_mixin.py:190} INFO - [2024-09-18T17:18:44.657-0500] {dagbag.py:587} INFO - Filling up the DagBag from /Users/binhpham/Library/Python/3.9/lib/python/site-packages/airflow/example_dags/tutorial.py
[2024-09-18T17:18:44.662-0500] {processor.py:925} INFO - DAG(s) 'tutorial' retrieved from /Users/binhpham/Library/Python/3.9/lib/python/site-packages/airflow/example_dags/tutorial.py
[2024-09-18T17:18:44.721-0500] {logging_mixin.py:190} INFO - [2024-09-18T17:18:44.720-0500] {dag.py:3229} INFO - Sync 1 DAGs
[2024-09-18T17:18:44.734-0500] {logging_mixin.py:190} INFO - [2024-09-18T17:18:44.734-0500] {dag.py:4156} INFO - Setting next_dagrun for tutorial to 2024-09-17 00:00:00+00:00, run_after=2024-09-18 00:00:00+00:00
[2024-09-18T17:18:44.743-0500] {processor.py:208} INFO - Processing /Users/binhpham/Library/Python/3.9/lib/python/site-packages/airflow/example_dags/tutorial.py took 0.091 seconds
[2024-09-18T17:20:15.651-0500] {processor.py:186} INFO - Started process (PID=18446) to work on /Users/binhpham/Library/Python/3.9/lib/python/site-packages/airflow/example_dags/tutorial.py
[2024-09-18T17:20:15.653-0500] {processor.py:914} INFO - Processing file /Users/binhpham/Library/Python/3.9/lib/python/site-packages/airflow/example_dags/tutorial.py for tasks to queue
[2024-09-18T17:20:15.654-0500] {logging_mixin.py:190} INFO - [2024-09-18T17:20:15.654-0500] {dagbag.py:587} INFO - Filling up the DagBag from /Users/binhpham/Library/Python/3.9/lib/python/site-packages/airflow/example_dags/tutorial.py
[2024-09-18T17:20:15.658-0500] {processor.py:925} INFO - DAG(s) 'tutorial' retrieved from /Users/binhpham/Library/Python/3.9/lib/python/site-packages/airflow/example_dags/tutorial.py
[2024-09-18T17:20:15.713-0500] {logging_mixin.py:190} INFO - [2024-09-18T17:20:15.713-0500] {dag.py:3229} INFO - Sync 1 DAGs
[2024-09-18T17:20:15.726-0500] {logging_mixin.py:190} INFO - [2024-09-18T17:20:15.726-0500] {dag.py:4156} INFO - Setting next_dagrun for tutorial to 2024-09-17 00:00:00+00:00, run_after=2024-09-18 00:00:00+00:00
[2024-09-18T17:20:15.735-0500] {processor.py:208} INFO - Processing /Users/binhpham/Library/Python/3.9/lib/python/site-packages/airflow/example_dags/tutorial.py took 0.086 seconds
[2024-09-18T17:22:18.834-0500] {processor.py:186} INFO - Started process (PID=19496) to work on /Users/binhpham/Projects/dbt_project/venv/lib/python3.9/site-packages/airflow/example_dags/tutorial.py
[2024-09-18T17:22:18.837-0500] {processor.py:914} INFO - Processing file /Users/binhpham/Projects/dbt_project/venv/lib/python3.9/site-packages/airflow/example_dags/tutorial.py for tasks to queue
[2024-09-18T17:22:18.838-0500] {logging_mixin.py:190} INFO - [2024-09-18T17:22:18.838-0500] {dagbag.py:587} INFO - Filling up the DagBag from /Users/binhpham/Projects/dbt_project/venv/lib/python3.9/site-packages/airflow/example_dags/tutorial.py
[2024-09-18T17:22:18.843-0500] {processor.py:925} INFO - DAG(s) 'tutorial' retrieved from /Users/binhpham/Projects/dbt_project/venv/lib/python3.9/site-packages/airflow/example_dags/tutorial.py
[2024-09-18T17:22:18.948-0500] {logging_mixin.py:190} INFO - [2024-09-18T17:22:18.948-0500] {dag.py:3229} INFO - Sync 1 DAGs
[2024-09-18T17:22:18.959-0500] {logging_mixin.py:190} INFO - [2024-09-18T17:22:18.959-0500] {dag.py:4156} INFO - Setting next_dagrun for tutorial to 2024-09-17 00:00:00+00:00, run_after=2024-09-18 00:00:00+00:00
[2024-09-18T17:22:18.970-0500] {processor.py:208} INFO - Processing /Users/binhpham/Projects/dbt_project/venv/lib/python3.9/site-packages/airflow/example_dags/tutorial.py took 0.138 seconds
[2024-09-18T17:24:14.876-0500] {processor.py:186} INFO - Started process (PID=19921) to work on /Users/binhpham/Projects/dbt_project/venv/lib/python3.9/site-packages/airflow/example_dags/tutorial.py
[2024-09-18T17:24:14.879-0500] {processor.py:914} INFO - Processing file /Users/binhpham/Projects/dbt_project/venv/lib/python3.9/site-packages/airflow/example_dags/tutorial.py for tasks to queue
[2024-09-18T17:24:14.879-0500] {logging_mixin.py:190} INFO - [2024-09-18T17:24:14.879-0500] {dagbag.py:587} INFO - Filling up the DagBag from /Users/binhpham/Projects/dbt_project/venv/lib/python3.9/site-packages/airflow/example_dags/tutorial.py
[2024-09-18T17:24:14.884-0500] {processor.py:925} INFO - DAG(s) 'tutorial' retrieved from /Users/binhpham/Projects/dbt_project/venv/lib/python3.9/site-packages/airflow/example_dags/tutorial.py
[2024-09-18T17:24:14.943-0500] {logging_mixin.py:190} INFO - [2024-09-18T17:24:14.943-0500] {dag.py:3229} INFO - Sync 1 DAGs
[2024-09-18T17:24:14.957-0500] {logging_mixin.py:190} INFO - [2024-09-18T17:24:14.956-0500] {dag.py:4156} INFO - Setting next_dagrun for tutorial to 2024-09-17 00:00:00+00:00, run_after=2024-09-18 00:00:00+00:00
[2024-09-18T17:24:14.966-0500] {processor.py:208} INFO - Processing /Users/binhpham/Projects/dbt_project/venv/lib/python3.9/site-packages/airflow/example_dags/tutorial.py took 0.092 seconds
[2024-09-18T17:25:16.561-0500] {processor.py:186} INFO - Started process (PID=20170) to work on /Users/binhpham/Projects/dbt_project/venv/lib/python3.9/site-packages/airflow/example_dags/tutorial.py
[2024-09-18T17:25:16.562-0500] {processor.py:914} INFO - Processing file /Users/binhpham/Projects/dbt_project/venv/lib/python3.9/site-packages/airflow/example_dags/tutorial.py for tasks to queue
[2024-09-18T17:25:16.563-0500] {logging_mixin.py:190} INFO - [2024-09-18T17:25:16.562-0500] {dagbag.py:587} INFO - Filling up the DagBag from /Users/binhpham/Projects/dbt_project/venv/lib/python3.9/site-packages/airflow/example_dags/tutorial.py
[2024-09-18T17:25:16.566-0500] {processor.py:925} INFO - DAG(s) 'tutorial' retrieved from /Users/binhpham/Projects/dbt_project/venv/lib/python3.9/site-packages/airflow/example_dags/tutorial.py
[2024-09-18T17:25:16.624-0500] {logging_mixin.py:190} INFO - [2024-09-18T17:25:16.624-0500] {dag.py:3229} INFO - Sync 1 DAGs
[2024-09-18T17:25:16.637-0500] {logging_mixin.py:190} INFO - [2024-09-18T17:25:16.637-0500] {dag.py:4156} INFO - Setting next_dagrun for tutorial to 2024-09-17 00:00:00+00:00, run_after=2024-09-18 00:00:00+00:00
[2024-09-18T17:25:16.647-0500] {processor.py:208} INFO - Processing /Users/binhpham/Projects/dbt_project/venv/lib/python3.9/site-packages/airflow/example_dags/tutorial.py took 0.088 seconds
[2024-09-18T17:26:20.311-0500] {processor.py:186} INFO - Started process (PID=20402) to work on /Users/binhpham/Projects/dbt_project/venv/lib/python3.9/site-packages/airflow/example_dags/tutorial.py
[2024-09-18T17:26:20.313-0500] {processor.py:914} INFO - Processing file /Users/binhpham/Projects/dbt_project/venv/lib/python3.9/site-packages/airflow/example_dags/tutorial.py for tasks to queue
[2024-09-18T17:26:20.313-0500] {logging_mixin.py:190} INFO - [2024-09-18T17:26:20.313-0500] {dagbag.py:587} INFO - Filling up the DagBag from /Users/binhpham/Projects/dbt_project/venv/lib/python3.9/site-packages/airflow/example_dags/tutorial.py
[2024-09-18T17:26:20.317-0500] {processor.py:925} INFO - DAG(s) 'tutorial' retrieved from /Users/binhpham/Projects/dbt_project/venv/lib/python3.9/site-packages/airflow/example_dags/tutorial.py
[2024-09-18T17:26:20.373-0500] {logging_mixin.py:190} INFO - [2024-09-18T17:26:20.373-0500] {dag.py:3229} INFO - Sync 1 DAGs
[2024-09-18T17:26:20.385-0500] {logging_mixin.py:190} INFO - [2024-09-18T17:26:20.385-0500] {dag.py:4156} INFO - Setting next_dagrun for tutorial to 2024-09-17 00:00:00+00:00, run_after=2024-09-18 00:00:00+00:00
[2024-09-18T17:26:20.394-0500] {processor.py:208} INFO - Processing /Users/binhpham/Projects/dbt_project/venv/lib/python3.9/site-packages/airflow/example_dags/tutorial.py took 0.084 seconds
[2024-09-18T17:28:45.728-0500] {processor.py:186} INFO - Started process (PID=21062) to work on /Users/binhpham/Projects/dbt_project/venv/lib/python3.9/site-packages/airflow/example_dags/tutorial.py
[2024-09-18T17:28:45.731-0500] {processor.py:914} INFO - Processing file /Users/binhpham/Projects/dbt_project/venv/lib/python3.9/site-packages/airflow/example_dags/tutorial.py for tasks to queue
[2024-09-18T17:28:45.731-0500] {logging_mixin.py:190} INFO - [2024-09-18T17:28:45.731-0500] {dagbag.py:587} INFO - Filling up the DagBag from /Users/binhpham/Projects/dbt_project/venv/lib/python3.9/site-packages/airflow/example_dags/tutorial.py
[2024-09-18T17:28:45.735-0500] {processor.py:925} INFO - DAG(s) 'tutorial' retrieved from /Users/binhpham/Projects/dbt_project/venv/lib/python3.9/site-packages/airflow/example_dags/tutorial.py
[2024-09-18T17:28:45.789-0500] {logging_mixin.py:190} INFO - [2024-09-18T17:28:45.789-0500] {dag.py:3229} INFO - Sync 1 DAGs
[2024-09-18T17:28:45.801-0500] {logging_mixin.py:190} INFO - [2024-09-18T17:28:45.801-0500] {dag.py:4156} INFO - Setting next_dagrun for tutorial to 2024-09-17 00:00:00+00:00, run_after=2024-09-18 00:00:00+00:00
[2024-09-18T17:28:45.810-0500] {processor.py:208} INFO - Processing /Users/binhpham/Projects/dbt_project/venv/lib/python3.9/site-packages/airflow/example_dags/tutorial.py took 0.083 seconds
[2024-09-18T17:30:43.471-0500] {processor.py:186} INFO - Started process (PID=22073) to work on /Users/binhpham/Projects/dbt_project/venv/lib/python3.9/site-packages/airflow/example_dags/tutorial.py
[2024-09-18T17:30:43.473-0500] {processor.py:914} INFO - Processing file /Users/binhpham/Projects/dbt_project/venv/lib/python3.9/site-packages/airflow/example_dags/tutorial.py for tasks to queue
[2024-09-18T17:30:43.473-0500] {logging_mixin.py:190} INFO - [2024-09-18T17:30:43.473-0500] {dagbag.py:587} INFO - Filling up the DagBag from /Users/binhpham/Projects/dbt_project/venv/lib/python3.9/site-packages/airflow/example_dags/tutorial.py
[2024-09-18T17:30:43.477-0500] {processor.py:925} INFO - DAG(s) 'tutorial' retrieved from /Users/binhpham/Projects/dbt_project/venv/lib/python3.9/site-packages/airflow/example_dags/tutorial.py
[2024-09-18T17:30:43.533-0500] {logging_mixin.py:190} INFO - [2024-09-18T17:30:43.533-0500] {dag.py:3229} INFO - Sync 1 DAGs
[2024-09-18T17:30:43.545-0500] {logging_mixin.py:190} INFO - [2024-09-18T17:30:43.545-0500] {dag.py:4156} INFO - Setting next_dagrun for tutorial to 2024-09-17 00:00:00+00:00, run_after=2024-09-18 00:00:00+00:00
[2024-09-18T17:30:43.554-0500] {processor.py:208} INFO - Processing /Users/binhpham/Projects/dbt_project/venv/lib/python3.9/site-packages/airflow/example_dags/tutorial.py took 0.085 seconds
[2024-09-18T17:32:07.099-0500] {processor.py:186} INFO - Started process (PID=22711) to work on /Users/binhpham/Projects/dbt_project/venv/lib/python3.9/site-packages/airflow/example_dags/tutorial.py
[2024-09-18T17:32:07.102-0500] {processor.py:914} INFO - Processing file /Users/binhpham/Projects/dbt_project/venv/lib/python3.9/site-packages/airflow/example_dags/tutorial.py for tasks to queue
[2024-09-18T17:32:07.102-0500] {logging_mixin.py:190} INFO - [2024-09-18T17:32:07.102-0500] {dagbag.py:587} INFO - Filling up the DagBag from /Users/binhpham/Projects/dbt_project/venv/lib/python3.9/site-packages/airflow/example_dags/tutorial.py
[2024-09-18T17:32:07.107-0500] {processor.py:925} INFO - DAG(s) 'tutorial' retrieved from /Users/binhpham/Projects/dbt_project/venv/lib/python3.9/site-packages/airflow/example_dags/tutorial.py
[2024-09-18T17:32:07.163-0500] {logging_mixin.py:190} INFO - [2024-09-18T17:32:07.163-0500] {dag.py:3229} INFO - Sync 1 DAGs
[2024-09-18T17:32:07.176-0500] {logging_mixin.py:190} INFO - [2024-09-18T17:32:07.176-0500] {dag.py:4156} INFO - Setting next_dagrun for tutorial to 2024-09-17 00:00:00+00:00, run_after=2024-09-18 00:00:00+00:00
[2024-09-18T17:32:07.187-0500] {processor.py:208} INFO - Processing /Users/binhpham/Projects/dbt_project/venv/lib/python3.9/site-packages/airflow/example_dags/tutorial.py took 0.089 seconds
[2024-09-18T17:33:35.125-0500] {processor.py:186} INFO - Started process (PID=23038) to work on /Users/binhpham/Projects/dbt_project/venv/lib/python3.9/site-packages/airflow/example_dags/tutorial.py
[2024-09-18T17:33:35.128-0500] {processor.py:914} INFO - Processing file /Users/binhpham/Projects/dbt_project/venv/lib/python3.9/site-packages/airflow/example_dags/tutorial.py for tasks to queue
[2024-09-18T17:33:35.128-0500] {logging_mixin.py:190} INFO - [2024-09-18T17:33:35.128-0500] {dagbag.py:587} INFO - Filling up the DagBag from /Users/binhpham/Projects/dbt_project/venv/lib/python3.9/site-packages/airflow/example_dags/tutorial.py
[2024-09-18T17:33:35.132-0500] {processor.py:925} INFO - DAG(s) 'tutorial' retrieved from /Users/binhpham/Projects/dbt_project/venv/lib/python3.9/site-packages/airflow/example_dags/tutorial.py
[2024-09-18T17:33:35.187-0500] {logging_mixin.py:190} INFO - [2024-09-18T17:33:35.187-0500] {dag.py:3229} INFO - Sync 1 DAGs
[2024-09-18T17:33:35.200-0500] {logging_mixin.py:190} INFO - [2024-09-18T17:33:35.200-0500] {dag.py:4156} INFO - Setting next_dagrun for tutorial to 2024-09-17 00:00:00+00:00, run_after=2024-09-18 00:00:00+00:00
[2024-09-18T17:33:35.209-0500] {processor.py:208} INFO - Processing /Users/binhpham/Projects/dbt_project/venv/lib/python3.9/site-packages/airflow/example_dags/tutorial.py took 0.085 seconds
[2024-09-18T17:34:32.178-0500] {processor.py:186} INFO - Started process (PID=23244) to work on /Users/binhpham/Projects/dbt_project/venv/lib/python3.9/site-packages/airflow/example_dags/tutorial.py
[2024-09-18T17:34:32.180-0500] {processor.py:914} INFO - Processing file /Users/binhpham/Projects/dbt_project/venv/lib/python3.9/site-packages/airflow/example_dags/tutorial.py for tasks to queue
[2024-09-18T17:34:32.181-0500] {logging_mixin.py:190} INFO - [2024-09-18T17:34:32.181-0500] {dagbag.py:587} INFO - Filling up the DagBag from /Users/binhpham/Projects/dbt_project/venv/lib/python3.9/site-packages/airflow/example_dags/tutorial.py
[2024-09-18T17:34:32.185-0500] {processor.py:925} INFO - DAG(s) 'tutorial' retrieved from /Users/binhpham/Projects/dbt_project/venv/lib/python3.9/site-packages/airflow/example_dags/tutorial.py
[2024-09-18T17:34:32.240-0500] {logging_mixin.py:190} INFO - [2024-09-18T17:34:32.240-0500] {dag.py:3229} INFO - Sync 1 DAGs
[2024-09-18T17:34:32.253-0500] {logging_mixin.py:190} INFO - [2024-09-18T17:34:32.252-0500] {dag.py:4156} INFO - Setting next_dagrun for tutorial to 2024-09-17 00:00:00+00:00, run_after=2024-09-18 00:00:00+00:00
[2024-09-18T17:34:32.261-0500] {processor.py:208} INFO - Processing /Users/binhpham/Projects/dbt_project/venv/lib/python3.9/site-packages/airflow/example_dags/tutorial.py took 0.085 seconds
[2024-09-18T17:36:30.737-0500] {processor.py:186} INFO - Started process (PID=23877) to work on /Users/binhpham/Projects/dbt_project/venv/lib/python3.9/site-packages/airflow/example_dags/tutorial.py
[2024-09-18T17:36:30.739-0500] {processor.py:914} INFO - Processing file /Users/binhpham/Projects/dbt_project/venv/lib/python3.9/site-packages/airflow/example_dags/tutorial.py for tasks to queue
[2024-09-18T17:36:30.739-0500] {logging_mixin.py:190} INFO - [2024-09-18T17:36:30.739-0500] {dagbag.py:587} INFO - Filling up the DagBag from /Users/binhpham/Projects/dbt_project/venv/lib/python3.9/site-packages/airflow/example_dags/tutorial.py
[2024-09-18T17:36:30.743-0500] {processor.py:925} INFO - DAG(s) 'tutorial' retrieved from /Users/binhpham/Projects/dbt_project/venv/lib/python3.9/site-packages/airflow/example_dags/tutorial.py
[2024-09-18T17:36:30.802-0500] {logging_mixin.py:190} INFO - [2024-09-18T17:36:30.802-0500] {dag.py:3229} INFO - Sync 1 DAGs
[2024-09-18T17:36:30.815-0500] {logging_mixin.py:190} INFO - [2024-09-18T17:36:30.815-0500] {dag.py:4156} INFO - Setting next_dagrun for tutorial to 2024-09-17 00:00:00+00:00, run_after=2024-09-18 00:00:00+00:00
[2024-09-18T17:36:30.825-0500] {processor.py:208} INFO - Processing /Users/binhpham/Projects/dbt_project/venv/lib/python3.9/site-packages/airflow/example_dags/tutorial.py took 0.090 seconds
[2024-09-18T17:37:53.961-0500] {processor.py:186} INFO - Started process (PID=24140) to work on /Users/binhpham/Projects/dbt_project/venv/lib/python3.9/site-packages/airflow/example_dags/tutorial.py
[2024-09-18T17:37:53.962-0500] {processor.py:914} INFO - Processing file /Users/binhpham/Projects/dbt_project/venv/lib/python3.9/site-packages/airflow/example_dags/tutorial.py for tasks to queue
[2024-09-18T17:37:53.963-0500] {logging_mixin.py:190} INFO - [2024-09-18T17:37:53.963-0500] {dagbag.py:587} INFO - Filling up the DagBag from /Users/binhpham/Projects/dbt_project/venv/lib/python3.9/site-packages/airflow/example_dags/tutorial.py
[2024-09-18T17:37:53.967-0500] {processor.py:925} INFO - DAG(s) 'tutorial' retrieved from /Users/binhpham/Projects/dbt_project/venv/lib/python3.9/site-packages/airflow/example_dags/tutorial.py
[2024-09-18T17:37:54.021-0500] {logging_mixin.py:190} INFO - [2024-09-18T17:37:54.021-0500] {dag.py:3229} INFO - Sync 1 DAGs
[2024-09-18T17:37:54.033-0500] {logging_mixin.py:190} INFO - [2024-09-18T17:37:54.033-0500] {dag.py:4156} INFO - Setting next_dagrun for tutorial to 2024-09-17 00:00:00+00:00, run_after=2024-09-18 00:00:00+00:00
[2024-09-18T17:37:54.043-0500] {processor.py:208} INFO - Processing /Users/binhpham/Projects/dbt_project/venv/lib/python3.9/site-packages/airflow/example_dags/tutorial.py took 0.083 seconds
[2024-09-18T17:39:16.972-0500] {processor.py:186} INFO - Started process (PID=24409) to work on /Users/binhpham/Projects/dbt_project/venv/lib/python3.9/site-packages/airflow/example_dags/tutorial.py
[2024-09-18T17:39:16.975-0500] {processor.py:914} INFO - Processing file /Users/binhpham/Projects/dbt_project/venv/lib/python3.9/site-packages/airflow/example_dags/tutorial.py for tasks to queue
[2024-09-18T17:39:16.975-0500] {logging_mixin.py:190} INFO - [2024-09-18T17:39:16.975-0500] {dagbag.py:587} INFO - Filling up the DagBag from /Users/binhpham/Projects/dbt_project/venv/lib/python3.9/site-packages/airflow/example_dags/tutorial.py
[2024-09-18T17:39:16.980-0500] {processor.py:925} INFO - DAG(s) 'tutorial' retrieved from /Users/binhpham/Projects/dbt_project/venv/lib/python3.9/site-packages/airflow/example_dags/tutorial.py
[2024-09-18T17:39:17.038-0500] {logging_mixin.py:190} INFO - [2024-09-18T17:39:17.038-0500] {dag.py:3229} INFO - Sync 1 DAGs
[2024-09-18T17:39:17.053-0500] {logging_mixin.py:190} INFO - [2024-09-18T17:39:17.053-0500] {dag.py:4156} INFO - Setting next_dagrun for tutorial to 2024-09-17 00:00:00+00:00, run_after=2024-09-18 00:00:00+00:00
[2024-09-18T17:39:17.063-0500] {processor.py:208} INFO - Processing /Users/binhpham/Projects/dbt_project/venv/lib/python3.9/site-packages/airflow/example_dags/tutorial.py took 0.092 seconds
[2024-09-18T17:40:42.909-0500] {processor.py:186} INFO - Started process (PID=24674) to work on /Users/binhpham/Projects/dbt_project/venv/lib/python3.9/site-packages/airflow/example_dags/tutorial.py
[2024-09-18T17:40:42.912-0500] {processor.py:914} INFO - Processing file /Users/binhpham/Projects/dbt_project/venv/lib/python3.9/site-packages/airflow/example_dags/tutorial.py for tasks to queue
[2024-09-18T17:40:42.912-0500] {logging_mixin.py:190} INFO - [2024-09-18T17:40:42.912-0500] {dagbag.py:587} INFO - Filling up the DagBag from /Users/binhpham/Projects/dbt_project/venv/lib/python3.9/site-packages/airflow/example_dags/tutorial.py
[2024-09-18T17:40:42.916-0500] {processor.py:925} INFO - DAG(s) 'tutorial' retrieved from /Users/binhpham/Projects/dbt_project/venv/lib/python3.9/site-packages/airflow/example_dags/tutorial.py
[2024-09-18T17:40:42.970-0500] {logging_mixin.py:190} INFO - [2024-09-18T17:40:42.970-0500] {dag.py:3229} INFO - Sync 1 DAGs
[2024-09-18T17:40:42.983-0500] {logging_mixin.py:190} INFO - [2024-09-18T17:40:42.983-0500] {dag.py:4156} INFO - Setting next_dagrun for tutorial to 2024-09-17 00:00:00+00:00, run_after=2024-09-18 00:00:00+00:00
[2024-09-18T17:40:42.992-0500] {processor.py:208} INFO - Processing /Users/binhpham/Projects/dbt_project/venv/lib/python3.9/site-packages/airflow/example_dags/tutorial.py took 0.084 seconds
[2024-09-18T17:42:09.138-0500] {processor.py:186} INFO - Started process (PID=24951) to work on /Users/binhpham/Projects/dbt_project/venv/lib/python3.9/site-packages/airflow/example_dags/tutorial.py
[2024-09-18T17:42:09.141-0500] {processor.py:914} INFO - Processing file /Users/binhpham/Projects/dbt_project/venv/lib/python3.9/site-packages/airflow/example_dags/tutorial.py for tasks to queue
[2024-09-18T17:42:09.141-0500] {logging_mixin.py:190} INFO - [2024-09-18T17:42:09.141-0500] {dagbag.py:587} INFO - Filling up the DagBag from /Users/binhpham/Projects/dbt_project/venv/lib/python3.9/site-packages/airflow/example_dags/tutorial.py
[2024-09-18T17:42:09.146-0500] {processor.py:925} INFO - DAG(s) 'tutorial' retrieved from /Users/binhpham/Projects/dbt_project/venv/lib/python3.9/site-packages/airflow/example_dags/tutorial.py
[2024-09-18T17:42:09.203-0500] {logging_mixin.py:190} INFO - [2024-09-18T17:42:09.203-0500] {dag.py:3229} INFO - Sync 1 DAGs
[2024-09-18T17:42:09.215-0500] {logging_mixin.py:190} INFO - [2024-09-18T17:42:09.215-0500] {dag.py:4156} INFO - Setting next_dagrun for tutorial to 2024-09-17 00:00:00+00:00, run_after=2024-09-18 00:00:00+00:00
[2024-09-18T17:42:09.224-0500] {processor.py:208} INFO - Processing /Users/binhpham/Projects/dbt_project/venv/lib/python3.9/site-packages/airflow/example_dags/tutorial.py took 0.087 seconds
[2024-09-18T17:43:33.949-0500] {processor.py:186} INFO - Started process (PID=25237) to work on /Users/binhpham/Projects/dbt_project/venv/lib/python3.9/site-packages/airflow/example_dags/tutorial.py
[2024-09-18T17:43:33.951-0500] {processor.py:914} INFO - Processing file /Users/binhpham/Projects/dbt_project/venv/lib/python3.9/site-packages/airflow/example_dags/tutorial.py for tasks to queue
[2024-09-18T17:43:33.951-0500] {logging_mixin.py:190} INFO - [2024-09-18T17:43:33.951-0500] {dagbag.py:587} INFO - Filling up the DagBag from /Users/binhpham/Projects/dbt_project/venv/lib/python3.9/site-packages/airflow/example_dags/tutorial.py
[2024-09-18T17:43:33.956-0500] {processor.py:925} INFO - DAG(s) 'tutorial' retrieved from /Users/binhpham/Projects/dbt_project/venv/lib/python3.9/site-packages/airflow/example_dags/tutorial.py
[2024-09-18T17:43:34.012-0500] {logging_mixin.py:190} INFO - [2024-09-18T17:43:34.012-0500] {dag.py:3229} INFO - Sync 1 DAGs
[2024-09-18T17:43:34.025-0500] {logging_mixin.py:190} INFO - [2024-09-18T17:43:34.025-0500] {dag.py:4156} INFO - Setting next_dagrun for tutorial to 2024-09-17 00:00:00+00:00, run_after=2024-09-18 00:00:00+00:00
[2024-09-18T17:43:34.034-0500] {processor.py:208} INFO - Processing /Users/binhpham/Projects/dbt_project/venv/lib/python3.9/site-packages/airflow/example_dags/tutorial.py took 0.087 seconds
[2024-09-18T17:44:58.764-0500] {processor.py:186} INFO - Started process (PID=25529) to work on /Users/binhpham/Projects/dbt_project/venv/lib/python3.9/site-packages/airflow/example_dags/tutorial.py
[2024-09-18T17:44:58.767-0500] {processor.py:914} INFO - Processing file /Users/binhpham/Projects/dbt_project/venv/lib/python3.9/site-packages/airflow/example_dags/tutorial.py for tasks to queue
[2024-09-18T17:44:58.767-0500] {logging_mixin.py:190} INFO - [2024-09-18T17:44:58.767-0500] {dagbag.py:587} INFO - Filling up the DagBag from /Users/binhpham/Projects/dbt_project/venv/lib/python3.9/site-packages/airflow/example_dags/tutorial.py
[2024-09-18T17:44:58.772-0500] {processor.py:925} INFO - DAG(s) 'tutorial' retrieved from /Users/binhpham/Projects/dbt_project/venv/lib/python3.9/site-packages/airflow/example_dags/tutorial.py
[2024-09-18T17:44:58.832-0500] {logging_mixin.py:190} INFO - [2024-09-18T17:44:58.832-0500] {dag.py:3229} INFO - Sync 1 DAGs
[2024-09-18T17:44:58.845-0500] {logging_mixin.py:190} INFO - [2024-09-18T17:44:58.845-0500] {dag.py:4156} INFO - Setting next_dagrun for tutorial to 2024-09-17 00:00:00+00:00, run_after=2024-09-18 00:00:00+00:00
[2024-09-18T17:44:58.855-0500] {processor.py:208} INFO - Processing /Users/binhpham/Projects/dbt_project/venv/lib/python3.9/site-packages/airflow/example_dags/tutorial.py took 0.092 seconds
