[2024-09-18T16:51:40.213-0500] {processor.py:186} INFO - Started process (PID=11715) to work on /Users/binhpham/Library/Python/3.9/lib/python/site-packages/airflow/example_dags/tutorial_taskflow_api_virtualenv.py
[2024-09-18T16:51:40.215-0500] {processor.py:914} INFO - Processing file /Users/binhpham/Library/Python/3.9/lib/python/site-packages/airflow/example_dags/tutorial_taskflow_api_virtualenv.py for tasks to queue
[2024-09-18T16:51:40.216-0500] {logging_mixin.py:190} INFO - [2024-09-18T16:51:40.216-0500] {dagbag.py:587} INFO - Filling up the DagBag from /Users/binhpham/Library/Python/3.9/lib/python/site-packages/airflow/example_dags/tutorial_taskflow_api_virtualenv.py
[2024-09-18T16:51:40.236-0500] {processor.py:925} INFO - DAG(s) 'tutorial_taskflow_api_virtualenv' retrieved from /Users/binhpham/Library/Python/3.9/lib/python/site-packages/airflow/example_dags/tutorial_taskflow_api_virtualenv.py
[2024-09-18T16:51:40.335-0500] {logging_mixin.py:190} INFO - [2024-09-18T16:51:40.334-0500] {override.py:1900} INFO - Created Permission View: can edit on DAG:tutorial_taskflow_api_virtualenv
[2024-09-18T16:51:40.339-0500] {logging_mixin.py:190} INFO - [2024-09-18T16:51:40.339-0500] {override.py:1900} INFO - Created Permission View: can read on DAG:tutorial_taskflow_api_virtualenv
[2024-09-18T16:51:40.342-0500] {logging_mixin.py:190} INFO - [2024-09-18T16:51:40.341-0500] {override.py:1900} INFO - Created Permission View: can delete on DAG:tutorial_taskflow_api_virtualenv
[2024-09-18T16:51:40.345-0500] {logging_mixin.py:190} INFO - [2024-09-18T16:51:40.345-0500] {override.py:1900} INFO - Created Permission View: can read on DAG Run:tutorial_taskflow_api_virtualenv
[2024-09-18T16:51:40.348-0500] {logging_mixin.py:190} INFO - [2024-09-18T16:51:40.348-0500] {override.py:1900} INFO - Created Permission View: can delete on DAG Run:tutorial_taskflow_api_virtualenv
[2024-09-18T16:51:40.350-0500] {logging_mixin.py:190} INFO - [2024-09-18T16:51:40.350-0500] {override.py:1900} INFO - Created Permission View: can create on DAG Run:tutorial_taskflow_api_virtualenv
[2024-09-18T16:51:40.353-0500] {logging_mixin.py:190} INFO - [2024-09-18T16:51:40.353-0500] {override.py:1900} INFO - Created Permission View: menu access on DAG Run:tutorial_taskflow_api_virtualenv
[2024-09-18T16:51:40.353-0500] {logging_mixin.py:190} INFO - [2024-09-18T16:51:40.353-0500] {dag.py:3229} INFO - Sync 1 DAGs
[2024-09-18T16:51:40.393-0500] {logging_mixin.py:190} INFO - [2024-09-18T16:51:40.393-0500] {dag.py:3252} INFO - Creating ORM DAG for tutorial_taskflow_api_virtualenv
[2024-09-18T16:51:40.393-0500] {logging_mixin.py:190} INFO - [2024-09-18T16:51:40.393-0500] {dag.py:4156} INFO - Setting next_dagrun for tutorial_taskflow_api_virtualenv to None, run_after=None
[2024-09-18T16:51:40.402-0500] {processor.py:208} INFO - Processing /Users/binhpham/Library/Python/3.9/lib/python/site-packages/airflow/example_dags/tutorial_taskflow_api_virtualenv.py took 0.190 seconds
[2024-09-18T16:53:40.513-0500] {processor.py:186} INFO - Started process (PID=12194) to work on /Users/binhpham/Library/Python/3.9/lib/python/site-packages/airflow/example_dags/tutorial_taskflow_api_virtualenv.py
[2024-09-18T16:53:40.515-0500] {processor.py:914} INFO - Processing file /Users/binhpham/Library/Python/3.9/lib/python/site-packages/airflow/example_dags/tutorial_taskflow_api_virtualenv.py for tasks to queue
[2024-09-18T16:53:40.516-0500] {logging_mixin.py:190} INFO - [2024-09-18T16:53:40.516-0500] {dagbag.py:587} INFO - Filling up the DagBag from /Users/binhpham/Library/Python/3.9/lib/python/site-packages/airflow/example_dags/tutorial_taskflow_api_virtualenv.py
[2024-09-18T16:53:40.538-0500] {processor.py:925} INFO - DAG(s) 'tutorial_taskflow_api_virtualenv' retrieved from /Users/binhpham/Library/Python/3.9/lib/python/site-packages/airflow/example_dags/tutorial_taskflow_api_virtualenv.py
[2024-09-18T16:53:40.637-0500] {logging_mixin.py:190} INFO - [2024-09-18T16:53:40.637-0500] {dag.py:3229} INFO - Sync 1 DAGs
[2024-09-18T16:53:40.643-0500] {logging_mixin.py:190} INFO - [2024-09-18T16:53:40.643-0500] {dag.py:4156} INFO - Setting next_dagrun for tutorial_taskflow_api_virtualenv to None, run_after=None
[2024-09-18T16:53:40.686-0500] {processor.py:208} INFO - Processing /Users/binhpham/Library/Python/3.9/lib/python/site-packages/airflow/example_dags/tutorial_taskflow_api_virtualenv.py took 0.175 seconds
[2024-09-18T16:56:41.376-0500] {processor.py:186} INFO - Started process (PID=12810) to work on /Users/binhpham/Library/Python/3.9/lib/python/site-packages/airflow/example_dags/tutorial_taskflow_api_virtualenv.py
[2024-09-18T16:56:41.379-0500] {processor.py:914} INFO - Processing file /Users/binhpham/Library/Python/3.9/lib/python/site-packages/airflow/example_dags/tutorial_taskflow_api_virtualenv.py for tasks to queue
[2024-09-18T16:56:41.379-0500] {logging_mixin.py:190} INFO - [2024-09-18T16:56:41.379-0500] {dagbag.py:587} INFO - Filling up the DagBag from /Users/binhpham/Library/Python/3.9/lib/python/site-packages/airflow/example_dags/tutorial_taskflow_api_virtualenv.py
[2024-09-18T16:56:41.400-0500] {processor.py:925} INFO - DAG(s) 'tutorial_taskflow_api_virtualenv' retrieved from /Users/binhpham/Library/Python/3.9/lib/python/site-packages/airflow/example_dags/tutorial_taskflow_api_virtualenv.py
[2024-09-18T16:56:41.508-0500] {logging_mixin.py:190} INFO - [2024-09-18T16:56:41.508-0500] {dag.py:3229} INFO - Sync 1 DAGs
[2024-09-18T16:56:41.514-0500] {logging_mixin.py:190} INFO - [2024-09-18T16:56:41.514-0500] {dag.py:4156} INFO - Setting next_dagrun for tutorial_taskflow_api_virtualenv to None, run_after=None
[2024-09-18T16:56:41.560-0500] {processor.py:208} INFO - Processing /Users/binhpham/Library/Python/3.9/lib/python/site-packages/airflow/example_dags/tutorial_taskflow_api_virtualenv.py took 0.185 seconds
[2024-09-18T16:58:42.840-0500] {processor.py:186} INFO - Started process (PID=13212) to work on /Users/binhpham/Library/Python/3.9/lib/python/site-packages/airflow/example_dags/tutorial_taskflow_api_virtualenv.py
[2024-09-18T16:58:42.842-0500] {processor.py:914} INFO - Processing file /Users/binhpham/Library/Python/3.9/lib/python/site-packages/airflow/example_dags/tutorial_taskflow_api_virtualenv.py for tasks to queue
[2024-09-18T16:58:42.843-0500] {logging_mixin.py:190} INFO - [2024-09-18T16:58:42.843-0500] {dagbag.py:587} INFO - Filling up the DagBag from /Users/binhpham/Library/Python/3.9/lib/python/site-packages/airflow/example_dags/tutorial_taskflow_api_virtualenv.py
[2024-09-18T16:58:42.862-0500] {processor.py:925} INFO - DAG(s) 'tutorial_taskflow_api_virtualenv' retrieved from /Users/binhpham/Library/Python/3.9/lib/python/site-packages/airflow/example_dags/tutorial_taskflow_api_virtualenv.py
[2024-09-18T16:58:42.961-0500] {logging_mixin.py:190} INFO - [2024-09-18T16:58:42.961-0500] {dag.py:3229} INFO - Sync 1 DAGs
[2024-09-18T16:58:42.967-0500] {logging_mixin.py:190} INFO - [2024-09-18T16:58:42.967-0500] {dag.py:4156} INFO - Setting next_dagrun for tutorial_taskflow_api_virtualenv to None, run_after=None
[2024-09-18T16:58:43.011-0500] {processor.py:208} INFO - Processing /Users/binhpham/Library/Python/3.9/lib/python/site-packages/airflow/example_dags/tutorial_taskflow_api_virtualenv.py took 0.173 seconds
[2024-09-18T17:00:13.569-0500] {processor.py:186} INFO - Started process (PID=13509) to work on /Users/binhpham/Library/Python/3.9/lib/python/site-packages/airflow/example_dags/tutorial_taskflow_api_virtualenv.py
[2024-09-18T17:00:13.571-0500] {processor.py:914} INFO - Processing file /Users/binhpham/Library/Python/3.9/lib/python/site-packages/airflow/example_dags/tutorial_taskflow_api_virtualenv.py for tasks to queue
[2024-09-18T17:00:13.571-0500] {logging_mixin.py:190} INFO - [2024-09-18T17:00:13.571-0500] {dagbag.py:587} INFO - Filling up the DagBag from /Users/binhpham/Library/Python/3.9/lib/python/site-packages/airflow/example_dags/tutorial_taskflow_api_virtualenv.py
[2024-09-18T17:00:13.593-0500] {processor.py:925} INFO - DAG(s) 'tutorial_taskflow_api_virtualenv' retrieved from /Users/binhpham/Library/Python/3.9/lib/python/site-packages/airflow/example_dags/tutorial_taskflow_api_virtualenv.py
[2024-09-18T17:00:13.700-0500] {logging_mixin.py:190} INFO - [2024-09-18T17:00:13.700-0500] {dag.py:3229} INFO - Sync 1 DAGs
[2024-09-18T17:00:13.706-0500] {logging_mixin.py:190} INFO - [2024-09-18T17:00:13.706-0500] {dag.py:4156} INFO - Setting next_dagrun for tutorial_taskflow_api_virtualenv to None, run_after=None
[2024-09-18T17:00:13.750-0500] {processor.py:208} INFO - Processing /Users/binhpham/Library/Python/3.9/lib/python/site-packages/airflow/example_dags/tutorial_taskflow_api_virtualenv.py took 0.182 seconds
[2024-09-18T17:01:40.352-0500] {processor.py:186} INFO - Started process (PID=13795) to work on /Users/binhpham/Library/Python/3.9/lib/python/site-packages/airflow/example_dags/tutorial_taskflow_api_virtualenv.py
[2024-09-18T17:01:40.353-0500] {processor.py:914} INFO - Processing file /Users/binhpham/Library/Python/3.9/lib/python/site-packages/airflow/example_dags/tutorial_taskflow_api_virtualenv.py for tasks to queue
[2024-09-18T17:01:40.354-0500] {logging_mixin.py:190} INFO - [2024-09-18T17:01:40.354-0500] {dagbag.py:587} INFO - Filling up the DagBag from /Users/binhpham/Library/Python/3.9/lib/python/site-packages/airflow/example_dags/tutorial_taskflow_api_virtualenv.py
[2024-09-18T17:01:40.373-0500] {processor.py:925} INFO - DAG(s) 'tutorial_taskflow_api_virtualenv' retrieved from /Users/binhpham/Library/Python/3.9/lib/python/site-packages/airflow/example_dags/tutorial_taskflow_api_virtualenv.py
[2024-09-18T17:01:40.472-0500] {logging_mixin.py:190} INFO - [2024-09-18T17:01:40.472-0500] {dag.py:3229} INFO - Sync 1 DAGs
[2024-09-18T17:01:40.478-0500] {logging_mixin.py:190} INFO - [2024-09-18T17:01:40.478-0500] {dag.py:4156} INFO - Setting next_dagrun for tutorial_taskflow_api_virtualenv to None, run_after=None
[2024-09-18T17:01:40.521-0500] {processor.py:208} INFO - Processing /Users/binhpham/Library/Python/3.9/lib/python/site-packages/airflow/example_dags/tutorial_taskflow_api_virtualenv.py took 0.171 seconds
[2024-09-18T17:03:05.580-0500] {processor.py:186} INFO - Started process (PID=14086) to work on /Users/binhpham/Library/Python/3.9/lib/python/site-packages/airflow/example_dags/tutorial_taskflow_api_virtualenv.py
[2024-09-18T17:03:05.582-0500] {processor.py:914} INFO - Processing file /Users/binhpham/Library/Python/3.9/lib/python/site-packages/airflow/example_dags/tutorial_taskflow_api_virtualenv.py for tasks to queue
[2024-09-18T17:03:05.582-0500] {logging_mixin.py:190} INFO - [2024-09-18T17:03:05.582-0500] {dagbag.py:587} INFO - Filling up the DagBag from /Users/binhpham/Library/Python/3.9/lib/python/site-packages/airflow/example_dags/tutorial_taskflow_api_virtualenv.py
[2024-09-18T17:03:05.603-0500] {processor.py:925} INFO - DAG(s) 'tutorial_taskflow_api_virtualenv' retrieved from /Users/binhpham/Library/Python/3.9/lib/python/site-packages/airflow/example_dags/tutorial_taskflow_api_virtualenv.py
[2024-09-18T17:03:05.708-0500] {logging_mixin.py:190} INFO - [2024-09-18T17:03:05.708-0500] {dag.py:3229} INFO - Sync 1 DAGs
[2024-09-18T17:03:05.714-0500] {logging_mixin.py:190} INFO - [2024-09-18T17:03:05.714-0500] {dag.py:4156} INFO - Setting next_dagrun for tutorial_taskflow_api_virtualenv to None, run_after=None
[2024-09-18T17:03:05.771-0500] {processor.py:208} INFO - Processing /Users/binhpham/Library/Python/3.9/lib/python/site-packages/airflow/example_dags/tutorial_taskflow_api_virtualenv.py took 0.193 seconds
[2024-09-18T17:04:33.895-0500] {processor.py:186} INFO - Started process (PID=14400) to work on /Users/binhpham/Library/Python/3.9/lib/python/site-packages/airflow/example_dags/tutorial_taskflow_api_virtualenv.py
[2024-09-18T17:04:33.897-0500] {processor.py:914} INFO - Processing file /Users/binhpham/Library/Python/3.9/lib/python/site-packages/airflow/example_dags/tutorial_taskflow_api_virtualenv.py for tasks to queue
[2024-09-18T17:04:33.898-0500] {logging_mixin.py:190} INFO - [2024-09-18T17:04:33.898-0500] {dagbag.py:587} INFO - Filling up the DagBag from /Users/binhpham/Library/Python/3.9/lib/python/site-packages/airflow/example_dags/tutorial_taskflow_api_virtualenv.py
[2024-09-18T17:04:33.919-0500] {processor.py:925} INFO - DAG(s) 'tutorial_taskflow_api_virtualenv' retrieved from /Users/binhpham/Library/Python/3.9/lib/python/site-packages/airflow/example_dags/tutorial_taskflow_api_virtualenv.py
[2024-09-18T17:04:34.028-0500] {logging_mixin.py:190} INFO - [2024-09-18T17:04:34.028-0500] {dag.py:3229} INFO - Sync 1 DAGs
[2024-09-18T17:04:34.036-0500] {logging_mixin.py:190} INFO - [2024-09-18T17:04:34.035-0500] {dag.py:4156} INFO - Setting next_dagrun for tutorial_taskflow_api_virtualenv to None, run_after=None
[2024-09-18T17:04:34.084-0500] {processor.py:208} INFO - Processing /Users/binhpham/Library/Python/3.9/lib/python/site-packages/airflow/example_dags/tutorial_taskflow_api_virtualenv.py took 0.190 seconds
[2024-09-18T17:05:58.366-0500] {processor.py:186} INFO - Started process (PID=14707) to work on /Users/binhpham/Library/Python/3.9/lib/python/site-packages/airflow/example_dags/tutorial_taskflow_api_virtualenv.py
[2024-09-18T17:05:58.368-0500] {processor.py:914} INFO - Processing file /Users/binhpham/Library/Python/3.9/lib/python/site-packages/airflow/example_dags/tutorial_taskflow_api_virtualenv.py for tasks to queue
[2024-09-18T17:05:58.369-0500] {logging_mixin.py:190} INFO - [2024-09-18T17:05:58.368-0500] {dagbag.py:587} INFO - Filling up the DagBag from /Users/binhpham/Library/Python/3.9/lib/python/site-packages/airflow/example_dags/tutorial_taskflow_api_virtualenv.py
[2024-09-18T17:05:58.388-0500] {processor.py:925} INFO - DAG(s) 'tutorial_taskflow_api_virtualenv' retrieved from /Users/binhpham/Library/Python/3.9/lib/python/site-packages/airflow/example_dags/tutorial_taskflow_api_virtualenv.py
[2024-09-18T17:05:58.486-0500] {logging_mixin.py:190} INFO - [2024-09-18T17:05:58.486-0500] {dag.py:3229} INFO - Sync 1 DAGs
[2024-09-18T17:05:58.492-0500] {logging_mixin.py:190} INFO - [2024-09-18T17:05:58.492-0500] {dag.py:4156} INFO - Setting next_dagrun for tutorial_taskflow_api_virtualenv to None, run_after=None
[2024-09-18T17:05:58.536-0500] {processor.py:208} INFO - Processing /Users/binhpham/Library/Python/3.9/lib/python/site-packages/airflow/example_dags/tutorial_taskflow_api_virtualenv.py took 0.171 seconds
[2024-09-18T17:07:22.071-0500] {processor.py:186} INFO - Started process (PID=15027) to work on /Users/binhpham/Library/Python/3.9/lib/python/site-packages/airflow/example_dags/tutorial_taskflow_api_virtualenv.py
[2024-09-18T17:07:22.073-0500] {processor.py:914} INFO - Processing file /Users/binhpham/Library/Python/3.9/lib/python/site-packages/airflow/example_dags/tutorial_taskflow_api_virtualenv.py for tasks to queue
[2024-09-18T17:07:22.073-0500] {logging_mixin.py:190} INFO - [2024-09-18T17:07:22.073-0500] {dagbag.py:587} INFO - Filling up the DagBag from /Users/binhpham/Library/Python/3.9/lib/python/site-packages/airflow/example_dags/tutorial_taskflow_api_virtualenv.py
[2024-09-18T17:07:22.093-0500] {processor.py:925} INFO - DAG(s) 'tutorial_taskflow_api_virtualenv' retrieved from /Users/binhpham/Library/Python/3.9/lib/python/site-packages/airflow/example_dags/tutorial_taskflow_api_virtualenv.py
[2024-09-18T17:07:22.198-0500] {logging_mixin.py:190} INFO - [2024-09-18T17:07:22.198-0500] {dag.py:3229} INFO - Sync 1 DAGs
[2024-09-18T17:07:22.205-0500] {logging_mixin.py:190} INFO - [2024-09-18T17:07:22.204-0500] {dag.py:4156} INFO - Setting next_dagrun for tutorial_taskflow_api_virtualenv to None, run_after=None
[2024-09-18T17:07:22.253-0500] {processor.py:208} INFO - Processing /Users/binhpham/Library/Python/3.9/lib/python/site-packages/airflow/example_dags/tutorial_taskflow_api_virtualenv.py took 0.184 seconds
[2024-09-18T17:08:51.482-0500] {processor.py:186} INFO - Started process (PID=15337) to work on /Users/binhpham/Library/Python/3.9/lib/python/site-packages/airflow/example_dags/tutorial_taskflow_api_virtualenv.py
[2024-09-18T17:08:51.483-0500] {processor.py:914} INFO - Processing file /Users/binhpham/Library/Python/3.9/lib/python/site-packages/airflow/example_dags/tutorial_taskflow_api_virtualenv.py for tasks to queue
[2024-09-18T17:08:51.484-0500] {logging_mixin.py:190} INFO - [2024-09-18T17:08:51.484-0500] {dagbag.py:587} INFO - Filling up the DagBag from /Users/binhpham/Library/Python/3.9/lib/python/site-packages/airflow/example_dags/tutorial_taskflow_api_virtualenv.py
[2024-09-18T17:08:51.503-0500] {processor.py:925} INFO - DAG(s) 'tutorial_taskflow_api_virtualenv' retrieved from /Users/binhpham/Library/Python/3.9/lib/python/site-packages/airflow/example_dags/tutorial_taskflow_api_virtualenv.py
[2024-09-18T17:08:51.603-0500] {logging_mixin.py:190} INFO - [2024-09-18T17:08:51.602-0500] {dag.py:3229} INFO - Sync 1 DAGs
[2024-09-18T17:08:51.608-0500] {logging_mixin.py:190} INFO - [2024-09-18T17:08:51.608-0500] {dag.py:4156} INFO - Setting next_dagrun for tutorial_taskflow_api_virtualenv to None, run_after=None
[2024-09-18T17:08:51.652-0500] {processor.py:208} INFO - Processing /Users/binhpham/Library/Python/3.9/lib/python/site-packages/airflow/example_dags/tutorial_taskflow_api_virtualenv.py took 0.171 seconds
[2024-09-18T17:10:19.949-0500] {processor.py:186} INFO - Started process (PID=15636) to work on /Users/binhpham/Library/Python/3.9/lib/python/site-packages/airflow/example_dags/tutorial_taskflow_api_virtualenv.py
[2024-09-18T17:10:19.951-0500] {processor.py:914} INFO - Processing file /Users/binhpham/Library/Python/3.9/lib/python/site-packages/airflow/example_dags/tutorial_taskflow_api_virtualenv.py for tasks to queue
[2024-09-18T17:10:19.951-0500] {logging_mixin.py:190} INFO - [2024-09-18T17:10:19.951-0500] {dagbag.py:587} INFO - Filling up the DagBag from /Users/binhpham/Library/Python/3.9/lib/python/site-packages/airflow/example_dags/tutorial_taskflow_api_virtualenv.py
[2024-09-18T17:10:19.971-0500] {processor.py:925} INFO - DAG(s) 'tutorial_taskflow_api_virtualenv' retrieved from /Users/binhpham/Library/Python/3.9/lib/python/site-packages/airflow/example_dags/tutorial_taskflow_api_virtualenv.py
[2024-09-18T17:10:20.072-0500] {logging_mixin.py:190} INFO - [2024-09-18T17:10:20.072-0500] {dag.py:3229} INFO - Sync 1 DAGs
[2024-09-18T17:10:20.078-0500] {logging_mixin.py:190} INFO - [2024-09-18T17:10:20.078-0500] {dag.py:4156} INFO - Setting next_dagrun for tutorial_taskflow_api_virtualenv to None, run_after=None
[2024-09-18T17:10:20.122-0500] {processor.py:208} INFO - Processing /Users/binhpham/Library/Python/3.9/lib/python/site-packages/airflow/example_dags/tutorial_taskflow_api_virtualenv.py took 0.174 seconds
[2024-09-18T17:11:47.897-0500] {processor.py:186} INFO - Started process (PID=15955) to work on /Users/binhpham/Library/Python/3.9/lib/python/site-packages/airflow/example_dags/tutorial_taskflow_api_virtualenv.py
[2024-09-18T17:11:47.899-0500] {processor.py:914} INFO - Processing file /Users/binhpham/Library/Python/3.9/lib/python/site-packages/airflow/example_dags/tutorial_taskflow_api_virtualenv.py for tasks to queue
[2024-09-18T17:11:47.899-0500] {logging_mixin.py:190} INFO - [2024-09-18T17:11:47.899-0500] {dagbag.py:587} INFO - Filling up the DagBag from /Users/binhpham/Library/Python/3.9/lib/python/site-packages/airflow/example_dags/tutorial_taskflow_api_virtualenv.py
[2024-09-18T17:11:47.920-0500] {processor.py:925} INFO - DAG(s) 'tutorial_taskflow_api_virtualenv' retrieved from /Users/binhpham/Library/Python/3.9/lib/python/site-packages/airflow/example_dags/tutorial_taskflow_api_virtualenv.py
[2024-09-18T17:11:48.024-0500] {logging_mixin.py:190} INFO - [2024-09-18T17:11:48.024-0500] {dag.py:3229} INFO - Sync 1 DAGs
[2024-09-18T17:11:48.030-0500] {logging_mixin.py:190} INFO - [2024-09-18T17:11:48.030-0500] {dag.py:4156} INFO - Setting next_dagrun for tutorial_taskflow_api_virtualenv to None, run_after=None
[2024-09-18T17:11:48.074-0500] {processor.py:208} INFO - Processing /Users/binhpham/Library/Python/3.9/lib/python/site-packages/airflow/example_dags/tutorial_taskflow_api_virtualenv.py took 0.179 seconds
[2024-09-18T17:13:16.647-0500] {processor.py:186} INFO - Started process (PID=16280) to work on /Users/binhpham/Library/Python/3.9/lib/python/site-packages/airflow/example_dags/tutorial_taskflow_api_virtualenv.py
[2024-09-18T17:13:16.648-0500] {processor.py:914} INFO - Processing file /Users/binhpham/Library/Python/3.9/lib/python/site-packages/airflow/example_dags/tutorial_taskflow_api_virtualenv.py for tasks to queue
[2024-09-18T17:13:16.649-0500] {logging_mixin.py:190} INFO - [2024-09-18T17:13:16.649-0500] {dagbag.py:587} INFO - Filling up the DagBag from /Users/binhpham/Library/Python/3.9/lib/python/site-packages/airflow/example_dags/tutorial_taskflow_api_virtualenv.py
[2024-09-18T17:13:16.668-0500] {processor.py:925} INFO - DAG(s) 'tutorial_taskflow_api_virtualenv' retrieved from /Users/binhpham/Library/Python/3.9/lib/python/site-packages/airflow/example_dags/tutorial_taskflow_api_virtualenv.py
[2024-09-18T17:13:16.765-0500] {logging_mixin.py:190} INFO - [2024-09-18T17:13:16.765-0500] {dag.py:3229} INFO - Sync 1 DAGs
[2024-09-18T17:13:16.771-0500] {logging_mixin.py:190} INFO - [2024-09-18T17:13:16.771-0500] {dag.py:4156} INFO - Setting next_dagrun for tutorial_taskflow_api_virtualenv to None, run_after=None
[2024-09-18T17:13:16.814-0500] {processor.py:208} INFO - Processing /Users/binhpham/Library/Python/3.9/lib/python/site-packages/airflow/example_dags/tutorial_taskflow_api_virtualenv.py took 0.169 seconds
[2024-09-18T17:15:05.725-0500] {processor.py:186} INFO - Started process (PID=16770) to work on /Users/binhpham/Library/Python/3.9/lib/python/site-packages/airflow/example_dags/tutorial_taskflow_api_virtualenv.py
[2024-09-18T17:15:05.726-0500] {processor.py:914} INFO - Processing file /Users/binhpham/Library/Python/3.9/lib/python/site-packages/airflow/example_dags/tutorial_taskflow_api_virtualenv.py for tasks to queue
[2024-09-18T17:15:05.727-0500] {logging_mixin.py:190} INFO - [2024-09-18T17:15:05.727-0500] {dagbag.py:587} INFO - Filling up the DagBag from /Users/binhpham/Library/Python/3.9/lib/python/site-packages/airflow/example_dags/tutorial_taskflow_api_virtualenv.py
[2024-09-18T17:15:05.747-0500] {processor.py:925} INFO - DAG(s) 'tutorial_taskflow_api_virtualenv' retrieved from /Users/binhpham/Library/Python/3.9/lib/python/site-packages/airflow/example_dags/tutorial_taskflow_api_virtualenv.py
[2024-09-18T17:15:05.847-0500] {logging_mixin.py:190} INFO - [2024-09-18T17:15:05.847-0500] {dag.py:3229} INFO - Sync 1 DAGs
[2024-09-18T17:15:05.854-0500] {logging_mixin.py:190} INFO - [2024-09-18T17:15:05.854-0500] {dag.py:4156} INFO - Setting next_dagrun for tutorial_taskflow_api_virtualenv to None, run_after=None
[2024-09-18T17:15:05.900-0500] {processor.py:208} INFO - Processing /Users/binhpham/Library/Python/3.9/lib/python/site-packages/airflow/example_dags/tutorial_taskflow_api_virtualenv.py took 0.176 seconds
[2024-09-18T17:17:07.697-0500] {processor.py:186} INFO - Started process (PID=17249) to work on /Users/binhpham/Library/Python/3.9/lib/python/site-packages/airflow/example_dags/tutorial_taskflow_api_virtualenv.py
[2024-09-18T17:17:07.700-0500] {processor.py:914} INFO - Processing file /Users/binhpham/Library/Python/3.9/lib/python/site-packages/airflow/example_dags/tutorial_taskflow_api_virtualenv.py for tasks to queue
[2024-09-18T17:17:07.701-0500] {logging_mixin.py:190} INFO - [2024-09-18T17:17:07.700-0500] {dagbag.py:587} INFO - Filling up the DagBag from /Users/binhpham/Library/Python/3.9/lib/python/site-packages/airflow/example_dags/tutorial_taskflow_api_virtualenv.py
[2024-09-18T17:17:07.720-0500] {processor.py:925} INFO - DAG(s) 'tutorial_taskflow_api_virtualenv' retrieved from /Users/binhpham/Library/Python/3.9/lib/python/site-packages/airflow/example_dags/tutorial_taskflow_api_virtualenv.py
[2024-09-18T17:17:07.817-0500] {logging_mixin.py:190} INFO - [2024-09-18T17:17:07.817-0500] {dag.py:3229} INFO - Sync 1 DAGs
[2024-09-18T17:17:07.823-0500] {logging_mixin.py:190} INFO - [2024-09-18T17:17:07.823-0500] {dag.py:4156} INFO - Setting next_dagrun for tutorial_taskflow_api_virtualenv to None, run_after=None
[2024-09-18T17:17:07.866-0500] {processor.py:208} INFO - Processing /Users/binhpham/Library/Python/3.9/lib/python/site-packages/airflow/example_dags/tutorial_taskflow_api_virtualenv.py took 0.170 seconds
[2024-09-18T17:18:35.905-0500] {processor.py:186} INFO - Started process (PID=18120) to work on /Users/binhpham/Library/Python/3.9/lib/python/site-packages/airflow/example_dags/tutorial_taskflow_api_virtualenv.py
[2024-09-18T17:18:35.907-0500] {processor.py:914} INFO - Processing file /Users/binhpham/Library/Python/3.9/lib/python/site-packages/airflow/example_dags/tutorial_taskflow_api_virtualenv.py for tasks to queue
[2024-09-18T17:18:35.908-0500] {logging_mixin.py:190} INFO - [2024-09-18T17:18:35.908-0500] {dagbag.py:587} INFO - Filling up the DagBag from /Users/binhpham/Library/Python/3.9/lib/python/site-packages/airflow/example_dags/tutorial_taskflow_api_virtualenv.py
[2024-09-18T17:18:35.932-0500] {processor.py:925} INFO - DAG(s) 'tutorial_taskflow_api_virtualenv' retrieved from /Users/binhpham/Library/Python/3.9/lib/python/site-packages/airflow/example_dags/tutorial_taskflow_api_virtualenv.py
[2024-09-18T17:18:36.054-0500] {logging_mixin.py:190} INFO - [2024-09-18T17:18:36.054-0500] {dag.py:3229} INFO - Sync 1 DAGs
[2024-09-18T17:18:36.060-0500] {logging_mixin.py:190} INFO - [2024-09-18T17:18:36.060-0500] {dag.py:4156} INFO - Setting next_dagrun for tutorial_taskflow_api_virtualenv to None, run_after=None
[2024-09-18T17:18:36.108-0500] {processor.py:208} INFO - Processing /Users/binhpham/Library/Python/3.9/lib/python/site-packages/airflow/example_dags/tutorial_taskflow_api_virtualenv.py took 0.205 seconds
[2024-09-18T17:20:07.219-0500] {processor.py:186} INFO - Started process (PID=18422) to work on /Users/binhpham/Library/Python/3.9/lib/python/site-packages/airflow/example_dags/tutorial_taskflow_api_virtualenv.py
[2024-09-18T17:20:07.221-0500] {processor.py:914} INFO - Processing file /Users/binhpham/Library/Python/3.9/lib/python/site-packages/airflow/example_dags/tutorial_taskflow_api_virtualenv.py for tasks to queue
[2024-09-18T17:20:07.222-0500] {logging_mixin.py:190} INFO - [2024-09-18T17:20:07.222-0500] {dagbag.py:587} INFO - Filling up the DagBag from /Users/binhpham/Library/Python/3.9/lib/python/site-packages/airflow/example_dags/tutorial_taskflow_api_virtualenv.py
[2024-09-18T17:20:07.242-0500] {processor.py:925} INFO - DAG(s) 'tutorial_taskflow_api_virtualenv' retrieved from /Users/binhpham/Library/Python/3.9/lib/python/site-packages/airflow/example_dags/tutorial_taskflow_api_virtualenv.py
[2024-09-18T17:20:07.341-0500] {logging_mixin.py:190} INFO - [2024-09-18T17:20:07.341-0500] {dag.py:3229} INFO - Sync 1 DAGs
[2024-09-18T17:20:07.347-0500] {logging_mixin.py:190} INFO - [2024-09-18T17:20:07.347-0500] {dag.py:4156} INFO - Setting next_dagrun for tutorial_taskflow_api_virtualenv to None, run_after=None
[2024-09-18T17:20:07.390-0500] {processor.py:208} INFO - Processing /Users/binhpham/Library/Python/3.9/lib/python/site-packages/airflow/example_dags/tutorial_taskflow_api_virtualenv.py took 0.173 seconds
[2024-09-18T17:22:10.484-0500] {processor.py:186} INFO - Started process (PID=19462) to work on /Users/binhpham/Projects/dbt_project/venv/lib/python3.9/site-packages/airflow/example_dags/tutorial_taskflow_api_virtualenv.py
[2024-09-18T17:22:10.486-0500] {processor.py:914} INFO - Processing file /Users/binhpham/Projects/dbt_project/venv/lib/python3.9/site-packages/airflow/example_dags/tutorial_taskflow_api_virtualenv.py for tasks to queue
[2024-09-18T17:22:10.487-0500] {logging_mixin.py:190} INFO - [2024-09-18T17:22:10.487-0500] {dagbag.py:587} INFO - Filling up the DagBag from /Users/binhpham/Projects/dbt_project/venv/lib/python3.9/site-packages/airflow/example_dags/tutorial_taskflow_api_virtualenv.py
[2024-09-18T17:22:10.510-0500] {processor.py:925} INFO - DAG(s) 'tutorial_taskflow_api_virtualenv' retrieved from /Users/binhpham/Projects/dbt_project/venv/lib/python3.9/site-packages/airflow/example_dags/tutorial_taskflow_api_virtualenv.py
[2024-09-18T17:22:10.622-0500] {logging_mixin.py:190} INFO - [2024-09-18T17:22:10.622-0500] {dag.py:3229} INFO - Sync 1 DAGs
[2024-09-18T17:22:10.628-0500] {logging_mixin.py:190} INFO - [2024-09-18T17:22:10.628-0500] {dag.py:4156} INFO - Setting next_dagrun for tutorial_taskflow_api_virtualenv to None, run_after=None
[2024-09-18T17:22:10.638-0500] {processor.py:208} INFO - Processing /Users/binhpham/Projects/dbt_project/venv/lib/python3.9/site-packages/airflow/example_dags/tutorial_taskflow_api_virtualenv.py took 0.156 seconds
[2024-09-18T17:24:06.745-0500] {processor.py:186} INFO - Started process (PID=19886) to work on /Users/binhpham/Projects/dbt_project/venv/lib/python3.9/site-packages/airflow/example_dags/tutorial_taskflow_api_virtualenv.py
[2024-09-18T17:24:06.748-0500] {processor.py:914} INFO - Processing file /Users/binhpham/Projects/dbt_project/venv/lib/python3.9/site-packages/airflow/example_dags/tutorial_taskflow_api_virtualenv.py for tasks to queue
[2024-09-18T17:24:06.748-0500] {logging_mixin.py:190} INFO - [2024-09-18T17:24:06.748-0500] {dagbag.py:587} INFO - Filling up the DagBag from /Users/binhpham/Projects/dbt_project/venv/lib/python3.9/site-packages/airflow/example_dags/tutorial_taskflow_api_virtualenv.py
[2024-09-18T17:24:06.768-0500] {processor.py:925} INFO - DAG(s) 'tutorial_taskflow_api_virtualenv' retrieved from /Users/binhpham/Projects/dbt_project/venv/lib/python3.9/site-packages/airflow/example_dags/tutorial_taskflow_api_virtualenv.py
[2024-09-18T17:24:06.866-0500] {logging_mixin.py:190} INFO - [2024-09-18T17:24:06.866-0500] {dag.py:3229} INFO - Sync 1 DAGs
[2024-09-18T17:24:06.872-0500] {logging_mixin.py:190} INFO - [2024-09-18T17:24:06.872-0500] {dag.py:4156} INFO - Setting next_dagrun for tutorial_taskflow_api_virtualenv to None, run_after=None
[2024-09-18T17:24:06.882-0500] {processor.py:208} INFO - Processing /Users/binhpham/Projects/dbt_project/venv/lib/python3.9/site-packages/airflow/example_dags/tutorial_taskflow_api_virtualenv.py took 0.139 seconds
[2024-09-18T17:25:08.440-0500] {processor.py:186} INFO - Started process (PID=20145) to work on /Users/binhpham/Projects/dbt_project/venv/lib/python3.9/site-packages/airflow/example_dags/tutorial_taskflow_api_virtualenv.py
[2024-09-18T17:25:08.442-0500] {processor.py:914} INFO - Processing file /Users/binhpham/Projects/dbt_project/venv/lib/python3.9/site-packages/airflow/example_dags/tutorial_taskflow_api_virtualenv.py for tasks to queue
[2024-09-18T17:25:08.442-0500] {logging_mixin.py:190} INFO - [2024-09-18T17:25:08.442-0500] {dagbag.py:587} INFO - Filling up the DagBag from /Users/binhpham/Projects/dbt_project/venv/lib/python3.9/site-packages/airflow/example_dags/tutorial_taskflow_api_virtualenv.py
[2024-09-18T17:25:08.463-0500] {processor.py:925} INFO - DAG(s) 'tutorial_taskflow_api_virtualenv' retrieved from /Users/binhpham/Projects/dbt_project/venv/lib/python3.9/site-packages/airflow/example_dags/tutorial_taskflow_api_virtualenv.py
[2024-09-18T17:25:08.565-0500] {logging_mixin.py:190} INFO - [2024-09-18T17:25:08.565-0500] {dag.py:3229} INFO - Sync 1 DAGs
[2024-09-18T17:25:08.571-0500] {logging_mixin.py:190} INFO - [2024-09-18T17:25:08.571-0500] {dag.py:4156} INFO - Setting next_dagrun for tutorial_taskflow_api_virtualenv to None, run_after=None
[2024-09-18T17:25:08.581-0500] {processor.py:208} INFO - Processing /Users/binhpham/Projects/dbt_project/venv/lib/python3.9/site-packages/airflow/example_dags/tutorial_taskflow_api_virtualenv.py took 0.142 seconds
[2024-09-18T17:26:12.075-0500] {processor.py:186} INFO - Started process (PID=20378) to work on /Users/binhpham/Projects/dbt_project/venv/lib/python3.9/site-packages/airflow/example_dags/tutorial_taskflow_api_virtualenv.py
[2024-09-18T17:26:12.077-0500] {processor.py:914} INFO - Processing file /Users/binhpham/Projects/dbt_project/venv/lib/python3.9/site-packages/airflow/example_dags/tutorial_taskflow_api_virtualenv.py for tasks to queue
[2024-09-18T17:26:12.077-0500] {logging_mixin.py:190} INFO - [2024-09-18T17:26:12.077-0500] {dagbag.py:587} INFO - Filling up the DagBag from /Users/binhpham/Projects/dbt_project/venv/lib/python3.9/site-packages/airflow/example_dags/tutorial_taskflow_api_virtualenv.py
[2024-09-18T17:26:12.097-0500] {processor.py:925} INFO - DAG(s) 'tutorial_taskflow_api_virtualenv' retrieved from /Users/binhpham/Projects/dbt_project/venv/lib/python3.9/site-packages/airflow/example_dags/tutorial_taskflow_api_virtualenv.py
[2024-09-18T17:26:12.196-0500] {logging_mixin.py:190} INFO - [2024-09-18T17:26:12.196-0500] {dag.py:3229} INFO - Sync 1 DAGs
[2024-09-18T17:26:12.202-0500] {logging_mixin.py:190} INFO - [2024-09-18T17:26:12.202-0500] {dag.py:4156} INFO - Setting next_dagrun for tutorial_taskflow_api_virtualenv to None, run_after=None
[2024-09-18T17:26:12.212-0500] {processor.py:208} INFO - Processing /Users/binhpham/Projects/dbt_project/venv/lib/python3.9/site-packages/airflow/example_dags/tutorial_taskflow_api_virtualenv.py took 0.138 seconds
[2024-09-18T17:28:37.615-0500] {processor.py:186} INFO - Started process (PID=21035) to work on /Users/binhpham/Projects/dbt_project/venv/lib/python3.9/site-packages/airflow/example_dags/tutorial_taskflow_api_virtualenv.py
[2024-09-18T17:28:37.618-0500] {processor.py:914} INFO - Processing file /Users/binhpham/Projects/dbt_project/venv/lib/python3.9/site-packages/airflow/example_dags/tutorial_taskflow_api_virtualenv.py for tasks to queue
[2024-09-18T17:28:37.618-0500] {logging_mixin.py:190} INFO - [2024-09-18T17:28:37.618-0500] {dagbag.py:587} INFO - Filling up the DagBag from /Users/binhpham/Projects/dbt_project/venv/lib/python3.9/site-packages/airflow/example_dags/tutorial_taskflow_api_virtualenv.py
[2024-09-18T17:28:37.639-0500] {processor.py:925} INFO - DAG(s) 'tutorial_taskflow_api_virtualenv' retrieved from /Users/binhpham/Projects/dbt_project/venv/lib/python3.9/site-packages/airflow/example_dags/tutorial_taskflow_api_virtualenv.py
[2024-09-18T17:28:37.741-0500] {logging_mixin.py:190} INFO - [2024-09-18T17:28:37.740-0500] {dag.py:3229} INFO - Sync 1 DAGs
[2024-09-18T17:28:37.746-0500] {logging_mixin.py:190} INFO - [2024-09-18T17:28:37.746-0500] {dag.py:4156} INFO - Setting next_dagrun for tutorial_taskflow_api_virtualenv to None, run_after=None
[2024-09-18T17:28:37.756-0500] {processor.py:208} INFO - Processing /Users/binhpham/Projects/dbt_project/venv/lib/python3.9/site-packages/airflow/example_dags/tutorial_taskflow_api_virtualenv.py took 0.143 seconds
[2024-09-18T17:30:35.269-0500] {processor.py:186} INFO - Started process (PID=21958) to work on /Users/binhpham/Projects/dbt_project/venv/lib/python3.9/site-packages/airflow/example_dags/tutorial_taskflow_api_virtualenv.py
[2024-09-18T17:30:35.270-0500] {processor.py:914} INFO - Processing file /Users/binhpham/Projects/dbt_project/venv/lib/python3.9/site-packages/airflow/example_dags/tutorial_taskflow_api_virtualenv.py for tasks to queue
[2024-09-18T17:30:35.271-0500] {logging_mixin.py:190} INFO - [2024-09-18T17:30:35.271-0500] {dagbag.py:587} INFO - Filling up the DagBag from /Users/binhpham/Projects/dbt_project/venv/lib/python3.9/site-packages/airflow/example_dags/tutorial_taskflow_api_virtualenv.py
[2024-09-18T17:30:35.290-0500] {processor.py:925} INFO - DAG(s) 'tutorial_taskflow_api_virtualenv' retrieved from /Users/binhpham/Projects/dbt_project/venv/lib/python3.9/site-packages/airflow/example_dags/tutorial_taskflow_api_virtualenv.py
[2024-09-18T17:30:35.391-0500] {logging_mixin.py:190} INFO - [2024-09-18T17:30:35.390-0500] {dag.py:3229} INFO - Sync 1 DAGs
[2024-09-18T17:30:35.396-0500] {logging_mixin.py:190} INFO - [2024-09-18T17:30:35.396-0500] {dag.py:4156} INFO - Setting next_dagrun for tutorial_taskflow_api_virtualenv to None, run_after=None
[2024-09-18T17:30:35.406-0500] {processor.py:208} INFO - Processing /Users/binhpham/Projects/dbt_project/venv/lib/python3.9/site-packages/airflow/example_dags/tutorial_taskflow_api_virtualenv.py took 0.139 seconds
[2024-09-18T17:31:58.838-0500] {processor.py:186} INFO - Started process (PID=22685) to work on /Users/binhpham/Projects/dbt_project/venv/lib/python3.9/site-packages/airflow/example_dags/tutorial_taskflow_api_virtualenv.py
[2024-09-18T17:31:58.840-0500] {processor.py:914} INFO - Processing file /Users/binhpham/Projects/dbt_project/venv/lib/python3.9/site-packages/airflow/example_dags/tutorial_taskflow_api_virtualenv.py for tasks to queue
[2024-09-18T17:31:58.841-0500] {logging_mixin.py:190} INFO - [2024-09-18T17:31:58.841-0500] {dagbag.py:587} INFO - Filling up the DagBag from /Users/binhpham/Projects/dbt_project/venv/lib/python3.9/site-packages/airflow/example_dags/tutorial_taskflow_api_virtualenv.py
[2024-09-18T17:31:58.862-0500] {processor.py:925} INFO - DAG(s) 'tutorial_taskflow_api_virtualenv' retrieved from /Users/binhpham/Projects/dbt_project/venv/lib/python3.9/site-packages/airflow/example_dags/tutorial_taskflow_api_virtualenv.py
[2024-09-18T17:31:58.970-0500] {logging_mixin.py:190} INFO - [2024-09-18T17:31:58.969-0500] {dag.py:3229} INFO - Sync 1 DAGs
[2024-09-18T17:31:58.976-0500] {logging_mixin.py:190} INFO - [2024-09-18T17:31:58.976-0500] {dag.py:4156} INFO - Setting next_dagrun for tutorial_taskflow_api_virtualenv to None, run_after=None
[2024-09-18T17:31:58.987-0500] {processor.py:208} INFO - Processing /Users/binhpham/Projects/dbt_project/venv/lib/python3.9/site-packages/airflow/example_dags/tutorial_taskflow_api_virtualenv.py took 0.151 seconds
[2024-09-18T17:33:27.770-0500] {processor.py:186} INFO - Started process (PID=23015) to work on /Users/binhpham/Projects/dbt_project/venv/lib/python3.9/site-packages/airflow/example_dags/tutorial_taskflow_api_virtualenv.py
[2024-09-18T17:33:27.772-0500] {processor.py:914} INFO - Processing file /Users/binhpham/Projects/dbt_project/venv/lib/python3.9/site-packages/airflow/example_dags/tutorial_taskflow_api_virtualenv.py for tasks to queue
[2024-09-18T17:33:27.773-0500] {logging_mixin.py:190} INFO - [2024-09-18T17:33:27.773-0500] {dagbag.py:587} INFO - Filling up the DagBag from /Users/binhpham/Projects/dbt_project/venv/lib/python3.9/site-packages/airflow/example_dags/tutorial_taskflow_api_virtualenv.py
[2024-09-18T17:33:27.793-0500] {processor.py:925} INFO - DAG(s) 'tutorial_taskflow_api_virtualenv' retrieved from /Users/binhpham/Projects/dbt_project/venv/lib/python3.9/site-packages/airflow/example_dags/tutorial_taskflow_api_virtualenv.py
[2024-09-18T17:33:27.893-0500] {logging_mixin.py:190} INFO - [2024-09-18T17:33:27.892-0500] {dag.py:3229} INFO - Sync 1 DAGs
[2024-09-18T17:33:27.899-0500] {logging_mixin.py:190} INFO - [2024-09-18T17:33:27.898-0500] {dag.py:4156} INFO - Setting next_dagrun for tutorial_taskflow_api_virtualenv to None, run_after=None
[2024-09-18T17:33:27.908-0500] {processor.py:208} INFO - Processing /Users/binhpham/Projects/dbt_project/venv/lib/python3.9/site-packages/airflow/example_dags/tutorial_taskflow_api_virtualenv.py took 0.140 seconds
[2024-09-18T17:34:24.208-0500] {processor.py:186} INFO - Started process (PID=23213) to work on /Users/binhpham/Projects/dbt_project/venv/lib/python3.9/site-packages/airflow/example_dags/tutorial_taskflow_api_virtualenv.py
[2024-09-18T17:34:24.211-0500] {processor.py:914} INFO - Processing file /Users/binhpham/Projects/dbt_project/venv/lib/python3.9/site-packages/airflow/example_dags/tutorial_taskflow_api_virtualenv.py for tasks to queue
[2024-09-18T17:34:24.211-0500] {logging_mixin.py:190} INFO - [2024-09-18T17:34:24.211-0500] {dagbag.py:587} INFO - Filling up the DagBag from /Users/binhpham/Projects/dbt_project/venv/lib/python3.9/site-packages/airflow/example_dags/tutorial_taskflow_api_virtualenv.py
[2024-09-18T17:34:24.232-0500] {processor.py:925} INFO - DAG(s) 'tutorial_taskflow_api_virtualenv' retrieved from /Users/binhpham/Projects/dbt_project/venv/lib/python3.9/site-packages/airflow/example_dags/tutorial_taskflow_api_virtualenv.py
[2024-09-18T17:34:24.351-0500] {logging_mixin.py:190} INFO - [2024-09-18T17:34:24.351-0500] {dag.py:3229} INFO - Sync 1 DAGs
[2024-09-18T17:34:24.357-0500] {logging_mixin.py:190} INFO - [2024-09-18T17:34:24.357-0500] {dag.py:4156} INFO - Setting next_dagrun for tutorial_taskflow_api_virtualenv to None, run_after=None
[2024-09-18T17:34:24.367-0500] {processor.py:208} INFO - Processing /Users/binhpham/Projects/dbt_project/venv/lib/python3.9/site-packages/airflow/example_dags/tutorial_taskflow_api_virtualenv.py took 0.161 seconds
[2024-09-18T17:36:22.365-0500] {processor.py:186} INFO - Started process (PID=23851) to work on /Users/binhpham/Projects/dbt_project/venv/lib/python3.9/site-packages/airflow/example_dags/tutorial_taskflow_api_virtualenv.py
[2024-09-18T17:36:22.367-0500] {processor.py:914} INFO - Processing file /Users/binhpham/Projects/dbt_project/venv/lib/python3.9/site-packages/airflow/example_dags/tutorial_taskflow_api_virtualenv.py for tasks to queue
[2024-09-18T17:36:22.367-0500] {logging_mixin.py:190} INFO - [2024-09-18T17:36:22.367-0500] {dagbag.py:587} INFO - Filling up the DagBag from /Users/binhpham/Projects/dbt_project/venv/lib/python3.9/site-packages/airflow/example_dags/tutorial_taskflow_api_virtualenv.py
[2024-09-18T17:36:22.388-0500] {processor.py:925} INFO - DAG(s) 'tutorial_taskflow_api_virtualenv' retrieved from /Users/binhpham/Projects/dbt_project/venv/lib/python3.9/site-packages/airflow/example_dags/tutorial_taskflow_api_virtualenv.py
[2024-09-18T17:36:22.504-0500] {logging_mixin.py:190} INFO - [2024-09-18T17:36:22.504-0500] {dag.py:3229} INFO - Sync 1 DAGs
[2024-09-18T17:36:22.511-0500] {logging_mixin.py:190} INFO - [2024-09-18T17:36:22.511-0500] {dag.py:4156} INFO - Setting next_dagrun for tutorial_taskflow_api_virtualenv to None, run_after=None
[2024-09-18T17:36:22.522-0500] {processor.py:208} INFO - Processing /Users/binhpham/Projects/dbt_project/venv/lib/python3.9/site-packages/airflow/example_dags/tutorial_taskflow_api_virtualenv.py took 0.158 seconds
[2024-09-18T17:37:46.925-0500] {processor.py:186} INFO - Started process (PID=24114) to work on /Users/binhpham/Projects/dbt_project/venv/lib/python3.9/site-packages/airflow/example_dags/tutorial_taskflow_api_virtualenv.py
[2024-09-18T17:37:46.927-0500] {processor.py:914} INFO - Processing file /Users/binhpham/Projects/dbt_project/venv/lib/python3.9/site-packages/airflow/example_dags/tutorial_taskflow_api_virtualenv.py for tasks to queue
[2024-09-18T17:37:46.927-0500] {logging_mixin.py:190} INFO - [2024-09-18T17:37:46.927-0500] {dagbag.py:587} INFO - Filling up the DagBag from /Users/binhpham/Projects/dbt_project/venv/lib/python3.9/site-packages/airflow/example_dags/tutorial_taskflow_api_virtualenv.py
[2024-09-18T17:37:46.948-0500] {processor.py:925} INFO - DAG(s) 'tutorial_taskflow_api_virtualenv' retrieved from /Users/binhpham/Projects/dbt_project/venv/lib/python3.9/site-packages/airflow/example_dags/tutorial_taskflow_api_virtualenv.py
[2024-09-18T17:37:47.048-0500] {logging_mixin.py:190} INFO - [2024-09-18T17:37:47.048-0500] {dag.py:3229} INFO - Sync 1 DAGs
[2024-09-18T17:37:47.054-0500] {logging_mixin.py:190} INFO - [2024-09-18T17:37:47.054-0500] {dag.py:4156} INFO - Setting next_dagrun for tutorial_taskflow_api_virtualenv to None, run_after=None
[2024-09-18T17:37:47.063-0500] {processor.py:208} INFO - Processing /Users/binhpham/Projects/dbt_project/venv/lib/python3.9/site-packages/airflow/example_dags/tutorial_taskflow_api_virtualenv.py took 0.139 seconds
[2024-09-18T17:39:09.239-0500] {processor.py:186} INFO - Started process (PID=24373) to work on /Users/binhpham/Projects/dbt_project/venv/lib/python3.9/site-packages/airflow/example_dags/tutorial_taskflow_api_virtualenv.py
[2024-09-18T17:39:09.240-0500] {processor.py:914} INFO - Processing file /Users/binhpham/Projects/dbt_project/venv/lib/python3.9/site-packages/airflow/example_dags/tutorial_taskflow_api_virtualenv.py for tasks to queue
[2024-09-18T17:39:09.241-0500] {logging_mixin.py:190} INFO - [2024-09-18T17:39:09.241-0500] {dagbag.py:587} INFO - Filling up the DagBag from /Users/binhpham/Projects/dbt_project/venv/lib/python3.9/site-packages/airflow/example_dags/tutorial_taskflow_api_virtualenv.py
[2024-09-18T17:39:09.261-0500] {processor.py:925} INFO - DAG(s) 'tutorial_taskflow_api_virtualenv' retrieved from /Users/binhpham/Projects/dbt_project/venv/lib/python3.9/site-packages/airflow/example_dags/tutorial_taskflow_api_virtualenv.py
[2024-09-18T17:39:09.368-0500] {logging_mixin.py:190} INFO - [2024-09-18T17:39:09.368-0500] {dag.py:3229} INFO - Sync 1 DAGs
[2024-09-18T17:39:09.374-0500] {logging_mixin.py:190} INFO - [2024-09-18T17:39:09.374-0500] {dag.py:4156} INFO - Setting next_dagrun for tutorial_taskflow_api_virtualenv to None, run_after=None
[2024-09-18T17:39:09.384-0500] {processor.py:208} INFO - Processing /Users/binhpham/Projects/dbt_project/venv/lib/python3.9/site-packages/airflow/example_dags/tutorial_taskflow_api_virtualenv.py took 0.147 seconds
[2024-09-18T17:40:35.414-0500] {processor.py:186} INFO - Started process (PID=24649) to work on /Users/binhpham/Projects/dbt_project/venv/lib/python3.9/site-packages/airflow/example_dags/tutorial_taskflow_api_virtualenv.py
[2024-09-18T17:40:35.417-0500] {processor.py:914} INFO - Processing file /Users/binhpham/Projects/dbt_project/venv/lib/python3.9/site-packages/airflow/example_dags/tutorial_taskflow_api_virtualenv.py for tasks to queue
[2024-09-18T17:40:35.418-0500] {logging_mixin.py:190} INFO - [2024-09-18T17:40:35.418-0500] {dagbag.py:587} INFO - Filling up the DagBag from /Users/binhpham/Projects/dbt_project/venv/lib/python3.9/site-packages/airflow/example_dags/tutorial_taskflow_api_virtualenv.py
[2024-09-18T17:40:35.446-0500] {processor.py:925} INFO - DAG(s) 'tutorial_taskflow_api_virtualenv' retrieved from /Users/binhpham/Projects/dbt_project/venv/lib/python3.9/site-packages/airflow/example_dags/tutorial_taskflow_api_virtualenv.py
[2024-09-18T17:40:35.560-0500] {logging_mixin.py:190} INFO - [2024-09-18T17:40:35.560-0500] {dag.py:3229} INFO - Sync 1 DAGs
[2024-09-18T17:40:35.566-0500] {logging_mixin.py:190} INFO - [2024-09-18T17:40:35.566-0500] {dag.py:4156} INFO - Setting next_dagrun for tutorial_taskflow_api_virtualenv to None, run_after=None
[2024-09-18T17:40:35.575-0500] {processor.py:208} INFO - Processing /Users/binhpham/Projects/dbt_project/venv/lib/python3.9/site-packages/airflow/example_dags/tutorial_taskflow_api_virtualenv.py took 0.163 seconds
[2024-09-18T17:42:00.790-0500] {processor.py:186} INFO - Started process (PID=24918) to work on /Users/binhpham/Projects/dbt_project/venv/lib/python3.9/site-packages/airflow/example_dags/tutorial_taskflow_api_virtualenv.py
[2024-09-18T17:42:00.792-0500] {processor.py:914} INFO - Processing file /Users/binhpham/Projects/dbt_project/venv/lib/python3.9/site-packages/airflow/example_dags/tutorial_taskflow_api_virtualenv.py for tasks to queue
[2024-09-18T17:42:00.792-0500] {logging_mixin.py:190} INFO - [2024-09-18T17:42:00.792-0500] {dagbag.py:587} INFO - Filling up the DagBag from /Users/binhpham/Projects/dbt_project/venv/lib/python3.9/site-packages/airflow/example_dags/tutorial_taskflow_api_virtualenv.py
[2024-09-18T17:42:00.812-0500] {processor.py:925} INFO - DAG(s) 'tutorial_taskflow_api_virtualenv' retrieved from /Users/binhpham/Projects/dbt_project/venv/lib/python3.9/site-packages/airflow/example_dags/tutorial_taskflow_api_virtualenv.py
[2024-09-18T17:42:00.910-0500] {logging_mixin.py:190} INFO - [2024-09-18T17:42:00.910-0500] {dag.py:3229} INFO - Sync 1 DAGs
[2024-09-18T17:42:00.916-0500] {logging_mixin.py:190} INFO - [2024-09-18T17:42:00.916-0500] {dag.py:4156} INFO - Setting next_dagrun for tutorial_taskflow_api_virtualenv to None, run_after=None
[2024-09-18T17:42:00.925-0500] {processor.py:208} INFO - Processing /Users/binhpham/Projects/dbt_project/venv/lib/python3.9/site-packages/airflow/example_dags/tutorial_taskflow_api_virtualenv.py took 0.137 seconds
[2024-09-18T17:43:26.518-0500] {processor.py:186} INFO - Started process (PID=25214) to work on /Users/binhpham/Projects/dbt_project/venv/lib/python3.9/site-packages/airflow/example_dags/tutorial_taskflow_api_virtualenv.py
[2024-09-18T17:43:26.520-0500] {processor.py:914} INFO - Processing file /Users/binhpham/Projects/dbt_project/venv/lib/python3.9/site-packages/airflow/example_dags/tutorial_taskflow_api_virtualenv.py for tasks to queue
[2024-09-18T17:43:26.521-0500] {logging_mixin.py:190} INFO - [2024-09-18T17:43:26.521-0500] {dagbag.py:587} INFO - Filling up the DagBag from /Users/binhpham/Projects/dbt_project/venv/lib/python3.9/site-packages/airflow/example_dags/tutorial_taskflow_api_virtualenv.py
[2024-09-18T17:43:26.541-0500] {processor.py:925} INFO - DAG(s) 'tutorial_taskflow_api_virtualenv' retrieved from /Users/binhpham/Projects/dbt_project/venv/lib/python3.9/site-packages/airflow/example_dags/tutorial_taskflow_api_virtualenv.py
[2024-09-18T17:43:26.652-0500] {logging_mixin.py:190} INFO - [2024-09-18T17:43:26.652-0500] {dag.py:3229} INFO - Sync 1 DAGs
[2024-09-18T17:43:26.658-0500] {logging_mixin.py:190} INFO - [2024-09-18T17:43:26.658-0500] {dag.py:4156} INFO - Setting next_dagrun for tutorial_taskflow_api_virtualenv to None, run_after=None
[2024-09-18T17:43:26.667-0500] {processor.py:208} INFO - Processing /Users/binhpham/Projects/dbt_project/venv/lib/python3.9/site-packages/airflow/example_dags/tutorial_taskflow_api_virtualenv.py took 0.151 seconds
[2024-09-18T17:44:50.684-0500] {processor.py:186} INFO - Started process (PID=25504) to work on /Users/binhpham/Projects/dbt_project/venv/lib/python3.9/site-packages/airflow/example_dags/tutorial_taskflow_api_virtualenv.py
[2024-09-18T17:44:50.687-0500] {processor.py:914} INFO - Processing file /Users/binhpham/Projects/dbt_project/venv/lib/python3.9/site-packages/airflow/example_dags/tutorial_taskflow_api_virtualenv.py for tasks to queue
[2024-09-18T17:44:50.688-0500] {logging_mixin.py:190} INFO - [2024-09-18T17:44:50.687-0500] {dagbag.py:587} INFO - Filling up the DagBag from /Users/binhpham/Projects/dbt_project/venv/lib/python3.9/site-packages/airflow/example_dags/tutorial_taskflow_api_virtualenv.py
[2024-09-18T17:44:50.710-0500] {processor.py:925} INFO - DAG(s) 'tutorial_taskflow_api_virtualenv' retrieved from /Users/binhpham/Projects/dbt_project/venv/lib/python3.9/site-packages/airflow/example_dags/tutorial_taskflow_api_virtualenv.py
[2024-09-18T17:44:50.819-0500] {logging_mixin.py:190} INFO - [2024-09-18T17:44:50.819-0500] {dag.py:3229} INFO - Sync 1 DAGs
[2024-09-18T17:44:50.826-0500] {logging_mixin.py:190} INFO - [2024-09-18T17:44:50.826-0500] {dag.py:4156} INFO - Setting next_dagrun for tutorial_taskflow_api_virtualenv to None, run_after=None
[2024-09-18T17:44:50.836-0500] {processor.py:208} INFO - Processing /Users/binhpham/Projects/dbt_project/venv/lib/python3.9/site-packages/airflow/example_dags/tutorial_taskflow_api_virtualenv.py took 0.153 seconds
