[2024-09-18T16:51:45.186-0500] {processor.py:186} INFO - Started process (PID=11727) to work on /Users/binhpham/Library/Python/3.9/lib/python/site-packages/airflow/example_dags/tutorial_objectstorage.py
[2024-09-18T16:51:45.188-0500] {processor.py:914} INFO - Processing file /Users/binhpham/Library/Python/3.9/lib/python/site-packages/airflow/example_dags/tutorial_objectstorage.py for tasks to queue
[2024-09-18T16:51:45.189-0500] {logging_mixin.py:190} INFO - [2024-09-18T16:51:45.189-0500] {dagbag.py:587} INFO - Filling up the DagBag from /Users/binhpham/Library/Python/3.9/lib/python/site-packages/airflow/example_dags/tutorial_objectstorage.py
[2024-09-18T16:51:45.209-0500] {processor.py:925} INFO - DAG(s) 'tutorial_objectstorage' retrieved from /Users/binhpham/Library/Python/3.9/lib/python/site-packages/airflow/example_dags/tutorial_objectstorage.py
[2024-09-18T16:51:45.268-0500] {logging_mixin.py:190} INFO - [2024-09-18T16:51:45.267-0500] {dag.py:3229} INFO - Sync 1 DAGs
[2024-09-18T16:51:45.274-0500] {logging_mixin.py:190} INFO - [2024-09-18T16:51:45.274-0500] {dag.py:4156} INFO - Setting next_dagrun for tutorial_objectstorage to None, run_after=None
[2024-09-18T16:51:45.283-0500] {processor.py:208} INFO - Processing /Users/binhpham/Library/Python/3.9/lib/python/site-packages/airflow/example_dags/tutorial_objectstorage.py took 0.098 seconds
[2024-09-18T16:53:44.584-0500] {processor.py:186} INFO - Started process (PID=12206) to work on /Users/binhpham/Library/Python/3.9/lib/python/site-packages/airflow/example_dags/tutorial_objectstorage.py
[2024-09-18T16:53:44.587-0500] {processor.py:914} INFO - Processing file /Users/binhpham/Library/Python/3.9/lib/python/site-packages/airflow/example_dags/tutorial_objectstorage.py for tasks to queue
[2024-09-18T16:53:44.587-0500] {logging_mixin.py:190} INFO - [2024-09-18T16:53:44.587-0500] {dagbag.py:587} INFO - Filling up the DagBag from /Users/binhpham/Library/Python/3.9/lib/python/site-packages/airflow/example_dags/tutorial_objectstorage.py
[2024-09-18T16:53:44.606-0500] {processor.py:925} INFO - DAG(s) 'tutorial_objectstorage' retrieved from /Users/binhpham/Library/Python/3.9/lib/python/site-packages/airflow/example_dags/tutorial_objectstorage.py
[2024-09-18T16:53:44.662-0500] {logging_mixin.py:190} INFO - [2024-09-18T16:53:44.661-0500] {dag.py:3229} INFO - Sync 1 DAGs
[2024-09-18T16:53:44.668-0500] {logging_mixin.py:190} INFO - [2024-09-18T16:53:44.668-0500] {dag.py:4156} INFO - Setting next_dagrun for tutorial_objectstorage to None, run_after=None
[2024-09-18T16:53:44.677-0500] {processor.py:208} INFO - Processing /Users/binhpham/Library/Python/3.9/lib/python/site-packages/airflow/example_dags/tutorial_objectstorage.py took 0.095 seconds
[2024-09-18T16:56:46.089-0500] {processor.py:186} INFO - Started process (PID=12826) to work on /Users/binhpham/Library/Python/3.9/lib/python/site-packages/airflow/example_dags/tutorial_objectstorage.py
[2024-09-18T16:56:46.092-0500] {processor.py:914} INFO - Processing file /Users/binhpham/Library/Python/3.9/lib/python/site-packages/airflow/example_dags/tutorial_objectstorage.py for tasks to queue
[2024-09-18T16:56:46.092-0500] {logging_mixin.py:190} INFO - [2024-09-18T16:56:46.092-0500] {dagbag.py:587} INFO - Filling up the DagBag from /Users/binhpham/Library/Python/3.9/lib/python/site-packages/airflow/example_dags/tutorial_objectstorage.py
[2024-09-18T16:56:46.110-0500] {processor.py:925} INFO - DAG(s) 'tutorial_objectstorage' retrieved from /Users/binhpham/Library/Python/3.9/lib/python/site-packages/airflow/example_dags/tutorial_objectstorage.py
[2024-09-18T16:56:46.163-0500] {logging_mixin.py:190} INFO - [2024-09-18T16:56:46.162-0500] {dag.py:3229} INFO - Sync 1 DAGs
[2024-09-18T16:56:46.168-0500] {logging_mixin.py:190} INFO - [2024-09-18T16:56:46.168-0500] {dag.py:4156} INFO - Setting next_dagrun for tutorial_objectstorage to None, run_after=None
[2024-09-18T16:56:46.178-0500] {processor.py:208} INFO - Processing /Users/binhpham/Library/Python/3.9/lib/python/site-packages/airflow/example_dags/tutorial_objectstorage.py took 0.090 seconds
[2024-09-18T16:58:46.607-0500] {processor.py:186} INFO - Started process (PID=13219) to work on /Users/binhpham/Library/Python/3.9/lib/python/site-packages/airflow/example_dags/tutorial_objectstorage.py
[2024-09-18T16:58:46.610-0500] {processor.py:914} INFO - Processing file /Users/binhpham/Library/Python/3.9/lib/python/site-packages/airflow/example_dags/tutorial_objectstorage.py for tasks to queue
[2024-09-18T16:58:46.610-0500] {logging_mixin.py:190} INFO - [2024-09-18T16:58:46.610-0500] {dagbag.py:587} INFO - Filling up the DagBag from /Users/binhpham/Library/Python/3.9/lib/python/site-packages/airflow/example_dags/tutorial_objectstorage.py
[2024-09-18T16:58:46.629-0500] {processor.py:925} INFO - DAG(s) 'tutorial_objectstorage' retrieved from /Users/binhpham/Library/Python/3.9/lib/python/site-packages/airflow/example_dags/tutorial_objectstorage.py
[2024-09-18T16:58:46.687-0500] {logging_mixin.py:190} INFO - [2024-09-18T16:58:46.686-0500] {dag.py:3229} INFO - Sync 1 DAGs
[2024-09-18T16:58:46.693-0500] {logging_mixin.py:190} INFO - [2024-09-18T16:58:46.693-0500] {dag.py:4156} INFO - Setting next_dagrun for tutorial_objectstorage to None, run_after=None
[2024-09-18T16:58:46.704-0500] {processor.py:208} INFO - Processing /Users/binhpham/Library/Python/3.9/lib/python/site-packages/airflow/example_dags/tutorial_objectstorage.py took 0.098 seconds
[2024-09-18T17:00:17.576-0500] {processor.py:186} INFO - Started process (PID=13526) to work on /Users/binhpham/Library/Python/3.9/lib/python/site-packages/airflow/example_dags/tutorial_objectstorage.py
[2024-09-18T17:00:17.578-0500] {processor.py:914} INFO - Processing file /Users/binhpham/Library/Python/3.9/lib/python/site-packages/airflow/example_dags/tutorial_objectstorage.py for tasks to queue
[2024-09-18T17:00:17.579-0500] {logging_mixin.py:190} INFO - [2024-09-18T17:00:17.578-0500] {dagbag.py:587} INFO - Filling up the DagBag from /Users/binhpham/Library/Python/3.9/lib/python/site-packages/airflow/example_dags/tutorial_objectstorage.py
[2024-09-18T17:00:17.598-0500] {processor.py:925} INFO - DAG(s) 'tutorial_objectstorage' retrieved from /Users/binhpham/Library/Python/3.9/lib/python/site-packages/airflow/example_dags/tutorial_objectstorage.py
[2024-09-18T17:00:17.652-0500] {logging_mixin.py:190} INFO - [2024-09-18T17:00:17.652-0500] {dag.py:3229} INFO - Sync 1 DAGs
[2024-09-18T17:00:17.659-0500] {logging_mixin.py:190} INFO - [2024-09-18T17:00:17.658-0500] {dag.py:4156} INFO - Setting next_dagrun for tutorial_objectstorage to None, run_after=None
[2024-09-18T17:00:17.669-0500] {processor.py:208} INFO - Processing /Users/binhpham/Library/Python/3.9/lib/python/site-packages/airflow/example_dags/tutorial_objectstorage.py took 0.094 seconds
[2024-09-18T17:01:44.273-0500] {processor.py:186} INFO - Started process (PID=13807) to work on /Users/binhpham/Library/Python/3.9/lib/python/site-packages/airflow/example_dags/tutorial_objectstorage.py
[2024-09-18T17:01:44.275-0500] {processor.py:914} INFO - Processing file /Users/binhpham/Library/Python/3.9/lib/python/site-packages/airflow/example_dags/tutorial_objectstorage.py for tasks to queue
[2024-09-18T17:01:44.275-0500] {logging_mixin.py:190} INFO - [2024-09-18T17:01:44.275-0500] {dagbag.py:587} INFO - Filling up the DagBag from /Users/binhpham/Library/Python/3.9/lib/python/site-packages/airflow/example_dags/tutorial_objectstorage.py
[2024-09-18T17:01:44.293-0500] {processor.py:925} INFO - DAG(s) 'tutorial_objectstorage' retrieved from /Users/binhpham/Library/Python/3.9/lib/python/site-packages/airflow/example_dags/tutorial_objectstorage.py
[2024-09-18T17:01:44.349-0500] {logging_mixin.py:190} INFO - [2024-09-18T17:01:44.349-0500] {dag.py:3229} INFO - Sync 1 DAGs
[2024-09-18T17:01:44.356-0500] {logging_mixin.py:190} INFO - [2024-09-18T17:01:44.356-0500] {dag.py:4156} INFO - Setting next_dagrun for tutorial_objectstorage to None, run_after=None
[2024-09-18T17:01:44.366-0500] {processor.py:208} INFO - Processing /Users/binhpham/Library/Python/3.9/lib/python/site-packages/airflow/example_dags/tutorial_objectstorage.py took 0.094 seconds
[2024-09-18T17:03:10.434-0500] {processor.py:186} INFO - Started process (PID=14098) to work on /Users/binhpham/Library/Python/3.9/lib/python/site-packages/airflow/example_dags/tutorial_objectstorage.py
[2024-09-18T17:03:10.436-0500] {processor.py:914} INFO - Processing file /Users/binhpham/Library/Python/3.9/lib/python/site-packages/airflow/example_dags/tutorial_objectstorage.py for tasks to queue
[2024-09-18T17:03:10.436-0500] {logging_mixin.py:190} INFO - [2024-09-18T17:03:10.436-0500] {dagbag.py:587} INFO - Filling up the DagBag from /Users/binhpham/Library/Python/3.9/lib/python/site-packages/airflow/example_dags/tutorial_objectstorage.py
[2024-09-18T17:03:10.454-0500] {processor.py:925} INFO - DAG(s) 'tutorial_objectstorage' retrieved from /Users/binhpham/Library/Python/3.9/lib/python/site-packages/airflow/example_dags/tutorial_objectstorage.py
[2024-09-18T17:03:10.507-0500] {logging_mixin.py:190} INFO - [2024-09-18T17:03:10.507-0500] {dag.py:3229} INFO - Sync 1 DAGs
[2024-09-18T17:03:10.513-0500] {logging_mixin.py:190} INFO - [2024-09-18T17:03:10.513-0500] {dag.py:4156} INFO - Setting next_dagrun for tutorial_objectstorage to None, run_after=None
[2024-09-18T17:03:10.523-0500] {processor.py:208} INFO - Processing /Users/binhpham/Library/Python/3.9/lib/python/site-packages/airflow/example_dags/tutorial_objectstorage.py took 0.090 seconds
[2024-09-18T17:04:38.118-0500] {processor.py:186} INFO - Started process (PID=14417) to work on /Users/binhpham/Library/Python/3.9/lib/python/site-packages/airflow/example_dags/tutorial_objectstorage.py
[2024-09-18T17:04:38.120-0500] {processor.py:914} INFO - Processing file /Users/binhpham/Library/Python/3.9/lib/python/site-packages/airflow/example_dags/tutorial_objectstorage.py for tasks to queue
[2024-09-18T17:04:38.120-0500] {logging_mixin.py:190} INFO - [2024-09-18T17:04:38.120-0500] {dagbag.py:587} INFO - Filling up the DagBag from /Users/binhpham/Library/Python/3.9/lib/python/site-packages/airflow/example_dags/tutorial_objectstorage.py
[2024-09-18T17:04:38.140-0500] {processor.py:925} INFO - DAG(s) 'tutorial_objectstorage' retrieved from /Users/binhpham/Library/Python/3.9/lib/python/site-packages/airflow/example_dags/tutorial_objectstorage.py
[2024-09-18T17:04:38.196-0500] {logging_mixin.py:190} INFO - [2024-09-18T17:04:38.196-0500] {dag.py:3229} INFO - Sync 1 DAGs
[2024-09-18T17:04:38.202-0500] {logging_mixin.py:190} INFO - [2024-09-18T17:04:38.202-0500] {dag.py:4156} INFO - Setting next_dagrun for tutorial_objectstorage to None, run_after=None
[2024-09-18T17:04:38.212-0500] {processor.py:208} INFO - Processing /Users/binhpham/Library/Python/3.9/lib/python/site-packages/airflow/example_dags/tutorial_objectstorage.py took 0.095 seconds
[2024-09-18T17:06:02.074-0500] {processor.py:186} INFO - Started process (PID=14714) to work on /Users/binhpham/Library/Python/3.9/lib/python/site-packages/airflow/example_dags/tutorial_objectstorage.py
[2024-09-18T17:06:02.076-0500] {processor.py:914} INFO - Processing file /Users/binhpham/Library/Python/3.9/lib/python/site-packages/airflow/example_dags/tutorial_objectstorage.py for tasks to queue
[2024-09-18T17:06:02.076-0500] {logging_mixin.py:190} INFO - [2024-09-18T17:06:02.076-0500] {dagbag.py:587} INFO - Filling up the DagBag from /Users/binhpham/Library/Python/3.9/lib/python/site-packages/airflow/example_dags/tutorial_objectstorage.py
[2024-09-18T17:06:02.095-0500] {processor.py:925} INFO - DAG(s) 'tutorial_objectstorage' retrieved from /Users/binhpham/Library/Python/3.9/lib/python/site-packages/airflow/example_dags/tutorial_objectstorage.py
[2024-09-18T17:06:02.149-0500] {logging_mixin.py:190} INFO - [2024-09-18T17:06:02.149-0500] {dag.py:3229} INFO - Sync 1 DAGs
[2024-09-18T17:06:02.155-0500] {logging_mixin.py:190} INFO - [2024-09-18T17:06:02.155-0500] {dag.py:4156} INFO - Setting next_dagrun for tutorial_objectstorage to None, run_after=None
[2024-09-18T17:06:02.165-0500] {processor.py:208} INFO - Processing /Users/binhpham/Library/Python/3.9/lib/python/site-packages/airflow/example_dags/tutorial_objectstorage.py took 0.093 seconds
[2024-09-18T17:07:26.065-0500] {processor.py:186} INFO - Started process (PID=15040) to work on /Users/binhpham/Library/Python/3.9/lib/python/site-packages/airflow/example_dags/tutorial_objectstorage.py
[2024-09-18T17:07:26.067-0500] {processor.py:914} INFO - Processing file /Users/binhpham/Library/Python/3.9/lib/python/site-packages/airflow/example_dags/tutorial_objectstorage.py for tasks to queue
[2024-09-18T17:07:26.067-0500] {logging_mixin.py:190} INFO - [2024-09-18T17:07:26.067-0500] {dagbag.py:587} INFO - Filling up the DagBag from /Users/binhpham/Library/Python/3.9/lib/python/site-packages/airflow/example_dags/tutorial_objectstorage.py
[2024-09-18T17:07:26.086-0500] {processor.py:925} INFO - DAG(s) 'tutorial_objectstorage' retrieved from /Users/binhpham/Library/Python/3.9/lib/python/site-packages/airflow/example_dags/tutorial_objectstorage.py
[2024-09-18T17:07:26.139-0500] {logging_mixin.py:190} INFO - [2024-09-18T17:07:26.139-0500] {dag.py:3229} INFO - Sync 1 DAGs
[2024-09-18T17:07:26.145-0500] {logging_mixin.py:190} INFO - [2024-09-18T17:07:26.145-0500] {dag.py:4156} INFO - Setting next_dagrun for tutorial_objectstorage to None, run_after=None
[2024-09-18T17:07:26.155-0500] {processor.py:208} INFO - Processing /Users/binhpham/Library/Python/3.9/lib/python/site-packages/airflow/example_dags/tutorial_objectstorage.py took 0.092 seconds
[2024-09-18T17:08:55.245-0500] {processor.py:186} INFO - Started process (PID=15349) to work on /Users/binhpham/Library/Python/3.9/lib/python/site-packages/airflow/example_dags/tutorial_objectstorage.py
[2024-09-18T17:08:55.246-0500] {processor.py:914} INFO - Processing file /Users/binhpham/Library/Python/3.9/lib/python/site-packages/airflow/example_dags/tutorial_objectstorage.py for tasks to queue
[2024-09-18T17:08:55.247-0500] {logging_mixin.py:190} INFO - [2024-09-18T17:08:55.247-0500] {dagbag.py:587} INFO - Filling up the DagBag from /Users/binhpham/Library/Python/3.9/lib/python/site-packages/airflow/example_dags/tutorial_objectstorage.py
[2024-09-18T17:08:55.265-0500] {processor.py:925} INFO - DAG(s) 'tutorial_objectstorage' retrieved from /Users/binhpham/Library/Python/3.9/lib/python/site-packages/airflow/example_dags/tutorial_objectstorage.py
[2024-09-18T17:08:55.317-0500] {logging_mixin.py:190} INFO - [2024-09-18T17:08:55.317-0500] {dag.py:3229} INFO - Sync 1 DAGs
[2024-09-18T17:08:55.323-0500] {logging_mixin.py:190} INFO - [2024-09-18T17:08:55.323-0500] {dag.py:4156} INFO - Setting next_dagrun for tutorial_objectstorage to None, run_after=None
[2024-09-18T17:08:55.332-0500] {processor.py:208} INFO - Processing /Users/binhpham/Library/Python/3.9/lib/python/site-packages/airflow/example_dags/tutorial_objectstorage.py took 0.089 seconds
[2024-09-18T17:10:24.676-0500] {processor.py:186} INFO - Started process (PID=15651) to work on /Users/binhpham/Library/Python/3.9/lib/python/site-packages/airflow/example_dags/tutorial_objectstorage.py
[2024-09-18T17:10:24.678-0500] {processor.py:914} INFO - Processing file /Users/binhpham/Library/Python/3.9/lib/python/site-packages/airflow/example_dags/tutorial_objectstorage.py for tasks to queue
[2024-09-18T17:10:24.678-0500] {logging_mixin.py:190} INFO - [2024-09-18T17:10:24.678-0500] {dagbag.py:587} INFO - Filling up the DagBag from /Users/binhpham/Library/Python/3.9/lib/python/site-packages/airflow/example_dags/tutorial_objectstorage.py
[2024-09-18T17:10:24.697-0500] {processor.py:925} INFO - DAG(s) 'tutorial_objectstorage' retrieved from /Users/binhpham/Library/Python/3.9/lib/python/site-packages/airflow/example_dags/tutorial_objectstorage.py
[2024-09-18T17:10:24.753-0500] {logging_mixin.py:190} INFO - [2024-09-18T17:10:24.753-0500] {dag.py:3229} INFO - Sync 1 DAGs
[2024-09-18T17:10:24.759-0500] {logging_mixin.py:190} INFO - [2024-09-18T17:10:24.759-0500] {dag.py:4156} INFO - Setting next_dagrun for tutorial_objectstorage to None, run_after=None
[2024-09-18T17:10:24.768-0500] {processor.py:208} INFO - Processing /Users/binhpham/Library/Python/3.9/lib/python/site-packages/airflow/example_dags/tutorial_objectstorage.py took 0.093 seconds
[2024-09-18T17:11:52.564-0500] {processor.py:186} INFO - Started process (PID=15974) to work on /Users/binhpham/Library/Python/3.9/lib/python/site-packages/airflow/example_dags/tutorial_objectstorage.py
[2024-09-18T17:11:52.566-0500] {processor.py:914} INFO - Processing file /Users/binhpham/Library/Python/3.9/lib/python/site-packages/airflow/example_dags/tutorial_objectstorage.py for tasks to queue
[2024-09-18T17:11:52.566-0500] {logging_mixin.py:190} INFO - [2024-09-18T17:11:52.566-0500] {dagbag.py:587} INFO - Filling up the DagBag from /Users/binhpham/Library/Python/3.9/lib/python/site-packages/airflow/example_dags/tutorial_objectstorage.py
[2024-09-18T17:11:52.584-0500] {processor.py:925} INFO - DAG(s) 'tutorial_objectstorage' retrieved from /Users/binhpham/Library/Python/3.9/lib/python/site-packages/airflow/example_dags/tutorial_objectstorage.py
[2024-09-18T17:11:52.636-0500] {logging_mixin.py:190} INFO - [2024-09-18T17:11:52.636-0500] {dag.py:3229} INFO - Sync 1 DAGs
[2024-09-18T17:11:52.642-0500] {logging_mixin.py:190} INFO - [2024-09-18T17:11:52.642-0500] {dag.py:4156} INFO - Setting next_dagrun for tutorial_objectstorage to None, run_after=None
[2024-09-18T17:11:52.651-0500] {processor.py:208} INFO - Processing /Users/binhpham/Library/Python/3.9/lib/python/site-packages/airflow/example_dags/tutorial_objectstorage.py took 0.089 seconds
[2024-09-18T17:13:21.342-0500] {processor.py:186} INFO - Started process (PID=16299) to work on /Users/binhpham/Library/Python/3.9/lib/python/site-packages/airflow/example_dags/tutorial_objectstorage.py
[2024-09-18T17:13:21.343-0500] {processor.py:914} INFO - Processing file /Users/binhpham/Library/Python/3.9/lib/python/site-packages/airflow/example_dags/tutorial_objectstorage.py for tasks to queue
[2024-09-18T17:13:21.344-0500] {logging_mixin.py:190} INFO - [2024-09-18T17:13:21.344-0500] {dagbag.py:587} INFO - Filling up the DagBag from /Users/binhpham/Library/Python/3.9/lib/python/site-packages/airflow/example_dags/tutorial_objectstorage.py
[2024-09-18T17:13:21.362-0500] {processor.py:925} INFO - DAG(s) 'tutorial_objectstorage' retrieved from /Users/binhpham/Library/Python/3.9/lib/python/site-packages/airflow/example_dags/tutorial_objectstorage.py
[2024-09-18T17:13:21.415-0500] {logging_mixin.py:190} INFO - [2024-09-18T17:13:21.415-0500] {dag.py:3229} INFO - Sync 1 DAGs
[2024-09-18T17:13:21.421-0500] {logging_mixin.py:190} INFO - [2024-09-18T17:13:21.421-0500] {dag.py:4156} INFO - Setting next_dagrun for tutorial_objectstorage to None, run_after=None
[2024-09-18T17:13:21.430-0500] {processor.py:208} INFO - Processing /Users/binhpham/Library/Python/3.9/lib/python/site-packages/airflow/example_dags/tutorial_objectstorage.py took 0.090 seconds
[2024-09-18T17:15:09.718-0500] {processor.py:186} INFO - Started process (PID=16789) to work on /Users/binhpham/Library/Python/3.9/lib/python/site-packages/airflow/example_dags/tutorial_objectstorage.py
[2024-09-18T17:15:09.720-0500] {processor.py:914} INFO - Processing file /Users/binhpham/Library/Python/3.9/lib/python/site-packages/airflow/example_dags/tutorial_objectstorage.py for tasks to queue
[2024-09-18T17:15:09.720-0500] {logging_mixin.py:190} INFO - [2024-09-18T17:15:09.720-0500] {dagbag.py:587} INFO - Filling up the DagBag from /Users/binhpham/Library/Python/3.9/lib/python/site-packages/airflow/example_dags/tutorial_objectstorage.py
[2024-09-18T17:15:09.738-0500] {processor.py:925} INFO - DAG(s) 'tutorial_objectstorage' retrieved from /Users/binhpham/Library/Python/3.9/lib/python/site-packages/airflow/example_dags/tutorial_objectstorage.py
[2024-09-18T17:15:09.791-0500] {logging_mixin.py:190} INFO - [2024-09-18T17:15:09.791-0500] {dag.py:3229} INFO - Sync 1 DAGs
[2024-09-18T17:15:09.797-0500] {logging_mixin.py:190} INFO - [2024-09-18T17:15:09.797-0500] {dag.py:4156} INFO - Setting next_dagrun for tutorial_objectstorage to None, run_after=None
[2024-09-18T17:15:09.806-0500] {processor.py:208} INFO - Processing /Users/binhpham/Library/Python/3.9/lib/python/site-packages/airflow/example_dags/tutorial_objectstorage.py took 0.090 seconds
[2024-09-18T17:17:11.466-0500] {processor.py:186} INFO - Started process (PID=17256) to work on /Users/binhpham/Library/Python/3.9/lib/python/site-packages/airflow/example_dags/tutorial_objectstorage.py
[2024-09-18T17:17:11.469-0500] {processor.py:914} INFO - Processing file /Users/binhpham/Library/Python/3.9/lib/python/site-packages/airflow/example_dags/tutorial_objectstorage.py for tasks to queue
[2024-09-18T17:17:11.470-0500] {logging_mixin.py:190} INFO - [2024-09-18T17:17:11.469-0500] {dagbag.py:587} INFO - Filling up the DagBag from /Users/binhpham/Library/Python/3.9/lib/python/site-packages/airflow/example_dags/tutorial_objectstorage.py
[2024-09-18T17:17:11.489-0500] {processor.py:925} INFO - DAG(s) 'tutorial_objectstorage' retrieved from /Users/binhpham/Library/Python/3.9/lib/python/site-packages/airflow/example_dags/tutorial_objectstorage.py
[2024-09-18T17:17:11.545-0500] {logging_mixin.py:190} INFO - [2024-09-18T17:17:11.545-0500] {dag.py:3229} INFO - Sync 1 DAGs
[2024-09-18T17:17:11.552-0500] {logging_mixin.py:190} INFO - [2024-09-18T17:17:11.551-0500] {dag.py:4156} INFO - Setting next_dagrun for tutorial_objectstorage to None, run_after=None
[2024-09-18T17:17:11.561-0500] {processor.py:208} INFO - Processing /Users/binhpham/Library/Python/3.9/lib/python/site-packages/airflow/example_dags/tutorial_objectstorage.py took 0.096 seconds
[2024-09-18T17:18:40.665-0500] {processor.py:186} INFO - Started process (PID=18132) to work on /Users/binhpham/Library/Python/3.9/lib/python/site-packages/airflow/example_dags/tutorial_objectstorage.py
[2024-09-18T17:18:40.667-0500] {processor.py:914} INFO - Processing file /Users/binhpham/Library/Python/3.9/lib/python/site-packages/airflow/example_dags/tutorial_objectstorage.py for tasks to queue
[2024-09-18T17:18:40.668-0500] {logging_mixin.py:190} INFO - [2024-09-18T17:18:40.668-0500] {dagbag.py:587} INFO - Filling up the DagBag from /Users/binhpham/Library/Python/3.9/lib/python/site-packages/airflow/example_dags/tutorial_objectstorage.py
[2024-09-18T17:18:40.688-0500] {processor.py:925} INFO - DAG(s) 'tutorial_objectstorage' retrieved from /Users/binhpham/Library/Python/3.9/lib/python/site-packages/airflow/example_dags/tutorial_objectstorage.py
[2024-09-18T17:18:40.745-0500] {logging_mixin.py:190} INFO - [2024-09-18T17:18:40.745-0500] {dag.py:3229} INFO - Sync 1 DAGs
[2024-09-18T17:18:40.752-0500] {logging_mixin.py:190} INFO - [2024-09-18T17:18:40.751-0500] {dag.py:4156} INFO - Setting next_dagrun for tutorial_objectstorage to None, run_after=None
[2024-09-18T17:18:40.761-0500] {processor.py:208} INFO - Processing /Users/binhpham/Library/Python/3.9/lib/python/site-packages/airflow/example_dags/tutorial_objectstorage.py took 0.098 seconds
[2024-09-18T17:20:11.099-0500] {processor.py:186} INFO - Started process (PID=18434) to work on /Users/binhpham/Library/Python/3.9/lib/python/site-packages/airflow/example_dags/tutorial_objectstorage.py
[2024-09-18T17:20:11.103-0500] {processor.py:914} INFO - Processing file /Users/binhpham/Library/Python/3.9/lib/python/site-packages/airflow/example_dags/tutorial_objectstorage.py for tasks to queue
[2024-09-18T17:20:11.103-0500] {logging_mixin.py:190} INFO - [2024-09-18T17:20:11.103-0500] {dagbag.py:587} INFO - Filling up the DagBag from /Users/binhpham/Library/Python/3.9/lib/python/site-packages/airflow/example_dags/tutorial_objectstorage.py
[2024-09-18T17:20:11.122-0500] {processor.py:925} INFO - DAG(s) 'tutorial_objectstorage' retrieved from /Users/binhpham/Library/Python/3.9/lib/python/site-packages/airflow/example_dags/tutorial_objectstorage.py
[2024-09-18T17:20:11.176-0500] {logging_mixin.py:190} INFO - [2024-09-18T17:20:11.175-0500] {dag.py:3229} INFO - Sync 1 DAGs
[2024-09-18T17:20:11.182-0500] {logging_mixin.py:190} INFO - [2024-09-18T17:20:11.181-0500] {dag.py:4156} INFO - Setting next_dagrun for tutorial_objectstorage to None, run_after=None
[2024-09-18T17:20:11.191-0500] {processor.py:208} INFO - Processing /Users/binhpham/Library/Python/3.9/lib/python/site-packages/airflow/example_dags/tutorial_objectstorage.py took 0.093 seconds
[2024-09-18T17:22:14.446-0500] {processor.py:186} INFO - Started process (PID=19480) to work on /Users/binhpham/Projects/dbt_project/venv/lib/python3.9/site-packages/airflow/example_dags/tutorial_objectstorage.py
[2024-09-18T17:22:14.448-0500] {processor.py:914} INFO - Processing file /Users/binhpham/Projects/dbt_project/venv/lib/python3.9/site-packages/airflow/example_dags/tutorial_objectstorage.py for tasks to queue
[2024-09-18T17:22:14.449-0500] {logging_mixin.py:190} INFO - [2024-09-18T17:22:14.449-0500] {dagbag.py:587} INFO - Filling up the DagBag from /Users/binhpham/Projects/dbt_project/venv/lib/python3.9/site-packages/airflow/example_dags/tutorial_objectstorage.py
[2024-09-18T17:22:14.468-0500] {processor.py:925} INFO - DAG(s) 'tutorial_objectstorage' retrieved from /Users/binhpham/Projects/dbt_project/venv/lib/python3.9/site-packages/airflow/example_dags/tutorial_objectstorage.py
[2024-09-18T17:22:14.593-0500] {logging_mixin.py:190} INFO - [2024-09-18T17:22:14.593-0500] {dag.py:3229} INFO - Sync 1 DAGs
[2024-09-18T17:22:14.599-0500] {logging_mixin.py:190} INFO - [2024-09-18T17:22:14.599-0500] {dag.py:4156} INFO - Setting next_dagrun for tutorial_objectstorage to None, run_after=None
[2024-09-18T17:22:14.610-0500] {processor.py:208} INFO - Processing /Users/binhpham/Projects/dbt_project/venv/lib/python3.9/site-packages/airflow/example_dags/tutorial_objectstorage.py took 0.165 seconds
[2024-09-18T17:24:10.762-0500] {processor.py:186} INFO - Started process (PID=19901) to work on /Users/binhpham/Projects/dbt_project/venv/lib/python3.9/site-packages/airflow/example_dags/tutorial_objectstorage.py
[2024-09-18T17:24:10.765-0500] {processor.py:914} INFO - Processing file /Users/binhpham/Projects/dbt_project/venv/lib/python3.9/site-packages/airflow/example_dags/tutorial_objectstorage.py for tasks to queue
[2024-09-18T17:24:10.765-0500] {logging_mixin.py:190} INFO - [2024-09-18T17:24:10.765-0500] {dagbag.py:587} INFO - Filling up the DagBag from /Users/binhpham/Projects/dbt_project/venv/lib/python3.9/site-packages/airflow/example_dags/tutorial_objectstorage.py
[2024-09-18T17:24:10.783-0500] {processor.py:925} INFO - DAG(s) 'tutorial_objectstorage' retrieved from /Users/binhpham/Projects/dbt_project/venv/lib/python3.9/site-packages/airflow/example_dags/tutorial_objectstorage.py
[2024-09-18T17:24:10.837-0500] {logging_mixin.py:190} INFO - [2024-09-18T17:24:10.837-0500] {dag.py:3229} INFO - Sync 1 DAGs
[2024-09-18T17:24:10.843-0500] {logging_mixin.py:190} INFO - [2024-09-18T17:24:10.843-0500] {dag.py:4156} INFO - Setting next_dagrun for tutorial_objectstorage to None, run_after=None
[2024-09-18T17:24:10.851-0500] {processor.py:208} INFO - Processing /Users/binhpham/Projects/dbt_project/venv/lib/python3.9/site-packages/airflow/example_dags/tutorial_objectstorage.py took 0.091 seconds
[2024-09-18T17:25:12.318-0500] {processor.py:186} INFO - Started process (PID=20158) to work on /Users/binhpham/Projects/dbt_project/venv/lib/python3.9/site-packages/airflow/example_dags/tutorial_objectstorage.py
[2024-09-18T17:25:12.320-0500] {processor.py:914} INFO - Processing file /Users/binhpham/Projects/dbt_project/venv/lib/python3.9/site-packages/airflow/example_dags/tutorial_objectstorage.py for tasks to queue
[2024-09-18T17:25:12.320-0500] {logging_mixin.py:190} INFO - [2024-09-18T17:25:12.320-0500] {dagbag.py:587} INFO - Filling up the DagBag from /Users/binhpham/Projects/dbt_project/venv/lib/python3.9/site-packages/airflow/example_dags/tutorial_objectstorage.py
[2024-09-18T17:25:12.340-0500] {processor.py:925} INFO - DAG(s) 'tutorial_objectstorage' retrieved from /Users/binhpham/Projects/dbt_project/venv/lib/python3.9/site-packages/airflow/example_dags/tutorial_objectstorage.py
[2024-09-18T17:25:12.393-0500] {logging_mixin.py:190} INFO - [2024-09-18T17:25:12.393-0500] {dag.py:3229} INFO - Sync 1 DAGs
[2024-09-18T17:25:12.399-0500] {logging_mixin.py:190} INFO - [2024-09-18T17:25:12.399-0500] {dag.py:4156} INFO - Setting next_dagrun for tutorial_objectstorage to None, run_after=None
[2024-09-18T17:25:12.408-0500] {processor.py:208} INFO - Processing /Users/binhpham/Projects/dbt_project/venv/lib/python3.9/site-packages/airflow/example_dags/tutorial_objectstorage.py took 0.091 seconds
[2024-09-18T17:26:16.073-0500] {processor.py:186} INFO - Started process (PID=20390) to work on /Users/binhpham/Projects/dbt_project/venv/lib/python3.9/site-packages/airflow/example_dags/tutorial_objectstorage.py
[2024-09-18T17:26:16.074-0500] {processor.py:914} INFO - Processing file /Users/binhpham/Projects/dbt_project/venv/lib/python3.9/site-packages/airflow/example_dags/tutorial_objectstorage.py for tasks to queue
[2024-09-18T17:26:16.075-0500] {logging_mixin.py:190} INFO - [2024-09-18T17:26:16.075-0500] {dagbag.py:587} INFO - Filling up the DagBag from /Users/binhpham/Projects/dbt_project/venv/lib/python3.9/site-packages/airflow/example_dags/tutorial_objectstorage.py
[2024-09-18T17:26:16.093-0500] {processor.py:925} INFO - DAG(s) 'tutorial_objectstorage' retrieved from /Users/binhpham/Projects/dbt_project/venv/lib/python3.9/site-packages/airflow/example_dags/tutorial_objectstorage.py
[2024-09-18T17:26:16.145-0500] {logging_mixin.py:190} INFO - [2024-09-18T17:26:16.145-0500] {dag.py:3229} INFO - Sync 1 DAGs
[2024-09-18T17:26:16.150-0500] {logging_mixin.py:190} INFO - [2024-09-18T17:26:16.150-0500] {dag.py:4156} INFO - Setting next_dagrun for tutorial_objectstorage to None, run_after=None
[2024-09-18T17:26:16.159-0500] {processor.py:208} INFO - Processing /Users/binhpham/Projects/dbt_project/venv/lib/python3.9/site-packages/airflow/example_dags/tutorial_objectstorage.py took 0.088 seconds
[2024-09-18T17:28:41.486-0500] {processor.py:186} INFO - Started process (PID=21047) to work on /Users/binhpham/Projects/dbt_project/venv/lib/python3.9/site-packages/airflow/example_dags/tutorial_objectstorage.py
[2024-09-18T17:28:41.489-0500] {processor.py:914} INFO - Processing file /Users/binhpham/Projects/dbt_project/venv/lib/python3.9/site-packages/airflow/example_dags/tutorial_objectstorage.py for tasks to queue
[2024-09-18T17:28:41.489-0500] {logging_mixin.py:190} INFO - [2024-09-18T17:28:41.489-0500] {dagbag.py:587} INFO - Filling up the DagBag from /Users/binhpham/Projects/dbt_project/venv/lib/python3.9/site-packages/airflow/example_dags/tutorial_objectstorage.py
[2024-09-18T17:28:41.509-0500] {processor.py:925} INFO - DAG(s) 'tutorial_objectstorage' retrieved from /Users/binhpham/Projects/dbt_project/venv/lib/python3.9/site-packages/airflow/example_dags/tutorial_objectstorage.py
[2024-09-18T17:28:41.563-0500] {logging_mixin.py:190} INFO - [2024-09-18T17:28:41.563-0500] {dag.py:3229} INFO - Sync 1 DAGs
[2024-09-18T17:28:41.568-0500] {logging_mixin.py:190} INFO - [2024-09-18T17:28:41.568-0500] {dag.py:4156} INFO - Setting next_dagrun for tutorial_objectstorage to None, run_after=None
[2024-09-18T17:28:41.577-0500] {processor.py:208} INFO - Processing /Users/binhpham/Projects/dbt_project/venv/lib/python3.9/site-packages/airflow/example_dags/tutorial_objectstorage.py took 0.093 seconds
[2024-09-18T17:30:39.468-0500] {processor.py:186} INFO - Started process (PID=22061) to work on /Users/binhpham/Projects/dbt_project/venv/lib/python3.9/site-packages/airflow/example_dags/tutorial_objectstorage.py
[2024-09-18T17:30:39.469-0500] {processor.py:914} INFO - Processing file /Users/binhpham/Projects/dbt_project/venv/lib/python3.9/site-packages/airflow/example_dags/tutorial_objectstorage.py for tasks to queue
[2024-09-18T17:30:39.470-0500] {logging_mixin.py:190} INFO - [2024-09-18T17:30:39.470-0500] {dagbag.py:587} INFO - Filling up the DagBag from /Users/binhpham/Projects/dbt_project/venv/lib/python3.9/site-packages/airflow/example_dags/tutorial_objectstorage.py
[2024-09-18T17:30:39.488-0500] {processor.py:925} INFO - DAG(s) 'tutorial_objectstorage' retrieved from /Users/binhpham/Projects/dbt_project/venv/lib/python3.9/site-packages/airflow/example_dags/tutorial_objectstorage.py
[2024-09-18T17:30:39.540-0500] {logging_mixin.py:190} INFO - [2024-09-18T17:30:39.540-0500] {dag.py:3229} INFO - Sync 1 DAGs
[2024-09-18T17:30:39.546-0500] {logging_mixin.py:190} INFO - [2024-09-18T17:30:39.546-0500] {dag.py:4156} INFO - Setting next_dagrun for tutorial_objectstorage to None, run_after=None
[2024-09-18T17:30:39.555-0500] {processor.py:208} INFO - Processing /Users/binhpham/Projects/dbt_project/venv/lib/python3.9/site-packages/airflow/example_dags/tutorial_objectstorage.py took 0.089 seconds
[2024-09-18T17:32:03.068-0500] {processor.py:186} INFO - Started process (PID=22701) to work on /Users/binhpham/Projects/dbt_project/venv/lib/python3.9/site-packages/airflow/example_dags/tutorial_objectstorage.py
[2024-09-18T17:32:03.070-0500] {processor.py:914} INFO - Processing file /Users/binhpham/Projects/dbt_project/venv/lib/python3.9/site-packages/airflow/example_dags/tutorial_objectstorage.py for tasks to queue
[2024-09-18T17:32:03.071-0500] {logging_mixin.py:190} INFO - [2024-09-18T17:32:03.070-0500] {dagbag.py:587} INFO - Filling up the DagBag from /Users/binhpham/Projects/dbt_project/venv/lib/python3.9/site-packages/airflow/example_dags/tutorial_objectstorage.py
[2024-09-18T17:32:03.089-0500] {processor.py:925} INFO - DAG(s) 'tutorial_objectstorage' retrieved from /Users/binhpham/Projects/dbt_project/venv/lib/python3.9/site-packages/airflow/example_dags/tutorial_objectstorage.py
[2024-09-18T17:32:03.142-0500] {logging_mixin.py:190} INFO - [2024-09-18T17:32:03.141-0500] {dag.py:3229} INFO - Sync 1 DAGs
[2024-09-18T17:32:03.147-0500] {logging_mixin.py:190} INFO - [2024-09-18T17:32:03.147-0500] {dag.py:4156} INFO - Setting next_dagrun for tutorial_objectstorage to None, run_after=None
[2024-09-18T17:32:03.156-0500] {processor.py:208} INFO - Processing /Users/binhpham/Projects/dbt_project/venv/lib/python3.9/site-packages/airflow/example_dags/tutorial_objectstorage.py took 0.090 seconds
[2024-09-18T17:33:30.956-0500] {processor.py:186} INFO - Started process (PID=23024) to work on /Users/binhpham/Projects/dbt_project/venv/lib/python3.9/site-packages/airflow/example_dags/tutorial_objectstorage.py
[2024-09-18T17:33:30.959-0500] {processor.py:914} INFO - Processing file /Users/binhpham/Projects/dbt_project/venv/lib/python3.9/site-packages/airflow/example_dags/tutorial_objectstorage.py for tasks to queue
[2024-09-18T17:33:30.959-0500] {logging_mixin.py:190} INFO - [2024-09-18T17:33:30.959-0500] {dagbag.py:587} INFO - Filling up the DagBag from /Users/binhpham/Projects/dbt_project/venv/lib/python3.9/site-packages/airflow/example_dags/tutorial_objectstorage.py
[2024-09-18T17:33:30.978-0500] {processor.py:925} INFO - DAG(s) 'tutorial_objectstorage' retrieved from /Users/binhpham/Projects/dbt_project/venv/lib/python3.9/site-packages/airflow/example_dags/tutorial_objectstorage.py
[2024-09-18T17:33:31.034-0500] {logging_mixin.py:190} INFO - [2024-09-18T17:33:31.033-0500] {dag.py:3229} INFO - Sync 1 DAGs
[2024-09-18T17:33:31.039-0500] {logging_mixin.py:190} INFO - [2024-09-18T17:33:31.039-0500] {dag.py:4156} INFO - Setting next_dagrun for tutorial_objectstorage to None, run_after=None
[2024-09-18T17:33:31.049-0500] {processor.py:208} INFO - Processing /Users/binhpham/Projects/dbt_project/venv/lib/python3.9/site-packages/airflow/example_dags/tutorial_objectstorage.py took 0.094 seconds
[2024-09-18T17:34:28.002-0500] {processor.py:186} INFO - Started process (PID=23230) to work on /Users/binhpham/Projects/dbt_project/venv/lib/python3.9/site-packages/airflow/example_dags/tutorial_objectstorage.py
[2024-09-18T17:34:28.005-0500] {processor.py:914} INFO - Processing file /Users/binhpham/Projects/dbt_project/venv/lib/python3.9/site-packages/airflow/example_dags/tutorial_objectstorage.py for tasks to queue
[2024-09-18T17:34:28.005-0500] {logging_mixin.py:190} INFO - [2024-09-18T17:34:28.005-0500] {dagbag.py:587} INFO - Filling up the DagBag from /Users/binhpham/Projects/dbt_project/venv/lib/python3.9/site-packages/airflow/example_dags/tutorial_objectstorage.py
[2024-09-18T17:34:28.024-0500] {processor.py:925} INFO - DAG(s) 'tutorial_objectstorage' retrieved from /Users/binhpham/Projects/dbt_project/venv/lib/python3.9/site-packages/airflow/example_dags/tutorial_objectstorage.py
[2024-09-18T17:34:28.081-0500] {logging_mixin.py:190} INFO - [2024-09-18T17:34:28.081-0500] {dag.py:3229} INFO - Sync 1 DAGs
[2024-09-18T17:34:28.087-0500] {logging_mixin.py:190} INFO - [2024-09-18T17:34:28.086-0500] {dag.py:4156} INFO - Setting next_dagrun for tutorial_objectstorage to None, run_after=None
[2024-09-18T17:34:28.096-0500] {processor.py:208} INFO - Processing /Users/binhpham/Projects/dbt_project/venv/lib/python3.9/site-packages/airflow/example_dags/tutorial_objectstorage.py took 0.096 seconds
[2024-09-18T17:36:26.757-0500] {processor.py:186} INFO - Started process (PID=23863) to work on /Users/binhpham/Projects/dbt_project/venv/lib/python3.9/site-packages/airflow/example_dags/tutorial_objectstorage.py
[2024-09-18T17:36:26.759-0500] {processor.py:914} INFO - Processing file /Users/binhpham/Projects/dbt_project/venv/lib/python3.9/site-packages/airflow/example_dags/tutorial_objectstorage.py for tasks to queue
[2024-09-18T17:36:26.759-0500] {logging_mixin.py:190} INFO - [2024-09-18T17:36:26.759-0500] {dagbag.py:587} INFO - Filling up the DagBag from /Users/binhpham/Projects/dbt_project/venv/lib/python3.9/site-packages/airflow/example_dags/tutorial_objectstorage.py
[2024-09-18T17:36:26.779-0500] {processor.py:925} INFO - DAG(s) 'tutorial_objectstorage' retrieved from /Users/binhpham/Projects/dbt_project/venv/lib/python3.9/site-packages/airflow/example_dags/tutorial_objectstorage.py
[2024-09-18T17:36:26.836-0500] {logging_mixin.py:190} INFO - [2024-09-18T17:36:26.836-0500] {dag.py:3229} INFO - Sync 1 DAGs
[2024-09-18T17:36:26.842-0500] {logging_mixin.py:190} INFO - [2024-09-18T17:36:26.842-0500] {dag.py:4156} INFO - Setting next_dagrun for tutorial_objectstorage to None, run_after=None
[2024-09-18T17:36:26.852-0500] {processor.py:208} INFO - Processing /Users/binhpham/Projects/dbt_project/venv/lib/python3.9/site-packages/airflow/example_dags/tutorial_objectstorage.py took 0.096 seconds
[2024-09-18T17:37:51.110-0500] {processor.py:186} INFO - Started process (PID=24127) to work on /Users/binhpham/Projects/dbt_project/venv/lib/python3.9/site-packages/airflow/example_dags/tutorial_objectstorage.py
[2024-09-18T17:37:51.112-0500] {processor.py:914} INFO - Processing file /Users/binhpham/Projects/dbt_project/venv/lib/python3.9/site-packages/airflow/example_dags/tutorial_objectstorage.py for tasks to queue
[2024-09-18T17:37:51.112-0500] {logging_mixin.py:190} INFO - [2024-09-18T17:37:51.112-0500] {dagbag.py:587} INFO - Filling up the DagBag from /Users/binhpham/Projects/dbt_project/venv/lib/python3.9/site-packages/airflow/example_dags/tutorial_objectstorage.py
[2024-09-18T17:37:51.131-0500] {processor.py:925} INFO - DAG(s) 'tutorial_objectstorage' retrieved from /Users/binhpham/Projects/dbt_project/venv/lib/python3.9/site-packages/airflow/example_dags/tutorial_objectstorage.py
[2024-09-18T17:37:51.182-0500] {logging_mixin.py:190} INFO - [2024-09-18T17:37:51.182-0500] {dag.py:3229} INFO - Sync 1 DAGs
[2024-09-18T17:37:51.188-0500] {logging_mixin.py:190} INFO - [2024-09-18T17:37:51.188-0500] {dag.py:4156} INFO - Setting next_dagrun for tutorial_objectstorage to None, run_after=None
[2024-09-18T17:37:51.196-0500] {processor.py:208} INFO - Processing /Users/binhpham/Projects/dbt_project/venv/lib/python3.9/site-packages/airflow/example_dags/tutorial_objectstorage.py took 0.088 seconds
[2024-09-18T17:39:13.027-0500] {processor.py:186} INFO - Started process (PID=24388) to work on /Users/binhpham/Projects/dbt_project/venv/lib/python3.9/site-packages/airflow/example_dags/tutorial_objectstorage.py
[2024-09-18T17:39:13.030-0500] {processor.py:914} INFO - Processing file /Users/binhpham/Projects/dbt_project/venv/lib/python3.9/site-packages/airflow/example_dags/tutorial_objectstorage.py for tasks to queue
[2024-09-18T17:39:13.030-0500] {logging_mixin.py:190} INFO - [2024-09-18T17:39:13.030-0500] {dagbag.py:587} INFO - Filling up the DagBag from /Users/binhpham/Projects/dbt_project/venv/lib/python3.9/site-packages/airflow/example_dags/tutorial_objectstorage.py
[2024-09-18T17:39:13.052-0500] {processor.py:925} INFO - DAG(s) 'tutorial_objectstorage' retrieved from /Users/binhpham/Projects/dbt_project/venv/lib/python3.9/site-packages/airflow/example_dags/tutorial_objectstorage.py
[2024-09-18T17:39:13.108-0500] {logging_mixin.py:190} INFO - [2024-09-18T17:39:13.108-0500] {dag.py:3229} INFO - Sync 1 DAGs
[2024-09-18T17:39:13.114-0500] {logging_mixin.py:190} INFO - [2024-09-18T17:39:13.114-0500] {dag.py:4156} INFO - Setting next_dagrun for tutorial_objectstorage to None, run_after=None
[2024-09-18T17:39:13.124-0500] {processor.py:208} INFO - Processing /Users/binhpham/Projects/dbt_project/venv/lib/python3.9/site-packages/airflow/example_dags/tutorial_objectstorage.py took 0.099 seconds
[2024-09-18T17:40:39.670-0500] {processor.py:186} INFO - Started process (PID=24662) to work on /Users/binhpham/Projects/dbt_project/venv/lib/python3.9/site-packages/airflow/example_dags/tutorial_objectstorage.py
[2024-09-18T17:40:39.673-0500] {processor.py:914} INFO - Processing file /Users/binhpham/Projects/dbt_project/venv/lib/python3.9/site-packages/airflow/example_dags/tutorial_objectstorage.py for tasks to queue
[2024-09-18T17:40:39.673-0500] {logging_mixin.py:190} INFO - [2024-09-18T17:40:39.673-0500] {dagbag.py:587} INFO - Filling up the DagBag from /Users/binhpham/Projects/dbt_project/venv/lib/python3.9/site-packages/airflow/example_dags/tutorial_objectstorage.py
[2024-09-18T17:40:39.692-0500] {processor.py:925} INFO - DAG(s) 'tutorial_objectstorage' retrieved from /Users/binhpham/Projects/dbt_project/venv/lib/python3.9/site-packages/airflow/example_dags/tutorial_objectstorage.py
[2024-09-18T17:40:39.746-0500] {logging_mixin.py:190} INFO - [2024-09-18T17:40:39.746-0500] {dag.py:3229} INFO - Sync 1 DAGs
[2024-09-18T17:40:39.752-0500] {logging_mixin.py:190} INFO - [2024-09-18T17:40:39.752-0500] {dag.py:4156} INFO - Setting next_dagrun for tutorial_objectstorage to None, run_after=None
[2024-09-18T17:40:39.762-0500] {processor.py:208} INFO - Processing /Users/binhpham/Projects/dbt_project/venv/lib/python3.9/site-packages/airflow/example_dags/tutorial_objectstorage.py took 0.094 seconds
[2024-09-18T17:42:04.953-0500] {processor.py:186} INFO - Started process (PID=24939) to work on /Users/binhpham/Projects/dbt_project/venv/lib/python3.9/site-packages/airflow/example_dags/tutorial_objectstorage.py
[2024-09-18T17:42:04.954-0500] {processor.py:914} INFO - Processing file /Users/binhpham/Projects/dbt_project/venv/lib/python3.9/site-packages/airflow/example_dags/tutorial_objectstorage.py for tasks to queue
[2024-09-18T17:42:04.955-0500] {logging_mixin.py:190} INFO - [2024-09-18T17:42:04.955-0500] {dagbag.py:587} INFO - Filling up the DagBag from /Users/binhpham/Projects/dbt_project/venv/lib/python3.9/site-packages/airflow/example_dags/tutorial_objectstorage.py
[2024-09-18T17:42:04.980-0500] {processor.py:925} INFO - DAG(s) 'tutorial_objectstorage' retrieved from /Users/binhpham/Projects/dbt_project/venv/lib/python3.9/site-packages/airflow/example_dags/tutorial_objectstorage.py
[2024-09-18T17:42:05.043-0500] {logging_mixin.py:190} INFO - [2024-09-18T17:42:05.043-0500] {dag.py:3229} INFO - Sync 1 DAGs
[2024-09-18T17:42:05.054-0500] {logging_mixin.py:190} INFO - [2024-09-18T17:42:05.054-0500] {dag.py:4156} INFO - Setting next_dagrun for tutorial_objectstorage to None, run_after=None
[2024-09-18T17:42:05.066-0500] {processor.py:208} INFO - Processing /Users/binhpham/Projects/dbt_project/venv/lib/python3.9/site-packages/airflow/example_dags/tutorial_objectstorage.py took 0.116 seconds
[2024-09-18T17:43:30.574-0500] {processor.py:186} INFO - Started process (PID=25229) to work on /Users/binhpham/Projects/dbt_project/venv/lib/python3.9/site-packages/airflow/example_dags/tutorial_objectstorage.py
[2024-09-18T17:43:30.577-0500] {processor.py:914} INFO - Processing file /Users/binhpham/Projects/dbt_project/venv/lib/python3.9/site-packages/airflow/example_dags/tutorial_objectstorage.py for tasks to queue
[2024-09-18T17:43:30.577-0500] {logging_mixin.py:190} INFO - [2024-09-18T17:43:30.577-0500] {dagbag.py:587} INFO - Filling up the DagBag from /Users/binhpham/Projects/dbt_project/venv/lib/python3.9/site-packages/airflow/example_dags/tutorial_objectstorage.py
[2024-09-18T17:43:30.596-0500] {processor.py:925} INFO - DAG(s) 'tutorial_objectstorage' retrieved from /Users/binhpham/Projects/dbt_project/venv/lib/python3.9/site-packages/airflow/example_dags/tutorial_objectstorage.py
[2024-09-18T17:43:30.649-0500] {logging_mixin.py:190} INFO - [2024-09-18T17:43:30.649-0500] {dag.py:3229} INFO - Sync 1 DAGs
[2024-09-18T17:43:30.654-0500] {logging_mixin.py:190} INFO - [2024-09-18T17:43:30.654-0500] {dag.py:4156} INFO - Setting next_dagrun for tutorial_objectstorage to None, run_after=None
[2024-09-18T17:43:30.663-0500] {processor.py:208} INFO - Processing /Users/binhpham/Projects/dbt_project/venv/lib/python3.9/site-packages/airflow/example_dags/tutorial_objectstorage.py took 0.091 seconds
[2024-09-18T17:44:54.821-0500] {processor.py:186} INFO - Started process (PID=25513) to work on /Users/binhpham/Projects/dbt_project/venv/lib/python3.9/site-packages/airflow/example_dags/tutorial_objectstorage.py
[2024-09-18T17:44:54.823-0500] {processor.py:914} INFO - Processing file /Users/binhpham/Projects/dbt_project/venv/lib/python3.9/site-packages/airflow/example_dags/tutorial_objectstorage.py for tasks to queue
[2024-09-18T17:44:54.824-0500] {logging_mixin.py:190} INFO - [2024-09-18T17:44:54.824-0500] {dagbag.py:587} INFO - Filling up the DagBag from /Users/binhpham/Projects/dbt_project/venv/lib/python3.9/site-packages/airflow/example_dags/tutorial_objectstorage.py
[2024-09-18T17:44:54.845-0500] {processor.py:925} INFO - DAG(s) 'tutorial_objectstorage' retrieved from /Users/binhpham/Projects/dbt_project/venv/lib/python3.9/site-packages/airflow/example_dags/tutorial_objectstorage.py
[2024-09-18T17:44:54.907-0500] {logging_mixin.py:190} INFO - [2024-09-18T17:44:54.907-0500] {dag.py:3229} INFO - Sync 1 DAGs
[2024-09-18T17:44:54.913-0500] {logging_mixin.py:190} INFO - [2024-09-18T17:44:54.913-0500] {dag.py:4156} INFO - Setting next_dagrun for tutorial_objectstorage to None, run_after=None
[2024-09-18T17:44:54.924-0500] {processor.py:208} INFO - Processing /Users/binhpham/Projects/dbt_project/venv/lib/python3.9/site-packages/airflow/example_dags/tutorial_objectstorage.py took 0.105 seconds
