[2024-09-19T10:23:39.115-0500] {local_task_job_runner.py:123} INFO - ::group::Pre task execution logs
[2024-09-19T10:23:39.120-0500] {taskinstance.py:2612} INFO - Dependencies all met for dep_context=non-requeueable deps ti=<TaskInstance: etl_pipeline.fetch_data manual__2024-09-19T15:23:36.937809+00:00 [queued]>
[2024-09-19T10:23:39.122-0500] {taskinstance.py:2612} INFO - Dependencies all met for dep_context=requeueable deps ti=<TaskInstance: etl_pipeline.fetch_data manual__2024-09-19T15:23:36.937809+00:00 [queued]>
[2024-09-19T10:23:39.122-0500] {taskinstance.py:2865} INFO - Starting attempt 1 of 1
[2024-09-19T10:23:39.127-0500] {taskinstance.py:2888} INFO - Executing <Task(PythonOperator): fetch_data> on 2024-09-19 15:23:36.937809+00:00
[2024-09-19T10:23:39.131-0500] {standard_task_runner.py:72} INFO - Started process 13281 to run task
[2024-09-19T10:23:39.134-0500] {standard_task_runner.py:104} INFO - Running: ['airflow', 'tasks', 'run', 'etl_pipeline', 'fetch_data', 'manual__2024-09-19T15:23:36.937809+00:00', '--job-id', '39', '--raw', '--subdir', 'DAGS_FOLDER/etl_pipeline.py', '--cfg-path', '/var/folders/48/1hc7518x2bsfgjm34fs7dth00000gn/T/tmpun9nvibw']
[2024-09-19T10:23:39.135-0500] {standard_task_runner.py:105} INFO - Job 39: Subtask fetch_data
[2024-09-19T10:23:39.154-0500] {task_command.py:467} INFO - Running <TaskInstance: etl_pipeline.fetch_data manual__2024-09-19T15:23:36.937809+00:00 [running]> on host binhs-macbook-pro.local
[2024-09-19T10:23:39.177-0500] {taskinstance.py:3131} INFO - Exporting env vars: AIRFLOW_CTX_DAG_OWNER='airflow' AIRFLOW_CTX_DAG_ID='etl_pipeline' AIRFLOW_CTX_TASK_ID='fetch_data' AIRFLOW_CTX_EXECUTION_DATE='2024-09-19T15:23:36.937809+00:00' AIRFLOW_CTX_TRY_NUMBER='1' AIRFLOW_CTX_DAG_RUN_ID='manual__2024-09-19T15:23:36.937809+00:00'
[2024-09-19T10:23:39.178-0500] {logging_mixin.py:190} INFO - Task instance is in running state
[2024-09-19T10:23:39.178-0500] {logging_mixin.py:190} INFO -  Previous state of the Task instance: queued
[2024-09-19T10:23:39.178-0500] {logging_mixin.py:190} INFO - Current task name:fetch_data state:running start_date:2024-09-19 15:23:39.120135+00:00
[2024-09-19T10:23:39.178-0500] {logging_mixin.py:190} INFO - Dag name:etl_pipeline and current dag run status:running
[2024-09-19T10:23:39.178-0500] {taskinstance.py:731} INFO - ::endgroup::
[2024-09-19T10:23:39.182-0500] {python.py:240} INFO - Done. Returned value was: None
[2024-09-19T10:23:39.184-0500] {taskinstance.py:340} INFO - ::group::Post task execution logs
[2024-09-19T10:23:39.184-0500] {taskinstance.py:352} INFO - Marking task as SUCCESS. dag_id=etl_pipeline, task_id=fetch_data, run_id=manual__2024-09-19T15:23:36.937809+00:00, execution_date=20240919T152336, start_date=20240919T152339, end_date=20240919T152339
[2024-09-19T10:23:39.187-0500] {logging_mixin.py:190} INFO - Task instance in success state
[2024-09-19T10:23:39.187-0500] {logging_mixin.py:190} INFO -  Previous state of the Task instance: running
[2024-09-19T10:23:39.187-0500] {logging_mixin.py:190} INFO - Dag name:etl_pipeline queued_at:2024-09-19 15:23:36.944574+00:00
[2024-09-19T10:23:39.187-0500] {logging_mixin.py:190} INFO - Task hostname:binhs-macbook-pro.local operator:PythonOperator
[2024-09-19T10:23:39.193-0500] {local_task_job_runner.py:266} INFO - Task exited with return code 0
[2024-09-19T10:23:39.200-0500] {taskinstance.py:3900} INFO - 1 downstream tasks scheduled from follow-on schedule check
[2024-09-19T10:23:39.201-0500] {local_task_job_runner.py:245} INFO - ::endgroup::
