[2024-09-06T19:46:31.342-0500] {processor.py:186} INFO - Started process (PID=34950) to work on /Users/binhpham/Library/Python/3.9/lib/python/site-packages/airflow/example_dags/example_branch_datetime_operator.py
[2024-09-06T19:46:31.343-0500] {processor.py:914} INFO - Processing file /Users/binhpham/Library/Python/3.9/lib/python/site-packages/airflow/example_dags/example_branch_datetime_operator.py for tasks to queue
[2024-09-06T19:46:31.344-0500] {logging_mixin.py:190} INFO - [2024-09-06T19:46:31.344-0500] {dagbag.py:587} INFO - Filling up the DagBag from /Users/binhpham/Library/Python/3.9/lib/python/site-packages/airflow/example_dags/example_branch_datetime_operator.py
[2024-09-06T19:46:31.350-0500] {processor.py:925} INFO - DAG(s) 'example_branch_datetime_operator_3', 'example_branch_datetime_operator_2', 'example_branch_datetime_operator' retrieved from /Users/binhpham/Library/Python/3.9/lib/python/site-packages/airflow/example_dags/example_branch_datetime_operator.py
[2024-09-06T19:46:31.430-0500] {logging_mixin.py:190} INFO - [2024-09-06T19:46:31.429-0500] {override.py:1900} INFO - Created Permission View: can delete on DAG:example_branch_datetime_operator_3
[2024-09-06T19:46:31.434-0500] {logging_mixin.py:190} INFO - [2024-09-06T19:46:31.434-0500] {override.py:1900} INFO - Created Permission View: can edit on DAG:example_branch_datetime_operator_3
[2024-09-06T19:46:31.436-0500] {logging_mixin.py:190} INFO - [2024-09-06T19:46:31.436-0500] {override.py:1900} INFO - Created Permission View: can read on DAG:example_branch_datetime_operator_3
[2024-09-06T19:46:31.439-0500] {logging_mixin.py:190} INFO - [2024-09-06T19:46:31.439-0500] {override.py:1900} INFO - Created Permission View: can delete on DAG Run:example_branch_datetime_operator_3
[2024-09-06T19:46:31.441-0500] {logging_mixin.py:190} INFO - [2024-09-06T19:46:31.441-0500] {override.py:1900} INFO - Created Permission View: can create on DAG Run:example_branch_datetime_operator_3
[2024-09-06T19:46:31.444-0500] {logging_mixin.py:190} INFO - [2024-09-06T19:46:31.444-0500] {override.py:1900} INFO - Created Permission View: menu access on DAG Run:example_branch_datetime_operator_3
[2024-09-06T19:46:31.446-0500] {logging_mixin.py:190} INFO - [2024-09-06T19:46:31.446-0500] {override.py:1900} INFO - Created Permission View: can read on DAG Run:example_branch_datetime_operator_3
[2024-09-06T19:46:31.451-0500] {logging_mixin.py:190} INFO - [2024-09-06T19:46:31.451-0500] {override.py:1900} INFO - Created Permission View: can delete on DAG:example_branch_datetime_operator_2
[2024-09-06T19:46:31.453-0500] {logging_mixin.py:190} INFO - [2024-09-06T19:46:31.453-0500] {override.py:1900} INFO - Created Permission View: can edit on DAG:example_branch_datetime_operator_2
[2024-09-06T19:46:31.455-0500] {logging_mixin.py:190} INFO - [2024-09-06T19:46:31.455-0500] {override.py:1900} INFO - Created Permission View: can read on DAG:example_branch_datetime_operator_2
[2024-09-06T19:46:31.458-0500] {logging_mixin.py:190} INFO - [2024-09-06T19:46:31.458-0500] {override.py:1900} INFO - Created Permission View: can delete on DAG Run:example_branch_datetime_operator_2
[2024-09-06T19:46:31.460-0500] {logging_mixin.py:190} INFO - [2024-09-06T19:46:31.460-0500] {override.py:1900} INFO - Created Permission View: can create on DAG Run:example_branch_datetime_operator_2
[2024-09-06T19:46:31.462-0500] {logging_mixin.py:190} INFO - [2024-09-06T19:46:31.462-0500] {override.py:1900} INFO - Created Permission View: menu access on DAG Run:example_branch_datetime_operator_2
[2024-09-06T19:46:31.464-0500] {logging_mixin.py:190} INFO - [2024-09-06T19:46:31.464-0500] {override.py:1900} INFO - Created Permission View: can read on DAG Run:example_branch_datetime_operator_2
[2024-09-06T19:46:31.469-0500] {logging_mixin.py:190} INFO - [2024-09-06T19:46:31.469-0500] {override.py:1900} INFO - Created Permission View: can delete on DAG:example_branch_datetime_operator
[2024-09-06T19:46:31.471-0500] {logging_mixin.py:190} INFO - [2024-09-06T19:46:31.471-0500] {override.py:1900} INFO - Created Permission View: can edit on DAG:example_branch_datetime_operator
[2024-09-06T19:46:31.473-0500] {logging_mixin.py:190} INFO - [2024-09-06T19:46:31.473-0500] {override.py:1900} INFO - Created Permission View: can read on DAG:example_branch_datetime_operator
[2024-09-06T19:46:31.476-0500] {logging_mixin.py:190} INFO - [2024-09-06T19:46:31.476-0500] {override.py:1900} INFO - Created Permission View: can delete on DAG Run:example_branch_datetime_operator
[2024-09-06T19:46:31.478-0500] {logging_mixin.py:190} INFO - [2024-09-06T19:46:31.478-0500] {override.py:1900} INFO - Created Permission View: can create on DAG Run:example_branch_datetime_operator
[2024-09-06T19:46:31.480-0500] {logging_mixin.py:190} INFO - [2024-09-06T19:46:31.480-0500] {override.py:1900} INFO - Created Permission View: menu access on DAG Run:example_branch_datetime_operator
[2024-09-06T19:46:31.482-0500] {logging_mixin.py:190} INFO - [2024-09-06T19:46:31.482-0500] {override.py:1900} INFO - Created Permission View: can read on DAG Run:example_branch_datetime_operator
[2024-09-06T19:46:31.483-0500] {logging_mixin.py:190} INFO - [2024-09-06T19:46:31.482-0500] {dag.py:3229} INFO - Sync 3 DAGs
[2024-09-06T19:46:31.487-0500] {logging_mixin.py:190} INFO - [2024-09-06T19:46:31.487-0500] {dag.py:3252} INFO - Creating ORM DAG for example_branch_datetime_operator
[2024-09-06T19:46:31.487-0500] {logging_mixin.py:190} INFO - [2024-09-06T19:46:31.487-0500] {dag.py:3252} INFO - Creating ORM DAG for example_branch_datetime_operator_3
[2024-09-06T19:46:31.488-0500] {logging_mixin.py:190} INFO - [2024-09-06T19:46:31.488-0500] {dag.py:3252} INFO - Creating ORM DAG for example_branch_datetime_operator_2
[2024-09-06T19:46:31.491-0500] {logging_mixin.py:190} INFO - [2024-09-06T19:46:31.491-0500] {dag.py:4156} INFO - Setting next_dagrun for example_branch_datetime_operator to 2024-09-06 00:00:00+00:00, run_after=2024-09-07 00:00:00+00:00
[2024-09-06T19:46:31.492-0500] {logging_mixin.py:190} INFO - [2024-09-06T19:46:31.492-0500] {dag.py:4156} INFO - Setting next_dagrun for example_branch_datetime_operator_2 to 2024-09-06 00:00:00+00:00, run_after=2024-09-07 00:00:00+00:00
[2024-09-06T19:46:31.492-0500] {logging_mixin.py:190} INFO - [2024-09-06T19:46:31.492-0500] {dag.py:4156} INFO - Setting next_dagrun for example_branch_datetime_operator_3 to 2024-09-06 00:00:00+00:00, run_after=2024-09-07 00:00:00+00:00
[2024-09-06T19:46:31.499-0500] {processor.py:208} INFO - Processing /Users/binhpham/Library/Python/3.9/lib/python/site-packages/airflow/example_dags/example_branch_datetime_operator.py took 0.158 seconds
[2024-09-06T19:48:51.540-0500] {processor.py:186} INFO - Started process (PID=35483) to work on /Users/binhpham/Library/Python/3.9/lib/python/site-packages/airflow/example_dags/example_branch_datetime_operator.py
[2024-09-06T19:48:51.543-0500] {processor.py:914} INFO - Processing file /Users/binhpham/Library/Python/3.9/lib/python/site-packages/airflow/example_dags/example_branch_datetime_operator.py for tasks to queue
[2024-09-06T19:48:51.543-0500] {logging_mixin.py:190} INFO - [2024-09-06T19:48:51.543-0500] {dagbag.py:587} INFO - Filling up the DagBag from /Users/binhpham/Library/Python/3.9/lib/python/site-packages/airflow/example_dags/example_branch_datetime_operator.py
[2024-09-06T19:48:51.549-0500] {processor.py:925} INFO - DAG(s) 'example_branch_datetime_operator_3', 'example_branch_datetime_operator_2', 'example_branch_datetime_operator' retrieved from /Users/binhpham/Library/Python/3.9/lib/python/site-packages/airflow/example_dags/example_branch_datetime_operator.py
[2024-09-06T19:48:51.595-0500] {logging_mixin.py:190} INFO - [2024-09-06T19:48:51.595-0500] {dag.py:3229} INFO - Sync 3 DAGs
[2024-09-06T19:48:51.603-0500] {logging_mixin.py:190} INFO - [2024-09-06T19:48:51.603-0500] {dag.py:4156} INFO - Setting next_dagrun for example_branch_datetime_operator to 2024-09-06 00:00:00+00:00, run_after=2024-09-07 00:00:00+00:00
[2024-09-06T19:48:51.605-0500] {logging_mixin.py:190} INFO - [2024-09-06T19:48:51.605-0500] {dag.py:4156} INFO - Setting next_dagrun for example_branch_datetime_operator_2 to 2024-09-06 00:00:00+00:00, run_after=2024-09-07 00:00:00+00:00
[2024-09-06T19:48:51.606-0500] {logging_mixin.py:190} INFO - [2024-09-06T19:48:51.606-0500] {dag.py:4156} INFO - Setting next_dagrun for example_branch_datetime_operator_3 to 2024-09-06 00:00:00+00:00, run_after=2024-09-07 00:00:00+00:00
[2024-09-06T19:48:51.613-0500] {processor.py:208} INFO - Processing /Users/binhpham/Library/Python/3.9/lib/python/site-packages/airflow/example_dags/example_branch_datetime_operator.py took 0.074 seconds
[2024-09-06T19:51:34.801-0500] {processor.py:186} INFO - Started process (PID=35999) to work on /Users/binhpham/Library/Python/3.9/lib/python/site-packages/airflow/example_dags/example_branch_datetime_operator.py
[2024-09-06T19:51:34.803-0500] {processor.py:914} INFO - Processing file /Users/binhpham/Library/Python/3.9/lib/python/site-packages/airflow/example_dags/example_branch_datetime_operator.py for tasks to queue
[2024-09-06T19:51:34.804-0500] {logging_mixin.py:190} INFO - [2024-09-06T19:51:34.803-0500] {dagbag.py:587} INFO - Filling up the DagBag from /Users/binhpham/Library/Python/3.9/lib/python/site-packages/airflow/example_dags/example_branch_datetime_operator.py
[2024-09-06T19:51:34.809-0500] {processor.py:925} INFO - DAG(s) 'example_branch_datetime_operator_3', 'example_branch_datetime_operator', 'example_branch_datetime_operator_2' retrieved from /Users/binhpham/Library/Python/3.9/lib/python/site-packages/airflow/example_dags/example_branch_datetime_operator.py
[2024-09-06T19:51:34.854-0500] {logging_mixin.py:190} INFO - [2024-09-06T19:51:34.854-0500] {dag.py:3229} INFO - Sync 3 DAGs
[2024-09-06T19:51:34.866-0500] {logging_mixin.py:190} INFO - [2024-09-06T19:51:34.866-0500] {dag.py:4156} INFO - Setting next_dagrun for example_branch_datetime_operator to 2024-09-06 00:00:00+00:00, run_after=2024-09-07 00:00:00+00:00
[2024-09-06T19:51:34.868-0500] {logging_mixin.py:190} INFO - [2024-09-06T19:51:34.868-0500] {dag.py:4156} INFO - Setting next_dagrun for example_branch_datetime_operator_2 to 2024-09-06 00:00:00+00:00, run_after=2024-09-07 00:00:00+00:00
[2024-09-06T19:51:34.869-0500] {logging_mixin.py:190} INFO - [2024-09-06T19:51:34.869-0500] {dag.py:4156} INFO - Setting next_dagrun for example_branch_datetime_operator_3 to 2024-09-06 00:00:00+00:00, run_after=2024-09-07 00:00:00+00:00
[2024-09-06T19:51:34.876-0500] {processor.py:208} INFO - Processing /Users/binhpham/Library/Python/3.9/lib/python/site-packages/airflow/example_dags/example_branch_datetime_operator.py took 0.076 seconds
[2024-09-06T19:55:14.144-0500] {processor.py:186} INFO - Started process (PID=36758) to work on /Users/binhpham/Library/Python/3.9/lib/python/site-packages/airflow/example_dags/example_branch_datetime_operator.py
[2024-09-06T19:55:14.147-0500] {processor.py:914} INFO - Processing file /Users/binhpham/Library/Python/3.9/lib/python/site-packages/airflow/example_dags/example_branch_datetime_operator.py for tasks to queue
[2024-09-06T19:55:14.147-0500] {logging_mixin.py:190} INFO - [2024-09-06T19:55:14.147-0500] {dagbag.py:587} INFO - Filling up the DagBag from /Users/binhpham/Library/Python/3.9/lib/python/site-packages/airflow/example_dags/example_branch_datetime_operator.py
[2024-09-06T19:55:14.153-0500] {processor.py:925} INFO - DAG(s) 'example_branch_datetime_operator', 'example_branch_datetime_operator_3', 'example_branch_datetime_operator_2' retrieved from /Users/binhpham/Library/Python/3.9/lib/python/site-packages/airflow/example_dags/example_branch_datetime_operator.py
[2024-09-06T19:55:14.199-0500] {logging_mixin.py:190} INFO - [2024-09-06T19:55:14.199-0500] {dag.py:3229} INFO - Sync 3 DAGs
[2024-09-06T19:55:14.208-0500] {logging_mixin.py:190} INFO - [2024-09-06T19:55:14.207-0500] {dag.py:4156} INFO - Setting next_dagrun for example_branch_datetime_operator to 2024-09-06 00:00:00+00:00, run_after=2024-09-07 00:00:00+00:00
[2024-09-06T19:55:14.209-0500] {logging_mixin.py:190} INFO - [2024-09-06T19:55:14.209-0500] {dag.py:4156} INFO - Setting next_dagrun for example_branch_datetime_operator_2 to 2024-09-06 00:00:00+00:00, run_after=2024-09-07 00:00:00+00:00
[2024-09-06T19:55:14.210-0500] {logging_mixin.py:190} INFO - [2024-09-06T19:55:14.210-0500] {dag.py:4156} INFO - Setting next_dagrun for example_branch_datetime_operator_3 to 2024-09-06 00:00:00+00:00, run_after=2024-09-07 00:00:00+00:00
[2024-09-06T19:55:14.218-0500] {processor.py:208} INFO - Processing /Users/binhpham/Library/Python/3.9/lib/python/site-packages/airflow/example_dags/example_branch_datetime_operator.py took 0.075 seconds
[2024-09-06T19:57:58.086-0500] {processor.py:186} INFO - Started process (PID=37262) to work on /Users/binhpham/Library/Python/3.9/lib/python/site-packages/airflow/example_dags/example_branch_datetime_operator.py
[2024-09-06T19:57:58.089-0500] {processor.py:914} INFO - Processing file /Users/binhpham/Library/Python/3.9/lib/python/site-packages/airflow/example_dags/example_branch_datetime_operator.py for tasks to queue
[2024-09-06T19:57:58.089-0500] {logging_mixin.py:190} INFO - [2024-09-06T19:57:58.089-0500] {dagbag.py:587} INFO - Filling up the DagBag from /Users/binhpham/Library/Python/3.9/lib/python/site-packages/airflow/example_dags/example_branch_datetime_operator.py
[2024-09-06T19:57:58.095-0500] {processor.py:925} INFO - DAG(s) 'example_branch_datetime_operator_3', 'example_branch_datetime_operator_2', 'example_branch_datetime_operator' retrieved from /Users/binhpham/Library/Python/3.9/lib/python/site-packages/airflow/example_dags/example_branch_datetime_operator.py
[2024-09-06T19:57:58.160-0500] {logging_mixin.py:190} INFO - [2024-09-06T19:57:58.160-0500] {dag.py:3229} INFO - Sync 3 DAGs
[2024-09-06T19:57:58.186-0500] {logging_mixin.py:190} INFO - [2024-09-06T19:57:58.185-0500] {dag.py:4156} INFO - Setting next_dagrun for example_branch_datetime_operator to 2024-09-06 00:00:00+00:00, run_after=2024-09-07 00:00:00+00:00
[2024-09-06T19:57:58.188-0500] {logging_mixin.py:190} INFO - [2024-09-06T19:57:58.188-0500] {dag.py:4156} INFO - Setting next_dagrun for example_branch_datetime_operator_2 to 2024-09-06 00:00:00+00:00, run_after=2024-09-07 00:00:00+00:00
[2024-09-06T19:57:58.189-0500] {logging_mixin.py:190} INFO - [2024-09-06T19:57:58.189-0500] {dag.py:4156} INFO - Setting next_dagrun for example_branch_datetime_operator_3 to 2024-09-06 00:00:00+00:00, run_after=2024-09-07 00:00:00+00:00
[2024-09-06T19:57:58.196-0500] {processor.py:208} INFO - Processing /Users/binhpham/Library/Python/3.9/lib/python/site-packages/airflow/example_dags/example_branch_datetime_operator.py took 0.111 seconds
[2024-09-06T20:00:40.761-0500] {processor.py:186} INFO - Started process (PID=37765) to work on /Users/binhpham/Library/Python/3.9/lib/python/site-packages/airflow/example_dags/example_branch_datetime_operator.py
[2024-09-06T20:00:40.764-0500] {processor.py:914} INFO - Processing file /Users/binhpham/Library/Python/3.9/lib/python/site-packages/airflow/example_dags/example_branch_datetime_operator.py for tasks to queue
[2024-09-06T20:00:40.764-0500] {logging_mixin.py:190} INFO - [2024-09-06T20:00:40.764-0500] {dagbag.py:587} INFO - Filling up the DagBag from /Users/binhpham/Library/Python/3.9/lib/python/site-packages/airflow/example_dags/example_branch_datetime_operator.py
[2024-09-06T20:00:40.770-0500] {processor.py:925} INFO - DAG(s) 'example_branch_datetime_operator_2', 'example_branch_datetime_operator', 'example_branch_datetime_operator_3' retrieved from /Users/binhpham/Library/Python/3.9/lib/python/site-packages/airflow/example_dags/example_branch_datetime_operator.py
[2024-09-06T20:00:40.819-0500] {logging_mixin.py:190} INFO - [2024-09-06T20:00:40.819-0500] {dag.py:3229} INFO - Sync 3 DAGs
[2024-09-06T20:00:40.827-0500] {logging_mixin.py:190} INFO - [2024-09-06T20:00:40.827-0500] {dag.py:4156} INFO - Setting next_dagrun for example_branch_datetime_operator to 2024-09-06 00:00:00+00:00, run_after=2024-09-07 00:00:00+00:00
[2024-09-06T20:00:40.828-0500] {logging_mixin.py:190} INFO - [2024-09-06T20:00:40.828-0500] {dag.py:4156} INFO - Setting next_dagrun for example_branch_datetime_operator_2 to 2024-09-06 00:00:00+00:00, run_after=2024-09-07 00:00:00+00:00
[2024-09-06T20:00:40.829-0500] {logging_mixin.py:190} INFO - [2024-09-06T20:00:40.829-0500] {dag.py:4156} INFO - Setting next_dagrun for example_branch_datetime_operator_3 to 2024-09-06 00:00:00+00:00, run_after=2024-09-07 00:00:00+00:00
[2024-09-06T20:00:40.836-0500] {processor.py:208} INFO - Processing /Users/binhpham/Library/Python/3.9/lib/python/site-packages/airflow/example_dags/example_branch_datetime_operator.py took 0.077 seconds
[2024-09-06T20:03:21.662-0500] {processor.py:186} INFO - Started process (PID=38264) to work on /Users/binhpham/Library/Python/3.9/lib/python/site-packages/airflow/example_dags/example_branch_datetime_operator.py
[2024-09-06T20:03:21.665-0500] {processor.py:914} INFO - Processing file /Users/binhpham/Library/Python/3.9/lib/python/site-packages/airflow/example_dags/example_branch_datetime_operator.py for tasks to queue
[2024-09-06T20:03:21.665-0500] {logging_mixin.py:190} INFO - [2024-09-06T20:03:21.665-0500] {dagbag.py:587} INFO - Filling up the DagBag from /Users/binhpham/Library/Python/3.9/lib/python/site-packages/airflow/example_dags/example_branch_datetime_operator.py
[2024-09-06T20:03:21.671-0500] {processor.py:925} INFO - DAG(s) 'example_branch_datetime_operator_3', 'example_branch_datetime_operator_2', 'example_branch_datetime_operator' retrieved from /Users/binhpham/Library/Python/3.9/lib/python/site-packages/airflow/example_dags/example_branch_datetime_operator.py
[2024-09-06T20:03:21.717-0500] {logging_mixin.py:190} INFO - [2024-09-06T20:03:21.717-0500] {dag.py:3229} INFO - Sync 3 DAGs
[2024-09-06T20:03:21.725-0500] {logging_mixin.py:190} INFO - [2024-09-06T20:03:21.725-0500] {dag.py:4156} INFO - Setting next_dagrun for example_branch_datetime_operator to 2024-09-06 00:00:00+00:00, run_after=2024-09-07 00:00:00+00:00
[2024-09-06T20:03:21.727-0500] {logging_mixin.py:190} INFO - [2024-09-06T20:03:21.727-0500] {dag.py:4156} INFO - Setting next_dagrun for example_branch_datetime_operator_2 to 2024-09-06 00:00:00+00:00, run_after=2024-09-07 00:00:00+00:00
[2024-09-06T20:03:21.727-0500] {logging_mixin.py:190} INFO - [2024-09-06T20:03:21.727-0500] {dag.py:4156} INFO - Setting next_dagrun for example_branch_datetime_operator_3 to 2024-09-06 00:00:00+00:00, run_after=2024-09-07 00:00:00+00:00
[2024-09-06T20:03:21.735-0500] {processor.py:208} INFO - Processing /Users/binhpham/Library/Python/3.9/lib/python/site-packages/airflow/example_dags/example_branch_datetime_operator.py took 0.074 seconds
[2024-09-06T20:06:02.019-0500] {processor.py:186} INFO - Started process (PID=38755) to work on /Users/binhpham/Library/Python/3.9/lib/python/site-packages/airflow/example_dags/example_branch_datetime_operator.py
[2024-09-06T20:06:02.020-0500] {processor.py:914} INFO - Processing file /Users/binhpham/Library/Python/3.9/lib/python/site-packages/airflow/example_dags/example_branch_datetime_operator.py for tasks to queue
[2024-09-06T20:06:02.021-0500] {logging_mixin.py:190} INFO - [2024-09-06T20:06:02.021-0500] {dagbag.py:587} INFO - Filling up the DagBag from /Users/binhpham/Library/Python/3.9/lib/python/site-packages/airflow/example_dags/example_branch_datetime_operator.py
[2024-09-06T20:06:02.027-0500] {processor.py:925} INFO - DAG(s) 'example_branch_datetime_operator', 'example_branch_datetime_operator_3', 'example_branch_datetime_operator_2' retrieved from /Users/binhpham/Library/Python/3.9/lib/python/site-packages/airflow/example_dags/example_branch_datetime_operator.py
[2024-09-06T20:06:02.074-0500] {logging_mixin.py:190} INFO - [2024-09-06T20:06:02.074-0500] {dag.py:3229} INFO - Sync 3 DAGs
[2024-09-06T20:06:02.082-0500] {logging_mixin.py:190} INFO - [2024-09-06T20:06:02.082-0500] {dag.py:4156} INFO - Setting next_dagrun for example_branch_datetime_operator to 2024-09-06 00:00:00+00:00, run_after=2024-09-07 00:00:00+00:00
[2024-09-06T20:06:02.083-0500] {logging_mixin.py:190} INFO - [2024-09-06T20:06:02.083-0500] {dag.py:4156} INFO - Setting next_dagrun for example_branch_datetime_operator_2 to 2024-09-06 00:00:00+00:00, run_after=2024-09-07 00:00:00+00:00
[2024-09-06T20:06:02.084-0500] {logging_mixin.py:190} INFO - [2024-09-06T20:06:02.084-0500] {dag.py:4156} INFO - Setting next_dagrun for example_branch_datetime_operator_3 to 2024-09-06 00:00:00+00:00, run_after=2024-09-07 00:00:00+00:00
[2024-09-06T20:06:02.092-0500] {processor.py:208} INFO - Processing /Users/binhpham/Library/Python/3.9/lib/python/site-packages/airflow/example_dags/example_branch_datetime_operator.py took 0.074 seconds
[2024-09-06T20:08:42.739-0500] {processor.py:186} INFO - Started process (PID=39241) to work on /Users/binhpham/Library/Python/3.9/lib/python/site-packages/airflow/example_dags/example_branch_datetime_operator.py
[2024-09-06T20:08:42.741-0500] {processor.py:914} INFO - Processing file /Users/binhpham/Library/Python/3.9/lib/python/site-packages/airflow/example_dags/example_branch_datetime_operator.py for tasks to queue
[2024-09-06T20:08:42.742-0500] {logging_mixin.py:190} INFO - [2024-09-06T20:08:42.742-0500] {dagbag.py:587} INFO - Filling up the DagBag from /Users/binhpham/Library/Python/3.9/lib/python/site-packages/airflow/example_dags/example_branch_datetime_operator.py
[2024-09-06T20:08:42.747-0500] {processor.py:925} INFO - DAG(s) 'example_branch_datetime_operator_2', 'example_branch_datetime_operator_3', 'example_branch_datetime_operator' retrieved from /Users/binhpham/Library/Python/3.9/lib/python/site-packages/airflow/example_dags/example_branch_datetime_operator.py
[2024-09-06T20:08:42.792-0500] {logging_mixin.py:190} INFO - [2024-09-06T20:08:42.792-0500] {dag.py:3229} INFO - Sync 3 DAGs
[2024-09-06T20:08:42.799-0500] {logging_mixin.py:190} INFO - [2024-09-06T20:08:42.799-0500] {dag.py:4156} INFO - Setting next_dagrun for example_branch_datetime_operator to 2024-09-06 00:00:00+00:00, run_after=2024-09-07 00:00:00+00:00
[2024-09-06T20:08:42.801-0500] {logging_mixin.py:190} INFO - [2024-09-06T20:08:42.801-0500] {dag.py:4156} INFO - Setting next_dagrun for example_branch_datetime_operator_2 to 2024-09-06 00:00:00+00:00, run_after=2024-09-07 00:00:00+00:00
[2024-09-06T20:08:42.802-0500] {logging_mixin.py:190} INFO - [2024-09-06T20:08:42.802-0500] {dag.py:4156} INFO - Setting next_dagrun for example_branch_datetime_operator_3 to 2024-09-06 00:00:00+00:00, run_after=2024-09-07 00:00:00+00:00
[2024-09-06T20:08:42.809-0500] {processor.py:208} INFO - Processing /Users/binhpham/Library/Python/3.9/lib/python/site-packages/airflow/example_dags/example_branch_datetime_operator.py took 0.072 seconds
[2024-09-06T20:11:29.670-0500] {processor.py:186} INFO - Started process (PID=39796) to work on /Users/binhpham/Library/Python/3.9/lib/python/site-packages/airflow/example_dags/example_branch_datetime_operator.py
[2024-09-06T20:11:29.672-0500] {processor.py:914} INFO - Processing file /Users/binhpham/Library/Python/3.9/lib/python/site-packages/airflow/example_dags/example_branch_datetime_operator.py for tasks to queue
[2024-09-06T20:11:29.672-0500] {logging_mixin.py:190} INFO - [2024-09-06T20:11:29.672-0500] {dagbag.py:587} INFO - Filling up the DagBag from /Users/binhpham/Library/Python/3.9/lib/python/site-packages/airflow/example_dags/example_branch_datetime_operator.py
[2024-09-06T20:11:29.678-0500] {processor.py:925} INFO - DAG(s) 'example_branch_datetime_operator', 'example_branch_datetime_operator_2', 'example_branch_datetime_operator_3' retrieved from /Users/binhpham/Library/Python/3.9/lib/python/site-packages/airflow/example_dags/example_branch_datetime_operator.py
[2024-09-06T20:11:29.722-0500] {logging_mixin.py:190} INFO - [2024-09-06T20:11:29.722-0500] {dag.py:3229} INFO - Sync 3 DAGs
[2024-09-06T20:11:29.730-0500] {logging_mixin.py:190} INFO - [2024-09-06T20:11:29.730-0500] {dag.py:4156} INFO - Setting next_dagrun for example_branch_datetime_operator to 2024-09-06 00:00:00+00:00, run_after=2024-09-07 00:00:00+00:00
[2024-09-06T20:11:29.731-0500] {logging_mixin.py:190} INFO - [2024-09-06T20:11:29.731-0500] {dag.py:4156} INFO - Setting next_dagrun for example_branch_datetime_operator_2 to 2024-09-06 00:00:00+00:00, run_after=2024-09-07 00:00:00+00:00
[2024-09-06T20:11:29.732-0500] {logging_mixin.py:190} INFO - [2024-09-06T20:11:29.732-0500] {dag.py:4156} INFO - Setting next_dagrun for example_branch_datetime_operator_3 to 2024-09-06 00:00:00+00:00, run_after=2024-09-07 00:00:00+00:00
[2024-09-06T20:11:29.739-0500] {processor.py:208} INFO - Processing /Users/binhpham/Library/Python/3.9/lib/python/site-packages/airflow/example_dags/example_branch_datetime_operator.py took 0.070 seconds
[2024-09-06T20:14:13.906-0500] {processor.py:186} INFO - Started process (PID=40342) to work on /Users/binhpham/Library/Python/3.9/lib/python/site-packages/airflow/example_dags/example_branch_datetime_operator.py
[2024-09-06T20:14:13.908-0500] {processor.py:914} INFO - Processing file /Users/binhpham/Library/Python/3.9/lib/python/site-packages/airflow/example_dags/example_branch_datetime_operator.py for tasks to queue
[2024-09-06T20:14:13.908-0500] {logging_mixin.py:190} INFO - [2024-09-06T20:14:13.908-0500] {dagbag.py:587} INFO - Filling up the DagBag from /Users/binhpham/Library/Python/3.9/lib/python/site-packages/airflow/example_dags/example_branch_datetime_operator.py
[2024-09-06T20:14:13.914-0500] {processor.py:925} INFO - DAG(s) 'example_branch_datetime_operator', 'example_branch_datetime_operator_2', 'example_branch_datetime_operator_3' retrieved from /Users/binhpham/Library/Python/3.9/lib/python/site-packages/airflow/example_dags/example_branch_datetime_operator.py
[2024-09-06T20:14:13.965-0500] {logging_mixin.py:190} INFO - [2024-09-06T20:14:13.965-0500] {dag.py:3229} INFO - Sync 3 DAGs
[2024-09-06T20:14:13.973-0500] {logging_mixin.py:190} INFO - [2024-09-06T20:14:13.973-0500] {dag.py:4156} INFO - Setting next_dagrun for example_branch_datetime_operator to 2024-09-06 00:00:00+00:00, run_after=2024-09-07 00:00:00+00:00
[2024-09-06T20:14:13.975-0500] {logging_mixin.py:190} INFO - [2024-09-06T20:14:13.975-0500] {dag.py:4156} INFO - Setting next_dagrun for example_branch_datetime_operator_2 to 2024-09-06 00:00:00+00:00, run_after=2024-09-07 00:00:00+00:00
[2024-09-06T20:14:13.976-0500] {logging_mixin.py:190} INFO - [2024-09-06T20:14:13.976-0500] {dag.py:4156} INFO - Setting next_dagrun for example_branch_datetime_operator_3 to 2024-09-06 00:00:00+00:00, run_after=2024-09-07 00:00:00+00:00
[2024-09-06T20:14:13.984-0500] {processor.py:208} INFO - Processing /Users/binhpham/Library/Python/3.9/lib/python/site-packages/airflow/example_dags/example_branch_datetime_operator.py took 0.079 seconds
[2024-09-06T20:16:37.762-0500] {processor.py:186} INFO - Started process (PID=40840) to work on /Users/binhpham/Library/Python/3.9/lib/python/site-packages/airflow/example_dags/example_branch_datetime_operator.py
[2024-09-06T20:16:37.764-0500] {processor.py:914} INFO - Processing file /Users/binhpham/Library/Python/3.9/lib/python/site-packages/airflow/example_dags/example_branch_datetime_operator.py for tasks to queue
[2024-09-06T20:16:37.764-0500] {logging_mixin.py:190} INFO - [2024-09-06T20:16:37.764-0500] {dagbag.py:587} INFO - Filling up the DagBag from /Users/binhpham/Library/Python/3.9/lib/python/site-packages/airflow/example_dags/example_branch_datetime_operator.py
[2024-09-06T20:16:37.770-0500] {processor.py:925} INFO - DAG(s) 'example_branch_datetime_operator_2', 'example_branch_datetime_operator', 'example_branch_datetime_operator_3' retrieved from /Users/binhpham/Library/Python/3.9/lib/python/site-packages/airflow/example_dags/example_branch_datetime_operator.py
[2024-09-06T20:16:37.814-0500] {logging_mixin.py:190} INFO - [2024-09-06T20:16:37.814-0500] {dag.py:3229} INFO - Sync 3 DAGs
[2024-09-06T20:16:37.822-0500] {logging_mixin.py:190} INFO - [2024-09-06T20:16:37.822-0500] {dag.py:4156} INFO - Setting next_dagrun for example_branch_datetime_operator to 2024-09-06 00:00:00+00:00, run_after=2024-09-07 00:00:00+00:00
[2024-09-06T20:16:37.823-0500] {logging_mixin.py:190} INFO - [2024-09-06T20:16:37.823-0500] {dag.py:4156} INFO - Setting next_dagrun for example_branch_datetime_operator_2 to 2024-09-06 00:00:00+00:00, run_after=2024-09-07 00:00:00+00:00
[2024-09-06T20:16:37.824-0500] {logging_mixin.py:190} INFO - [2024-09-06T20:16:37.824-0500] {dag.py:4156} INFO - Setting next_dagrun for example_branch_datetime_operator_3 to 2024-09-06 00:00:00+00:00, run_after=2024-09-07 00:00:00+00:00
[2024-09-06T20:16:37.833-0500] {processor.py:208} INFO - Processing /Users/binhpham/Library/Python/3.9/lib/python/site-packages/airflow/example_dags/example_branch_datetime_operator.py took 0.073 seconds
[2024-09-06T20:23:28.164-0500] {processor.py:186} INFO - Started process (PID=43055) to work on /Users/binhpham/Library/Python/3.9/lib/python/site-packages/airflow/example_dags/example_branch_datetime_operator.py
[2024-09-06T20:23:28.166-0500] {processor.py:914} INFO - Processing file /Users/binhpham/Library/Python/3.9/lib/python/site-packages/airflow/example_dags/example_branch_datetime_operator.py for tasks to queue
[2024-09-06T20:23:28.167-0500] {logging_mixin.py:190} INFO - [2024-09-06T20:23:28.167-0500] {dagbag.py:587} INFO - Filling up the DagBag from /Users/binhpham/Library/Python/3.9/lib/python/site-packages/airflow/example_dags/example_branch_datetime_operator.py
[2024-09-06T20:23:28.172-0500] {processor.py:925} INFO - DAG(s) 'example_branch_datetime_operator_3', 'example_branch_datetime_operator', 'example_branch_datetime_operator_2' retrieved from /Users/binhpham/Library/Python/3.9/lib/python/site-packages/airflow/example_dags/example_branch_datetime_operator.py
[2024-09-06T20:23:28.217-0500] {logging_mixin.py:190} INFO - [2024-09-06T20:23:28.217-0500] {dag.py:3229} INFO - Sync 3 DAGs
[2024-09-06T20:23:28.224-0500] {logging_mixin.py:190} INFO - [2024-09-06T20:23:28.224-0500] {dag.py:4156} INFO - Setting next_dagrun for example_branch_datetime_operator to 2024-09-06 00:00:00+00:00, run_after=2024-09-07 00:00:00+00:00
[2024-09-06T20:23:28.226-0500] {logging_mixin.py:190} INFO - [2024-09-06T20:23:28.226-0500] {dag.py:4156} INFO - Setting next_dagrun for example_branch_datetime_operator_2 to 2024-09-06 00:00:00+00:00, run_after=2024-09-07 00:00:00+00:00
[2024-09-06T20:23:28.227-0500] {logging_mixin.py:190} INFO - [2024-09-06T20:23:28.227-0500] {dag.py:4156} INFO - Setting next_dagrun for example_branch_datetime_operator_3 to 2024-09-06 00:00:00+00:00, run_after=2024-09-07 00:00:00+00:00
[2024-09-06T20:23:28.234-0500] {processor.py:208} INFO - Processing /Users/binhpham/Library/Python/3.9/lib/python/site-packages/airflow/example_dags/example_branch_datetime_operator.py took 0.071 seconds
[2024-09-06T20:26:12.976-0500] {processor.py:186} INFO - Started process (PID=43582) to work on /Users/binhpham/Library/Python/3.9/lib/python/site-packages/airflow/example_dags/example_branch_datetime_operator.py
[2024-09-06T20:26:12.978-0500] {processor.py:914} INFO - Processing file /Users/binhpham/Library/Python/3.9/lib/python/site-packages/airflow/example_dags/example_branch_datetime_operator.py for tasks to queue
[2024-09-06T20:26:12.979-0500] {logging_mixin.py:190} INFO - [2024-09-06T20:26:12.979-0500] {dagbag.py:587} INFO - Filling up the DagBag from /Users/binhpham/Library/Python/3.9/lib/python/site-packages/airflow/example_dags/example_branch_datetime_operator.py
[2024-09-06T20:26:12.985-0500] {processor.py:925} INFO - DAG(s) 'example_branch_datetime_operator', 'example_branch_datetime_operator_3', 'example_branch_datetime_operator_2' retrieved from /Users/binhpham/Library/Python/3.9/lib/python/site-packages/airflow/example_dags/example_branch_datetime_operator.py
[2024-09-06T20:26:13.034-0500] {logging_mixin.py:190} INFO - [2024-09-06T20:26:13.034-0500] {dag.py:3229} INFO - Sync 3 DAGs
[2024-09-06T20:26:13.042-0500] {logging_mixin.py:190} INFO - [2024-09-06T20:26:13.042-0500] {dag.py:4156} INFO - Setting next_dagrun for example_branch_datetime_operator to 2024-09-06 00:00:00+00:00, run_after=2024-09-07 00:00:00+00:00
[2024-09-06T20:26:13.044-0500] {logging_mixin.py:190} INFO - [2024-09-06T20:26:13.044-0500] {dag.py:4156} INFO - Setting next_dagrun for example_branch_datetime_operator_2 to 2024-09-06 00:00:00+00:00, run_after=2024-09-07 00:00:00+00:00
[2024-09-06T20:26:13.045-0500] {logging_mixin.py:190} INFO - [2024-09-06T20:26:13.044-0500] {dag.py:4156} INFO - Setting next_dagrun for example_branch_datetime_operator_3 to 2024-09-06 00:00:00+00:00, run_after=2024-09-07 00:00:00+00:00
[2024-09-06T20:26:13.052-0500] {processor.py:208} INFO - Processing /Users/binhpham/Library/Python/3.9/lib/python/site-packages/airflow/example_dags/example_branch_datetime_operator.py took 0.077 seconds
[2024-09-06T20:28:34.042-0500] {processor.py:186} INFO - Started process (PID=44061) to work on /Users/binhpham/Library/Python/3.9/lib/python/site-packages/airflow/example_dags/example_branch_datetime_operator.py
[2024-09-06T20:28:34.044-0500] {processor.py:914} INFO - Processing file /Users/binhpham/Library/Python/3.9/lib/python/site-packages/airflow/example_dags/example_branch_datetime_operator.py for tasks to queue
[2024-09-06T20:28:34.044-0500] {logging_mixin.py:190} INFO - [2024-09-06T20:28:34.044-0500] {dagbag.py:587} INFO - Filling up the DagBag from /Users/binhpham/Library/Python/3.9/lib/python/site-packages/airflow/example_dags/example_branch_datetime_operator.py
[2024-09-06T20:28:34.050-0500] {processor.py:925} INFO - DAG(s) 'example_branch_datetime_operator_2', 'example_branch_datetime_operator_3', 'example_branch_datetime_operator' retrieved from /Users/binhpham/Library/Python/3.9/lib/python/site-packages/airflow/example_dags/example_branch_datetime_operator.py
[2024-09-06T20:28:34.094-0500] {logging_mixin.py:190} INFO - [2024-09-06T20:28:34.094-0500] {dag.py:3229} INFO - Sync 3 DAGs
[2024-09-06T20:28:34.102-0500] {logging_mixin.py:190} INFO - [2024-09-06T20:28:34.102-0500] {dag.py:4156} INFO - Setting next_dagrun for example_branch_datetime_operator to 2024-09-06 00:00:00+00:00, run_after=2024-09-07 00:00:00+00:00
[2024-09-06T20:28:34.104-0500] {logging_mixin.py:190} INFO - [2024-09-06T20:28:34.104-0500] {dag.py:4156} INFO - Setting next_dagrun for example_branch_datetime_operator_2 to 2024-09-06 00:00:00+00:00, run_after=2024-09-07 00:00:00+00:00
[2024-09-06T20:28:34.105-0500] {logging_mixin.py:190} INFO - [2024-09-06T20:28:34.105-0500] {dag.py:4156} INFO - Setting next_dagrun for example_branch_datetime_operator_3 to 2024-09-06 00:00:00+00:00, run_after=2024-09-07 00:00:00+00:00
[2024-09-06T20:28:34.112-0500] {processor.py:208} INFO - Processing /Users/binhpham/Library/Python/3.9/lib/python/site-packages/airflow/example_dags/example_branch_datetime_operator.py took 0.072 seconds
[2024-09-06T20:31:17.755-0500] {processor.py:186} INFO - Started process (PID=44596) to work on /Users/binhpham/Library/Python/3.9/lib/python/site-packages/airflow/example_dags/example_branch_datetime_operator.py
[2024-09-06T20:31:17.757-0500] {processor.py:914} INFO - Processing file /Users/binhpham/Library/Python/3.9/lib/python/site-packages/airflow/example_dags/example_branch_datetime_operator.py for tasks to queue
[2024-09-06T20:31:17.758-0500] {logging_mixin.py:190} INFO - [2024-09-06T20:31:17.757-0500] {dagbag.py:587} INFO - Filling up the DagBag from /Users/binhpham/Library/Python/3.9/lib/python/site-packages/airflow/example_dags/example_branch_datetime_operator.py
[2024-09-06T20:31:17.763-0500] {processor.py:925} INFO - DAG(s) 'example_branch_datetime_operator_2', 'example_branch_datetime_operator_3', 'example_branch_datetime_operator' retrieved from /Users/binhpham/Library/Python/3.9/lib/python/site-packages/airflow/example_dags/example_branch_datetime_operator.py
[2024-09-06T20:31:17.807-0500] {logging_mixin.py:190} INFO - [2024-09-06T20:31:17.807-0500] {dag.py:3229} INFO - Sync 3 DAGs
[2024-09-06T20:31:17.814-0500] {logging_mixin.py:190} INFO - [2024-09-06T20:31:17.814-0500] {dag.py:4156} INFO - Setting next_dagrun for example_branch_datetime_operator to 2024-09-06 00:00:00+00:00, run_after=2024-09-07 00:00:00+00:00
[2024-09-06T20:31:17.816-0500] {logging_mixin.py:190} INFO - [2024-09-06T20:31:17.816-0500] {dag.py:4156} INFO - Setting next_dagrun for example_branch_datetime_operator_2 to 2024-09-06 00:00:00+00:00, run_after=2024-09-07 00:00:00+00:00
[2024-09-06T20:31:17.817-0500] {logging_mixin.py:190} INFO - [2024-09-06T20:31:17.816-0500] {dag.py:4156} INFO - Setting next_dagrun for example_branch_datetime_operator_3 to 2024-09-06 00:00:00+00:00, run_after=2024-09-07 00:00:00+00:00
[2024-09-06T20:31:17.823-0500] {processor.py:208} INFO - Processing /Users/binhpham/Library/Python/3.9/lib/python/site-packages/airflow/example_dags/example_branch_datetime_operator.py took 0.070 seconds
[2024-09-06T20:35:07.351-0500] {processor.py:186} INFO - Started process (PID=45358) to work on /Users/binhpham/Library/Python/3.9/lib/python/site-packages/airflow/example_dags/example_branch_datetime_operator.py
[2024-09-06T20:35:07.353-0500] {processor.py:914} INFO - Processing file /Users/binhpham/Library/Python/3.9/lib/python/site-packages/airflow/example_dags/example_branch_datetime_operator.py for tasks to queue
[2024-09-06T20:35:07.354-0500] {logging_mixin.py:190} INFO - [2024-09-06T20:35:07.354-0500] {dagbag.py:587} INFO - Filling up the DagBag from /Users/binhpham/Library/Python/3.9/lib/python/site-packages/airflow/example_dags/example_branch_datetime_operator.py
[2024-09-06T20:35:07.360-0500] {processor.py:925} INFO - DAG(s) 'example_branch_datetime_operator', 'example_branch_datetime_operator_2', 'example_branch_datetime_operator_3' retrieved from /Users/binhpham/Library/Python/3.9/lib/python/site-packages/airflow/example_dags/example_branch_datetime_operator.py
[2024-09-06T20:35:07.406-0500] {logging_mixin.py:190} INFO - [2024-09-06T20:35:07.406-0500] {dag.py:3229} INFO - Sync 3 DAGs
[2024-09-06T20:35:07.414-0500] {logging_mixin.py:190} INFO - [2024-09-06T20:35:07.414-0500] {dag.py:4156} INFO - Setting next_dagrun for example_branch_datetime_operator to 2024-09-06 00:00:00+00:00, run_after=2024-09-07 00:00:00+00:00
[2024-09-06T20:35:07.416-0500] {logging_mixin.py:190} INFO - [2024-09-06T20:35:07.416-0500] {dag.py:4156} INFO - Setting next_dagrun for example_branch_datetime_operator_2 to 2024-09-06 00:00:00+00:00, run_after=2024-09-07 00:00:00+00:00
[2024-09-06T20:35:07.417-0500] {logging_mixin.py:190} INFO - [2024-09-06T20:35:07.417-0500] {dag.py:4156} INFO - Setting next_dagrun for example_branch_datetime_operator_3 to 2024-09-06 00:00:00+00:00, run_after=2024-09-07 00:00:00+00:00
[2024-09-06T20:35:07.424-0500] {processor.py:208} INFO - Processing /Users/binhpham/Library/Python/3.9/lib/python/site-packages/airflow/example_dags/example_branch_datetime_operator.py took 0.075 seconds
[2024-09-06T20:37:50.303-0500] {processor.py:186} INFO - Started process (PID=45888) to work on /Users/binhpham/Library/Python/3.9/lib/python/site-packages/airflow/example_dags/example_branch_datetime_operator.py
[2024-09-06T20:37:50.306-0500] {processor.py:914} INFO - Processing file /Users/binhpham/Library/Python/3.9/lib/python/site-packages/airflow/example_dags/example_branch_datetime_operator.py for tasks to queue
[2024-09-06T20:37:50.306-0500] {logging_mixin.py:190} INFO - [2024-09-06T20:37:50.306-0500] {dagbag.py:587} INFO - Filling up the DagBag from /Users/binhpham/Library/Python/3.9/lib/python/site-packages/airflow/example_dags/example_branch_datetime_operator.py
[2024-09-06T20:37:50.312-0500] {processor.py:925} INFO - DAG(s) 'example_branch_datetime_operator_3', 'example_branch_datetime_operator', 'example_branch_datetime_operator_2' retrieved from /Users/binhpham/Library/Python/3.9/lib/python/site-packages/airflow/example_dags/example_branch_datetime_operator.py
[2024-09-06T20:37:50.361-0500] {logging_mixin.py:190} INFO - [2024-09-06T20:37:50.361-0500] {dag.py:3229} INFO - Sync 3 DAGs
[2024-09-06T20:37:50.370-0500] {logging_mixin.py:190} INFO - [2024-09-06T20:37:50.370-0500] {dag.py:4156} INFO - Setting next_dagrun for example_branch_datetime_operator to 2024-09-06 00:00:00+00:00, run_after=2024-09-07 00:00:00+00:00
[2024-09-06T20:37:50.372-0500] {logging_mixin.py:190} INFO - [2024-09-06T20:37:50.371-0500] {dag.py:4156} INFO - Setting next_dagrun for example_branch_datetime_operator_2 to 2024-09-06 00:00:00+00:00, run_after=2024-09-07 00:00:00+00:00
[2024-09-06T20:37:50.372-0500] {logging_mixin.py:190} INFO - [2024-09-06T20:37:50.372-0500] {dag.py:4156} INFO - Setting next_dagrun for example_branch_datetime_operator_3 to 2024-09-06 00:00:00+00:00, run_after=2024-09-07 00:00:00+00:00
[2024-09-06T20:37:50.380-0500] {processor.py:208} INFO - Processing /Users/binhpham/Library/Python/3.9/lib/python/site-packages/airflow/example_dags/example_branch_datetime_operator.py took 0.079 seconds
