[2024-09-06T19:44:06.186-0500] {processor.py:186} INFO - Started process (PID=34354) to work on /Users/binhpham/Library/Python/3.9/lib/python/site-packages/airflow/example_dags/example_time_delta_sensor_async.py
[2024-09-06T19:44:06.188-0500] {processor.py:914} INFO - Processing file /Users/binhpham/Library/Python/3.9/lib/python/site-packages/airflow/example_dags/example_time_delta_sensor_async.py for tasks to queue
[2024-09-06T19:44:06.188-0500] {logging_mixin.py:190} INFO - [2024-09-06T19:44:06.188-0500] {dagbag.py:587} INFO - Filling up the DagBag from /Users/binhpham/Library/Python/3.9/lib/python/site-packages/airflow/example_dags/example_time_delta_sensor_async.py
[2024-09-06T19:44:06.192-0500] {processor.py:925} INFO - DAG(s) 'example_time_delta_sensor_async' retrieved from /Users/binhpham/Library/Python/3.9/lib/python/site-packages/airflow/example_dags/example_time_delta_sensor_async.py
[2024-09-06T19:44:06.455-0500] {logging_mixin.py:190} INFO - [2024-09-06T19:44:06.455-0500] {override.py:1900} INFO - Created Permission View: can read on DAG:example_time_delta_sensor_async
[2024-09-06T19:44:06.459-0500] {logging_mixin.py:190} INFO - [2024-09-06T19:44:06.458-0500] {override.py:1900} INFO - Created Permission View: can delete on DAG:example_time_delta_sensor_async
[2024-09-06T19:44:06.461-0500] {logging_mixin.py:190} INFO - [2024-09-06T19:44:06.461-0500] {override.py:1900} INFO - Created Permission View: can edit on DAG:example_time_delta_sensor_async
[2024-09-06T19:44:06.464-0500] {logging_mixin.py:190} INFO - [2024-09-06T19:44:06.464-0500] {override.py:1900} INFO - Created Permission View: can read on DAG Run:example_time_delta_sensor_async
[2024-09-06T19:44:06.466-0500] {logging_mixin.py:190} INFO - [2024-09-06T19:44:06.466-0500] {override.py:1900} INFO - Created Permission View: menu access on DAG Run:example_time_delta_sensor_async
[2024-09-06T19:44:06.468-0500] {logging_mixin.py:190} INFO - [2024-09-06T19:44:06.468-0500] {override.py:1900} INFO - Created Permission View: can create on DAG Run:example_time_delta_sensor_async
[2024-09-06T19:44:06.470-0500] {logging_mixin.py:190} INFO - [2024-09-06T19:44:06.470-0500] {override.py:1900} INFO - Created Permission View: can delete on DAG Run:example_time_delta_sensor_async
[2024-09-06T19:44:06.471-0500] {logging_mixin.py:190} INFO - [2024-09-06T19:44:06.470-0500] {dag.py:3229} INFO - Sync 1 DAGs
[2024-09-06T19:44:06.475-0500] {logging_mixin.py:190} INFO - [2024-09-06T19:44:06.475-0500] {dag.py:3252} INFO - Creating ORM DAG for example_time_delta_sensor_async
[2024-09-06T19:44:06.475-0500] {logging_mixin.py:190} INFO - [2024-09-06T19:44:06.475-0500] {dag.py:4156} INFO - Setting next_dagrun for example_time_delta_sensor_async to None, run_after=None
[2024-09-06T19:44:06.483-0500] {processor.py:208} INFO - Processing /Users/binhpham/Library/Python/3.9/lib/python/site-packages/airflow/example_dags/example_time_delta_sensor_async.py took 0.298 seconds
[2024-09-06T19:45:14.556-0500] {processor.py:186} INFO - Started process (PID=34646) to work on /Users/binhpham/Library/Python/3.9/lib/python/site-packages/airflow/example_dags/example_time_delta_sensor_async.py
[2024-09-06T19:45:14.558-0500] {processor.py:914} INFO - Processing file /Users/binhpham/Library/Python/3.9/lib/python/site-packages/airflow/example_dags/example_time_delta_sensor_async.py for tasks to queue
[2024-09-06T19:45:14.558-0500] {logging_mixin.py:190} INFO - [2024-09-06T19:45:14.558-0500] {dagbag.py:587} INFO - Filling up the DagBag from /Users/binhpham/Library/Python/3.9/lib/python/site-packages/airflow/example_dags/example_time_delta_sensor_async.py
[2024-09-06T19:45:14.562-0500] {processor.py:925} INFO - DAG(s) 'example_time_delta_sensor_async' retrieved from /Users/binhpham/Library/Python/3.9/lib/python/site-packages/airflow/example_dags/example_time_delta_sensor_async.py
[2024-09-06T19:45:14.794-0500] {logging_mixin.py:190} INFO - [2024-09-06T19:45:14.793-0500] {dag.py:3229} INFO - Sync 1 DAGs
[2024-09-06T19:45:14.799-0500] {logging_mixin.py:190} INFO - [2024-09-06T19:45:14.798-0500] {dag.py:4156} INFO - Setting next_dagrun for example_time_delta_sensor_async to None, run_after=None
[2024-09-06T19:45:14.806-0500] {processor.py:208} INFO - Processing /Users/binhpham/Library/Python/3.9/lib/python/site-packages/airflow/example_dags/example_time_delta_sensor_async.py took 0.251 seconds
[2024-09-06T19:47:35.005-0500] {processor.py:186} INFO - Started process (PID=35239) to work on /Users/binhpham/Library/Python/3.9/lib/python/site-packages/airflow/example_dags/example_time_delta_sensor_async.py
[2024-09-06T19:47:35.008-0500] {processor.py:914} INFO - Processing file /Users/binhpham/Library/Python/3.9/lib/python/site-packages/airflow/example_dags/example_time_delta_sensor_async.py for tasks to queue
[2024-09-06T19:47:35.008-0500] {logging_mixin.py:190} INFO - [2024-09-06T19:47:35.008-0500] {dagbag.py:587} INFO - Filling up the DagBag from /Users/binhpham/Library/Python/3.9/lib/python/site-packages/airflow/example_dags/example_time_delta_sensor_async.py
[2024-09-06T19:47:35.012-0500] {processor.py:925} INFO - DAG(s) 'example_time_delta_sensor_async' retrieved from /Users/binhpham/Library/Python/3.9/lib/python/site-packages/airflow/example_dags/example_time_delta_sensor_async.py
[2024-09-06T19:47:35.256-0500] {logging_mixin.py:190} INFO - [2024-09-06T19:47:35.256-0500] {dag.py:3229} INFO - Sync 1 DAGs
[2024-09-06T19:47:35.261-0500] {logging_mixin.py:190} INFO - [2024-09-06T19:47:35.261-0500] {dag.py:4156} INFO - Setting next_dagrun for example_time_delta_sensor_async to None, run_after=None
[2024-09-06T19:47:35.270-0500] {processor.py:208} INFO - Processing /Users/binhpham/Library/Python/3.9/lib/python/site-packages/airflow/example_dags/example_time_delta_sensor_async.py took 0.266 seconds
[2024-09-06T19:49:26.937-0500] {processor.py:186} INFO - Started process (PID=35592) to work on /Users/binhpham/Library/Python/3.9/lib/python/site-packages/airflow/example_dags/example_time_delta_sensor_async.py
[2024-09-06T19:49:26.940-0500] {processor.py:914} INFO - Processing file /Users/binhpham/Library/Python/3.9/lib/python/site-packages/airflow/example_dags/example_time_delta_sensor_async.py for tasks to queue
[2024-09-06T19:49:26.940-0500] {logging_mixin.py:190} INFO - [2024-09-06T19:49:26.940-0500] {dagbag.py:587} INFO - Filling up the DagBag from /Users/binhpham/Library/Python/3.9/lib/python/site-packages/airflow/example_dags/example_time_delta_sensor_async.py
[2024-09-06T19:49:26.944-0500] {processor.py:925} INFO - DAG(s) 'example_time_delta_sensor_async' retrieved from /Users/binhpham/Library/Python/3.9/lib/python/site-packages/airflow/example_dags/example_time_delta_sensor_async.py
[2024-09-06T19:49:27.168-0500] {logging_mixin.py:190} INFO - [2024-09-06T19:49:27.168-0500] {dag.py:3229} INFO - Sync 1 DAGs
[2024-09-06T19:49:27.173-0500] {logging_mixin.py:190} INFO - [2024-09-06T19:49:27.173-0500] {dag.py:4156} INFO - Setting next_dagrun for example_time_delta_sensor_async to None, run_after=None
[2024-09-06T19:49:27.181-0500] {processor.py:208} INFO - Processing /Users/binhpham/Library/Python/3.9/lib/python/site-packages/airflow/example_dags/example_time_delta_sensor_async.py took 0.245 seconds
[2024-09-06T19:50:48.889-0500] {processor.py:186} INFO - Started process (PID=35853) to work on /Users/binhpham/Library/Python/3.9/lib/python/site-packages/airflow/example_dags/example_time_delta_sensor_async.py
[2024-09-06T19:50:48.892-0500] {processor.py:914} INFO - Processing file /Users/binhpham/Library/Python/3.9/lib/python/site-packages/airflow/example_dags/example_time_delta_sensor_async.py for tasks to queue
[2024-09-06T19:50:48.892-0500] {logging_mixin.py:190} INFO - [2024-09-06T19:50:48.892-0500] {dagbag.py:587} INFO - Filling up the DagBag from /Users/binhpham/Library/Python/3.9/lib/python/site-packages/airflow/example_dags/example_time_delta_sensor_async.py
[2024-09-06T19:50:48.896-0500] {processor.py:925} INFO - DAG(s) 'example_time_delta_sensor_async' retrieved from /Users/binhpham/Library/Python/3.9/lib/python/site-packages/airflow/example_dags/example_time_delta_sensor_async.py
[2024-09-06T19:50:49.122-0500] {logging_mixin.py:190} INFO - [2024-09-06T19:50:49.122-0500] {dag.py:3229} INFO - Sync 1 DAGs
[2024-09-06T19:50:49.127-0500] {logging_mixin.py:190} INFO - [2024-09-06T19:50:49.127-0500] {dag.py:4156} INFO - Setting next_dagrun for example_time_delta_sensor_async to None, run_after=None
[2024-09-06T19:50:49.135-0500] {processor.py:208} INFO - Processing /Users/binhpham/Library/Python/3.9/lib/python/site-packages/airflow/example_dags/example_time_delta_sensor_async.py took 0.246 seconds
[2024-09-06T19:52:09.012-0500] {processor.py:186} INFO - Started process (PID=36101) to work on /Users/binhpham/Library/Python/3.9/lib/python/site-packages/airflow/example_dags/example_time_delta_sensor_async.py
[2024-09-06T19:52:09.013-0500] {processor.py:914} INFO - Processing file /Users/binhpham/Library/Python/3.9/lib/python/site-packages/airflow/example_dags/example_time_delta_sensor_async.py for tasks to queue
[2024-09-06T19:52:09.014-0500] {logging_mixin.py:190} INFO - [2024-09-06T19:52:09.014-0500] {dagbag.py:587} INFO - Filling up the DagBag from /Users/binhpham/Library/Python/3.9/lib/python/site-packages/airflow/example_dags/example_time_delta_sensor_async.py
[2024-09-06T19:52:09.017-0500] {processor.py:925} INFO - DAG(s) 'example_time_delta_sensor_async' retrieved from /Users/binhpham/Library/Python/3.9/lib/python/site-packages/airflow/example_dags/example_time_delta_sensor_async.py
[2024-09-06T19:52:09.238-0500] {logging_mixin.py:190} INFO - [2024-09-06T19:52:09.238-0500] {dag.py:3229} INFO - Sync 1 DAGs
[2024-09-06T19:52:09.243-0500] {logging_mixin.py:190} INFO - [2024-09-06T19:52:09.243-0500] {dag.py:4156} INFO - Setting next_dagrun for example_time_delta_sensor_async to None, run_after=None
[2024-09-06T19:52:09.250-0500] {processor.py:208} INFO - Processing /Users/binhpham/Library/Python/3.9/lib/python/site-packages/airflow/example_dags/example_time_delta_sensor_async.py took 0.240 seconds
[2024-09-06T19:53:58.049-0500] {processor.py:186} INFO - Started process (PID=36494) to work on /Users/binhpham/Library/Python/3.9/lib/python/site-packages/airflow/example_dags/example_time_delta_sensor_async.py
[2024-09-06T19:53:58.052-0500] {processor.py:914} INFO - Processing file /Users/binhpham/Library/Python/3.9/lib/python/site-packages/airflow/example_dags/example_time_delta_sensor_async.py for tasks to queue
[2024-09-06T19:53:58.052-0500] {logging_mixin.py:190} INFO - [2024-09-06T19:53:58.052-0500] {dagbag.py:587} INFO - Filling up the DagBag from /Users/binhpham/Library/Python/3.9/lib/python/site-packages/airflow/example_dags/example_time_delta_sensor_async.py
[2024-09-06T19:53:58.055-0500] {processor.py:925} INFO - DAG(s) 'example_time_delta_sensor_async' retrieved from /Users/binhpham/Library/Python/3.9/lib/python/site-packages/airflow/example_dags/example_time_delta_sensor_async.py
[2024-09-06T19:53:58.280-0500] {logging_mixin.py:190} INFO - [2024-09-06T19:53:58.280-0500] {dag.py:3229} INFO - Sync 1 DAGs
[2024-09-06T19:53:58.288-0500] {logging_mixin.py:190} INFO - [2024-09-06T19:53:58.288-0500] {dag.py:4156} INFO - Setting next_dagrun for example_time_delta_sensor_async to None, run_after=None
[2024-09-06T19:53:58.295-0500] {processor.py:208} INFO - Processing /Users/binhpham/Library/Python/3.9/lib/python/site-packages/airflow/example_dags/example_time_delta_sensor_async.py took 0.247 seconds
[2024-09-06T19:55:49.771-0500] {processor.py:186} INFO - Started process (PID=36869) to work on /Users/binhpham/Library/Python/3.9/lib/python/site-packages/airflow/example_dags/example_time_delta_sensor_async.py
[2024-09-06T19:55:49.774-0500] {processor.py:914} INFO - Processing file /Users/binhpham/Library/Python/3.9/lib/python/site-packages/airflow/example_dags/example_time_delta_sensor_async.py for tasks to queue
[2024-09-06T19:55:49.774-0500] {logging_mixin.py:190} INFO - [2024-09-06T19:55:49.774-0500] {dagbag.py:587} INFO - Filling up the DagBag from /Users/binhpham/Library/Python/3.9/lib/python/site-packages/airflow/example_dags/example_time_delta_sensor_async.py
[2024-09-06T19:55:49.778-0500] {processor.py:925} INFO - DAG(s) 'example_time_delta_sensor_async' retrieved from /Users/binhpham/Library/Python/3.9/lib/python/site-packages/airflow/example_dags/example_time_delta_sensor_async.py
[2024-09-06T19:55:50.007-0500] {logging_mixin.py:190} INFO - [2024-09-06T19:55:50.007-0500] {dag.py:3229} INFO - Sync 1 DAGs
[2024-09-06T19:55:50.012-0500] {logging_mixin.py:190} INFO - [2024-09-06T19:55:50.012-0500] {dag.py:4156} INFO - Setting next_dagrun for example_time_delta_sensor_async to None, run_after=None
[2024-09-06T19:55:50.019-0500] {processor.py:208} INFO - Processing /Users/binhpham/Library/Python/3.9/lib/python/site-packages/airflow/example_dags/example_time_delta_sensor_async.py took 0.249 seconds
[2024-09-06T19:57:11.921-0500] {processor.py:186} INFO - Started process (PID=37125) to work on /Users/binhpham/Library/Python/3.9/lib/python/site-packages/airflow/example_dags/example_time_delta_sensor_async.py
[2024-09-06T19:57:11.924-0500] {processor.py:914} INFO - Processing file /Users/binhpham/Library/Python/3.9/lib/python/site-packages/airflow/example_dags/example_time_delta_sensor_async.py for tasks to queue
[2024-09-06T19:57:11.925-0500] {logging_mixin.py:190} INFO - [2024-09-06T19:57:11.925-0500] {dagbag.py:587} INFO - Filling up the DagBag from /Users/binhpham/Library/Python/3.9/lib/python/site-packages/airflow/example_dags/example_time_delta_sensor_async.py
[2024-09-06T19:57:11.929-0500] {processor.py:925} INFO - DAG(s) 'example_time_delta_sensor_async' retrieved from /Users/binhpham/Library/Python/3.9/lib/python/site-packages/airflow/example_dags/example_time_delta_sensor_async.py
[2024-09-06T19:57:12.170-0500] {logging_mixin.py:190} INFO - [2024-09-06T19:57:12.170-0500] {dag.py:3229} INFO - Sync 1 DAGs
[2024-09-06T19:57:12.175-0500] {logging_mixin.py:190} INFO - [2024-09-06T19:57:12.175-0500] {dag.py:4156} INFO - Setting next_dagrun for example_time_delta_sensor_async to None, run_after=None
[2024-09-06T19:57:12.182-0500] {processor.py:208} INFO - Processing /Users/binhpham/Library/Python/3.9/lib/python/site-packages/airflow/example_dags/example_time_delta_sensor_async.py took 0.262 seconds
[2024-09-06T19:58:33.900-0500] {processor.py:186} INFO - Started process (PID=37376) to work on /Users/binhpham/Library/Python/3.9/lib/python/site-packages/airflow/example_dags/example_time_delta_sensor_async.py
[2024-09-06T19:58:33.903-0500] {processor.py:914} INFO - Processing file /Users/binhpham/Library/Python/3.9/lib/python/site-packages/airflow/example_dags/example_time_delta_sensor_async.py for tasks to queue
[2024-09-06T19:58:33.903-0500] {logging_mixin.py:190} INFO - [2024-09-06T19:58:33.903-0500] {dagbag.py:587} INFO - Filling up the DagBag from /Users/binhpham/Library/Python/3.9/lib/python/site-packages/airflow/example_dags/example_time_delta_sensor_async.py
[2024-09-06T19:58:33.907-0500] {processor.py:925} INFO - DAG(s) 'example_time_delta_sensor_async' retrieved from /Users/binhpham/Library/Python/3.9/lib/python/site-packages/airflow/example_dags/example_time_delta_sensor_async.py
[2024-09-06T19:58:34.152-0500] {logging_mixin.py:190} INFO - [2024-09-06T19:58:34.152-0500] {dag.py:3229} INFO - Sync 1 DAGs
[2024-09-06T19:58:34.157-0500] {logging_mixin.py:190} INFO - [2024-09-06T19:58:34.157-0500] {dag.py:4156} INFO - Setting next_dagrun for example_time_delta_sensor_async to None, run_after=None
[2024-09-06T19:58:34.164-0500] {processor.py:208} INFO - Processing /Users/binhpham/Library/Python/3.9/lib/python/site-packages/airflow/example_dags/example_time_delta_sensor_async.py took 0.265 seconds
[2024-09-06T19:59:56.857-0500] {processor.py:186} INFO - Started process (PID=37634) to work on /Users/binhpham/Library/Python/3.9/lib/python/site-packages/airflow/example_dags/example_time_delta_sensor_async.py
[2024-09-06T19:59:56.859-0500] {processor.py:914} INFO - Processing file /Users/binhpham/Library/Python/3.9/lib/python/site-packages/airflow/example_dags/example_time_delta_sensor_async.py for tasks to queue
[2024-09-06T19:59:56.859-0500] {logging_mixin.py:190} INFO - [2024-09-06T19:59:56.859-0500] {dagbag.py:587} INFO - Filling up the DagBag from /Users/binhpham/Library/Python/3.9/lib/python/site-packages/airflow/example_dags/example_time_delta_sensor_async.py
[2024-09-06T19:59:56.863-0500] {processor.py:925} INFO - DAG(s) 'example_time_delta_sensor_async' retrieved from /Users/binhpham/Library/Python/3.9/lib/python/site-packages/airflow/example_dags/example_time_delta_sensor_async.py
[2024-09-06T19:59:57.092-0500] {logging_mixin.py:190} INFO - [2024-09-06T19:59:57.092-0500] {dag.py:3229} INFO - Sync 1 DAGs
[2024-09-06T19:59:57.098-0500] {logging_mixin.py:190} INFO - [2024-09-06T19:59:57.097-0500] {dag.py:4156} INFO - Setting next_dagrun for example_time_delta_sensor_async to None, run_after=None
[2024-09-06T19:59:57.108-0500] {processor.py:208} INFO - Processing /Users/binhpham/Library/Python/3.9/lib/python/site-packages/airflow/example_dags/example_time_delta_sensor_async.py took 0.252 seconds
[2024-09-06T20:01:16.710-0500] {processor.py:186} INFO - Started process (PID=37876) to work on /Users/binhpham/Library/Python/3.9/lib/python/site-packages/airflow/example_dags/example_time_delta_sensor_async.py
[2024-09-06T20:01:16.712-0500] {processor.py:914} INFO - Processing file /Users/binhpham/Library/Python/3.9/lib/python/site-packages/airflow/example_dags/example_time_delta_sensor_async.py for tasks to queue
[2024-09-06T20:01:16.712-0500] {logging_mixin.py:190} INFO - [2024-09-06T20:01:16.712-0500] {dagbag.py:587} INFO - Filling up the DagBag from /Users/binhpham/Library/Python/3.9/lib/python/site-packages/airflow/example_dags/example_time_delta_sensor_async.py
[2024-09-06T20:01:16.716-0500] {processor.py:925} INFO - DAG(s) 'example_time_delta_sensor_async' retrieved from /Users/binhpham/Library/Python/3.9/lib/python/site-packages/airflow/example_dags/example_time_delta_sensor_async.py
[2024-09-06T20:01:16.959-0500] {logging_mixin.py:190} INFO - [2024-09-06T20:01:16.958-0500] {dag.py:3229} INFO - Sync 1 DAGs
[2024-09-06T20:01:16.963-0500] {logging_mixin.py:190} INFO - [2024-09-06T20:01:16.963-0500] {dag.py:4156} INFO - Setting next_dagrun for example_time_delta_sensor_async to None, run_after=None
[2024-09-06T20:01:16.971-0500] {processor.py:208} INFO - Processing /Users/binhpham/Library/Python/3.9/lib/python/site-packages/airflow/example_dags/example_time_delta_sensor_async.py took 0.263 seconds
[2024-09-06T20:02:39.027-0500] {processor.py:186} INFO - Started process (PID=38131) to work on /Users/binhpham/Library/Python/3.9/lib/python/site-packages/airflow/example_dags/example_time_delta_sensor_async.py
[2024-09-06T20:02:39.029-0500] {processor.py:914} INFO - Processing file /Users/binhpham/Library/Python/3.9/lib/python/site-packages/airflow/example_dags/example_time_delta_sensor_async.py for tasks to queue
[2024-09-06T20:02:39.029-0500] {logging_mixin.py:190} INFO - [2024-09-06T20:02:39.029-0500] {dagbag.py:587} INFO - Filling up the DagBag from /Users/binhpham/Library/Python/3.9/lib/python/site-packages/airflow/example_dags/example_time_delta_sensor_async.py
[2024-09-06T20:02:39.033-0500] {processor.py:925} INFO - DAG(s) 'example_time_delta_sensor_async' retrieved from /Users/binhpham/Library/Python/3.9/lib/python/site-packages/airflow/example_dags/example_time_delta_sensor_async.py
[2024-09-06T20:02:39.270-0500] {logging_mixin.py:190} INFO - [2024-09-06T20:02:39.270-0500] {dag.py:3229} INFO - Sync 1 DAGs
[2024-09-06T20:02:39.275-0500] {logging_mixin.py:190} INFO - [2024-09-06T20:02:39.275-0500] {dag.py:4156} INFO - Setting next_dagrun for example_time_delta_sensor_async to None, run_after=None
[2024-09-06T20:02:39.284-0500] {processor.py:208} INFO - Processing /Users/binhpham/Library/Python/3.9/lib/python/site-packages/airflow/example_dags/example_time_delta_sensor_async.py took 0.258 seconds
[2024-09-06T20:03:57.837-0500] {processor.py:186} INFO - Started process (PID=38373) to work on /Users/binhpham/Library/Python/3.9/lib/python/site-packages/airflow/example_dags/example_time_delta_sensor_async.py
[2024-09-06T20:03:57.839-0500] {processor.py:914} INFO - Processing file /Users/binhpham/Library/Python/3.9/lib/python/site-packages/airflow/example_dags/example_time_delta_sensor_async.py for tasks to queue
[2024-09-06T20:03:57.840-0500] {logging_mixin.py:190} INFO - [2024-09-06T20:03:57.840-0500] {dagbag.py:587} INFO - Filling up the DagBag from /Users/binhpham/Library/Python/3.9/lib/python/site-packages/airflow/example_dags/example_time_delta_sensor_async.py
[2024-09-06T20:03:57.844-0500] {processor.py:925} INFO - DAG(s) 'example_time_delta_sensor_async' retrieved from /Users/binhpham/Library/Python/3.9/lib/python/site-packages/airflow/example_dags/example_time_delta_sensor_async.py
[2024-09-06T20:03:58.080-0500] {logging_mixin.py:190} INFO - [2024-09-06T20:03:58.080-0500] {dag.py:3229} INFO - Sync 1 DAGs
[2024-09-06T20:03:58.086-0500] {logging_mixin.py:190} INFO - [2024-09-06T20:03:58.086-0500] {dag.py:4156} INFO - Setting next_dagrun for example_time_delta_sensor_async to None, run_after=None
[2024-09-06T20:03:58.095-0500] {processor.py:208} INFO - Processing /Users/binhpham/Library/Python/3.9/lib/python/site-packages/airflow/example_dags/example_time_delta_sensor_async.py took 0.259 seconds
[2024-09-06T20:05:16.450-0500] {processor.py:186} INFO - Started process (PID=38612) to work on /Users/binhpham/Library/Python/3.9/lib/python/site-packages/airflow/example_dags/example_time_delta_sensor_async.py
[2024-09-06T20:05:16.452-0500] {processor.py:914} INFO - Processing file /Users/binhpham/Library/Python/3.9/lib/python/site-packages/airflow/example_dags/example_time_delta_sensor_async.py for tasks to queue
[2024-09-06T20:05:16.452-0500] {logging_mixin.py:190} INFO - [2024-09-06T20:05:16.452-0500] {dagbag.py:587} INFO - Filling up the DagBag from /Users/binhpham/Library/Python/3.9/lib/python/site-packages/airflow/example_dags/example_time_delta_sensor_async.py
[2024-09-06T20:05:16.455-0500] {processor.py:925} INFO - DAG(s) 'example_time_delta_sensor_async' retrieved from /Users/binhpham/Library/Python/3.9/lib/python/site-packages/airflow/example_dags/example_time_delta_sensor_async.py
[2024-09-06T20:05:16.691-0500] {logging_mixin.py:190} INFO - [2024-09-06T20:05:16.691-0500] {dag.py:3229} INFO - Sync 1 DAGs
[2024-09-06T20:05:16.697-0500] {logging_mixin.py:190} INFO - [2024-09-06T20:05:16.696-0500] {dag.py:4156} INFO - Setting next_dagrun for example_time_delta_sensor_async to None, run_after=None
[2024-09-06T20:05:16.705-0500] {processor.py:208} INFO - Processing /Users/binhpham/Library/Python/3.9/lib/python/site-packages/airflow/example_dags/example_time_delta_sensor_async.py took 0.256 seconds
[2024-09-06T20:06:37.195-0500] {processor.py:186} INFO - Started process (PID=38861) to work on /Users/binhpham/Library/Python/3.9/lib/python/site-packages/airflow/example_dags/example_time_delta_sensor_async.py
[2024-09-06T20:06:37.198-0500] {processor.py:914} INFO - Processing file /Users/binhpham/Library/Python/3.9/lib/python/site-packages/airflow/example_dags/example_time_delta_sensor_async.py for tasks to queue
[2024-09-06T20:06:37.198-0500] {logging_mixin.py:190} INFO - [2024-09-06T20:06:37.198-0500] {dagbag.py:587} INFO - Filling up the DagBag from /Users/binhpham/Library/Python/3.9/lib/python/site-packages/airflow/example_dags/example_time_delta_sensor_async.py
[2024-09-06T20:06:37.202-0500] {processor.py:925} INFO - DAG(s) 'example_time_delta_sensor_async' retrieved from /Users/binhpham/Library/Python/3.9/lib/python/site-packages/airflow/example_dags/example_time_delta_sensor_async.py
[2024-09-06T20:06:37.442-0500] {logging_mixin.py:190} INFO - [2024-09-06T20:06:37.442-0500] {dag.py:3229} INFO - Sync 1 DAGs
[2024-09-06T20:06:37.448-0500] {logging_mixin.py:190} INFO - [2024-09-06T20:06:37.448-0500] {dag.py:4156} INFO - Setting next_dagrun for example_time_delta_sensor_async to None, run_after=None
[2024-09-06T20:06:37.456-0500] {processor.py:208} INFO - Processing /Users/binhpham/Library/Python/3.9/lib/python/site-packages/airflow/example_dags/example_time_delta_sensor_async.py took 0.262 seconds
[2024-09-06T20:07:57.301-0500] {processor.py:186} INFO - Started process (PID=39102) to work on /Users/binhpham/Library/Python/3.9/lib/python/site-packages/airflow/example_dags/example_time_delta_sensor_async.py
[2024-09-06T20:07:57.304-0500] {processor.py:914} INFO - Processing file /Users/binhpham/Library/Python/3.9/lib/python/site-packages/airflow/example_dags/example_time_delta_sensor_async.py for tasks to queue
[2024-09-06T20:07:57.304-0500] {logging_mixin.py:190} INFO - [2024-09-06T20:07:57.304-0500] {dagbag.py:587} INFO - Filling up the DagBag from /Users/binhpham/Library/Python/3.9/lib/python/site-packages/airflow/example_dags/example_time_delta_sensor_async.py
[2024-09-06T20:07:57.309-0500] {processor.py:925} INFO - DAG(s) 'example_time_delta_sensor_async' retrieved from /Users/binhpham/Library/Python/3.9/lib/python/site-packages/airflow/example_dags/example_time_delta_sensor_async.py
[2024-09-06T20:07:57.557-0500] {logging_mixin.py:190} INFO - [2024-09-06T20:07:57.557-0500] {dag.py:3229} INFO - Sync 1 DAGs
[2024-09-06T20:07:57.562-0500] {logging_mixin.py:190} INFO - [2024-09-06T20:07:57.562-0500] {dag.py:4156} INFO - Setting next_dagrun for example_time_delta_sensor_async to None, run_after=None
[2024-09-06T20:07:57.571-0500] {processor.py:208} INFO - Processing /Users/binhpham/Library/Python/3.9/lib/python/site-packages/airflow/example_dags/example_time_delta_sensor_async.py took 0.271 seconds
[2024-09-06T20:09:18.719-0500] {processor.py:186} INFO - Started process (PID=39348) to work on /Users/binhpham/Library/Python/3.9/lib/python/site-packages/airflow/example_dags/example_time_delta_sensor_async.py
[2024-09-06T20:09:18.721-0500] {processor.py:914} INFO - Processing file /Users/binhpham/Library/Python/3.9/lib/python/site-packages/airflow/example_dags/example_time_delta_sensor_async.py for tasks to queue
[2024-09-06T20:09:18.722-0500] {logging_mixin.py:190} INFO - [2024-09-06T20:09:18.722-0500] {dagbag.py:587} INFO - Filling up the DagBag from /Users/binhpham/Library/Python/3.9/lib/python/site-packages/airflow/example_dags/example_time_delta_sensor_async.py
[2024-09-06T20:09:18.727-0500] {processor.py:925} INFO - DAG(s) 'example_time_delta_sensor_async' retrieved from /Users/binhpham/Library/Python/3.9/lib/python/site-packages/airflow/example_dags/example_time_delta_sensor_async.py
[2024-09-06T20:09:18.993-0500] {logging_mixin.py:190} INFO - [2024-09-06T20:09:18.993-0500] {dag.py:3229} INFO - Sync 1 DAGs
[2024-09-06T20:09:18.998-0500] {logging_mixin.py:190} INFO - [2024-09-06T20:09:18.998-0500] {dag.py:4156} INFO - Setting next_dagrun for example_time_delta_sensor_async to None, run_after=None
[2024-09-06T20:09:19.007-0500] {processor.py:208} INFO - Processing /Users/binhpham/Library/Python/3.9/lib/python/site-packages/airflow/example_dags/example_time_delta_sensor_async.py took 0.289 seconds
[2024-09-06T20:10:45.609-0500] {processor.py:186} INFO - Started process (PID=39642) to work on /Users/binhpham/Library/Python/3.9/lib/python/site-packages/airflow/example_dags/example_time_delta_sensor_async.py
[2024-09-06T20:10:45.611-0500] {processor.py:914} INFO - Processing file /Users/binhpham/Library/Python/3.9/lib/python/site-packages/airflow/example_dags/example_time_delta_sensor_async.py for tasks to queue
[2024-09-06T20:10:45.612-0500] {logging_mixin.py:190} INFO - [2024-09-06T20:10:45.612-0500] {dagbag.py:587} INFO - Filling up the DagBag from /Users/binhpham/Library/Python/3.9/lib/python/site-packages/airflow/example_dags/example_time_delta_sensor_async.py
[2024-09-06T20:10:45.616-0500] {processor.py:925} INFO - DAG(s) 'example_time_delta_sensor_async' retrieved from /Users/binhpham/Library/Python/3.9/lib/python/site-packages/airflow/example_dags/example_time_delta_sensor_async.py
[2024-09-06T20:10:45.836-0500] {logging_mixin.py:190} INFO - [2024-09-06T20:10:45.836-0500] {dag.py:3229} INFO - Sync 1 DAGs
[2024-09-06T20:10:45.841-0500] {logging_mixin.py:190} INFO - [2024-09-06T20:10:45.841-0500] {dag.py:4156} INFO - Setting next_dagrun for example_time_delta_sensor_async to None, run_after=None
[2024-09-06T20:10:45.848-0500] {processor.py:208} INFO - Processing /Users/binhpham/Library/Python/3.9/lib/python/site-packages/airflow/example_dags/example_time_delta_sensor_async.py took 0.240 seconds
[2024-09-06T20:12:05.428-0500] {processor.py:186} INFO - Started process (PID=39909) to work on /Users/binhpham/Library/Python/3.9/lib/python/site-packages/airflow/example_dags/example_time_delta_sensor_async.py
[2024-09-06T20:12:05.430-0500] {processor.py:914} INFO - Processing file /Users/binhpham/Library/Python/3.9/lib/python/site-packages/airflow/example_dags/example_time_delta_sensor_async.py for tasks to queue
[2024-09-06T20:12:05.431-0500] {logging_mixin.py:190} INFO - [2024-09-06T20:12:05.431-0500] {dagbag.py:587} INFO - Filling up the DagBag from /Users/binhpham/Library/Python/3.9/lib/python/site-packages/airflow/example_dags/example_time_delta_sensor_async.py
[2024-09-06T20:12:05.435-0500] {processor.py:925} INFO - DAG(s) 'example_time_delta_sensor_async' retrieved from /Users/binhpham/Library/Python/3.9/lib/python/site-packages/airflow/example_dags/example_time_delta_sensor_async.py
[2024-09-06T20:12:05.658-0500] {logging_mixin.py:190} INFO - [2024-09-06T20:12:05.657-0500] {dag.py:3229} INFO - Sync 1 DAGs
[2024-09-06T20:12:05.662-0500] {logging_mixin.py:190} INFO - [2024-09-06T20:12:05.662-0500] {dag.py:4156} INFO - Setting next_dagrun for example_time_delta_sensor_async to None, run_after=None
[2024-09-06T20:12:05.670-0500] {processor.py:208} INFO - Processing /Users/binhpham/Library/Python/3.9/lib/python/site-packages/airflow/example_dags/example_time_delta_sensor_async.py took 0.243 seconds
[2024-09-06T20:13:27.529-0500] {processor.py:186} INFO - Started process (PID=40193) to work on /Users/binhpham/Library/Python/3.9/lib/python/site-packages/airflow/example_dags/example_time_delta_sensor_async.py
[2024-09-06T20:13:27.531-0500] {processor.py:914} INFO - Processing file /Users/binhpham/Library/Python/3.9/lib/python/site-packages/airflow/example_dags/example_time_delta_sensor_async.py for tasks to queue
[2024-09-06T20:13:27.532-0500] {logging_mixin.py:190} INFO - [2024-09-06T20:13:27.531-0500] {dagbag.py:587} INFO - Filling up the DagBag from /Users/binhpham/Library/Python/3.9/lib/python/site-packages/airflow/example_dags/example_time_delta_sensor_async.py
[2024-09-06T20:13:27.535-0500] {processor.py:925} INFO - DAG(s) 'example_time_delta_sensor_async' retrieved from /Users/binhpham/Library/Python/3.9/lib/python/site-packages/airflow/example_dags/example_time_delta_sensor_async.py
[2024-09-06T20:13:27.764-0500] {logging_mixin.py:190} INFO - [2024-09-06T20:13:27.764-0500] {dag.py:3229} INFO - Sync 1 DAGs
[2024-09-06T20:13:27.769-0500] {logging_mixin.py:190} INFO - [2024-09-06T20:13:27.769-0500] {dag.py:4156} INFO - Setting next_dagrun for example_time_delta_sensor_async to None, run_after=None
[2024-09-06T20:13:27.775-0500] {processor.py:208} INFO - Processing /Users/binhpham/Library/Python/3.9/lib/python/site-packages/airflow/example_dags/example_time_delta_sensor_async.py took 0.247 seconds
[2024-09-06T20:15:20.970-0500] {processor.py:186} INFO - Started process (PID=40599) to work on /Users/binhpham/Library/Python/3.9/lib/python/site-packages/airflow/example_dags/example_time_delta_sensor_async.py
[2024-09-06T20:15:20.973-0500] {processor.py:914} INFO - Processing file /Users/binhpham/Library/Python/3.9/lib/python/site-packages/airflow/example_dags/example_time_delta_sensor_async.py for tasks to queue
[2024-09-06T20:15:20.973-0500] {logging_mixin.py:190} INFO - [2024-09-06T20:15:20.973-0500] {dagbag.py:587} INFO - Filling up the DagBag from /Users/binhpham/Library/Python/3.9/lib/python/site-packages/airflow/example_dags/example_time_delta_sensor_async.py
[2024-09-06T20:15:20.977-0500] {processor.py:925} INFO - DAG(s) 'example_time_delta_sensor_async' retrieved from /Users/binhpham/Library/Python/3.9/lib/python/site-packages/airflow/example_dags/example_time_delta_sensor_async.py
[2024-09-06T20:15:21.223-0500] {logging_mixin.py:190} INFO - [2024-09-06T20:15:21.223-0500] {dag.py:3229} INFO - Sync 1 DAGs
[2024-09-06T20:15:21.229-0500] {logging_mixin.py:190} INFO - [2024-09-06T20:15:21.228-0500] {dag.py:4156} INFO - Setting next_dagrun for example_time_delta_sensor_async to None, run_after=None
[2024-09-06T20:15:21.237-0500] {processor.py:208} INFO - Processing /Users/binhpham/Library/Python/3.9/lib/python/site-packages/airflow/example_dags/example_time_delta_sensor_async.py took 0.268 seconds
[2024-09-06T20:22:11.508-0500] {processor.py:186} INFO - Started process (PID=42803) to work on /Users/binhpham/Library/Python/3.9/lib/python/site-packages/airflow/example_dags/example_time_delta_sensor_async.py
[2024-09-06T20:22:11.510-0500] {processor.py:914} INFO - Processing file /Users/binhpham/Library/Python/3.9/lib/python/site-packages/airflow/example_dags/example_time_delta_sensor_async.py for tasks to queue
[2024-09-06T20:22:11.511-0500] {logging_mixin.py:190} INFO - [2024-09-06T20:22:11.511-0500] {dagbag.py:587} INFO - Filling up the DagBag from /Users/binhpham/Library/Python/3.9/lib/python/site-packages/airflow/example_dags/example_time_delta_sensor_async.py
[2024-09-06T20:22:11.514-0500] {processor.py:925} INFO - DAG(s) 'example_time_delta_sensor_async' retrieved from /Users/binhpham/Library/Python/3.9/lib/python/site-packages/airflow/example_dags/example_time_delta_sensor_async.py
[2024-09-06T20:22:11.753-0500] {logging_mixin.py:190} INFO - [2024-09-06T20:22:11.753-0500] {dag.py:3229} INFO - Sync 1 DAGs
[2024-09-06T20:22:11.759-0500] {logging_mixin.py:190} INFO - [2024-09-06T20:22:11.759-0500] {dag.py:4156} INFO - Setting next_dagrun for example_time_delta_sensor_async to None, run_after=None
[2024-09-06T20:22:11.767-0500] {processor.py:208} INFO - Processing /Users/binhpham/Library/Python/3.9/lib/python/site-packages/airflow/example_dags/example_time_delta_sensor_async.py took 0.260 seconds
[2024-09-06T20:24:03.680-0500] {processor.py:186} INFO - Started process (PID=43161) to work on /Users/binhpham/Library/Python/3.9/lib/python/site-packages/airflow/example_dags/example_time_delta_sensor_async.py
[2024-09-06T20:24:03.682-0500] {processor.py:914} INFO - Processing file /Users/binhpham/Library/Python/3.9/lib/python/site-packages/airflow/example_dags/example_time_delta_sensor_async.py for tasks to queue
[2024-09-06T20:24:03.683-0500] {logging_mixin.py:190} INFO - [2024-09-06T20:24:03.682-0500] {dagbag.py:587} INFO - Filling up the DagBag from /Users/binhpham/Library/Python/3.9/lib/python/site-packages/airflow/example_dags/example_time_delta_sensor_async.py
[2024-09-06T20:24:03.687-0500] {processor.py:925} INFO - DAG(s) 'example_time_delta_sensor_async' retrieved from /Users/binhpham/Library/Python/3.9/lib/python/site-packages/airflow/example_dags/example_time_delta_sensor_async.py
[2024-09-06T20:24:03.913-0500] {logging_mixin.py:190} INFO - [2024-09-06T20:24:03.913-0500] {dag.py:3229} INFO - Sync 1 DAGs
[2024-09-06T20:24:03.918-0500] {logging_mixin.py:190} INFO - [2024-09-06T20:24:03.918-0500] {dag.py:4156} INFO - Setting next_dagrun for example_time_delta_sensor_async to None, run_after=None
[2024-09-06T20:24:03.925-0500] {processor.py:208} INFO - Processing /Users/binhpham/Library/Python/3.9/lib/python/site-packages/airflow/example_dags/example_time_delta_sensor_async.py took 0.246 seconds
[2024-09-06T20:25:26.564-0500] {processor.py:186} INFO - Started process (PID=43417) to work on /Users/binhpham/Library/Python/3.9/lib/python/site-packages/airflow/example_dags/example_time_delta_sensor_async.py
[2024-09-06T20:25:26.567-0500] {processor.py:914} INFO - Processing file /Users/binhpham/Library/Python/3.9/lib/python/site-packages/airflow/example_dags/example_time_delta_sensor_async.py for tasks to queue
[2024-09-06T20:25:26.568-0500] {logging_mixin.py:190} INFO - [2024-09-06T20:25:26.567-0500] {dagbag.py:587} INFO - Filling up the DagBag from /Users/binhpham/Library/Python/3.9/lib/python/site-packages/airflow/example_dags/example_time_delta_sensor_async.py
[2024-09-06T20:25:26.572-0500] {processor.py:925} INFO - DAG(s) 'example_time_delta_sensor_async' retrieved from /Users/binhpham/Library/Python/3.9/lib/python/site-packages/airflow/example_dags/example_time_delta_sensor_async.py
[2024-09-06T20:25:26.817-0500] {logging_mixin.py:190} INFO - [2024-09-06T20:25:26.817-0500] {dag.py:3229} INFO - Sync 1 DAGs
[2024-09-06T20:25:26.822-0500] {logging_mixin.py:190} INFO - [2024-09-06T20:25:26.822-0500] {dag.py:4156} INFO - Setting next_dagrun for example_time_delta_sensor_async to None, run_after=None
[2024-09-06T20:25:26.830-0500] {processor.py:208} INFO - Processing /Users/binhpham/Library/Python/3.9/lib/python/site-packages/airflow/example_dags/example_time_delta_sensor_async.py took 0.267 seconds
[2024-09-06T20:27:19.505-0500] {processor.py:186} INFO - Started process (PID=43818) to work on /Users/binhpham/Library/Python/3.9/lib/python/site-packages/airflow/example_dags/example_time_delta_sensor_async.py
[2024-09-06T20:27:19.507-0500] {processor.py:914} INFO - Processing file /Users/binhpham/Library/Python/3.9/lib/python/site-packages/airflow/example_dags/example_time_delta_sensor_async.py for tasks to queue
[2024-09-06T20:27:19.508-0500] {logging_mixin.py:190} INFO - [2024-09-06T20:27:19.508-0500] {dagbag.py:587} INFO - Filling up the DagBag from /Users/binhpham/Library/Python/3.9/lib/python/site-packages/airflow/example_dags/example_time_delta_sensor_async.py
[2024-09-06T20:27:19.511-0500] {processor.py:925} INFO - DAG(s) 'example_time_delta_sensor_async' retrieved from /Users/binhpham/Library/Python/3.9/lib/python/site-packages/airflow/example_dags/example_time_delta_sensor_async.py
[2024-09-06T20:27:19.760-0500] {logging_mixin.py:190} INFO - [2024-09-06T20:27:19.759-0500] {dag.py:3229} INFO - Sync 1 DAGs
[2024-09-06T20:27:19.765-0500] {logging_mixin.py:190} INFO - [2024-09-06T20:27:19.765-0500] {dag.py:4156} INFO - Setting next_dagrun for example_time_delta_sensor_async to None, run_after=None
[2024-09-06T20:27:19.774-0500] {processor.py:208} INFO - Processing /Users/binhpham/Library/Python/3.9/lib/python/site-packages/airflow/example_dags/example_time_delta_sensor_async.py took 0.270 seconds
[2024-09-06T20:29:10.518-0500] {processor.py:186} INFO - Started process (PID=44186) to work on /Users/binhpham/Library/Python/3.9/lib/python/site-packages/airflow/example_dags/example_time_delta_sensor_async.py
[2024-09-06T20:29:10.521-0500] {processor.py:914} INFO - Processing file /Users/binhpham/Library/Python/3.9/lib/python/site-packages/airflow/example_dags/example_time_delta_sensor_async.py for tasks to queue
[2024-09-06T20:29:10.521-0500] {logging_mixin.py:190} INFO - [2024-09-06T20:29:10.521-0500] {dagbag.py:587} INFO - Filling up the DagBag from /Users/binhpham/Library/Python/3.9/lib/python/site-packages/airflow/example_dags/example_time_delta_sensor_async.py
[2024-09-06T20:29:10.525-0500] {processor.py:925} INFO - DAG(s) 'example_time_delta_sensor_async' retrieved from /Users/binhpham/Library/Python/3.9/lib/python/site-packages/airflow/example_dags/example_time_delta_sensor_async.py
[2024-09-06T20:29:10.899-0500] {logging_mixin.py:190} INFO - [2024-09-06T20:29:10.899-0500] {dag.py:3229} INFO - Sync 1 DAGs
[2024-09-06T20:29:10.905-0500] {logging_mixin.py:190} INFO - [2024-09-06T20:29:10.904-0500] {dag.py:4156} INFO - Setting next_dagrun for example_time_delta_sensor_async to None, run_after=None
[2024-09-06T20:29:10.914-0500] {processor.py:208} INFO - Processing /Users/binhpham/Library/Python/3.9/lib/python/site-packages/airflow/example_dags/example_time_delta_sensor_async.py took 0.397 seconds
[2024-09-06T20:30:31.627-0500] {processor.py:186} INFO - Started process (PID=44457) to work on /Users/binhpham/Library/Python/3.9/lib/python/site-packages/airflow/example_dags/example_time_delta_sensor_async.py
[2024-09-06T20:30:31.629-0500] {processor.py:914} INFO - Processing file /Users/binhpham/Library/Python/3.9/lib/python/site-packages/airflow/example_dags/example_time_delta_sensor_async.py for tasks to queue
[2024-09-06T20:30:31.630-0500] {logging_mixin.py:190} INFO - [2024-09-06T20:30:31.629-0500] {dagbag.py:587} INFO - Filling up the DagBag from /Users/binhpham/Library/Python/3.9/lib/python/site-packages/airflow/example_dags/example_time_delta_sensor_async.py
[2024-09-06T20:30:31.633-0500] {processor.py:925} INFO - DAG(s) 'example_time_delta_sensor_async' retrieved from /Users/binhpham/Library/Python/3.9/lib/python/site-packages/airflow/example_dags/example_time_delta_sensor_async.py
[2024-09-06T20:30:31.856-0500] {logging_mixin.py:190} INFO - [2024-09-06T20:30:31.855-0500] {dag.py:3229} INFO - Sync 1 DAGs
[2024-09-06T20:30:31.860-0500] {logging_mixin.py:190} INFO - [2024-09-06T20:30:31.860-0500] {dag.py:4156} INFO - Setting next_dagrun for example_time_delta_sensor_async to None, run_after=None
[2024-09-06T20:30:31.868-0500] {processor.py:208} INFO - Processing /Users/binhpham/Library/Python/3.9/lib/python/site-packages/airflow/example_dags/example_time_delta_sensor_async.py took 0.242 seconds
[2024-09-06T20:31:52.571-0500] {processor.py:186} INFO - Started process (PID=44703) to work on /Users/binhpham/Library/Python/3.9/lib/python/site-packages/airflow/example_dags/example_time_delta_sensor_async.py
[2024-09-06T20:31:52.573-0500] {processor.py:914} INFO - Processing file /Users/binhpham/Library/Python/3.9/lib/python/site-packages/airflow/example_dags/example_time_delta_sensor_async.py for tasks to queue
[2024-09-06T20:31:52.573-0500] {logging_mixin.py:190} INFO - [2024-09-06T20:31:52.573-0500] {dagbag.py:587} INFO - Filling up the DagBag from /Users/binhpham/Library/Python/3.9/lib/python/site-packages/airflow/example_dags/example_time_delta_sensor_async.py
[2024-09-06T20:31:52.577-0500] {processor.py:925} INFO - DAG(s) 'example_time_delta_sensor_async' retrieved from /Users/binhpham/Library/Python/3.9/lib/python/site-packages/airflow/example_dags/example_time_delta_sensor_async.py
[2024-09-06T20:31:52.815-0500] {logging_mixin.py:190} INFO - [2024-09-06T20:31:52.815-0500] {dag.py:3229} INFO - Sync 1 DAGs
[2024-09-06T20:31:52.821-0500] {logging_mixin.py:190} INFO - [2024-09-06T20:31:52.821-0500] {dag.py:4156} INFO - Setting next_dagrun for example_time_delta_sensor_async to None, run_after=None
[2024-09-06T20:31:52.830-0500] {processor.py:208} INFO - Processing /Users/binhpham/Library/Python/3.9/lib/python/site-packages/airflow/example_dags/example_time_delta_sensor_async.py took 0.260 seconds
[2024-09-06T20:33:51.052-0500] {processor.py:186} INFO - Started process (PID=45118) to work on /Users/binhpham/Library/Python/3.9/lib/python/site-packages/airflow/example_dags/example_time_delta_sensor_async.py
[2024-09-06T20:33:51.054-0500] {processor.py:914} INFO - Processing file /Users/binhpham/Library/Python/3.9/lib/python/site-packages/airflow/example_dags/example_time_delta_sensor_async.py for tasks to queue
[2024-09-06T20:33:51.055-0500] {logging_mixin.py:190} INFO - [2024-09-06T20:33:51.055-0500] {dagbag.py:587} INFO - Filling up the DagBag from /Users/binhpham/Library/Python/3.9/lib/python/site-packages/airflow/example_dags/example_time_delta_sensor_async.py
[2024-09-06T20:33:51.058-0500] {processor.py:925} INFO - DAG(s) 'example_time_delta_sensor_async' retrieved from /Users/binhpham/Library/Python/3.9/lib/python/site-packages/airflow/example_dags/example_time_delta_sensor_async.py
[2024-09-06T20:33:51.295-0500] {logging_mixin.py:190} INFO - [2024-09-06T20:33:51.295-0500] {dag.py:3229} INFO - Sync 1 DAGs
[2024-09-06T20:33:51.300-0500] {logging_mixin.py:190} INFO - [2024-09-06T20:33:51.300-0500] {dag.py:4156} INFO - Setting next_dagrun for example_time_delta_sensor_async to None, run_after=None
[2024-09-06T20:33:51.308-0500] {processor.py:208} INFO - Processing /Users/binhpham/Library/Python/3.9/lib/python/site-packages/airflow/example_dags/example_time_delta_sensor_async.py took 0.256 seconds
[2024-09-06T20:35:42.920-0500] {processor.py:186} INFO - Started process (PID=45474) to work on /Users/binhpham/Library/Python/3.9/lib/python/site-packages/airflow/example_dags/example_time_delta_sensor_async.py
[2024-09-06T20:35:42.923-0500] {processor.py:914} INFO - Processing file /Users/binhpham/Library/Python/3.9/lib/python/site-packages/airflow/example_dags/example_time_delta_sensor_async.py for tasks to queue
[2024-09-06T20:35:42.923-0500] {logging_mixin.py:190} INFO - [2024-09-06T20:35:42.923-0500] {dagbag.py:587} INFO - Filling up the DagBag from /Users/binhpham/Library/Python/3.9/lib/python/site-packages/airflow/example_dags/example_time_delta_sensor_async.py
[2024-09-06T20:35:42.927-0500] {processor.py:925} INFO - DAG(s) 'example_time_delta_sensor_async' retrieved from /Users/binhpham/Library/Python/3.9/lib/python/site-packages/airflow/example_dags/example_time_delta_sensor_async.py
[2024-09-06T20:35:43.157-0500] {logging_mixin.py:190} INFO - [2024-09-06T20:35:43.157-0500] {dag.py:3229} INFO - Sync 1 DAGs
[2024-09-06T20:35:43.162-0500] {logging_mixin.py:190} INFO - [2024-09-06T20:35:43.162-0500] {dag.py:4156} INFO - Setting next_dagrun for example_time_delta_sensor_async to None, run_after=None
[2024-09-06T20:35:43.169-0500] {processor.py:208} INFO - Processing /Users/binhpham/Library/Python/3.9/lib/python/site-packages/airflow/example_dags/example_time_delta_sensor_async.py took 0.251 seconds
[2024-09-06T20:37:04.360-0500] {processor.py:186} INFO - Started process (PID=45733) to work on /Users/binhpham/Library/Python/3.9/lib/python/site-packages/airflow/example_dags/example_time_delta_sensor_async.py
[2024-09-06T20:37:04.362-0500] {processor.py:914} INFO - Processing file /Users/binhpham/Library/Python/3.9/lib/python/site-packages/airflow/example_dags/example_time_delta_sensor_async.py for tasks to queue
[2024-09-06T20:37:04.362-0500] {logging_mixin.py:190} INFO - [2024-09-06T20:37:04.362-0500] {dagbag.py:587} INFO - Filling up the DagBag from /Users/binhpham/Library/Python/3.9/lib/python/site-packages/airflow/example_dags/example_time_delta_sensor_async.py
[2024-09-06T20:37:04.366-0500] {processor.py:925} INFO - DAG(s) 'example_time_delta_sensor_async' retrieved from /Users/binhpham/Library/Python/3.9/lib/python/site-packages/airflow/example_dags/example_time_delta_sensor_async.py
[2024-09-06T20:37:04.609-0500] {logging_mixin.py:190} INFO - [2024-09-06T20:37:04.609-0500] {dag.py:3229} INFO - Sync 1 DAGs
[2024-09-06T20:37:04.614-0500] {logging_mixin.py:190} INFO - [2024-09-06T20:37:04.614-0500] {dag.py:4156} INFO - Setting next_dagrun for example_time_delta_sensor_async to None, run_after=None
[2024-09-06T20:37:04.621-0500] {processor.py:208} INFO - Processing /Users/binhpham/Library/Python/3.9/lib/python/site-packages/airflow/example_dags/example_time_delta_sensor_async.py took 0.263 seconds
[2024-09-06T20:38:26.338-0500] {processor.py:186} INFO - Started process (PID=46021) to work on /Users/binhpham/Library/Python/3.9/lib/python/site-packages/airflow/example_dags/example_time_delta_sensor_async.py
[2024-09-06T20:38:26.341-0500] {processor.py:914} INFO - Processing file /Users/binhpham/Library/Python/3.9/lib/python/site-packages/airflow/example_dags/example_time_delta_sensor_async.py for tasks to queue
[2024-09-06T20:38:26.341-0500] {logging_mixin.py:190} INFO - [2024-09-06T20:38:26.341-0500] {dagbag.py:587} INFO - Filling up the DagBag from /Users/binhpham/Library/Python/3.9/lib/python/site-packages/airflow/example_dags/example_time_delta_sensor_async.py
[2024-09-06T20:38:26.345-0500] {processor.py:925} INFO - DAG(s) 'example_time_delta_sensor_async' retrieved from /Users/binhpham/Library/Python/3.9/lib/python/site-packages/airflow/example_dags/example_time_delta_sensor_async.py
[2024-09-06T20:38:26.594-0500] {logging_mixin.py:190} INFO - [2024-09-06T20:38:26.594-0500] {dag.py:3229} INFO - Sync 1 DAGs
[2024-09-06T20:38:26.600-0500] {logging_mixin.py:190} INFO - [2024-09-06T20:38:26.600-0500] {dag.py:4156} INFO - Setting next_dagrun for example_time_delta_sensor_async to None, run_after=None
[2024-09-06T20:38:26.608-0500] {processor.py:208} INFO - Processing /Users/binhpham/Library/Python/3.9/lib/python/site-packages/airflow/example_dags/example_time_delta_sensor_async.py took 0.271 seconds
