[2024-09-06T19:46:21.264-0500] {processor.py:186} INFO - Started process (PID=34913) to work on /Users/binhpham/Library/Python/3.9/lib/python/site-packages/airflow/example_dags/example_branch_python_dop_operator_3.py
[2024-09-06T19:46:21.266-0500] {processor.py:914} INFO - Processing file /Users/binhpham/Library/Python/3.9/lib/python/site-packages/airflow/example_dags/example_branch_python_dop_operator_3.py for tasks to queue
[2024-09-06T19:46:21.266-0500] {logging_mixin.py:190} INFO - [2024-09-06T19:46:21.266-0500] {dagbag.py:587} INFO - Filling up the DagBag from /Users/binhpham/Library/Python/3.9/lib/python/site-packages/airflow/example_dags/example_branch_python_dop_operator_3.py
[2024-09-06T19:46:21.282-0500] {processor.py:925} INFO - DAG(s) 'example_branch_dop_operator_v3' retrieved from /Users/binhpham/Library/Python/3.9/lib/python/site-packages/airflow/example_dags/example_branch_python_dop_operator_3.py
[2024-09-06T19:46:21.357-0500] {logging_mixin.py:190} INFO - [2024-09-06T19:46:21.357-0500] {override.py:1900} INFO - Created Permission View: can delete on DAG:example_branch_dop_operator_v3
[2024-09-06T19:46:21.361-0500] {logging_mixin.py:190} INFO - [2024-09-06T19:46:21.361-0500] {override.py:1900} INFO - Created Permission View: can edit on DAG:example_branch_dop_operator_v3
[2024-09-06T19:46:21.363-0500] {logging_mixin.py:190} INFO - [2024-09-06T19:46:21.363-0500] {override.py:1900} INFO - Created Permission View: can read on DAG:example_branch_dop_operator_v3
[2024-09-06T19:46:21.366-0500] {logging_mixin.py:190} INFO - [2024-09-06T19:46:21.366-0500] {override.py:1900} INFO - Created Permission View: can create on DAG Run:example_branch_dop_operator_v3
[2024-09-06T19:46:21.368-0500] {logging_mixin.py:190} INFO - [2024-09-06T19:46:21.368-0500] {override.py:1900} INFO - Created Permission View: can delete on DAG Run:example_branch_dop_operator_v3
[2024-09-06T19:46:21.370-0500] {logging_mixin.py:190} INFO - [2024-09-06T19:46:21.370-0500] {override.py:1900} INFO - Created Permission View: menu access on DAG Run:example_branch_dop_operator_v3
[2024-09-06T19:46:21.372-0500] {logging_mixin.py:190} INFO - [2024-09-06T19:46:21.372-0500] {override.py:1900} INFO - Created Permission View: can read on DAG Run:example_branch_dop_operator_v3
[2024-09-06T19:46:21.372-0500] {logging_mixin.py:190} INFO - [2024-09-06T19:46:21.372-0500] {dag.py:3229} INFO - Sync 1 DAGs
[2024-09-06T19:46:21.377-0500] {logging_mixin.py:190} INFO - [2024-09-06T19:46:21.377-0500] {dag.py:3252} INFO - Creating ORM DAG for example_branch_dop_operator_v3
[2024-09-06T19:46:21.416-0500] {logging_mixin.py:190} INFO - [2024-09-06T19:46:21.416-0500] {dag.py:4156} INFO - Setting next_dagrun for example_branch_dop_operator_v3 to 2024-09-07 00:45:00+00:00, run_after=2024-09-07 00:46:00+00:00
[2024-09-06T19:46:21.422-0500] {processor.py:208} INFO - Processing /Users/binhpham/Library/Python/3.9/lib/python/site-packages/airflow/example_dags/example_branch_python_dop_operator_3.py took 0.159 seconds
[2024-09-06T19:48:42.092-0500] {processor.py:186} INFO - Started process (PID=35454) to work on /Users/binhpham/Library/Python/3.9/lib/python/site-packages/airflow/example_dags/example_branch_python_dop_operator_3.py
[2024-09-06T19:48:42.094-0500] {processor.py:914} INFO - Processing file /Users/binhpham/Library/Python/3.9/lib/python/site-packages/airflow/example_dags/example_branch_python_dop_operator_3.py for tasks to queue
[2024-09-06T19:48:42.095-0500] {logging_mixin.py:190} INFO - [2024-09-06T19:48:42.095-0500] {dagbag.py:587} INFO - Filling up the DagBag from /Users/binhpham/Library/Python/3.9/lib/python/site-packages/airflow/example_dags/example_branch_python_dop_operator_3.py
[2024-09-06T19:48:42.111-0500] {processor.py:925} INFO - DAG(s) 'example_branch_dop_operator_v3' retrieved from /Users/binhpham/Library/Python/3.9/lib/python/site-packages/airflow/example_dags/example_branch_python_dop_operator_3.py
[2024-09-06T19:48:42.154-0500] {logging_mixin.py:190} INFO - [2024-09-06T19:48:42.154-0500] {dag.py:3229} INFO - Sync 1 DAGs
[2024-09-06T19:48:42.166-0500] {logging_mixin.py:190} INFO - [2024-09-06T19:48:42.166-0500] {dag.py:4156} INFO - Setting next_dagrun for example_branch_dop_operator_v3 to 2024-09-07 00:47:00+00:00, run_after=2024-09-07 00:48:00+00:00
[2024-09-06T19:48:42.174-0500] {processor.py:208} INFO - Processing /Users/binhpham/Library/Python/3.9/lib/python/site-packages/airflow/example_dags/example_branch_python_dop_operator_3.py took 0.083 seconds
[2024-09-06T19:51:24.713-0500] {processor.py:186} INFO - Started process (PID=35968) to work on /Users/binhpham/Library/Python/3.9/lib/python/site-packages/airflow/example_dags/example_branch_python_dop_operator_3.py
[2024-09-06T19:51:24.716-0500] {processor.py:914} INFO - Processing file /Users/binhpham/Library/Python/3.9/lib/python/site-packages/airflow/example_dags/example_branch_python_dop_operator_3.py for tasks to queue
[2024-09-06T19:51:24.717-0500] {logging_mixin.py:190} INFO - [2024-09-06T19:51:24.716-0500] {dagbag.py:587} INFO - Filling up the DagBag from /Users/binhpham/Library/Python/3.9/lib/python/site-packages/airflow/example_dags/example_branch_python_dop_operator_3.py
[2024-09-06T19:51:24.734-0500] {processor.py:925} INFO - DAG(s) 'example_branch_dop_operator_v3' retrieved from /Users/binhpham/Library/Python/3.9/lib/python/site-packages/airflow/example_dags/example_branch_python_dop_operator_3.py
[2024-09-06T19:51:24.780-0500] {logging_mixin.py:190} INFO - [2024-09-06T19:51:24.780-0500] {dag.py:3229} INFO - Sync 1 DAGs
[2024-09-06T19:51:24.792-0500] {logging_mixin.py:190} INFO - [2024-09-06T19:51:24.792-0500] {dag.py:4156} INFO - Setting next_dagrun for example_branch_dop_operator_v3 to 2024-09-07 00:50:00+00:00, run_after=2024-09-07 00:51:00+00:00
[2024-09-06T19:51:24.800-0500] {processor.py:208} INFO - Processing /Users/binhpham/Library/Python/3.9/lib/python/site-packages/airflow/example_dags/example_branch_python_dop_operator_3.py took 0.089 seconds
[2024-09-06T19:55:04.653-0500] {processor.py:186} INFO - Started process (PID=36727) to work on /Users/binhpham/Library/Python/3.9/lib/python/site-packages/airflow/example_dags/example_branch_python_dop_operator_3.py
[2024-09-06T19:55:04.655-0500] {processor.py:914} INFO - Processing file /Users/binhpham/Library/Python/3.9/lib/python/site-packages/airflow/example_dags/example_branch_python_dop_operator_3.py for tasks to queue
[2024-09-06T19:55:04.656-0500] {logging_mixin.py:190} INFO - [2024-09-06T19:55:04.655-0500] {dagbag.py:587} INFO - Filling up the DagBag from /Users/binhpham/Library/Python/3.9/lib/python/site-packages/airflow/example_dags/example_branch_python_dop_operator_3.py
[2024-09-06T19:55:04.670-0500] {processor.py:925} INFO - DAG(s) 'example_branch_dop_operator_v3' retrieved from /Users/binhpham/Library/Python/3.9/lib/python/site-packages/airflow/example_dags/example_branch_python_dop_operator_3.py
[2024-09-06T19:55:04.712-0500] {logging_mixin.py:190} INFO - [2024-09-06T19:55:04.711-0500] {dag.py:3229} INFO - Sync 1 DAGs
[2024-09-06T19:55:04.724-0500] {logging_mixin.py:190} INFO - [2024-09-06T19:55:04.724-0500] {dag.py:4156} INFO - Setting next_dagrun for example_branch_dop_operator_v3 to 2024-09-07 00:54:00+00:00, run_after=2024-09-07 00:55:00+00:00
[2024-09-06T19:55:04.731-0500] {processor.py:208} INFO - Processing /Users/binhpham/Library/Python/3.9/lib/python/site-packages/airflow/example_dags/example_branch_python_dop_operator_3.py took 0.079 seconds
[2024-09-06T19:57:48.173-0500] {processor.py:186} INFO - Started process (PID=37231) to work on /Users/binhpham/Library/Python/3.9/lib/python/site-packages/airflow/example_dags/example_branch_python_dop_operator_3.py
[2024-09-06T19:57:48.175-0500] {processor.py:914} INFO - Processing file /Users/binhpham/Library/Python/3.9/lib/python/site-packages/airflow/example_dags/example_branch_python_dop_operator_3.py for tasks to queue
[2024-09-06T19:57:48.176-0500] {logging_mixin.py:190} INFO - [2024-09-06T19:57:48.176-0500] {dagbag.py:587} INFO - Filling up the DagBag from /Users/binhpham/Library/Python/3.9/lib/python/site-packages/airflow/example_dags/example_branch_python_dop_operator_3.py
[2024-09-06T19:57:48.191-0500] {processor.py:925} INFO - DAG(s) 'example_branch_dop_operator_v3' retrieved from /Users/binhpham/Library/Python/3.9/lib/python/site-packages/airflow/example_dags/example_branch_python_dop_operator_3.py
[2024-09-06T19:57:48.235-0500] {logging_mixin.py:190} INFO - [2024-09-06T19:57:48.235-0500] {dag.py:3229} INFO - Sync 1 DAGs
[2024-09-06T19:57:48.248-0500] {logging_mixin.py:190} INFO - [2024-09-06T19:57:48.248-0500] {dag.py:4156} INFO - Setting next_dagrun for example_branch_dop_operator_v3 to 2024-09-07 00:56:00+00:00, run_after=2024-09-07 00:57:00+00:00
[2024-09-06T19:57:48.256-0500] {processor.py:208} INFO - Processing /Users/binhpham/Library/Python/3.9/lib/python/site-packages/airflow/example_dags/example_branch_python_dop_operator_3.py took 0.085 seconds
[2024-09-06T20:00:31.752-0500] {processor.py:186} INFO - Started process (PID=37740) to work on /Users/binhpham/Library/Python/3.9/lib/python/site-packages/airflow/example_dags/example_branch_python_dop_operator_3.py
[2024-09-06T20:00:31.754-0500] {processor.py:914} INFO - Processing file /Users/binhpham/Library/Python/3.9/lib/python/site-packages/airflow/example_dags/example_branch_python_dop_operator_3.py for tasks to queue
[2024-09-06T20:00:31.755-0500] {logging_mixin.py:190} INFO - [2024-09-06T20:00:31.755-0500] {dagbag.py:587} INFO - Filling up the DagBag from /Users/binhpham/Library/Python/3.9/lib/python/site-packages/airflow/example_dags/example_branch_python_dop_operator_3.py
[2024-09-06T20:00:31.771-0500] {processor.py:925} INFO - DAG(s) 'example_branch_dop_operator_v3' retrieved from /Users/binhpham/Library/Python/3.9/lib/python/site-packages/airflow/example_dags/example_branch_python_dop_operator_3.py
[2024-09-06T20:00:31.813-0500] {logging_mixin.py:190} INFO - [2024-09-06T20:00:31.813-0500] {dag.py:3229} INFO - Sync 1 DAGs
[2024-09-06T20:00:31.826-0500] {logging_mixin.py:190} INFO - [2024-09-06T20:00:31.826-0500] {dag.py:4156} INFO - Setting next_dagrun for example_branch_dop_operator_v3 to 2024-09-07 00:59:00+00:00, run_after=2024-09-07 01:00:00+00:00
[2024-09-06T20:00:31.833-0500] {processor.py:208} INFO - Processing /Users/binhpham/Library/Python/3.9/lib/python/site-packages/airflow/example_dags/example_branch_python_dop_operator_3.py took 0.083 seconds
[2024-09-06T20:03:13.773-0500] {processor.py:186} INFO - Started process (PID=38239) to work on /Users/binhpham/Library/Python/3.9/lib/python/site-packages/airflow/example_dags/example_branch_python_dop_operator_3.py
[2024-09-06T20:03:13.775-0500] {processor.py:914} INFO - Processing file /Users/binhpham/Library/Python/3.9/lib/python/site-packages/airflow/example_dags/example_branch_python_dop_operator_3.py for tasks to queue
[2024-09-06T20:03:13.775-0500] {logging_mixin.py:190} INFO - [2024-09-06T20:03:13.775-0500] {dagbag.py:587} INFO - Filling up the DagBag from /Users/binhpham/Library/Python/3.9/lib/python/site-packages/airflow/example_dags/example_branch_python_dop_operator_3.py
[2024-09-06T20:03:13.792-0500] {processor.py:925} INFO - DAG(s) 'example_branch_dop_operator_v3' retrieved from /Users/binhpham/Library/Python/3.9/lib/python/site-packages/airflow/example_dags/example_branch_python_dop_operator_3.py
[2024-09-06T20:03:13.835-0500] {logging_mixin.py:190} INFO - [2024-09-06T20:03:13.834-0500] {dag.py:3229} INFO - Sync 1 DAGs
[2024-09-06T20:03:13.848-0500] {logging_mixin.py:190} INFO - [2024-09-06T20:03:13.848-0500] {dag.py:4156} INFO - Setting next_dagrun for example_branch_dop_operator_v3 to 2024-09-07 01:02:00+00:00, run_after=2024-09-07 01:03:00+00:00
[2024-09-06T20:03:13.855-0500] {processor.py:208} INFO - Processing /Users/binhpham/Library/Python/3.9/lib/python/site-packages/airflow/example_dags/example_branch_python_dop_operator_3.py took 0.084 seconds
[2024-09-06T20:05:52.517-0500] {processor.py:186} INFO - Started process (PID=38725) to work on /Users/binhpham/Library/Python/3.9/lib/python/site-packages/airflow/example_dags/example_branch_python_dop_operator_3.py
[2024-09-06T20:05:52.519-0500] {processor.py:914} INFO - Processing file /Users/binhpham/Library/Python/3.9/lib/python/site-packages/airflow/example_dags/example_branch_python_dop_operator_3.py for tasks to queue
[2024-09-06T20:05:52.520-0500] {logging_mixin.py:190} INFO - [2024-09-06T20:05:52.520-0500] {dagbag.py:587} INFO - Filling up the DagBag from /Users/binhpham/Library/Python/3.9/lib/python/site-packages/airflow/example_dags/example_branch_python_dop_operator_3.py
[2024-09-06T20:05:52.538-0500] {processor.py:925} INFO - DAG(s) 'example_branch_dop_operator_v3' retrieved from /Users/binhpham/Library/Python/3.9/lib/python/site-packages/airflow/example_dags/example_branch_python_dop_operator_3.py
[2024-09-06T20:05:52.580-0500] {logging_mixin.py:190} INFO - [2024-09-06T20:05:52.579-0500] {dag.py:3229} INFO - Sync 1 DAGs
[2024-09-06T20:05:52.592-0500] {logging_mixin.py:190} INFO - [2024-09-06T20:05:52.592-0500] {dag.py:4156} INFO - Setting next_dagrun for example_branch_dop_operator_v3 to 2024-09-07 01:04:00+00:00, run_after=2024-09-07 01:05:00+00:00
[2024-09-06T20:05:52.599-0500] {processor.py:208} INFO - Processing /Users/binhpham/Library/Python/3.9/lib/python/site-packages/airflow/example_dags/example_branch_python_dop_operator_3.py took 0.085 seconds
[2024-09-06T20:08:33.737-0500] {processor.py:186} INFO - Started process (PID=39209) to work on /Users/binhpham/Library/Python/3.9/lib/python/site-packages/airflow/example_dags/example_branch_python_dop_operator_3.py
[2024-09-06T20:08:33.740-0500] {processor.py:914} INFO - Processing file /Users/binhpham/Library/Python/3.9/lib/python/site-packages/airflow/example_dags/example_branch_python_dop_operator_3.py for tasks to queue
[2024-09-06T20:08:33.740-0500] {logging_mixin.py:190} INFO - [2024-09-06T20:08:33.740-0500] {dagbag.py:587} INFO - Filling up the DagBag from /Users/binhpham/Library/Python/3.9/lib/python/site-packages/airflow/example_dags/example_branch_python_dop_operator_3.py
[2024-09-06T20:08:33.756-0500] {processor.py:925} INFO - DAG(s) 'example_branch_dop_operator_v3' retrieved from /Users/binhpham/Library/Python/3.9/lib/python/site-packages/airflow/example_dags/example_branch_python_dop_operator_3.py
[2024-09-06T20:08:33.798-0500] {logging_mixin.py:190} INFO - [2024-09-06T20:08:33.798-0500] {dag.py:3229} INFO - Sync 1 DAGs
[2024-09-06T20:08:33.810-0500] {logging_mixin.py:190} INFO - [2024-09-06T20:08:33.810-0500] {dag.py:4156} INFO - Setting next_dagrun for example_branch_dop_operator_v3 to 2024-09-07 01:07:00+00:00, run_after=2024-09-07 01:08:00+00:00
[2024-09-06T20:08:33.817-0500] {processor.py:208} INFO - Processing /Users/binhpham/Library/Python/3.9/lib/python/site-packages/airflow/example_dags/example_branch_python_dop_operator_3.py took 0.081 seconds
[2024-09-06T20:11:20.066-0500] {processor.py:186} INFO - Started process (PID=39757) to work on /Users/binhpham/Library/Python/3.9/lib/python/site-packages/airflow/example_dags/example_branch_python_dop_operator_3.py
[2024-09-06T20:11:20.068-0500] {processor.py:914} INFO - Processing file /Users/binhpham/Library/Python/3.9/lib/python/site-packages/airflow/example_dags/example_branch_python_dop_operator_3.py for tasks to queue
[2024-09-06T20:11:20.068-0500] {logging_mixin.py:190} INFO - [2024-09-06T20:11:20.068-0500] {dagbag.py:587} INFO - Filling up the DagBag from /Users/binhpham/Library/Python/3.9/lib/python/site-packages/airflow/example_dags/example_branch_python_dop_operator_3.py
[2024-09-06T20:11:20.084-0500] {processor.py:925} INFO - DAG(s) 'example_branch_dop_operator_v3' retrieved from /Users/binhpham/Library/Python/3.9/lib/python/site-packages/airflow/example_dags/example_branch_python_dop_operator_3.py
[2024-09-06T20:11:20.128-0500] {logging_mixin.py:190} INFO - [2024-09-06T20:11:20.128-0500] {dag.py:3229} INFO - Sync 1 DAGs
[2024-09-06T20:11:20.140-0500] {logging_mixin.py:190} INFO - [2024-09-06T20:11:20.140-0500] {dag.py:4156} INFO - Setting next_dagrun for example_branch_dop_operator_v3 to 2024-09-07 01:10:00+00:00, run_after=2024-09-07 01:11:00+00:00
[2024-09-06T20:11:20.147-0500] {processor.py:208} INFO - Processing /Users/binhpham/Library/Python/3.9/lib/python/site-packages/airflow/example_dags/example_branch_python_dop_operator_3.py took 0.083 seconds
[2024-09-06T20:14:03.872-0500] {processor.py:186} INFO - Started process (PID=40308) to work on /Users/binhpham/Library/Python/3.9/lib/python/site-packages/airflow/example_dags/example_branch_python_dop_operator_3.py
[2024-09-06T20:14:03.874-0500] {processor.py:914} INFO - Processing file /Users/binhpham/Library/Python/3.9/lib/python/site-packages/airflow/example_dags/example_branch_python_dop_operator_3.py for tasks to queue
[2024-09-06T20:14:03.874-0500] {logging_mixin.py:190} INFO - [2024-09-06T20:14:03.874-0500] {dagbag.py:587} INFO - Filling up the DagBag from /Users/binhpham/Library/Python/3.9/lib/python/site-packages/airflow/example_dags/example_branch_python_dop_operator_3.py
[2024-09-06T20:14:03.894-0500] {processor.py:925} INFO - DAG(s) 'example_branch_dop_operator_v3' retrieved from /Users/binhpham/Library/Python/3.9/lib/python/site-packages/airflow/example_dags/example_branch_python_dop_operator_3.py
[2024-09-06T20:14:03.941-0500] {logging_mixin.py:190} INFO - [2024-09-06T20:14:03.941-0500] {dag.py:3229} INFO - Sync 1 DAGs
[2024-09-06T20:14:03.954-0500] {logging_mixin.py:190} INFO - [2024-09-06T20:14:03.954-0500] {dag.py:4156} INFO - Setting next_dagrun for example_branch_dop_operator_v3 to 2024-09-07 01:13:00+00:00, run_after=2024-09-07 01:14:00+00:00
[2024-09-06T20:14:03.963-0500] {processor.py:208} INFO - Processing /Users/binhpham/Library/Python/3.9/lib/python/site-packages/airflow/example_dags/example_branch_python_dop_operator_3.py took 0.093 seconds
[2024-09-06T20:16:28.240-0500] {processor.py:186} INFO - Started process (PID=40813) to work on /Users/binhpham/Library/Python/3.9/lib/python/site-packages/airflow/example_dags/example_branch_python_dop_operator_3.py
[2024-09-06T20:16:28.242-0500] {processor.py:914} INFO - Processing file /Users/binhpham/Library/Python/3.9/lib/python/site-packages/airflow/example_dags/example_branch_python_dop_operator_3.py for tasks to queue
[2024-09-06T20:16:28.243-0500] {logging_mixin.py:190} INFO - [2024-09-06T20:16:28.243-0500] {dagbag.py:587} INFO - Filling up the DagBag from /Users/binhpham/Library/Python/3.9/lib/python/site-packages/airflow/example_dags/example_branch_python_dop_operator_3.py
[2024-09-06T20:16:28.258-0500] {processor.py:925} INFO - DAG(s) 'example_branch_dop_operator_v3' retrieved from /Users/binhpham/Library/Python/3.9/lib/python/site-packages/airflow/example_dags/example_branch_python_dop_operator_3.py
[2024-09-06T20:16:28.301-0500] {logging_mixin.py:190} INFO - [2024-09-06T20:16:28.301-0500] {dag.py:3229} INFO - Sync 1 DAGs
[2024-09-06T20:16:28.313-0500] {logging_mixin.py:190} INFO - [2024-09-06T20:16:28.313-0500] {dag.py:4156} INFO - Setting next_dagrun for example_branch_dop_operator_v3 to 2024-09-07 01:15:00+00:00, run_after=2024-09-07 01:16:00+00:00
[2024-09-06T20:16:28.320-0500] {processor.py:208} INFO - Processing /Users/binhpham/Library/Python/3.9/lib/python/site-packages/airflow/example_dags/example_branch_python_dop_operator_3.py took 0.082 seconds
[2024-09-06T20:23:18.688-0500] {processor.py:186} INFO - Started process (PID=43024) to work on /Users/binhpham/Library/Python/3.9/lib/python/site-packages/airflow/example_dags/example_branch_python_dop_operator_3.py
[2024-09-06T20:23:18.690-0500] {processor.py:914} INFO - Processing file /Users/binhpham/Library/Python/3.9/lib/python/site-packages/airflow/example_dags/example_branch_python_dop_operator_3.py for tasks to queue
[2024-09-06T20:23:18.691-0500] {logging_mixin.py:190} INFO - [2024-09-06T20:23:18.691-0500] {dagbag.py:587} INFO - Filling up the DagBag from /Users/binhpham/Library/Python/3.9/lib/python/site-packages/airflow/example_dags/example_branch_python_dop_operator_3.py
[2024-09-06T20:23:18.712-0500] {processor.py:925} INFO - DAG(s) 'example_branch_dop_operator_v3' retrieved from /Users/binhpham/Library/Python/3.9/lib/python/site-packages/airflow/example_dags/example_branch_python_dop_operator_3.py
[2024-09-06T20:23:18.757-0500] {logging_mixin.py:190} INFO - [2024-09-06T20:23:18.757-0500] {dag.py:3229} INFO - Sync 1 DAGs
[2024-09-06T20:23:18.770-0500] {logging_mixin.py:190} INFO - [2024-09-06T20:23:18.770-0500] {dag.py:4156} INFO - Setting next_dagrun for example_branch_dop_operator_v3 to 2024-09-07 01:22:00+00:00, run_after=2024-09-07 01:23:00+00:00
[2024-09-06T20:23:18.777-0500] {processor.py:208} INFO - Processing /Users/binhpham/Library/Python/3.9/lib/python/site-packages/airflow/example_dags/example_branch_python_dop_operator_3.py took 0.091 seconds
[2024-09-06T20:26:03.235-0500] {processor.py:186} INFO - Started process (PID=43528) to work on /Users/binhpham/Library/Python/3.9/lib/python/site-packages/airflow/example_dags/example_branch_python_dop_operator_3.py
[2024-09-06T20:26:03.238-0500] {processor.py:914} INFO - Processing file /Users/binhpham/Library/Python/3.9/lib/python/site-packages/airflow/example_dags/example_branch_python_dop_operator_3.py for tasks to queue
[2024-09-06T20:26:03.238-0500] {logging_mixin.py:190} INFO - [2024-09-06T20:26:03.238-0500] {dagbag.py:587} INFO - Filling up the DagBag from /Users/binhpham/Library/Python/3.9/lib/python/site-packages/airflow/example_dags/example_branch_python_dop_operator_3.py
[2024-09-06T20:26:03.258-0500] {processor.py:925} INFO - DAG(s) 'example_branch_dop_operator_v3' retrieved from /Users/binhpham/Library/Python/3.9/lib/python/site-packages/airflow/example_dags/example_branch_python_dop_operator_3.py
[2024-09-06T20:26:03.306-0500] {logging_mixin.py:190} INFO - [2024-09-06T20:26:03.305-0500] {dag.py:3229} INFO - Sync 1 DAGs
[2024-09-06T20:26:03.320-0500] {logging_mixin.py:190} INFO - [2024-09-06T20:26:03.320-0500] {dag.py:4156} INFO - Setting next_dagrun for example_branch_dop_operator_v3 to 2024-09-07 01:25:00+00:00, run_after=2024-09-07 01:26:00+00:00
[2024-09-06T20:26:03.330-0500] {processor.py:208} INFO - Processing /Users/binhpham/Library/Python/3.9/lib/python/site-packages/airflow/example_dags/example_branch_python_dop_operator_3.py took 0.096 seconds
[2024-09-06T20:28:23.783-0500] {processor.py:186} INFO - Started process (PID=44026) to work on /Users/binhpham/Library/Python/3.9/lib/python/site-packages/airflow/example_dags/example_branch_python_dop_operator_3.py
[2024-09-06T20:28:23.786-0500] {processor.py:914} INFO - Processing file /Users/binhpham/Library/Python/3.9/lib/python/site-packages/airflow/example_dags/example_branch_python_dop_operator_3.py for tasks to queue
[2024-09-06T20:28:23.786-0500] {logging_mixin.py:190} INFO - [2024-09-06T20:28:23.786-0500] {dagbag.py:587} INFO - Filling up the DagBag from /Users/binhpham/Library/Python/3.9/lib/python/site-packages/airflow/example_dags/example_branch_python_dop_operator_3.py
[2024-09-06T20:28:23.802-0500] {processor.py:925} INFO - DAG(s) 'example_branch_dop_operator_v3' retrieved from /Users/binhpham/Library/Python/3.9/lib/python/site-packages/airflow/example_dags/example_branch_python_dop_operator_3.py
[2024-09-06T20:28:23.844-0500] {logging_mixin.py:190} INFO - [2024-09-06T20:28:23.843-0500] {dag.py:3229} INFO - Sync 1 DAGs
[2024-09-06T20:28:23.856-0500] {logging_mixin.py:190} INFO - [2024-09-06T20:28:23.856-0500] {dag.py:4156} INFO - Setting next_dagrun for example_branch_dop_operator_v3 to 2024-09-07 01:27:00+00:00, run_after=2024-09-07 01:28:00+00:00
[2024-09-06T20:28:23.863-0500] {processor.py:208} INFO - Processing /Users/binhpham/Library/Python/3.9/lib/python/site-packages/airflow/example_dags/example_branch_python_dop_operator_3.py took 0.081 seconds
[2024-09-06T20:31:07.724-0500] {processor.py:186} INFO - Started process (PID=44566) to work on /Users/binhpham/Library/Python/3.9/lib/python/site-packages/airflow/example_dags/example_branch_python_dop_operator_3.py
[2024-09-06T20:31:07.727-0500] {processor.py:914} INFO - Processing file /Users/binhpham/Library/Python/3.9/lib/python/site-packages/airflow/example_dags/example_branch_python_dop_operator_3.py for tasks to queue
[2024-09-06T20:31:07.727-0500] {logging_mixin.py:190} INFO - [2024-09-06T20:31:07.727-0500] {dagbag.py:587} INFO - Filling up the DagBag from /Users/binhpham/Library/Python/3.9/lib/python/site-packages/airflow/example_dags/example_branch_python_dop_operator_3.py
[2024-09-06T20:31:07.743-0500] {processor.py:925} INFO - DAG(s) 'example_branch_dop_operator_v3' retrieved from /Users/binhpham/Library/Python/3.9/lib/python/site-packages/airflow/example_dags/example_branch_python_dop_operator_3.py
[2024-09-06T20:31:07.798-0500] {logging_mixin.py:190} INFO - [2024-09-06T20:31:07.798-0500] {dag.py:3229} INFO - Sync 1 DAGs
[2024-09-06T20:31:07.810-0500] {logging_mixin.py:190} INFO - [2024-09-06T20:31:07.810-0500] {dag.py:4156} INFO - Setting next_dagrun for example_branch_dop_operator_v3 to 2024-09-07 01:30:00+00:00, run_after=2024-09-07 01:31:00+00:00
[2024-09-06T20:31:07.817-0500] {processor.py:208} INFO - Processing /Users/binhpham/Library/Python/3.9/lib/python/site-packages/airflow/example_dags/example_branch_python_dop_operator_3.py took 0.095 seconds
[2024-09-06T20:34:57.196-0500] {processor.py:186} INFO - Started process (PID=45324) to work on /Users/binhpham/Library/Python/3.9/lib/python/site-packages/airflow/example_dags/example_branch_python_dop_operator_3.py
[2024-09-06T20:34:57.198-0500] {processor.py:914} INFO - Processing file /Users/binhpham/Library/Python/3.9/lib/python/site-packages/airflow/example_dags/example_branch_python_dop_operator_3.py for tasks to queue
[2024-09-06T20:34:57.199-0500] {logging_mixin.py:190} INFO - [2024-09-06T20:34:57.199-0500] {dagbag.py:587} INFO - Filling up the DagBag from /Users/binhpham/Library/Python/3.9/lib/python/site-packages/airflow/example_dags/example_branch_python_dop_operator_3.py
[2024-09-06T20:34:57.214-0500] {processor.py:925} INFO - DAG(s) 'example_branch_dop_operator_v3' retrieved from /Users/binhpham/Library/Python/3.9/lib/python/site-packages/airflow/example_dags/example_branch_python_dop_operator_3.py
[2024-09-06T20:34:57.255-0500] {logging_mixin.py:190} INFO - [2024-09-06T20:34:57.255-0500] {dag.py:3229} INFO - Sync 1 DAGs
[2024-09-06T20:34:57.268-0500] {logging_mixin.py:190} INFO - [2024-09-06T20:34:57.268-0500] {dag.py:4156} INFO - Setting next_dagrun for example_branch_dop_operator_v3 to 2024-09-07 01:33:00+00:00, run_after=2024-09-07 01:34:00+00:00
[2024-09-06T20:34:57.277-0500] {processor.py:208} INFO - Processing /Users/binhpham/Library/Python/3.9/lib/python/site-packages/airflow/example_dags/example_branch_python_dop_operator_3.py took 0.081 seconds
[2024-09-06T20:37:40.535-0500] {processor.py:186} INFO - Started process (PID=45852) to work on /Users/binhpham/Library/Python/3.9/lib/python/site-packages/airflow/example_dags/example_branch_python_dop_operator_3.py
[2024-09-06T20:37:40.537-0500] {processor.py:914} INFO - Processing file /Users/binhpham/Library/Python/3.9/lib/python/site-packages/airflow/example_dags/example_branch_python_dop_operator_3.py for tasks to queue
[2024-09-06T20:37:40.537-0500] {logging_mixin.py:190} INFO - [2024-09-06T20:37:40.537-0500] {dagbag.py:587} INFO - Filling up the DagBag from /Users/binhpham/Library/Python/3.9/lib/python/site-packages/airflow/example_dags/example_branch_python_dop_operator_3.py
[2024-09-06T20:37:40.556-0500] {processor.py:925} INFO - DAG(s) 'example_branch_dop_operator_v3' retrieved from /Users/binhpham/Library/Python/3.9/lib/python/site-packages/airflow/example_dags/example_branch_python_dop_operator_3.py
[2024-09-06T20:37:40.605-0500] {logging_mixin.py:190} INFO - [2024-09-06T20:37:40.605-0500] {dag.py:3229} INFO - Sync 1 DAGs
[2024-09-06T20:37:40.618-0500] {logging_mixin.py:190} INFO - [2024-09-06T20:37:40.618-0500] {dag.py:4156} INFO - Setting next_dagrun for example_branch_dop_operator_v3 to 2024-09-07 01:36:00+00:00, run_after=2024-09-07 01:37:00+00:00
[2024-09-06T20:37:40.626-0500] {processor.py:208} INFO - Processing /Users/binhpham/Library/Python/3.9/lib/python/site-packages/airflow/example_dags/example_branch_python_dop_operator_3.py took 0.093 seconds
