[2024-09-06T19:44:04.722-0500] {processor.py:186} INFO - Started process (PID=34348) to work on /Users/binhpham/Library/Python/3.9/lib/python/site-packages/airflow/example_dags/example_trigger_controller_dag.py
[2024-09-06T19:44:04.723-0500] {processor.py:914} INFO - Processing file /Users/binhpham/Library/Python/3.9/lib/python/site-packages/airflow/example_dags/example_trigger_controller_dag.py for tasks to queue
[2024-09-06T19:44:04.724-0500] {logging_mixin.py:190} INFO - [2024-09-06T19:44:04.724-0500] {dagbag.py:587} INFO - Filling up the DagBag from /Users/binhpham/Library/Python/3.9/lib/python/site-packages/airflow/example_dags/example_trigger_controller_dag.py
[2024-09-06T19:44:04.729-0500] {processor.py:925} INFO - DAG(s) 'example_trigger_controller_dag' retrieved from /Users/binhpham/Library/Python/3.9/lib/python/site-packages/airflow/example_dags/example_trigger_controller_dag.py
[2024-09-06T19:44:04.823-0500] {logging_mixin.py:190} INFO - [2024-09-06T19:44:04.823-0500] {override.py:1900} INFO - Created Permission View: can edit on DAG:example_trigger_controller_dag
[2024-09-06T19:44:04.827-0500] {logging_mixin.py:190} INFO - [2024-09-06T19:44:04.827-0500] {override.py:1900} INFO - Created Permission View: can delete on DAG:example_trigger_controller_dag
[2024-09-06T19:44:04.830-0500] {logging_mixin.py:190} INFO - [2024-09-06T19:44:04.829-0500] {override.py:1900} INFO - Created Permission View: can read on DAG:example_trigger_controller_dag
[2024-09-06T19:44:04.833-0500] {logging_mixin.py:190} INFO - [2024-09-06T19:44:04.832-0500] {override.py:1900} INFO - Created Permission View: can delete on DAG Run:example_trigger_controller_dag
[2024-09-06T19:44:04.835-0500] {logging_mixin.py:190} INFO - [2024-09-06T19:44:04.835-0500] {override.py:1900} INFO - Created Permission View: menu access on DAG Run:example_trigger_controller_dag
[2024-09-06T19:44:04.838-0500] {logging_mixin.py:190} INFO - [2024-09-06T19:44:04.838-0500] {override.py:1900} INFO - Created Permission View: can read on DAG Run:example_trigger_controller_dag
[2024-09-06T19:44:04.841-0500] {logging_mixin.py:190} INFO - [2024-09-06T19:44:04.840-0500] {override.py:1900} INFO - Created Permission View: can create on DAG Run:example_trigger_controller_dag
[2024-09-06T19:44:04.841-0500] {logging_mixin.py:190} INFO - [2024-09-06T19:44:04.841-0500] {dag.py:3229} INFO - Sync 1 DAGs
[2024-09-06T19:44:04.846-0500] {logging_mixin.py:190} INFO - [2024-09-06T19:44:04.846-0500] {dag.py:3252} INFO - Creating ORM DAG for example_trigger_controller_dag
[2024-09-06T19:44:04.849-0500] {logging_mixin.py:190} INFO - [2024-09-06T19:44:04.849-0500] {dag.py:4156} INFO - Setting next_dagrun for example_trigger_controller_dag to 2021-01-01 00:00:00+00:00, run_after=2021-01-01 00:00:00+00:00
[2024-09-06T19:44:04.856-0500] {processor.py:208} INFO - Processing /Users/binhpham/Library/Python/3.9/lib/python/site-packages/airflow/example_dags/example_trigger_controller_dag.py took 0.135 seconds
[2024-09-06T19:45:12.492-0500] {processor.py:186} INFO - Started process (PID=34640) to work on /Users/binhpham/Library/Python/3.9/lib/python/site-packages/airflow/example_dags/example_trigger_controller_dag.py
[2024-09-06T19:45:12.495-0500] {processor.py:914} INFO - Processing file /Users/binhpham/Library/Python/3.9/lib/python/site-packages/airflow/example_dags/example_trigger_controller_dag.py for tasks to queue
[2024-09-06T19:45:12.495-0500] {logging_mixin.py:190} INFO - [2024-09-06T19:45:12.495-0500] {dagbag.py:587} INFO - Filling up the DagBag from /Users/binhpham/Library/Python/3.9/lib/python/site-packages/airflow/example_dags/example_trigger_controller_dag.py
[2024-09-06T19:45:12.500-0500] {processor.py:925} INFO - DAG(s) 'example_trigger_controller_dag' retrieved from /Users/binhpham/Library/Python/3.9/lib/python/site-packages/airflow/example_dags/example_trigger_controller_dag.py
[2024-09-06T19:45:12.540-0500] {logging_mixin.py:190} INFO - [2024-09-06T19:45:12.540-0500] {dag.py:3229} INFO - Sync 1 DAGs
[2024-09-06T19:45:12.547-0500] {logging_mixin.py:190} INFO - [2024-09-06T19:45:12.547-0500] {dag.py:4156} INFO - Setting next_dagrun for example_trigger_controller_dag to 2021-01-01 00:00:00+00:00, run_after=2021-01-01 00:00:00+00:00
[2024-09-06T19:45:12.555-0500] {processor.py:208} INFO - Processing /Users/binhpham/Library/Python/3.9/lib/python/site-packages/airflow/example_dags/example_trigger_controller_dag.py took 0.063 seconds
[2024-09-06T19:47:33.171-0500] {processor.py:186} INFO - Started process (PID=35228) to work on /Users/binhpham/Library/Python/3.9/lib/python/site-packages/airflow/example_dags/example_trigger_controller_dag.py
[2024-09-06T19:47:33.172-0500] {processor.py:914} INFO - Processing file /Users/binhpham/Library/Python/3.9/lib/python/site-packages/airflow/example_dags/example_trigger_controller_dag.py for tasks to queue
[2024-09-06T19:47:33.173-0500] {logging_mixin.py:190} INFO - [2024-09-06T19:47:33.173-0500] {dagbag.py:587} INFO - Filling up the DagBag from /Users/binhpham/Library/Python/3.9/lib/python/site-packages/airflow/example_dags/example_trigger_controller_dag.py
[2024-09-06T19:47:33.178-0500] {processor.py:925} INFO - DAG(s) 'example_trigger_controller_dag' retrieved from /Users/binhpham/Library/Python/3.9/lib/python/site-packages/airflow/example_dags/example_trigger_controller_dag.py
[2024-09-06T19:47:33.221-0500] {logging_mixin.py:190} INFO - [2024-09-06T19:47:33.221-0500] {dag.py:3229} INFO - Sync 1 DAGs
[2024-09-06T19:47:33.230-0500] {logging_mixin.py:190} INFO - [2024-09-06T19:47:33.230-0500] {dag.py:4156} INFO - Setting next_dagrun for example_trigger_controller_dag to 2021-01-01 00:00:00+00:00, run_after=2021-01-01 00:00:00+00:00
[2024-09-06T19:47:33.238-0500] {processor.py:208} INFO - Processing /Users/binhpham/Library/Python/3.9/lib/python/site-packages/airflow/example_dags/example_trigger_controller_dag.py took 0.069 seconds
[2024-09-06T19:49:25.447-0500] {processor.py:186} INFO - Started process (PID=35591) to work on /Users/binhpham/Library/Python/3.9/lib/python/site-packages/airflow/example_dags/example_trigger_controller_dag.py
[2024-09-06T19:49:25.449-0500] {processor.py:914} INFO - Processing file /Users/binhpham/Library/Python/3.9/lib/python/site-packages/airflow/example_dags/example_trigger_controller_dag.py for tasks to queue
[2024-09-06T19:49:25.450-0500] {logging_mixin.py:190} INFO - [2024-09-06T19:49:25.449-0500] {dagbag.py:587} INFO - Filling up the DagBag from /Users/binhpham/Library/Python/3.9/lib/python/site-packages/airflow/example_dags/example_trigger_controller_dag.py
[2024-09-06T19:49:25.454-0500] {processor.py:925} INFO - DAG(s) 'example_trigger_controller_dag' retrieved from /Users/binhpham/Library/Python/3.9/lib/python/site-packages/airflow/example_dags/example_trigger_controller_dag.py
[2024-09-06T19:49:25.494-0500] {logging_mixin.py:190} INFO - [2024-09-06T19:49:25.494-0500] {dag.py:3229} INFO - Sync 1 DAGs
[2024-09-06T19:49:25.501-0500] {logging_mixin.py:190} INFO - [2024-09-06T19:49:25.501-0500] {dag.py:4156} INFO - Setting next_dagrun for example_trigger_controller_dag to 2021-01-01 00:00:00+00:00, run_after=2021-01-01 00:00:00+00:00
[2024-09-06T19:49:25.508-0500] {processor.py:208} INFO - Processing /Users/binhpham/Library/Python/3.9/lib/python/site-packages/airflow/example_dags/example_trigger_controller_dag.py took 0.063 seconds
[2024-09-06T19:50:46.812-0500] {processor.py:186} INFO - Started process (PID=35847) to work on /Users/binhpham/Library/Python/3.9/lib/python/site-packages/airflow/example_dags/example_trigger_controller_dag.py
[2024-09-06T19:50:46.814-0500] {processor.py:914} INFO - Processing file /Users/binhpham/Library/Python/3.9/lib/python/site-packages/airflow/example_dags/example_trigger_controller_dag.py for tasks to queue
[2024-09-06T19:50:46.815-0500] {logging_mixin.py:190} INFO - [2024-09-06T19:50:46.815-0500] {dagbag.py:587} INFO - Filling up the DagBag from /Users/binhpham/Library/Python/3.9/lib/python/site-packages/airflow/example_dags/example_trigger_controller_dag.py
[2024-09-06T19:50:46.819-0500] {processor.py:925} INFO - DAG(s) 'example_trigger_controller_dag' retrieved from /Users/binhpham/Library/Python/3.9/lib/python/site-packages/airflow/example_dags/example_trigger_controller_dag.py
[2024-09-06T19:50:46.859-0500] {logging_mixin.py:190} INFO - [2024-09-06T19:50:46.859-0500] {dag.py:3229} INFO - Sync 1 DAGs
[2024-09-06T19:50:46.866-0500] {logging_mixin.py:190} INFO - [2024-09-06T19:50:46.866-0500] {dag.py:4156} INFO - Setting next_dagrun for example_trigger_controller_dag to 2021-01-01 00:00:00+00:00, run_after=2021-01-01 00:00:00+00:00
[2024-09-06T19:50:46.873-0500] {processor.py:208} INFO - Processing /Users/binhpham/Library/Python/3.9/lib/python/site-packages/airflow/example_dags/example_trigger_controller_dag.py took 0.063 seconds
[2024-09-06T19:52:07.163-0500] {processor.py:186} INFO - Started process (PID=36095) to work on /Users/binhpham/Library/Python/3.9/lib/python/site-packages/airflow/example_dags/example_trigger_controller_dag.py
[2024-09-06T19:52:07.165-0500] {processor.py:914} INFO - Processing file /Users/binhpham/Library/Python/3.9/lib/python/site-packages/airflow/example_dags/example_trigger_controller_dag.py for tasks to queue
[2024-09-06T19:52:07.165-0500] {logging_mixin.py:190} INFO - [2024-09-06T19:52:07.165-0500] {dagbag.py:587} INFO - Filling up the DagBag from /Users/binhpham/Library/Python/3.9/lib/python/site-packages/airflow/example_dags/example_trigger_controller_dag.py
[2024-09-06T19:52:07.169-0500] {processor.py:925} INFO - DAG(s) 'example_trigger_controller_dag' retrieved from /Users/binhpham/Library/Python/3.9/lib/python/site-packages/airflow/example_dags/example_trigger_controller_dag.py
[2024-09-06T19:52:07.210-0500] {logging_mixin.py:190} INFO - [2024-09-06T19:52:07.210-0500] {dag.py:3229} INFO - Sync 1 DAGs
[2024-09-06T19:52:07.217-0500] {logging_mixin.py:190} INFO - [2024-09-06T19:52:07.217-0500] {dag.py:4156} INFO - Setting next_dagrun for example_trigger_controller_dag to 2021-01-01 00:00:00+00:00, run_after=2021-01-01 00:00:00+00:00
[2024-09-06T19:52:07.224-0500] {processor.py:208} INFO - Processing /Users/binhpham/Library/Python/3.9/lib/python/site-packages/airflow/example_dags/example_trigger_controller_dag.py took 0.063 seconds
[2024-09-06T19:53:56.913-0500] {processor.py:186} INFO - Started process (PID=36491) to work on /Users/binhpham/Library/Python/3.9/lib/python/site-packages/airflow/example_dags/example_trigger_controller_dag.py
[2024-09-06T19:53:56.915-0500] {processor.py:914} INFO - Processing file /Users/binhpham/Library/Python/3.9/lib/python/site-packages/airflow/example_dags/example_trigger_controller_dag.py for tasks to queue
[2024-09-06T19:53:56.916-0500] {logging_mixin.py:190} INFO - [2024-09-06T19:53:56.916-0500] {dagbag.py:587} INFO - Filling up the DagBag from /Users/binhpham/Library/Python/3.9/lib/python/site-packages/airflow/example_dags/example_trigger_controller_dag.py
[2024-09-06T19:53:56.920-0500] {processor.py:925} INFO - DAG(s) 'example_trigger_controller_dag' retrieved from /Users/binhpham/Library/Python/3.9/lib/python/site-packages/airflow/example_dags/example_trigger_controller_dag.py
[2024-09-06T19:53:56.961-0500] {logging_mixin.py:190} INFO - [2024-09-06T19:53:56.961-0500] {dag.py:3229} INFO - Sync 1 DAGs
[2024-09-06T19:53:56.968-0500] {logging_mixin.py:190} INFO - [2024-09-06T19:53:56.968-0500] {dag.py:4156} INFO - Setting next_dagrun for example_trigger_controller_dag to 2021-01-01 00:00:00+00:00, run_after=2021-01-01 00:00:00+00:00
[2024-09-06T19:53:56.977-0500] {processor.py:208} INFO - Processing /Users/binhpham/Library/Python/3.9/lib/python/site-packages/airflow/example_dags/example_trigger_controller_dag.py took 0.066 seconds
[2024-09-06T19:55:48.298-0500] {processor.py:186} INFO - Started process (PID=36868) to work on /Users/binhpham/Library/Python/3.9/lib/python/site-packages/airflow/example_dags/example_trigger_controller_dag.py
[2024-09-06T19:55:48.300-0500] {processor.py:914} INFO - Processing file /Users/binhpham/Library/Python/3.9/lib/python/site-packages/airflow/example_dags/example_trigger_controller_dag.py for tasks to queue
[2024-09-06T19:55:48.300-0500] {logging_mixin.py:190} INFO - [2024-09-06T19:55:48.300-0500] {dagbag.py:587} INFO - Filling up the DagBag from /Users/binhpham/Library/Python/3.9/lib/python/site-packages/airflow/example_dags/example_trigger_controller_dag.py
[2024-09-06T19:55:48.305-0500] {processor.py:925} INFO - DAG(s) 'example_trigger_controller_dag' retrieved from /Users/binhpham/Library/Python/3.9/lib/python/site-packages/airflow/example_dags/example_trigger_controller_dag.py
[2024-09-06T19:55:48.345-0500] {logging_mixin.py:190} INFO - [2024-09-06T19:55:48.345-0500] {dag.py:3229} INFO - Sync 1 DAGs
[2024-09-06T19:55:48.352-0500] {logging_mixin.py:190} INFO - [2024-09-06T19:55:48.352-0500] {dag.py:4156} INFO - Setting next_dagrun for example_trigger_controller_dag to 2021-01-01 00:00:00+00:00, run_after=2021-01-01 00:00:00+00:00
[2024-09-06T19:55:48.360-0500] {processor.py:208} INFO - Processing /Users/binhpham/Library/Python/3.9/lib/python/site-packages/airflow/example_dags/example_trigger_controller_dag.py took 0.063 seconds
[2024-09-06T19:57:09.887-0500] {processor.py:186} INFO - Started process (PID=37119) to work on /Users/binhpham/Library/Python/3.9/lib/python/site-packages/airflow/example_dags/example_trigger_controller_dag.py
[2024-09-06T19:57:09.890-0500] {processor.py:914} INFO - Processing file /Users/binhpham/Library/Python/3.9/lib/python/site-packages/airflow/example_dags/example_trigger_controller_dag.py for tasks to queue
[2024-09-06T19:57:09.890-0500] {logging_mixin.py:190} INFO - [2024-09-06T19:57:09.890-0500] {dagbag.py:587} INFO - Filling up the DagBag from /Users/binhpham/Library/Python/3.9/lib/python/site-packages/airflow/example_dags/example_trigger_controller_dag.py
[2024-09-06T19:57:09.894-0500] {processor.py:925} INFO - DAG(s) 'example_trigger_controller_dag' retrieved from /Users/binhpham/Library/Python/3.9/lib/python/site-packages/airflow/example_dags/example_trigger_controller_dag.py
[2024-09-06T19:57:09.935-0500] {logging_mixin.py:190} INFO - [2024-09-06T19:57:09.935-0500] {dag.py:3229} INFO - Sync 1 DAGs
[2024-09-06T19:57:09.941-0500] {logging_mixin.py:190} INFO - [2024-09-06T19:57:09.941-0500] {dag.py:4156} INFO - Setting next_dagrun for example_trigger_controller_dag to 2021-01-01 00:00:00+00:00, run_after=2021-01-01 00:00:00+00:00
[2024-09-06T19:57:09.949-0500] {processor.py:208} INFO - Processing /Users/binhpham/Library/Python/3.9/lib/python/site-packages/airflow/example_dags/example_trigger_controller_dag.py took 0.064 seconds
[2024-09-06T19:58:31.792-0500] {processor.py:186} INFO - Started process (PID=37368) to work on /Users/binhpham/Library/Python/3.9/lib/python/site-packages/airflow/example_dags/example_trigger_controller_dag.py
[2024-09-06T19:58:31.794-0500] {processor.py:914} INFO - Processing file /Users/binhpham/Library/Python/3.9/lib/python/site-packages/airflow/example_dags/example_trigger_controller_dag.py for tasks to queue
[2024-09-06T19:58:31.795-0500] {logging_mixin.py:190} INFO - [2024-09-06T19:58:31.795-0500] {dagbag.py:587} INFO - Filling up the DagBag from /Users/binhpham/Library/Python/3.9/lib/python/site-packages/airflow/example_dags/example_trigger_controller_dag.py
[2024-09-06T19:58:31.800-0500] {processor.py:925} INFO - DAG(s) 'example_trigger_controller_dag' retrieved from /Users/binhpham/Library/Python/3.9/lib/python/site-packages/airflow/example_dags/example_trigger_controller_dag.py
[2024-09-06T19:58:31.844-0500] {logging_mixin.py:190} INFO - [2024-09-06T19:58:31.844-0500] {dag.py:3229} INFO - Sync 1 DAGs
[2024-09-06T19:58:31.852-0500] {logging_mixin.py:190} INFO - [2024-09-06T19:58:31.852-0500] {dag.py:4156} INFO - Setting next_dagrun for example_trigger_controller_dag to 2021-01-01 00:00:00+00:00, run_after=2021-01-01 00:00:00+00:00
[2024-09-06T19:58:31.861-0500] {processor.py:208} INFO - Processing /Users/binhpham/Library/Python/3.9/lib/python/site-packages/airflow/example_dags/example_trigger_controller_dag.py took 0.070 seconds
[2024-09-06T19:59:55.028-0500] {processor.py:186} INFO - Started process (PID=37627) to work on /Users/binhpham/Library/Python/3.9/lib/python/site-packages/airflow/example_dags/example_trigger_controller_dag.py
[2024-09-06T19:59:55.030-0500] {processor.py:914} INFO - Processing file /Users/binhpham/Library/Python/3.9/lib/python/site-packages/airflow/example_dags/example_trigger_controller_dag.py for tasks to queue
[2024-09-06T19:59:55.031-0500] {logging_mixin.py:190} INFO - [2024-09-06T19:59:55.030-0500] {dagbag.py:587} INFO - Filling up the DagBag from /Users/binhpham/Library/Python/3.9/lib/python/site-packages/airflow/example_dags/example_trigger_controller_dag.py
[2024-09-06T19:59:55.035-0500] {processor.py:925} INFO - DAG(s) 'example_trigger_controller_dag' retrieved from /Users/binhpham/Library/Python/3.9/lib/python/site-packages/airflow/example_dags/example_trigger_controller_dag.py
[2024-09-06T19:59:55.081-0500] {logging_mixin.py:190} INFO - [2024-09-06T19:59:55.081-0500] {dag.py:3229} INFO - Sync 1 DAGs
[2024-09-06T19:59:55.088-0500] {logging_mixin.py:190} INFO - [2024-09-06T19:59:55.088-0500] {dag.py:4156} INFO - Setting next_dagrun for example_trigger_controller_dag to 2021-01-01 00:00:00+00:00, run_after=2021-01-01 00:00:00+00:00
[2024-09-06T19:59:55.096-0500] {processor.py:208} INFO - Processing /Users/binhpham/Library/Python/3.9/lib/python/site-packages/airflow/example_dags/example_trigger_controller_dag.py took 0.069 seconds
[2024-09-06T20:01:14.617-0500] {processor.py:186} INFO - Started process (PID=37870) to work on /Users/binhpham/Library/Python/3.9/lib/python/site-packages/airflow/example_dags/example_trigger_controller_dag.py
[2024-09-06T20:01:14.620-0500] {processor.py:914} INFO - Processing file /Users/binhpham/Library/Python/3.9/lib/python/site-packages/airflow/example_dags/example_trigger_controller_dag.py for tasks to queue
[2024-09-06T20:01:14.620-0500] {logging_mixin.py:190} INFO - [2024-09-06T20:01:14.620-0500] {dagbag.py:587} INFO - Filling up the DagBag from /Users/binhpham/Library/Python/3.9/lib/python/site-packages/airflow/example_dags/example_trigger_controller_dag.py
[2024-09-06T20:01:14.625-0500] {processor.py:925} INFO - DAG(s) 'example_trigger_controller_dag' retrieved from /Users/binhpham/Library/Python/3.9/lib/python/site-packages/airflow/example_dags/example_trigger_controller_dag.py
[2024-09-06T20:01:14.664-0500] {logging_mixin.py:190} INFO - [2024-09-06T20:01:14.664-0500] {dag.py:3229} INFO - Sync 1 DAGs
[2024-09-06T20:01:14.671-0500] {logging_mixin.py:190} INFO - [2024-09-06T20:01:14.671-0500] {dag.py:4156} INFO - Setting next_dagrun for example_trigger_controller_dag to 2021-01-01 00:00:00+00:00, run_after=2021-01-01 00:00:00+00:00
[2024-09-06T20:01:14.680-0500] {processor.py:208} INFO - Processing /Users/binhpham/Library/Python/3.9/lib/python/site-packages/airflow/example_dags/example_trigger_controller_dag.py took 0.064 seconds
[2024-09-06T20:02:37.152-0500] {processor.py:186} INFO - Started process (PID=38124) to work on /Users/binhpham/Library/Python/3.9/lib/python/site-packages/airflow/example_dags/example_trigger_controller_dag.py
[2024-09-06T20:02:37.154-0500] {processor.py:914} INFO - Processing file /Users/binhpham/Library/Python/3.9/lib/python/site-packages/airflow/example_dags/example_trigger_controller_dag.py for tasks to queue
[2024-09-06T20:02:37.154-0500] {logging_mixin.py:190} INFO - [2024-09-06T20:02:37.154-0500] {dagbag.py:587} INFO - Filling up the DagBag from /Users/binhpham/Library/Python/3.9/lib/python/site-packages/airflow/example_dags/example_trigger_controller_dag.py
[2024-09-06T20:02:37.159-0500] {processor.py:925} INFO - DAG(s) 'example_trigger_controller_dag' retrieved from /Users/binhpham/Library/Python/3.9/lib/python/site-packages/airflow/example_dags/example_trigger_controller_dag.py
[2024-09-06T20:02:37.203-0500] {logging_mixin.py:190} INFO - [2024-09-06T20:02:37.203-0500] {dag.py:3229} INFO - Sync 1 DAGs
[2024-09-06T20:02:37.211-0500] {logging_mixin.py:190} INFO - [2024-09-06T20:02:37.211-0500] {dag.py:4156} INFO - Setting next_dagrun for example_trigger_controller_dag to 2021-01-01 00:00:00+00:00, run_after=2021-01-01 00:00:00+00:00
[2024-09-06T20:02:37.222-0500] {processor.py:208} INFO - Processing /Users/binhpham/Library/Python/3.9/lib/python/site-packages/airflow/example_dags/example_trigger_controller_dag.py took 0.072 seconds
[2024-09-06T20:03:55.878-0500] {processor.py:186} INFO - Started process (PID=38367) to work on /Users/binhpham/Library/Python/3.9/lib/python/site-packages/airflow/example_dags/example_trigger_controller_dag.py
[2024-09-06T20:03:55.880-0500] {processor.py:914} INFO - Processing file /Users/binhpham/Library/Python/3.9/lib/python/site-packages/airflow/example_dags/example_trigger_controller_dag.py for tasks to queue
[2024-09-06T20:03:55.881-0500] {logging_mixin.py:190} INFO - [2024-09-06T20:03:55.881-0500] {dagbag.py:587} INFO - Filling up the DagBag from /Users/binhpham/Library/Python/3.9/lib/python/site-packages/airflow/example_dags/example_trigger_controller_dag.py
[2024-09-06T20:03:55.885-0500] {processor.py:925} INFO - DAG(s) 'example_trigger_controller_dag' retrieved from /Users/binhpham/Library/Python/3.9/lib/python/site-packages/airflow/example_dags/example_trigger_controller_dag.py
[2024-09-06T20:03:55.927-0500] {logging_mixin.py:190} INFO - [2024-09-06T20:03:55.927-0500] {dag.py:3229} INFO - Sync 1 DAGs
[2024-09-06T20:03:55.934-0500] {logging_mixin.py:190} INFO - [2024-09-06T20:03:55.934-0500] {dag.py:4156} INFO - Setting next_dagrun for example_trigger_controller_dag to 2021-01-01 00:00:00+00:00, run_after=2021-01-01 00:00:00+00:00
[2024-09-06T20:03:55.942-0500] {processor.py:208} INFO - Processing /Users/binhpham/Library/Python/3.9/lib/python/site-packages/airflow/example_dags/example_trigger_controller_dag.py took 0.066 seconds
[2024-09-06T20:05:14.348-0500] {processor.py:186} INFO - Started process (PID=38606) to work on /Users/binhpham/Library/Python/3.9/lib/python/site-packages/airflow/example_dags/example_trigger_controller_dag.py
[2024-09-06T20:05:14.349-0500] {processor.py:914} INFO - Processing file /Users/binhpham/Library/Python/3.9/lib/python/site-packages/airflow/example_dags/example_trigger_controller_dag.py for tasks to queue
[2024-09-06T20:05:14.349-0500] {logging_mixin.py:190} INFO - [2024-09-06T20:05:14.349-0500] {dagbag.py:587} INFO - Filling up the DagBag from /Users/binhpham/Library/Python/3.9/lib/python/site-packages/airflow/example_dags/example_trigger_controller_dag.py
[2024-09-06T20:05:14.354-0500] {processor.py:925} INFO - DAG(s) 'example_trigger_controller_dag' retrieved from /Users/binhpham/Library/Python/3.9/lib/python/site-packages/airflow/example_dags/example_trigger_controller_dag.py
[2024-09-06T20:05:14.397-0500] {logging_mixin.py:190} INFO - [2024-09-06T20:05:14.396-0500] {dag.py:3229} INFO - Sync 1 DAGs
[2024-09-06T20:05:14.403-0500] {logging_mixin.py:190} INFO - [2024-09-06T20:05:14.403-0500] {dag.py:4156} INFO - Setting next_dagrun for example_trigger_controller_dag to 2021-01-01 00:00:00+00:00, run_after=2021-01-01 00:00:00+00:00
[2024-09-06T20:05:14.412-0500] {processor.py:208} INFO - Processing /Users/binhpham/Library/Python/3.9/lib/python/site-packages/airflow/example_dags/example_trigger_controller_dag.py took 0.066 seconds
[2024-09-06T20:06:35.127-0500] {processor.py:186} INFO - Started process (PID=38855) to work on /Users/binhpham/Library/Python/3.9/lib/python/site-packages/airflow/example_dags/example_trigger_controller_dag.py
[2024-09-06T20:06:35.130-0500] {processor.py:914} INFO - Processing file /Users/binhpham/Library/Python/3.9/lib/python/site-packages/airflow/example_dags/example_trigger_controller_dag.py for tasks to queue
[2024-09-06T20:06:35.130-0500] {logging_mixin.py:190} INFO - [2024-09-06T20:06:35.130-0500] {dagbag.py:587} INFO - Filling up the DagBag from /Users/binhpham/Library/Python/3.9/lib/python/site-packages/airflow/example_dags/example_trigger_controller_dag.py
[2024-09-06T20:06:35.135-0500] {processor.py:925} INFO - DAG(s) 'example_trigger_controller_dag' retrieved from /Users/binhpham/Library/Python/3.9/lib/python/site-packages/airflow/example_dags/example_trigger_controller_dag.py
[2024-09-06T20:06:35.176-0500] {logging_mixin.py:190} INFO - [2024-09-06T20:06:35.176-0500] {dag.py:3229} INFO - Sync 1 DAGs
[2024-09-06T20:06:35.182-0500] {logging_mixin.py:190} INFO - [2024-09-06T20:06:35.182-0500] {dag.py:4156} INFO - Setting next_dagrun for example_trigger_controller_dag to 2021-01-01 00:00:00+00:00, run_after=2021-01-01 00:00:00+00:00
[2024-09-06T20:06:35.190-0500] {processor.py:208} INFO - Processing /Users/binhpham/Library/Python/3.9/lib/python/site-packages/airflow/example_dags/example_trigger_controller_dag.py took 0.064 seconds
[2024-09-06T20:07:55.970-0500] {processor.py:186} INFO - Started process (PID=39096) to work on /Users/binhpham/Library/Python/3.9/lib/python/site-packages/airflow/example_dags/example_trigger_controller_dag.py
[2024-09-06T20:07:55.972-0500] {processor.py:914} INFO - Processing file /Users/binhpham/Library/Python/3.9/lib/python/site-packages/airflow/example_dags/example_trigger_controller_dag.py for tasks to queue
[2024-09-06T20:07:55.973-0500] {logging_mixin.py:190} INFO - [2024-09-06T20:07:55.973-0500] {dagbag.py:587} INFO - Filling up the DagBag from /Users/binhpham/Library/Python/3.9/lib/python/site-packages/airflow/example_dags/example_trigger_controller_dag.py
[2024-09-06T20:07:55.977-0500] {processor.py:925} INFO - DAG(s) 'example_trigger_controller_dag' retrieved from /Users/binhpham/Library/Python/3.9/lib/python/site-packages/airflow/example_dags/example_trigger_controller_dag.py
[2024-09-06T20:07:56.018-0500] {logging_mixin.py:190} INFO - [2024-09-06T20:07:56.018-0500] {dag.py:3229} INFO - Sync 1 DAGs
[2024-09-06T20:07:56.025-0500] {logging_mixin.py:190} INFO - [2024-09-06T20:07:56.025-0500] {dag.py:4156} INFO - Setting next_dagrun for example_trigger_controller_dag to 2021-01-01 00:00:00+00:00, run_after=2021-01-01 00:00:00+00:00
[2024-09-06T20:07:56.034-0500] {processor.py:208} INFO - Processing /Users/binhpham/Library/Python/3.9/lib/python/site-packages/airflow/example_dags/example_trigger_controller_dag.py took 0.065 seconds
[2024-09-06T20:09:16.754-0500] {processor.py:186} INFO - Started process (PID=39341) to work on /Users/binhpham/Library/Python/3.9/lib/python/site-packages/airflow/example_dags/example_trigger_controller_dag.py
[2024-09-06T20:09:16.756-0500] {processor.py:914} INFO - Processing file /Users/binhpham/Library/Python/3.9/lib/python/site-packages/airflow/example_dags/example_trigger_controller_dag.py for tasks to queue
[2024-09-06T20:09:16.756-0500] {logging_mixin.py:190} INFO - [2024-09-06T20:09:16.756-0500] {dagbag.py:587} INFO - Filling up the DagBag from /Users/binhpham/Library/Python/3.9/lib/python/site-packages/airflow/example_dags/example_trigger_controller_dag.py
[2024-09-06T20:09:16.762-0500] {processor.py:925} INFO - DAG(s) 'example_trigger_controller_dag' retrieved from /Users/binhpham/Library/Python/3.9/lib/python/site-packages/airflow/example_dags/example_trigger_controller_dag.py
[2024-09-06T20:09:16.808-0500] {logging_mixin.py:190} INFO - [2024-09-06T20:09:16.807-0500] {dag.py:3229} INFO - Sync 1 DAGs
[2024-09-06T20:09:16.815-0500] {logging_mixin.py:190} INFO - [2024-09-06T20:09:16.815-0500] {dag.py:4156} INFO - Setting next_dagrun for example_trigger_controller_dag to 2021-01-01 00:00:00+00:00, run_after=2021-01-01 00:00:00+00:00
[2024-09-06T20:09:16.825-0500] {processor.py:208} INFO - Processing /Users/binhpham/Library/Python/3.9/lib/python/site-packages/airflow/example_dags/example_trigger_controller_dag.py took 0.072 seconds
[2024-09-06T20:10:43.804-0500] {processor.py:186} INFO - Started process (PID=39641) to work on /Users/binhpham/Library/Python/3.9/lib/python/site-packages/airflow/example_dags/example_trigger_controller_dag.py
[2024-09-06T20:10:43.806-0500] {processor.py:914} INFO - Processing file /Users/binhpham/Library/Python/3.9/lib/python/site-packages/airflow/example_dags/example_trigger_controller_dag.py for tasks to queue
[2024-09-06T20:10:43.807-0500] {logging_mixin.py:190} INFO - [2024-09-06T20:10:43.807-0500] {dagbag.py:587} INFO - Filling up the DagBag from /Users/binhpham/Library/Python/3.9/lib/python/site-packages/airflow/example_dags/example_trigger_controller_dag.py
[2024-09-06T20:10:43.811-0500] {processor.py:925} INFO - DAG(s) 'example_trigger_controller_dag' retrieved from /Users/binhpham/Library/Python/3.9/lib/python/site-packages/airflow/example_dags/example_trigger_controller_dag.py
[2024-09-06T20:10:43.852-0500] {logging_mixin.py:190} INFO - [2024-09-06T20:10:43.852-0500] {dag.py:3229} INFO - Sync 1 DAGs
[2024-09-06T20:10:43.859-0500] {logging_mixin.py:190} INFO - [2024-09-06T20:10:43.859-0500] {dag.py:4156} INFO - Setting next_dagrun for example_trigger_controller_dag to 2021-01-01 00:00:00+00:00, run_after=2021-01-01 00:00:00+00:00
[2024-09-06T20:10:43.868-0500] {processor.py:208} INFO - Processing /Users/binhpham/Library/Python/3.9/lib/python/site-packages/airflow/example_dags/example_trigger_controller_dag.py took 0.066 seconds
[2024-09-06T20:12:03.318-0500] {processor.py:186} INFO - Started process (PID=39901) to work on /Users/binhpham/Library/Python/3.9/lib/python/site-packages/airflow/example_dags/example_trigger_controller_dag.py
[2024-09-06T20:12:03.320-0500] {processor.py:914} INFO - Processing file /Users/binhpham/Library/Python/3.9/lib/python/site-packages/airflow/example_dags/example_trigger_controller_dag.py for tasks to queue
[2024-09-06T20:12:03.320-0500] {logging_mixin.py:190} INFO - [2024-09-06T20:12:03.320-0500] {dagbag.py:587} INFO - Filling up the DagBag from /Users/binhpham/Library/Python/3.9/lib/python/site-packages/airflow/example_dags/example_trigger_controller_dag.py
[2024-09-06T20:12:03.325-0500] {processor.py:925} INFO - DAG(s) 'example_trigger_controller_dag' retrieved from /Users/binhpham/Library/Python/3.9/lib/python/site-packages/airflow/example_dags/example_trigger_controller_dag.py
[2024-09-06T20:12:03.374-0500] {logging_mixin.py:190} INFO - [2024-09-06T20:12:03.374-0500] {dag.py:3229} INFO - Sync 1 DAGs
[2024-09-06T20:12:03.382-0500] {logging_mixin.py:190} INFO - [2024-09-06T20:12:03.382-0500] {dag.py:4156} INFO - Setting next_dagrun for example_trigger_controller_dag to 2021-01-01 00:00:00+00:00, run_after=2021-01-01 00:00:00+00:00
[2024-09-06T20:12:03.391-0500] {processor.py:208} INFO - Processing /Users/binhpham/Library/Python/3.9/lib/python/site-packages/airflow/example_dags/example_trigger_controller_dag.py took 0.075 seconds
[2024-09-06T20:13:25.406-0500] {processor.py:186} INFO - Started process (PID=40187) to work on /Users/binhpham/Library/Python/3.9/lib/python/site-packages/airflow/example_dags/example_trigger_controller_dag.py
[2024-09-06T20:13:25.408-0500] {processor.py:914} INFO - Processing file /Users/binhpham/Library/Python/3.9/lib/python/site-packages/airflow/example_dags/example_trigger_controller_dag.py for tasks to queue
[2024-09-06T20:13:25.408-0500] {logging_mixin.py:190} INFO - [2024-09-06T20:13:25.408-0500] {dagbag.py:587} INFO - Filling up the DagBag from /Users/binhpham/Library/Python/3.9/lib/python/site-packages/airflow/example_dags/example_trigger_controller_dag.py
[2024-09-06T20:13:25.413-0500] {processor.py:925} INFO - DAG(s) 'example_trigger_controller_dag' retrieved from /Users/binhpham/Library/Python/3.9/lib/python/site-packages/airflow/example_dags/example_trigger_controller_dag.py
[2024-09-06T20:13:25.456-0500] {logging_mixin.py:190} INFO - [2024-09-06T20:13:25.456-0500] {dag.py:3229} INFO - Sync 1 DAGs
[2024-09-06T20:13:25.465-0500] {logging_mixin.py:190} INFO - [2024-09-06T20:13:25.464-0500] {dag.py:4156} INFO - Setting next_dagrun for example_trigger_controller_dag to 2021-01-01 00:00:00+00:00, run_after=2021-01-01 00:00:00+00:00
[2024-09-06T20:13:25.475-0500] {processor.py:208} INFO - Processing /Users/binhpham/Library/Python/3.9/lib/python/site-packages/airflow/example_dags/example_trigger_controller_dag.py took 0.071 seconds
[2024-09-06T20:15:19.320-0500] {processor.py:186} INFO - Started process (PID=40593) to work on /Users/binhpham/Library/Python/3.9/lib/python/site-packages/airflow/example_dags/example_trigger_controller_dag.py
[2024-09-06T20:15:19.323-0500] {processor.py:914} INFO - Processing file /Users/binhpham/Library/Python/3.9/lib/python/site-packages/airflow/example_dags/example_trigger_controller_dag.py for tasks to queue
[2024-09-06T20:15:19.323-0500] {logging_mixin.py:190} INFO - [2024-09-06T20:15:19.323-0500] {dagbag.py:587} INFO - Filling up the DagBag from /Users/binhpham/Library/Python/3.9/lib/python/site-packages/airflow/example_dags/example_trigger_controller_dag.py
[2024-09-06T20:15:19.328-0500] {processor.py:925} INFO - DAG(s) 'example_trigger_controller_dag' retrieved from /Users/binhpham/Library/Python/3.9/lib/python/site-packages/airflow/example_dags/example_trigger_controller_dag.py
[2024-09-06T20:15:19.372-0500] {logging_mixin.py:190} INFO - [2024-09-06T20:15:19.372-0500] {dag.py:3229} INFO - Sync 1 DAGs
[2024-09-06T20:15:19.379-0500] {logging_mixin.py:190} INFO - [2024-09-06T20:15:19.378-0500] {dag.py:4156} INFO - Setting next_dagrun for example_trigger_controller_dag to 2021-01-01 00:00:00+00:00, run_after=2021-01-01 00:00:00+00:00
[2024-09-06T20:15:19.388-0500] {processor.py:208} INFO - Processing /Users/binhpham/Library/Python/3.9/lib/python/site-packages/airflow/example_dags/example_trigger_controller_dag.py took 0.069 seconds
[2024-09-06T20:22:09.806-0500] {processor.py:186} INFO - Started process (PID=42795) to work on /Users/binhpham/Library/Python/3.9/lib/python/site-packages/airflow/example_dags/example_trigger_controller_dag.py
[2024-09-06T20:22:09.809-0500] {processor.py:914} INFO - Processing file /Users/binhpham/Library/Python/3.9/lib/python/site-packages/airflow/example_dags/example_trigger_controller_dag.py for tasks to queue
[2024-09-06T20:22:09.809-0500] {logging_mixin.py:190} INFO - [2024-09-06T20:22:09.809-0500] {dagbag.py:587} INFO - Filling up the DagBag from /Users/binhpham/Library/Python/3.9/lib/python/site-packages/airflow/example_dags/example_trigger_controller_dag.py
[2024-09-06T20:22:09.815-0500] {processor.py:925} INFO - DAG(s) 'example_trigger_controller_dag' retrieved from /Users/binhpham/Library/Python/3.9/lib/python/site-packages/airflow/example_dags/example_trigger_controller_dag.py
[2024-09-06T20:22:09.860-0500] {logging_mixin.py:190} INFO - [2024-09-06T20:22:09.859-0500] {dag.py:3229} INFO - Sync 1 DAGs
[2024-09-06T20:22:09.867-0500] {logging_mixin.py:190} INFO - [2024-09-06T20:22:09.867-0500] {dag.py:4156} INFO - Setting next_dagrun for example_trigger_controller_dag to 2021-01-01 00:00:00+00:00, run_after=2021-01-01 00:00:00+00:00
[2024-09-06T20:22:09.875-0500] {processor.py:208} INFO - Processing /Users/binhpham/Library/Python/3.9/lib/python/site-packages/airflow/example_dags/example_trigger_controller_dag.py took 0.071 seconds
[2024-09-06T20:24:02.197-0500] {processor.py:186} INFO - Started process (PID=43155) to work on /Users/binhpham/Library/Python/3.9/lib/python/site-packages/airflow/example_dags/example_trigger_controller_dag.py
[2024-09-06T20:24:02.199-0500] {processor.py:914} INFO - Processing file /Users/binhpham/Library/Python/3.9/lib/python/site-packages/airflow/example_dags/example_trigger_controller_dag.py for tasks to queue
[2024-09-06T20:24:02.200-0500] {logging_mixin.py:190} INFO - [2024-09-06T20:24:02.200-0500] {dagbag.py:587} INFO - Filling up the DagBag from /Users/binhpham/Library/Python/3.9/lib/python/site-packages/airflow/example_dags/example_trigger_controller_dag.py
[2024-09-06T20:24:02.205-0500] {processor.py:925} INFO - DAG(s) 'example_trigger_controller_dag' retrieved from /Users/binhpham/Library/Python/3.9/lib/python/site-packages/airflow/example_dags/example_trigger_controller_dag.py
[2024-09-06T20:24:02.247-0500] {logging_mixin.py:190} INFO - [2024-09-06T20:24:02.247-0500] {dag.py:3229} INFO - Sync 1 DAGs
[2024-09-06T20:24:02.254-0500] {logging_mixin.py:190} INFO - [2024-09-06T20:24:02.254-0500] {dag.py:4156} INFO - Setting next_dagrun for example_trigger_controller_dag to 2021-01-01 00:00:00+00:00, run_after=2021-01-01 00:00:00+00:00
[2024-09-06T20:24:02.262-0500] {processor.py:208} INFO - Processing /Users/binhpham/Library/Python/3.9/lib/python/site-packages/airflow/example_dags/example_trigger_controller_dag.py took 0.066 seconds
[2024-09-06T20:25:24.513-0500] {processor.py:186} INFO - Started process (PID=43411) to work on /Users/binhpham/Library/Python/3.9/lib/python/site-packages/airflow/example_dags/example_trigger_controller_dag.py
[2024-09-06T20:25:24.516-0500] {processor.py:914} INFO - Processing file /Users/binhpham/Library/Python/3.9/lib/python/site-packages/airflow/example_dags/example_trigger_controller_dag.py for tasks to queue
[2024-09-06T20:25:24.516-0500] {logging_mixin.py:190} INFO - [2024-09-06T20:25:24.516-0500] {dagbag.py:587} INFO - Filling up the DagBag from /Users/binhpham/Library/Python/3.9/lib/python/site-packages/airflow/example_dags/example_trigger_controller_dag.py
[2024-09-06T20:25:24.521-0500] {processor.py:925} INFO - DAG(s) 'example_trigger_controller_dag' retrieved from /Users/binhpham/Library/Python/3.9/lib/python/site-packages/airflow/example_dags/example_trigger_controller_dag.py
[2024-09-06T20:25:24.563-0500] {logging_mixin.py:190} INFO - [2024-09-06T20:25:24.563-0500] {dag.py:3229} INFO - Sync 1 DAGs
[2024-09-06T20:25:24.570-0500] {logging_mixin.py:190} INFO - [2024-09-06T20:25:24.570-0500] {dag.py:4156} INFO - Setting next_dagrun for example_trigger_controller_dag to 2021-01-01 00:00:00+00:00, run_after=2021-01-01 00:00:00+00:00
[2024-09-06T20:25:24.578-0500] {processor.py:208} INFO - Processing /Users/binhpham/Library/Python/3.9/lib/python/site-packages/airflow/example_dags/example_trigger_controller_dag.py took 0.066 seconds
[2024-09-06T20:27:17.410-0500] {processor.py:186} INFO - Started process (PID=43812) to work on /Users/binhpham/Library/Python/3.9/lib/python/site-packages/airflow/example_dags/example_trigger_controller_dag.py
[2024-09-06T20:27:17.412-0500] {processor.py:914} INFO - Processing file /Users/binhpham/Library/Python/3.9/lib/python/site-packages/airflow/example_dags/example_trigger_controller_dag.py for tasks to queue
[2024-09-06T20:27:17.413-0500] {logging_mixin.py:190} INFO - [2024-09-06T20:27:17.413-0500] {dagbag.py:587} INFO - Filling up the DagBag from /Users/binhpham/Library/Python/3.9/lib/python/site-packages/airflow/example_dags/example_trigger_controller_dag.py
[2024-09-06T20:27:17.418-0500] {processor.py:925} INFO - DAG(s) 'example_trigger_controller_dag' retrieved from /Users/binhpham/Library/Python/3.9/lib/python/site-packages/airflow/example_dags/example_trigger_controller_dag.py
[2024-09-06T20:27:17.458-0500] {logging_mixin.py:190} INFO - [2024-09-06T20:27:17.458-0500] {dag.py:3229} INFO - Sync 1 DAGs
[2024-09-06T20:27:17.464-0500] {logging_mixin.py:190} INFO - [2024-09-06T20:27:17.464-0500] {dag.py:4156} INFO - Setting next_dagrun for example_trigger_controller_dag to 2021-01-01 00:00:00+00:00, run_after=2021-01-01 00:00:00+00:00
[2024-09-06T20:27:17.472-0500] {processor.py:208} INFO - Processing /Users/binhpham/Library/Python/3.9/lib/python/site-packages/airflow/example_dags/example_trigger_controller_dag.py took 0.064 seconds
[2024-09-06T20:29:08.929-0500] {processor.py:186} INFO - Started process (PID=44180) to work on /Users/binhpham/Library/Python/3.9/lib/python/site-packages/airflow/example_dags/example_trigger_controller_dag.py
[2024-09-06T20:29:08.931-0500] {processor.py:914} INFO - Processing file /Users/binhpham/Library/Python/3.9/lib/python/site-packages/airflow/example_dags/example_trigger_controller_dag.py for tasks to queue
[2024-09-06T20:29:08.932-0500] {logging_mixin.py:190} INFO - [2024-09-06T20:29:08.932-0500] {dagbag.py:587} INFO - Filling up the DagBag from /Users/binhpham/Library/Python/3.9/lib/python/site-packages/airflow/example_dags/example_trigger_controller_dag.py
[2024-09-06T20:29:08.936-0500] {processor.py:925} INFO - DAG(s) 'example_trigger_controller_dag' retrieved from /Users/binhpham/Library/Python/3.9/lib/python/site-packages/airflow/example_dags/example_trigger_controller_dag.py
[2024-09-06T20:29:08.979-0500] {logging_mixin.py:190} INFO - [2024-09-06T20:29:08.979-0500] {dag.py:3229} INFO - Sync 1 DAGs
[2024-09-06T20:29:08.986-0500] {logging_mixin.py:190} INFO - [2024-09-06T20:29:08.986-0500] {dag.py:4156} INFO - Setting next_dagrun for example_trigger_controller_dag to 2021-01-01 00:00:00+00:00, run_after=2021-01-01 00:00:00+00:00
[2024-09-06T20:29:08.995-0500] {processor.py:208} INFO - Processing /Users/binhpham/Library/Python/3.9/lib/python/site-packages/airflow/example_dags/example_trigger_controller_dag.py took 0.068 seconds
[2024-09-06T20:30:29.741-0500] {processor.py:186} INFO - Started process (PID=44451) to work on /Users/binhpham/Library/Python/3.9/lib/python/site-packages/airflow/example_dags/example_trigger_controller_dag.py
[2024-09-06T20:30:29.743-0500] {processor.py:914} INFO - Processing file /Users/binhpham/Library/Python/3.9/lib/python/site-packages/airflow/example_dags/example_trigger_controller_dag.py for tasks to queue
[2024-09-06T20:30:29.743-0500] {logging_mixin.py:190} INFO - [2024-09-06T20:30:29.743-0500] {dagbag.py:587} INFO - Filling up the DagBag from /Users/binhpham/Library/Python/3.9/lib/python/site-packages/airflow/example_dags/example_trigger_controller_dag.py
[2024-09-06T20:30:29.747-0500] {processor.py:925} INFO - DAG(s) 'example_trigger_controller_dag' retrieved from /Users/binhpham/Library/Python/3.9/lib/python/site-packages/airflow/example_dags/example_trigger_controller_dag.py
[2024-09-06T20:30:29.788-0500] {logging_mixin.py:190} INFO - [2024-09-06T20:30:29.787-0500] {dag.py:3229} INFO - Sync 1 DAGs
[2024-09-06T20:30:29.794-0500] {logging_mixin.py:190} INFO - [2024-09-06T20:30:29.794-0500] {dag.py:4156} INFO - Setting next_dagrun for example_trigger_controller_dag to 2021-01-01 00:00:00+00:00, run_after=2021-01-01 00:00:00+00:00
[2024-09-06T20:30:29.801-0500] {processor.py:208} INFO - Processing /Users/binhpham/Library/Python/3.9/lib/python/site-packages/airflow/example_dags/example_trigger_controller_dag.py took 0.062 seconds
[2024-09-06T20:31:50.504-0500] {processor.py:186} INFO - Started process (PID=44697) to work on /Users/binhpham/Library/Python/3.9/lib/python/site-packages/airflow/example_dags/example_trigger_controller_dag.py
[2024-09-06T20:31:50.505-0500] {processor.py:914} INFO - Processing file /Users/binhpham/Library/Python/3.9/lib/python/site-packages/airflow/example_dags/example_trigger_controller_dag.py for tasks to queue
[2024-09-06T20:31:50.506-0500] {logging_mixin.py:190} INFO - [2024-09-06T20:31:50.505-0500] {dagbag.py:587} INFO - Filling up the DagBag from /Users/binhpham/Library/Python/3.9/lib/python/site-packages/airflow/example_dags/example_trigger_controller_dag.py
[2024-09-06T20:31:50.511-0500] {processor.py:925} INFO - DAG(s) 'example_trigger_controller_dag' retrieved from /Users/binhpham/Library/Python/3.9/lib/python/site-packages/airflow/example_dags/example_trigger_controller_dag.py
[2024-09-06T20:31:50.552-0500] {logging_mixin.py:190} INFO - [2024-09-06T20:31:50.552-0500] {dag.py:3229} INFO - Sync 1 DAGs
[2024-09-06T20:31:50.558-0500] {logging_mixin.py:190} INFO - [2024-09-06T20:31:50.558-0500] {dag.py:4156} INFO - Setting next_dagrun for example_trigger_controller_dag to 2021-01-01 00:00:00+00:00, run_after=2021-01-01 00:00:00+00:00
[2024-09-06T20:31:50.566-0500] {processor.py:208} INFO - Processing /Users/binhpham/Library/Python/3.9/lib/python/site-packages/airflow/example_dags/example_trigger_controller_dag.py took 0.064 seconds
[2024-09-06T20:33:48.896-0500] {processor.py:186} INFO - Started process (PID=45112) to work on /Users/binhpham/Library/Python/3.9/lib/python/site-packages/airflow/example_dags/example_trigger_controller_dag.py
[2024-09-06T20:33:48.898-0500] {processor.py:914} INFO - Processing file /Users/binhpham/Library/Python/3.9/lib/python/site-packages/airflow/example_dags/example_trigger_controller_dag.py for tasks to queue
[2024-09-06T20:33:48.899-0500] {logging_mixin.py:190} INFO - [2024-09-06T20:33:48.899-0500] {dagbag.py:587} INFO - Filling up the DagBag from /Users/binhpham/Library/Python/3.9/lib/python/site-packages/airflow/example_dags/example_trigger_controller_dag.py
[2024-09-06T20:33:48.903-0500] {processor.py:925} INFO - DAG(s) 'example_trigger_controller_dag' retrieved from /Users/binhpham/Library/Python/3.9/lib/python/site-packages/airflow/example_dags/example_trigger_controller_dag.py
[2024-09-06T20:33:48.947-0500] {logging_mixin.py:190} INFO - [2024-09-06T20:33:48.947-0500] {dag.py:3229} INFO - Sync 1 DAGs
[2024-09-06T20:33:48.954-0500] {logging_mixin.py:190} INFO - [2024-09-06T20:33:48.954-0500] {dag.py:4156} INFO - Setting next_dagrun for example_trigger_controller_dag to 2021-01-01 00:00:00+00:00, run_after=2021-01-01 00:00:00+00:00
[2024-09-06T20:33:48.962-0500] {processor.py:208} INFO - Processing /Users/binhpham/Library/Python/3.9/lib/python/site-packages/airflow/example_dags/example_trigger_controller_dag.py took 0.067 seconds
[2024-09-06T20:35:41.561-0500] {processor.py:186} INFO - Started process (PID=45473) to work on /Users/binhpham/Library/Python/3.9/lib/python/site-packages/airflow/example_dags/example_trigger_controller_dag.py
[2024-09-06T20:35:41.563-0500] {processor.py:914} INFO - Processing file /Users/binhpham/Library/Python/3.9/lib/python/site-packages/airflow/example_dags/example_trigger_controller_dag.py for tasks to queue
[2024-09-06T20:35:41.564-0500] {logging_mixin.py:190} INFO - [2024-09-06T20:35:41.563-0500] {dagbag.py:587} INFO - Filling up the DagBag from /Users/binhpham/Library/Python/3.9/lib/python/site-packages/airflow/example_dags/example_trigger_controller_dag.py
[2024-09-06T20:35:41.568-0500] {processor.py:925} INFO - DAG(s) 'example_trigger_controller_dag' retrieved from /Users/binhpham/Library/Python/3.9/lib/python/site-packages/airflow/example_dags/example_trigger_controller_dag.py
[2024-09-06T20:35:41.611-0500] {logging_mixin.py:190} INFO - [2024-09-06T20:35:41.610-0500] {dag.py:3229} INFO - Sync 1 DAGs
[2024-09-06T20:35:41.617-0500] {logging_mixin.py:190} INFO - [2024-09-06T20:35:41.617-0500] {dag.py:4156} INFO - Setting next_dagrun for example_trigger_controller_dag to 2021-01-01 00:00:00+00:00, run_after=2021-01-01 00:00:00+00:00
[2024-09-06T20:35:41.625-0500] {processor.py:208} INFO - Processing /Users/binhpham/Library/Python/3.9/lib/python/site-packages/airflow/example_dags/example_trigger_controller_dag.py took 0.065 seconds
[2024-09-06T20:37:02.285-0500] {processor.py:186} INFO - Started process (PID=45727) to work on /Users/binhpham/Library/Python/3.9/lib/python/site-packages/airflow/example_dags/example_trigger_controller_dag.py
[2024-09-06T20:37:02.287-0500] {processor.py:914} INFO - Processing file /Users/binhpham/Library/Python/3.9/lib/python/site-packages/airflow/example_dags/example_trigger_controller_dag.py for tasks to queue
[2024-09-06T20:37:02.288-0500] {logging_mixin.py:190} INFO - [2024-09-06T20:37:02.287-0500] {dagbag.py:587} INFO - Filling up the DagBag from /Users/binhpham/Library/Python/3.9/lib/python/site-packages/airflow/example_dags/example_trigger_controller_dag.py
[2024-09-06T20:37:02.292-0500] {processor.py:925} INFO - DAG(s) 'example_trigger_controller_dag' retrieved from /Users/binhpham/Library/Python/3.9/lib/python/site-packages/airflow/example_dags/example_trigger_controller_dag.py
[2024-09-06T20:37:02.335-0500] {logging_mixin.py:190} INFO - [2024-09-06T20:37:02.335-0500] {dag.py:3229} INFO - Sync 1 DAGs
[2024-09-06T20:37:02.343-0500] {logging_mixin.py:190} INFO - [2024-09-06T20:37:02.343-0500] {dag.py:4156} INFO - Setting next_dagrun for example_trigger_controller_dag to 2021-01-01 00:00:00+00:00, run_after=2021-01-01 00:00:00+00:00
[2024-09-06T20:37:02.351-0500] {processor.py:208} INFO - Processing /Users/binhpham/Library/Python/3.9/lib/python/site-packages/airflow/example_dags/example_trigger_controller_dag.py took 0.067 seconds
[2024-09-06T20:38:24.281-0500] {processor.py:186} INFO - Started process (PID=46013) to work on /Users/binhpham/Library/Python/3.9/lib/python/site-packages/airflow/example_dags/example_trigger_controller_dag.py
[2024-09-06T20:38:24.284-0500] {processor.py:914} INFO - Processing file /Users/binhpham/Library/Python/3.9/lib/python/site-packages/airflow/example_dags/example_trigger_controller_dag.py for tasks to queue
[2024-09-06T20:38:24.284-0500] {logging_mixin.py:190} INFO - [2024-09-06T20:38:24.284-0500] {dagbag.py:587} INFO - Filling up the DagBag from /Users/binhpham/Library/Python/3.9/lib/python/site-packages/airflow/example_dags/example_trigger_controller_dag.py
[2024-09-06T20:38:24.289-0500] {processor.py:925} INFO - DAG(s) 'example_trigger_controller_dag' retrieved from /Users/binhpham/Library/Python/3.9/lib/python/site-packages/airflow/example_dags/example_trigger_controller_dag.py
[2024-09-06T20:38:24.329-0500] {logging_mixin.py:190} INFO - [2024-09-06T20:38:24.329-0500] {dag.py:3229} INFO - Sync 1 DAGs
[2024-09-06T20:38:24.335-0500] {logging_mixin.py:190} INFO - [2024-09-06T20:38:24.335-0500] {dag.py:4156} INFO - Setting next_dagrun for example_trigger_controller_dag to 2021-01-01 00:00:00+00:00, run_after=2021-01-01 00:00:00+00:00
[2024-09-06T20:38:24.343-0500] {processor.py:208} INFO - Processing /Users/binhpham/Library/Python/3.9/lib/python/site-packages/airflow/example_dags/example_trigger_controller_dag.py took 0.063 seconds
