[2024-09-06T19:44:21.086-0500] {processor.py:186} INFO - Started process (PID=34405) to work on /Users/binhpham/Library/Python/3.9/lib/python/site-packages/airflow/example_dags/example_short_circuit_decorator.py
[2024-09-06T19:44:21.087-0500] {processor.py:914} INFO - Processing file /Users/binhpham/Library/Python/3.9/lib/python/site-packages/airflow/example_dags/example_short_circuit_decorator.py for tasks to queue
[2024-09-06T19:44:21.087-0500] {logging_mixin.py:190} INFO - [2024-09-06T19:44:21.087-0500] {dagbag.py:587} INFO - Filling up the DagBag from /Users/binhpham/Library/Python/3.9/lib/python/site-packages/airflow/example_dags/example_short_circuit_decorator.py
[2024-09-06T19:44:21.104-0500] {processor.py:925} INFO - DAG(s) 'example_short_circuit_decorator' retrieved from /Users/binhpham/Library/Python/3.9/lib/python/site-packages/airflow/example_dags/example_short_circuit_decorator.py
[2024-09-06T19:44:21.208-0500] {logging_mixin.py:190} INFO - [2024-09-06T19:44:21.208-0500] {override.py:1900} INFO - Created Permission View: can delete on DAG:example_short_circuit_decorator
[2024-09-06T19:44:21.211-0500] {logging_mixin.py:190} INFO - [2024-09-06T19:44:21.211-0500] {override.py:1900} INFO - Created Permission View: can edit on DAG:example_short_circuit_decorator
[2024-09-06T19:44:21.214-0500] {logging_mixin.py:190} INFO - [2024-09-06T19:44:21.214-0500] {override.py:1900} INFO - Created Permission View: can read on DAG:example_short_circuit_decorator
[2024-09-06T19:44:21.217-0500] {logging_mixin.py:190} INFO - [2024-09-06T19:44:21.217-0500] {override.py:1900} INFO - Created Permission View: can create on DAG Run:example_short_circuit_decorator
[2024-09-06T19:44:21.220-0500] {logging_mixin.py:190} INFO - [2024-09-06T19:44:21.220-0500] {override.py:1900} INFO - Created Permission View: can delete on DAG Run:example_short_circuit_decorator
[2024-09-06T19:44:21.222-0500] {logging_mixin.py:190} INFO - [2024-09-06T19:44:21.222-0500] {override.py:1900} INFO - Created Permission View: menu access on DAG Run:example_short_circuit_decorator
[2024-09-06T19:44:21.225-0500] {logging_mixin.py:190} INFO - [2024-09-06T19:44:21.225-0500] {override.py:1900} INFO - Created Permission View: can read on DAG Run:example_short_circuit_decorator
[2024-09-06T19:44:21.225-0500] {logging_mixin.py:190} INFO - [2024-09-06T19:44:21.225-0500] {dag.py:3229} INFO - Sync 1 DAGs
[2024-09-06T19:44:21.231-0500] {logging_mixin.py:190} INFO - [2024-09-06T19:44:21.231-0500] {dag.py:3252} INFO - Creating ORM DAG for example_short_circuit_decorator
[2024-09-06T19:44:21.231-0500] {logging_mixin.py:190} INFO - [2024-09-06T19:44:21.231-0500] {dag.py:4156} INFO - Setting next_dagrun for example_short_circuit_decorator to None, run_after=None
[2024-09-06T19:44:21.270-0500] {processor.py:208} INFO - Processing /Users/binhpham/Library/Python/3.9/lib/python/site-packages/airflow/example_dags/example_short_circuit_decorator.py took 0.186 seconds
[2024-09-06T19:45:27.931-0500] {processor.py:186} INFO - Started process (PID=34705) to work on /Users/binhpham/Library/Python/3.9/lib/python/site-packages/airflow/example_dags/example_short_circuit_decorator.py
[2024-09-06T19:45:27.933-0500] {processor.py:914} INFO - Processing file /Users/binhpham/Library/Python/3.9/lib/python/site-packages/airflow/example_dags/example_short_circuit_decorator.py for tasks to queue
[2024-09-06T19:45:27.934-0500] {logging_mixin.py:190} INFO - [2024-09-06T19:45:27.934-0500] {dagbag.py:587} INFO - Filling up the DagBag from /Users/binhpham/Library/Python/3.9/lib/python/site-packages/airflow/example_dags/example_short_circuit_decorator.py
[2024-09-06T19:45:27.949-0500] {processor.py:925} INFO - DAG(s) 'example_short_circuit_decorator' retrieved from /Users/binhpham/Library/Python/3.9/lib/python/site-packages/airflow/example_dags/example_short_circuit_decorator.py
[2024-09-06T19:45:27.991-0500] {logging_mixin.py:190} INFO - [2024-09-06T19:45:27.991-0500] {dag.py:3229} INFO - Sync 1 DAGs
[2024-09-06T19:45:27.996-0500] {logging_mixin.py:190} INFO - [2024-09-06T19:45:27.996-0500] {dag.py:4156} INFO - Setting next_dagrun for example_short_circuit_decorator to None, run_after=None
[2024-09-06T19:45:28.003-0500] {processor.py:208} INFO - Processing /Users/binhpham/Library/Python/3.9/lib/python/site-packages/airflow/example_dags/example_short_circuit_decorator.py took 0.073 seconds
[2024-09-06T19:47:50.015-0500] {processor.py:186} INFO - Started process (PID=35287) to work on /Users/binhpham/Library/Python/3.9/lib/python/site-packages/airflow/example_dags/example_short_circuit_decorator.py
[2024-09-06T19:47:50.017-0500] {processor.py:914} INFO - Processing file /Users/binhpham/Library/Python/3.9/lib/python/site-packages/airflow/example_dags/example_short_circuit_decorator.py for tasks to queue
[2024-09-06T19:47:50.017-0500] {logging_mixin.py:190} INFO - [2024-09-06T19:47:50.017-0500] {dagbag.py:587} INFO - Filling up the DagBag from /Users/binhpham/Library/Python/3.9/lib/python/site-packages/airflow/example_dags/example_short_circuit_decorator.py
[2024-09-06T19:47:50.035-0500] {processor.py:925} INFO - DAG(s) 'example_short_circuit_decorator' retrieved from /Users/binhpham/Library/Python/3.9/lib/python/site-packages/airflow/example_dags/example_short_circuit_decorator.py
[2024-09-06T19:47:50.081-0500] {logging_mixin.py:190} INFO - [2024-09-06T19:47:50.081-0500] {dag.py:3229} INFO - Sync 1 DAGs
[2024-09-06T19:47:50.086-0500] {logging_mixin.py:190} INFO - [2024-09-06T19:47:50.086-0500] {dag.py:4156} INFO - Setting next_dagrun for example_short_circuit_decorator to None, run_after=None
[2024-09-06T19:47:50.094-0500] {processor.py:208} INFO - Processing /Users/binhpham/Library/Python/3.9/lib/python/site-packages/airflow/example_dags/example_short_circuit_decorator.py took 0.081 seconds
[2024-09-06T19:49:40.703-0500] {processor.py:186} INFO - Started process (PID=35634) to work on /Users/binhpham/Library/Python/3.9/lib/python/site-packages/airflow/example_dags/example_short_circuit_decorator.py
[2024-09-06T19:49:40.704-0500] {processor.py:914} INFO - Processing file /Users/binhpham/Library/Python/3.9/lib/python/site-packages/airflow/example_dags/example_short_circuit_decorator.py for tasks to queue
[2024-09-06T19:49:40.705-0500] {logging_mixin.py:190} INFO - [2024-09-06T19:49:40.704-0500] {dagbag.py:587} INFO - Filling up the DagBag from /Users/binhpham/Library/Python/3.9/lib/python/site-packages/airflow/example_dags/example_short_circuit_decorator.py
[2024-09-06T19:49:40.719-0500] {processor.py:925} INFO - DAG(s) 'example_short_circuit_decorator' retrieved from /Users/binhpham/Library/Python/3.9/lib/python/site-packages/airflow/example_dags/example_short_circuit_decorator.py
[2024-09-06T19:49:40.763-0500] {logging_mixin.py:190} INFO - [2024-09-06T19:49:40.763-0500] {dag.py:3229} INFO - Sync 1 DAGs
[2024-09-06T19:49:40.768-0500] {logging_mixin.py:190} INFO - [2024-09-06T19:49:40.768-0500] {dag.py:4156} INFO - Setting next_dagrun for example_short_circuit_decorator to None, run_after=None
[2024-09-06T19:49:40.776-0500] {processor.py:208} INFO - Processing /Users/binhpham/Library/Python/3.9/lib/python/site-packages/airflow/example_dags/example_short_circuit_decorator.py took 0.075 seconds
[2024-09-06T19:51:02.881-0500] {processor.py:186} INFO - Started process (PID=35900) to work on /Users/binhpham/Library/Python/3.9/lib/python/site-packages/airflow/example_dags/example_short_circuit_decorator.py
[2024-09-06T19:51:02.883-0500] {processor.py:914} INFO - Processing file /Users/binhpham/Library/Python/3.9/lib/python/site-packages/airflow/example_dags/example_short_circuit_decorator.py for tasks to queue
[2024-09-06T19:51:02.884-0500] {logging_mixin.py:190} INFO - [2024-09-06T19:51:02.883-0500] {dagbag.py:587} INFO - Filling up the DagBag from /Users/binhpham/Library/Python/3.9/lib/python/site-packages/airflow/example_dags/example_short_circuit_decorator.py
[2024-09-06T19:51:02.899-0500] {processor.py:925} INFO - DAG(s) 'example_short_circuit_decorator' retrieved from /Users/binhpham/Library/Python/3.9/lib/python/site-packages/airflow/example_dags/example_short_circuit_decorator.py
[2024-09-06T19:51:02.944-0500] {logging_mixin.py:190} INFO - [2024-09-06T19:51:02.943-0500] {dag.py:3229} INFO - Sync 1 DAGs
[2024-09-06T19:51:02.948-0500] {logging_mixin.py:190} INFO - [2024-09-06T19:51:02.948-0500] {dag.py:4156} INFO - Setting next_dagrun for example_short_circuit_decorator to None, run_after=None
[2024-09-06T19:51:02.956-0500] {processor.py:208} INFO - Processing /Users/binhpham/Library/Python/3.9/lib/python/site-packages/airflow/example_dags/example_short_circuit_decorator.py took 0.076 seconds
[2024-09-06T19:52:23.607-0500] {processor.py:186} INFO - Started process (PID=36151) to work on /Users/binhpham/Library/Python/3.9/lib/python/site-packages/airflow/example_dags/example_short_circuit_decorator.py
[2024-09-06T19:52:23.608-0500] {processor.py:914} INFO - Processing file /Users/binhpham/Library/Python/3.9/lib/python/site-packages/airflow/example_dags/example_short_circuit_decorator.py for tasks to queue
[2024-09-06T19:52:23.608-0500] {logging_mixin.py:190} INFO - [2024-09-06T19:52:23.608-0500] {dagbag.py:587} INFO - Filling up the DagBag from /Users/binhpham/Library/Python/3.9/lib/python/site-packages/airflow/example_dags/example_short_circuit_decorator.py
[2024-09-06T19:52:23.624-0500] {processor.py:925} INFO - DAG(s) 'example_short_circuit_decorator' retrieved from /Users/binhpham/Library/Python/3.9/lib/python/site-packages/airflow/example_dags/example_short_circuit_decorator.py
[2024-09-06T19:52:23.670-0500] {logging_mixin.py:190} INFO - [2024-09-06T19:52:23.670-0500] {dag.py:3229} INFO - Sync 1 DAGs
[2024-09-06T19:52:23.675-0500] {logging_mixin.py:190} INFO - [2024-09-06T19:52:23.675-0500] {dag.py:4156} INFO - Setting next_dagrun for example_short_circuit_decorator to None, run_after=None
[2024-09-06T19:52:23.684-0500] {processor.py:208} INFO - Processing /Users/binhpham/Library/Python/3.9/lib/python/site-packages/airflow/example_dags/example_short_circuit_decorator.py took 0.079 seconds
[2024-09-06T19:54:12.709-0500] {processor.py:186} INFO - Started process (PID=36542) to work on /Users/binhpham/Library/Python/3.9/lib/python/site-packages/airflow/example_dags/example_short_circuit_decorator.py
[2024-09-06T19:54:12.711-0500] {processor.py:914} INFO - Processing file /Users/binhpham/Library/Python/3.9/lib/python/site-packages/airflow/example_dags/example_short_circuit_decorator.py for tasks to queue
[2024-09-06T19:54:12.712-0500] {logging_mixin.py:190} INFO - [2024-09-06T19:54:12.712-0500] {dagbag.py:587} INFO - Filling up the DagBag from /Users/binhpham/Library/Python/3.9/lib/python/site-packages/airflow/example_dags/example_short_circuit_decorator.py
[2024-09-06T19:54:12.727-0500] {processor.py:925} INFO - DAG(s) 'example_short_circuit_decorator' retrieved from /Users/binhpham/Library/Python/3.9/lib/python/site-packages/airflow/example_dags/example_short_circuit_decorator.py
[2024-09-06T19:54:12.770-0500] {logging_mixin.py:190} INFO - [2024-09-06T19:54:12.770-0500] {dag.py:3229} INFO - Sync 1 DAGs
[2024-09-06T19:54:12.774-0500] {logging_mixin.py:190} INFO - [2024-09-06T19:54:12.774-0500] {dag.py:4156} INFO - Setting next_dagrun for example_short_circuit_decorator to None, run_after=None
[2024-09-06T19:54:12.782-0500] {processor.py:208} INFO - Processing /Users/binhpham/Library/Python/3.9/lib/python/site-packages/airflow/example_dags/example_short_circuit_decorator.py took 0.074 seconds
[2024-09-06T19:56:03.510-0500] {processor.py:186} INFO - Started process (PID=36912) to work on /Users/binhpham/Library/Python/3.9/lib/python/site-packages/airflow/example_dags/example_short_circuit_decorator.py
[2024-09-06T19:56:03.513-0500] {processor.py:914} INFO - Processing file /Users/binhpham/Library/Python/3.9/lib/python/site-packages/airflow/example_dags/example_short_circuit_decorator.py for tasks to queue
[2024-09-06T19:56:03.513-0500] {logging_mixin.py:190} INFO - [2024-09-06T19:56:03.513-0500] {dagbag.py:587} INFO - Filling up the DagBag from /Users/binhpham/Library/Python/3.9/lib/python/site-packages/airflow/example_dags/example_short_circuit_decorator.py
[2024-09-06T19:56:03.531-0500] {processor.py:925} INFO - DAG(s) 'example_short_circuit_decorator' retrieved from /Users/binhpham/Library/Python/3.9/lib/python/site-packages/airflow/example_dags/example_short_circuit_decorator.py
[2024-09-06T19:56:03.575-0500] {logging_mixin.py:190} INFO - [2024-09-06T19:56:03.575-0500] {dag.py:3229} INFO - Sync 1 DAGs
[2024-09-06T19:56:03.580-0500] {logging_mixin.py:190} INFO - [2024-09-06T19:56:03.580-0500] {dag.py:4156} INFO - Setting next_dagrun for example_short_circuit_decorator to None, run_after=None
[2024-09-06T19:56:03.588-0500] {processor.py:208} INFO - Processing /Users/binhpham/Library/Python/3.9/lib/python/site-packages/airflow/example_dags/example_short_circuit_decorator.py took 0.079 seconds
[2024-09-06T19:57:26.009-0500] {processor.py:186} INFO - Started process (PID=37162) to work on /Users/binhpham/Library/Python/3.9/lib/python/site-packages/airflow/example_dags/example_short_circuit_decorator.py
[2024-09-06T19:57:26.011-0500] {processor.py:914} INFO - Processing file /Users/binhpham/Library/Python/3.9/lib/python/site-packages/airflow/example_dags/example_short_circuit_decorator.py for tasks to queue
[2024-09-06T19:57:26.012-0500] {logging_mixin.py:190} INFO - [2024-09-06T19:57:26.011-0500] {dagbag.py:587} INFO - Filling up the DagBag from /Users/binhpham/Library/Python/3.9/lib/python/site-packages/airflow/example_dags/example_short_circuit_decorator.py
[2024-09-06T19:57:26.027-0500] {processor.py:925} INFO - DAG(s) 'example_short_circuit_decorator' retrieved from /Users/binhpham/Library/Python/3.9/lib/python/site-packages/airflow/example_dags/example_short_circuit_decorator.py
[2024-09-06T19:57:26.071-0500] {logging_mixin.py:190} INFO - [2024-09-06T19:57:26.071-0500] {dag.py:3229} INFO - Sync 1 DAGs
[2024-09-06T19:57:26.076-0500] {logging_mixin.py:190} INFO - [2024-09-06T19:57:26.075-0500] {dag.py:4156} INFO - Setting next_dagrun for example_short_circuit_decorator to None, run_after=None
[2024-09-06T19:57:26.084-0500] {processor.py:208} INFO - Processing /Users/binhpham/Library/Python/3.9/lib/python/site-packages/airflow/example_dags/example_short_circuit_decorator.py took 0.076 seconds
[2024-09-06T19:58:48.148-0500] {processor.py:186} INFO - Started process (PID=37419) to work on /Users/binhpham/Library/Python/3.9/lib/python/site-packages/airflow/example_dags/example_short_circuit_decorator.py
[2024-09-06T19:58:48.150-0500] {processor.py:914} INFO - Processing file /Users/binhpham/Library/Python/3.9/lib/python/site-packages/airflow/example_dags/example_short_circuit_decorator.py for tasks to queue
[2024-09-06T19:58:48.150-0500] {logging_mixin.py:190} INFO - [2024-09-06T19:58:48.150-0500] {dagbag.py:587} INFO - Filling up the DagBag from /Users/binhpham/Library/Python/3.9/lib/python/site-packages/airflow/example_dags/example_short_circuit_decorator.py
[2024-09-06T19:58:48.167-0500] {processor.py:925} INFO - DAG(s) 'example_short_circuit_decorator' retrieved from /Users/binhpham/Library/Python/3.9/lib/python/site-packages/airflow/example_dags/example_short_circuit_decorator.py
[2024-09-06T19:58:48.210-0500] {logging_mixin.py:190} INFO - [2024-09-06T19:58:48.210-0500] {dag.py:3229} INFO - Sync 1 DAGs
[2024-09-06T19:58:48.215-0500] {logging_mixin.py:190} INFO - [2024-09-06T19:58:48.215-0500] {dag.py:4156} INFO - Setting next_dagrun for example_short_circuit_decorator to None, run_after=None
[2024-09-06T19:58:48.222-0500] {processor.py:208} INFO - Processing /Users/binhpham/Library/Python/3.9/lib/python/site-packages/airflow/example_dags/example_short_circuit_decorator.py took 0.076 seconds
[2024-09-06T20:00:09.499-0500] {processor.py:186} INFO - Started process (PID=37671) to work on /Users/binhpham/Library/Python/3.9/lib/python/site-packages/airflow/example_dags/example_short_circuit_decorator.py
[2024-09-06T20:00:09.501-0500] {processor.py:914} INFO - Processing file /Users/binhpham/Library/Python/3.9/lib/python/site-packages/airflow/example_dags/example_short_circuit_decorator.py for tasks to queue
[2024-09-06T20:00:09.502-0500] {logging_mixin.py:190} INFO - [2024-09-06T20:00:09.502-0500] {dagbag.py:587} INFO - Filling up the DagBag from /Users/binhpham/Library/Python/3.9/lib/python/site-packages/airflow/example_dags/example_short_circuit_decorator.py
[2024-09-06T20:00:09.517-0500] {processor.py:925} INFO - DAG(s) 'example_short_circuit_decorator' retrieved from /Users/binhpham/Library/Python/3.9/lib/python/site-packages/airflow/example_dags/example_short_circuit_decorator.py
[2024-09-06T20:00:09.561-0500] {logging_mixin.py:190} INFO - [2024-09-06T20:00:09.560-0500] {dag.py:3229} INFO - Sync 1 DAGs
[2024-09-06T20:00:09.565-0500] {logging_mixin.py:190} INFO - [2024-09-06T20:00:09.565-0500] {dag.py:4156} INFO - Setting next_dagrun for example_short_circuit_decorator to None, run_after=None
[2024-09-06T20:00:09.572-0500] {processor.py:208} INFO - Processing /Users/binhpham/Library/Python/3.9/lib/python/site-packages/airflow/example_dags/example_short_circuit_decorator.py took 0.075 seconds
[2024-09-06T20:01:30.193-0500] {processor.py:186} INFO - Started process (PID=37921) to work on /Users/binhpham/Library/Python/3.9/lib/python/site-packages/airflow/example_dags/example_short_circuit_decorator.py
[2024-09-06T20:01:30.194-0500] {processor.py:914} INFO - Processing file /Users/binhpham/Library/Python/3.9/lib/python/site-packages/airflow/example_dags/example_short_circuit_decorator.py for tasks to queue
[2024-09-06T20:01:30.195-0500] {logging_mixin.py:190} INFO - [2024-09-06T20:01:30.195-0500] {dagbag.py:587} INFO - Filling up the DagBag from /Users/binhpham/Library/Python/3.9/lib/python/site-packages/airflow/example_dags/example_short_circuit_decorator.py
[2024-09-06T20:01:30.210-0500] {processor.py:925} INFO - DAG(s) 'example_short_circuit_decorator' retrieved from /Users/binhpham/Library/Python/3.9/lib/python/site-packages/airflow/example_dags/example_short_circuit_decorator.py
[2024-09-06T20:01:30.254-0500] {logging_mixin.py:190} INFO - [2024-09-06T20:01:30.254-0500] {dag.py:3229} INFO - Sync 1 DAGs
[2024-09-06T20:01:30.259-0500] {logging_mixin.py:190} INFO - [2024-09-06T20:01:30.258-0500] {dag.py:4156} INFO - Setting next_dagrun for example_short_circuit_decorator to None, run_after=None
[2024-09-06T20:01:30.266-0500] {processor.py:208} INFO - Processing /Users/binhpham/Library/Python/3.9/lib/python/site-packages/airflow/example_dags/example_short_circuit_decorator.py took 0.074 seconds
[2024-09-06T20:02:51.717-0500] {processor.py:186} INFO - Started process (PID=38168) to work on /Users/binhpham/Library/Python/3.9/lib/python/site-packages/airflow/example_dags/example_short_circuit_decorator.py
[2024-09-06T20:02:51.719-0500] {processor.py:914} INFO - Processing file /Users/binhpham/Library/Python/3.9/lib/python/site-packages/airflow/example_dags/example_short_circuit_decorator.py for tasks to queue
[2024-09-06T20:02:51.720-0500] {logging_mixin.py:190} INFO - [2024-09-06T20:02:51.720-0500] {dagbag.py:587} INFO - Filling up the DagBag from /Users/binhpham/Library/Python/3.9/lib/python/site-packages/airflow/example_dags/example_short_circuit_decorator.py
[2024-09-06T20:02:51.735-0500] {processor.py:925} INFO - DAG(s) 'example_short_circuit_decorator' retrieved from /Users/binhpham/Library/Python/3.9/lib/python/site-packages/airflow/example_dags/example_short_circuit_decorator.py
[2024-09-06T20:02:51.778-0500] {logging_mixin.py:190} INFO - [2024-09-06T20:02:51.778-0500] {dag.py:3229} INFO - Sync 1 DAGs
[2024-09-06T20:02:51.783-0500] {logging_mixin.py:190} INFO - [2024-09-06T20:02:51.783-0500] {dag.py:4156} INFO - Setting next_dagrun for example_short_circuit_decorator to None, run_after=None
[2024-09-06T20:02:51.790-0500] {processor.py:208} INFO - Processing /Users/binhpham/Library/Python/3.9/lib/python/site-packages/airflow/example_dags/example_short_circuit_decorator.py took 0.075 seconds
[2024-09-06T20:04:12.077-0500] {processor.py:186} INFO - Started process (PID=38415) to work on /Users/binhpham/Library/Python/3.9/lib/python/site-packages/airflow/example_dags/example_short_circuit_decorator.py
[2024-09-06T20:04:12.079-0500] {processor.py:914} INFO - Processing file /Users/binhpham/Library/Python/3.9/lib/python/site-packages/airflow/example_dags/example_short_circuit_decorator.py for tasks to queue
[2024-09-06T20:04:12.080-0500] {logging_mixin.py:190} INFO - [2024-09-06T20:04:12.079-0500] {dagbag.py:587} INFO - Filling up the DagBag from /Users/binhpham/Library/Python/3.9/lib/python/site-packages/airflow/example_dags/example_short_circuit_decorator.py
[2024-09-06T20:04:12.096-0500] {processor.py:925} INFO - DAG(s) 'example_short_circuit_decorator' retrieved from /Users/binhpham/Library/Python/3.9/lib/python/site-packages/airflow/example_dags/example_short_circuit_decorator.py
[2024-09-06T20:04:12.141-0500] {logging_mixin.py:190} INFO - [2024-09-06T20:04:12.141-0500] {dag.py:3229} INFO - Sync 1 DAGs
[2024-09-06T20:04:12.146-0500] {logging_mixin.py:190} INFO - [2024-09-06T20:04:12.146-0500] {dag.py:4156} INFO - Setting next_dagrun for example_short_circuit_decorator to None, run_after=None
[2024-09-06T20:04:12.154-0500] {processor.py:208} INFO - Processing /Users/binhpham/Library/Python/3.9/lib/python/site-packages/airflow/example_dags/example_short_circuit_decorator.py took 0.078 seconds
[2024-09-06T20:05:29.851-0500] {processor.py:186} INFO - Started process (PID=38653) to work on /Users/binhpham/Library/Python/3.9/lib/python/site-packages/airflow/example_dags/example_short_circuit_decorator.py
[2024-09-06T20:05:29.853-0500] {processor.py:914} INFO - Processing file /Users/binhpham/Library/Python/3.9/lib/python/site-packages/airflow/example_dags/example_short_circuit_decorator.py for tasks to queue
[2024-09-06T20:05:29.854-0500] {logging_mixin.py:190} INFO - [2024-09-06T20:05:29.853-0500] {dagbag.py:587} INFO - Filling up the DagBag from /Users/binhpham/Library/Python/3.9/lib/python/site-packages/airflow/example_dags/example_short_circuit_decorator.py
[2024-09-06T20:05:29.870-0500] {processor.py:925} INFO - DAG(s) 'example_short_circuit_decorator' retrieved from /Users/binhpham/Library/Python/3.9/lib/python/site-packages/airflow/example_dags/example_short_circuit_decorator.py
[2024-09-06T20:05:29.913-0500] {logging_mixin.py:190} INFO - [2024-09-06T20:05:29.913-0500] {dag.py:3229} INFO - Sync 1 DAGs
[2024-09-06T20:05:29.918-0500] {logging_mixin.py:190} INFO - [2024-09-06T20:05:29.918-0500] {dag.py:4156} INFO - Setting next_dagrun for example_short_circuit_decorator to None, run_after=None
[2024-09-06T20:05:29.925-0500] {processor.py:208} INFO - Processing /Users/binhpham/Library/Python/3.9/lib/python/site-packages/airflow/example_dags/example_short_circuit_decorator.py took 0.076 seconds
[2024-09-06T20:06:51.569-0500] {processor.py:186} INFO - Started process (PID=38905) to work on /Users/binhpham/Library/Python/3.9/lib/python/site-packages/airflow/example_dags/example_short_circuit_decorator.py
[2024-09-06T20:06:51.571-0500] {processor.py:914} INFO - Processing file /Users/binhpham/Library/Python/3.9/lib/python/site-packages/airflow/example_dags/example_short_circuit_decorator.py for tasks to queue
[2024-09-06T20:06:51.572-0500] {logging_mixin.py:190} INFO - [2024-09-06T20:06:51.572-0500] {dagbag.py:587} INFO - Filling up the DagBag from /Users/binhpham/Library/Python/3.9/lib/python/site-packages/airflow/example_dags/example_short_circuit_decorator.py
[2024-09-06T20:06:51.590-0500] {processor.py:925} INFO - DAG(s) 'example_short_circuit_decorator' retrieved from /Users/binhpham/Library/Python/3.9/lib/python/site-packages/airflow/example_dags/example_short_circuit_decorator.py
[2024-09-06T20:06:51.634-0500] {logging_mixin.py:190} INFO - [2024-09-06T20:06:51.634-0500] {dag.py:3229} INFO - Sync 1 DAGs
[2024-09-06T20:06:51.639-0500] {logging_mixin.py:190} INFO - [2024-09-06T20:06:51.639-0500] {dag.py:4156} INFO - Setting next_dagrun for example_short_circuit_decorator to None, run_after=None
[2024-09-06T20:06:51.647-0500] {processor.py:208} INFO - Processing /Users/binhpham/Library/Python/3.9/lib/python/site-packages/airflow/example_dags/example_short_circuit_decorator.py took 0.079 seconds
[2024-09-06T20:08:12.103-0500] {processor.py:186} INFO - Started process (PID=39144) to work on /Users/binhpham/Library/Python/3.9/lib/python/site-packages/airflow/example_dags/example_short_circuit_decorator.py
[2024-09-06T20:08:12.106-0500] {processor.py:914} INFO - Processing file /Users/binhpham/Library/Python/3.9/lib/python/site-packages/airflow/example_dags/example_short_circuit_decorator.py for tasks to queue
[2024-09-06T20:08:12.106-0500] {logging_mixin.py:190} INFO - [2024-09-06T20:08:12.106-0500] {dagbag.py:587} INFO - Filling up the DagBag from /Users/binhpham/Library/Python/3.9/lib/python/site-packages/airflow/example_dags/example_short_circuit_decorator.py
[2024-09-06T20:08:12.122-0500] {processor.py:925} INFO - DAG(s) 'example_short_circuit_decorator' retrieved from /Users/binhpham/Library/Python/3.9/lib/python/site-packages/airflow/example_dags/example_short_circuit_decorator.py
[2024-09-06T20:08:12.170-0500] {logging_mixin.py:190} INFO - [2024-09-06T20:08:12.170-0500] {dag.py:3229} INFO - Sync 1 DAGs
[2024-09-06T20:08:12.175-0500] {logging_mixin.py:190} INFO - [2024-09-06T20:08:12.175-0500] {dag.py:4156} INFO - Setting next_dagrun for example_short_circuit_decorator to None, run_after=None
[2024-09-06T20:08:12.184-0500] {processor.py:208} INFO - Processing /Users/binhpham/Library/Python/3.9/lib/python/site-packages/airflow/example_dags/example_short_circuit_decorator.py took 0.082 seconds
[2024-09-06T20:09:33.498-0500] {processor.py:186} INFO - Started process (PID=39405) to work on /Users/binhpham/Library/Python/3.9/lib/python/site-packages/airflow/example_dags/example_short_circuit_decorator.py
[2024-09-06T20:09:33.500-0500] {processor.py:914} INFO - Processing file /Users/binhpham/Library/Python/3.9/lib/python/site-packages/airflow/example_dags/example_short_circuit_decorator.py for tasks to queue
[2024-09-06T20:09:33.501-0500] {logging_mixin.py:190} INFO - [2024-09-06T20:09:33.501-0500] {dagbag.py:587} INFO - Filling up the DagBag from /Users/binhpham/Library/Python/3.9/lib/python/site-packages/airflow/example_dags/example_short_circuit_decorator.py
[2024-09-06T20:09:33.517-0500] {processor.py:925} INFO - DAG(s) 'example_short_circuit_decorator' retrieved from /Users/binhpham/Library/Python/3.9/lib/python/site-packages/airflow/example_dags/example_short_circuit_decorator.py
[2024-09-06T20:09:33.563-0500] {logging_mixin.py:190} INFO - [2024-09-06T20:09:33.562-0500] {dag.py:3229} INFO - Sync 1 DAGs
[2024-09-06T20:09:33.567-0500] {logging_mixin.py:190} INFO - [2024-09-06T20:09:33.567-0500] {dag.py:4156} INFO - Setting next_dagrun for example_short_circuit_decorator to None, run_after=None
[2024-09-06T20:09:33.575-0500] {processor.py:208} INFO - Processing /Users/binhpham/Library/Python/3.9/lib/python/site-packages/airflow/example_dags/example_short_circuit_decorator.py took 0.078 seconds
[2024-09-06T20:10:58.322-0500] {processor.py:186} INFO - Started process (PID=39688) to work on /Users/binhpham/Library/Python/3.9/lib/python/site-packages/airflow/example_dags/example_short_circuit_decorator.py
[2024-09-06T20:10:58.323-0500] {processor.py:914} INFO - Processing file /Users/binhpham/Library/Python/3.9/lib/python/site-packages/airflow/example_dags/example_short_circuit_decorator.py for tasks to queue
[2024-09-06T20:10:58.324-0500] {logging_mixin.py:190} INFO - [2024-09-06T20:10:58.324-0500] {dagbag.py:587} INFO - Filling up the DagBag from /Users/binhpham/Library/Python/3.9/lib/python/site-packages/airflow/example_dags/example_short_circuit_decorator.py
[2024-09-06T20:10:58.340-0500] {processor.py:925} INFO - DAG(s) 'example_short_circuit_decorator' retrieved from /Users/binhpham/Library/Python/3.9/lib/python/site-packages/airflow/example_dags/example_short_circuit_decorator.py
[2024-09-06T20:10:58.385-0500] {logging_mixin.py:190} INFO - [2024-09-06T20:10:58.385-0500] {dag.py:3229} INFO - Sync 1 DAGs
[2024-09-06T20:10:58.390-0500] {logging_mixin.py:190} INFO - [2024-09-06T20:10:58.390-0500] {dag.py:4156} INFO - Setting next_dagrun for example_short_circuit_decorator to None, run_after=None
[2024-09-06T20:10:58.398-0500] {processor.py:208} INFO - Processing /Users/binhpham/Library/Python/3.9/lib/python/site-packages/airflow/example_dags/example_short_circuit_decorator.py took 0.078 seconds
[2024-09-06T20:12:19.425-0500] {processor.py:186} INFO - Started process (PID=39953) to work on /Users/binhpham/Library/Python/3.9/lib/python/site-packages/airflow/example_dags/example_short_circuit_decorator.py
[2024-09-06T20:12:19.427-0500] {processor.py:914} INFO - Processing file /Users/binhpham/Library/Python/3.9/lib/python/site-packages/airflow/example_dags/example_short_circuit_decorator.py for tasks to queue
[2024-09-06T20:12:19.428-0500] {logging_mixin.py:190} INFO - [2024-09-06T20:12:19.428-0500] {dagbag.py:587} INFO - Filling up the DagBag from /Users/binhpham/Library/Python/3.9/lib/python/site-packages/airflow/example_dags/example_short_circuit_decorator.py
[2024-09-06T20:12:19.443-0500] {processor.py:925} INFO - DAG(s) 'example_short_circuit_decorator' retrieved from /Users/binhpham/Library/Python/3.9/lib/python/site-packages/airflow/example_dags/example_short_circuit_decorator.py
[2024-09-06T20:12:19.487-0500] {logging_mixin.py:190} INFO - [2024-09-06T20:12:19.487-0500] {dag.py:3229} INFO - Sync 1 DAGs
[2024-09-06T20:12:19.492-0500] {logging_mixin.py:190} INFO - [2024-09-06T20:12:19.492-0500] {dag.py:4156} INFO - Setting next_dagrun for example_short_circuit_decorator to None, run_after=None
[2024-09-06T20:12:19.500-0500] {processor.py:208} INFO - Processing /Users/binhpham/Library/Python/3.9/lib/python/site-packages/airflow/example_dags/example_short_circuit_decorator.py took 0.076 seconds
[2024-09-06T20:13:40.973-0500] {processor.py:186} INFO - Started process (PID=40239) to work on /Users/binhpham/Library/Python/3.9/lib/python/site-packages/airflow/example_dags/example_short_circuit_decorator.py
[2024-09-06T20:13:40.975-0500] {processor.py:914} INFO - Processing file /Users/binhpham/Library/Python/3.9/lib/python/site-packages/airflow/example_dags/example_short_circuit_decorator.py for tasks to queue
[2024-09-06T20:13:40.976-0500] {logging_mixin.py:190} INFO - [2024-09-06T20:13:40.976-0500] {dagbag.py:587} INFO - Filling up the DagBag from /Users/binhpham/Library/Python/3.9/lib/python/site-packages/airflow/example_dags/example_short_circuit_decorator.py
[2024-09-06T20:13:40.993-0500] {processor.py:925} INFO - DAG(s) 'example_short_circuit_decorator' retrieved from /Users/binhpham/Library/Python/3.9/lib/python/site-packages/airflow/example_dags/example_short_circuit_decorator.py
[2024-09-06T20:13:41.039-0500] {logging_mixin.py:190} INFO - [2024-09-06T20:13:41.039-0500] {dag.py:3229} INFO - Sync 1 DAGs
[2024-09-06T20:13:41.044-0500] {logging_mixin.py:190} INFO - [2024-09-06T20:13:41.044-0500] {dag.py:4156} INFO - Setting next_dagrun for example_short_circuit_decorator to None, run_after=None
[2024-09-06T20:13:41.051-0500] {processor.py:208} INFO - Processing /Users/binhpham/Library/Python/3.9/lib/python/site-packages/airflow/example_dags/example_short_circuit_decorator.py took 0.079 seconds
[2024-09-06T20:15:35.904-0500] {processor.py:186} INFO - Started process (PID=40641) to work on /Users/binhpham/Library/Python/3.9/lib/python/site-packages/airflow/example_dags/example_short_circuit_decorator.py
[2024-09-06T20:15:35.906-0500] {processor.py:914} INFO - Processing file /Users/binhpham/Library/Python/3.9/lib/python/site-packages/airflow/example_dags/example_short_circuit_decorator.py for tasks to queue
[2024-09-06T20:15:35.907-0500] {logging_mixin.py:190} INFO - [2024-09-06T20:15:35.907-0500] {dagbag.py:587} INFO - Filling up the DagBag from /Users/binhpham/Library/Python/3.9/lib/python/site-packages/airflow/example_dags/example_short_circuit_decorator.py
[2024-09-06T20:15:35.923-0500] {processor.py:925} INFO - DAG(s) 'example_short_circuit_decorator' retrieved from /Users/binhpham/Library/Python/3.9/lib/python/site-packages/airflow/example_dags/example_short_circuit_decorator.py
[2024-09-06T20:15:35.969-0500] {logging_mixin.py:190} INFO - [2024-09-06T20:15:35.969-0500] {dag.py:3229} INFO - Sync 1 DAGs
[2024-09-06T20:15:35.974-0500] {logging_mixin.py:190} INFO - [2024-09-06T20:15:35.974-0500] {dag.py:4156} INFO - Setting next_dagrun for example_short_circuit_decorator to None, run_after=None
[2024-09-06T20:15:35.982-0500] {processor.py:208} INFO - Processing /Users/binhpham/Library/Python/3.9/lib/python/site-packages/airflow/example_dags/example_short_circuit_decorator.py took 0.080 seconds
[2024-09-06T20:22:26.424-0500] {processor.py:186} INFO - Started process (PID=42855) to work on /Users/binhpham/Library/Python/3.9/lib/python/site-packages/airflow/example_dags/example_short_circuit_decorator.py
[2024-09-06T20:22:26.426-0500] {processor.py:914} INFO - Processing file /Users/binhpham/Library/Python/3.9/lib/python/site-packages/airflow/example_dags/example_short_circuit_decorator.py for tasks to queue
[2024-09-06T20:22:26.427-0500] {logging_mixin.py:190} INFO - [2024-09-06T20:22:26.427-0500] {dagbag.py:587} INFO - Filling up the DagBag from /Users/binhpham/Library/Python/3.9/lib/python/site-packages/airflow/example_dags/example_short_circuit_decorator.py
[2024-09-06T20:22:26.444-0500] {processor.py:925} INFO - DAG(s) 'example_short_circuit_decorator' retrieved from /Users/binhpham/Library/Python/3.9/lib/python/site-packages/airflow/example_dags/example_short_circuit_decorator.py
[2024-09-06T20:22:26.489-0500] {logging_mixin.py:190} INFO - [2024-09-06T20:22:26.488-0500] {dag.py:3229} INFO - Sync 1 DAGs
[2024-09-06T20:22:26.493-0500] {logging_mixin.py:190} INFO - [2024-09-06T20:22:26.493-0500] {dag.py:4156} INFO - Setting next_dagrun for example_short_circuit_decorator to None, run_after=None
[2024-09-06T20:22:26.501-0500] {processor.py:208} INFO - Processing /Users/binhpham/Library/Python/3.9/lib/python/site-packages/airflow/example_dags/example_short_circuit_decorator.py took 0.078 seconds
[2024-09-06T20:24:18.381-0500] {processor.py:186} INFO - Started process (PID=43203) to work on /Users/binhpham/Library/Python/3.9/lib/python/site-packages/airflow/example_dags/example_short_circuit_decorator.py
[2024-09-06T20:24:18.384-0500] {processor.py:914} INFO - Processing file /Users/binhpham/Library/Python/3.9/lib/python/site-packages/airflow/example_dags/example_short_circuit_decorator.py for tasks to queue
[2024-09-06T20:24:18.384-0500] {logging_mixin.py:190} INFO - [2024-09-06T20:24:18.384-0500] {dagbag.py:587} INFO - Filling up the DagBag from /Users/binhpham/Library/Python/3.9/lib/python/site-packages/airflow/example_dags/example_short_circuit_decorator.py
[2024-09-06T20:24:18.401-0500] {processor.py:925} INFO - DAG(s) 'example_short_circuit_decorator' retrieved from /Users/binhpham/Library/Python/3.9/lib/python/site-packages/airflow/example_dags/example_short_circuit_decorator.py
[2024-09-06T20:24:18.452-0500] {logging_mixin.py:190} INFO - [2024-09-06T20:24:18.452-0500] {dag.py:3229} INFO - Sync 1 DAGs
[2024-09-06T20:24:18.457-0500] {logging_mixin.py:190} INFO - [2024-09-06T20:24:18.457-0500] {dag.py:4156} INFO - Setting next_dagrun for example_short_circuit_decorator to None, run_after=None
[2024-09-06T20:24:18.464-0500] {processor.py:208} INFO - Processing /Users/binhpham/Library/Python/3.9/lib/python/site-packages/airflow/example_dags/example_short_circuit_decorator.py took 0.085 seconds
[2024-09-06T20:25:40.631-0500] {processor.py:186} INFO - Started process (PID=43460) to work on /Users/binhpham/Library/Python/3.9/lib/python/site-packages/airflow/example_dags/example_short_circuit_decorator.py
[2024-09-06T20:25:40.633-0500] {processor.py:914} INFO - Processing file /Users/binhpham/Library/Python/3.9/lib/python/site-packages/airflow/example_dags/example_short_circuit_decorator.py for tasks to queue
[2024-09-06T20:25:40.634-0500] {logging_mixin.py:190} INFO - [2024-09-06T20:25:40.634-0500] {dagbag.py:587} INFO - Filling up the DagBag from /Users/binhpham/Library/Python/3.9/lib/python/site-packages/airflow/example_dags/example_short_circuit_decorator.py
[2024-09-06T20:25:40.651-0500] {processor.py:925} INFO - DAG(s) 'example_short_circuit_decorator' retrieved from /Users/binhpham/Library/Python/3.9/lib/python/site-packages/airflow/example_dags/example_short_circuit_decorator.py
[2024-09-06T20:25:40.699-0500] {logging_mixin.py:190} INFO - [2024-09-06T20:25:40.699-0500] {dag.py:3229} INFO - Sync 1 DAGs
[2024-09-06T20:25:40.704-0500] {logging_mixin.py:190} INFO - [2024-09-06T20:25:40.704-0500] {dag.py:4156} INFO - Setting next_dagrun for example_short_circuit_decorator to None, run_after=None
[2024-09-06T20:25:40.714-0500] {processor.py:208} INFO - Processing /Users/binhpham/Library/Python/3.9/lib/python/site-packages/airflow/example_dags/example_short_circuit_decorator.py took 0.084 seconds
[2024-09-06T20:27:32.957-0500] {processor.py:186} INFO - Started process (PID=43866) to work on /Users/binhpham/Library/Python/3.9/lib/python/site-packages/airflow/example_dags/example_short_circuit_decorator.py
[2024-09-06T20:27:32.960-0500] {processor.py:914} INFO - Processing file /Users/binhpham/Library/Python/3.9/lib/python/site-packages/airflow/example_dags/example_short_circuit_decorator.py for tasks to queue
[2024-09-06T20:27:32.960-0500] {logging_mixin.py:190} INFO - [2024-09-06T20:27:32.960-0500] {dagbag.py:587} INFO - Filling up the DagBag from /Users/binhpham/Library/Python/3.9/lib/python/site-packages/airflow/example_dags/example_short_circuit_decorator.py
[2024-09-06T20:27:32.976-0500] {processor.py:925} INFO - DAG(s) 'example_short_circuit_decorator' retrieved from /Users/binhpham/Library/Python/3.9/lib/python/site-packages/airflow/example_dags/example_short_circuit_decorator.py
[2024-09-06T20:27:33.019-0500] {logging_mixin.py:190} INFO - [2024-09-06T20:27:33.019-0500] {dag.py:3229} INFO - Sync 1 DAGs
[2024-09-06T20:27:33.023-0500] {logging_mixin.py:190} INFO - [2024-09-06T20:27:33.023-0500] {dag.py:4156} INFO - Setting next_dagrun for example_short_circuit_decorator to None, run_after=None
[2024-09-06T20:27:33.031-0500] {processor.py:208} INFO - Processing /Users/binhpham/Library/Python/3.9/lib/python/site-packages/airflow/example_dags/example_short_circuit_decorator.py took 0.075 seconds
[2024-09-06T20:29:25.235-0500] {processor.py:186} INFO - Started process (PID=44238) to work on /Users/binhpham/Library/Python/3.9/lib/python/site-packages/airflow/example_dags/example_short_circuit_decorator.py
[2024-09-06T20:29:25.237-0500] {processor.py:914} INFO - Processing file /Users/binhpham/Library/Python/3.9/lib/python/site-packages/airflow/example_dags/example_short_circuit_decorator.py for tasks to queue
[2024-09-06T20:29:25.238-0500] {logging_mixin.py:190} INFO - [2024-09-06T20:29:25.237-0500] {dagbag.py:587} INFO - Filling up the DagBag from /Users/binhpham/Library/Python/3.9/lib/python/site-packages/airflow/example_dags/example_short_circuit_decorator.py
[2024-09-06T20:29:25.255-0500] {processor.py:925} INFO - DAG(s) 'example_short_circuit_decorator' retrieved from /Users/binhpham/Library/Python/3.9/lib/python/site-packages/airflow/example_dags/example_short_circuit_decorator.py
[2024-09-06T20:29:25.304-0500] {logging_mixin.py:190} INFO - [2024-09-06T20:29:25.304-0500] {dag.py:3229} INFO - Sync 1 DAGs
[2024-09-06T20:29:25.311-0500] {logging_mixin.py:190} INFO - [2024-09-06T20:29:25.311-0500] {dag.py:4156} INFO - Setting next_dagrun for example_short_circuit_decorator to None, run_after=None
[2024-09-06T20:29:25.321-0500] {processor.py:208} INFO - Processing /Users/binhpham/Library/Python/3.9/lib/python/site-packages/airflow/example_dags/example_short_circuit_decorator.py took 0.087 seconds
[2024-09-06T20:30:45.925-0500] {processor.py:186} INFO - Started process (PID=44500) to work on /Users/binhpham/Library/Python/3.9/lib/python/site-packages/airflow/example_dags/example_short_circuit_decorator.py
[2024-09-06T20:30:45.927-0500] {processor.py:914} INFO - Processing file /Users/binhpham/Library/Python/3.9/lib/python/site-packages/airflow/example_dags/example_short_circuit_decorator.py for tasks to queue
[2024-09-06T20:30:45.927-0500] {logging_mixin.py:190} INFO - [2024-09-06T20:30:45.927-0500] {dagbag.py:587} INFO - Filling up the DagBag from /Users/binhpham/Library/Python/3.9/lib/python/site-packages/airflow/example_dags/example_short_circuit_decorator.py
[2024-09-06T20:30:45.943-0500] {processor.py:925} INFO - DAG(s) 'example_short_circuit_decorator' retrieved from /Users/binhpham/Library/Python/3.9/lib/python/site-packages/airflow/example_dags/example_short_circuit_decorator.py
[2024-09-06T20:30:45.985-0500] {logging_mixin.py:190} INFO - [2024-09-06T20:30:45.985-0500] {dag.py:3229} INFO - Sync 1 DAGs
[2024-09-06T20:30:45.990-0500] {logging_mixin.py:190} INFO - [2024-09-06T20:30:45.990-0500] {dag.py:4156} INFO - Setting next_dagrun for example_short_circuit_decorator to None, run_after=None
[2024-09-06T20:30:45.997-0500] {processor.py:208} INFO - Processing /Users/binhpham/Library/Python/3.9/lib/python/site-packages/airflow/example_dags/example_short_circuit_decorator.py took 0.074 seconds
[2024-09-06T20:32:06.637-0500] {processor.py:186} INFO - Started process (PID=44756) to work on /Users/binhpham/Library/Python/3.9/lib/python/site-packages/airflow/example_dags/example_short_circuit_decorator.py
[2024-09-06T20:32:06.639-0500] {processor.py:914} INFO - Processing file /Users/binhpham/Library/Python/3.9/lib/python/site-packages/airflow/example_dags/example_short_circuit_decorator.py for tasks to queue
[2024-09-06T20:32:06.639-0500] {logging_mixin.py:190} INFO - [2024-09-06T20:32:06.639-0500] {dagbag.py:587} INFO - Filling up the DagBag from /Users/binhpham/Library/Python/3.9/lib/python/site-packages/airflow/example_dags/example_short_circuit_decorator.py
[2024-09-06T20:32:06.656-0500] {processor.py:925} INFO - DAG(s) 'example_short_circuit_decorator' retrieved from /Users/binhpham/Library/Python/3.9/lib/python/site-packages/airflow/example_dags/example_short_circuit_decorator.py
[2024-09-06T20:32:06.703-0500] {logging_mixin.py:190} INFO - [2024-09-06T20:32:06.703-0500] {dag.py:3229} INFO - Sync 1 DAGs
[2024-09-06T20:32:06.708-0500] {logging_mixin.py:190} INFO - [2024-09-06T20:32:06.708-0500] {dag.py:4156} INFO - Setting next_dagrun for example_short_circuit_decorator to None, run_after=None
[2024-09-06T20:32:06.716-0500] {processor.py:208} INFO - Processing /Users/binhpham/Library/Python/3.9/lib/python/site-packages/airflow/example_dags/example_short_circuit_decorator.py took 0.080 seconds
[2024-09-06T20:34:04.597-0500] {processor.py:186} INFO - Started process (PID=45156) to work on /Users/binhpham/Library/Python/3.9/lib/python/site-packages/airflow/example_dags/example_short_circuit_decorator.py
[2024-09-06T20:34:04.599-0500] {processor.py:914} INFO - Processing file /Users/binhpham/Library/Python/3.9/lib/python/site-packages/airflow/example_dags/example_short_circuit_decorator.py for tasks to queue
[2024-09-06T20:34:04.600-0500] {logging_mixin.py:190} INFO - [2024-09-06T20:34:04.600-0500] {dagbag.py:587} INFO - Filling up the DagBag from /Users/binhpham/Library/Python/3.9/lib/python/site-packages/airflow/example_dags/example_short_circuit_decorator.py
[2024-09-06T20:34:04.617-0500] {processor.py:925} INFO - DAG(s) 'example_short_circuit_decorator' retrieved from /Users/binhpham/Library/Python/3.9/lib/python/site-packages/airflow/example_dags/example_short_circuit_decorator.py
[2024-09-06T20:34:04.664-0500] {logging_mixin.py:190} INFO - [2024-09-06T20:34:04.664-0500] {dag.py:3229} INFO - Sync 1 DAGs
[2024-09-06T20:34:04.669-0500] {logging_mixin.py:190} INFO - [2024-09-06T20:34:04.669-0500] {dag.py:4156} INFO - Setting next_dagrun for example_short_circuit_decorator to None, run_after=None
[2024-09-06T20:34:04.676-0500] {processor.py:208} INFO - Processing /Users/binhpham/Library/Python/3.9/lib/python/site-packages/airflow/example_dags/example_short_circuit_decorator.py took 0.081 seconds
[2024-09-06T20:35:56.938-0500] {processor.py:186} INFO - Started process (PID=45523) to work on /Users/binhpham/Library/Python/3.9/lib/python/site-packages/airflow/example_dags/example_short_circuit_decorator.py
[2024-09-06T20:35:56.942-0500] {processor.py:914} INFO - Processing file /Users/binhpham/Library/Python/3.9/lib/python/site-packages/airflow/example_dags/example_short_circuit_decorator.py for tasks to queue
[2024-09-06T20:35:56.942-0500] {logging_mixin.py:190} INFO - [2024-09-06T20:35:56.942-0500] {dagbag.py:587} INFO - Filling up the DagBag from /Users/binhpham/Library/Python/3.9/lib/python/site-packages/airflow/example_dags/example_short_circuit_decorator.py
[2024-09-06T20:35:56.970-0500] {processor.py:925} INFO - DAG(s) 'example_short_circuit_decorator' retrieved from /Users/binhpham/Library/Python/3.9/lib/python/site-packages/airflow/example_dags/example_short_circuit_decorator.py
[2024-09-06T20:35:57.022-0500] {logging_mixin.py:190} INFO - [2024-09-06T20:35:57.022-0500] {dag.py:3229} INFO - Sync 1 DAGs
[2024-09-06T20:35:57.027-0500] {logging_mixin.py:190} INFO - [2024-09-06T20:35:57.027-0500] {dag.py:4156} INFO - Setting next_dagrun for example_short_circuit_decorator to None, run_after=None
[2024-09-06T20:35:57.036-0500] {processor.py:208} INFO - Processing /Users/binhpham/Library/Python/3.9/lib/python/site-packages/airflow/example_dags/example_short_circuit_decorator.py took 0.100 seconds
[2024-09-06T20:37:18.387-0500] {processor.py:186} INFO - Started process (PID=45776) to work on /Users/binhpham/Library/Python/3.9/lib/python/site-packages/airflow/example_dags/example_short_circuit_decorator.py
[2024-09-06T20:37:18.389-0500] {processor.py:914} INFO - Processing file /Users/binhpham/Library/Python/3.9/lib/python/site-packages/airflow/example_dags/example_short_circuit_decorator.py for tasks to queue
[2024-09-06T20:37:18.390-0500] {logging_mixin.py:190} INFO - [2024-09-06T20:37:18.390-0500] {dagbag.py:587} INFO - Filling up the DagBag from /Users/binhpham/Library/Python/3.9/lib/python/site-packages/airflow/example_dags/example_short_circuit_decorator.py
[2024-09-06T20:37:18.405-0500] {processor.py:925} INFO - DAG(s) 'example_short_circuit_decorator' retrieved from /Users/binhpham/Library/Python/3.9/lib/python/site-packages/airflow/example_dags/example_short_circuit_decorator.py
[2024-09-06T20:37:18.448-0500] {logging_mixin.py:190} INFO - [2024-09-06T20:37:18.448-0500] {dag.py:3229} INFO - Sync 1 DAGs
[2024-09-06T20:37:18.452-0500] {logging_mixin.py:190} INFO - [2024-09-06T20:37:18.452-0500] {dag.py:4156} INFO - Setting next_dagrun for example_short_circuit_decorator to None, run_after=None
[2024-09-06T20:37:18.460-0500] {processor.py:208} INFO - Processing /Users/binhpham/Library/Python/3.9/lib/python/site-packages/airflow/example_dags/example_short_circuit_decorator.py took 0.074 seconds
