[2024-09-06T19:44:22.531-0500] {processor.py:186} INFO - Started process (PID=34411) to work on /Users/binhpham/Library/Python/3.9/lib/python/site-packages/airflow/example_dags/example_setup_teardown_taskflow.py
[2024-09-06T19:44:22.533-0500] {processor.py:914} INFO - Processing file /Users/binhpham/Library/Python/3.9/lib/python/site-packages/airflow/example_dags/example_setup_teardown_taskflow.py for tasks to queue
[2024-09-06T19:44:22.533-0500] {logging_mixin.py:190} INFO - [2024-09-06T19:44:22.533-0500] {dagbag.py:587} INFO - Filling up the DagBag from /Users/binhpham/Library/Python/3.9/lib/python/site-packages/airflow/example_dags/example_setup_teardown_taskflow.py
[2024-09-06T19:44:22.550-0500] {processor.py:925} INFO - DAG(s) 'example_setup_teardown_taskflow' retrieved from /Users/binhpham/Library/Python/3.9/lib/python/site-packages/airflow/example_dags/example_setup_teardown_taskflow.py
[2024-09-06T19:44:22.627-0500] {logging_mixin.py:190} INFO - [2024-09-06T19:44:22.627-0500] {override.py:1900} INFO - Created Permission View: can read on DAG:example_setup_teardown_taskflow
[2024-09-06T19:44:22.630-0500] {logging_mixin.py:190} INFO - [2024-09-06T19:44:22.630-0500] {override.py:1900} INFO - Created Permission View: can delete on DAG:example_setup_teardown_taskflow
[2024-09-06T19:44:22.633-0500] {logging_mixin.py:190} INFO - [2024-09-06T19:44:22.633-0500] {override.py:1900} INFO - Created Permission View: can edit on DAG:example_setup_teardown_taskflow
[2024-09-06T19:44:22.636-0500] {logging_mixin.py:190} INFO - [2024-09-06T19:44:22.635-0500] {override.py:1900} INFO - Created Permission View: can read on DAG Run:example_setup_teardown_taskflow
[2024-09-06T19:44:22.638-0500] {logging_mixin.py:190} INFO - [2024-09-06T19:44:22.638-0500] {override.py:1900} INFO - Created Permission View: can delete on DAG Run:example_setup_teardown_taskflow
[2024-09-06T19:44:22.640-0500] {logging_mixin.py:190} INFO - [2024-09-06T19:44:22.640-0500] {override.py:1900} INFO - Created Permission View: menu access on DAG Run:example_setup_teardown_taskflow
[2024-09-06T19:44:22.642-0500] {logging_mixin.py:190} INFO - [2024-09-06T19:44:22.642-0500] {override.py:1900} INFO - Created Permission View: can create on DAG Run:example_setup_teardown_taskflow
[2024-09-06T19:44:22.642-0500] {logging_mixin.py:190} INFO - [2024-09-06T19:44:22.642-0500] {dag.py:3229} INFO - Sync 1 DAGs
[2024-09-06T19:44:22.647-0500] {logging_mixin.py:190} INFO - [2024-09-06T19:44:22.647-0500] {dag.py:3252} INFO - Creating ORM DAG for example_setup_teardown_taskflow
[2024-09-06T19:44:22.647-0500] {logging_mixin.py:190} INFO - [2024-09-06T19:44:22.647-0500] {dag.py:4156} INFO - Setting next_dagrun for example_setup_teardown_taskflow to None, run_after=None
[2024-09-06T19:44:22.684-0500] {processor.py:208} INFO - Processing /Users/binhpham/Library/Python/3.9/lib/python/site-packages/airflow/example_dags/example_setup_teardown_taskflow.py took 0.154 seconds
[2024-09-06T19:45:30.024-0500] {processor.py:186} INFO - Started process (PID=34716) to work on /Users/binhpham/Library/Python/3.9/lib/python/site-packages/airflow/example_dags/example_setup_teardown_taskflow.py
[2024-09-06T19:45:30.026-0500] {processor.py:914} INFO - Processing file /Users/binhpham/Library/Python/3.9/lib/python/site-packages/airflow/example_dags/example_setup_teardown_taskflow.py for tasks to queue
[2024-09-06T19:45:30.027-0500] {logging_mixin.py:190} INFO - [2024-09-06T19:45:30.027-0500] {dagbag.py:587} INFO - Filling up the DagBag from /Users/binhpham/Library/Python/3.9/lib/python/site-packages/airflow/example_dags/example_setup_teardown_taskflow.py
[2024-09-06T19:45:30.044-0500] {processor.py:925} INFO - DAG(s) 'example_setup_teardown_taskflow' retrieved from /Users/binhpham/Library/Python/3.9/lib/python/site-packages/airflow/example_dags/example_setup_teardown_taskflow.py
[2024-09-06T19:45:30.091-0500] {logging_mixin.py:190} INFO - [2024-09-06T19:45:30.090-0500] {dag.py:3229} INFO - Sync 1 DAGs
[2024-09-06T19:45:30.096-0500] {logging_mixin.py:190} INFO - [2024-09-06T19:45:30.096-0500] {dag.py:4156} INFO - Setting next_dagrun for example_setup_teardown_taskflow to None, run_after=None
[2024-09-06T19:45:30.104-0500] {processor.py:208} INFO - Processing /Users/binhpham/Library/Python/3.9/lib/python/site-packages/airflow/example_dags/example_setup_teardown_taskflow.py took 0.082 seconds
[2024-09-06T19:47:51.393-0500] {processor.py:186} INFO - Started process (PID=35293) to work on /Users/binhpham/Library/Python/3.9/lib/python/site-packages/airflow/example_dags/example_setup_teardown_taskflow.py
[2024-09-06T19:47:51.395-0500] {processor.py:914} INFO - Processing file /Users/binhpham/Library/Python/3.9/lib/python/site-packages/airflow/example_dags/example_setup_teardown_taskflow.py for tasks to queue
[2024-09-06T19:47:51.396-0500] {logging_mixin.py:190} INFO - [2024-09-06T19:47:51.395-0500] {dagbag.py:587} INFO - Filling up the DagBag from /Users/binhpham/Library/Python/3.9/lib/python/site-packages/airflow/example_dags/example_setup_teardown_taskflow.py
[2024-09-06T19:47:51.412-0500] {processor.py:925} INFO - DAG(s) 'example_setup_teardown_taskflow' retrieved from /Users/binhpham/Library/Python/3.9/lib/python/site-packages/airflow/example_dags/example_setup_teardown_taskflow.py
[2024-09-06T19:47:51.457-0500] {logging_mixin.py:190} INFO - [2024-09-06T19:47:51.457-0500] {dag.py:3229} INFO - Sync 1 DAGs
[2024-09-06T19:47:51.463-0500] {logging_mixin.py:190} INFO - [2024-09-06T19:47:51.462-0500] {dag.py:4156} INFO - Setting next_dagrun for example_setup_teardown_taskflow to None, run_after=None
[2024-09-06T19:47:51.472-0500] {processor.py:208} INFO - Processing /Users/binhpham/Library/Python/3.9/lib/python/site-packages/airflow/example_dags/example_setup_teardown_taskflow.py took 0.080 seconds
[2024-09-06T19:49:42.729-0500] {processor.py:186} INFO - Started process (PID=35641) to work on /Users/binhpham/Library/Python/3.9/lib/python/site-packages/airflow/example_dags/example_setup_teardown_taskflow.py
[2024-09-06T19:49:42.730-0500] {processor.py:914} INFO - Processing file /Users/binhpham/Library/Python/3.9/lib/python/site-packages/airflow/example_dags/example_setup_teardown_taskflow.py for tasks to queue
[2024-09-06T19:49:42.731-0500] {logging_mixin.py:190} INFO - [2024-09-06T19:49:42.731-0500] {dagbag.py:587} INFO - Filling up the DagBag from /Users/binhpham/Library/Python/3.9/lib/python/site-packages/airflow/example_dags/example_setup_teardown_taskflow.py
[2024-09-06T19:49:42.747-0500] {processor.py:925} INFO - DAG(s) 'example_setup_teardown_taskflow' retrieved from /Users/binhpham/Library/Python/3.9/lib/python/site-packages/airflow/example_dags/example_setup_teardown_taskflow.py
[2024-09-06T19:49:42.790-0500] {logging_mixin.py:190} INFO - [2024-09-06T19:49:42.790-0500] {dag.py:3229} INFO - Sync 1 DAGs
[2024-09-06T19:49:42.795-0500] {logging_mixin.py:190} INFO - [2024-09-06T19:49:42.795-0500] {dag.py:4156} INFO - Setting next_dagrun for example_setup_teardown_taskflow to None, run_after=None
[2024-09-06T19:49:42.803-0500] {processor.py:208} INFO - Processing /Users/binhpham/Library/Python/3.9/lib/python/site-packages/airflow/example_dags/example_setup_teardown_taskflow.py took 0.076 seconds
[2024-09-06T19:51:04.755-0500] {processor.py:186} INFO - Started process (PID=35906) to work on /Users/binhpham/Library/Python/3.9/lib/python/site-packages/airflow/example_dags/example_setup_teardown_taskflow.py
[2024-09-06T19:51:04.757-0500] {processor.py:914} INFO - Processing file /Users/binhpham/Library/Python/3.9/lib/python/site-packages/airflow/example_dags/example_setup_teardown_taskflow.py for tasks to queue
[2024-09-06T19:51:04.757-0500] {logging_mixin.py:190} INFO - [2024-09-06T19:51:04.757-0500] {dagbag.py:587} INFO - Filling up the DagBag from /Users/binhpham/Library/Python/3.9/lib/python/site-packages/airflow/example_dags/example_setup_teardown_taskflow.py
[2024-09-06T19:51:04.772-0500] {processor.py:925} INFO - DAG(s) 'example_setup_teardown_taskflow' retrieved from /Users/binhpham/Library/Python/3.9/lib/python/site-packages/airflow/example_dags/example_setup_teardown_taskflow.py
[2024-09-06T19:51:04.814-0500] {logging_mixin.py:190} INFO - [2024-09-06T19:51:04.814-0500] {dag.py:3229} INFO - Sync 1 DAGs
[2024-09-06T19:51:04.819-0500] {logging_mixin.py:190} INFO - [2024-09-06T19:51:04.819-0500] {dag.py:4156} INFO - Setting next_dagrun for example_setup_teardown_taskflow to None, run_after=None
[2024-09-06T19:51:04.826-0500] {processor.py:208} INFO - Processing /Users/binhpham/Library/Python/3.9/lib/python/site-packages/airflow/example_dags/example_setup_teardown_taskflow.py took 0.073 seconds
[2024-09-06T19:52:25.460-0500] {processor.py:186} INFO - Started process (PID=36157) to work on /Users/binhpham/Library/Python/3.9/lib/python/site-packages/airflow/example_dags/example_setup_teardown_taskflow.py
[2024-09-06T19:52:25.461-0500] {processor.py:914} INFO - Processing file /Users/binhpham/Library/Python/3.9/lib/python/site-packages/airflow/example_dags/example_setup_teardown_taskflow.py for tasks to queue
[2024-09-06T19:52:25.462-0500] {logging_mixin.py:190} INFO - [2024-09-06T19:52:25.462-0500] {dagbag.py:587} INFO - Filling up the DagBag from /Users/binhpham/Library/Python/3.9/lib/python/site-packages/airflow/example_dags/example_setup_teardown_taskflow.py
[2024-09-06T19:52:25.478-0500] {processor.py:925} INFO - DAG(s) 'example_setup_teardown_taskflow' retrieved from /Users/binhpham/Library/Python/3.9/lib/python/site-packages/airflow/example_dags/example_setup_teardown_taskflow.py
[2024-09-06T19:52:25.521-0500] {logging_mixin.py:190} INFO - [2024-09-06T19:52:25.521-0500] {dag.py:3229} INFO - Sync 1 DAGs
[2024-09-06T19:52:25.526-0500] {logging_mixin.py:190} INFO - [2024-09-06T19:52:25.526-0500] {dag.py:4156} INFO - Setting next_dagrun for example_setup_teardown_taskflow to None, run_after=None
[2024-09-06T19:52:25.534-0500] {processor.py:208} INFO - Processing /Users/binhpham/Library/Python/3.9/lib/python/site-packages/airflow/example_dags/example_setup_teardown_taskflow.py took 0.075 seconds
[2024-09-06T19:54:14.266-0500] {processor.py:186} INFO - Started process (PID=36550) to work on /Users/binhpham/Library/Python/3.9/lib/python/site-packages/airflow/example_dags/example_setup_teardown_taskflow.py
[2024-09-06T19:54:14.268-0500] {processor.py:914} INFO - Processing file /Users/binhpham/Library/Python/3.9/lib/python/site-packages/airflow/example_dags/example_setup_teardown_taskflow.py for tasks to queue
[2024-09-06T19:54:14.268-0500] {logging_mixin.py:190} INFO - [2024-09-06T19:54:14.268-0500] {dagbag.py:587} INFO - Filling up the DagBag from /Users/binhpham/Library/Python/3.9/lib/python/site-packages/airflow/example_dags/example_setup_teardown_taskflow.py
[2024-09-06T19:54:14.285-0500] {processor.py:925} INFO - DAG(s) 'example_setup_teardown_taskflow' retrieved from /Users/binhpham/Library/Python/3.9/lib/python/site-packages/airflow/example_dags/example_setup_teardown_taskflow.py
[2024-09-06T19:54:14.329-0500] {logging_mixin.py:190} INFO - [2024-09-06T19:54:14.329-0500] {dag.py:3229} INFO - Sync 1 DAGs
[2024-09-06T19:54:14.334-0500] {logging_mixin.py:190} INFO - [2024-09-06T19:54:14.334-0500] {dag.py:4156} INFO - Setting next_dagrun for example_setup_teardown_taskflow to None, run_after=None
[2024-09-06T19:54:14.342-0500] {processor.py:208} INFO - Processing /Users/binhpham/Library/Python/3.9/lib/python/site-packages/airflow/example_dags/example_setup_teardown_taskflow.py took 0.078 seconds
[2024-09-06T19:56:05.570-0500] {processor.py:186} INFO - Started process (PID=36918) to work on /Users/binhpham/Library/Python/3.9/lib/python/site-packages/airflow/example_dags/example_setup_teardown_taskflow.py
[2024-09-06T19:56:05.572-0500] {processor.py:914} INFO - Processing file /Users/binhpham/Library/Python/3.9/lib/python/site-packages/airflow/example_dags/example_setup_teardown_taskflow.py for tasks to queue
[2024-09-06T19:56:05.573-0500] {logging_mixin.py:190} INFO - [2024-09-06T19:56:05.572-0500] {dagbag.py:587} INFO - Filling up the DagBag from /Users/binhpham/Library/Python/3.9/lib/python/site-packages/airflow/example_dags/example_setup_teardown_taskflow.py
[2024-09-06T19:56:05.588-0500] {processor.py:925} INFO - DAG(s) 'example_setup_teardown_taskflow' retrieved from /Users/binhpham/Library/Python/3.9/lib/python/site-packages/airflow/example_dags/example_setup_teardown_taskflow.py
[2024-09-06T19:56:05.634-0500] {logging_mixin.py:190} INFO - [2024-09-06T19:56:05.634-0500] {dag.py:3229} INFO - Sync 1 DAGs
[2024-09-06T19:56:05.639-0500] {logging_mixin.py:190} INFO - [2024-09-06T19:56:05.639-0500] {dag.py:4156} INFO - Setting next_dagrun for example_setup_teardown_taskflow to None, run_after=None
[2024-09-06T19:56:05.646-0500] {processor.py:208} INFO - Processing /Users/binhpham/Library/Python/3.9/lib/python/site-packages/airflow/example_dags/example_setup_teardown_taskflow.py took 0.078 seconds
[2024-09-06T19:57:28.129-0500] {processor.py:186} INFO - Started process (PID=37168) to work on /Users/binhpham/Library/Python/3.9/lib/python/site-packages/airflow/example_dags/example_setup_teardown_taskflow.py
[2024-09-06T19:57:28.131-0500] {processor.py:914} INFO - Processing file /Users/binhpham/Library/Python/3.9/lib/python/site-packages/airflow/example_dags/example_setup_teardown_taskflow.py for tasks to queue
[2024-09-06T19:57:28.131-0500] {logging_mixin.py:190} INFO - [2024-09-06T19:57:28.131-0500] {dagbag.py:587} INFO - Filling up the DagBag from /Users/binhpham/Library/Python/3.9/lib/python/site-packages/airflow/example_dags/example_setup_teardown_taskflow.py
[2024-09-06T19:57:28.147-0500] {processor.py:925} INFO - DAG(s) 'example_setup_teardown_taskflow' retrieved from /Users/binhpham/Library/Python/3.9/lib/python/site-packages/airflow/example_dags/example_setup_teardown_taskflow.py
[2024-09-06T19:57:28.189-0500] {logging_mixin.py:190} INFO - [2024-09-06T19:57:28.189-0500] {dag.py:3229} INFO - Sync 1 DAGs
[2024-09-06T19:57:28.194-0500] {logging_mixin.py:190} INFO - [2024-09-06T19:57:28.194-0500] {dag.py:4156} INFO - Setting next_dagrun for example_setup_teardown_taskflow to None, run_after=None
[2024-09-06T19:57:28.201-0500] {processor.py:208} INFO - Processing /Users/binhpham/Library/Python/3.9/lib/python/site-packages/airflow/example_dags/example_setup_teardown_taskflow.py took 0.074 seconds
[2024-09-06T19:58:50.171-0500] {processor.py:186} INFO - Started process (PID=37421) to work on /Users/binhpham/Library/Python/3.9/lib/python/site-packages/airflow/example_dags/example_setup_teardown_taskflow.py
[2024-09-06T19:58:50.173-0500] {processor.py:914} INFO - Processing file /Users/binhpham/Library/Python/3.9/lib/python/site-packages/airflow/example_dags/example_setup_teardown_taskflow.py for tasks to queue
[2024-09-06T19:58:50.174-0500] {logging_mixin.py:190} INFO - [2024-09-06T19:58:50.174-0500] {dagbag.py:587} INFO - Filling up the DagBag from /Users/binhpham/Library/Python/3.9/lib/python/site-packages/airflow/example_dags/example_setup_teardown_taskflow.py
[2024-09-06T19:58:50.190-0500] {processor.py:925} INFO - DAG(s) 'example_setup_teardown_taskflow' retrieved from /Users/binhpham/Library/Python/3.9/lib/python/site-packages/airflow/example_dags/example_setup_teardown_taskflow.py
[2024-09-06T19:58:50.232-0500] {logging_mixin.py:190} INFO - [2024-09-06T19:58:50.231-0500] {dag.py:3229} INFO - Sync 1 DAGs
[2024-09-06T19:58:50.236-0500] {logging_mixin.py:190} INFO - [2024-09-06T19:58:50.236-0500] {dag.py:4156} INFO - Setting next_dagrun for example_setup_teardown_taskflow to None, run_after=None
[2024-09-06T19:58:50.243-0500] {processor.py:208} INFO - Processing /Users/binhpham/Library/Python/3.9/lib/python/site-packages/airflow/example_dags/example_setup_teardown_taskflow.py took 0.074 seconds
[2024-09-06T20:00:11.608-0500] {processor.py:186} INFO - Started process (PID=37677) to work on /Users/binhpham/Library/Python/3.9/lib/python/site-packages/airflow/example_dags/example_setup_teardown_taskflow.py
[2024-09-06T20:00:11.611-0500] {processor.py:914} INFO - Processing file /Users/binhpham/Library/Python/3.9/lib/python/site-packages/airflow/example_dags/example_setup_teardown_taskflow.py for tasks to queue
[2024-09-06T20:00:11.611-0500] {logging_mixin.py:190} INFO - [2024-09-06T20:00:11.611-0500] {dagbag.py:587} INFO - Filling up the DagBag from /Users/binhpham/Library/Python/3.9/lib/python/site-packages/airflow/example_dags/example_setup_teardown_taskflow.py
[2024-09-06T20:00:11.630-0500] {processor.py:925} INFO - DAG(s) 'example_setup_teardown_taskflow' retrieved from /Users/binhpham/Library/Python/3.9/lib/python/site-packages/airflow/example_dags/example_setup_teardown_taskflow.py
[2024-09-06T20:00:11.678-0500] {logging_mixin.py:190} INFO - [2024-09-06T20:00:11.678-0500] {dag.py:3229} INFO - Sync 1 DAGs
[2024-09-06T20:00:11.683-0500] {logging_mixin.py:190} INFO - [2024-09-06T20:00:11.683-0500] {dag.py:4156} INFO - Setting next_dagrun for example_setup_teardown_taskflow to None, run_after=None
[2024-09-06T20:00:11.691-0500] {processor.py:208} INFO - Processing /Users/binhpham/Library/Python/3.9/lib/python/site-packages/airflow/example_dags/example_setup_teardown_taskflow.py took 0.084 seconds
[2024-09-06T20:01:32.286-0500] {processor.py:186} INFO - Started process (PID=37927) to work on /Users/binhpham/Library/Python/3.9/lib/python/site-packages/airflow/example_dags/example_setup_teardown_taskflow.py
[2024-09-06T20:01:32.287-0500] {processor.py:914} INFO - Processing file /Users/binhpham/Library/Python/3.9/lib/python/site-packages/airflow/example_dags/example_setup_teardown_taskflow.py for tasks to queue
[2024-09-06T20:01:32.288-0500] {logging_mixin.py:190} INFO - [2024-09-06T20:01:32.288-0500] {dagbag.py:587} INFO - Filling up the DagBag from /Users/binhpham/Library/Python/3.9/lib/python/site-packages/airflow/example_dags/example_setup_teardown_taskflow.py
[2024-09-06T20:01:32.304-0500] {processor.py:925} INFO - DAG(s) 'example_setup_teardown_taskflow' retrieved from /Users/binhpham/Library/Python/3.9/lib/python/site-packages/airflow/example_dags/example_setup_teardown_taskflow.py
[2024-09-06T20:01:32.349-0500] {logging_mixin.py:190} INFO - [2024-09-06T20:01:32.349-0500] {dag.py:3229} INFO - Sync 1 DAGs
[2024-09-06T20:01:32.354-0500] {logging_mixin.py:190} INFO - [2024-09-06T20:01:32.354-0500] {dag.py:4156} INFO - Setting next_dagrun for example_setup_teardown_taskflow to None, run_after=None
[2024-09-06T20:01:32.362-0500] {processor.py:208} INFO - Processing /Users/binhpham/Library/Python/3.9/lib/python/site-packages/airflow/example_dags/example_setup_teardown_taskflow.py took 0.077 seconds
[2024-09-06T20:02:53.824-0500] {processor.py:186} INFO - Started process (PID=38174) to work on /Users/binhpham/Library/Python/3.9/lib/python/site-packages/airflow/example_dags/example_setup_teardown_taskflow.py
[2024-09-06T20:02:53.826-0500] {processor.py:914} INFO - Processing file /Users/binhpham/Library/Python/3.9/lib/python/site-packages/airflow/example_dags/example_setup_teardown_taskflow.py for tasks to queue
[2024-09-06T20:02:53.827-0500] {logging_mixin.py:190} INFO - [2024-09-06T20:02:53.827-0500] {dagbag.py:587} INFO - Filling up the DagBag from /Users/binhpham/Library/Python/3.9/lib/python/site-packages/airflow/example_dags/example_setup_teardown_taskflow.py
[2024-09-06T20:02:53.844-0500] {processor.py:925} INFO - DAG(s) 'example_setup_teardown_taskflow' retrieved from /Users/binhpham/Library/Python/3.9/lib/python/site-packages/airflow/example_dags/example_setup_teardown_taskflow.py
[2024-09-06T20:02:53.892-0500] {logging_mixin.py:190} INFO - [2024-09-06T20:02:53.892-0500] {dag.py:3229} INFO - Sync 1 DAGs
[2024-09-06T20:02:53.897-0500] {logging_mixin.py:190} INFO - [2024-09-06T20:02:53.897-0500] {dag.py:4156} INFO - Setting next_dagrun for example_setup_teardown_taskflow to None, run_after=None
[2024-09-06T20:02:53.904-0500] {processor.py:208} INFO - Processing /Users/binhpham/Library/Python/3.9/lib/python/site-packages/airflow/example_dags/example_setup_teardown_taskflow.py took 0.082 seconds
[2024-09-06T20:04:13.363-0500] {processor.py:186} INFO - Started process (PID=38421) to work on /Users/binhpham/Library/Python/3.9/lib/python/site-packages/airflow/example_dags/example_setup_teardown_taskflow.py
[2024-09-06T20:04:13.365-0500] {processor.py:914} INFO - Processing file /Users/binhpham/Library/Python/3.9/lib/python/site-packages/airflow/example_dags/example_setup_teardown_taskflow.py for tasks to queue
[2024-09-06T20:04:13.365-0500] {logging_mixin.py:190} INFO - [2024-09-06T20:04:13.365-0500] {dagbag.py:587} INFO - Filling up the DagBag from /Users/binhpham/Library/Python/3.9/lib/python/site-packages/airflow/example_dags/example_setup_teardown_taskflow.py
[2024-09-06T20:04:13.380-0500] {processor.py:925} INFO - DAG(s) 'example_setup_teardown_taskflow' retrieved from /Users/binhpham/Library/Python/3.9/lib/python/site-packages/airflow/example_dags/example_setup_teardown_taskflow.py
[2024-09-06T20:04:13.425-0500] {logging_mixin.py:190} INFO - [2024-09-06T20:04:13.425-0500] {dag.py:3229} INFO - Sync 1 DAGs
[2024-09-06T20:04:13.430-0500] {logging_mixin.py:190} INFO - [2024-09-06T20:04:13.430-0500] {dag.py:4156} INFO - Setting next_dagrun for example_setup_teardown_taskflow to None, run_after=None
[2024-09-06T20:04:13.437-0500] {processor.py:208} INFO - Processing /Users/binhpham/Library/Python/3.9/lib/python/site-packages/airflow/example_dags/example_setup_teardown_taskflow.py took 0.075 seconds
[2024-09-06T20:05:31.929-0500] {processor.py:186} INFO - Started process (PID=38659) to work on /Users/binhpham/Library/Python/3.9/lib/python/site-packages/airflow/example_dags/example_setup_teardown_taskflow.py
[2024-09-06T20:05:31.931-0500] {processor.py:914} INFO - Processing file /Users/binhpham/Library/Python/3.9/lib/python/site-packages/airflow/example_dags/example_setup_teardown_taskflow.py for tasks to queue
[2024-09-06T20:05:31.932-0500] {logging_mixin.py:190} INFO - [2024-09-06T20:05:31.932-0500] {dagbag.py:587} INFO - Filling up the DagBag from /Users/binhpham/Library/Python/3.9/lib/python/site-packages/airflow/example_dags/example_setup_teardown_taskflow.py
[2024-09-06T20:05:31.947-0500] {processor.py:925} INFO - DAG(s) 'example_setup_teardown_taskflow' retrieved from /Users/binhpham/Library/Python/3.9/lib/python/site-packages/airflow/example_dags/example_setup_teardown_taskflow.py
[2024-09-06T20:05:31.991-0500] {logging_mixin.py:190} INFO - [2024-09-06T20:05:31.991-0500] {dag.py:3229} INFO - Sync 1 DAGs
[2024-09-06T20:05:31.995-0500] {logging_mixin.py:190} INFO - [2024-09-06T20:05:31.995-0500] {dag.py:4156} INFO - Setting next_dagrun for example_setup_teardown_taskflow to None, run_after=None
[2024-09-06T20:05:32.003-0500] {processor.py:208} INFO - Processing /Users/binhpham/Library/Python/3.9/lib/python/site-packages/airflow/example_dags/example_setup_teardown_taskflow.py took 0.075 seconds
[2024-09-06T20:06:53.644-0500] {processor.py:186} INFO - Started process (PID=38911) to work on /Users/binhpham/Library/Python/3.9/lib/python/site-packages/airflow/example_dags/example_setup_teardown_taskflow.py
[2024-09-06T20:06:53.646-0500] {processor.py:914} INFO - Processing file /Users/binhpham/Library/Python/3.9/lib/python/site-packages/airflow/example_dags/example_setup_teardown_taskflow.py for tasks to queue
[2024-09-06T20:06:53.646-0500] {logging_mixin.py:190} INFO - [2024-09-06T20:06:53.646-0500] {dagbag.py:587} INFO - Filling up the DagBag from /Users/binhpham/Library/Python/3.9/lib/python/site-packages/airflow/example_dags/example_setup_teardown_taskflow.py
[2024-09-06T20:06:53.663-0500] {processor.py:925} INFO - DAG(s) 'example_setup_teardown_taskflow' retrieved from /Users/binhpham/Library/Python/3.9/lib/python/site-packages/airflow/example_dags/example_setup_teardown_taskflow.py
[2024-09-06T20:06:53.705-0500] {logging_mixin.py:190} INFO - [2024-09-06T20:06:53.705-0500] {dag.py:3229} INFO - Sync 1 DAGs
[2024-09-06T20:06:53.710-0500] {logging_mixin.py:190} INFO - [2024-09-06T20:06:53.710-0500] {dag.py:4156} INFO - Setting next_dagrun for example_setup_teardown_taskflow to None, run_after=None
[2024-09-06T20:06:53.718-0500] {processor.py:208} INFO - Processing /Users/binhpham/Library/Python/3.9/lib/python/site-packages/airflow/example_dags/example_setup_teardown_taskflow.py took 0.076 seconds
[2024-09-06T20:08:13.918-0500] {processor.py:186} INFO - Started process (PID=39150) to work on /Users/binhpham/Library/Python/3.9/lib/python/site-packages/airflow/example_dags/example_setup_teardown_taskflow.py
[2024-09-06T20:08:13.919-0500] {processor.py:914} INFO - Processing file /Users/binhpham/Library/Python/3.9/lib/python/site-packages/airflow/example_dags/example_setup_teardown_taskflow.py for tasks to queue
[2024-09-06T20:08:13.920-0500] {logging_mixin.py:190} INFO - [2024-09-06T20:08:13.920-0500] {dagbag.py:587} INFO - Filling up the DagBag from /Users/binhpham/Library/Python/3.9/lib/python/site-packages/airflow/example_dags/example_setup_teardown_taskflow.py
[2024-09-06T20:08:13.936-0500] {processor.py:925} INFO - DAG(s) 'example_setup_teardown_taskflow' retrieved from /Users/binhpham/Library/Python/3.9/lib/python/site-packages/airflow/example_dags/example_setup_teardown_taskflow.py
[2024-09-06T20:08:13.982-0500] {logging_mixin.py:190} INFO - [2024-09-06T20:08:13.981-0500] {dag.py:3229} INFO - Sync 1 DAGs
[2024-09-06T20:08:13.986-0500] {logging_mixin.py:190} INFO - [2024-09-06T20:08:13.986-0500] {dag.py:4156} INFO - Setting next_dagrun for example_setup_teardown_taskflow to None, run_after=None
[2024-09-06T20:08:13.994-0500] {processor.py:208} INFO - Processing /Users/binhpham/Library/Python/3.9/lib/python/site-packages/airflow/example_dags/example_setup_teardown_taskflow.py took 0.077 seconds
[2024-09-06T20:09:35.687-0500] {processor.py:186} INFO - Started process (PID=39413) to work on /Users/binhpham/Library/Python/3.9/lib/python/site-packages/airflow/example_dags/example_setup_teardown_taskflow.py
[2024-09-06T20:09:35.689-0500] {processor.py:914} INFO - Processing file /Users/binhpham/Library/Python/3.9/lib/python/site-packages/airflow/example_dags/example_setup_teardown_taskflow.py for tasks to queue
[2024-09-06T20:09:35.690-0500] {logging_mixin.py:190} INFO - [2024-09-06T20:09:35.690-0500] {dagbag.py:587} INFO - Filling up the DagBag from /Users/binhpham/Library/Python/3.9/lib/python/site-packages/airflow/example_dags/example_setup_teardown_taskflow.py
[2024-09-06T20:09:35.707-0500] {processor.py:925} INFO - DAG(s) 'example_setup_teardown_taskflow' retrieved from /Users/binhpham/Library/Python/3.9/lib/python/site-packages/airflow/example_dags/example_setup_teardown_taskflow.py
[2024-09-06T20:09:35.755-0500] {logging_mixin.py:190} INFO - [2024-09-06T20:09:35.755-0500] {dag.py:3229} INFO - Sync 1 DAGs
[2024-09-06T20:09:35.760-0500] {logging_mixin.py:190} INFO - [2024-09-06T20:09:35.760-0500] {dag.py:4156} INFO - Setting next_dagrun for example_setup_teardown_taskflow to None, run_after=None
[2024-09-06T20:09:35.768-0500] {processor.py:208} INFO - Processing /Users/binhpham/Library/Python/3.9/lib/python/site-packages/airflow/example_dags/example_setup_teardown_taskflow.py took 0.083 seconds
[2024-09-06T20:10:59.897-0500] {processor.py:186} INFO - Started process (PID=39689) to work on /Users/binhpham/Library/Python/3.9/lib/python/site-packages/airflow/example_dags/example_setup_teardown_taskflow.py
[2024-09-06T20:10:59.899-0500] {processor.py:914} INFO - Processing file /Users/binhpham/Library/Python/3.9/lib/python/site-packages/airflow/example_dags/example_setup_teardown_taskflow.py for tasks to queue
[2024-09-06T20:10:59.899-0500] {logging_mixin.py:190} INFO - [2024-09-06T20:10:59.899-0500] {dagbag.py:587} INFO - Filling up the DagBag from /Users/binhpham/Library/Python/3.9/lib/python/site-packages/airflow/example_dags/example_setup_teardown_taskflow.py
[2024-09-06T20:10:59.915-0500] {processor.py:925} INFO - DAG(s) 'example_setup_teardown_taskflow' retrieved from /Users/binhpham/Library/Python/3.9/lib/python/site-packages/airflow/example_dags/example_setup_teardown_taskflow.py
[2024-09-06T20:10:59.958-0500] {logging_mixin.py:190} INFO - [2024-09-06T20:10:59.957-0500] {dag.py:3229} INFO - Sync 1 DAGs
[2024-09-06T20:10:59.962-0500] {logging_mixin.py:190} INFO - [2024-09-06T20:10:59.962-0500] {dag.py:4156} INFO - Setting next_dagrun for example_setup_teardown_taskflow to None, run_after=None
[2024-09-06T20:10:59.969-0500] {processor.py:208} INFO - Processing /Users/binhpham/Library/Python/3.9/lib/python/site-packages/airflow/example_dags/example_setup_teardown_taskflow.py took 0.074 seconds
[2024-09-06T20:12:21.553-0500] {processor.py:186} INFO - Started process (PID=39959) to work on /Users/binhpham/Library/Python/3.9/lib/python/site-packages/airflow/example_dags/example_setup_teardown_taskflow.py
[2024-09-06T20:12:21.555-0500] {processor.py:914} INFO - Processing file /Users/binhpham/Library/Python/3.9/lib/python/site-packages/airflow/example_dags/example_setup_teardown_taskflow.py for tasks to queue
[2024-09-06T20:12:21.556-0500] {logging_mixin.py:190} INFO - [2024-09-06T20:12:21.556-0500] {dagbag.py:587} INFO - Filling up the DagBag from /Users/binhpham/Library/Python/3.9/lib/python/site-packages/airflow/example_dags/example_setup_teardown_taskflow.py
[2024-09-06T20:12:21.572-0500] {processor.py:925} INFO - DAG(s) 'example_setup_teardown_taskflow' retrieved from /Users/binhpham/Library/Python/3.9/lib/python/site-packages/airflow/example_dags/example_setup_teardown_taskflow.py
[2024-09-06T20:12:21.619-0500] {logging_mixin.py:190} INFO - [2024-09-06T20:12:21.619-0500] {dag.py:3229} INFO - Sync 1 DAGs
[2024-09-06T20:12:21.625-0500] {logging_mixin.py:190} INFO - [2024-09-06T20:12:21.625-0500] {dag.py:4156} INFO - Setting next_dagrun for example_setup_teardown_taskflow to None, run_after=None
[2024-09-06T20:12:21.633-0500] {processor.py:208} INFO - Processing /Users/binhpham/Library/Python/3.9/lib/python/site-packages/airflow/example_dags/example_setup_teardown_taskflow.py took 0.082 seconds
[2024-09-06T20:13:43.126-0500] {processor.py:186} INFO - Started process (PID=40245) to work on /Users/binhpham/Library/Python/3.9/lib/python/site-packages/airflow/example_dags/example_setup_teardown_taskflow.py
[2024-09-06T20:13:43.129-0500] {processor.py:914} INFO - Processing file /Users/binhpham/Library/Python/3.9/lib/python/site-packages/airflow/example_dags/example_setup_teardown_taskflow.py for tasks to queue
[2024-09-06T20:13:43.129-0500] {logging_mixin.py:190} INFO - [2024-09-06T20:13:43.129-0500] {dagbag.py:587} INFO - Filling up the DagBag from /Users/binhpham/Library/Python/3.9/lib/python/site-packages/airflow/example_dags/example_setup_teardown_taskflow.py
[2024-09-06T20:13:43.144-0500] {processor.py:925} INFO - DAG(s) 'example_setup_teardown_taskflow' retrieved from /Users/binhpham/Library/Python/3.9/lib/python/site-packages/airflow/example_dags/example_setup_teardown_taskflow.py
[2024-09-06T20:13:43.186-0500] {logging_mixin.py:190} INFO - [2024-09-06T20:13:43.186-0500] {dag.py:3229} INFO - Sync 1 DAGs
[2024-09-06T20:13:43.191-0500] {logging_mixin.py:190} INFO - [2024-09-06T20:13:43.191-0500] {dag.py:4156} INFO - Setting next_dagrun for example_setup_teardown_taskflow to None, run_after=None
[2024-09-06T20:13:43.198-0500] {processor.py:208} INFO - Processing /Users/binhpham/Library/Python/3.9/lib/python/site-packages/airflow/example_dags/example_setup_teardown_taskflow.py took 0.073 seconds
[2024-09-06T20:15:37.347-0500] {processor.py:186} INFO - Started process (PID=40647) to work on /Users/binhpham/Library/Python/3.9/lib/python/site-packages/airflow/example_dags/example_setup_teardown_taskflow.py
[2024-09-06T20:15:37.350-0500] {processor.py:914} INFO - Processing file /Users/binhpham/Library/Python/3.9/lib/python/site-packages/airflow/example_dags/example_setup_teardown_taskflow.py for tasks to queue
[2024-09-06T20:15:37.350-0500] {logging_mixin.py:190} INFO - [2024-09-06T20:15:37.350-0500] {dagbag.py:587} INFO - Filling up the DagBag from /Users/binhpham/Library/Python/3.9/lib/python/site-packages/airflow/example_dags/example_setup_teardown_taskflow.py
[2024-09-06T20:15:37.366-0500] {processor.py:925} INFO - DAG(s) 'example_setup_teardown_taskflow' retrieved from /Users/binhpham/Library/Python/3.9/lib/python/site-packages/airflow/example_dags/example_setup_teardown_taskflow.py
[2024-09-06T20:15:37.413-0500] {logging_mixin.py:190} INFO - [2024-09-06T20:15:37.413-0500] {dag.py:3229} INFO - Sync 1 DAGs
[2024-09-06T20:15:37.418-0500] {logging_mixin.py:190} INFO - [2024-09-06T20:15:37.418-0500] {dag.py:4156} INFO - Setting next_dagrun for example_setup_teardown_taskflow to None, run_after=None
[2024-09-06T20:15:37.427-0500] {processor.py:208} INFO - Processing /Users/binhpham/Library/Python/3.9/lib/python/site-packages/airflow/example_dags/example_setup_teardown_taskflow.py took 0.081 seconds
[2024-09-06T20:22:27.916-0500] {processor.py:186} INFO - Started process (PID=42856) to work on /Users/binhpham/Library/Python/3.9/lib/python/site-packages/airflow/example_dags/example_setup_teardown_taskflow.py
[2024-09-06T20:22:27.919-0500] {processor.py:914} INFO - Processing file /Users/binhpham/Library/Python/3.9/lib/python/site-packages/airflow/example_dags/example_setup_teardown_taskflow.py for tasks to queue
[2024-09-06T20:22:27.919-0500] {logging_mixin.py:190} INFO - [2024-09-06T20:22:27.919-0500] {dagbag.py:587} INFO - Filling up the DagBag from /Users/binhpham/Library/Python/3.9/lib/python/site-packages/airflow/example_dags/example_setup_teardown_taskflow.py
[2024-09-06T20:22:27.937-0500] {processor.py:925} INFO - DAG(s) 'example_setup_teardown_taskflow' retrieved from /Users/binhpham/Library/Python/3.9/lib/python/site-packages/airflow/example_dags/example_setup_teardown_taskflow.py
[2024-09-06T20:22:27.984-0500] {logging_mixin.py:190} INFO - [2024-09-06T20:22:27.984-0500] {dag.py:3229} INFO - Sync 1 DAGs
[2024-09-06T20:22:27.989-0500] {logging_mixin.py:190} INFO - [2024-09-06T20:22:27.989-0500] {dag.py:4156} INFO - Setting next_dagrun for example_setup_teardown_taskflow to None, run_after=None
[2024-09-06T20:22:27.998-0500] {processor.py:208} INFO - Processing /Users/binhpham/Library/Python/3.9/lib/python/site-packages/airflow/example_dags/example_setup_teardown_taskflow.py took 0.083 seconds
[2024-09-06T20:24:19.974-0500] {processor.py:186} INFO - Started process (PID=43209) to work on /Users/binhpham/Library/Python/3.9/lib/python/site-packages/airflow/example_dags/example_setup_teardown_taskflow.py
[2024-09-06T20:24:19.977-0500] {processor.py:914} INFO - Processing file /Users/binhpham/Library/Python/3.9/lib/python/site-packages/airflow/example_dags/example_setup_teardown_taskflow.py for tasks to queue
[2024-09-06T20:24:19.977-0500] {logging_mixin.py:190} INFO - [2024-09-06T20:24:19.977-0500] {dagbag.py:587} INFO - Filling up the DagBag from /Users/binhpham/Library/Python/3.9/lib/python/site-packages/airflow/example_dags/example_setup_teardown_taskflow.py
[2024-09-06T20:24:19.993-0500] {processor.py:925} INFO - DAG(s) 'example_setup_teardown_taskflow' retrieved from /Users/binhpham/Library/Python/3.9/lib/python/site-packages/airflow/example_dags/example_setup_teardown_taskflow.py
[2024-09-06T20:24:20.038-0500] {logging_mixin.py:190} INFO - [2024-09-06T20:24:20.037-0500] {dag.py:3229} INFO - Sync 1 DAGs
[2024-09-06T20:24:20.042-0500] {logging_mixin.py:190} INFO - [2024-09-06T20:24:20.042-0500] {dag.py:4156} INFO - Setting next_dagrun for example_setup_teardown_taskflow to None, run_after=None
[2024-09-06T20:24:20.050-0500] {processor.py:208} INFO - Processing /Users/binhpham/Library/Python/3.9/lib/python/site-packages/airflow/example_dags/example_setup_teardown_taskflow.py took 0.077 seconds
[2024-09-06T20:25:42.778-0500] {processor.py:186} INFO - Started process (PID=43468) to work on /Users/binhpham/Library/Python/3.9/lib/python/site-packages/airflow/example_dags/example_setup_teardown_taskflow.py
[2024-09-06T20:25:42.780-0500] {processor.py:914} INFO - Processing file /Users/binhpham/Library/Python/3.9/lib/python/site-packages/airflow/example_dags/example_setup_teardown_taskflow.py for tasks to queue
[2024-09-06T20:25:42.780-0500] {logging_mixin.py:190} INFO - [2024-09-06T20:25:42.780-0500] {dagbag.py:587} INFO - Filling up the DagBag from /Users/binhpham/Library/Python/3.9/lib/python/site-packages/airflow/example_dags/example_setup_teardown_taskflow.py
[2024-09-06T20:25:42.797-0500] {processor.py:925} INFO - DAG(s) 'example_setup_teardown_taskflow' retrieved from /Users/binhpham/Library/Python/3.9/lib/python/site-packages/airflow/example_dags/example_setup_teardown_taskflow.py
[2024-09-06T20:25:42.843-0500] {logging_mixin.py:190} INFO - [2024-09-06T20:25:42.843-0500] {dag.py:3229} INFO - Sync 1 DAGs
[2024-09-06T20:25:42.848-0500] {logging_mixin.py:190} INFO - [2024-09-06T20:25:42.848-0500] {dag.py:4156} INFO - Setting next_dagrun for example_setup_teardown_taskflow to None, run_after=None
[2024-09-06T20:25:42.856-0500] {processor.py:208} INFO - Processing /Users/binhpham/Library/Python/3.9/lib/python/site-packages/airflow/example_dags/example_setup_teardown_taskflow.py took 0.080 seconds
[2024-09-06T20:27:35.037-0500] {processor.py:186} INFO - Started process (PID=43872) to work on /Users/binhpham/Library/Python/3.9/lib/python/site-packages/airflow/example_dags/example_setup_teardown_taskflow.py
[2024-09-06T20:27:35.039-0500] {processor.py:914} INFO - Processing file /Users/binhpham/Library/Python/3.9/lib/python/site-packages/airflow/example_dags/example_setup_teardown_taskflow.py for tasks to queue
[2024-09-06T20:27:35.040-0500] {logging_mixin.py:190} INFO - [2024-09-06T20:27:35.039-0500] {dagbag.py:587} INFO - Filling up the DagBag from /Users/binhpham/Library/Python/3.9/lib/python/site-packages/airflow/example_dags/example_setup_teardown_taskflow.py
[2024-09-06T20:27:35.055-0500] {processor.py:925} INFO - DAG(s) 'example_setup_teardown_taskflow' retrieved from /Users/binhpham/Library/Python/3.9/lib/python/site-packages/airflow/example_dags/example_setup_teardown_taskflow.py
[2024-09-06T20:27:35.100-0500] {logging_mixin.py:190} INFO - [2024-09-06T20:27:35.100-0500] {dag.py:3229} INFO - Sync 1 DAGs
[2024-09-06T20:27:35.105-0500] {logging_mixin.py:190} INFO - [2024-09-06T20:27:35.104-0500] {dag.py:4156} INFO - Setting next_dagrun for example_setup_teardown_taskflow to None, run_after=None
[2024-09-06T20:27:35.112-0500] {processor.py:208} INFO - Processing /Users/binhpham/Library/Python/3.9/lib/python/site-packages/airflow/example_dags/example_setup_teardown_taskflow.py took 0.077 seconds
[2024-09-06T20:29:27.066-0500] {processor.py:186} INFO - Started process (PID=44245) to work on /Users/binhpham/Library/Python/3.9/lib/python/site-packages/airflow/example_dags/example_setup_teardown_taskflow.py
[2024-09-06T20:29:27.068-0500] {processor.py:914} INFO - Processing file /Users/binhpham/Library/Python/3.9/lib/python/site-packages/airflow/example_dags/example_setup_teardown_taskflow.py for tasks to queue
[2024-09-06T20:29:27.069-0500] {logging_mixin.py:190} INFO - [2024-09-06T20:29:27.069-0500] {dagbag.py:587} INFO - Filling up the DagBag from /Users/binhpham/Library/Python/3.9/lib/python/site-packages/airflow/example_dags/example_setup_teardown_taskflow.py
[2024-09-06T20:29:27.085-0500] {processor.py:925} INFO - DAG(s) 'example_setup_teardown_taskflow' retrieved from /Users/binhpham/Library/Python/3.9/lib/python/site-packages/airflow/example_dags/example_setup_teardown_taskflow.py
[2024-09-06T20:29:27.131-0500] {logging_mixin.py:190} INFO - [2024-09-06T20:29:27.131-0500] {dag.py:3229} INFO - Sync 1 DAGs
[2024-09-06T20:29:27.136-0500] {logging_mixin.py:190} INFO - [2024-09-06T20:29:27.136-0500] {dag.py:4156} INFO - Setting next_dagrun for example_setup_teardown_taskflow to None, run_after=None
[2024-09-06T20:29:27.143-0500] {processor.py:208} INFO - Processing /Users/binhpham/Library/Python/3.9/lib/python/site-packages/airflow/example_dags/example_setup_teardown_taskflow.py took 0.079 seconds
[2024-09-06T20:30:47.828-0500] {processor.py:186} INFO - Started process (PID=44506) to work on /Users/binhpham/Library/Python/3.9/lib/python/site-packages/airflow/example_dags/example_setup_teardown_taskflow.py
[2024-09-06T20:30:47.830-0500] {processor.py:914} INFO - Processing file /Users/binhpham/Library/Python/3.9/lib/python/site-packages/airflow/example_dags/example_setup_teardown_taskflow.py for tasks to queue
[2024-09-06T20:30:47.830-0500] {logging_mixin.py:190} INFO - [2024-09-06T20:30:47.830-0500] {dagbag.py:587} INFO - Filling up the DagBag from /Users/binhpham/Library/Python/3.9/lib/python/site-packages/airflow/example_dags/example_setup_teardown_taskflow.py
[2024-09-06T20:30:47.846-0500] {processor.py:925} INFO - DAG(s) 'example_setup_teardown_taskflow' retrieved from /Users/binhpham/Library/Python/3.9/lib/python/site-packages/airflow/example_dags/example_setup_teardown_taskflow.py
[2024-09-06T20:30:47.888-0500] {logging_mixin.py:190} INFO - [2024-09-06T20:30:47.888-0500] {dag.py:3229} INFO - Sync 1 DAGs
[2024-09-06T20:30:47.892-0500] {logging_mixin.py:190} INFO - [2024-09-06T20:30:47.892-0500] {dag.py:4156} INFO - Setting next_dagrun for example_setup_teardown_taskflow to None, run_after=None
[2024-09-06T20:30:47.899-0500] {processor.py:208} INFO - Processing /Users/binhpham/Library/Python/3.9/lib/python/site-packages/airflow/example_dags/example_setup_teardown_taskflow.py took 0.073 seconds
[2024-09-06T20:32:08.741-0500] {processor.py:186} INFO - Started process (PID=44762) to work on /Users/binhpham/Library/Python/3.9/lib/python/site-packages/airflow/example_dags/example_setup_teardown_taskflow.py
[2024-09-06T20:32:08.743-0500] {processor.py:914} INFO - Processing file /Users/binhpham/Library/Python/3.9/lib/python/site-packages/airflow/example_dags/example_setup_teardown_taskflow.py for tasks to queue
[2024-09-06T20:32:08.743-0500] {logging_mixin.py:190} INFO - [2024-09-06T20:32:08.743-0500] {dagbag.py:587} INFO - Filling up the DagBag from /Users/binhpham/Library/Python/3.9/lib/python/site-packages/airflow/example_dags/example_setup_teardown_taskflow.py
[2024-09-06T20:32:08.759-0500] {processor.py:925} INFO - DAG(s) 'example_setup_teardown_taskflow' retrieved from /Users/binhpham/Library/Python/3.9/lib/python/site-packages/airflow/example_dags/example_setup_teardown_taskflow.py
[2024-09-06T20:32:08.801-0500] {logging_mixin.py:190} INFO - [2024-09-06T20:32:08.801-0500] {dag.py:3229} INFO - Sync 1 DAGs
[2024-09-06T20:32:08.806-0500] {logging_mixin.py:190} INFO - [2024-09-06T20:32:08.806-0500] {dag.py:4156} INFO - Setting next_dagrun for example_setup_teardown_taskflow to None, run_after=None
[2024-09-06T20:32:08.813-0500] {processor.py:208} INFO - Processing /Users/binhpham/Library/Python/3.9/lib/python/site-packages/airflow/example_dags/example_setup_teardown_taskflow.py took 0.074 seconds
[2024-09-06T20:34:06.762-0500] {processor.py:186} INFO - Started process (PID=45162) to work on /Users/binhpham/Library/Python/3.9/lib/python/site-packages/airflow/example_dags/example_setup_teardown_taskflow.py
[2024-09-06T20:34:06.764-0500] {processor.py:914} INFO - Processing file /Users/binhpham/Library/Python/3.9/lib/python/site-packages/airflow/example_dags/example_setup_teardown_taskflow.py for tasks to queue
[2024-09-06T20:34:06.765-0500] {logging_mixin.py:190} INFO - [2024-09-06T20:34:06.765-0500] {dagbag.py:587} INFO - Filling up the DagBag from /Users/binhpham/Library/Python/3.9/lib/python/site-packages/airflow/example_dags/example_setup_teardown_taskflow.py
[2024-09-06T20:34:06.782-0500] {processor.py:925} INFO - DAG(s) 'example_setup_teardown_taskflow' retrieved from /Users/binhpham/Library/Python/3.9/lib/python/site-packages/airflow/example_dags/example_setup_teardown_taskflow.py
[2024-09-06T20:34:06.830-0500] {logging_mixin.py:190} INFO - [2024-09-06T20:34:06.830-0500] {dag.py:3229} INFO - Sync 1 DAGs
[2024-09-06T20:34:06.835-0500] {logging_mixin.py:190} INFO - [2024-09-06T20:34:06.835-0500] {dag.py:4156} INFO - Setting next_dagrun for example_setup_teardown_taskflow to None, run_after=None
[2024-09-06T20:34:06.844-0500] {processor.py:208} INFO - Processing /Users/binhpham/Library/Python/3.9/lib/python/site-packages/airflow/example_dags/example_setup_teardown_taskflow.py took 0.083 seconds
[2024-09-06T20:35:59.143-0500] {processor.py:186} INFO - Started process (PID=45531) to work on /Users/binhpham/Library/Python/3.9/lib/python/site-packages/airflow/example_dags/example_setup_teardown_taskflow.py
[2024-09-06T20:35:59.145-0500] {processor.py:914} INFO - Processing file /Users/binhpham/Library/Python/3.9/lib/python/site-packages/airflow/example_dags/example_setup_teardown_taskflow.py for tasks to queue
[2024-09-06T20:35:59.145-0500] {logging_mixin.py:190} INFO - [2024-09-06T20:35:59.145-0500] {dagbag.py:587} INFO - Filling up the DagBag from /Users/binhpham/Library/Python/3.9/lib/python/site-packages/airflow/example_dags/example_setup_teardown_taskflow.py
[2024-09-06T20:35:59.164-0500] {processor.py:925} INFO - DAG(s) 'example_setup_teardown_taskflow' retrieved from /Users/binhpham/Library/Python/3.9/lib/python/site-packages/airflow/example_dags/example_setup_teardown_taskflow.py
[2024-09-06T20:35:59.210-0500] {logging_mixin.py:190} INFO - [2024-09-06T20:35:59.209-0500] {dag.py:3229} INFO - Sync 1 DAGs
[2024-09-06T20:35:59.214-0500] {logging_mixin.py:190} INFO - [2024-09-06T20:35:59.214-0500] {dag.py:4156} INFO - Setting next_dagrun for example_setup_teardown_taskflow to None, run_after=None
[2024-09-06T20:35:59.223-0500] {processor.py:208} INFO - Processing /Users/binhpham/Library/Python/3.9/lib/python/site-packages/airflow/example_dags/example_setup_teardown_taskflow.py took 0.082 seconds
[2024-09-06T20:37:20.547-0500] {processor.py:186} INFO - Started process (PID=45782) to work on /Users/binhpham/Library/Python/3.9/lib/python/site-packages/airflow/example_dags/example_setup_teardown_taskflow.py
[2024-09-06T20:37:20.550-0500] {processor.py:914} INFO - Processing file /Users/binhpham/Library/Python/3.9/lib/python/site-packages/airflow/example_dags/example_setup_teardown_taskflow.py for tasks to queue
[2024-09-06T20:37:20.550-0500] {logging_mixin.py:190} INFO - [2024-09-06T20:37:20.550-0500] {dagbag.py:587} INFO - Filling up the DagBag from /Users/binhpham/Library/Python/3.9/lib/python/site-packages/airflow/example_dags/example_setup_teardown_taskflow.py
[2024-09-06T20:37:20.567-0500] {processor.py:925} INFO - DAG(s) 'example_setup_teardown_taskflow' retrieved from /Users/binhpham/Library/Python/3.9/lib/python/site-packages/airflow/example_dags/example_setup_teardown_taskflow.py
[2024-09-06T20:37:20.612-0500] {logging_mixin.py:190} INFO - [2024-09-06T20:37:20.612-0500] {dag.py:3229} INFO - Sync 1 DAGs
[2024-09-06T20:37:20.617-0500] {logging_mixin.py:190} INFO - [2024-09-06T20:37:20.617-0500] {dag.py:4156} INFO - Setting next_dagrun for example_setup_teardown_taskflow to None, run_after=None
[2024-09-06T20:37:20.624-0500] {processor.py:208} INFO - Processing /Users/binhpham/Library/Python/3.9/lib/python/site-packages/airflow/example_dags/example_setup_teardown_taskflow.py took 0.078 seconds
