[2024-09-06T19:46:25.297-0500] {processor.py:186} INFO - Started process (PID=34925) to work on /Users/binhpham/Library/Python/3.9/lib/python/site-packages/airflow/example_dags/example_branch_operator.py
[2024-09-06T19:46:25.298-0500] {processor.py:914} INFO - Processing file /Users/binhpham/Library/Python/3.9/lib/python/site-packages/airflow/example_dags/example_branch_operator.py for tasks to queue
[2024-09-06T19:46:25.299-0500] {logging_mixin.py:190} INFO - [2024-09-06T19:46:25.299-0500] {dagbag.py:587} INFO - Filling up the DagBag from /Users/binhpham/Library/Python/3.9/lib/python/site-packages/airflow/example_dags/example_branch_operator.py
[2024-09-06T19:46:25.308-0500] {processor.py:927} WARNING - No viable dags retrieved from /Users/binhpham/Library/Python/3.9/lib/python/site-packages/airflow/example_dags/example_branch_operator.py
[2024-09-06T19:46:25.348-0500] {processor.py:208} INFO - Processing /Users/binhpham/Library/Python/3.9/lib/python/site-packages/airflow/example_dags/example_branch_operator.py took 0.052 seconds
[2024-09-06T19:48:46.021-0500] {processor.py:186} INFO - Started process (PID=35463) to work on /Users/binhpham/Library/Python/3.9/lib/python/site-packages/airflow/example_dags/example_branch_operator.py
[2024-09-06T19:48:46.023-0500] {processor.py:914} INFO - Processing file /Users/binhpham/Library/Python/3.9/lib/python/site-packages/airflow/example_dags/example_branch_operator.py for tasks to queue
[2024-09-06T19:48:46.024-0500] {logging_mixin.py:190} INFO - [2024-09-06T19:48:46.024-0500] {dagbag.py:587} INFO - Filling up the DagBag from /Users/binhpham/Library/Python/3.9/lib/python/site-packages/airflow/example_dags/example_branch_operator.py
[2024-09-06T19:48:46.032-0500] {processor.py:927} WARNING - No viable dags retrieved from /Users/binhpham/Library/Python/3.9/lib/python/site-packages/airflow/example_dags/example_branch_operator.py
[2024-09-06T19:48:46.069-0500] {processor.py:208} INFO - Processing /Users/binhpham/Library/Python/3.9/lib/python/site-packages/airflow/example_dags/example_branch_operator.py took 0.049 seconds
[2024-09-06T19:51:28.752-0500] {processor.py:186} INFO - Started process (PID=35982) to work on /Users/binhpham/Library/Python/3.9/lib/python/site-packages/airflow/example_dags/example_branch_operator.py
[2024-09-06T19:51:28.755-0500] {processor.py:914} INFO - Processing file /Users/binhpham/Library/Python/3.9/lib/python/site-packages/airflow/example_dags/example_branch_operator.py for tasks to queue
[2024-09-06T19:51:28.755-0500] {logging_mixin.py:190} INFO - [2024-09-06T19:51:28.755-0500] {dagbag.py:587} INFO - Filling up the DagBag from /Users/binhpham/Library/Python/3.9/lib/python/site-packages/airflow/example_dags/example_branch_operator.py
[2024-09-06T19:51:28.763-0500] {processor.py:927} WARNING - No viable dags retrieved from /Users/binhpham/Library/Python/3.9/lib/python/site-packages/airflow/example_dags/example_branch_operator.py
[2024-09-06T19:51:28.801-0500] {processor.py:208} INFO - Processing /Users/binhpham/Library/Python/3.9/lib/python/site-packages/airflow/example_dags/example_branch_operator.py took 0.050 seconds
[2024-09-06T19:55:08.717-0500] {processor.py:186} INFO - Started process (PID=36739) to work on /Users/binhpham/Library/Python/3.9/lib/python/site-packages/airflow/example_dags/example_branch_operator.py
[2024-09-06T19:55:08.719-0500] {processor.py:914} INFO - Processing file /Users/binhpham/Library/Python/3.9/lib/python/site-packages/airflow/example_dags/example_branch_operator.py for tasks to queue
[2024-09-06T19:55:08.720-0500] {logging_mixin.py:190} INFO - [2024-09-06T19:55:08.720-0500] {dagbag.py:587} INFO - Filling up the DagBag from /Users/binhpham/Library/Python/3.9/lib/python/site-packages/airflow/example_dags/example_branch_operator.py
[2024-09-06T19:55:08.728-0500] {processor.py:927} WARNING - No viable dags retrieved from /Users/binhpham/Library/Python/3.9/lib/python/site-packages/airflow/example_dags/example_branch_operator.py
[2024-09-06T19:55:08.768-0500] {processor.py:208} INFO - Processing /Users/binhpham/Library/Python/3.9/lib/python/site-packages/airflow/example_dags/example_branch_operator.py took 0.053 seconds
[2024-09-06T19:57:52.116-0500] {processor.py:186} INFO - Started process (PID=37244) to work on /Users/binhpham/Library/Python/3.9/lib/python/site-packages/airflow/example_dags/example_branch_operator.py
[2024-09-06T19:57:52.118-0500] {processor.py:914} INFO - Processing file /Users/binhpham/Library/Python/3.9/lib/python/site-packages/airflow/example_dags/example_branch_operator.py for tasks to queue
[2024-09-06T19:57:52.119-0500] {logging_mixin.py:190} INFO - [2024-09-06T19:57:52.119-0500] {dagbag.py:587} INFO - Filling up the DagBag from /Users/binhpham/Library/Python/3.9/lib/python/site-packages/airflow/example_dags/example_branch_operator.py
[2024-09-06T19:57:52.127-0500] {processor.py:927} WARNING - No viable dags retrieved from /Users/binhpham/Library/Python/3.9/lib/python/site-packages/airflow/example_dags/example_branch_operator.py
[2024-09-06T19:57:52.165-0500] {processor.py:208} INFO - Processing /Users/binhpham/Library/Python/3.9/lib/python/site-packages/airflow/example_dags/example_branch_operator.py took 0.051 seconds
[2024-09-06T20:00:35.746-0500] {processor.py:186} INFO - Started process (PID=37752) to work on /Users/binhpham/Library/Python/3.9/lib/python/site-packages/airflow/example_dags/example_branch_operator.py
[2024-09-06T20:00:35.748-0500] {processor.py:914} INFO - Processing file /Users/binhpham/Library/Python/3.9/lib/python/site-packages/airflow/example_dags/example_branch_operator.py for tasks to queue
[2024-09-06T20:00:35.749-0500] {logging_mixin.py:190} INFO - [2024-09-06T20:00:35.749-0500] {dagbag.py:587} INFO - Filling up the DagBag from /Users/binhpham/Library/Python/3.9/lib/python/site-packages/airflow/example_dags/example_branch_operator.py
[2024-09-06T20:00:35.757-0500] {processor.py:927} WARNING - No viable dags retrieved from /Users/binhpham/Library/Python/3.9/lib/python/site-packages/airflow/example_dags/example_branch_operator.py
[2024-09-06T20:00:35.798-0500] {processor.py:208} INFO - Processing /Users/binhpham/Library/Python/3.9/lib/python/site-packages/airflow/example_dags/example_branch_operator.py took 0.054 seconds
[2024-09-06T20:03:17.694-0500] {processor.py:186} INFO - Started process (PID=38251) to work on /Users/binhpham/Library/Python/3.9/lib/python/site-packages/airflow/example_dags/example_branch_operator.py
[2024-09-06T20:03:17.696-0500] {processor.py:914} INFO - Processing file /Users/binhpham/Library/Python/3.9/lib/python/site-packages/airflow/example_dags/example_branch_operator.py for tasks to queue
[2024-09-06T20:03:17.697-0500] {logging_mixin.py:190} INFO - [2024-09-06T20:03:17.697-0500] {dagbag.py:587} INFO - Filling up the DagBag from /Users/binhpham/Library/Python/3.9/lib/python/site-packages/airflow/example_dags/example_branch_operator.py
[2024-09-06T20:03:17.705-0500] {processor.py:927} WARNING - No viable dags retrieved from /Users/binhpham/Library/Python/3.9/lib/python/site-packages/airflow/example_dags/example_branch_operator.py
[2024-09-06T20:03:17.744-0500] {processor.py:208} INFO - Processing /Users/binhpham/Library/Python/3.9/lib/python/site-packages/airflow/example_dags/example_branch_operator.py took 0.052 seconds
[2024-09-06T20:05:56.488-0500] {processor.py:186} INFO - Started process (PID=38737) to work on /Users/binhpham/Library/Python/3.9/lib/python/site-packages/airflow/example_dags/example_branch_operator.py
[2024-09-06T20:05:56.490-0500] {processor.py:914} INFO - Processing file /Users/binhpham/Library/Python/3.9/lib/python/site-packages/airflow/example_dags/example_branch_operator.py for tasks to queue
[2024-09-06T20:05:56.491-0500] {logging_mixin.py:190} INFO - [2024-09-06T20:05:56.491-0500] {dagbag.py:587} INFO - Filling up the DagBag from /Users/binhpham/Library/Python/3.9/lib/python/site-packages/airflow/example_dags/example_branch_operator.py
[2024-09-06T20:05:56.499-0500] {processor.py:927} WARNING - No viable dags retrieved from /Users/binhpham/Library/Python/3.9/lib/python/site-packages/airflow/example_dags/example_branch_operator.py
[2024-09-06T20:05:56.537-0500] {processor.py:208} INFO - Processing /Users/binhpham/Library/Python/3.9/lib/python/site-packages/airflow/example_dags/example_branch_operator.py took 0.050 seconds
[2024-09-06T20:08:37.233-0500] {processor.py:186} INFO - Started process (PID=39223) to work on /Users/binhpham/Library/Python/3.9/lib/python/site-packages/airflow/example_dags/example_branch_operator.py
[2024-09-06T20:08:37.235-0500] {processor.py:914} INFO - Processing file /Users/binhpham/Library/Python/3.9/lib/python/site-packages/airflow/example_dags/example_branch_operator.py for tasks to queue
[2024-09-06T20:08:37.236-0500] {logging_mixin.py:190} INFO - [2024-09-06T20:08:37.236-0500] {dagbag.py:587} INFO - Filling up the DagBag from /Users/binhpham/Library/Python/3.9/lib/python/site-packages/airflow/example_dags/example_branch_operator.py
[2024-09-06T20:08:37.245-0500] {processor.py:927} WARNING - No viable dags retrieved from /Users/binhpham/Library/Python/3.9/lib/python/site-packages/airflow/example_dags/example_branch_operator.py
[2024-09-06T20:08:37.283-0500] {processor.py:208} INFO - Processing /Users/binhpham/Library/Python/3.9/lib/python/site-packages/airflow/example_dags/example_branch_operator.py took 0.052 seconds
[2024-09-06T20:11:23.370-0500] {processor.py:186} INFO - Started process (PID=39771) to work on /Users/binhpham/Library/Python/3.9/lib/python/site-packages/airflow/example_dags/example_branch_operator.py
[2024-09-06T20:11:23.373-0500] {processor.py:914} INFO - Processing file /Users/binhpham/Library/Python/3.9/lib/python/site-packages/airflow/example_dags/example_branch_operator.py for tasks to queue
[2024-09-06T20:11:23.373-0500] {logging_mixin.py:190} INFO - [2024-09-06T20:11:23.373-0500] {dagbag.py:587} INFO - Filling up the DagBag from /Users/binhpham/Library/Python/3.9/lib/python/site-packages/airflow/example_dags/example_branch_operator.py
[2024-09-06T20:11:23.381-0500] {processor.py:927} WARNING - No viable dags retrieved from /Users/binhpham/Library/Python/3.9/lib/python/site-packages/airflow/example_dags/example_branch_operator.py
[2024-09-06T20:11:23.419-0500] {processor.py:208} INFO - Processing /Users/binhpham/Library/Python/3.9/lib/python/site-packages/airflow/example_dags/example_branch_operator.py took 0.050 seconds
[2024-09-06T20:14:07.755-0500] {processor.py:186} INFO - Started process (PID=40320) to work on /Users/binhpham/Library/Python/3.9/lib/python/site-packages/airflow/example_dags/example_branch_operator.py
[2024-09-06T20:14:07.757-0500] {processor.py:914} INFO - Processing file /Users/binhpham/Library/Python/3.9/lib/python/site-packages/airflow/example_dags/example_branch_operator.py for tasks to queue
[2024-09-06T20:14:07.758-0500] {logging_mixin.py:190} INFO - [2024-09-06T20:14:07.758-0500] {dagbag.py:587} INFO - Filling up the DagBag from /Users/binhpham/Library/Python/3.9/lib/python/site-packages/airflow/example_dags/example_branch_operator.py
[2024-09-06T20:14:07.767-0500] {processor.py:927} WARNING - No viable dags retrieved from /Users/binhpham/Library/Python/3.9/lib/python/site-packages/airflow/example_dags/example_branch_operator.py
[2024-09-06T20:14:07.808-0500] {processor.py:208} INFO - Processing /Users/binhpham/Library/Python/3.9/lib/python/site-packages/airflow/example_dags/example_branch_operator.py took 0.054 seconds
[2024-09-06T20:16:32.238-0500] {processor.py:186} INFO - Started process (PID=40821) to work on /Users/binhpham/Library/Python/3.9/lib/python/site-packages/airflow/example_dags/example_branch_operator.py
[2024-09-06T20:16:32.240-0500] {processor.py:914} INFO - Processing file /Users/binhpham/Library/Python/3.9/lib/python/site-packages/airflow/example_dags/example_branch_operator.py for tasks to queue
[2024-09-06T20:16:32.241-0500] {logging_mixin.py:190} INFO - [2024-09-06T20:16:32.240-0500] {dagbag.py:587} INFO - Filling up the DagBag from /Users/binhpham/Library/Python/3.9/lib/python/site-packages/airflow/example_dags/example_branch_operator.py
[2024-09-06T20:16:32.250-0500] {processor.py:927} WARNING - No viable dags retrieved from /Users/binhpham/Library/Python/3.9/lib/python/site-packages/airflow/example_dags/example_branch_operator.py
[2024-09-06T20:16:32.291-0500] {processor.py:208} INFO - Processing /Users/binhpham/Library/Python/3.9/lib/python/site-packages/airflow/example_dags/example_branch_operator.py took 0.054 seconds
[2024-09-06T20:23:22.679-0500] {processor.py:186} INFO - Started process (PID=43036) to work on /Users/binhpham/Library/Python/3.9/lib/python/site-packages/airflow/example_dags/example_branch_operator.py
[2024-09-06T20:23:22.681-0500] {processor.py:914} INFO - Processing file /Users/binhpham/Library/Python/3.9/lib/python/site-packages/airflow/example_dags/example_branch_operator.py for tasks to queue
[2024-09-06T20:23:22.682-0500] {logging_mixin.py:190} INFO - [2024-09-06T20:23:22.682-0500] {dagbag.py:587} INFO - Filling up the DagBag from /Users/binhpham/Library/Python/3.9/lib/python/site-packages/airflow/example_dags/example_branch_operator.py
[2024-09-06T20:23:22.691-0500] {processor.py:927} WARNING - No viable dags retrieved from /Users/binhpham/Library/Python/3.9/lib/python/site-packages/airflow/example_dags/example_branch_operator.py
[2024-09-06T20:23:22.732-0500] {processor.py:208} INFO - Processing /Users/binhpham/Library/Python/3.9/lib/python/site-packages/airflow/example_dags/example_branch_operator.py took 0.054 seconds
[2024-09-06T20:26:07.015-0500] {processor.py:186} INFO - Started process (PID=43542) to work on /Users/binhpham/Library/Python/3.9/lib/python/site-packages/airflow/example_dags/example_branch_operator.py
[2024-09-06T20:26:07.017-0500] {processor.py:914} INFO - Processing file /Users/binhpham/Library/Python/3.9/lib/python/site-packages/airflow/example_dags/example_branch_operator.py for tasks to queue
[2024-09-06T20:26:07.018-0500] {logging_mixin.py:190} INFO - [2024-09-06T20:26:07.018-0500] {dagbag.py:587} INFO - Filling up the DagBag from /Users/binhpham/Library/Python/3.9/lib/python/site-packages/airflow/example_dags/example_branch_operator.py
[2024-09-06T20:26:07.026-0500] {processor.py:927} WARNING - No viable dags retrieved from /Users/binhpham/Library/Python/3.9/lib/python/site-packages/airflow/example_dags/example_branch_operator.py
[2024-09-06T20:26:07.065-0500] {processor.py:208} INFO - Processing /Users/binhpham/Library/Python/3.9/lib/python/site-packages/airflow/example_dags/example_branch_operator.py took 0.051 seconds
[2024-09-06T20:28:27.962-0500] {processor.py:186} INFO - Started process (PID=44040) to work on /Users/binhpham/Library/Python/3.9/lib/python/site-packages/airflow/example_dags/example_branch_operator.py
[2024-09-06T20:28:27.965-0500] {processor.py:914} INFO - Processing file /Users/binhpham/Library/Python/3.9/lib/python/site-packages/airflow/example_dags/example_branch_operator.py for tasks to queue
[2024-09-06T20:28:27.965-0500] {logging_mixin.py:190} INFO - [2024-09-06T20:28:27.965-0500] {dagbag.py:587} INFO - Filling up the DagBag from /Users/binhpham/Library/Python/3.9/lib/python/site-packages/airflow/example_dags/example_branch_operator.py
[2024-09-06T20:28:27.973-0500] {processor.py:927} WARNING - No viable dags retrieved from /Users/binhpham/Library/Python/3.9/lib/python/site-packages/airflow/example_dags/example_branch_operator.py
[2024-09-06T20:28:28.012-0500] {processor.py:208} INFO - Processing /Users/binhpham/Library/Python/3.9/lib/python/site-packages/airflow/example_dags/example_branch_operator.py took 0.051 seconds
[2024-09-06T20:31:11.705-0500] {processor.py:186} INFO - Started process (PID=44578) to work on /Users/binhpham/Library/Python/3.9/lib/python/site-packages/airflow/example_dags/example_branch_operator.py
[2024-09-06T20:31:11.707-0500] {processor.py:914} INFO - Processing file /Users/binhpham/Library/Python/3.9/lib/python/site-packages/airflow/example_dags/example_branch_operator.py for tasks to queue
[2024-09-06T20:31:11.708-0500] {logging_mixin.py:190} INFO - [2024-09-06T20:31:11.708-0500] {dagbag.py:587} INFO - Filling up the DagBag from /Users/binhpham/Library/Python/3.9/lib/python/site-packages/airflow/example_dags/example_branch_operator.py
[2024-09-06T20:31:11.717-0500] {processor.py:927} WARNING - No viable dags retrieved from /Users/binhpham/Library/Python/3.9/lib/python/site-packages/airflow/example_dags/example_branch_operator.py
[2024-09-06T20:31:11.756-0500] {processor.py:208} INFO - Processing /Users/binhpham/Library/Python/3.9/lib/python/site-packages/airflow/example_dags/example_branch_operator.py took 0.053 seconds
[2024-09-06T20:35:01.235-0500] {processor.py:186} INFO - Started process (PID=45338) to work on /Users/binhpham/Library/Python/3.9/lib/python/site-packages/airflow/example_dags/example_branch_operator.py
[2024-09-06T20:35:01.236-0500] {processor.py:914} INFO - Processing file /Users/binhpham/Library/Python/3.9/lib/python/site-packages/airflow/example_dags/example_branch_operator.py for tasks to queue
[2024-09-06T20:35:01.237-0500] {logging_mixin.py:190} INFO - [2024-09-06T20:35:01.237-0500] {dagbag.py:587} INFO - Filling up the DagBag from /Users/binhpham/Library/Python/3.9/lib/python/site-packages/airflow/example_dags/example_branch_operator.py
[2024-09-06T20:35:01.246-0500] {processor.py:927} WARNING - No viable dags retrieved from /Users/binhpham/Library/Python/3.9/lib/python/site-packages/airflow/example_dags/example_branch_operator.py
[2024-09-06T20:35:01.290-0500] {processor.py:208} INFO - Processing /Users/binhpham/Library/Python/3.9/lib/python/site-packages/airflow/example_dags/example_branch_operator.py took 0.057 seconds
[2024-09-06T20:37:44.274-0500] {processor.py:186} INFO - Started process (PID=45863) to work on /Users/binhpham/Library/Python/3.9/lib/python/site-packages/airflow/example_dags/example_branch_operator.py
[2024-09-06T20:37:44.276-0500] {processor.py:914} INFO - Processing file /Users/binhpham/Library/Python/3.9/lib/python/site-packages/airflow/example_dags/example_branch_operator.py for tasks to queue
[2024-09-06T20:37:44.276-0500] {logging_mixin.py:190} INFO - [2024-09-06T20:37:44.276-0500] {dagbag.py:587} INFO - Filling up the DagBag from /Users/binhpham/Library/Python/3.9/lib/python/site-packages/airflow/example_dags/example_branch_operator.py
[2024-09-06T20:37:44.284-0500] {processor.py:927} WARNING - No viable dags retrieved from /Users/binhpham/Library/Python/3.9/lib/python/site-packages/airflow/example_dags/example_branch_operator.py
[2024-09-06T20:37:44.322-0500] {processor.py:208} INFO - Processing /Users/binhpham/Library/Python/3.9/lib/python/site-packages/airflow/example_dags/example_branch_operator.py took 0.049 seconds
