[2024-09-06T19:45:47.495-0500] {processor.py:186} INFO - Started process (PID=34784) to work on /Users/binhpham/Library/Python/3.9/lib/python/site-packages/airflow/example_dags/example_outlet_event_extra.py
[2024-09-06T19:45:47.496-0500] {processor.py:914} INFO - Processing file /Users/binhpham/Library/Python/3.9/lib/python/site-packages/airflow/example_dags/example_outlet_event_extra.py for tasks to queue
[2024-09-06T19:45:47.497-0500] {logging_mixin.py:190} INFO - [2024-09-06T19:45:47.496-0500] {dagbag.py:587} INFO - Filling up the DagBag from /Users/binhpham/Library/Python/3.9/lib/python/site-packages/airflow/example_dags/example_outlet_event_extra.py
[2024-09-06T19:45:47.559-0500] {processor.py:925} INFO - DAG(s) 'dataset_with_extra_by_yield', 'dataset_with_extra_by_context', 'dataset_with_extra_from_classic_operator' retrieved from /Users/binhpham/Library/Python/3.9/lib/python/site-packages/airflow/example_dags/example_outlet_event_extra.py
[2024-09-06T19:45:47.643-0500] {logging_mixin.py:190} INFO - [2024-09-06T19:45:47.643-0500] {override.py:1900} INFO - Created Permission View: can edit on DAG:dataset_with_extra_by_yield
[2024-09-06T19:45:47.648-0500] {logging_mixin.py:190} INFO - [2024-09-06T19:45:47.648-0500] {override.py:1900} INFO - Created Permission View: can delete on DAG:dataset_with_extra_by_yield
[2024-09-06T19:45:47.651-0500] {logging_mixin.py:190} INFO - [2024-09-06T19:45:47.651-0500] {override.py:1900} INFO - Created Permission View: can read on DAG:dataset_with_extra_by_yield
[2024-09-06T19:45:47.660-0500] {logging_mixin.py:190} INFO - [2024-09-06T19:45:47.660-0500] {override.py:1900} INFO - Created Permission View: can create on DAG Run:dataset_with_extra_by_yield
[2024-09-06T19:45:47.663-0500] {logging_mixin.py:190} INFO - [2024-09-06T19:45:47.663-0500] {override.py:1900} INFO - Created Permission View: menu access on DAG Run:dataset_with_extra_by_yield
[2024-09-06T19:45:47.666-0500] {logging_mixin.py:190} INFO - [2024-09-06T19:45:47.666-0500] {override.py:1900} INFO - Created Permission View: can delete on DAG Run:dataset_with_extra_by_yield
[2024-09-06T19:45:47.669-0500] {logging_mixin.py:190} INFO - [2024-09-06T19:45:47.669-0500] {override.py:1900} INFO - Created Permission View: can read on DAG Run:dataset_with_extra_by_yield
[2024-09-06T19:45:47.675-0500] {logging_mixin.py:190} INFO - [2024-09-06T19:45:47.675-0500] {override.py:1900} INFO - Created Permission View: can edit on DAG:dataset_with_extra_by_context
[2024-09-06T19:45:47.677-0500] {logging_mixin.py:190} INFO - [2024-09-06T19:45:47.677-0500] {override.py:1900} INFO - Created Permission View: can delete on DAG:dataset_with_extra_by_context
[2024-09-06T19:45:47.717-0500] {logging_mixin.py:190} INFO - [2024-09-06T19:45:47.717-0500] {override.py:1900} INFO - Created Permission View: can read on DAG:dataset_with_extra_by_context
[2024-09-06T19:45:47.721-0500] {logging_mixin.py:190} INFO - [2024-09-06T19:45:47.721-0500] {override.py:1900} INFO - Created Permission View: can create on DAG Run:dataset_with_extra_by_context
[2024-09-06T19:45:47.724-0500] {logging_mixin.py:190} INFO - [2024-09-06T19:45:47.724-0500] {override.py:1900} INFO - Created Permission View: menu access on DAG Run:dataset_with_extra_by_context
[2024-09-06T19:45:47.728-0500] {logging_mixin.py:190} INFO - [2024-09-06T19:45:47.728-0500] {override.py:1900} INFO - Created Permission View: can delete on DAG Run:dataset_with_extra_by_context
[2024-09-06T19:45:47.732-0500] {logging_mixin.py:190} INFO - [2024-09-06T19:45:47.732-0500] {override.py:1900} INFO - Created Permission View: can read on DAG Run:dataset_with_extra_by_context
[2024-09-06T19:45:47.739-0500] {logging_mixin.py:190} INFO - [2024-09-06T19:45:47.739-0500] {override.py:1900} INFO - Created Permission View: can edit on DAG:dataset_with_extra_from_classic_operator
[2024-09-06T19:45:47.742-0500] {logging_mixin.py:190} INFO - [2024-09-06T19:45:47.742-0500] {override.py:1900} INFO - Created Permission View: can delete on DAG:dataset_with_extra_from_classic_operator
[2024-09-06T19:45:47.745-0500] {logging_mixin.py:190} INFO - [2024-09-06T19:45:47.745-0500] {override.py:1900} INFO - Created Permission View: can read on DAG:dataset_with_extra_from_classic_operator
[2024-09-06T19:45:47.749-0500] {logging_mixin.py:190} INFO - [2024-09-06T19:45:47.749-0500] {override.py:1900} INFO - Created Permission View: can create on DAG Run:dataset_with_extra_from_classic_operator
[2024-09-06T19:45:47.752-0500] {logging_mixin.py:190} INFO - [2024-09-06T19:45:47.752-0500] {override.py:1900} INFO - Created Permission View: menu access on DAG Run:dataset_with_extra_from_classic_operator
[2024-09-06T19:45:47.755-0500] {logging_mixin.py:190} INFO - [2024-09-06T19:45:47.755-0500] {override.py:1900} INFO - Created Permission View: can delete on DAG Run:dataset_with_extra_from_classic_operator
[2024-09-06T19:45:47.758-0500] {logging_mixin.py:190} INFO - [2024-09-06T19:45:47.758-0500] {override.py:1900} INFO - Created Permission View: can read on DAG Run:dataset_with_extra_from_classic_operator
[2024-09-06T19:45:47.758-0500] {logging_mixin.py:190} INFO - [2024-09-06T19:45:47.758-0500] {dag.py:3229} INFO - Sync 3 DAGs
[2024-09-06T19:45:47.763-0500] {logging_mixin.py:190} INFO - [2024-09-06T19:45:47.763-0500] {dag.py:3252} INFO - Creating ORM DAG for dataset_with_extra_by_context
[2024-09-06T19:45:47.763-0500] {logging_mixin.py:190} INFO - [2024-09-06T19:45:47.763-0500] {dag.py:3252} INFO - Creating ORM DAG for dataset_with_extra_from_classic_operator
[2024-09-06T19:45:47.764-0500] {logging_mixin.py:190} INFO - [2024-09-06T19:45:47.764-0500] {dag.py:3252} INFO - Creating ORM DAG for dataset_with_extra_by_yield
[2024-09-06T19:45:47.767-0500] {logging_mixin.py:190} INFO - [2024-09-06T19:45:47.767-0500] {dag.py:4156} INFO - Setting next_dagrun for dataset_with_extra_by_context to 2024-09-06 00:00:00+00:00, run_after=2024-09-07 00:00:00+00:00
[2024-09-06T19:45:47.768-0500] {logging_mixin.py:190} INFO - [2024-09-06T19:45:47.768-0500] {dag.py:4156} INFO - Setting next_dagrun for dataset_with_extra_by_yield to 2024-09-06 00:00:00+00:00, run_after=2024-09-07 00:00:00+00:00
[2024-09-06T19:45:47.769-0500] {logging_mixin.py:190} INFO - [2024-09-06T19:45:47.769-0500] {dag.py:4156} INFO - Setting next_dagrun for dataset_with_extra_from_classic_operator to 2024-09-06 00:00:00+00:00, run_after=2024-09-07 00:00:00+00:00
[2024-09-06T19:45:47.966-0500] {processor.py:208} INFO - Processing /Users/binhpham/Library/Python/3.9/lib/python/site-packages/airflow/example_dags/example_outlet_event_extra.py took 0.473 seconds
[2024-09-06T19:48:09.701-0500] {processor.py:186} INFO - Started process (PID=35351) to work on /Users/binhpham/Library/Python/3.9/lib/python/site-packages/airflow/example_dags/example_outlet_event_extra.py
[2024-09-06T19:48:09.703-0500] {processor.py:914} INFO - Processing file /Users/binhpham/Library/Python/3.9/lib/python/site-packages/airflow/example_dags/example_outlet_event_extra.py for tasks to queue
[2024-09-06T19:48:09.703-0500] {logging_mixin.py:190} INFO - [2024-09-06T19:48:09.703-0500] {dagbag.py:587} INFO - Filling up the DagBag from /Users/binhpham/Library/Python/3.9/lib/python/site-packages/airflow/example_dags/example_outlet_event_extra.py
[2024-09-06T19:48:09.766-0500] {processor.py:925} INFO - DAG(s) 'dataset_with_extra_from_classic_operator', 'dataset_with_extra_by_yield', 'dataset_with_extra_by_context' retrieved from /Users/binhpham/Library/Python/3.9/lib/python/site-packages/airflow/example_dags/example_outlet_event_extra.py
[2024-09-06T19:48:09.810-0500] {logging_mixin.py:190} INFO - [2024-09-06T19:48:09.810-0500] {dag.py:3229} INFO - Sync 3 DAGs
[2024-09-06T19:48:09.818-0500] {logging_mixin.py:190} INFO - [2024-09-06T19:48:09.818-0500] {dag.py:4156} INFO - Setting next_dagrun for dataset_with_extra_by_context to 2024-09-06 00:00:00+00:00, run_after=2024-09-07 00:00:00+00:00
[2024-09-06T19:48:09.819-0500] {logging_mixin.py:190} INFO - [2024-09-06T19:48:09.819-0500] {dag.py:4156} INFO - Setting next_dagrun for dataset_with_extra_by_yield to 2024-09-06 00:00:00+00:00, run_after=2024-09-07 00:00:00+00:00
[2024-09-06T19:48:09.820-0500] {logging_mixin.py:190} INFO - [2024-09-06T19:48:09.820-0500] {dag.py:4156} INFO - Setting next_dagrun for dataset_with_extra_from_classic_operator to 2024-09-06 00:00:00+00:00, run_after=2024-09-07 00:00:00+00:00
[2024-09-06T19:48:09.829-0500] {processor.py:208} INFO - Processing /Users/binhpham/Library/Python/3.9/lib/python/site-packages/airflow/example_dags/example_outlet_event_extra.py took 0.129 seconds
[2024-09-06T19:50:00.872-0500] {processor.py:186} INFO - Started process (PID=35702) to work on /Users/binhpham/Library/Python/3.9/lib/python/site-packages/airflow/example_dags/example_outlet_event_extra.py
[2024-09-06T19:50:00.874-0500] {processor.py:914} INFO - Processing file /Users/binhpham/Library/Python/3.9/lib/python/site-packages/airflow/example_dags/example_outlet_event_extra.py for tasks to queue
[2024-09-06T19:50:00.874-0500] {logging_mixin.py:190} INFO - [2024-09-06T19:50:00.874-0500] {dagbag.py:587} INFO - Filling up the DagBag from /Users/binhpham/Library/Python/3.9/lib/python/site-packages/airflow/example_dags/example_outlet_event_extra.py
[2024-09-06T19:50:00.927-0500] {processor.py:925} INFO - DAG(s) 'dataset_with_extra_by_context', 'dataset_with_extra_by_yield', 'dataset_with_extra_from_classic_operator' retrieved from /Users/binhpham/Library/Python/3.9/lib/python/site-packages/airflow/example_dags/example_outlet_event_extra.py
[2024-09-06T19:50:00.970-0500] {logging_mixin.py:190} INFO - [2024-09-06T19:50:00.970-0500] {dag.py:3229} INFO - Sync 3 DAGs
[2024-09-06T19:50:00.978-0500] {logging_mixin.py:190} INFO - [2024-09-06T19:50:00.978-0500] {dag.py:4156} INFO - Setting next_dagrun for dataset_with_extra_by_context to 2024-09-06 00:00:00+00:00, run_after=2024-09-07 00:00:00+00:00
[2024-09-06T19:50:00.979-0500] {logging_mixin.py:190} INFO - [2024-09-06T19:50:00.979-0500] {dag.py:4156} INFO - Setting next_dagrun for dataset_with_extra_by_yield to 2024-09-06 00:00:00+00:00, run_after=2024-09-07 00:00:00+00:00
[2024-09-06T19:50:00.980-0500] {logging_mixin.py:190} INFO - [2024-09-06T19:50:00.980-0500] {dag.py:4156} INFO - Setting next_dagrun for dataset_with_extra_from_classic_operator to 2024-09-06 00:00:00+00:00, run_after=2024-09-07 00:00:00+00:00
[2024-09-06T19:50:00.988-0500] {processor.py:208} INFO - Processing /Users/binhpham/Library/Python/3.9/lib/python/site-packages/airflow/example_dags/example_outlet_event_extra.py took 0.117 seconds
[2024-09-06T19:52:42.959-0500] {processor.py:186} INFO - Started process (PID=36213) to work on /Users/binhpham/Library/Python/3.9/lib/python/site-packages/airflow/example_dags/example_outlet_event_extra.py
[2024-09-06T19:52:42.961-0500] {processor.py:914} INFO - Processing file /Users/binhpham/Library/Python/3.9/lib/python/site-packages/airflow/example_dags/example_outlet_event_extra.py for tasks to queue
[2024-09-06T19:52:42.961-0500] {logging_mixin.py:190} INFO - [2024-09-06T19:52:42.961-0500] {dagbag.py:587} INFO - Filling up the DagBag from /Users/binhpham/Library/Python/3.9/lib/python/site-packages/airflow/example_dags/example_outlet_event_extra.py
[2024-09-06T19:52:43.016-0500] {processor.py:925} INFO - DAG(s) 'dataset_with_extra_by_context', 'dataset_with_extra_from_classic_operator', 'dataset_with_extra_by_yield' retrieved from /Users/binhpham/Library/Python/3.9/lib/python/site-packages/airflow/example_dags/example_outlet_event_extra.py
[2024-09-06T19:52:43.059-0500] {logging_mixin.py:190} INFO - [2024-09-06T19:52:43.059-0500] {dag.py:3229} INFO - Sync 3 DAGs
[2024-09-06T19:52:43.066-0500] {logging_mixin.py:190} INFO - [2024-09-06T19:52:43.066-0500] {dag.py:4156} INFO - Setting next_dagrun for dataset_with_extra_by_context to 2024-09-06 00:00:00+00:00, run_after=2024-09-07 00:00:00+00:00
[2024-09-06T19:52:43.068-0500] {logging_mixin.py:190} INFO - [2024-09-06T19:52:43.068-0500] {dag.py:4156} INFO - Setting next_dagrun for dataset_with_extra_by_yield to 2024-09-06 00:00:00+00:00, run_after=2024-09-07 00:00:00+00:00
[2024-09-06T19:52:43.069-0500] {logging_mixin.py:190} INFO - [2024-09-06T19:52:43.069-0500] {dag.py:4156} INFO - Setting next_dagrun for dataset_with_extra_from_classic_operator to 2024-09-06 00:00:00+00:00, run_after=2024-09-07 00:00:00+00:00
[2024-09-06T19:52:43.077-0500] {processor.py:208} INFO - Processing /Users/binhpham/Library/Python/3.9/lib/python/site-packages/airflow/example_dags/example_outlet_event_extra.py took 0.120 seconds
[2024-09-06T19:54:32.454-0500] {processor.py:186} INFO - Started process (PID=36610) to work on /Users/binhpham/Library/Python/3.9/lib/python/site-packages/airflow/example_dags/example_outlet_event_extra.py
[2024-09-06T19:54:32.457-0500] {processor.py:914} INFO - Processing file /Users/binhpham/Library/Python/3.9/lib/python/site-packages/airflow/example_dags/example_outlet_event_extra.py for tasks to queue
[2024-09-06T19:54:32.457-0500] {logging_mixin.py:190} INFO - [2024-09-06T19:54:32.457-0500] {dagbag.py:587} INFO - Filling up the DagBag from /Users/binhpham/Library/Python/3.9/lib/python/site-packages/airflow/example_dags/example_outlet_event_extra.py
[2024-09-06T19:54:32.517-0500] {processor.py:925} INFO - DAG(s) 'dataset_with_extra_by_yield', 'dataset_with_extra_by_context', 'dataset_with_extra_from_classic_operator' retrieved from /Users/binhpham/Library/Python/3.9/lib/python/site-packages/airflow/example_dags/example_outlet_event_extra.py
[2024-09-06T19:54:32.561-0500] {logging_mixin.py:190} INFO - [2024-09-06T19:54:32.560-0500] {dag.py:3229} INFO - Sync 3 DAGs
[2024-09-06T19:54:32.568-0500] {logging_mixin.py:190} INFO - [2024-09-06T19:54:32.568-0500] {dag.py:4156} INFO - Setting next_dagrun for dataset_with_extra_by_context to 2024-09-06 00:00:00+00:00, run_after=2024-09-07 00:00:00+00:00
[2024-09-06T19:54:32.570-0500] {logging_mixin.py:190} INFO - [2024-09-06T19:54:32.570-0500] {dag.py:4156} INFO - Setting next_dagrun for dataset_with_extra_by_yield to 2024-09-06 00:00:00+00:00, run_after=2024-09-07 00:00:00+00:00
[2024-09-06T19:54:32.570-0500] {logging_mixin.py:190} INFO - [2024-09-06T19:54:32.570-0500] {dag.py:4156} INFO - Setting next_dagrun for dataset_with_extra_from_classic_operator to 2024-09-06 00:00:00+00:00, run_after=2024-09-07 00:00:00+00:00
[2024-09-06T19:54:32.579-0500] {processor.py:208} INFO - Processing /Users/binhpham/Library/Python/3.9/lib/python/site-packages/airflow/example_dags/example_outlet_event_extra.py took 0.126 seconds
[2024-09-06T19:56:23.781-0500] {processor.py:186} INFO - Started process (PID=36974) to work on /Users/binhpham/Library/Python/3.9/lib/python/site-packages/airflow/example_dags/example_outlet_event_extra.py
[2024-09-06T19:56:23.783-0500] {processor.py:914} INFO - Processing file /Users/binhpham/Library/Python/3.9/lib/python/site-packages/airflow/example_dags/example_outlet_event_extra.py for tasks to queue
[2024-09-06T19:56:23.784-0500] {logging_mixin.py:190} INFO - [2024-09-06T19:56:23.783-0500] {dagbag.py:587} INFO - Filling up the DagBag from /Users/binhpham/Library/Python/3.9/lib/python/site-packages/airflow/example_dags/example_outlet_event_extra.py
[2024-09-06T19:56:23.843-0500] {processor.py:925} INFO - DAG(s) 'dataset_with_extra_by_yield', 'dataset_with_extra_by_context', 'dataset_with_extra_from_classic_operator' retrieved from /Users/binhpham/Library/Python/3.9/lib/python/site-packages/airflow/example_dags/example_outlet_event_extra.py
[2024-09-06T19:56:23.889-0500] {logging_mixin.py:190} INFO - [2024-09-06T19:56:23.889-0500] {dag.py:3229} INFO - Sync 3 DAGs
[2024-09-06T19:56:23.897-0500] {logging_mixin.py:190} INFO - [2024-09-06T19:56:23.897-0500] {dag.py:4156} INFO - Setting next_dagrun for dataset_with_extra_by_context to 2024-09-06 00:00:00+00:00, run_after=2024-09-07 00:00:00+00:00
[2024-09-06T19:56:23.899-0500] {logging_mixin.py:190} INFO - [2024-09-06T19:56:23.899-0500] {dag.py:4156} INFO - Setting next_dagrun for dataset_with_extra_by_yield to 2024-09-06 00:00:00+00:00, run_after=2024-09-07 00:00:00+00:00
[2024-09-06T19:56:23.900-0500] {logging_mixin.py:190} INFO - [2024-09-06T19:56:23.900-0500] {dag.py:4156} INFO - Setting next_dagrun for dataset_with_extra_from_classic_operator to 2024-09-06 00:00:00+00:00, run_after=2024-09-07 00:00:00+00:00
[2024-09-06T19:56:23.908-0500] {processor.py:208} INFO - Processing /Users/binhpham/Library/Python/3.9/lib/python/site-packages/airflow/example_dags/example_outlet_event_extra.py took 0.129 seconds
[2024-09-06T19:59:08.303-0500] {processor.py:186} INFO - Started process (PID=37476) to work on /Users/binhpham/Library/Python/3.9/lib/python/site-packages/airflow/example_dags/example_outlet_event_extra.py
[2024-09-06T19:59:08.306-0500] {processor.py:914} INFO - Processing file /Users/binhpham/Library/Python/3.9/lib/python/site-packages/airflow/example_dags/example_outlet_event_extra.py for tasks to queue
[2024-09-06T19:59:08.306-0500] {logging_mixin.py:190} INFO - [2024-09-06T19:59:08.306-0500] {dagbag.py:587} INFO - Filling up the DagBag from /Users/binhpham/Library/Python/3.9/lib/python/site-packages/airflow/example_dags/example_outlet_event_extra.py
[2024-09-06T19:59:08.369-0500] {processor.py:925} INFO - DAG(s) 'dataset_with_extra_from_classic_operator', 'dataset_with_extra_by_context', 'dataset_with_extra_by_yield' retrieved from /Users/binhpham/Library/Python/3.9/lib/python/site-packages/airflow/example_dags/example_outlet_event_extra.py
[2024-09-06T19:59:08.415-0500] {logging_mixin.py:190} INFO - [2024-09-06T19:59:08.415-0500] {dag.py:3229} INFO - Sync 3 DAGs
[2024-09-06T19:59:08.423-0500] {logging_mixin.py:190} INFO - [2024-09-06T19:59:08.423-0500] {dag.py:4156} INFO - Setting next_dagrun for dataset_with_extra_by_context to 2024-09-06 00:00:00+00:00, run_after=2024-09-07 00:00:00+00:00
[2024-09-06T19:59:08.425-0500] {logging_mixin.py:190} INFO - [2024-09-06T19:59:08.425-0500] {dag.py:4156} INFO - Setting next_dagrun for dataset_with_extra_by_yield to 2024-09-06 00:00:00+00:00, run_after=2024-09-07 00:00:00+00:00
[2024-09-06T19:59:08.426-0500] {logging_mixin.py:190} INFO - [2024-09-06T19:59:08.426-0500] {dag.py:4156} INFO - Setting next_dagrun for dataset_with_extra_from_classic_operator to 2024-09-06 00:00:00+00:00, run_after=2024-09-07 00:00:00+00:00
[2024-09-06T19:59:08.435-0500] {processor.py:208} INFO - Processing /Users/binhpham/Library/Python/3.9/lib/python/site-packages/airflow/example_dags/example_outlet_event_extra.py took 0.133 seconds
[2024-09-06T20:01:50.651-0500] {processor.py:186} INFO - Started process (PID=37981) to work on /Users/binhpham/Library/Python/3.9/lib/python/site-packages/airflow/example_dags/example_outlet_event_extra.py
[2024-09-06T20:01:50.654-0500] {processor.py:914} INFO - Processing file /Users/binhpham/Library/Python/3.9/lib/python/site-packages/airflow/example_dags/example_outlet_event_extra.py for tasks to queue
[2024-09-06T20:01:50.654-0500] {logging_mixin.py:190} INFO - [2024-09-06T20:01:50.654-0500] {dagbag.py:587} INFO - Filling up the DagBag from /Users/binhpham/Library/Python/3.9/lib/python/site-packages/airflow/example_dags/example_outlet_event_extra.py
[2024-09-06T20:01:50.709-0500] {processor.py:925} INFO - DAG(s) 'dataset_with_extra_from_classic_operator', 'dataset_with_extra_by_yield', 'dataset_with_extra_by_context' retrieved from /Users/binhpham/Library/Python/3.9/lib/python/site-packages/airflow/example_dags/example_outlet_event_extra.py
[2024-09-06T20:01:50.753-0500] {logging_mixin.py:190} INFO - [2024-09-06T20:01:50.753-0500] {dag.py:3229} INFO - Sync 3 DAGs
[2024-09-06T20:01:50.761-0500] {logging_mixin.py:190} INFO - [2024-09-06T20:01:50.761-0500] {dag.py:4156} INFO - Setting next_dagrun for dataset_with_extra_by_context to 2024-09-06 00:00:00+00:00, run_after=2024-09-07 00:00:00+00:00
[2024-09-06T20:01:50.763-0500] {logging_mixin.py:190} INFO - [2024-09-06T20:01:50.762-0500] {dag.py:4156} INFO - Setting next_dagrun for dataset_with_extra_by_yield to 2024-09-06 00:00:00+00:00, run_after=2024-09-07 00:00:00+00:00
[2024-09-06T20:01:50.763-0500] {logging_mixin.py:190} INFO - [2024-09-06T20:01:50.763-0500] {dag.py:4156} INFO - Setting next_dagrun for dataset_with_extra_from_classic_operator to 2024-09-06 00:00:00+00:00, run_after=2024-09-07 00:00:00+00:00
[2024-09-06T20:01:50.772-0500] {processor.py:208} INFO - Processing /Users/binhpham/Library/Python/3.9/lib/python/site-packages/airflow/example_dags/example_outlet_event_extra.py took 0.123 seconds
[2024-09-06T20:04:29.636-0500] {processor.py:186} INFO - Started process (PID=38472) to work on /Users/binhpham/Library/Python/3.9/lib/python/site-packages/airflow/example_dags/example_outlet_event_extra.py
[2024-09-06T20:04:29.638-0500] {processor.py:914} INFO - Processing file /Users/binhpham/Library/Python/3.9/lib/python/site-packages/airflow/example_dags/example_outlet_event_extra.py for tasks to queue
[2024-09-06T20:04:29.639-0500] {logging_mixin.py:190} INFO - [2024-09-06T20:04:29.639-0500] {dagbag.py:587} INFO - Filling up the DagBag from /Users/binhpham/Library/Python/3.9/lib/python/site-packages/airflow/example_dags/example_outlet_event_extra.py
[2024-09-06T20:04:29.693-0500] {processor.py:925} INFO - DAG(s) 'dataset_with_extra_by_yield', 'dataset_with_extra_from_classic_operator', 'dataset_with_extra_by_context' retrieved from /Users/binhpham/Library/Python/3.9/lib/python/site-packages/airflow/example_dags/example_outlet_event_extra.py
[2024-09-06T20:04:29.737-0500] {logging_mixin.py:190} INFO - [2024-09-06T20:04:29.737-0500] {dag.py:3229} INFO - Sync 3 DAGs
[2024-09-06T20:04:29.746-0500] {logging_mixin.py:190} INFO - [2024-09-06T20:04:29.745-0500] {dag.py:4156} INFO - Setting next_dagrun for dataset_with_extra_by_context to 2024-09-06 00:00:00+00:00, run_after=2024-09-07 00:00:00+00:00
[2024-09-06T20:04:29.747-0500] {logging_mixin.py:190} INFO - [2024-09-06T20:04:29.747-0500] {dag.py:4156} INFO - Setting next_dagrun for dataset_with_extra_by_yield to 2024-09-06 00:00:00+00:00, run_after=2024-09-07 00:00:00+00:00
[2024-09-06T20:04:29.749-0500] {logging_mixin.py:190} INFO - [2024-09-06T20:04:29.748-0500] {dag.py:4156} INFO - Setting next_dagrun for dataset_with_extra_from_classic_operator to 2024-09-06 00:00:00+00:00, run_after=2024-09-07 00:00:00+00:00
[2024-09-06T20:04:29.759-0500] {processor.py:208} INFO - Processing /Users/binhpham/Library/Python/3.9/lib/python/site-packages/airflow/example_dags/example_outlet_event_extra.py took 0.124 seconds
[2024-09-06T20:07:12.070-0500] {processor.py:186} INFO - Started process (PID=38965) to work on /Users/binhpham/Library/Python/3.9/lib/python/site-packages/airflow/example_dags/example_outlet_event_extra.py
[2024-09-06T20:07:12.072-0500] {processor.py:914} INFO - Processing file /Users/binhpham/Library/Python/3.9/lib/python/site-packages/airflow/example_dags/example_outlet_event_extra.py for tasks to queue
[2024-09-06T20:07:12.072-0500] {logging_mixin.py:190} INFO - [2024-09-06T20:07:12.072-0500] {dagbag.py:587} INFO - Filling up the DagBag from /Users/binhpham/Library/Python/3.9/lib/python/site-packages/airflow/example_dags/example_outlet_event_extra.py
[2024-09-06T20:07:12.133-0500] {processor.py:925} INFO - DAG(s) 'dataset_with_extra_by_yield', 'dataset_with_extra_by_context', 'dataset_with_extra_from_classic_operator' retrieved from /Users/binhpham/Library/Python/3.9/lib/python/site-packages/airflow/example_dags/example_outlet_event_extra.py
[2024-09-06T20:07:12.176-0500] {logging_mixin.py:190} INFO - [2024-09-06T20:07:12.176-0500] {dag.py:3229} INFO - Sync 3 DAGs
[2024-09-06T20:07:12.184-0500] {logging_mixin.py:190} INFO - [2024-09-06T20:07:12.184-0500] {dag.py:4156} INFO - Setting next_dagrun for dataset_with_extra_by_context to 2024-09-06 00:00:00+00:00, run_after=2024-09-07 00:00:00+00:00
[2024-09-06T20:07:12.185-0500] {logging_mixin.py:190} INFO - [2024-09-06T20:07:12.185-0500] {dag.py:4156} INFO - Setting next_dagrun for dataset_with_extra_by_yield to 2024-09-06 00:00:00+00:00, run_after=2024-09-07 00:00:00+00:00
[2024-09-06T20:07:12.186-0500] {logging_mixin.py:190} INFO - [2024-09-06T20:07:12.186-0500] {dag.py:4156} INFO - Setting next_dagrun for dataset_with_extra_from_classic_operator to 2024-09-06 00:00:00+00:00, run_after=2024-09-07 00:00:00+00:00
[2024-09-06T20:07:12.194-0500] {processor.py:208} INFO - Processing /Users/binhpham/Library/Python/3.9/lib/python/site-packages/airflow/example_dags/example_outlet_event_extra.py took 0.126 seconds
[2024-09-06T20:09:58.453-0500] {processor.py:186} INFO - Started process (PID=39497) to work on /Users/binhpham/Library/Python/3.9/lib/python/site-packages/airflow/example_dags/example_outlet_event_extra.py
[2024-09-06T20:09:58.455-0500] {processor.py:914} INFO - Processing file /Users/binhpham/Library/Python/3.9/lib/python/site-packages/airflow/example_dags/example_outlet_event_extra.py for tasks to queue
[2024-09-06T20:09:58.455-0500] {logging_mixin.py:190} INFO - [2024-09-06T20:09:58.455-0500] {dagbag.py:587} INFO - Filling up the DagBag from /Users/binhpham/Library/Python/3.9/lib/python/site-packages/airflow/example_dags/example_outlet_event_extra.py
[2024-09-06T20:09:58.520-0500] {processor.py:925} INFO - DAG(s) 'dataset_with_extra_by_yield', 'dataset_with_extra_by_context', 'dataset_with_extra_from_classic_operator' retrieved from /Users/binhpham/Library/Python/3.9/lib/python/site-packages/airflow/example_dags/example_outlet_event_extra.py
[2024-09-06T20:09:58.567-0500] {logging_mixin.py:190} INFO - [2024-09-06T20:09:58.566-0500] {dag.py:3229} INFO - Sync 3 DAGs
[2024-09-06T20:09:58.574-0500] {logging_mixin.py:190} INFO - [2024-09-06T20:09:58.574-0500] {dag.py:4156} INFO - Setting next_dagrun for dataset_with_extra_by_context to 2024-09-06 00:00:00+00:00, run_after=2024-09-07 00:00:00+00:00
[2024-09-06T20:09:58.576-0500] {logging_mixin.py:190} INFO - [2024-09-06T20:09:58.576-0500] {dag.py:4156} INFO - Setting next_dagrun for dataset_with_extra_by_yield to 2024-09-06 00:00:00+00:00, run_after=2024-09-07 00:00:00+00:00
[2024-09-06T20:09:58.577-0500] {logging_mixin.py:190} INFO - [2024-09-06T20:09:58.577-0500] {dag.py:4156} INFO - Setting next_dagrun for dataset_with_extra_from_classic_operator to 2024-09-06 00:00:00+00:00, run_after=2024-09-07 00:00:00+00:00
[2024-09-06T20:09:58.587-0500] {processor.py:208} INFO - Processing /Users/binhpham/Library/Python/3.9/lib/python/site-packages/airflow/example_dags/example_outlet_event_extra.py took 0.136 seconds
[2024-09-06T20:12:39.516-0500] {processor.py:186} INFO - Started process (PID=40022) to work on /Users/binhpham/Library/Python/3.9/lib/python/site-packages/airflow/example_dags/example_outlet_event_extra.py
[2024-09-06T20:12:39.518-0500] {processor.py:914} INFO - Processing file /Users/binhpham/Library/Python/3.9/lib/python/site-packages/airflow/example_dags/example_outlet_event_extra.py for tasks to queue
[2024-09-06T20:12:39.518-0500] {logging_mixin.py:190} INFO - [2024-09-06T20:12:39.518-0500] {dagbag.py:587} INFO - Filling up the DagBag from /Users/binhpham/Library/Python/3.9/lib/python/site-packages/airflow/example_dags/example_outlet_event_extra.py
[2024-09-06T20:12:39.594-0500] {processor.py:925} INFO - DAG(s) 'dataset_with_extra_by_yield', 'dataset_with_extra_by_context', 'dataset_with_extra_from_classic_operator' retrieved from /Users/binhpham/Library/Python/3.9/lib/python/site-packages/airflow/example_dags/example_outlet_event_extra.py
[2024-09-06T20:12:39.642-0500] {logging_mixin.py:190} INFO - [2024-09-06T20:12:39.642-0500] {dag.py:3229} INFO - Sync 3 DAGs
[2024-09-06T20:12:39.650-0500] {logging_mixin.py:190} INFO - [2024-09-06T20:12:39.650-0500] {dag.py:4156} INFO - Setting next_dagrun for dataset_with_extra_by_context to 2024-09-06 00:00:00+00:00, run_after=2024-09-07 00:00:00+00:00
[2024-09-06T20:12:39.652-0500] {logging_mixin.py:190} INFO - [2024-09-06T20:12:39.652-0500] {dag.py:4156} INFO - Setting next_dagrun for dataset_with_extra_by_yield to 2024-09-06 00:00:00+00:00, run_after=2024-09-07 00:00:00+00:00
[2024-09-06T20:12:39.653-0500] {logging_mixin.py:190} INFO - [2024-09-06T20:12:39.653-0500] {dag.py:4156} INFO - Setting next_dagrun for dataset_with_extra_from_classic_operator to 2024-09-06 00:00:00+00:00, run_after=2024-09-07 00:00:00+00:00
[2024-09-06T20:12:39.662-0500] {processor.py:208} INFO - Processing /Users/binhpham/Library/Python/3.9/lib/python/site-packages/airflow/example_dags/example_outlet_event_extra.py took 0.148 seconds
[2024-09-06T20:15:55.585-0500] {processor.py:186} INFO - Started process (PID=40704) to work on /Users/binhpham/Library/Python/3.9/lib/python/site-packages/airflow/example_dags/example_outlet_event_extra.py
[2024-09-06T20:15:55.587-0500] {processor.py:914} INFO - Processing file /Users/binhpham/Library/Python/3.9/lib/python/site-packages/airflow/example_dags/example_outlet_event_extra.py for tasks to queue
[2024-09-06T20:15:55.588-0500] {logging_mixin.py:190} INFO - [2024-09-06T20:15:55.588-0500] {dagbag.py:587} INFO - Filling up the DagBag from /Users/binhpham/Library/Python/3.9/lib/python/site-packages/airflow/example_dags/example_outlet_event_extra.py
[2024-09-06T20:15:55.653-0500] {processor.py:925} INFO - DAG(s) 'dataset_with_extra_by_yield', 'dataset_with_extra_from_classic_operator', 'dataset_with_extra_by_context' retrieved from /Users/binhpham/Library/Python/3.9/lib/python/site-packages/airflow/example_dags/example_outlet_event_extra.py
[2024-09-06T20:15:55.700-0500] {logging_mixin.py:190} INFO - [2024-09-06T20:15:55.700-0500] {dag.py:3229} INFO - Sync 3 DAGs
[2024-09-06T20:15:55.708-0500] {logging_mixin.py:190} INFO - [2024-09-06T20:15:55.708-0500] {dag.py:4156} INFO - Setting next_dagrun for dataset_with_extra_by_context to 2024-09-06 00:00:00+00:00, run_after=2024-09-07 00:00:00+00:00
[2024-09-06T20:15:55.709-0500] {logging_mixin.py:190} INFO - [2024-09-06T20:15:55.709-0500] {dag.py:4156} INFO - Setting next_dagrun for dataset_with_extra_by_yield to 2024-09-06 00:00:00+00:00, run_after=2024-09-07 00:00:00+00:00
[2024-09-06T20:15:55.710-0500] {logging_mixin.py:190} INFO - [2024-09-06T20:15:55.710-0500] {dag.py:4156} INFO - Setting next_dagrun for dataset_with_extra_from_classic_operator to 2024-09-06 00:00:00+00:00, run_after=2024-09-07 00:00:00+00:00
[2024-09-06T20:15:55.719-0500] {processor.py:208} INFO - Processing /Users/binhpham/Library/Python/3.9/lib/python/site-packages/airflow/example_dags/example_outlet_event_extra.py took 0.135 seconds
[2024-09-06T20:22:46.313-0500] {processor.py:186} INFO - Started process (PID=42927) to work on /Users/binhpham/Library/Python/3.9/lib/python/site-packages/airflow/example_dags/example_outlet_event_extra.py
[2024-09-06T20:22:46.315-0500] {processor.py:914} INFO - Processing file /Users/binhpham/Library/Python/3.9/lib/python/site-packages/airflow/example_dags/example_outlet_event_extra.py for tasks to queue
[2024-09-06T20:22:46.316-0500] {logging_mixin.py:190} INFO - [2024-09-06T20:22:46.316-0500] {dagbag.py:587} INFO - Filling up the DagBag from /Users/binhpham/Library/Python/3.9/lib/python/site-packages/airflow/example_dags/example_outlet_event_extra.py
[2024-09-06T20:22:46.383-0500] {processor.py:925} INFO - DAG(s) 'dataset_with_extra_by_yield', 'dataset_with_extra_from_classic_operator', 'dataset_with_extra_by_context' retrieved from /Users/binhpham/Library/Python/3.9/lib/python/site-packages/airflow/example_dags/example_outlet_event_extra.py
[2024-09-06T20:22:46.427-0500] {logging_mixin.py:190} INFO - [2024-09-06T20:22:46.427-0500] {dag.py:3229} INFO - Sync 3 DAGs
[2024-09-06T20:22:46.435-0500] {logging_mixin.py:190} INFO - [2024-09-06T20:22:46.435-0500] {dag.py:4156} INFO - Setting next_dagrun for dataset_with_extra_by_context to 2024-09-06 00:00:00+00:00, run_after=2024-09-07 00:00:00+00:00
[2024-09-06T20:22:46.437-0500] {logging_mixin.py:190} INFO - [2024-09-06T20:22:46.437-0500] {dag.py:4156} INFO - Setting next_dagrun for dataset_with_extra_by_yield to 2024-09-06 00:00:00+00:00, run_after=2024-09-07 00:00:00+00:00
[2024-09-06T20:22:46.438-0500] {logging_mixin.py:190} INFO - [2024-09-06T20:22:46.438-0500] {dag.py:4156} INFO - Setting next_dagrun for dataset_with_extra_from_classic_operator to 2024-09-06 00:00:00+00:00, run_after=2024-09-07 00:00:00+00:00
[2024-09-06T20:22:46.446-0500] {processor.py:208} INFO - Processing /Users/binhpham/Library/Python/3.9/lib/python/site-packages/airflow/example_dags/example_outlet_event_extra.py took 0.135 seconds
[2024-09-06T20:24:38.031-0500] {processor.py:186} INFO - Started process (PID=43264) to work on /Users/binhpham/Library/Python/3.9/lib/python/site-packages/airflow/example_dags/example_outlet_event_extra.py
[2024-09-06T20:24:38.033-0500] {processor.py:914} INFO - Processing file /Users/binhpham/Library/Python/3.9/lib/python/site-packages/airflow/example_dags/example_outlet_event_extra.py for tasks to queue
[2024-09-06T20:24:38.033-0500] {logging_mixin.py:190} INFO - [2024-09-06T20:24:38.033-0500] {dagbag.py:587} INFO - Filling up the DagBag from /Users/binhpham/Library/Python/3.9/lib/python/site-packages/airflow/example_dags/example_outlet_event_extra.py
[2024-09-06T20:24:38.101-0500] {processor.py:925} INFO - DAG(s) 'dataset_with_extra_by_context', 'dataset_with_extra_from_classic_operator', 'dataset_with_extra_by_yield' retrieved from /Users/binhpham/Library/Python/3.9/lib/python/site-packages/airflow/example_dags/example_outlet_event_extra.py
[2024-09-06T20:24:38.146-0500] {logging_mixin.py:190} INFO - [2024-09-06T20:24:38.146-0500] {dag.py:3229} INFO - Sync 3 DAGs
[2024-09-06T20:24:38.153-0500] {logging_mixin.py:190} INFO - [2024-09-06T20:24:38.153-0500] {dag.py:4156} INFO - Setting next_dagrun for dataset_with_extra_by_context to 2024-09-06 00:00:00+00:00, run_after=2024-09-07 00:00:00+00:00
[2024-09-06T20:24:38.155-0500] {logging_mixin.py:190} INFO - [2024-09-06T20:24:38.155-0500] {dag.py:4156} INFO - Setting next_dagrun for dataset_with_extra_by_yield to 2024-09-06 00:00:00+00:00, run_after=2024-09-07 00:00:00+00:00
[2024-09-06T20:24:38.156-0500] {logging_mixin.py:190} INFO - [2024-09-06T20:24:38.156-0500] {dag.py:4156} INFO - Setting next_dagrun for dataset_with_extra_from_classic_operator to 2024-09-06 00:00:00+00:00, run_after=2024-09-07 00:00:00+00:00
[2024-09-06T20:24:38.164-0500] {processor.py:208} INFO - Processing /Users/binhpham/Library/Python/3.9/lib/python/site-packages/airflow/example_dags/example_outlet_event_extra.py took 0.135 seconds
[2024-09-06T20:27:52.421-0500] {processor.py:186} INFO - Started process (PID=43925) to work on /Users/binhpham/Library/Python/3.9/lib/python/site-packages/airflow/example_dags/example_outlet_event_extra.py
[2024-09-06T20:27:52.423-0500] {processor.py:914} INFO - Processing file /Users/binhpham/Library/Python/3.9/lib/python/site-packages/airflow/example_dags/example_outlet_event_extra.py for tasks to queue
[2024-09-06T20:27:52.424-0500] {logging_mixin.py:190} INFO - [2024-09-06T20:27:52.423-0500] {dagbag.py:587} INFO - Filling up the DagBag from /Users/binhpham/Library/Python/3.9/lib/python/site-packages/airflow/example_dags/example_outlet_event_extra.py
[2024-09-06T20:27:52.489-0500] {processor.py:925} INFO - DAG(s) 'dataset_with_extra_by_context', 'dataset_with_extra_by_yield', 'dataset_with_extra_from_classic_operator' retrieved from /Users/binhpham/Library/Python/3.9/lib/python/site-packages/airflow/example_dags/example_outlet_event_extra.py
[2024-09-06T20:27:52.533-0500] {logging_mixin.py:190} INFO - [2024-09-06T20:27:52.532-0500] {dag.py:3229} INFO - Sync 3 DAGs
[2024-09-06T20:27:52.540-0500] {logging_mixin.py:190} INFO - [2024-09-06T20:27:52.540-0500] {dag.py:4156} INFO - Setting next_dagrun for dataset_with_extra_by_context to 2024-09-06 00:00:00+00:00, run_after=2024-09-07 00:00:00+00:00
[2024-09-06T20:27:52.542-0500] {logging_mixin.py:190} INFO - [2024-09-06T20:27:52.542-0500] {dag.py:4156} INFO - Setting next_dagrun for dataset_with_extra_by_yield to 2024-09-06 00:00:00+00:00, run_after=2024-09-07 00:00:00+00:00
[2024-09-06T20:27:52.543-0500] {logging_mixin.py:190} INFO - [2024-09-06T20:27:52.542-0500] {dag.py:4156} INFO - Setting next_dagrun for dataset_with_extra_from_classic_operator to 2024-09-06 00:00:00+00:00, run_after=2024-09-07 00:00:00+00:00
[2024-09-06T20:27:52.551-0500] {processor.py:208} INFO - Processing /Users/binhpham/Library/Python/3.9/lib/python/site-packages/airflow/example_dags/example_outlet_event_extra.py took 0.131 seconds
[2024-09-06T20:29:45.224-0500] {processor.py:186} INFO - Started process (PID=44312) to work on /Users/binhpham/Library/Python/3.9/lib/python/site-packages/airflow/example_dags/example_outlet_event_extra.py
[2024-09-06T20:29:45.227-0500] {processor.py:914} INFO - Processing file /Users/binhpham/Library/Python/3.9/lib/python/site-packages/airflow/example_dags/example_outlet_event_extra.py for tasks to queue
[2024-09-06T20:29:45.227-0500] {logging_mixin.py:190} INFO - [2024-09-06T20:29:45.227-0500] {dagbag.py:587} INFO - Filling up the DagBag from /Users/binhpham/Library/Python/3.9/lib/python/site-packages/airflow/example_dags/example_outlet_event_extra.py
[2024-09-06T20:29:45.292-0500] {processor.py:925} INFO - DAG(s) 'dataset_with_extra_by_context', 'dataset_with_extra_by_yield', 'dataset_with_extra_from_classic_operator' retrieved from /Users/binhpham/Library/Python/3.9/lib/python/site-packages/airflow/example_dags/example_outlet_event_extra.py
[2024-09-06T20:29:45.335-0500] {logging_mixin.py:190} INFO - [2024-09-06T20:29:45.335-0500] {dag.py:3229} INFO - Sync 3 DAGs
[2024-09-06T20:29:45.343-0500] {logging_mixin.py:190} INFO - [2024-09-06T20:29:45.343-0500] {dag.py:4156} INFO - Setting next_dagrun for dataset_with_extra_by_context to 2024-09-06 00:00:00+00:00, run_after=2024-09-07 00:00:00+00:00
[2024-09-06T20:29:45.344-0500] {logging_mixin.py:190} INFO - [2024-09-06T20:29:45.344-0500] {dag.py:4156} INFO - Setting next_dagrun for dataset_with_extra_by_yield to 2024-09-06 00:00:00+00:00, run_after=2024-09-07 00:00:00+00:00
[2024-09-06T20:29:45.345-0500] {logging_mixin.py:190} INFO - [2024-09-06T20:29:45.345-0500] {dag.py:4156} INFO - Setting next_dagrun for dataset_with_extra_from_classic_operator to 2024-09-06 00:00:00+00:00, run_after=2024-09-07 00:00:00+00:00
[2024-09-06T20:29:45.353-0500] {processor.py:208} INFO - Processing /Users/binhpham/Library/Python/3.9/lib/python/site-packages/airflow/example_dags/example_outlet_event_extra.py took 0.130 seconds
[2024-09-06T20:32:26.739-0500] {processor.py:186} INFO - Started process (PID=44831) to work on /Users/binhpham/Library/Python/3.9/lib/python/site-packages/airflow/example_dags/example_outlet_event_extra.py
[2024-09-06T20:32:26.741-0500] {processor.py:914} INFO - Processing file /Users/binhpham/Library/Python/3.9/lib/python/site-packages/airflow/example_dags/example_outlet_event_extra.py for tasks to queue
[2024-09-06T20:32:26.741-0500] {logging_mixin.py:190} INFO - [2024-09-06T20:32:26.741-0500] {dagbag.py:587} INFO - Filling up the DagBag from /Users/binhpham/Library/Python/3.9/lib/python/site-packages/airflow/example_dags/example_outlet_event_extra.py
[2024-09-06T20:32:26.805-0500] {processor.py:925} INFO - DAG(s) 'dataset_with_extra_by_yield', 'dataset_with_extra_by_context', 'dataset_with_extra_from_classic_operator' retrieved from /Users/binhpham/Library/Python/3.9/lib/python/site-packages/airflow/example_dags/example_outlet_event_extra.py
[2024-09-06T20:32:26.853-0500] {logging_mixin.py:190} INFO - [2024-09-06T20:32:26.853-0500] {dag.py:3229} INFO - Sync 3 DAGs
[2024-09-06T20:32:26.861-0500] {logging_mixin.py:190} INFO - [2024-09-06T20:32:26.861-0500] {dag.py:4156} INFO - Setting next_dagrun for dataset_with_extra_by_context to 2024-09-06 00:00:00+00:00, run_after=2024-09-07 00:00:00+00:00
[2024-09-06T20:32:26.863-0500] {logging_mixin.py:190} INFO - [2024-09-06T20:32:26.863-0500] {dag.py:4156} INFO - Setting next_dagrun for dataset_with_extra_by_yield to 2024-09-06 00:00:00+00:00, run_after=2024-09-07 00:00:00+00:00
[2024-09-06T20:32:26.864-0500] {logging_mixin.py:190} INFO - [2024-09-06T20:32:26.864-0500] {dag.py:4156} INFO - Setting next_dagrun for dataset_with_extra_from_classic_operator to 2024-09-06 00:00:00+00:00, run_after=2024-09-07 00:00:00+00:00
[2024-09-06T20:32:26.873-0500] {processor.py:208} INFO - Processing /Users/binhpham/Library/Python/3.9/lib/python/site-packages/airflow/example_dags/example_outlet_event_extra.py took 0.135 seconds
[2024-09-06T20:34:24.282-0500] {processor.py:186} INFO - Started process (PID=45218) to work on /Users/binhpham/Library/Python/3.9/lib/python/site-packages/airflow/example_dags/example_outlet_event_extra.py
[2024-09-06T20:34:24.284-0500] {processor.py:914} INFO - Processing file /Users/binhpham/Library/Python/3.9/lib/python/site-packages/airflow/example_dags/example_outlet_event_extra.py for tasks to queue
[2024-09-06T20:34:24.284-0500] {logging_mixin.py:190} INFO - [2024-09-06T20:34:24.284-0500] {dagbag.py:587} INFO - Filling up the DagBag from /Users/binhpham/Library/Python/3.9/lib/python/site-packages/airflow/example_dags/example_outlet_event_extra.py
[2024-09-06T20:34:24.348-0500] {processor.py:925} INFO - DAG(s) 'dataset_with_extra_by_yield', 'dataset_with_extra_from_classic_operator', 'dataset_with_extra_by_context' retrieved from /Users/binhpham/Library/Python/3.9/lib/python/site-packages/airflow/example_dags/example_outlet_event_extra.py
[2024-09-06T20:34:24.395-0500] {logging_mixin.py:190} INFO - [2024-09-06T20:34:24.395-0500] {dag.py:3229} INFO - Sync 3 DAGs
[2024-09-06T20:34:24.403-0500] {logging_mixin.py:190} INFO - [2024-09-06T20:34:24.403-0500] {dag.py:4156} INFO - Setting next_dagrun for dataset_with_extra_by_context to 2024-09-06 00:00:00+00:00, run_after=2024-09-07 00:00:00+00:00
[2024-09-06T20:34:24.404-0500] {logging_mixin.py:190} INFO - [2024-09-06T20:34:24.404-0500] {dag.py:4156} INFO - Setting next_dagrun for dataset_with_extra_by_yield to 2024-09-06 00:00:00+00:00, run_after=2024-09-07 00:00:00+00:00
[2024-09-06T20:34:24.405-0500] {logging_mixin.py:190} INFO - [2024-09-06T20:34:24.405-0500] {dag.py:4156} INFO - Setting next_dagrun for dataset_with_extra_from_classic_operator to 2024-09-06 00:00:00+00:00, run_after=2024-09-07 00:00:00+00:00
[2024-09-06T20:34:24.413-0500] {processor.py:208} INFO - Processing /Users/binhpham/Library/Python/3.9/lib/python/site-packages/airflow/example_dags/example_outlet_event_extra.py took 0.133 seconds
[2024-09-06T20:36:17.334-0500] {processor.py:186} INFO - Started process (PID=45585) to work on /Users/binhpham/Library/Python/3.9/lib/python/site-packages/airflow/example_dags/example_outlet_event_extra.py
[2024-09-06T20:36:17.337-0500] {processor.py:914} INFO - Processing file /Users/binhpham/Library/Python/3.9/lib/python/site-packages/airflow/example_dags/example_outlet_event_extra.py for tasks to queue
[2024-09-06T20:36:17.337-0500] {logging_mixin.py:190} INFO - [2024-09-06T20:36:17.337-0500] {dagbag.py:587} INFO - Filling up the DagBag from /Users/binhpham/Library/Python/3.9/lib/python/site-packages/airflow/example_dags/example_outlet_event_extra.py
[2024-09-06T20:36:17.404-0500] {processor.py:925} INFO - DAG(s) 'dataset_with_extra_from_classic_operator', 'dataset_with_extra_by_yield', 'dataset_with_extra_by_context' retrieved from /Users/binhpham/Library/Python/3.9/lib/python/site-packages/airflow/example_dags/example_outlet_event_extra.py
[2024-09-06T20:36:17.452-0500] {logging_mixin.py:190} INFO - [2024-09-06T20:36:17.452-0500] {dag.py:3229} INFO - Sync 3 DAGs
[2024-09-06T20:36:17.460-0500] {logging_mixin.py:190} INFO - [2024-09-06T20:36:17.460-0500] {dag.py:4156} INFO - Setting next_dagrun for dataset_with_extra_by_context to 2024-09-06 00:00:00+00:00, run_after=2024-09-07 00:00:00+00:00
[2024-09-06T20:36:17.461-0500] {logging_mixin.py:190} INFO - [2024-09-06T20:36:17.461-0500] {dag.py:4156} INFO - Setting next_dagrun for dataset_with_extra_by_yield to 2024-09-06 00:00:00+00:00, run_after=2024-09-07 00:00:00+00:00
[2024-09-06T20:36:17.462-0500] {logging_mixin.py:190} INFO - [2024-09-06T20:36:17.462-0500] {dag.py:4156} INFO - Setting next_dagrun for dataset_with_extra_from_classic_operator to 2024-09-06 00:00:00+00:00, run_after=2024-09-07 00:00:00+00:00
[2024-09-06T20:36:17.470-0500] {processor.py:208} INFO - Processing /Users/binhpham/Library/Python/3.9/lib/python/site-packages/airflow/example_dags/example_outlet_event_extra.py took 0.138 seconds
