[2024-09-06T19:46:15.270-0500] {processor.py:186} INFO - Started process (PID=34886) to work on /Users/binhpham/Library/Python/3.9/lib/python/site-packages/airflow/example_dags/example_dataset_alias.py
[2024-09-06T19:46:15.271-0500] {processor.py:914} INFO - Processing file /Users/binhpham/Library/Python/3.9/lib/python/site-packages/airflow/example_dags/example_dataset_alias.py for tasks to queue
[2024-09-06T19:46:15.271-0500] {logging_mixin.py:190} INFO - [2024-09-06T19:46:15.271-0500] {dagbag.py:587} INFO - Filling up the DagBag from /Users/binhpham/Library/Python/3.9/lib/python/site-packages/airflow/example_dags/example_dataset_alias.py
[2024-09-06T19:46:15.368-0500] {processor.py:925} INFO - DAG(s) 'dataset_alias_example_alias_consumer', 'dataset_s3_bucket_producer', 'dataset_s3_bucket_consumer', 'dataset_alias_example_alias_producer' retrieved from /Users/binhpham/Library/Python/3.9/lib/python/site-packages/airflow/example_dags/example_dataset_alias.py
[2024-09-06T19:46:15.411-0500] {logging_mixin.py:190} INFO - [2024-09-06T19:46:15.411-0500] {override.py:1900} INFO - Created Permission View: can read on DAG:dataset_alias_example_alias_consumer
[2024-09-06T19:46:15.415-0500] {logging_mixin.py:190} INFO - [2024-09-06T19:46:15.415-0500] {override.py:1900} INFO - Created Permission View: can edit on DAG:dataset_alias_example_alias_consumer
[2024-09-06T19:46:15.418-0500] {logging_mixin.py:190} INFO - [2024-09-06T19:46:15.418-0500] {override.py:1900} INFO - Created Permission View: can delete on DAG:dataset_alias_example_alias_consumer
[2024-09-06T19:46:15.421-0500] {logging_mixin.py:190} INFO - [2024-09-06T19:46:15.421-0500] {override.py:1900} INFO - Created Permission View: can read on DAG Run:dataset_alias_example_alias_consumer
[2024-09-06T19:46:15.423-0500] {logging_mixin.py:190} INFO - [2024-09-06T19:46:15.423-0500] {override.py:1900} INFO - Created Permission View: can create on DAG Run:dataset_alias_example_alias_consumer
[2024-09-06T19:46:15.425-0500] {logging_mixin.py:190} INFO - [2024-09-06T19:46:15.425-0500] {override.py:1900} INFO - Created Permission View: can delete on DAG Run:dataset_alias_example_alias_consumer
[2024-09-06T19:46:15.428-0500] {logging_mixin.py:190} INFO - [2024-09-06T19:46:15.428-0500] {override.py:1900} INFO - Created Permission View: menu access on DAG Run:dataset_alias_example_alias_consumer
[2024-09-06T19:46:15.433-0500] {logging_mixin.py:190} INFO - [2024-09-06T19:46:15.433-0500] {override.py:1900} INFO - Created Permission View: can read on DAG:dataset_s3_bucket_producer
[2024-09-06T19:46:15.436-0500] {logging_mixin.py:190} INFO - [2024-09-06T19:46:15.436-0500] {override.py:1900} INFO - Created Permission View: can edit on DAG:dataset_s3_bucket_producer
[2024-09-06T19:46:15.472-0500] {logging_mixin.py:190} INFO - [2024-09-06T19:46:15.472-0500] {override.py:1900} INFO - Created Permission View: can delete on DAG:dataset_s3_bucket_producer
[2024-09-06T19:46:15.475-0500] {logging_mixin.py:190} INFO - [2024-09-06T19:46:15.475-0500] {override.py:1900} INFO - Created Permission View: can read on DAG Run:dataset_s3_bucket_producer
[2024-09-06T19:46:15.477-0500] {logging_mixin.py:190} INFO - [2024-09-06T19:46:15.477-0500] {override.py:1900} INFO - Created Permission View: can create on DAG Run:dataset_s3_bucket_producer
[2024-09-06T19:46:15.479-0500] {logging_mixin.py:190} INFO - [2024-09-06T19:46:15.479-0500] {override.py:1900} INFO - Created Permission View: can delete on DAG Run:dataset_s3_bucket_producer
[2024-09-06T19:46:15.481-0500] {logging_mixin.py:190} INFO - [2024-09-06T19:46:15.481-0500] {override.py:1900} INFO - Created Permission View: menu access on DAG Run:dataset_s3_bucket_producer
[2024-09-06T19:46:15.486-0500] {logging_mixin.py:190} INFO - [2024-09-06T19:46:15.486-0500] {override.py:1900} INFO - Created Permission View: can read on DAG:dataset_s3_bucket_consumer
[2024-09-06T19:46:15.488-0500] {logging_mixin.py:190} INFO - [2024-09-06T19:46:15.488-0500] {override.py:1900} INFO - Created Permission View: can edit on DAG:dataset_s3_bucket_consumer
[2024-09-06T19:46:15.490-0500] {logging_mixin.py:190} INFO - [2024-09-06T19:46:15.490-0500] {override.py:1900} INFO - Created Permission View: can delete on DAG:dataset_s3_bucket_consumer
[2024-09-06T19:46:15.493-0500] {logging_mixin.py:190} INFO - [2024-09-06T19:46:15.493-0500] {override.py:1900} INFO - Created Permission View: can read on DAG Run:dataset_s3_bucket_consumer
[2024-09-06T19:46:15.495-0500] {logging_mixin.py:190} INFO - [2024-09-06T19:46:15.495-0500] {override.py:1900} INFO - Created Permission View: can create on DAG Run:dataset_s3_bucket_consumer
[2024-09-06T19:46:15.497-0500] {logging_mixin.py:190} INFO - [2024-09-06T19:46:15.497-0500] {override.py:1900} INFO - Created Permission View: can delete on DAG Run:dataset_s3_bucket_consumer
[2024-09-06T19:46:15.500-0500] {logging_mixin.py:190} INFO - [2024-09-06T19:46:15.500-0500] {override.py:1900} INFO - Created Permission View: menu access on DAG Run:dataset_s3_bucket_consumer
[2024-09-06T19:46:15.505-0500] {logging_mixin.py:190} INFO - [2024-09-06T19:46:15.505-0500] {override.py:1900} INFO - Created Permission View: can read on DAG:dataset_alias_example_alias_producer
[2024-09-06T19:46:15.507-0500] {logging_mixin.py:190} INFO - [2024-09-06T19:46:15.507-0500] {override.py:1900} INFO - Created Permission View: can edit on DAG:dataset_alias_example_alias_producer
[2024-09-06T19:46:15.509-0500] {logging_mixin.py:190} INFO - [2024-09-06T19:46:15.509-0500] {override.py:1900} INFO - Created Permission View: can delete on DAG:dataset_alias_example_alias_producer
[2024-09-06T19:46:15.512-0500] {logging_mixin.py:190} INFO - [2024-09-06T19:46:15.512-0500] {override.py:1900} INFO - Created Permission View: can read on DAG Run:dataset_alias_example_alias_producer
[2024-09-06T19:46:15.514-0500] {logging_mixin.py:190} INFO - [2024-09-06T19:46:15.514-0500] {override.py:1900} INFO - Created Permission View: can create on DAG Run:dataset_alias_example_alias_producer
[2024-09-06T19:46:15.516-0500] {logging_mixin.py:190} INFO - [2024-09-06T19:46:15.516-0500] {override.py:1900} INFO - Created Permission View: can delete on DAG Run:dataset_alias_example_alias_producer
[2024-09-06T19:46:15.518-0500] {logging_mixin.py:190} INFO - [2024-09-06T19:46:15.518-0500] {override.py:1900} INFO - Created Permission View: menu access on DAG Run:dataset_alias_example_alias_producer
[2024-09-06T19:46:15.519-0500] {logging_mixin.py:190} INFO - [2024-09-06T19:46:15.518-0500] {dag.py:3229} INFO - Sync 4 DAGs
[2024-09-06T19:46:15.523-0500] {logging_mixin.py:190} INFO - [2024-09-06T19:46:15.523-0500] {dag.py:3252} INFO - Creating ORM DAG for dataset_s3_bucket_producer
[2024-09-06T19:46:15.524-0500] {logging_mixin.py:190} INFO - [2024-09-06T19:46:15.523-0500] {dag.py:3252} INFO - Creating ORM DAG for dataset_alias_example_alias_consumer
[2024-09-06T19:46:15.524-0500] {logging_mixin.py:190} INFO - [2024-09-06T19:46:15.524-0500] {dag.py:3252} INFO - Creating ORM DAG for dataset_alias_example_alias_producer
[2024-09-06T19:46:15.524-0500] {logging_mixin.py:190} INFO - [2024-09-06T19:46:15.524-0500] {dag.py:3252} INFO - Creating ORM DAG for dataset_s3_bucket_consumer
[2024-09-06T19:46:15.527-0500] {logging_mixin.py:190} INFO - [2024-09-06T19:46:15.527-0500] {dag.py:4156} INFO - Setting next_dagrun for dataset_alias_example_alias_consumer to None, run_after=None
[2024-09-06T19:46:15.527-0500] {logging_mixin.py:190} INFO - [2024-09-06T19:46:15.527-0500] {dag.py:4156} INFO - Setting next_dagrun for dataset_alias_example_alias_producer to None, run_after=None
[2024-09-06T19:46:15.527-0500] {logging_mixin.py:190} INFO - [2024-09-06T19:46:15.527-0500] {dag.py:4156} INFO - Setting next_dagrun for dataset_s3_bucket_consumer to None, run_after=None
[2024-09-06T19:46:15.527-0500] {logging_mixin.py:190} INFO - [2024-09-06T19:46:15.527-0500] {dag.py:4156} INFO - Setting next_dagrun for dataset_s3_bucket_producer to None, run_after=None
[2024-09-06T19:46:15.697-0500] {processor.py:208} INFO - Processing /Users/binhpham/Library/Python/3.9/lib/python/site-packages/airflow/example_dags/example_dataset_alias.py took 0.429 seconds
[2024-09-06T19:48:35.942-0500] {processor.py:186} INFO - Started process (PID=35436) to work on /Users/binhpham/Library/Python/3.9/lib/python/site-packages/airflow/example_dags/example_dataset_alias.py
[2024-09-06T19:48:35.945-0500] {processor.py:914} INFO - Processing file /Users/binhpham/Library/Python/3.9/lib/python/site-packages/airflow/example_dags/example_dataset_alias.py for tasks to queue
[2024-09-06T19:48:35.945-0500] {logging_mixin.py:190} INFO - [2024-09-06T19:48:35.945-0500] {dagbag.py:587} INFO - Filling up the DagBag from /Users/binhpham/Library/Python/3.9/lib/python/site-packages/airflow/example_dags/example_dataset_alias.py
[2024-09-06T19:48:36.042-0500] {processor.py:925} INFO - DAG(s) 'dataset_alias_example_alias_producer', 'dataset_s3_bucket_consumer', 'dataset_alias_example_alias_consumer', 'dataset_s3_bucket_producer' retrieved from /Users/binhpham/Library/Python/3.9/lib/python/site-packages/airflow/example_dags/example_dataset_alias.py
[2024-09-06T19:48:36.051-0500] {logging_mixin.py:190} INFO - [2024-09-06T19:48:36.051-0500] {dag.py:3229} INFO - Sync 4 DAGs
[2024-09-06T19:48:36.059-0500] {logging_mixin.py:190} INFO - [2024-09-06T19:48:36.059-0500] {dag.py:4156} INFO - Setting next_dagrun for dataset_alias_example_alias_consumer to None, run_after=None
[2024-09-06T19:48:36.060-0500] {logging_mixin.py:190} INFO - [2024-09-06T19:48:36.060-0500] {dag.py:4156} INFO - Setting next_dagrun for dataset_alias_example_alias_producer to None, run_after=None
[2024-09-06T19:48:36.061-0500] {logging_mixin.py:190} INFO - [2024-09-06T19:48:36.061-0500] {dag.py:4156} INFO - Setting next_dagrun for dataset_s3_bucket_consumer to None, run_after=None
[2024-09-06T19:48:36.061-0500] {logging_mixin.py:190} INFO - [2024-09-06T19:48:36.061-0500] {dag.py:4156} INFO - Setting next_dagrun for dataset_s3_bucket_producer to None, run_after=None
[2024-09-06T19:48:36.071-0500] {processor.py:208} INFO - Processing /Users/binhpham/Library/Python/3.9/lib/python/site-packages/airflow/example_dags/example_dataset_alias.py took 0.130 seconds
[2024-09-06T19:51:18.698-0500] {processor.py:186} INFO - Started process (PID=35950) to work on /Users/binhpham/Library/Python/3.9/lib/python/site-packages/airflow/example_dags/example_dataset_alias.py
[2024-09-06T19:51:18.701-0500] {processor.py:914} INFO - Processing file /Users/binhpham/Library/Python/3.9/lib/python/site-packages/airflow/example_dags/example_dataset_alias.py for tasks to queue
[2024-09-06T19:51:18.702-0500] {logging_mixin.py:190} INFO - [2024-09-06T19:51:18.701-0500] {dagbag.py:587} INFO - Filling up the DagBag from /Users/binhpham/Library/Python/3.9/lib/python/site-packages/airflow/example_dags/example_dataset_alias.py
[2024-09-06T19:51:18.792-0500] {processor.py:925} INFO - DAG(s) 'dataset_alias_example_alias_consumer', 'dataset_s3_bucket_consumer', 'dataset_alias_example_alias_producer', 'dataset_s3_bucket_producer' retrieved from /Users/binhpham/Library/Python/3.9/lib/python/site-packages/airflow/example_dags/example_dataset_alias.py
[2024-09-06T19:51:18.801-0500] {logging_mixin.py:190} INFO - [2024-09-06T19:51:18.801-0500] {dag.py:3229} INFO - Sync 4 DAGs
[2024-09-06T19:51:18.809-0500] {logging_mixin.py:190} INFO - [2024-09-06T19:51:18.809-0500] {dag.py:4156} INFO - Setting next_dagrun for dataset_alias_example_alias_consumer to None, run_after=None
[2024-09-06T19:51:18.810-0500] {logging_mixin.py:190} INFO - [2024-09-06T19:51:18.809-0500] {dag.py:4156} INFO - Setting next_dagrun for dataset_alias_example_alias_producer to None, run_after=None
[2024-09-06T19:51:18.810-0500] {logging_mixin.py:190} INFO - [2024-09-06T19:51:18.810-0500] {dag.py:4156} INFO - Setting next_dagrun for dataset_s3_bucket_consumer to None, run_after=None
[2024-09-06T19:51:18.810-0500] {logging_mixin.py:190} INFO - [2024-09-06T19:51:18.810-0500] {dag.py:4156} INFO - Setting next_dagrun for dataset_s3_bucket_producer to None, run_after=None
[2024-09-06T19:51:18.820-0500] {processor.py:208} INFO - Processing /Users/binhpham/Library/Python/3.9/lib/python/site-packages/airflow/example_dags/example_dataset_alias.py took 0.123 seconds
[2024-09-06T19:54:58.592-0500] {processor.py:186} INFO - Started process (PID=36714) to work on /Users/binhpham/Library/Python/3.9/lib/python/site-packages/airflow/example_dags/example_dataset_alias.py
[2024-09-06T19:54:58.594-0500] {processor.py:914} INFO - Processing file /Users/binhpham/Library/Python/3.9/lib/python/site-packages/airflow/example_dags/example_dataset_alias.py for tasks to queue
[2024-09-06T19:54:58.595-0500] {logging_mixin.py:190} INFO - [2024-09-06T19:54:58.595-0500] {dagbag.py:587} INFO - Filling up the DagBag from /Users/binhpham/Library/Python/3.9/lib/python/site-packages/airflow/example_dags/example_dataset_alias.py
[2024-09-06T19:54:58.686-0500] {processor.py:925} INFO - DAG(s) 'dataset_alias_example_alias_producer', 'dataset_s3_bucket_producer', 'dataset_s3_bucket_consumer', 'dataset_alias_example_alias_consumer' retrieved from /Users/binhpham/Library/Python/3.9/lib/python/site-packages/airflow/example_dags/example_dataset_alias.py
[2024-09-06T19:54:58.695-0500] {logging_mixin.py:190} INFO - [2024-09-06T19:54:58.695-0500] {dag.py:3229} INFO - Sync 4 DAGs
[2024-09-06T19:54:58.702-0500] {logging_mixin.py:190} INFO - [2024-09-06T19:54:58.702-0500] {dag.py:4156} INFO - Setting next_dagrun for dataset_alias_example_alias_consumer to None, run_after=None
[2024-09-06T19:54:58.703-0500] {logging_mixin.py:190} INFO - [2024-09-06T19:54:58.703-0500] {dag.py:4156} INFO - Setting next_dagrun for dataset_alias_example_alias_producer to None, run_after=None
[2024-09-06T19:54:58.703-0500] {logging_mixin.py:190} INFO - [2024-09-06T19:54:58.703-0500] {dag.py:4156} INFO - Setting next_dagrun for dataset_s3_bucket_consumer to None, run_after=None
[2024-09-06T19:54:58.704-0500] {logging_mixin.py:190} INFO - [2024-09-06T19:54:58.704-0500] {dag.py:4156} INFO - Setting next_dagrun for dataset_s3_bucket_producer to None, run_after=None
[2024-09-06T19:54:58.714-0500] {processor.py:208} INFO - Processing /Users/binhpham/Library/Python/3.9/lib/python/site-packages/airflow/example_dags/example_dataset_alias.py took 0.123 seconds
[2024-09-06T19:57:41.951-0500] {processor.py:186} INFO - Started process (PID=37213) to work on /Users/binhpham/Library/Python/3.9/lib/python/site-packages/airflow/example_dags/example_dataset_alias.py
[2024-09-06T19:57:41.954-0500] {processor.py:914} INFO - Processing file /Users/binhpham/Library/Python/3.9/lib/python/site-packages/airflow/example_dags/example_dataset_alias.py for tasks to queue
[2024-09-06T19:57:41.954-0500] {logging_mixin.py:190} INFO - [2024-09-06T19:57:41.954-0500] {dagbag.py:587} INFO - Filling up the DagBag from /Users/binhpham/Library/Python/3.9/lib/python/site-packages/airflow/example_dags/example_dataset_alias.py
[2024-09-06T19:57:42.044-0500] {processor.py:925} INFO - DAG(s) 'dataset_s3_bucket_producer', 'dataset_alias_example_alias_producer', 'dataset_s3_bucket_consumer', 'dataset_alias_example_alias_consumer' retrieved from /Users/binhpham/Library/Python/3.9/lib/python/site-packages/airflow/example_dags/example_dataset_alias.py
[2024-09-06T19:57:42.054-0500] {logging_mixin.py:190} INFO - [2024-09-06T19:57:42.054-0500] {dag.py:3229} INFO - Sync 4 DAGs
[2024-09-06T19:57:42.061-0500] {logging_mixin.py:190} INFO - [2024-09-06T19:57:42.061-0500] {dag.py:4156} INFO - Setting next_dagrun for dataset_alias_example_alias_consumer to None, run_after=None
[2024-09-06T19:57:42.062-0500] {logging_mixin.py:190} INFO - [2024-09-06T19:57:42.062-0500] {dag.py:4156} INFO - Setting next_dagrun for dataset_alias_example_alias_producer to None, run_after=None
[2024-09-06T19:57:42.062-0500] {logging_mixin.py:190} INFO - [2024-09-06T19:57:42.062-0500] {dag.py:4156} INFO - Setting next_dagrun for dataset_s3_bucket_consumer to None, run_after=None
[2024-09-06T19:57:42.062-0500] {logging_mixin.py:190} INFO - [2024-09-06T19:57:42.062-0500] {dag.py:4156} INFO - Setting next_dagrun for dataset_s3_bucket_producer to None, run_after=None
[2024-09-06T19:57:42.071-0500] {processor.py:208} INFO - Processing /Users/binhpham/Library/Python/3.9/lib/python/site-packages/airflow/example_dags/example_dataset_alias.py took 0.121 seconds
[2024-09-06T20:00:25.125-0500] {processor.py:186} INFO - Started process (PID=37720) to work on /Users/binhpham/Library/Python/3.9/lib/python/site-packages/airflow/example_dags/example_dataset_alias.py
[2024-09-06T20:00:25.127-0500] {processor.py:914} INFO - Processing file /Users/binhpham/Library/Python/3.9/lib/python/site-packages/airflow/example_dags/example_dataset_alias.py for tasks to queue
[2024-09-06T20:00:25.127-0500] {logging_mixin.py:190} INFO - [2024-09-06T20:00:25.127-0500] {dagbag.py:587} INFO - Filling up the DagBag from /Users/binhpham/Library/Python/3.9/lib/python/site-packages/airflow/example_dags/example_dataset_alias.py
[2024-09-06T20:00:25.224-0500] {processor.py:925} INFO - DAG(s) 'dataset_s3_bucket_consumer', 'dataset_alias_example_alias_producer', 'dataset_s3_bucket_producer', 'dataset_alias_example_alias_consumer' retrieved from /Users/binhpham/Library/Python/3.9/lib/python/site-packages/airflow/example_dags/example_dataset_alias.py
[2024-09-06T20:00:25.234-0500] {logging_mixin.py:190} INFO - [2024-09-06T20:00:25.234-0500] {dag.py:3229} INFO - Sync 4 DAGs
[2024-09-06T20:00:25.242-0500] {logging_mixin.py:190} INFO - [2024-09-06T20:00:25.242-0500] {dag.py:4156} INFO - Setting next_dagrun for dataset_alias_example_alias_consumer to None, run_after=None
[2024-09-06T20:00:25.243-0500] {logging_mixin.py:190} INFO - [2024-09-06T20:00:25.243-0500] {dag.py:4156} INFO - Setting next_dagrun for dataset_alias_example_alias_producer to None, run_after=None
[2024-09-06T20:00:25.243-0500] {logging_mixin.py:190} INFO - [2024-09-06T20:00:25.243-0500] {dag.py:4156} INFO - Setting next_dagrun for dataset_s3_bucket_consumer to None, run_after=None
[2024-09-06T20:00:25.244-0500] {logging_mixin.py:190} INFO - [2024-09-06T20:00:25.244-0500] {dag.py:4156} INFO - Setting next_dagrun for dataset_s3_bucket_producer to None, run_after=None
[2024-09-06T20:00:25.253-0500] {processor.py:208} INFO - Processing /Users/binhpham/Library/Python/3.9/lib/python/site-packages/airflow/example_dags/example_dataset_alias.py took 0.130 seconds
[2024-09-06T20:03:07.520-0500] {processor.py:186} INFO - Started process (PID=38220) to work on /Users/binhpham/Library/Python/3.9/lib/python/site-packages/airflow/example_dags/example_dataset_alias.py
[2024-09-06T20:03:07.523-0500] {processor.py:914} INFO - Processing file /Users/binhpham/Library/Python/3.9/lib/python/site-packages/airflow/example_dags/example_dataset_alias.py for tasks to queue
[2024-09-06T20:03:07.523-0500] {logging_mixin.py:190} INFO - [2024-09-06T20:03:07.523-0500] {dagbag.py:587} INFO - Filling up the DagBag from /Users/binhpham/Library/Python/3.9/lib/python/site-packages/airflow/example_dags/example_dataset_alias.py
[2024-09-06T20:03:07.616-0500] {processor.py:925} INFO - DAG(s) 'dataset_alias_example_alias_consumer', 'dataset_s3_bucket_consumer', 'dataset_s3_bucket_producer', 'dataset_alias_example_alias_producer' retrieved from /Users/binhpham/Library/Python/3.9/lib/python/site-packages/airflow/example_dags/example_dataset_alias.py
[2024-09-06T20:03:07.627-0500] {logging_mixin.py:190} INFO - [2024-09-06T20:03:07.627-0500] {dag.py:3229} INFO - Sync 4 DAGs
[2024-09-06T20:03:07.635-0500] {logging_mixin.py:190} INFO - [2024-09-06T20:03:07.634-0500] {dag.py:4156} INFO - Setting next_dagrun for dataset_alias_example_alias_consumer to None, run_after=None
[2024-09-06T20:03:07.635-0500] {logging_mixin.py:190} INFO - [2024-09-06T20:03:07.635-0500] {dag.py:4156} INFO - Setting next_dagrun for dataset_alias_example_alias_producer to None, run_after=None
[2024-09-06T20:03:07.636-0500] {logging_mixin.py:190} INFO - [2024-09-06T20:03:07.636-0500] {dag.py:4156} INFO - Setting next_dagrun for dataset_s3_bucket_consumer to None, run_after=None
[2024-09-06T20:03:07.636-0500] {logging_mixin.py:190} INFO - [2024-09-06T20:03:07.636-0500] {dag.py:4156} INFO - Setting next_dagrun for dataset_s3_bucket_producer to None, run_after=None
[2024-09-06T20:03:07.646-0500] {processor.py:208} INFO - Processing /Users/binhpham/Library/Python/3.9/lib/python/site-packages/airflow/example_dags/example_dataset_alias.py took 0.127 seconds
[2024-09-06T20:05:46.388-0500] {processor.py:186} INFO - Started process (PID=38701) to work on /Users/binhpham/Library/Python/3.9/lib/python/site-packages/airflow/example_dags/example_dataset_alias.py
[2024-09-06T20:05:46.390-0500] {processor.py:914} INFO - Processing file /Users/binhpham/Library/Python/3.9/lib/python/site-packages/airflow/example_dags/example_dataset_alias.py for tasks to queue
[2024-09-06T20:05:46.390-0500] {logging_mixin.py:190} INFO - [2024-09-06T20:05:46.390-0500] {dagbag.py:587} INFO - Filling up the DagBag from /Users/binhpham/Library/Python/3.9/lib/python/site-packages/airflow/example_dags/example_dataset_alias.py
[2024-09-06T20:05:46.492-0500] {processor.py:925} INFO - DAG(s) 'dataset_s3_bucket_producer', 'dataset_alias_example_alias_producer', 'dataset_alias_example_alias_consumer', 'dataset_s3_bucket_consumer' retrieved from /Users/binhpham/Library/Python/3.9/lib/python/site-packages/airflow/example_dags/example_dataset_alias.py
[2024-09-06T20:05:46.503-0500] {logging_mixin.py:190} INFO - [2024-09-06T20:05:46.503-0500] {dag.py:3229} INFO - Sync 4 DAGs
[2024-09-06T20:05:46.511-0500] {logging_mixin.py:190} INFO - [2024-09-06T20:05:46.511-0500] {dag.py:4156} INFO - Setting next_dagrun for dataset_alias_example_alias_consumer to None, run_after=None
[2024-09-06T20:05:46.512-0500] {logging_mixin.py:190} INFO - [2024-09-06T20:05:46.512-0500] {dag.py:4156} INFO - Setting next_dagrun for dataset_alias_example_alias_producer to None, run_after=None
[2024-09-06T20:05:46.512-0500] {logging_mixin.py:190} INFO - [2024-09-06T20:05:46.512-0500] {dag.py:4156} INFO - Setting next_dagrun for dataset_s3_bucket_consumer to None, run_after=None
[2024-09-06T20:05:46.513-0500] {logging_mixin.py:190} INFO - [2024-09-06T20:05:46.513-0500] {dag.py:4156} INFO - Setting next_dagrun for dataset_s3_bucket_producer to None, run_after=None
[2024-09-06T20:05:46.524-0500] {processor.py:208} INFO - Processing /Users/binhpham/Library/Python/3.9/lib/python/site-packages/airflow/example_dags/example_dataset_alias.py took 0.137 seconds
[2024-09-06T20:08:28.227-0500] {processor.py:186} INFO - Started process (PID=39193) to work on /Users/binhpham/Library/Python/3.9/lib/python/site-packages/airflow/example_dags/example_dataset_alias.py
[2024-09-06T20:08:28.230-0500] {processor.py:914} INFO - Processing file /Users/binhpham/Library/Python/3.9/lib/python/site-packages/airflow/example_dags/example_dataset_alias.py for tasks to queue
[2024-09-06T20:08:28.230-0500] {logging_mixin.py:190} INFO - [2024-09-06T20:08:28.230-0500] {dagbag.py:587} INFO - Filling up the DagBag from /Users/binhpham/Library/Python/3.9/lib/python/site-packages/airflow/example_dags/example_dataset_alias.py
[2024-09-06T20:08:28.325-0500] {processor.py:925} INFO - DAG(s) 'dataset_s3_bucket_producer', 'dataset_alias_example_alias_producer', 'dataset_alias_example_alias_consumer', 'dataset_s3_bucket_consumer' retrieved from /Users/binhpham/Library/Python/3.9/lib/python/site-packages/airflow/example_dags/example_dataset_alias.py
[2024-09-06T20:08:28.334-0500] {logging_mixin.py:190} INFO - [2024-09-06T20:08:28.334-0500] {dag.py:3229} INFO - Sync 4 DAGs
[2024-09-06T20:08:28.341-0500] {logging_mixin.py:190} INFO - [2024-09-06T20:08:28.341-0500] {dag.py:4156} INFO - Setting next_dagrun for dataset_alias_example_alias_consumer to None, run_after=None
[2024-09-06T20:08:28.342-0500] {logging_mixin.py:190} INFO - [2024-09-06T20:08:28.342-0500] {dag.py:4156} INFO - Setting next_dagrun for dataset_alias_example_alias_producer to None, run_after=None
[2024-09-06T20:08:28.343-0500] {logging_mixin.py:190} INFO - [2024-09-06T20:08:28.343-0500] {dag.py:4156} INFO - Setting next_dagrun for dataset_s3_bucket_consumer to None, run_after=None
[2024-09-06T20:08:28.343-0500] {logging_mixin.py:190} INFO - [2024-09-06T20:08:28.343-0500] {dag.py:4156} INFO - Setting next_dagrun for dataset_s3_bucket_producer to None, run_after=None
[2024-09-06T20:08:28.352-0500] {processor.py:208} INFO - Processing /Users/binhpham/Library/Python/3.9/lib/python/site-packages/airflow/example_dags/example_dataset_alias.py took 0.126 seconds
[2024-09-06T20:11:14.152-0500] {processor.py:186} INFO - Started process (PID=39738) to work on /Users/binhpham/Library/Python/3.9/lib/python/site-packages/airflow/example_dags/example_dataset_alias.py
[2024-09-06T20:11:14.155-0500] {processor.py:914} INFO - Processing file /Users/binhpham/Library/Python/3.9/lib/python/site-packages/airflow/example_dags/example_dataset_alias.py for tasks to queue
[2024-09-06T20:11:14.155-0500] {logging_mixin.py:190} INFO - [2024-09-06T20:11:14.155-0500] {dagbag.py:587} INFO - Filling up the DagBag from /Users/binhpham/Library/Python/3.9/lib/python/site-packages/airflow/example_dags/example_dataset_alias.py
[2024-09-06T20:11:14.247-0500] {processor.py:925} INFO - DAG(s) 'dataset_s3_bucket_consumer', 'dataset_alias_example_alias_producer', 'dataset_alias_example_alias_consumer', 'dataset_s3_bucket_producer' retrieved from /Users/binhpham/Library/Python/3.9/lib/python/site-packages/airflow/example_dags/example_dataset_alias.py
[2024-09-06T20:11:14.256-0500] {logging_mixin.py:190} INFO - [2024-09-06T20:11:14.256-0500] {dag.py:3229} INFO - Sync 4 DAGs
[2024-09-06T20:11:14.263-0500] {logging_mixin.py:190} INFO - [2024-09-06T20:11:14.263-0500] {dag.py:4156} INFO - Setting next_dagrun for dataset_alias_example_alias_consumer to None, run_after=None
[2024-09-06T20:11:14.264-0500] {logging_mixin.py:190} INFO - [2024-09-06T20:11:14.264-0500] {dag.py:4156} INFO - Setting next_dagrun for dataset_alias_example_alias_producer to None, run_after=None
[2024-09-06T20:11:14.264-0500] {logging_mixin.py:190} INFO - [2024-09-06T20:11:14.264-0500] {dag.py:4156} INFO - Setting next_dagrun for dataset_s3_bucket_consumer to None, run_after=None
[2024-09-06T20:11:14.265-0500] {logging_mixin.py:190} INFO - [2024-09-06T20:11:14.265-0500] {dag.py:4156} INFO - Setting next_dagrun for dataset_s3_bucket_producer to None, run_after=None
[2024-09-06T20:11:14.274-0500] {processor.py:208} INFO - Processing /Users/binhpham/Library/Python/3.9/lib/python/site-packages/airflow/example_dags/example_dataset_alias.py took 0.123 seconds
[2024-09-06T20:13:57.566-0500] {processor.py:186} INFO - Started process (PID=40288) to work on /Users/binhpham/Library/Python/3.9/lib/python/site-packages/airflow/example_dags/example_dataset_alias.py
[2024-09-06T20:13:57.568-0500] {processor.py:914} INFO - Processing file /Users/binhpham/Library/Python/3.9/lib/python/site-packages/airflow/example_dags/example_dataset_alias.py for tasks to queue
[2024-09-06T20:13:57.569-0500] {logging_mixin.py:190} INFO - [2024-09-06T20:13:57.568-0500] {dagbag.py:587} INFO - Filling up the DagBag from /Users/binhpham/Library/Python/3.9/lib/python/site-packages/airflow/example_dags/example_dataset_alias.py
[2024-09-06T20:13:57.662-0500] {processor.py:925} INFO - DAG(s) 'dataset_s3_bucket_consumer', 'dataset_alias_example_alias_consumer', 'dataset_alias_example_alias_producer', 'dataset_s3_bucket_producer' retrieved from /Users/binhpham/Library/Python/3.9/lib/python/site-packages/airflow/example_dags/example_dataset_alias.py
[2024-09-06T20:13:57.672-0500] {logging_mixin.py:190} INFO - [2024-09-06T20:13:57.672-0500] {dag.py:3229} INFO - Sync 4 DAGs
[2024-09-06T20:13:57.679-0500] {logging_mixin.py:190} INFO - [2024-09-06T20:13:57.679-0500] {dag.py:4156} INFO - Setting next_dagrun for dataset_alias_example_alias_consumer to None, run_after=None
[2024-09-06T20:13:57.680-0500] {logging_mixin.py:190} INFO - [2024-09-06T20:13:57.680-0500] {dag.py:4156} INFO - Setting next_dagrun for dataset_alias_example_alias_producer to None, run_after=None
[2024-09-06T20:13:57.681-0500] {logging_mixin.py:190} INFO - [2024-09-06T20:13:57.681-0500] {dag.py:4156} INFO - Setting next_dagrun for dataset_s3_bucket_consumer to None, run_after=None
[2024-09-06T20:13:57.681-0500] {logging_mixin.py:190} INFO - [2024-09-06T20:13:57.681-0500] {dag.py:4156} INFO - Setting next_dagrun for dataset_s3_bucket_producer to None, run_after=None
[2024-09-06T20:13:57.691-0500] {processor.py:208} INFO - Processing /Users/binhpham/Library/Python/3.9/lib/python/site-packages/airflow/example_dags/example_dataset_alias.py took 0.127 seconds
[2024-09-06T20:16:22.081-0500] {processor.py:186} INFO - Started process (PID=40787) to work on /Users/binhpham/Library/Python/3.9/lib/python/site-packages/airflow/example_dags/example_dataset_alias.py
[2024-09-06T20:16:22.084-0500] {processor.py:914} INFO - Processing file /Users/binhpham/Library/Python/3.9/lib/python/site-packages/airflow/example_dags/example_dataset_alias.py for tasks to queue
[2024-09-06T20:16:22.084-0500] {logging_mixin.py:190} INFO - [2024-09-06T20:16:22.084-0500] {dagbag.py:587} INFO - Filling up the DagBag from /Users/binhpham/Library/Python/3.9/lib/python/site-packages/airflow/example_dags/example_dataset_alias.py
[2024-09-06T20:16:22.192-0500] {processor.py:925} INFO - DAG(s) 'dataset_s3_bucket_producer', 'dataset_s3_bucket_consumer', 'dataset_alias_example_alias_producer', 'dataset_alias_example_alias_consumer' retrieved from /Users/binhpham/Library/Python/3.9/lib/python/site-packages/airflow/example_dags/example_dataset_alias.py
[2024-09-06T20:16:22.205-0500] {logging_mixin.py:190} INFO - [2024-09-06T20:16:22.205-0500] {dag.py:3229} INFO - Sync 4 DAGs
[2024-09-06T20:16:22.216-0500] {logging_mixin.py:190} INFO - [2024-09-06T20:16:22.216-0500] {dag.py:4156} INFO - Setting next_dagrun for dataset_alias_example_alias_consumer to None, run_after=None
[2024-09-06T20:16:22.218-0500] {logging_mixin.py:190} INFO - [2024-09-06T20:16:22.218-0500] {dag.py:4156} INFO - Setting next_dagrun for dataset_alias_example_alias_producer to None, run_after=None
[2024-09-06T20:16:22.219-0500] {logging_mixin.py:190} INFO - [2024-09-06T20:16:22.219-0500] {dag.py:4156} INFO - Setting next_dagrun for dataset_s3_bucket_consumer to None, run_after=None
[2024-09-06T20:16:22.220-0500] {logging_mixin.py:190} INFO - [2024-09-06T20:16:22.220-0500] {dag.py:4156} INFO - Setting next_dagrun for dataset_s3_bucket_producer to None, run_after=None
[2024-09-06T20:16:22.236-0500] {processor.py:208} INFO - Processing /Users/binhpham/Library/Python/3.9/lib/python/site-packages/airflow/example_dags/example_dataset_alias.py took 0.157 seconds
[2024-09-06T20:23:12.544-0500] {processor.py:186} INFO - Started process (PID=43006) to work on /Users/binhpham/Library/Python/3.9/lib/python/site-packages/airflow/example_dags/example_dataset_alias.py
[2024-09-06T20:23:12.547-0500] {processor.py:914} INFO - Processing file /Users/binhpham/Library/Python/3.9/lib/python/site-packages/airflow/example_dags/example_dataset_alias.py for tasks to queue
[2024-09-06T20:23:12.548-0500] {logging_mixin.py:190} INFO - [2024-09-06T20:23:12.548-0500] {dagbag.py:587} INFO - Filling up the DagBag from /Users/binhpham/Library/Python/3.9/lib/python/site-packages/airflow/example_dags/example_dataset_alias.py
[2024-09-06T20:23:12.640-0500] {processor.py:925} INFO - DAG(s) 'dataset_s3_bucket_consumer', 'dataset_alias_example_alias_consumer', 'dataset_s3_bucket_producer', 'dataset_alias_example_alias_producer' retrieved from /Users/binhpham/Library/Python/3.9/lib/python/site-packages/airflow/example_dags/example_dataset_alias.py
[2024-09-06T20:23:12.649-0500] {logging_mixin.py:190} INFO - [2024-09-06T20:23:12.649-0500] {dag.py:3229} INFO - Sync 4 DAGs
[2024-09-06T20:23:12.657-0500] {logging_mixin.py:190} INFO - [2024-09-06T20:23:12.656-0500] {dag.py:4156} INFO - Setting next_dagrun for dataset_alias_example_alias_consumer to None, run_after=None
[2024-09-06T20:23:12.658-0500] {logging_mixin.py:190} INFO - [2024-09-06T20:23:12.658-0500] {dag.py:4156} INFO - Setting next_dagrun for dataset_alias_example_alias_producer to None, run_after=None
[2024-09-06T20:23:12.658-0500] {logging_mixin.py:190} INFO - [2024-09-06T20:23:12.658-0500] {dag.py:4156} INFO - Setting next_dagrun for dataset_s3_bucket_consumer to None, run_after=None
[2024-09-06T20:23:12.658-0500] {logging_mixin.py:190} INFO - [2024-09-06T20:23:12.658-0500] {dag.py:4156} INFO - Setting next_dagrun for dataset_s3_bucket_producer to None, run_after=None
[2024-09-06T20:23:12.667-0500] {processor.py:208} INFO - Processing /Users/binhpham/Library/Python/3.9/lib/python/site-packages/airflow/example_dags/example_dataset_alias.py took 0.124 seconds
[2024-09-06T20:25:56.775-0500] {processor.py:186} INFO - Started process (PID=43510) to work on /Users/binhpham/Library/Python/3.9/lib/python/site-packages/airflow/example_dags/example_dataset_alias.py
[2024-09-06T20:25:56.777-0500] {processor.py:914} INFO - Processing file /Users/binhpham/Library/Python/3.9/lib/python/site-packages/airflow/example_dags/example_dataset_alias.py for tasks to queue
[2024-09-06T20:25:56.778-0500] {logging_mixin.py:190} INFO - [2024-09-06T20:25:56.777-0500] {dagbag.py:587} INFO - Filling up the DagBag from /Users/binhpham/Library/Python/3.9/lib/python/site-packages/airflow/example_dags/example_dataset_alias.py
[2024-09-06T20:25:56.877-0500] {processor.py:925} INFO - DAG(s) 'dataset_s3_bucket_producer', 'dataset_alias_example_alias_producer', 'dataset_s3_bucket_consumer', 'dataset_alias_example_alias_consumer' retrieved from /Users/binhpham/Library/Python/3.9/lib/python/site-packages/airflow/example_dags/example_dataset_alias.py
[2024-09-06T20:25:56.887-0500] {logging_mixin.py:190} INFO - [2024-09-06T20:25:56.887-0500] {dag.py:3229} INFO - Sync 4 DAGs
[2024-09-06T20:25:56.895-0500] {logging_mixin.py:190} INFO - [2024-09-06T20:25:56.895-0500] {dag.py:4156} INFO - Setting next_dagrun for dataset_alias_example_alias_consumer to None, run_after=None
[2024-09-06T20:25:56.896-0500] {logging_mixin.py:190} INFO - [2024-09-06T20:25:56.896-0500] {dag.py:4156} INFO - Setting next_dagrun for dataset_alias_example_alias_producer to None, run_after=None
[2024-09-06T20:25:56.896-0500] {logging_mixin.py:190} INFO - [2024-09-06T20:25:56.896-0500] {dag.py:4156} INFO - Setting next_dagrun for dataset_s3_bucket_consumer to None, run_after=None
[2024-09-06T20:25:56.897-0500] {logging_mixin.py:190} INFO - [2024-09-06T20:25:56.897-0500] {dag.py:4156} INFO - Setting next_dagrun for dataset_s3_bucket_producer to None, run_after=None
[2024-09-06T20:25:56.906-0500] {processor.py:208} INFO - Processing /Users/binhpham/Library/Python/3.9/lib/python/site-packages/airflow/example_dags/example_dataset_alias.py took 0.132 seconds
[2024-09-06T20:28:17.650-0500] {processor.py:186} INFO - Started process (PID=44006) to work on /Users/binhpham/Library/Python/3.9/lib/python/site-packages/airflow/example_dags/example_dataset_alias.py
[2024-09-06T20:28:17.653-0500] {processor.py:914} INFO - Processing file /Users/binhpham/Library/Python/3.9/lib/python/site-packages/airflow/example_dags/example_dataset_alias.py for tasks to queue
[2024-09-06T20:28:17.653-0500] {logging_mixin.py:190} INFO - [2024-09-06T20:28:17.653-0500] {dagbag.py:587} INFO - Filling up the DagBag from /Users/binhpham/Library/Python/3.9/lib/python/site-packages/airflow/example_dags/example_dataset_alias.py
[2024-09-06T20:28:17.745-0500] {processor.py:925} INFO - DAG(s) 'dataset_alias_example_alias_consumer', 'dataset_s3_bucket_consumer', 'dataset_s3_bucket_producer', 'dataset_alias_example_alias_producer' retrieved from /Users/binhpham/Library/Python/3.9/lib/python/site-packages/airflow/example_dags/example_dataset_alias.py
[2024-09-06T20:28:17.755-0500] {logging_mixin.py:190} INFO - [2024-09-06T20:28:17.754-0500] {dag.py:3229} INFO - Sync 4 DAGs
[2024-09-06T20:28:17.762-0500] {logging_mixin.py:190} INFO - [2024-09-06T20:28:17.762-0500] {dag.py:4156} INFO - Setting next_dagrun for dataset_alias_example_alias_consumer to None, run_after=None
[2024-09-06T20:28:17.763-0500] {logging_mixin.py:190} INFO - [2024-09-06T20:28:17.763-0500] {dag.py:4156} INFO - Setting next_dagrun for dataset_alias_example_alias_producer to None, run_after=None
[2024-09-06T20:28:17.763-0500] {logging_mixin.py:190} INFO - [2024-09-06T20:28:17.763-0500] {dag.py:4156} INFO - Setting next_dagrun for dataset_s3_bucket_consumer to None, run_after=None
[2024-09-06T20:28:17.764-0500] {logging_mixin.py:190} INFO - [2024-09-06T20:28:17.763-0500] {dag.py:4156} INFO - Setting next_dagrun for dataset_s3_bucket_producer to None, run_after=None
[2024-09-06T20:28:17.772-0500] {processor.py:208} INFO - Processing /Users/binhpham/Library/Python/3.9/lib/python/site-packages/airflow/example_dags/example_dataset_alias.py took 0.124 seconds
[2024-09-06T20:31:01.629-0500] {processor.py:186} INFO - Started process (PID=44548) to work on /Users/binhpham/Library/Python/3.9/lib/python/site-packages/airflow/example_dags/example_dataset_alias.py
[2024-09-06T20:31:01.632-0500] {processor.py:914} INFO - Processing file /Users/binhpham/Library/Python/3.9/lib/python/site-packages/airflow/example_dags/example_dataset_alias.py for tasks to queue
[2024-09-06T20:31:01.632-0500] {logging_mixin.py:190} INFO - [2024-09-06T20:31:01.632-0500] {dagbag.py:587} INFO - Filling up the DagBag from /Users/binhpham/Library/Python/3.9/lib/python/site-packages/airflow/example_dags/example_dataset_alias.py
[2024-09-06T20:31:01.722-0500] {processor.py:925} INFO - DAG(s) 'dataset_alias_example_alias_consumer', 'dataset_s3_bucket_consumer', 'dataset_alias_example_alias_producer', 'dataset_s3_bucket_producer' retrieved from /Users/binhpham/Library/Python/3.9/lib/python/site-packages/airflow/example_dags/example_dataset_alias.py
[2024-09-06T20:31:01.731-0500] {logging_mixin.py:190} INFO - [2024-09-06T20:31:01.731-0500] {dag.py:3229} INFO - Sync 4 DAGs
[2024-09-06T20:31:01.738-0500] {logging_mixin.py:190} INFO - [2024-09-06T20:31:01.738-0500] {dag.py:4156} INFO - Setting next_dagrun for dataset_alias_example_alias_consumer to None, run_after=None
[2024-09-06T20:31:01.739-0500] {logging_mixin.py:190} INFO - [2024-09-06T20:31:01.739-0500] {dag.py:4156} INFO - Setting next_dagrun for dataset_alias_example_alias_producer to None, run_after=None
[2024-09-06T20:31:01.739-0500] {logging_mixin.py:190} INFO - [2024-09-06T20:31:01.739-0500] {dag.py:4156} INFO - Setting next_dagrun for dataset_s3_bucket_consumer to None, run_after=None
[2024-09-06T20:31:01.740-0500] {logging_mixin.py:190} INFO - [2024-09-06T20:31:01.740-0500] {dag.py:4156} INFO - Setting next_dagrun for dataset_s3_bucket_producer to None, run_after=None
[2024-09-06T20:31:01.748-0500] {processor.py:208} INFO - Processing /Users/binhpham/Library/Python/3.9/lib/python/site-packages/airflow/example_dags/example_dataset_alias.py took 0.120 seconds
[2024-09-06T20:34:51.132-0500] {processor.py:186} INFO - Started process (PID=45302) to work on /Users/binhpham/Library/Python/3.9/lib/python/site-packages/airflow/example_dags/example_dataset_alias.py
[2024-09-06T20:34:51.135-0500] {processor.py:914} INFO - Processing file /Users/binhpham/Library/Python/3.9/lib/python/site-packages/airflow/example_dags/example_dataset_alias.py for tasks to queue
[2024-09-06T20:34:51.136-0500] {logging_mixin.py:190} INFO - [2024-09-06T20:34:51.136-0500] {dagbag.py:587} INFO - Filling up the DagBag from /Users/binhpham/Library/Python/3.9/lib/python/site-packages/airflow/example_dags/example_dataset_alias.py
[2024-09-06T20:34:51.230-0500] {processor.py:925} INFO - DAG(s) 'dataset_alias_example_alias_consumer', 'dataset_s3_bucket_producer', 'dataset_s3_bucket_consumer', 'dataset_alias_example_alias_producer' retrieved from /Users/binhpham/Library/Python/3.9/lib/python/site-packages/airflow/example_dags/example_dataset_alias.py
[2024-09-06T20:34:51.240-0500] {logging_mixin.py:190} INFO - [2024-09-06T20:34:51.240-0500] {dag.py:3229} INFO - Sync 4 DAGs
[2024-09-06T20:34:51.247-0500] {logging_mixin.py:190} INFO - [2024-09-06T20:34:51.247-0500] {dag.py:4156} INFO - Setting next_dagrun for dataset_alias_example_alias_consumer to None, run_after=None
[2024-09-06T20:34:51.248-0500] {logging_mixin.py:190} INFO - [2024-09-06T20:34:51.248-0500] {dag.py:4156} INFO - Setting next_dagrun for dataset_alias_example_alias_producer to None, run_after=None
[2024-09-06T20:34:51.248-0500] {logging_mixin.py:190} INFO - [2024-09-06T20:34:51.248-0500] {dag.py:4156} INFO - Setting next_dagrun for dataset_s3_bucket_consumer to None, run_after=None
[2024-09-06T20:34:51.249-0500] {logging_mixin.py:190} INFO - [2024-09-06T20:34:51.249-0500] {dag.py:4156} INFO - Setting next_dagrun for dataset_s3_bucket_producer to None, run_after=None
[2024-09-06T20:34:51.258-0500] {processor.py:208} INFO - Processing /Users/binhpham/Library/Python/3.9/lib/python/site-packages/airflow/example_dags/example_dataset_alias.py took 0.127 seconds
[2024-09-06T20:37:34.159-0500] {processor.py:186} INFO - Started process (PID=45831) to work on /Users/binhpham/Library/Python/3.9/lib/python/site-packages/airflow/example_dags/example_dataset_alias.py
[2024-09-06T20:37:34.161-0500] {processor.py:914} INFO - Processing file /Users/binhpham/Library/Python/3.9/lib/python/site-packages/airflow/example_dags/example_dataset_alias.py for tasks to queue
[2024-09-06T20:37:34.162-0500] {logging_mixin.py:190} INFO - [2024-09-06T20:37:34.162-0500] {dagbag.py:587} INFO - Filling up the DagBag from /Users/binhpham/Library/Python/3.9/lib/python/site-packages/airflow/example_dags/example_dataset_alias.py
[2024-09-06T20:37:34.255-0500] {processor.py:925} INFO - DAG(s) 'dataset_s3_bucket_producer', 'dataset_alias_example_alias_producer', 'dataset_s3_bucket_consumer', 'dataset_alias_example_alias_consumer' retrieved from /Users/binhpham/Library/Python/3.9/lib/python/site-packages/airflow/example_dags/example_dataset_alias.py
[2024-09-06T20:37:34.264-0500] {logging_mixin.py:190} INFO - [2024-09-06T20:37:34.264-0500] {dag.py:3229} INFO - Sync 4 DAGs
[2024-09-06T20:37:34.271-0500] {logging_mixin.py:190} INFO - [2024-09-06T20:37:34.271-0500] {dag.py:4156} INFO - Setting next_dagrun for dataset_alias_example_alias_consumer to None, run_after=None
[2024-09-06T20:37:34.272-0500] {logging_mixin.py:190} INFO - [2024-09-06T20:37:34.272-0500] {dag.py:4156} INFO - Setting next_dagrun for dataset_alias_example_alias_producer to None, run_after=None
[2024-09-06T20:37:34.273-0500] {logging_mixin.py:190} INFO - [2024-09-06T20:37:34.273-0500] {dag.py:4156} INFO - Setting next_dagrun for dataset_s3_bucket_consumer to None, run_after=None
[2024-09-06T20:37:34.273-0500] {logging_mixin.py:190} INFO - [2024-09-06T20:37:34.273-0500] {dag.py:4156} INFO - Setting next_dagrun for dataset_s3_bucket_producer to None, run_after=None
[2024-09-06T20:37:34.282-0500] {processor.py:208} INFO - Processing /Users/binhpham/Library/Python/3.9/lib/python/site-packages/airflow/example_dags/example_dataset_alias.py took 0.124 seconds
