[2024-09-06T19:46:00.205-0500] {processor.py:186} INFO - Started process (PID=34831) to work on /Users/binhpham/Library/Python/3.9/lib/python/site-packages/airflow/example_dags/example_inlet_event_extra.py
[2024-09-06T19:46:00.206-0500] {processor.py:914} INFO - Processing file /Users/binhpham/Library/Python/3.9/lib/python/site-packages/airflow/example_dags/example_inlet_event_extra.py for tasks to queue
[2024-09-06T19:46:00.207-0500] {logging_mixin.py:190} INFO - [2024-09-06T19:46:00.207-0500] {dagbag.py:587} INFO - Filling up the DagBag from /Users/binhpham/Library/Python/3.9/lib/python/site-packages/airflow/example_dags/example_inlet_event_extra.py
[2024-09-06T19:46:00.271-0500] {processor.py:925} INFO - DAG(s) 'read_dataset_event', 'read_dataset_event_from_classic' retrieved from /Users/binhpham/Library/Python/3.9/lib/python/site-packages/airflow/example_dags/example_inlet_event_extra.py
[2024-09-06T19:46:00.353-0500] {logging_mixin.py:190} INFO - [2024-09-06T19:46:00.353-0500] {override.py:1900} INFO - Created Permission View: can edit on DAG:read_dataset_event
[2024-09-06T19:46:00.357-0500] {logging_mixin.py:190} INFO - [2024-09-06T19:46:00.357-0500] {override.py:1900} INFO - Created Permission View: can read on DAG:read_dataset_event
[2024-09-06T19:46:00.359-0500] {logging_mixin.py:190} INFO - [2024-09-06T19:46:00.359-0500] {override.py:1900} INFO - Created Permission View: can delete on DAG:read_dataset_event
[2024-09-06T19:46:00.362-0500] {logging_mixin.py:190} INFO - [2024-09-06T19:46:00.362-0500] {override.py:1900} INFO - Created Permission View: menu access on DAG Run:read_dataset_event
[2024-09-06T19:46:00.365-0500] {logging_mixin.py:190} INFO - [2024-09-06T19:46:00.364-0500] {override.py:1900} INFO - Created Permission View: can read on DAG Run:read_dataset_event
[2024-09-06T19:46:00.367-0500] {logging_mixin.py:190} INFO - [2024-09-06T19:46:00.367-0500] {override.py:1900} INFO - Created Permission View: can delete on DAG Run:read_dataset_event
[2024-09-06T19:46:00.369-0500] {logging_mixin.py:190} INFO - [2024-09-06T19:46:00.369-0500] {override.py:1900} INFO - Created Permission View: can create on DAG Run:read_dataset_event
[2024-09-06T19:46:00.374-0500] {logging_mixin.py:190} INFO - [2024-09-06T19:46:00.374-0500] {override.py:1900} INFO - Created Permission View: can edit on DAG:read_dataset_event_from_classic
[2024-09-06T19:46:00.377-0500] {logging_mixin.py:190} INFO - [2024-09-06T19:46:00.376-0500] {override.py:1900} INFO - Created Permission View: can read on DAG:read_dataset_event_from_classic
[2024-09-06T19:46:00.379-0500] {logging_mixin.py:190} INFO - [2024-09-06T19:46:00.379-0500] {override.py:1900} INFO - Created Permission View: can delete on DAG:read_dataset_event_from_classic
[2024-09-06T19:46:00.382-0500] {logging_mixin.py:190} INFO - [2024-09-06T19:46:00.382-0500] {override.py:1900} INFO - Created Permission View: menu access on DAG Run:read_dataset_event_from_classic
[2024-09-06T19:46:00.384-0500] {logging_mixin.py:190} INFO - [2024-09-06T19:46:00.384-0500] {override.py:1900} INFO - Created Permission View: can read on DAG Run:read_dataset_event_from_classic
[2024-09-06T19:46:00.420-0500] {logging_mixin.py:190} INFO - [2024-09-06T19:46:00.420-0500] {override.py:1900} INFO - Created Permission View: can delete on DAG Run:read_dataset_event_from_classic
[2024-09-06T19:46:00.423-0500] {logging_mixin.py:190} INFO - [2024-09-06T19:46:00.423-0500] {override.py:1900} INFO - Created Permission View: can create on DAG Run:read_dataset_event_from_classic
[2024-09-06T19:46:00.423-0500] {logging_mixin.py:190} INFO - [2024-09-06T19:46:00.423-0500] {dag.py:3229} INFO - Sync 2 DAGs
[2024-09-06T19:46:00.428-0500] {logging_mixin.py:190} INFO - [2024-09-06T19:46:00.428-0500] {dag.py:3252} INFO - Creating ORM DAG for read_dataset_event
[2024-09-06T19:46:00.428-0500] {logging_mixin.py:190} INFO - [2024-09-06T19:46:00.428-0500] {dag.py:3252} INFO - Creating ORM DAG for read_dataset_event_from_classic
[2024-09-06T19:46:00.432-0500] {logging_mixin.py:190} INFO - [2024-09-06T19:46:00.432-0500] {dag.py:4156} INFO - Setting next_dagrun for read_dataset_event to 2024-09-06 00:00:00+00:00, run_after=2024-09-07 00:00:00+00:00
[2024-09-06T19:46:00.432-0500] {logging_mixin.py:190} INFO - [2024-09-06T19:46:00.432-0500] {dag.py:4156} INFO - Setting next_dagrun for read_dataset_event_from_classic to 2024-09-06 00:00:00+00:00, run_after=2024-09-07 00:00:00+00:00
[2024-09-06T19:46:00.439-0500] {processor.py:208} INFO - Processing /Users/binhpham/Library/Python/3.9/lib/python/site-packages/airflow/example_dags/example_inlet_event_extra.py took 0.236 seconds
[2024-09-06T19:48:21.356-0500] {processor.py:186} INFO - Started process (PID=35386) to work on /Users/binhpham/Library/Python/3.9/lib/python/site-packages/airflow/example_dags/example_inlet_event_extra.py
[2024-09-06T19:48:21.359-0500] {processor.py:914} INFO - Processing file /Users/binhpham/Library/Python/3.9/lib/python/site-packages/airflow/example_dags/example_inlet_event_extra.py for tasks to queue
[2024-09-06T19:48:21.359-0500] {logging_mixin.py:190} INFO - [2024-09-06T19:48:21.359-0500] {dagbag.py:587} INFO - Filling up the DagBag from /Users/binhpham/Library/Python/3.9/lib/python/site-packages/airflow/example_dags/example_inlet_event_extra.py
[2024-09-06T19:48:21.416-0500] {processor.py:925} INFO - DAG(s) 'read_dataset_event', 'read_dataset_event_from_classic' retrieved from /Users/binhpham/Library/Python/3.9/lib/python/site-packages/airflow/example_dags/example_inlet_event_extra.py
[2024-09-06T19:48:21.462-0500] {logging_mixin.py:190} INFO - [2024-09-06T19:48:21.462-0500] {dag.py:3229} INFO - Sync 2 DAGs
[2024-09-06T19:48:21.471-0500] {logging_mixin.py:190} INFO - [2024-09-06T19:48:21.471-0500] {dag.py:4156} INFO - Setting next_dagrun for read_dataset_event to 2024-09-06 00:00:00+00:00, run_after=2024-09-07 00:00:00+00:00
[2024-09-06T19:48:21.472-0500] {logging_mixin.py:190} INFO - [2024-09-06T19:48:21.472-0500] {dag.py:4156} INFO - Setting next_dagrun for read_dataset_event_from_classic to 2024-09-06 00:00:00+00:00, run_after=2024-09-07 00:00:00+00:00
[2024-09-06T19:48:21.480-0500] {processor.py:208} INFO - Processing /Users/binhpham/Library/Python/3.9/lib/python/site-packages/airflow/example_dags/example_inlet_event_extra.py took 0.125 seconds
[2024-09-06T19:50:13.166-0500] {processor.py:186} INFO - Started process (PID=35740) to work on /Users/binhpham/Library/Python/3.9/lib/python/site-packages/airflow/example_dags/example_inlet_event_extra.py
[2024-09-06T19:50:13.168-0500] {processor.py:914} INFO - Processing file /Users/binhpham/Library/Python/3.9/lib/python/site-packages/airflow/example_dags/example_inlet_event_extra.py for tasks to queue
[2024-09-06T19:50:13.168-0500] {logging_mixin.py:190} INFO - [2024-09-06T19:50:13.168-0500] {dagbag.py:587} INFO - Filling up the DagBag from /Users/binhpham/Library/Python/3.9/lib/python/site-packages/airflow/example_dags/example_inlet_event_extra.py
[2024-09-06T19:50:13.219-0500] {processor.py:925} INFO - DAG(s) 'read_dataset_event_from_classic', 'read_dataset_event' retrieved from /Users/binhpham/Library/Python/3.9/lib/python/site-packages/airflow/example_dags/example_inlet_event_extra.py
[2024-09-06T19:50:13.262-0500] {logging_mixin.py:190} INFO - [2024-09-06T19:50:13.261-0500] {dag.py:3229} INFO - Sync 2 DAGs
[2024-09-06T19:50:13.269-0500] {logging_mixin.py:190} INFO - [2024-09-06T19:50:13.269-0500] {dag.py:4156} INFO - Setting next_dagrun for read_dataset_event to 2024-09-06 00:00:00+00:00, run_after=2024-09-07 00:00:00+00:00
[2024-09-06T19:50:13.271-0500] {logging_mixin.py:190} INFO - [2024-09-06T19:50:13.270-0500] {dag.py:4156} INFO - Setting next_dagrun for read_dataset_event_from_classic to 2024-09-06 00:00:00+00:00, run_after=2024-09-07 00:00:00+00:00
[2024-09-06T19:50:13.277-0500] {processor.py:208} INFO - Processing /Users/binhpham/Library/Python/3.9/lib/python/site-packages/airflow/example_dags/example_inlet_event_extra.py took 0.112 seconds
[2024-09-06T19:52:55.186-0500] {processor.py:186} INFO - Started process (PID=36249) to work on /Users/binhpham/Library/Python/3.9/lib/python/site-packages/airflow/example_dags/example_inlet_event_extra.py
[2024-09-06T19:52:55.188-0500] {processor.py:914} INFO - Processing file /Users/binhpham/Library/Python/3.9/lib/python/site-packages/airflow/example_dags/example_inlet_event_extra.py for tasks to queue
[2024-09-06T19:52:55.189-0500] {logging_mixin.py:190} INFO - [2024-09-06T19:52:55.189-0500] {dagbag.py:587} INFO - Filling up the DagBag from /Users/binhpham/Library/Python/3.9/lib/python/site-packages/airflow/example_dags/example_inlet_event_extra.py
[2024-09-06T19:52:55.240-0500] {processor.py:925} INFO - DAG(s) 'read_dataset_event', 'read_dataset_event_from_classic' retrieved from /Users/binhpham/Library/Python/3.9/lib/python/site-packages/airflow/example_dags/example_inlet_event_extra.py
[2024-09-06T19:52:55.282-0500] {logging_mixin.py:190} INFO - [2024-09-06T19:52:55.282-0500] {dag.py:3229} INFO - Sync 2 DAGs
[2024-09-06T19:52:55.289-0500] {logging_mixin.py:190} INFO - [2024-09-06T19:52:55.289-0500] {dag.py:4156} INFO - Setting next_dagrun for read_dataset_event to 2024-09-06 00:00:00+00:00, run_after=2024-09-07 00:00:00+00:00
[2024-09-06T19:52:55.291-0500] {logging_mixin.py:190} INFO - [2024-09-06T19:52:55.291-0500] {dag.py:4156} INFO - Setting next_dagrun for read_dataset_event_from_classic to 2024-09-06 00:00:00+00:00, run_after=2024-09-07 00:00:00+00:00
[2024-09-06T19:52:55.297-0500] {processor.py:208} INFO - Processing /Users/binhpham/Library/Python/3.9/lib/python/site-packages/airflow/example_dags/example_inlet_event_extra.py took 0.113 seconds
[2024-09-06T19:54:44.293-0500] {processor.py:186} INFO - Started process (PID=36671) to work on /Users/binhpham/Library/Python/3.9/lib/python/site-packages/airflow/example_dags/example_inlet_event_extra.py
[2024-09-06T19:54:44.296-0500] {processor.py:914} INFO - Processing file /Users/binhpham/Library/Python/3.9/lib/python/site-packages/airflow/example_dags/example_inlet_event_extra.py for tasks to queue
[2024-09-06T19:54:44.296-0500] {logging_mixin.py:190} INFO - [2024-09-06T19:54:44.296-0500] {dagbag.py:587} INFO - Filling up the DagBag from /Users/binhpham/Library/Python/3.9/lib/python/site-packages/airflow/example_dags/example_inlet_event_extra.py
[2024-09-06T19:54:44.355-0500] {processor.py:925} INFO - DAG(s) 'read_dataset_event', 'read_dataset_event_from_classic' retrieved from /Users/binhpham/Library/Python/3.9/lib/python/site-packages/airflow/example_dags/example_inlet_event_extra.py
[2024-09-06T19:54:44.397-0500] {logging_mixin.py:190} INFO - [2024-09-06T19:54:44.397-0500] {dag.py:3229} INFO - Sync 2 DAGs
[2024-09-06T19:54:44.405-0500] {logging_mixin.py:190} INFO - [2024-09-06T19:54:44.405-0500] {dag.py:4156} INFO - Setting next_dagrun for read_dataset_event to 2024-09-06 00:00:00+00:00, run_after=2024-09-07 00:00:00+00:00
[2024-09-06T19:54:44.406-0500] {logging_mixin.py:190} INFO - [2024-09-06T19:54:44.406-0500] {dag.py:4156} INFO - Setting next_dagrun for read_dataset_event_from_classic to 2024-09-06 00:00:00+00:00, run_after=2024-09-07 00:00:00+00:00
[2024-09-06T19:54:44.412-0500] {processor.py:208} INFO - Processing /Users/binhpham/Library/Python/3.9/lib/python/site-packages/airflow/example_dags/example_inlet_event_extra.py took 0.121 seconds
[2024-09-06T19:56:36.307-0500] {processor.py:186} INFO - Started process (PID=37014) to work on /Users/binhpham/Library/Python/3.9/lib/python/site-packages/airflow/example_dags/example_inlet_event_extra.py
[2024-09-06T19:56:36.309-0500] {processor.py:914} INFO - Processing file /Users/binhpham/Library/Python/3.9/lib/python/site-packages/airflow/example_dags/example_inlet_event_extra.py for tasks to queue
[2024-09-06T19:56:36.309-0500] {logging_mixin.py:190} INFO - [2024-09-06T19:56:36.309-0500] {dagbag.py:587} INFO - Filling up the DagBag from /Users/binhpham/Library/Python/3.9/lib/python/site-packages/airflow/example_dags/example_inlet_event_extra.py
[2024-09-06T19:56:36.364-0500] {processor.py:925} INFO - DAG(s) 'read_dataset_event_from_classic', 'read_dataset_event' retrieved from /Users/binhpham/Library/Python/3.9/lib/python/site-packages/airflow/example_dags/example_inlet_event_extra.py
[2024-09-06T19:56:36.408-0500] {logging_mixin.py:190} INFO - [2024-09-06T19:56:36.408-0500] {dag.py:3229} INFO - Sync 2 DAGs
[2024-09-06T19:56:36.415-0500] {logging_mixin.py:190} INFO - [2024-09-06T19:56:36.415-0500] {dag.py:4156} INFO - Setting next_dagrun for read_dataset_event to 2024-09-06 00:00:00+00:00, run_after=2024-09-07 00:00:00+00:00
[2024-09-06T19:56:36.417-0500] {logging_mixin.py:190} INFO - [2024-09-06T19:56:36.417-0500] {dag.py:4156} INFO - Setting next_dagrun for read_dataset_event_from_classic to 2024-09-06 00:00:00+00:00, run_after=2024-09-07 00:00:00+00:00
[2024-09-06T19:56:36.423-0500] {processor.py:208} INFO - Processing /Users/binhpham/Library/Python/3.9/lib/python/site-packages/airflow/example_dags/example_inlet_event_extra.py took 0.118 seconds
[2024-09-06T19:59:20.485-0500] {processor.py:186} INFO - Started process (PID=37512) to work on /Users/binhpham/Library/Python/3.9/lib/python/site-packages/airflow/example_dags/example_inlet_event_extra.py
[2024-09-06T19:59:20.488-0500] {processor.py:914} INFO - Processing file /Users/binhpham/Library/Python/3.9/lib/python/site-packages/airflow/example_dags/example_inlet_event_extra.py for tasks to queue
[2024-09-06T19:59:20.488-0500] {logging_mixin.py:190} INFO - [2024-09-06T19:59:20.488-0500] {dagbag.py:587} INFO - Filling up the DagBag from /Users/binhpham/Library/Python/3.9/lib/python/site-packages/airflow/example_dags/example_inlet_event_extra.py
[2024-09-06T19:59:20.552-0500] {processor.py:925} INFO - DAG(s) 'read_dataset_event_from_classic', 'read_dataset_event' retrieved from /Users/binhpham/Library/Python/3.9/lib/python/site-packages/airflow/example_dags/example_inlet_event_extra.py
[2024-09-06T19:59:20.599-0500] {logging_mixin.py:190} INFO - [2024-09-06T19:59:20.599-0500] {dag.py:3229} INFO - Sync 2 DAGs
[2024-09-06T19:59:20.607-0500] {logging_mixin.py:190} INFO - [2024-09-06T19:59:20.607-0500] {dag.py:4156} INFO - Setting next_dagrun for read_dataset_event to 2024-09-06 00:00:00+00:00, run_after=2024-09-07 00:00:00+00:00
[2024-09-06T19:59:20.608-0500] {logging_mixin.py:190} INFO - [2024-09-06T19:59:20.608-0500] {dag.py:4156} INFO - Setting next_dagrun for read_dataset_event_from_classic to 2024-09-06 00:00:00+00:00, run_after=2024-09-07 00:00:00+00:00
[2024-09-06T19:59:20.616-0500] {processor.py:208} INFO - Processing /Users/binhpham/Library/Python/3.9/lib/python/site-packages/airflow/example_dags/example_inlet_event_extra.py took 0.132 seconds
[2024-09-06T20:02:02.956-0500] {processor.py:186} INFO - Started process (PID=38019) to work on /Users/binhpham/Library/Python/3.9/lib/python/site-packages/airflow/example_dags/example_inlet_event_extra.py
[2024-09-06T20:02:02.959-0500] {processor.py:914} INFO - Processing file /Users/binhpham/Library/Python/3.9/lib/python/site-packages/airflow/example_dags/example_inlet_event_extra.py for tasks to queue
[2024-09-06T20:02:02.959-0500] {logging_mixin.py:190} INFO - [2024-09-06T20:02:02.959-0500] {dagbag.py:587} INFO - Filling up the DagBag from /Users/binhpham/Library/Python/3.9/lib/python/site-packages/airflow/example_dags/example_inlet_event_extra.py
[2024-09-06T20:02:03.021-0500] {processor.py:925} INFO - DAG(s) 'read_dataset_event', 'read_dataset_event_from_classic' retrieved from /Users/binhpham/Library/Python/3.9/lib/python/site-packages/airflow/example_dags/example_inlet_event_extra.py
[2024-09-06T20:02:03.064-0500] {logging_mixin.py:190} INFO - [2024-09-06T20:02:03.064-0500] {dag.py:3229} INFO - Sync 2 DAGs
[2024-09-06T20:02:03.071-0500] {logging_mixin.py:190} INFO - [2024-09-06T20:02:03.071-0500] {dag.py:4156} INFO - Setting next_dagrun for read_dataset_event to 2024-09-06 00:00:00+00:00, run_after=2024-09-07 00:00:00+00:00
[2024-09-06T20:02:03.073-0500] {logging_mixin.py:190} INFO - [2024-09-06T20:02:03.073-0500] {dag.py:4156} INFO - Setting next_dagrun for read_dataset_event_from_classic to 2024-09-06 00:00:00+00:00, run_after=2024-09-07 00:00:00+00:00
[2024-09-06T20:02:03.080-0500] {processor.py:208} INFO - Processing /Users/binhpham/Library/Python/3.9/lib/python/site-packages/airflow/example_dags/example_inlet_event_extra.py took 0.125 seconds
[2024-09-06T20:04:41.011-0500] {processor.py:186} INFO - Started process (PID=38503) to work on /Users/binhpham/Library/Python/3.9/lib/python/site-packages/airflow/example_dags/example_inlet_event_extra.py
[2024-09-06T20:04:41.014-0500] {processor.py:914} INFO - Processing file /Users/binhpham/Library/Python/3.9/lib/python/site-packages/airflow/example_dags/example_inlet_event_extra.py for tasks to queue
[2024-09-06T20:04:41.014-0500] {logging_mixin.py:190} INFO - [2024-09-06T20:04:41.014-0500] {dagbag.py:587} INFO - Filling up the DagBag from /Users/binhpham/Library/Python/3.9/lib/python/site-packages/airflow/example_dags/example_inlet_event_extra.py
[2024-09-06T20:04:41.065-0500] {processor.py:925} INFO - DAG(s) 'read_dataset_event', 'read_dataset_event_from_classic' retrieved from /Users/binhpham/Library/Python/3.9/lib/python/site-packages/airflow/example_dags/example_inlet_event_extra.py
[2024-09-06T20:04:41.109-0500] {logging_mixin.py:190} INFO - [2024-09-06T20:04:41.108-0500] {dag.py:3229} INFO - Sync 2 DAGs
[2024-09-06T20:04:41.116-0500] {logging_mixin.py:190} INFO - [2024-09-06T20:04:41.116-0500] {dag.py:4156} INFO - Setting next_dagrun for read_dataset_event to 2024-09-06 00:00:00+00:00, run_after=2024-09-07 00:00:00+00:00
[2024-09-06T20:04:41.118-0500] {logging_mixin.py:190} INFO - [2024-09-06T20:04:41.118-0500] {dag.py:4156} INFO - Setting next_dagrun for read_dataset_event_from_classic to 2024-09-06 00:00:00+00:00, run_after=2024-09-07 00:00:00+00:00
[2024-09-06T20:04:41.125-0500] {processor.py:208} INFO - Processing /Users/binhpham/Library/Python/3.9/lib/python/site-packages/airflow/example_dags/example_inlet_event_extra.py took 0.115 seconds
[2024-09-06T20:07:24.007-0500] {processor.py:186} INFO - Started process (PID=39001) to work on /Users/binhpham/Library/Python/3.9/lib/python/site-packages/airflow/example_dags/example_inlet_event_extra.py
[2024-09-06T20:07:24.009-0500] {processor.py:914} INFO - Processing file /Users/binhpham/Library/Python/3.9/lib/python/site-packages/airflow/example_dags/example_inlet_event_extra.py for tasks to queue
[2024-09-06T20:07:24.009-0500] {logging_mixin.py:190} INFO - [2024-09-06T20:07:24.009-0500] {dagbag.py:587} INFO - Filling up the DagBag from /Users/binhpham/Library/Python/3.9/lib/python/site-packages/airflow/example_dags/example_inlet_event_extra.py
[2024-09-06T20:07:24.062-0500] {processor.py:925} INFO - DAG(s) 'read_dataset_event', 'read_dataset_event_from_classic' retrieved from /Users/binhpham/Library/Python/3.9/lib/python/site-packages/airflow/example_dags/example_inlet_event_extra.py
[2024-09-06T20:07:24.105-0500] {logging_mixin.py:190} INFO - [2024-09-06T20:07:24.105-0500] {dag.py:3229} INFO - Sync 2 DAGs
[2024-09-06T20:07:24.112-0500] {logging_mixin.py:190} INFO - [2024-09-06T20:07:24.112-0500] {dag.py:4156} INFO - Setting next_dagrun for read_dataset_event to 2024-09-06 00:00:00+00:00, run_after=2024-09-07 00:00:00+00:00
[2024-09-06T20:07:24.114-0500] {logging_mixin.py:190} INFO - [2024-09-06T20:07:24.114-0500] {dag.py:4156} INFO - Setting next_dagrun for read_dataset_event_from_classic to 2024-09-06 00:00:00+00:00, run_after=2024-09-07 00:00:00+00:00
[2024-09-06T20:07:24.120-0500] {processor.py:208} INFO - Processing /Users/binhpham/Library/Python/3.9/lib/python/site-packages/airflow/example_dags/example_inlet_event_extra.py took 0.115 seconds
[2024-09-06T20:10:09.920-0500] {processor.py:186} INFO - Started process (PID=39528) to work on /Users/binhpham/Library/Python/3.9/lib/python/site-packages/airflow/example_dags/example_inlet_event_extra.py
[2024-09-06T20:10:09.921-0500] {processor.py:914} INFO - Processing file /Users/binhpham/Library/Python/3.9/lib/python/site-packages/airflow/example_dags/example_inlet_event_extra.py for tasks to queue
[2024-09-06T20:10:09.922-0500] {logging_mixin.py:190} INFO - [2024-09-06T20:10:09.922-0500] {dagbag.py:587} INFO - Filling up the DagBag from /Users/binhpham/Library/Python/3.9/lib/python/site-packages/airflow/example_dags/example_inlet_event_extra.py
[2024-09-06T20:10:09.978-0500] {processor.py:925} INFO - DAG(s) 'read_dataset_event', 'read_dataset_event_from_classic' retrieved from /Users/binhpham/Library/Python/3.9/lib/python/site-packages/airflow/example_dags/example_inlet_event_extra.py
[2024-09-06T20:10:10.020-0500] {logging_mixin.py:190} INFO - [2024-09-06T20:10:10.020-0500] {dag.py:3229} INFO - Sync 2 DAGs
[2024-09-06T20:10:10.027-0500] {logging_mixin.py:190} INFO - [2024-09-06T20:10:10.027-0500] {dag.py:4156} INFO - Setting next_dagrun for read_dataset_event to 2024-09-06 00:00:00+00:00, run_after=2024-09-07 00:00:00+00:00
[2024-09-06T20:10:10.029-0500] {logging_mixin.py:190} INFO - [2024-09-06T20:10:10.029-0500] {dag.py:4156} INFO - Setting next_dagrun for read_dataset_event_from_classic to 2024-09-06 00:00:00+00:00, run_after=2024-09-07 00:00:00+00:00
[2024-09-06T20:10:10.035-0500] {processor.py:208} INFO - Processing /Users/binhpham/Library/Python/3.9/lib/python/site-packages/airflow/example_dags/example_inlet_event_extra.py took 0.117 seconds
[2024-09-06T20:12:51.292-0500] {processor.py:186} INFO - Started process (PID=40062) to work on /Users/binhpham/Library/Python/3.9/lib/python/site-packages/airflow/example_dags/example_inlet_event_extra.py
[2024-09-06T20:12:51.293-0500] {processor.py:914} INFO - Processing file /Users/binhpham/Library/Python/3.9/lib/python/site-packages/airflow/example_dags/example_inlet_event_extra.py for tasks to queue
[2024-09-06T20:12:51.294-0500] {logging_mixin.py:190} INFO - [2024-09-06T20:12:51.294-0500] {dagbag.py:587} INFO - Filling up the DagBag from /Users/binhpham/Library/Python/3.9/lib/python/site-packages/airflow/example_dags/example_inlet_event_extra.py
[2024-09-06T20:12:51.358-0500] {processor.py:925} INFO - DAG(s) 'read_dataset_event', 'read_dataset_event_from_classic' retrieved from /Users/binhpham/Library/Python/3.9/lib/python/site-packages/airflow/example_dags/example_inlet_event_extra.py
[2024-09-06T20:12:51.404-0500] {logging_mixin.py:190} INFO - [2024-09-06T20:12:51.404-0500] {dag.py:3229} INFO - Sync 2 DAGs
[2024-09-06T20:12:51.413-0500] {logging_mixin.py:190} INFO - [2024-09-06T20:12:51.413-0500] {dag.py:4156} INFO - Setting next_dagrun for read_dataset_event to 2024-09-06 00:00:00+00:00, run_after=2024-09-07 00:00:00+00:00
[2024-09-06T20:12:51.415-0500] {logging_mixin.py:190} INFO - [2024-09-06T20:12:51.415-0500] {dag.py:4156} INFO - Setting next_dagrun for read_dataset_event_from_classic to 2024-09-06 00:00:00+00:00, run_after=2024-09-07 00:00:00+00:00
[2024-09-06T20:12:51.423-0500] {processor.py:208} INFO - Processing /Users/binhpham/Library/Python/3.9/lib/python/site-packages/airflow/example_dags/example_inlet_event_extra.py took 0.133 seconds
[2024-09-06T20:16:07.620-0500] {processor.py:186} INFO - Started process (PID=40739) to work on /Users/binhpham/Library/Python/3.9/lib/python/site-packages/airflow/example_dags/example_inlet_event_extra.py
[2024-09-06T20:16:07.622-0500] {processor.py:914} INFO - Processing file /Users/binhpham/Library/Python/3.9/lib/python/site-packages/airflow/example_dags/example_inlet_event_extra.py for tasks to queue
[2024-09-06T20:16:07.623-0500] {logging_mixin.py:190} INFO - [2024-09-06T20:16:07.622-0500] {dagbag.py:587} INFO - Filling up the DagBag from /Users/binhpham/Library/Python/3.9/lib/python/site-packages/airflow/example_dags/example_inlet_event_extra.py
[2024-09-06T20:16:07.717-0500] {processor.py:925} INFO - DAG(s) 'read_dataset_event_from_classic', 'read_dataset_event' retrieved from /Users/binhpham/Library/Python/3.9/lib/python/site-packages/airflow/example_dags/example_inlet_event_extra.py
[2024-09-06T20:16:07.763-0500] {logging_mixin.py:190} INFO - [2024-09-06T20:16:07.763-0500] {dag.py:3229} INFO - Sync 2 DAGs
[2024-09-06T20:16:07.771-0500] {logging_mixin.py:190} INFO - [2024-09-06T20:16:07.771-0500] {dag.py:4156} INFO - Setting next_dagrun for read_dataset_event to 2024-09-06 00:00:00+00:00, run_after=2024-09-07 00:00:00+00:00
[2024-09-06T20:16:07.773-0500] {logging_mixin.py:190} INFO - [2024-09-06T20:16:07.773-0500] {dag.py:4156} INFO - Setting next_dagrun for read_dataset_event_from_classic to 2024-09-06 00:00:00+00:00, run_after=2024-09-07 00:00:00+00:00
[2024-09-06T20:16:07.781-0500] {processor.py:208} INFO - Processing /Users/binhpham/Library/Python/3.9/lib/python/site-packages/airflow/example_dags/example_inlet_event_extra.py took 0.163 seconds
[2024-09-06T20:22:58.094-0500] {processor.py:186} INFO - Started process (PID=42964) to work on /Users/binhpham/Library/Python/3.9/lib/python/site-packages/airflow/example_dags/example_inlet_event_extra.py
[2024-09-06T20:22:58.096-0500] {processor.py:914} INFO - Processing file /Users/binhpham/Library/Python/3.9/lib/python/site-packages/airflow/example_dags/example_inlet_event_extra.py for tasks to queue
[2024-09-06T20:22:58.096-0500] {logging_mixin.py:190} INFO - [2024-09-06T20:22:58.096-0500] {dagbag.py:587} INFO - Filling up the DagBag from /Users/binhpham/Library/Python/3.9/lib/python/site-packages/airflow/example_dags/example_inlet_event_extra.py
[2024-09-06T20:22:58.163-0500] {processor.py:925} INFO - DAG(s) 'read_dataset_event_from_classic', 'read_dataset_event' retrieved from /Users/binhpham/Library/Python/3.9/lib/python/site-packages/airflow/example_dags/example_inlet_event_extra.py
[2024-09-06T20:22:58.222-0500] {logging_mixin.py:190} INFO - [2024-09-06T20:22:58.222-0500] {dag.py:3229} INFO - Sync 2 DAGs
[2024-09-06T20:22:58.230-0500] {logging_mixin.py:190} INFO - [2024-09-06T20:22:58.230-0500] {dag.py:4156} INFO - Setting next_dagrun for read_dataset_event to 2024-09-06 00:00:00+00:00, run_after=2024-09-07 00:00:00+00:00
[2024-09-06T20:22:58.232-0500] {logging_mixin.py:190} INFO - [2024-09-06T20:22:58.231-0500] {dag.py:4156} INFO - Setting next_dagrun for read_dataset_event_from_classic to 2024-09-06 00:00:00+00:00, run_after=2024-09-07 00:00:00+00:00
[2024-09-06T20:22:58.238-0500] {processor.py:208} INFO - Processing /Users/binhpham/Library/Python/3.9/lib/python/site-packages/airflow/example_dags/example_inlet_event_extra.py took 0.146 seconds
[2024-09-06T20:24:50.241-0500] {processor.py:186} INFO - Started process (PID=43307) to work on /Users/binhpham/Library/Python/3.9/lib/python/site-packages/airflow/example_dags/example_inlet_event_extra.py
[2024-09-06T20:24:50.243-0500] {processor.py:914} INFO - Processing file /Users/binhpham/Library/Python/3.9/lib/python/site-packages/airflow/example_dags/example_inlet_event_extra.py for tasks to queue
[2024-09-06T20:24:50.244-0500] {logging_mixin.py:190} INFO - [2024-09-06T20:24:50.244-0500] {dagbag.py:587} INFO - Filling up the DagBag from /Users/binhpham/Library/Python/3.9/lib/python/site-packages/airflow/example_dags/example_inlet_event_extra.py
[2024-09-06T20:24:50.300-0500] {processor.py:925} INFO - DAG(s) 'read_dataset_event', 'read_dataset_event_from_classic' retrieved from /Users/binhpham/Library/Python/3.9/lib/python/site-packages/airflow/example_dags/example_inlet_event_extra.py
[2024-09-06T20:24:50.343-0500] {logging_mixin.py:190} INFO - [2024-09-06T20:24:50.343-0500] {dag.py:3229} INFO - Sync 2 DAGs
[2024-09-06T20:24:50.351-0500] {logging_mixin.py:190} INFO - [2024-09-06T20:24:50.351-0500] {dag.py:4156} INFO - Setting next_dagrun for read_dataset_event to 2024-09-06 00:00:00+00:00, run_after=2024-09-07 00:00:00+00:00
[2024-09-06T20:24:50.353-0500] {logging_mixin.py:190} INFO - [2024-09-06T20:24:50.353-0500] {dag.py:4156} INFO - Setting next_dagrun for read_dataset_event_from_classic to 2024-09-06 00:00:00+00:00, run_after=2024-09-07 00:00:00+00:00
[2024-09-06T20:24:50.360-0500] {processor.py:208} INFO - Processing /Users/binhpham/Library/Python/3.9/lib/python/site-packages/airflow/example_dags/example_inlet_event_extra.py took 0.120 seconds
[2024-09-06T20:28:03.508-0500] {processor.py:186} INFO - Started process (PID=43963) to work on /Users/binhpham/Library/Python/3.9/lib/python/site-packages/airflow/example_dags/example_inlet_event_extra.py
[2024-09-06T20:28:03.510-0500] {processor.py:914} INFO - Processing file /Users/binhpham/Library/Python/3.9/lib/python/site-packages/airflow/example_dags/example_inlet_event_extra.py for tasks to queue
[2024-09-06T20:28:03.511-0500] {logging_mixin.py:190} INFO - [2024-09-06T20:28:03.511-0500] {dagbag.py:587} INFO - Filling up the DagBag from /Users/binhpham/Library/Python/3.9/lib/python/site-packages/airflow/example_dags/example_inlet_event_extra.py
[2024-09-06T20:28:03.567-0500] {processor.py:925} INFO - DAG(s) 'read_dataset_event', 'read_dataset_event_from_classic' retrieved from /Users/binhpham/Library/Python/3.9/lib/python/site-packages/airflow/example_dags/example_inlet_event_extra.py
[2024-09-06T20:28:03.610-0500] {logging_mixin.py:190} INFO - [2024-09-06T20:28:03.610-0500] {dag.py:3229} INFO - Sync 2 DAGs
[2024-09-06T20:28:03.618-0500] {logging_mixin.py:190} INFO - [2024-09-06T20:28:03.618-0500] {dag.py:4156} INFO - Setting next_dagrun for read_dataset_event to 2024-09-06 00:00:00+00:00, run_after=2024-09-07 00:00:00+00:00
[2024-09-06T20:28:03.620-0500] {logging_mixin.py:190} INFO - [2024-09-06T20:28:03.620-0500] {dag.py:4156} INFO - Setting next_dagrun for read_dataset_event_from_classic to 2024-09-06 00:00:00+00:00, run_after=2024-09-07 00:00:00+00:00
[2024-09-06T20:28:03.627-0500] {processor.py:208} INFO - Processing /Users/binhpham/Library/Python/3.9/lib/python/site-packages/airflow/example_dags/example_inlet_event_extra.py took 0.120 seconds
[2024-09-06T20:29:57.207-0500] {processor.py:186} INFO - Started process (PID=44350) to work on /Users/binhpham/Library/Python/3.9/lib/python/site-packages/airflow/example_dags/example_inlet_event_extra.py
[2024-09-06T20:29:57.209-0500] {processor.py:914} INFO - Processing file /Users/binhpham/Library/Python/3.9/lib/python/site-packages/airflow/example_dags/example_inlet_event_extra.py for tasks to queue
[2024-09-06T20:29:57.209-0500] {logging_mixin.py:190} INFO - [2024-09-06T20:29:57.209-0500] {dagbag.py:587} INFO - Filling up the DagBag from /Users/binhpham/Library/Python/3.9/lib/python/site-packages/airflow/example_dags/example_inlet_event_extra.py
[2024-09-06T20:29:57.269-0500] {processor.py:925} INFO - DAG(s) 'read_dataset_event_from_classic', 'read_dataset_event' retrieved from /Users/binhpham/Library/Python/3.9/lib/python/site-packages/airflow/example_dags/example_inlet_event_extra.py
[2024-09-06T20:29:57.310-0500] {logging_mixin.py:190} INFO - [2024-09-06T20:29:57.310-0500] {dag.py:3229} INFO - Sync 2 DAGs
[2024-09-06T20:29:57.317-0500] {logging_mixin.py:190} INFO - [2024-09-06T20:29:57.317-0500] {dag.py:4156} INFO - Setting next_dagrun for read_dataset_event to 2024-09-06 00:00:00+00:00, run_after=2024-09-07 00:00:00+00:00
[2024-09-06T20:29:57.319-0500] {logging_mixin.py:190} INFO - [2024-09-06T20:29:57.319-0500] {dag.py:4156} INFO - Setting next_dagrun for read_dataset_event_from_classic to 2024-09-06 00:00:00+00:00, run_after=2024-09-07 00:00:00+00:00
[2024-09-06T20:29:57.325-0500] {processor.py:208} INFO - Processing /Users/binhpham/Library/Python/3.9/lib/python/site-packages/airflow/example_dags/example_inlet_event_extra.py took 0.120 seconds
[2024-09-06T20:32:39.011-0500] {processor.py:186} INFO - Started process (PID=44871) to work on /Users/binhpham/Library/Python/3.9/lib/python/site-packages/airflow/example_dags/example_inlet_event_extra.py
[2024-09-06T20:32:39.014-0500] {processor.py:914} INFO - Processing file /Users/binhpham/Library/Python/3.9/lib/python/site-packages/airflow/example_dags/example_inlet_event_extra.py for tasks to queue
[2024-09-06T20:32:39.014-0500] {logging_mixin.py:190} INFO - [2024-09-06T20:32:39.014-0500] {dagbag.py:587} INFO - Filling up the DagBag from /Users/binhpham/Library/Python/3.9/lib/python/site-packages/airflow/example_dags/example_inlet_event_extra.py
[2024-09-06T20:32:39.071-0500] {processor.py:925} INFO - DAG(s) 'read_dataset_event_from_classic', 'read_dataset_event' retrieved from /Users/binhpham/Library/Python/3.9/lib/python/site-packages/airflow/example_dags/example_inlet_event_extra.py
[2024-09-06T20:32:39.114-0500] {logging_mixin.py:190} INFO - [2024-09-06T20:32:39.114-0500] {dag.py:3229} INFO - Sync 2 DAGs
[2024-09-06T20:32:39.121-0500] {logging_mixin.py:190} INFO - [2024-09-06T20:32:39.121-0500] {dag.py:4156} INFO - Setting next_dagrun for read_dataset_event to 2024-09-06 00:00:00+00:00, run_after=2024-09-07 00:00:00+00:00
[2024-09-06T20:32:39.123-0500] {logging_mixin.py:190} INFO - [2024-09-06T20:32:39.123-0500] {dag.py:4156} INFO - Setting next_dagrun for read_dataset_event_from_classic to 2024-09-06 00:00:00+00:00, run_after=2024-09-07 00:00:00+00:00
[2024-09-06T20:32:39.129-0500] {processor.py:208} INFO - Processing /Users/binhpham/Library/Python/3.9/lib/python/site-packages/airflow/example_dags/example_inlet_event_extra.py took 0.119 seconds
[2024-09-06T20:34:36.512-0500] {processor.py:186} INFO - Started process (PID=45255) to work on /Users/binhpham/Library/Python/3.9/lib/python/site-packages/airflow/example_dags/example_inlet_event_extra.py
[2024-09-06T20:34:36.513-0500] {processor.py:914} INFO - Processing file /Users/binhpham/Library/Python/3.9/lib/python/site-packages/airflow/example_dags/example_inlet_event_extra.py for tasks to queue
[2024-09-06T20:34:36.514-0500] {logging_mixin.py:190} INFO - [2024-09-06T20:34:36.514-0500] {dagbag.py:587} INFO - Filling up the DagBag from /Users/binhpham/Library/Python/3.9/lib/python/site-packages/airflow/example_dags/example_inlet_event_extra.py
[2024-09-06T20:34:36.576-0500] {processor.py:925} INFO - DAG(s) 'read_dataset_event', 'read_dataset_event_from_classic' retrieved from /Users/binhpham/Library/Python/3.9/lib/python/site-packages/airflow/example_dags/example_inlet_event_extra.py
[2024-09-06T20:34:36.625-0500] {logging_mixin.py:190} INFO - [2024-09-06T20:34:36.625-0500] {dag.py:3229} INFO - Sync 2 DAGs
[2024-09-06T20:34:36.635-0500] {logging_mixin.py:190} INFO - [2024-09-06T20:34:36.635-0500] {dag.py:4156} INFO - Setting next_dagrun for read_dataset_event to 2024-09-06 00:00:00+00:00, run_after=2024-09-07 00:00:00+00:00
[2024-09-06T20:34:36.637-0500] {logging_mixin.py:190} INFO - [2024-09-06T20:34:36.637-0500] {dag.py:4156} INFO - Setting next_dagrun for read_dataset_event_from_classic to 2024-09-06 00:00:00+00:00, run_after=2024-09-07 00:00:00+00:00
[2024-09-06T20:34:36.644-0500] {processor.py:208} INFO - Processing /Users/binhpham/Library/Python/3.9/lib/python/site-packages/airflow/example_dags/example_inlet_event_extra.py took 0.133 seconds
[2024-09-06T20:36:29.014-0500] {processor.py:186} INFO - Started process (PID=45625) to work on /Users/binhpham/Library/Python/3.9/lib/python/site-packages/airflow/example_dags/example_inlet_event_extra.py
[2024-09-06T20:36:29.016-0500] {processor.py:914} INFO - Processing file /Users/binhpham/Library/Python/3.9/lib/python/site-packages/airflow/example_dags/example_inlet_event_extra.py for tasks to queue
[2024-09-06T20:36:29.017-0500] {logging_mixin.py:190} INFO - [2024-09-06T20:36:29.017-0500] {dagbag.py:587} INFO - Filling up the DagBag from /Users/binhpham/Library/Python/3.9/lib/python/site-packages/airflow/example_dags/example_inlet_event_extra.py
[2024-09-06T20:36:29.072-0500] {processor.py:925} INFO - DAG(s) 'read_dataset_event', 'read_dataset_event_from_classic' retrieved from /Users/binhpham/Library/Python/3.9/lib/python/site-packages/airflow/example_dags/example_inlet_event_extra.py
[2024-09-06T20:36:29.117-0500] {logging_mixin.py:190} INFO - [2024-09-06T20:36:29.116-0500] {dag.py:3229} INFO - Sync 2 DAGs
[2024-09-06T20:36:29.124-0500] {logging_mixin.py:190} INFO - [2024-09-06T20:36:29.124-0500] {dag.py:4156} INFO - Setting next_dagrun for read_dataset_event to 2024-09-06 00:00:00+00:00, run_after=2024-09-07 00:00:00+00:00
[2024-09-06T20:36:29.126-0500] {logging_mixin.py:190} INFO - [2024-09-06T20:36:29.126-0500] {dag.py:4156} INFO - Setting next_dagrun for read_dataset_event_from_classic to 2024-09-06 00:00:00+00:00, run_after=2024-09-07 00:00:00+00:00
[2024-09-06T20:36:29.132-0500] {processor.py:208} INFO - Processing /Users/binhpham/Library/Python/3.9/lib/python/site-packages/airflow/example_dags/example_inlet_event_extra.py took 0.120 seconds
