[2024-09-06T19:44:26.401-0500] {processor.py:186} INFO - Started process (PID=34431) to work on /Users/binhpham/Library/Python/3.9/lib/python/site-packages/airflow/example_dags/example_sensors.py
[2024-09-06T19:44:26.403-0500] {processor.py:914} INFO - Processing file /Users/binhpham/Library/Python/3.9/lib/python/site-packages/airflow/example_dags/example_sensors.py for tasks to queue
[2024-09-06T19:44:26.403-0500] {logging_mixin.py:190} INFO - [2024-09-06T19:44:26.403-0500] {dagbag.py:587} INFO - Filling up the DagBag from /Users/binhpham/Library/Python/3.9/lib/python/site-packages/airflow/example_dags/example_sensors.py
[2024-09-06T19:44:26.410-0500] {processor.py:925} INFO - DAG(s) 'example_sensors' retrieved from /Users/binhpham/Library/Python/3.9/lib/python/site-packages/airflow/example_dags/example_sensors.py
[2024-09-06T19:44:26.702-0500] {logging_mixin.py:190} INFO - [2024-09-06T19:44:26.702-0500] {override.py:1900} INFO - Created Permission View: can read on DAG:example_sensors
[2024-09-06T19:44:26.706-0500] {logging_mixin.py:190} INFO - [2024-09-06T19:44:26.706-0500] {override.py:1900} INFO - Created Permission View: can delete on DAG:example_sensors
[2024-09-06T19:44:26.708-0500] {logging_mixin.py:190} INFO - [2024-09-06T19:44:26.708-0500] {override.py:1900} INFO - Created Permission View: can edit on DAG:example_sensors
[2024-09-06T19:44:26.711-0500] {logging_mixin.py:190} INFO - [2024-09-06T19:44:26.711-0500] {override.py:1900} INFO - Created Permission View: can read on DAG Run:example_sensors
[2024-09-06T19:44:26.713-0500] {logging_mixin.py:190} INFO - [2024-09-06T19:44:26.713-0500] {override.py:1900} INFO - Created Permission View: can delete on DAG Run:example_sensors
[2024-09-06T19:44:26.715-0500] {logging_mixin.py:190} INFO - [2024-09-06T19:44:26.715-0500] {override.py:1900} INFO - Created Permission View: can create on DAG Run:example_sensors
[2024-09-06T19:44:26.717-0500] {logging_mixin.py:190} INFO - [2024-09-06T19:44:26.717-0500] {override.py:1900} INFO - Created Permission View: menu access on DAG Run:example_sensors
[2024-09-06T19:44:26.717-0500] {logging_mixin.py:190} INFO - [2024-09-06T19:44:26.717-0500] {dag.py:3229} INFO - Sync 1 DAGs
[2024-09-06T19:44:26.722-0500] {logging_mixin.py:190} INFO - [2024-09-06T19:44:26.722-0500] {dag.py:3252} INFO - Creating ORM DAG for example_sensors
[2024-09-06T19:44:26.723-0500] {logging_mixin.py:190} INFO - [2024-09-06T19:44:26.723-0500] {dag.py:4156} INFO - Setting next_dagrun for example_sensors to None, run_after=None
[2024-09-06T19:44:26.729-0500] {processor.py:208} INFO - Processing /Users/binhpham/Library/Python/3.9/lib/python/site-packages/airflow/example_dags/example_sensors.py took 0.329 seconds
[2024-09-06T19:45:34.235-0500] {processor.py:186} INFO - Started process (PID=34730) to work on /Users/binhpham/Library/Python/3.9/lib/python/site-packages/airflow/example_dags/example_sensors.py
[2024-09-06T19:45:34.238-0500] {processor.py:914} INFO - Processing file /Users/binhpham/Library/Python/3.9/lib/python/site-packages/airflow/example_dags/example_sensors.py for tasks to queue
[2024-09-06T19:45:34.238-0500] {logging_mixin.py:190} INFO - [2024-09-06T19:45:34.238-0500] {dagbag.py:587} INFO - Filling up the DagBag from /Users/binhpham/Library/Python/3.9/lib/python/site-packages/airflow/example_dags/example_sensors.py
[2024-09-06T19:45:34.245-0500] {processor.py:925} INFO - DAG(s) 'example_sensors' retrieved from /Users/binhpham/Library/Python/3.9/lib/python/site-packages/airflow/example_dags/example_sensors.py
[2024-09-06T19:45:34.488-0500] {logging_mixin.py:190} INFO - [2024-09-06T19:45:34.488-0500] {dag.py:3229} INFO - Sync 1 DAGs
[2024-09-06T19:45:34.492-0500] {logging_mixin.py:190} INFO - [2024-09-06T19:45:34.492-0500] {dag.py:4156} INFO - Setting next_dagrun for example_sensors to None, run_after=None
[2024-09-06T19:45:34.500-0500] {processor.py:208} INFO - Processing /Users/binhpham/Library/Python/3.9/lib/python/site-packages/airflow/example_dags/example_sensors.py took 0.266 seconds
[2024-09-06T19:47:55.260-0500] {processor.py:186} INFO - Started process (PID=35305) to work on /Users/binhpham/Library/Python/3.9/lib/python/site-packages/airflow/example_dags/example_sensors.py
[2024-09-06T19:47:55.263-0500] {processor.py:914} INFO - Processing file /Users/binhpham/Library/Python/3.9/lib/python/site-packages/airflow/example_dags/example_sensors.py for tasks to queue
[2024-09-06T19:47:55.263-0500] {logging_mixin.py:190} INFO - [2024-09-06T19:47:55.263-0500] {dagbag.py:587} INFO - Filling up the DagBag from /Users/binhpham/Library/Python/3.9/lib/python/site-packages/airflow/example_dags/example_sensors.py
[2024-09-06T19:47:55.270-0500] {processor.py:925} INFO - DAG(s) 'example_sensors' retrieved from /Users/binhpham/Library/Python/3.9/lib/python/site-packages/airflow/example_dags/example_sensors.py
[2024-09-06T19:47:55.548-0500] {logging_mixin.py:190} INFO - [2024-09-06T19:47:55.548-0500] {dag.py:3229} INFO - Sync 1 DAGs
[2024-09-06T19:47:55.553-0500] {logging_mixin.py:190} INFO - [2024-09-06T19:47:55.552-0500] {dag.py:4156} INFO - Setting next_dagrun for example_sensors to None, run_after=None
[2024-09-06T19:47:55.560-0500] {processor.py:208} INFO - Processing /Users/binhpham/Library/Python/3.9/lib/python/site-packages/airflow/example_dags/example_sensors.py took 0.301 seconds
[2024-09-06T19:49:46.760-0500] {processor.py:186} INFO - Started process (PID=35653) to work on /Users/binhpham/Library/Python/3.9/lib/python/site-packages/airflow/example_dags/example_sensors.py
[2024-09-06T19:49:46.762-0500] {processor.py:914} INFO - Processing file /Users/binhpham/Library/Python/3.9/lib/python/site-packages/airflow/example_dags/example_sensors.py for tasks to queue
[2024-09-06T19:49:46.762-0500] {logging_mixin.py:190} INFO - [2024-09-06T19:49:46.762-0500] {dagbag.py:587} INFO - Filling up the DagBag from /Users/binhpham/Library/Python/3.9/lib/python/site-packages/airflow/example_dags/example_sensors.py
[2024-09-06T19:49:46.769-0500] {processor.py:925} INFO - DAG(s) 'example_sensors' retrieved from /Users/binhpham/Library/Python/3.9/lib/python/site-packages/airflow/example_dags/example_sensors.py
[2024-09-06T19:49:47.057-0500] {logging_mixin.py:190} INFO - [2024-09-06T19:49:47.057-0500] {dag.py:3229} INFO - Sync 1 DAGs
[2024-09-06T19:49:47.062-0500] {logging_mixin.py:190} INFO - [2024-09-06T19:49:47.062-0500] {dag.py:4156} INFO - Setting next_dagrun for example_sensors to None, run_after=None
[2024-09-06T19:49:47.070-0500] {processor.py:208} INFO - Processing /Users/binhpham/Library/Python/3.9/lib/python/site-packages/airflow/example_dags/example_sensors.py took 0.312 seconds
[2024-09-06T19:51:08.116-0500] {processor.py:186} INFO - Started process (PID=35920) to work on /Users/binhpham/Library/Python/3.9/lib/python/site-packages/airflow/example_dags/example_sensors.py
[2024-09-06T19:51:08.117-0500] {processor.py:914} INFO - Processing file /Users/binhpham/Library/Python/3.9/lib/python/site-packages/airflow/example_dags/example_sensors.py for tasks to queue
[2024-09-06T19:51:08.118-0500] {logging_mixin.py:190} INFO - [2024-09-06T19:51:08.118-0500] {dagbag.py:587} INFO - Filling up the DagBag from /Users/binhpham/Library/Python/3.9/lib/python/site-packages/airflow/example_dags/example_sensors.py
[2024-09-06T19:51:08.125-0500] {processor.py:925} INFO - DAG(s) 'example_sensors' retrieved from /Users/binhpham/Library/Python/3.9/lib/python/site-packages/airflow/example_dags/example_sensors.py
[2024-09-06T19:51:08.358-0500] {logging_mixin.py:190} INFO - [2024-09-06T19:51:08.358-0500] {dag.py:3229} INFO - Sync 1 DAGs
[2024-09-06T19:51:08.362-0500] {logging_mixin.py:190} INFO - [2024-09-06T19:51:08.362-0500] {dag.py:4156} INFO - Setting next_dagrun for example_sensors to None, run_after=None
[2024-09-06T19:51:08.370-0500] {processor.py:208} INFO - Processing /Users/binhpham/Library/Python/3.9/lib/python/site-packages/airflow/example_dags/example_sensors.py took 0.256 seconds
[2024-09-06T19:52:29.637-0500] {processor.py:186} INFO - Started process (PID=36169) to work on /Users/binhpham/Library/Python/3.9/lib/python/site-packages/airflow/example_dags/example_sensors.py
[2024-09-06T19:52:29.639-0500] {processor.py:914} INFO - Processing file /Users/binhpham/Library/Python/3.9/lib/python/site-packages/airflow/example_dags/example_sensors.py for tasks to queue
[2024-09-06T19:52:29.639-0500] {logging_mixin.py:190} INFO - [2024-09-06T19:52:29.639-0500] {dagbag.py:587} INFO - Filling up the DagBag from /Users/binhpham/Library/Python/3.9/lib/python/site-packages/airflow/example_dags/example_sensors.py
[2024-09-06T19:52:29.645-0500] {processor.py:925} INFO - DAG(s) 'example_sensors' retrieved from /Users/binhpham/Library/Python/3.9/lib/python/site-packages/airflow/example_dags/example_sensors.py
[2024-09-06T19:52:29.873-0500] {logging_mixin.py:190} INFO - [2024-09-06T19:52:29.873-0500] {dag.py:3229} INFO - Sync 1 DAGs
[2024-09-06T19:52:29.878-0500] {logging_mixin.py:190} INFO - [2024-09-06T19:52:29.877-0500] {dag.py:4156} INFO - Setting next_dagrun for example_sensors to None, run_after=None
[2024-09-06T19:52:29.885-0500] {processor.py:208} INFO - Processing /Users/binhpham/Library/Python/3.9/lib/python/site-packages/airflow/example_dags/example_sensors.py took 0.249 seconds
[2024-09-06T19:54:18.559-0500] {processor.py:186} INFO - Started process (PID=36564) to work on /Users/binhpham/Library/Python/3.9/lib/python/site-packages/airflow/example_dags/example_sensors.py
[2024-09-06T19:54:18.561-0500] {processor.py:914} INFO - Processing file /Users/binhpham/Library/Python/3.9/lib/python/site-packages/airflow/example_dags/example_sensors.py for tasks to queue
[2024-09-06T19:54:18.562-0500] {logging_mixin.py:190} INFO - [2024-09-06T19:54:18.562-0500] {dagbag.py:587} INFO - Filling up the DagBag from /Users/binhpham/Library/Python/3.9/lib/python/site-packages/airflow/example_dags/example_sensors.py
[2024-09-06T19:54:18.568-0500] {processor.py:925} INFO - DAG(s) 'example_sensors' retrieved from /Users/binhpham/Library/Python/3.9/lib/python/site-packages/airflow/example_dags/example_sensors.py
[2024-09-06T19:54:18.800-0500] {logging_mixin.py:190} INFO - [2024-09-06T19:54:18.800-0500] {dag.py:3229} INFO - Sync 1 DAGs
[2024-09-06T19:54:18.805-0500] {logging_mixin.py:190} INFO - [2024-09-06T19:54:18.805-0500] {dag.py:4156} INFO - Setting next_dagrun for example_sensors to None, run_after=None
[2024-09-06T19:54:18.812-0500] {processor.py:208} INFO - Processing /Users/binhpham/Library/Python/3.9/lib/python/site-packages/airflow/example_dags/example_sensors.py took 0.255 seconds
[2024-09-06T19:56:09.677-0500] {processor.py:186} INFO - Started process (PID=36932) to work on /Users/binhpham/Library/Python/3.9/lib/python/site-packages/airflow/example_dags/example_sensors.py
[2024-09-06T19:56:09.680-0500] {processor.py:914} INFO - Processing file /Users/binhpham/Library/Python/3.9/lib/python/site-packages/airflow/example_dags/example_sensors.py for tasks to queue
[2024-09-06T19:56:09.680-0500] {logging_mixin.py:190} INFO - [2024-09-06T19:56:09.680-0500] {dagbag.py:587} INFO - Filling up the DagBag from /Users/binhpham/Library/Python/3.9/lib/python/site-packages/airflow/example_dags/example_sensors.py
[2024-09-06T19:56:09.687-0500] {processor.py:925} INFO - DAG(s) 'example_sensors' retrieved from /Users/binhpham/Library/Python/3.9/lib/python/site-packages/airflow/example_dags/example_sensors.py
[2024-09-06T19:56:09.915-0500] {logging_mixin.py:190} INFO - [2024-09-06T19:56:09.915-0500] {dag.py:3229} INFO - Sync 1 DAGs
[2024-09-06T19:56:09.919-0500] {logging_mixin.py:190} INFO - [2024-09-06T19:56:09.919-0500] {dag.py:4156} INFO - Setting next_dagrun for example_sensors to None, run_after=None
[2024-09-06T19:56:09.927-0500] {processor.py:208} INFO - Processing /Users/binhpham/Library/Python/3.9/lib/python/site-packages/airflow/example_dags/example_sensors.py took 0.251 seconds
[2024-09-06T19:57:31.381-0500] {processor.py:186} INFO - Started process (PID=37183) to work on /Users/binhpham/Library/Python/3.9/lib/python/site-packages/airflow/example_dags/example_sensors.py
[2024-09-06T19:57:31.383-0500] {processor.py:914} INFO - Processing file /Users/binhpham/Library/Python/3.9/lib/python/site-packages/airflow/example_dags/example_sensors.py for tasks to queue
[2024-09-06T19:57:31.383-0500] {logging_mixin.py:190} INFO - [2024-09-06T19:57:31.383-0500] {dagbag.py:587} INFO - Filling up the DagBag from /Users/binhpham/Library/Python/3.9/lib/python/site-packages/airflow/example_dags/example_sensors.py
[2024-09-06T19:57:31.391-0500] {processor.py:925} INFO - DAG(s) 'example_sensors' retrieved from /Users/binhpham/Library/Python/3.9/lib/python/site-packages/airflow/example_dags/example_sensors.py
[2024-09-06T19:57:31.630-0500] {logging_mixin.py:190} INFO - [2024-09-06T19:57:31.630-0500] {dag.py:3229} INFO - Sync 1 DAGs
[2024-09-06T19:57:31.635-0500] {logging_mixin.py:190} INFO - [2024-09-06T19:57:31.635-0500] {dag.py:4156} INFO - Setting next_dagrun for example_sensors to None, run_after=None
[2024-09-06T19:57:31.643-0500] {processor.py:208} INFO - Processing /Users/binhpham/Library/Python/3.9/lib/python/site-packages/airflow/example_dags/example_sensors.py took 0.263 seconds
[2024-09-06T19:58:53.479-0500] {processor.py:186} INFO - Started process (PID=37433) to work on /Users/binhpham/Library/Python/3.9/lib/python/site-packages/airflow/example_dags/example_sensors.py
[2024-09-06T19:58:53.481-0500] {processor.py:914} INFO - Processing file /Users/binhpham/Library/Python/3.9/lib/python/site-packages/airflow/example_dags/example_sensors.py for tasks to queue
[2024-09-06T19:58:53.482-0500] {logging_mixin.py:190} INFO - [2024-09-06T19:58:53.482-0500] {dagbag.py:587} INFO - Filling up the DagBag from /Users/binhpham/Library/Python/3.9/lib/python/site-packages/airflow/example_dags/example_sensors.py
[2024-09-06T19:58:53.490-0500] {processor.py:925} INFO - DAG(s) 'example_sensors' retrieved from /Users/binhpham/Library/Python/3.9/lib/python/site-packages/airflow/example_dags/example_sensors.py
[2024-09-06T19:58:53.720-0500] {logging_mixin.py:190} INFO - [2024-09-06T19:58:53.719-0500] {dag.py:3229} INFO - Sync 1 DAGs
[2024-09-06T19:58:53.724-0500] {logging_mixin.py:190} INFO - [2024-09-06T19:58:53.724-0500] {dag.py:4156} INFO - Setting next_dagrun for example_sensors to None, run_after=None
[2024-09-06T19:58:53.731-0500] {processor.py:208} INFO - Processing /Users/binhpham/Library/Python/3.9/lib/python/site-packages/airflow/example_dags/example_sensors.py took 0.253 seconds
[2024-09-06T20:00:15.637-0500] {processor.py:186} INFO - Started process (PID=37689) to work on /Users/binhpham/Library/Python/3.9/lib/python/site-packages/airflow/example_dags/example_sensors.py
[2024-09-06T20:00:15.640-0500] {processor.py:914} INFO - Processing file /Users/binhpham/Library/Python/3.9/lib/python/site-packages/airflow/example_dags/example_sensors.py for tasks to queue
[2024-09-06T20:00:15.641-0500] {logging_mixin.py:190} INFO - [2024-09-06T20:00:15.641-0500] {dagbag.py:587} INFO - Filling up the DagBag from /Users/binhpham/Library/Python/3.9/lib/python/site-packages/airflow/example_dags/example_sensors.py
[2024-09-06T20:00:15.651-0500] {processor.py:925} INFO - DAG(s) 'example_sensors' retrieved from /Users/binhpham/Library/Python/3.9/lib/python/site-packages/airflow/example_dags/example_sensors.py
[2024-09-06T20:00:15.954-0500] {logging_mixin.py:190} INFO - [2024-09-06T20:00:15.954-0500] {dag.py:3229} INFO - Sync 1 DAGs
[2024-09-06T20:00:15.959-0500] {logging_mixin.py:190} INFO - [2024-09-06T20:00:15.958-0500] {dag.py:4156} INFO - Setting next_dagrun for example_sensors to None, run_after=None
[2024-09-06T20:00:15.967-0500] {processor.py:208} INFO - Processing /Users/binhpham/Library/Python/3.9/lib/python/site-packages/airflow/example_dags/example_sensors.py took 0.331 seconds
[2024-09-06T20:01:36.205-0500] {processor.py:186} INFO - Started process (PID=37934) to work on /Users/binhpham/Library/Python/3.9/lib/python/site-packages/airflow/example_dags/example_sensors.py
[2024-09-06T20:01:36.207-0500] {processor.py:914} INFO - Processing file /Users/binhpham/Library/Python/3.9/lib/python/site-packages/airflow/example_dags/example_sensors.py for tasks to queue
[2024-09-06T20:01:36.207-0500] {logging_mixin.py:190} INFO - [2024-09-06T20:01:36.207-0500] {dagbag.py:587} INFO - Filling up the DagBag from /Users/binhpham/Library/Python/3.9/lib/python/site-packages/airflow/example_dags/example_sensors.py
[2024-09-06T20:01:36.213-0500] {processor.py:925} INFO - DAG(s) 'example_sensors' retrieved from /Users/binhpham/Library/Python/3.9/lib/python/site-packages/airflow/example_dags/example_sensors.py
[2024-09-06T20:01:36.462-0500] {logging_mixin.py:190} INFO - [2024-09-06T20:01:36.461-0500] {dag.py:3229} INFO - Sync 1 DAGs
[2024-09-06T20:01:36.466-0500] {logging_mixin.py:190} INFO - [2024-09-06T20:01:36.466-0500] {dag.py:4156} INFO - Setting next_dagrun for example_sensors to None, run_after=None
[2024-09-06T20:01:36.475-0500] {processor.py:208} INFO - Processing /Users/binhpham/Library/Python/3.9/lib/python/site-packages/airflow/example_dags/example_sensors.py took 0.271 seconds
[2024-09-06T20:02:57.801-0500] {processor.py:186} INFO - Started process (PID=38187) to work on /Users/binhpham/Library/Python/3.9/lib/python/site-packages/airflow/example_dags/example_sensors.py
[2024-09-06T20:02:57.803-0500] {processor.py:914} INFO - Processing file /Users/binhpham/Library/Python/3.9/lib/python/site-packages/airflow/example_dags/example_sensors.py for tasks to queue
[2024-09-06T20:02:57.804-0500] {logging_mixin.py:190} INFO - [2024-09-06T20:02:57.804-0500] {dagbag.py:587} INFO - Filling up the DagBag from /Users/binhpham/Library/Python/3.9/lib/python/site-packages/airflow/example_dags/example_sensors.py
[2024-09-06T20:02:57.812-0500] {processor.py:925} INFO - DAG(s) 'example_sensors' retrieved from /Users/binhpham/Library/Python/3.9/lib/python/site-packages/airflow/example_dags/example_sensors.py
[2024-09-06T20:02:58.071-0500] {logging_mixin.py:190} INFO - [2024-09-06T20:02:58.070-0500] {dag.py:3229} INFO - Sync 1 DAGs
[2024-09-06T20:02:58.075-0500] {logging_mixin.py:190} INFO - [2024-09-06T20:02:58.075-0500] {dag.py:4156} INFO - Setting next_dagrun for example_sensors to None, run_after=None
[2024-09-06T20:02:58.083-0500] {processor.py:208} INFO - Processing /Users/binhpham/Library/Python/3.9/lib/python/site-packages/airflow/example_dags/example_sensors.py took 0.284 seconds
[2024-09-06T20:05:36.105-0500] {processor.py:186} INFO - Started process (PID=38671) to work on /Users/binhpham/Library/Python/3.9/lib/python/site-packages/airflow/example_dags/example_sensors.py
[2024-09-06T20:05:36.107-0500] {processor.py:914} INFO - Processing file /Users/binhpham/Library/Python/3.9/lib/python/site-packages/airflow/example_dags/example_sensors.py for tasks to queue
[2024-09-06T20:05:36.107-0500] {logging_mixin.py:190} INFO - [2024-09-06T20:05:36.107-0500] {dagbag.py:587} INFO - Filling up the DagBag from /Users/binhpham/Library/Python/3.9/lib/python/site-packages/airflow/example_dags/example_sensors.py
[2024-09-06T20:05:36.114-0500] {processor.py:925} INFO - DAG(s) 'example_sensors' retrieved from /Users/binhpham/Library/Python/3.9/lib/python/site-packages/airflow/example_dags/example_sensors.py
[2024-09-06T20:05:36.345-0500] {logging_mixin.py:190} INFO - [2024-09-06T20:05:36.345-0500] {dag.py:3229} INFO - Sync 1 DAGs
[2024-09-06T20:05:36.350-0500] {logging_mixin.py:190} INFO - [2024-09-06T20:05:36.350-0500] {dag.py:4156} INFO - Setting next_dagrun for example_sensors to None, run_after=None
[2024-09-06T20:05:36.358-0500] {processor.py:208} INFO - Processing /Users/binhpham/Library/Python/3.9/lib/python/site-packages/airflow/example_dags/example_sensors.py took 0.255 seconds
[2024-09-06T20:06:57.642-0500] {processor.py:186} INFO - Started process (PID=38923) to work on /Users/binhpham/Library/Python/3.9/lib/python/site-packages/airflow/example_dags/example_sensors.py
[2024-09-06T20:06:57.645-0500] {processor.py:914} INFO - Processing file /Users/binhpham/Library/Python/3.9/lib/python/site-packages/airflow/example_dags/example_sensors.py for tasks to queue
[2024-09-06T20:06:57.645-0500] {logging_mixin.py:190} INFO - [2024-09-06T20:06:57.645-0500] {dagbag.py:587} INFO - Filling up the DagBag from /Users/binhpham/Library/Python/3.9/lib/python/site-packages/airflow/example_dags/example_sensors.py
[2024-09-06T20:06:57.653-0500] {processor.py:925} INFO - DAG(s) 'example_sensors' retrieved from /Users/binhpham/Library/Python/3.9/lib/python/site-packages/airflow/example_dags/example_sensors.py
[2024-09-06T20:06:57.905-0500] {logging_mixin.py:190} INFO - [2024-09-06T20:06:57.905-0500] {dag.py:3229} INFO - Sync 1 DAGs
[2024-09-06T20:06:57.910-0500] {logging_mixin.py:190} INFO - [2024-09-06T20:06:57.910-0500] {dag.py:4156} INFO - Setting next_dagrun for example_sensors to None, run_after=None
[2024-09-06T20:06:57.918-0500] {processor.py:208} INFO - Processing /Users/binhpham/Library/Python/3.9/lib/python/site-packages/airflow/example_dags/example_sensors.py took 0.277 seconds
[2024-09-06T20:08:18.091-0500] {processor.py:186} INFO - Started process (PID=39163) to work on /Users/binhpham/Library/Python/3.9/lib/python/site-packages/airflow/example_dags/example_sensors.py
[2024-09-06T20:08:18.094-0500] {processor.py:914} INFO - Processing file /Users/binhpham/Library/Python/3.9/lib/python/site-packages/airflow/example_dags/example_sensors.py for tasks to queue
[2024-09-06T20:08:18.094-0500] {logging_mixin.py:190} INFO - [2024-09-06T20:08:18.094-0500] {dagbag.py:587} INFO - Filling up the DagBag from /Users/binhpham/Library/Python/3.9/lib/python/site-packages/airflow/example_dags/example_sensors.py
[2024-09-06T20:08:18.102-0500] {processor.py:925} INFO - DAG(s) 'example_sensors' retrieved from /Users/binhpham/Library/Python/3.9/lib/python/site-packages/airflow/example_dags/example_sensors.py
[2024-09-06T20:08:18.340-0500] {logging_mixin.py:190} INFO - [2024-09-06T20:08:18.339-0500] {dag.py:3229} INFO - Sync 1 DAGs
[2024-09-06T20:08:18.344-0500] {logging_mixin.py:190} INFO - [2024-09-06T20:08:18.344-0500] {dag.py:4156} INFO - Setting next_dagrun for example_sensors to None, run_after=None
[2024-09-06T20:08:18.351-0500] {processor.py:208} INFO - Processing /Users/binhpham/Library/Python/3.9/lib/python/site-packages/airflow/example_dags/example_sensors.py took 0.261 seconds
[2024-09-06T20:11:03.761-0500] {processor.py:186} INFO - Started process (PID=39703) to work on /Users/binhpham/Library/Python/3.9/lib/python/site-packages/airflow/example_dags/example_sensors.py
[2024-09-06T20:11:03.763-0500] {processor.py:914} INFO - Processing file /Users/binhpham/Library/Python/3.9/lib/python/site-packages/airflow/example_dags/example_sensors.py for tasks to queue
[2024-09-06T20:11:03.764-0500] {logging_mixin.py:190} INFO - [2024-09-06T20:11:03.764-0500] {dagbag.py:587} INFO - Filling up the DagBag from /Users/binhpham/Library/Python/3.9/lib/python/site-packages/airflow/example_dags/example_sensors.py
[2024-09-06T20:11:03.771-0500] {processor.py:925} INFO - DAG(s) 'example_sensors' retrieved from /Users/binhpham/Library/Python/3.9/lib/python/site-packages/airflow/example_dags/example_sensors.py
[2024-09-06T20:11:03.997-0500] {logging_mixin.py:190} INFO - [2024-09-06T20:11:03.997-0500] {dag.py:3229} INFO - Sync 1 DAGs
[2024-09-06T20:11:04.001-0500] {logging_mixin.py:190} INFO - [2024-09-06T20:11:04.001-0500] {dag.py:4156} INFO - Setting next_dagrun for example_sensors to None, run_after=None
[2024-09-06T20:11:04.008-0500] {processor.py:208} INFO - Processing /Users/binhpham/Library/Python/3.9/lib/python/site-packages/airflow/example_dags/example_sensors.py took 0.249 seconds
[2024-09-06T20:12:25.635-0500] {processor.py:186} INFO - Started process (PID=39973) to work on /Users/binhpham/Library/Python/3.9/lib/python/site-packages/airflow/example_dags/example_sensors.py
[2024-09-06T20:12:25.637-0500] {processor.py:914} INFO - Processing file /Users/binhpham/Library/Python/3.9/lib/python/site-packages/airflow/example_dags/example_sensors.py for tasks to queue
[2024-09-06T20:12:25.638-0500] {logging_mixin.py:190} INFO - [2024-09-06T20:12:25.638-0500] {dagbag.py:587} INFO - Filling up the DagBag from /Users/binhpham/Library/Python/3.9/lib/python/site-packages/airflow/example_dags/example_sensors.py
[2024-09-06T20:12:25.652-0500] {processor.py:925} INFO - DAG(s) 'example_sensors' retrieved from /Users/binhpham/Library/Python/3.9/lib/python/site-packages/airflow/example_dags/example_sensors.py
[2024-09-06T20:12:25.964-0500] {logging_mixin.py:190} INFO - [2024-09-06T20:12:25.964-0500] {dag.py:3229} INFO - Sync 1 DAGs
[2024-09-06T20:12:25.969-0500] {logging_mixin.py:190} INFO - [2024-09-06T20:12:25.969-0500] {dag.py:4156} INFO - Setting next_dagrun for example_sensors to None, run_after=None
[2024-09-06T20:12:25.978-0500] {processor.py:208} INFO - Processing /Users/binhpham/Library/Python/3.9/lib/python/site-packages/airflow/example_dags/example_sensors.py took 0.345 seconds
[2024-09-06T20:13:47.424-0500] {processor.py:186} INFO - Started process (PID=40257) to work on /Users/binhpham/Library/Python/3.9/lib/python/site-packages/airflow/example_dags/example_sensors.py
[2024-09-06T20:13:47.426-0500] {processor.py:914} INFO - Processing file /Users/binhpham/Library/Python/3.9/lib/python/site-packages/airflow/example_dags/example_sensors.py for tasks to queue
[2024-09-06T20:13:47.427-0500] {logging_mixin.py:190} INFO - [2024-09-06T20:13:47.427-0500] {dagbag.py:587} INFO - Filling up the DagBag from /Users/binhpham/Library/Python/3.9/lib/python/site-packages/airflow/example_dags/example_sensors.py
[2024-09-06T20:13:47.436-0500] {processor.py:925} INFO - DAG(s) 'example_sensors' retrieved from /Users/binhpham/Library/Python/3.9/lib/python/site-packages/airflow/example_dags/example_sensors.py
[2024-09-06T20:13:47.753-0500] {logging_mixin.py:190} INFO - [2024-09-06T20:13:47.753-0500] {dag.py:3229} INFO - Sync 1 DAGs
[2024-09-06T20:13:47.758-0500] {logging_mixin.py:190} INFO - [2024-09-06T20:13:47.758-0500] {dag.py:4156} INFO - Setting next_dagrun for example_sensors to None, run_after=None
[2024-09-06T20:13:47.766-0500] {processor.py:208} INFO - Processing /Users/binhpham/Library/Python/3.9/lib/python/site-packages/airflow/example_dags/example_sensors.py took 0.343 seconds
[2024-09-06T20:15:41.307-0500] {processor.py:186} INFO - Started process (PID=40659) to work on /Users/binhpham/Library/Python/3.9/lib/python/site-packages/airflow/example_dags/example_sensors.py
[2024-09-06T20:15:41.309-0500] {processor.py:914} INFO - Processing file /Users/binhpham/Library/Python/3.9/lib/python/site-packages/airflow/example_dags/example_sensors.py for tasks to queue
[2024-09-06T20:15:41.310-0500] {logging_mixin.py:190} INFO - [2024-09-06T20:15:41.310-0500] {dagbag.py:587} INFO - Filling up the DagBag from /Users/binhpham/Library/Python/3.9/lib/python/site-packages/airflow/example_dags/example_sensors.py
[2024-09-06T20:15:41.316-0500] {processor.py:925} INFO - DAG(s) 'example_sensors' retrieved from /Users/binhpham/Library/Python/3.9/lib/python/site-packages/airflow/example_dags/example_sensors.py
[2024-09-06T20:15:41.561-0500] {logging_mixin.py:190} INFO - [2024-09-06T20:15:41.561-0500] {dag.py:3229} INFO - Sync 1 DAGs
[2024-09-06T20:15:41.566-0500] {logging_mixin.py:190} INFO - [2024-09-06T20:15:41.566-0500] {dag.py:4156} INFO - Setting next_dagrun for example_sensors to None, run_after=None
[2024-09-06T20:15:41.574-0500] {processor.py:208} INFO - Processing /Users/binhpham/Library/Python/3.9/lib/python/site-packages/airflow/example_dags/example_sensors.py took 0.269 seconds
[2024-09-06T20:22:31.798-0500] {processor.py:186} INFO - Started process (PID=42871) to work on /Users/binhpham/Library/Python/3.9/lib/python/site-packages/airflow/example_dags/example_sensors.py
[2024-09-06T20:22:31.800-0500] {processor.py:914} INFO - Processing file /Users/binhpham/Library/Python/3.9/lib/python/site-packages/airflow/example_dags/example_sensors.py for tasks to queue
[2024-09-06T20:22:31.801-0500] {logging_mixin.py:190} INFO - [2024-09-06T20:22:31.801-0500] {dagbag.py:587} INFO - Filling up the DagBag from /Users/binhpham/Library/Python/3.9/lib/python/site-packages/airflow/example_dags/example_sensors.py
[2024-09-06T20:22:31.808-0500] {processor.py:925} INFO - DAG(s) 'example_sensors' retrieved from /Users/binhpham/Library/Python/3.9/lib/python/site-packages/airflow/example_dags/example_sensors.py
[2024-09-06T20:22:32.094-0500] {logging_mixin.py:190} INFO - [2024-09-06T20:22:32.094-0500] {dag.py:3229} INFO - Sync 1 DAGs
[2024-09-06T20:22:32.099-0500] {logging_mixin.py:190} INFO - [2024-09-06T20:22:32.099-0500] {dag.py:4156} INFO - Setting next_dagrun for example_sensors to None, run_after=None
[2024-09-06T20:22:32.107-0500] {processor.py:208} INFO - Processing /Users/binhpham/Library/Python/3.9/lib/python/site-packages/airflow/example_dags/example_sensors.py took 0.310 seconds
[2024-09-06T20:24:24.178-0500] {processor.py:186} INFO - Started process (PID=43221) to work on /Users/binhpham/Library/Python/3.9/lib/python/site-packages/airflow/example_dags/example_sensors.py
[2024-09-06T20:24:24.179-0500] {processor.py:914} INFO - Processing file /Users/binhpham/Library/Python/3.9/lib/python/site-packages/airflow/example_dags/example_sensors.py for tasks to queue
[2024-09-06T20:24:24.180-0500] {logging_mixin.py:190} INFO - [2024-09-06T20:24:24.180-0500] {dagbag.py:587} INFO - Filling up the DagBag from /Users/binhpham/Library/Python/3.9/lib/python/site-packages/airflow/example_dags/example_sensors.py
[2024-09-06T20:24:24.187-0500] {processor.py:925} INFO - DAG(s) 'example_sensors' retrieved from /Users/binhpham/Library/Python/3.9/lib/python/site-packages/airflow/example_dags/example_sensors.py
[2024-09-06T20:24:24.464-0500] {logging_mixin.py:190} INFO - [2024-09-06T20:24:24.464-0500] {dag.py:3229} INFO - Sync 1 DAGs
[2024-09-06T20:24:24.469-0500] {logging_mixin.py:190} INFO - [2024-09-06T20:24:24.469-0500] {dag.py:4156} INFO - Setting next_dagrun for example_sensors to None, run_after=None
[2024-09-06T20:24:24.476-0500] {processor.py:208} INFO - Processing /Users/binhpham/Library/Python/3.9/lib/python/site-packages/airflow/example_dags/example_sensors.py took 0.300 seconds
[2024-09-06T20:25:46.166-0500] {processor.py:186} INFO - Started process (PID=43480) to work on /Users/binhpham/Library/Python/3.9/lib/python/site-packages/airflow/example_dags/example_sensors.py
[2024-09-06T20:25:46.169-0500] {processor.py:914} INFO - Processing file /Users/binhpham/Library/Python/3.9/lib/python/site-packages/airflow/example_dags/example_sensors.py for tasks to queue
[2024-09-06T20:25:46.169-0500] {logging_mixin.py:190} INFO - [2024-09-06T20:25:46.169-0500] {dagbag.py:587} INFO - Filling up the DagBag from /Users/binhpham/Library/Python/3.9/lib/python/site-packages/airflow/example_dags/example_sensors.py
[2024-09-06T20:25:46.176-0500] {processor.py:925} INFO - DAG(s) 'example_sensors' retrieved from /Users/binhpham/Library/Python/3.9/lib/python/site-packages/airflow/example_dags/example_sensors.py
[2024-09-06T20:25:46.411-0500] {logging_mixin.py:190} INFO - [2024-09-06T20:25:46.410-0500] {dag.py:3229} INFO - Sync 1 DAGs
[2024-09-06T20:25:46.415-0500] {logging_mixin.py:190} INFO - [2024-09-06T20:25:46.415-0500] {dag.py:4156} INFO - Setting next_dagrun for example_sensors to None, run_after=None
[2024-09-06T20:25:46.423-0500] {processor.py:208} INFO - Processing /Users/binhpham/Library/Python/3.9/lib/python/site-packages/airflow/example_dags/example_sensors.py took 0.258 seconds
[2024-09-06T20:27:39.223-0500] {processor.py:186} INFO - Started process (PID=43884) to work on /Users/binhpham/Library/Python/3.9/lib/python/site-packages/airflow/example_dags/example_sensors.py
[2024-09-06T20:27:39.225-0500] {processor.py:914} INFO - Processing file /Users/binhpham/Library/Python/3.9/lib/python/site-packages/airflow/example_dags/example_sensors.py for tasks to queue
[2024-09-06T20:27:39.226-0500] {logging_mixin.py:190} INFO - [2024-09-06T20:27:39.226-0500] {dagbag.py:587} INFO - Filling up the DagBag from /Users/binhpham/Library/Python/3.9/lib/python/site-packages/airflow/example_dags/example_sensors.py
[2024-09-06T20:27:39.232-0500] {processor.py:925} INFO - DAG(s) 'example_sensors' retrieved from /Users/binhpham/Library/Python/3.9/lib/python/site-packages/airflow/example_dags/example_sensors.py
[2024-09-06T20:27:39.481-0500] {logging_mixin.py:190} INFO - [2024-09-06T20:27:39.480-0500] {dag.py:3229} INFO - Sync 1 DAGs
[2024-09-06T20:27:39.485-0500] {logging_mixin.py:190} INFO - [2024-09-06T20:27:39.485-0500] {dag.py:4156} INFO - Setting next_dagrun for example_sensors to None, run_after=None
[2024-09-06T20:27:39.493-0500] {processor.py:208} INFO - Processing /Users/binhpham/Library/Python/3.9/lib/python/site-packages/airflow/example_dags/example_sensors.py took 0.272 seconds
[2024-09-06T20:29:31.426-0500] {processor.py:186} INFO - Started process (PID=44266) to work on /Users/binhpham/Library/Python/3.9/lib/python/site-packages/airflow/example_dags/example_sensors.py
[2024-09-06T20:29:31.428-0500] {processor.py:914} INFO - Processing file /Users/binhpham/Library/Python/3.9/lib/python/site-packages/airflow/example_dags/example_sensors.py for tasks to queue
[2024-09-06T20:29:31.428-0500] {logging_mixin.py:190} INFO - [2024-09-06T20:29:31.428-0500] {dagbag.py:587} INFO - Filling up the DagBag from /Users/binhpham/Library/Python/3.9/lib/python/site-packages/airflow/example_dags/example_sensors.py
[2024-09-06T20:29:31.436-0500] {processor.py:925} INFO - DAG(s) 'example_sensors' retrieved from /Users/binhpham/Library/Python/3.9/lib/python/site-packages/airflow/example_dags/example_sensors.py
[2024-09-06T20:29:31.702-0500] {logging_mixin.py:190} INFO - [2024-09-06T20:29:31.702-0500] {dag.py:3229} INFO - Sync 1 DAGs
[2024-09-06T20:29:31.706-0500] {logging_mixin.py:190} INFO - [2024-09-06T20:29:31.706-0500] {dag.py:4156} INFO - Setting next_dagrun for example_sensors to None, run_after=None
[2024-09-06T20:29:31.714-0500] {processor.py:208} INFO - Processing /Users/binhpham/Library/Python/3.9/lib/python/site-packages/airflow/example_dags/example_sensors.py took 0.289 seconds
[2024-09-06T20:30:51.189-0500] {processor.py:186} INFO - Started process (PID=44515) to work on /Users/binhpham/Library/Python/3.9/lib/python/site-packages/airflow/example_dags/example_sensors.py
[2024-09-06T20:30:51.191-0500] {processor.py:914} INFO - Processing file /Users/binhpham/Library/Python/3.9/lib/python/site-packages/airflow/example_dags/example_sensors.py for tasks to queue
[2024-09-06T20:30:51.192-0500] {logging_mixin.py:190} INFO - [2024-09-06T20:30:51.191-0500] {dagbag.py:587} INFO - Filling up the DagBag from /Users/binhpham/Library/Python/3.9/lib/python/site-packages/airflow/example_dags/example_sensors.py
[2024-09-06T20:30:51.199-0500] {processor.py:925} INFO - DAG(s) 'example_sensors' retrieved from /Users/binhpham/Library/Python/3.9/lib/python/site-packages/airflow/example_dags/example_sensors.py
[2024-09-06T20:30:51.424-0500] {logging_mixin.py:190} INFO - [2024-09-06T20:30:51.424-0500] {dag.py:3229} INFO - Sync 1 DAGs
[2024-09-06T20:30:51.428-0500] {logging_mixin.py:190} INFO - [2024-09-06T20:30:51.428-0500] {dag.py:4156} INFO - Setting next_dagrun for example_sensors to None, run_after=None
[2024-09-06T20:30:51.436-0500] {processor.py:208} INFO - Processing /Users/binhpham/Library/Python/3.9/lib/python/site-packages/airflow/example_dags/example_sensors.py took 0.248 seconds
[2024-09-06T20:32:13.032-0500] {processor.py:186} INFO - Started process (PID=44775) to work on /Users/binhpham/Library/Python/3.9/lib/python/site-packages/airflow/example_dags/example_sensors.py
[2024-09-06T20:32:13.034-0500] {processor.py:914} INFO - Processing file /Users/binhpham/Library/Python/3.9/lib/python/site-packages/airflow/example_dags/example_sensors.py for tasks to queue
[2024-09-06T20:32:13.034-0500] {logging_mixin.py:190} INFO - [2024-09-06T20:32:13.034-0500] {dagbag.py:587} INFO - Filling up the DagBag from /Users/binhpham/Library/Python/3.9/lib/python/site-packages/airflow/example_dags/example_sensors.py
[2024-09-06T20:32:13.043-0500] {processor.py:925} INFO - DAG(s) 'example_sensors' retrieved from /Users/binhpham/Library/Python/3.9/lib/python/site-packages/airflow/example_dags/example_sensors.py
[2024-09-06T20:32:13.291-0500] {logging_mixin.py:190} INFO - [2024-09-06T20:32:13.291-0500] {dag.py:3229} INFO - Sync 1 DAGs
[2024-09-06T20:32:13.295-0500] {logging_mixin.py:190} INFO - [2024-09-06T20:32:13.295-0500] {dag.py:4156} INFO - Setting next_dagrun for example_sensors to None, run_after=None
[2024-09-06T20:32:13.302-0500] {processor.py:208} INFO - Processing /Users/binhpham/Library/Python/3.9/lib/python/site-packages/airflow/example_dags/example_sensors.py took 0.272 seconds
[2024-09-06T20:34:11.146-0500] {processor.py:186} INFO - Started process (PID=45178) to work on /Users/binhpham/Library/Python/3.9/lib/python/site-packages/airflow/example_dags/example_sensors.py
[2024-09-06T20:34:11.148-0500] {processor.py:914} INFO - Processing file /Users/binhpham/Library/Python/3.9/lib/python/site-packages/airflow/example_dags/example_sensors.py for tasks to queue
[2024-09-06T20:34:11.149-0500] {logging_mixin.py:190} INFO - [2024-09-06T20:34:11.149-0500] {dagbag.py:587} INFO - Filling up the DagBag from /Users/binhpham/Library/Python/3.9/lib/python/site-packages/airflow/example_dags/example_sensors.py
[2024-09-06T20:34:11.155-0500] {processor.py:925} INFO - DAG(s) 'example_sensors' retrieved from /Users/binhpham/Library/Python/3.9/lib/python/site-packages/airflow/example_dags/example_sensors.py
[2024-09-06T20:34:11.424-0500] {logging_mixin.py:190} INFO - [2024-09-06T20:34:11.424-0500] {dag.py:3229} INFO - Sync 1 DAGs
[2024-09-06T20:34:11.429-0500] {logging_mixin.py:190} INFO - [2024-09-06T20:34:11.429-0500] {dag.py:4156} INFO - Setting next_dagrun for example_sensors to None, run_after=None
[2024-09-06T20:34:11.437-0500] {processor.py:208} INFO - Processing /Users/binhpham/Library/Python/3.9/lib/python/site-packages/airflow/example_dags/example_sensors.py took 0.293 seconds
[2024-09-06T20:36:03.104-0500] {processor.py:186} INFO - Started process (PID=45543) to work on /Users/binhpham/Library/Python/3.9/lib/python/site-packages/airflow/example_dags/example_sensors.py
[2024-09-06T20:36:03.106-0500] {processor.py:914} INFO - Processing file /Users/binhpham/Library/Python/3.9/lib/python/site-packages/airflow/example_dags/example_sensors.py for tasks to queue
[2024-09-06T20:36:03.106-0500] {logging_mixin.py:190} INFO - [2024-09-06T20:36:03.106-0500] {dagbag.py:587} INFO - Filling up the DagBag from /Users/binhpham/Library/Python/3.9/lib/python/site-packages/airflow/example_dags/example_sensors.py
[2024-09-06T20:36:03.114-0500] {processor.py:925} INFO - DAG(s) 'example_sensors' retrieved from /Users/binhpham/Library/Python/3.9/lib/python/site-packages/airflow/example_dags/example_sensors.py
[2024-09-06T20:36:03.392-0500] {logging_mixin.py:190} INFO - [2024-09-06T20:36:03.392-0500] {dag.py:3229} INFO - Sync 1 DAGs
[2024-09-06T20:36:03.396-0500] {logging_mixin.py:190} INFO - [2024-09-06T20:36:03.396-0500] {dag.py:4156} INFO - Setting next_dagrun for example_sensors to None, run_after=None
[2024-09-06T20:36:03.404-0500] {processor.py:208} INFO - Processing /Users/binhpham/Library/Python/3.9/lib/python/site-packages/airflow/example_dags/example_sensors.py took 0.302 seconds
[2024-09-06T20:37:23.472-0500] {processor.py:186} INFO - Started process (PID=45792) to work on /Users/binhpham/Library/Python/3.9/lib/python/site-packages/airflow/example_dags/example_sensors.py
[2024-09-06T20:37:23.475-0500] {processor.py:914} INFO - Processing file /Users/binhpham/Library/Python/3.9/lib/python/site-packages/airflow/example_dags/example_sensors.py for tasks to queue
[2024-09-06T20:37:23.475-0500] {logging_mixin.py:190} INFO - [2024-09-06T20:37:23.475-0500] {dagbag.py:587} INFO - Filling up the DagBag from /Users/binhpham/Library/Python/3.9/lib/python/site-packages/airflow/example_dags/example_sensors.py
[2024-09-06T20:37:23.484-0500] {processor.py:925} INFO - DAG(s) 'example_sensors' retrieved from /Users/binhpham/Library/Python/3.9/lib/python/site-packages/airflow/example_dags/example_sensors.py
[2024-09-06T20:37:23.714-0500] {logging_mixin.py:190} INFO - [2024-09-06T20:37:23.714-0500] {dag.py:3229} INFO - Sync 1 DAGs
[2024-09-06T20:37:23.719-0500] {logging_mixin.py:190} INFO - [2024-09-06T20:37:23.719-0500] {dag.py:4156} INFO - Setting next_dagrun for example_sensors to None, run_after=None
[2024-09-06T20:37:23.726-0500] {processor.py:208} INFO - Processing /Users/binhpham/Library/Python/3.9/lib/python/site-packages/airflow/example_dags/example_sensors.py took 0.255 seconds
