[2024-09-06T19:44:00.944-0500] {processor.py:186} INFO - Started process (PID=34334) to work on /Users/binhpham/Library/Python/3.9/lib/python/site-packages/airflow/example_dags/example_workday_timetable.py
[2024-09-06T19:44:00.945-0500] {processor.py:914} INFO - Processing file /Users/binhpham/Library/Python/3.9/lib/python/site-packages/airflow/example_dags/example_workday_timetable.py for tasks to queue
[2024-09-06T19:44:00.946-0500] {logging_mixin.py:190} INFO - [2024-09-06T19:44:00.945-0500] {dagbag.py:587} INFO - Filling up the DagBag from /Users/binhpham/Library/Python/3.9/lib/python/site-packages/airflow/example_dags/example_workday_timetable.py
[2024-09-06T19:44:01.123-0500] {processor.py:925} INFO - DAG(s) 'example_workday_timetable' retrieved from /Users/binhpham/Library/Python/3.9/lib/python/site-packages/airflow/example_dags/example_workday_timetable.py
[2024-09-06T19:44:01.208-0500] {logging_mixin.py:190} INFO - [2024-09-06T19:44:01.208-0500] {override.py:1900} INFO - Created Permission View: can edit on DAG:example_workday_timetable
[2024-09-06T19:44:01.212-0500] {logging_mixin.py:190} INFO - [2024-09-06T19:44:01.212-0500] {override.py:1900} INFO - Created Permission View: can read on DAG:example_workday_timetable
[2024-09-06T19:44:01.214-0500] {logging_mixin.py:190} INFO - [2024-09-06T19:44:01.214-0500] {override.py:1900} INFO - Created Permission View: can delete on DAG:example_workday_timetable
[2024-09-06T19:44:01.217-0500] {logging_mixin.py:190} INFO - [2024-09-06T19:44:01.217-0500] {override.py:1900} INFO - Created Permission View: menu access on DAG Run:example_workday_timetable
[2024-09-06T19:44:01.219-0500] {logging_mixin.py:190} INFO - [2024-09-06T19:44:01.219-0500] {override.py:1900} INFO - Created Permission View: can read on DAG Run:example_workday_timetable
[2024-09-06T19:44:01.222-0500] {logging_mixin.py:190} INFO - [2024-09-06T19:44:01.221-0500] {override.py:1900} INFO - Created Permission View: can delete on DAG Run:example_workday_timetable
[2024-09-06T19:44:01.224-0500] {logging_mixin.py:190} INFO - [2024-09-06T19:44:01.224-0500] {override.py:1900} INFO - Created Permission View: can create on DAG Run:example_workday_timetable
[2024-09-06T19:44:01.224-0500] {logging_mixin.py:190} INFO - [2024-09-06T19:44:01.224-0500] {dag.py:3229} INFO - Sync 1 DAGs
[2024-09-06T19:44:01.229-0500] {logging_mixin.py:190} INFO - [2024-09-06T19:44:01.228-0500] {dag.py:3252} INFO - Creating ORM DAG for example_workday_timetable
[2024-09-06T19:44:01.249-0500] {logging_mixin.py:190} INFO - [2024-09-06T19:44:01.249-0500] {dag.py:4156} INFO - Setting next_dagrun for example_workday_timetable to 2021-01-04 00:00:00+00:00, run_after=2021-01-05 00:00:00+00:00
[2024-09-06T19:44:01.255-0500] {processor.py:208} INFO - Processing /Users/binhpham/Library/Python/3.9/lib/python/site-packages/airflow/example_dags/example_workday_timetable.py took 0.313 seconds
[2024-09-06T19:45:08.647-0500] {processor.py:186} INFO - Started process (PID=34628) to work on /Users/binhpham/Library/Python/3.9/lib/python/site-packages/airflow/example_dags/example_workday_timetable.py
[2024-09-06T19:45:08.650-0500] {processor.py:914} INFO - Processing file /Users/binhpham/Library/Python/3.9/lib/python/site-packages/airflow/example_dags/example_workday_timetable.py for tasks to queue
[2024-09-06T19:45:08.650-0500] {logging_mixin.py:190} INFO - [2024-09-06T19:45:08.650-0500] {dagbag.py:587} INFO - Filling up the DagBag from /Users/binhpham/Library/Python/3.9/lib/python/site-packages/airflow/example_dags/example_workday_timetable.py
[2024-09-06T19:45:08.822-0500] {processor.py:925} INFO - DAG(s) 'example_workday_timetable' retrieved from /Users/binhpham/Library/Python/3.9/lib/python/site-packages/airflow/example_dags/example_workday_timetable.py
[2024-09-06T19:45:08.872-0500] {logging_mixin.py:190} INFO - [2024-09-06T19:45:08.871-0500] {dag.py:3229} INFO - Sync 1 DAGs
[2024-09-06T19:45:08.894-0500] {logging_mixin.py:190} INFO - [2024-09-06T19:45:08.894-0500] {dag.py:4156} INFO - Setting next_dagrun for example_workday_timetable to 2021-01-04 00:00:00+00:00, run_after=2021-01-05 00:00:00+00:00
[2024-09-06T19:45:08.901-0500] {processor.py:208} INFO - Processing /Users/binhpham/Library/Python/3.9/lib/python/site-packages/airflow/example_dags/example_workday_timetable.py took 0.255 seconds
[2024-09-06T19:47:29.335-0500] {processor.py:186} INFO - Started process (PID=35211) to work on /Users/binhpham/Library/Python/3.9/lib/python/site-packages/airflow/example_dags/example_workday_timetable.py
[2024-09-06T19:47:29.337-0500] {processor.py:914} INFO - Processing file /Users/binhpham/Library/Python/3.9/lib/python/site-packages/airflow/example_dags/example_workday_timetable.py for tasks to queue
[2024-09-06T19:47:29.338-0500] {logging_mixin.py:190} INFO - [2024-09-06T19:47:29.338-0500] {dagbag.py:587} INFO - Filling up the DagBag from /Users/binhpham/Library/Python/3.9/lib/python/site-packages/airflow/example_dags/example_workday_timetable.py
[2024-09-06T19:47:29.514-0500] {processor.py:925} INFO - DAG(s) 'example_workday_timetable' retrieved from /Users/binhpham/Library/Python/3.9/lib/python/site-packages/airflow/example_dags/example_workday_timetable.py
[2024-09-06T19:47:29.565-0500] {logging_mixin.py:190} INFO - [2024-09-06T19:47:29.565-0500] {dag.py:3229} INFO - Sync 1 DAGs
[2024-09-06T19:47:29.587-0500] {logging_mixin.py:190} INFO - [2024-09-06T19:47:29.587-0500] {dag.py:4156} INFO - Setting next_dagrun for example_workday_timetable to 2021-01-04 00:00:00+00:00, run_after=2021-01-05 00:00:00+00:00
[2024-09-06T19:47:29.595-0500] {processor.py:208} INFO - Processing /Users/binhpham/Library/Python/3.9/lib/python/site-packages/airflow/example_dags/example_workday_timetable.py took 0.261 seconds
[2024-09-06T19:49:21.073-0500] {processor.py:186} INFO - Started process (PID=35574) to work on /Users/binhpham/Library/Python/3.9/lib/python/site-packages/airflow/example_dags/example_workday_timetable.py
[2024-09-06T19:49:21.075-0500] {processor.py:914} INFO - Processing file /Users/binhpham/Library/Python/3.9/lib/python/site-packages/airflow/example_dags/example_workday_timetable.py for tasks to queue
[2024-09-06T19:49:21.075-0500] {logging_mixin.py:190} INFO - [2024-09-06T19:49:21.075-0500] {dagbag.py:587} INFO - Filling up the DagBag from /Users/binhpham/Library/Python/3.9/lib/python/site-packages/airflow/example_dags/example_workday_timetable.py
[2024-09-06T19:49:21.253-0500] {processor.py:925} INFO - DAG(s) 'example_workday_timetable' retrieved from /Users/binhpham/Library/Python/3.9/lib/python/site-packages/airflow/example_dags/example_workday_timetable.py
[2024-09-06T19:49:21.303-0500] {logging_mixin.py:190} INFO - [2024-09-06T19:49:21.303-0500] {dag.py:3229} INFO - Sync 1 DAGs
[2024-09-06T19:49:21.326-0500] {logging_mixin.py:190} INFO - [2024-09-06T19:49:21.326-0500] {dag.py:4156} INFO - Setting next_dagrun for example_workday_timetable to 2021-01-04 00:00:00+00:00, run_after=2021-01-05 00:00:00+00:00
[2024-09-06T19:49:21.332-0500] {processor.py:208} INFO - Processing /Users/binhpham/Library/Python/3.9/lib/python/site-packages/airflow/example_dags/example_workday_timetable.py took 0.261 seconds
[2024-09-06T19:50:42.967-0500] {processor.py:186} INFO - Started process (PID=35835) to work on /Users/binhpham/Library/Python/3.9/lib/python/site-packages/airflow/example_dags/example_workday_timetable.py
[2024-09-06T19:50:42.970-0500] {processor.py:914} INFO - Processing file /Users/binhpham/Library/Python/3.9/lib/python/site-packages/airflow/example_dags/example_workday_timetable.py for tasks to queue
[2024-09-06T19:50:42.970-0500] {logging_mixin.py:190} INFO - [2024-09-06T19:50:42.970-0500] {dagbag.py:587} INFO - Filling up the DagBag from /Users/binhpham/Library/Python/3.9/lib/python/site-packages/airflow/example_dags/example_workday_timetable.py
[2024-09-06T19:50:43.154-0500] {processor.py:925} INFO - DAG(s) 'example_workday_timetable' retrieved from /Users/binhpham/Library/Python/3.9/lib/python/site-packages/airflow/example_dags/example_workday_timetable.py
[2024-09-06T19:50:43.206-0500] {logging_mixin.py:190} INFO - [2024-09-06T19:50:43.205-0500] {dag.py:3229} INFO - Sync 1 DAGs
[2024-09-06T19:50:43.231-0500] {logging_mixin.py:190} INFO - [2024-09-06T19:50:43.231-0500] {dag.py:4156} INFO - Setting next_dagrun for example_workday_timetable to 2021-01-04 00:00:00+00:00, run_after=2021-01-05 00:00:00+00:00
[2024-09-06T19:50:43.239-0500] {processor.py:208} INFO - Processing /Users/binhpham/Library/Python/3.9/lib/python/site-packages/airflow/example_dags/example_workday_timetable.py took 0.273 seconds
[2024-09-06T19:52:03.758-0500] {processor.py:186} INFO - Started process (PID=36086) to work on /Users/binhpham/Library/Python/3.9/lib/python/site-packages/airflow/example_dags/example_workday_timetable.py
[2024-09-06T19:52:03.760-0500] {processor.py:914} INFO - Processing file /Users/binhpham/Library/Python/3.9/lib/python/site-packages/airflow/example_dags/example_workday_timetable.py for tasks to queue
[2024-09-06T19:52:03.760-0500] {logging_mixin.py:190} INFO - [2024-09-06T19:52:03.760-0500] {dagbag.py:587} INFO - Filling up the DagBag from /Users/binhpham/Library/Python/3.9/lib/python/site-packages/airflow/example_dags/example_workday_timetable.py
[2024-09-06T19:52:03.950-0500] {processor.py:925} INFO - DAG(s) 'example_workday_timetable' retrieved from /Users/binhpham/Library/Python/3.9/lib/python/site-packages/airflow/example_dags/example_workday_timetable.py
[2024-09-06T19:52:04.006-0500] {logging_mixin.py:190} INFO - [2024-09-06T19:52:04.006-0500] {dag.py:3229} INFO - Sync 1 DAGs
[2024-09-06T19:52:04.029-0500] {logging_mixin.py:190} INFO - [2024-09-06T19:52:04.029-0500] {dag.py:4156} INFO - Setting next_dagrun for example_workday_timetable to 2021-01-04 00:00:00+00:00, run_after=2021-01-05 00:00:00+00:00
[2024-09-06T19:52:04.037-0500] {processor.py:208} INFO - Processing /Users/binhpham/Library/Python/3.9/lib/python/site-packages/airflow/example_dags/example_workday_timetable.py took 0.280 seconds
[2024-09-06T19:53:53.200-0500] {processor.py:186} INFO - Started process (PID=36479) to work on /Users/binhpham/Library/Python/3.9/lib/python/site-packages/airflow/example_dags/example_workday_timetable.py
[2024-09-06T19:53:53.203-0500] {processor.py:914} INFO - Processing file /Users/binhpham/Library/Python/3.9/lib/python/site-packages/airflow/example_dags/example_workday_timetable.py for tasks to queue
[2024-09-06T19:53:53.203-0500] {logging_mixin.py:190} INFO - [2024-09-06T19:53:53.203-0500] {dagbag.py:587} INFO - Filling up the DagBag from /Users/binhpham/Library/Python/3.9/lib/python/site-packages/airflow/example_dags/example_workday_timetable.py
[2024-09-06T19:53:53.410-0500] {processor.py:925} INFO - DAG(s) 'example_workday_timetable' retrieved from /Users/binhpham/Library/Python/3.9/lib/python/site-packages/airflow/example_dags/example_workday_timetable.py
[2024-09-06T19:53:53.466-0500] {logging_mixin.py:190} INFO - [2024-09-06T19:53:53.466-0500] {dag.py:3229} INFO - Sync 1 DAGs
[2024-09-06T19:53:53.491-0500] {logging_mixin.py:190} INFO - [2024-09-06T19:53:53.491-0500] {dag.py:4156} INFO - Setting next_dagrun for example_workday_timetable to 2021-01-04 00:00:00+00:00, run_after=2021-01-05 00:00:00+00:00
[2024-09-06T19:53:53.498-0500] {processor.py:208} INFO - Processing /Users/binhpham/Library/Python/3.9/lib/python/site-packages/airflow/example_dags/example_workday_timetable.py took 0.299 seconds
[2024-09-06T19:55:43.896-0500] {processor.py:186} INFO - Started process (PID=36854) to work on /Users/binhpham/Library/Python/3.9/lib/python/site-packages/airflow/example_dags/example_workday_timetable.py
[2024-09-06T19:55:43.899-0500] {processor.py:914} INFO - Processing file /Users/binhpham/Library/Python/3.9/lib/python/site-packages/airflow/example_dags/example_workday_timetable.py for tasks to queue
[2024-09-06T19:55:43.899-0500] {logging_mixin.py:190} INFO - [2024-09-06T19:55:43.899-0500] {dagbag.py:587} INFO - Filling up the DagBag from /Users/binhpham/Library/Python/3.9/lib/python/site-packages/airflow/example_dags/example_workday_timetable.py
[2024-09-06T19:55:44.077-0500] {processor.py:925} INFO - DAG(s) 'example_workday_timetable' retrieved from /Users/binhpham/Library/Python/3.9/lib/python/site-packages/airflow/example_dags/example_workday_timetable.py
[2024-09-06T19:55:44.128-0500] {logging_mixin.py:190} INFO - [2024-09-06T19:55:44.128-0500] {dag.py:3229} INFO - Sync 1 DAGs
[2024-09-06T19:55:44.153-0500] {logging_mixin.py:190} INFO - [2024-09-06T19:55:44.152-0500] {dag.py:4156} INFO - Setting next_dagrun for example_workday_timetable to 2021-01-04 00:00:00+00:00, run_after=2021-01-05 00:00:00+00:00
[2024-09-06T19:55:44.160-0500] {processor.py:208} INFO - Processing /Users/binhpham/Library/Python/3.9/lib/python/site-packages/airflow/example_dags/example_workday_timetable.py took 0.265 seconds
[2024-09-06T19:57:05.896-0500] {processor.py:186} INFO - Started process (PID=37107) to work on /Users/binhpham/Library/Python/3.9/lib/python/site-packages/airflow/example_dags/example_workday_timetable.py
[2024-09-06T19:57:05.899-0500] {processor.py:914} INFO - Processing file /Users/binhpham/Library/Python/3.9/lib/python/site-packages/airflow/example_dags/example_workday_timetable.py for tasks to queue
[2024-09-06T19:57:05.899-0500] {logging_mixin.py:190} INFO - [2024-09-06T19:57:05.899-0500] {dagbag.py:587} INFO - Filling up the DagBag from /Users/binhpham/Library/Python/3.9/lib/python/site-packages/airflow/example_dags/example_workday_timetable.py
[2024-09-06T19:57:06.077-0500] {processor.py:925} INFO - DAG(s) 'example_workday_timetable' retrieved from /Users/binhpham/Library/Python/3.9/lib/python/site-packages/airflow/example_dags/example_workday_timetable.py
[2024-09-06T19:57:06.127-0500] {logging_mixin.py:190} INFO - [2024-09-06T19:57:06.127-0500] {dag.py:3229} INFO - Sync 1 DAGs
[2024-09-06T19:57:06.151-0500] {logging_mixin.py:190} INFO - [2024-09-06T19:57:06.150-0500] {dag.py:4156} INFO - Setting next_dagrun for example_workday_timetable to 2021-01-04 00:00:00+00:00, run_after=2021-01-05 00:00:00+00:00
[2024-09-06T19:57:06.158-0500] {processor.py:208} INFO - Processing /Users/binhpham/Library/Python/3.9/lib/python/site-packages/airflow/example_dags/example_workday_timetable.py took 0.263 seconds
[2024-09-06T19:58:27.609-0500] {processor.py:186} INFO - Started process (PID=37349) to work on /Users/binhpham/Library/Python/3.9/lib/python/site-packages/airflow/example_dags/example_workday_timetable.py
[2024-09-06T19:58:27.611-0500] {processor.py:914} INFO - Processing file /Users/binhpham/Library/Python/3.9/lib/python/site-packages/airflow/example_dags/example_workday_timetable.py for tasks to queue
[2024-09-06T19:58:27.612-0500] {logging_mixin.py:190} INFO - [2024-09-06T19:58:27.612-0500] {dagbag.py:587} INFO - Filling up the DagBag from /Users/binhpham/Library/Python/3.9/lib/python/site-packages/airflow/example_dags/example_workday_timetable.py
[2024-09-06T19:58:27.807-0500] {processor.py:925} INFO - DAG(s) 'example_workday_timetable' retrieved from /Users/binhpham/Library/Python/3.9/lib/python/site-packages/airflow/example_dags/example_workday_timetable.py
[2024-09-06T19:58:27.861-0500] {logging_mixin.py:190} INFO - [2024-09-06T19:58:27.861-0500] {dag.py:3229} INFO - Sync 1 DAGs
[2024-09-06T19:58:27.887-0500] {logging_mixin.py:190} INFO - [2024-09-06T19:58:27.887-0500] {dag.py:4156} INFO - Setting next_dagrun for example_workday_timetable to 2021-01-04 00:00:00+00:00, run_after=2021-01-05 00:00:00+00:00
[2024-09-06T19:58:27.895-0500] {processor.py:208} INFO - Processing /Users/binhpham/Library/Python/3.9/lib/python/site-packages/airflow/example_dags/example_workday_timetable.py took 0.287 seconds
[2024-09-06T19:59:50.465-0500] {processor.py:186} INFO - Started process (PID=37605) to work on /Users/binhpham/Library/Python/3.9/lib/python/site-packages/airflow/example_dags/example_workday_timetable.py
[2024-09-06T19:59:50.467-0500] {processor.py:914} INFO - Processing file /Users/binhpham/Library/Python/3.9/lib/python/site-packages/airflow/example_dags/example_workday_timetable.py for tasks to queue
[2024-09-06T19:59:50.467-0500] {logging_mixin.py:190} INFO - [2024-09-06T19:59:50.467-0500] {dagbag.py:587} INFO - Filling up the DagBag from /Users/binhpham/Library/Python/3.9/lib/python/site-packages/airflow/example_dags/example_workday_timetable.py
[2024-09-06T19:59:50.705-0500] {processor.py:925} INFO - DAG(s) 'example_workday_timetable' retrieved from /Users/binhpham/Library/Python/3.9/lib/python/site-packages/airflow/example_dags/example_workday_timetable.py
[2024-09-06T19:59:50.758-0500] {logging_mixin.py:190} INFO - [2024-09-06T19:59:50.758-0500] {dag.py:3229} INFO - Sync 1 DAGs
[2024-09-06T19:59:50.782-0500] {logging_mixin.py:190} INFO - [2024-09-06T19:59:50.782-0500] {dag.py:4156} INFO - Setting next_dagrun for example_workday_timetable to 2021-01-04 00:00:00+00:00, run_after=2021-01-05 00:00:00+00:00
[2024-09-06T19:59:50.790-0500] {processor.py:208} INFO - Processing /Users/binhpham/Library/Python/3.9/lib/python/site-packages/airflow/example_dags/example_workday_timetable.py took 0.326 seconds
[2024-09-06T20:01:11.203-0500] {processor.py:186} INFO - Started process (PID=37858) to work on /Users/binhpham/Library/Python/3.9/lib/python/site-packages/airflow/example_dags/example_workday_timetable.py
[2024-09-06T20:01:11.205-0500] {processor.py:914} INFO - Processing file /Users/binhpham/Library/Python/3.9/lib/python/site-packages/airflow/example_dags/example_workday_timetable.py for tasks to queue
[2024-09-06T20:01:11.206-0500] {logging_mixin.py:190} INFO - [2024-09-06T20:01:11.206-0500] {dagbag.py:587} INFO - Filling up the DagBag from /Users/binhpham/Library/Python/3.9/lib/python/site-packages/airflow/example_dags/example_workday_timetable.py
[2024-09-06T20:01:11.380-0500] {processor.py:925} INFO - DAG(s) 'example_workday_timetable' retrieved from /Users/binhpham/Library/Python/3.9/lib/python/site-packages/airflow/example_dags/example_workday_timetable.py
[2024-09-06T20:01:11.431-0500] {logging_mixin.py:190} INFO - [2024-09-06T20:01:11.431-0500] {dag.py:3229} INFO - Sync 1 DAGs
[2024-09-06T20:01:11.453-0500] {logging_mixin.py:190} INFO - [2024-09-06T20:01:11.453-0500] {dag.py:4156} INFO - Setting next_dagrun for example_workday_timetable to 2021-01-04 00:00:00+00:00, run_after=2021-01-05 00:00:00+00:00
[2024-09-06T20:01:11.460-0500] {processor.py:208} INFO - Processing /Users/binhpham/Library/Python/3.9/lib/python/site-packages/airflow/example_dags/example_workday_timetable.py took 0.259 seconds
[2024-09-06T20:02:32.666-0500] {processor.py:186} INFO - Started process (PID=38112) to work on /Users/binhpham/Library/Python/3.9/lib/python/site-packages/airflow/example_dags/example_workday_timetable.py
[2024-09-06T20:02:32.668-0500] {processor.py:914} INFO - Processing file /Users/binhpham/Library/Python/3.9/lib/python/site-packages/airflow/example_dags/example_workday_timetable.py for tasks to queue
[2024-09-06T20:02:32.669-0500] {logging_mixin.py:190} INFO - [2024-09-06T20:02:32.669-0500] {dagbag.py:587} INFO - Filling up the DagBag from /Users/binhpham/Library/Python/3.9/lib/python/site-packages/airflow/example_dags/example_workday_timetable.py
[2024-09-06T20:02:32.858-0500] {processor.py:925} INFO - DAG(s) 'example_workday_timetable' retrieved from /Users/binhpham/Library/Python/3.9/lib/python/site-packages/airflow/example_dags/example_workday_timetable.py
[2024-09-06T20:02:32.912-0500] {logging_mixin.py:190} INFO - [2024-09-06T20:02:32.912-0500] {dag.py:3229} INFO - Sync 1 DAGs
[2024-09-06T20:02:32.937-0500] {logging_mixin.py:190} INFO - [2024-09-06T20:02:32.937-0500] {dag.py:4156} INFO - Setting next_dagrun for example_workday_timetable to 2021-01-04 00:00:00+00:00, run_after=2021-01-05 00:00:00+00:00
[2024-09-06T20:02:32.946-0500] {processor.py:208} INFO - Processing /Users/binhpham/Library/Python/3.9/lib/python/site-packages/airflow/example_dags/example_workday_timetable.py took 0.281 seconds
[2024-09-06T20:03:51.464-0500] {processor.py:186} INFO - Started process (PID=38355) to work on /Users/binhpham/Library/Python/3.9/lib/python/site-packages/airflow/example_dags/example_workday_timetable.py
[2024-09-06T20:03:51.467-0500] {processor.py:914} INFO - Processing file /Users/binhpham/Library/Python/3.9/lib/python/site-packages/airflow/example_dags/example_workday_timetable.py for tasks to queue
[2024-09-06T20:03:51.467-0500] {logging_mixin.py:190} INFO - [2024-09-06T20:03:51.467-0500] {dagbag.py:587} INFO - Filling up the DagBag from /Users/binhpham/Library/Python/3.9/lib/python/site-packages/airflow/example_dags/example_workday_timetable.py
[2024-09-06T20:03:51.649-0500] {processor.py:925} INFO - DAG(s) 'example_workday_timetable' retrieved from /Users/binhpham/Library/Python/3.9/lib/python/site-packages/airflow/example_dags/example_workday_timetable.py
[2024-09-06T20:03:51.703-0500] {logging_mixin.py:190} INFO - [2024-09-06T20:03:51.703-0500] {dag.py:3229} INFO - Sync 1 DAGs
[2024-09-06T20:03:51.728-0500] {logging_mixin.py:190} INFO - [2024-09-06T20:03:51.728-0500] {dag.py:4156} INFO - Setting next_dagrun for example_workday_timetable to 2021-01-04 00:00:00+00:00, run_after=2021-01-05 00:00:00+00:00
[2024-09-06T20:03:51.735-0500] {processor.py:208} INFO - Processing /Users/binhpham/Library/Python/3.9/lib/python/site-packages/airflow/example_dags/example_workday_timetable.py took 0.273 seconds
[2024-09-06T20:05:10.418-0500] {processor.py:186} INFO - Started process (PID=38594) to work on /Users/binhpham/Library/Python/3.9/lib/python/site-packages/airflow/example_dags/example_workday_timetable.py
[2024-09-06T20:05:10.419-0500] {processor.py:914} INFO - Processing file /Users/binhpham/Library/Python/3.9/lib/python/site-packages/airflow/example_dags/example_workday_timetable.py for tasks to queue
[2024-09-06T20:05:10.420-0500] {logging_mixin.py:190} INFO - [2024-09-06T20:05:10.419-0500] {dagbag.py:587} INFO - Filling up the DagBag from /Users/binhpham/Library/Python/3.9/lib/python/site-packages/airflow/example_dags/example_workday_timetable.py
[2024-09-06T20:05:10.594-0500] {processor.py:925} INFO - DAG(s) 'example_workday_timetable' retrieved from /Users/binhpham/Library/Python/3.9/lib/python/site-packages/airflow/example_dags/example_workday_timetable.py
[2024-09-06T20:05:10.644-0500] {logging_mixin.py:190} INFO - [2024-09-06T20:05:10.644-0500] {dag.py:3229} INFO - Sync 1 DAGs
[2024-09-06T20:05:10.665-0500] {logging_mixin.py:190} INFO - [2024-09-06T20:05:10.665-0500] {dag.py:4156} INFO - Setting next_dagrun for example_workday_timetable to 2021-01-04 00:00:00+00:00, run_after=2021-01-05 00:00:00+00:00
[2024-09-06T20:05:10.673-0500] {processor.py:208} INFO - Processing /Users/binhpham/Library/Python/3.9/lib/python/site-packages/airflow/example_dags/example_workday_timetable.py took 0.256 seconds
[2024-09-06T20:06:31.698-0500] {processor.py:186} INFO - Started process (PID=38843) to work on /Users/binhpham/Library/Python/3.9/lib/python/site-packages/airflow/example_dags/example_workday_timetable.py
[2024-09-06T20:06:31.701-0500] {processor.py:914} INFO - Processing file /Users/binhpham/Library/Python/3.9/lib/python/site-packages/airflow/example_dags/example_workday_timetable.py for tasks to queue
[2024-09-06T20:06:31.701-0500] {logging_mixin.py:190} INFO - [2024-09-06T20:06:31.701-0500] {dagbag.py:587} INFO - Filling up the DagBag from /Users/binhpham/Library/Python/3.9/lib/python/site-packages/airflow/example_dags/example_workday_timetable.py
[2024-09-06T20:06:31.897-0500] {processor.py:925} INFO - DAG(s) 'example_workday_timetable' retrieved from /Users/binhpham/Library/Python/3.9/lib/python/site-packages/airflow/example_dags/example_workday_timetable.py
[2024-09-06T20:06:31.950-0500] {logging_mixin.py:190} INFO - [2024-09-06T20:06:31.950-0500] {dag.py:3229} INFO - Sync 1 DAGs
[2024-09-06T20:06:31.974-0500] {logging_mixin.py:190} INFO - [2024-09-06T20:06:31.974-0500] {dag.py:4156} INFO - Setting next_dagrun for example_workday_timetable to 2021-01-04 00:00:00+00:00, run_after=2021-01-05 00:00:00+00:00
[2024-09-06T20:06:31.982-0500] {processor.py:208} INFO - Processing /Users/binhpham/Library/Python/3.9/lib/python/site-packages/airflow/example_dags/example_workday_timetable.py took 0.285 seconds
[2024-09-06T20:07:51.965-0500] {processor.py:186} INFO - Started process (PID=39084) to work on /Users/binhpham/Library/Python/3.9/lib/python/site-packages/airflow/example_dags/example_workday_timetable.py
[2024-09-06T20:07:51.967-0500] {processor.py:914} INFO - Processing file /Users/binhpham/Library/Python/3.9/lib/python/site-packages/airflow/example_dags/example_workday_timetable.py for tasks to queue
[2024-09-06T20:07:51.968-0500] {logging_mixin.py:190} INFO - [2024-09-06T20:07:51.968-0500] {dagbag.py:587} INFO - Filling up the DagBag from /Users/binhpham/Library/Python/3.9/lib/python/site-packages/airflow/example_dags/example_workday_timetable.py
[2024-09-06T20:07:52.140-0500] {processor.py:925} INFO - DAG(s) 'example_workday_timetable' retrieved from /Users/binhpham/Library/Python/3.9/lib/python/site-packages/airflow/example_dags/example_workday_timetable.py
[2024-09-06T20:07:52.189-0500] {logging_mixin.py:190} INFO - [2024-09-06T20:07:52.189-0500] {dag.py:3229} INFO - Sync 1 DAGs
[2024-09-06T20:07:52.212-0500] {logging_mixin.py:190} INFO - [2024-09-06T20:07:52.212-0500] {dag.py:4156} INFO - Setting next_dagrun for example_workday_timetable to 2021-01-04 00:00:00+00:00, run_after=2021-01-05 00:00:00+00:00
[2024-09-06T20:07:52.219-0500] {processor.py:208} INFO - Processing /Users/binhpham/Library/Python/3.9/lib/python/site-packages/airflow/example_dags/example_workday_timetable.py took 0.255 seconds
[2024-09-06T20:09:12.311-0500] {processor.py:186} INFO - Started process (PID=39328) to work on /Users/binhpham/Library/Python/3.9/lib/python/site-packages/airflow/example_dags/example_workday_timetable.py
[2024-09-06T20:09:12.313-0500] {processor.py:914} INFO - Processing file /Users/binhpham/Library/Python/3.9/lib/python/site-packages/airflow/example_dags/example_workday_timetable.py for tasks to queue
[2024-09-06T20:09:12.314-0500] {logging_mixin.py:190} INFO - [2024-09-06T20:09:12.313-0500] {dagbag.py:587} INFO - Filling up the DagBag from /Users/binhpham/Library/Python/3.9/lib/python/site-packages/airflow/example_dags/example_workday_timetable.py
[2024-09-06T20:09:12.491-0500] {processor.py:925} INFO - DAG(s) 'example_workday_timetable' retrieved from /Users/binhpham/Library/Python/3.9/lib/python/site-packages/airflow/example_dags/example_workday_timetable.py
[2024-09-06T20:09:12.540-0500] {logging_mixin.py:190} INFO - [2024-09-06T20:09:12.540-0500] {dag.py:3229} INFO - Sync 1 DAGs
[2024-09-06T20:09:12.563-0500] {logging_mixin.py:190} INFO - [2024-09-06T20:09:12.563-0500] {dag.py:4156} INFO - Setting next_dagrun for example_workday_timetable to 2021-01-04 00:00:00+00:00, run_after=2021-01-05 00:00:00+00:00
[2024-09-06T20:09:12.570-0500] {processor.py:208} INFO - Processing /Users/binhpham/Library/Python/3.9/lib/python/site-packages/airflow/example_dags/example_workday_timetable.py took 0.260 seconds
[2024-09-06T20:10:39.753-0500] {processor.py:186} INFO - Started process (PID=39629) to work on /Users/binhpham/Library/Python/3.9/lib/python/site-packages/airflow/example_dags/example_workday_timetable.py
[2024-09-06T20:10:39.754-0500] {processor.py:914} INFO - Processing file /Users/binhpham/Library/Python/3.9/lib/python/site-packages/airflow/example_dags/example_workday_timetable.py for tasks to queue
[2024-09-06T20:10:39.755-0500] {logging_mixin.py:190} INFO - [2024-09-06T20:10:39.755-0500] {dagbag.py:587} INFO - Filling up the DagBag from /Users/binhpham/Library/Python/3.9/lib/python/site-packages/airflow/example_dags/example_workday_timetable.py
[2024-09-06T20:10:39.927-0500] {processor.py:925} INFO - DAG(s) 'example_workday_timetable' retrieved from /Users/binhpham/Library/Python/3.9/lib/python/site-packages/airflow/example_dags/example_workday_timetable.py
[2024-09-06T20:10:39.977-0500] {logging_mixin.py:190} INFO - [2024-09-06T20:10:39.977-0500] {dag.py:3229} INFO - Sync 1 DAGs
[2024-09-06T20:10:39.999-0500] {logging_mixin.py:190} INFO - [2024-09-06T20:10:39.999-0500] {dag.py:4156} INFO - Setting next_dagrun for example_workday_timetable to 2021-01-04 00:00:00+00:00, run_after=2021-01-05 00:00:00+00:00
[2024-09-06T20:10:40.006-0500] {processor.py:208} INFO - Processing /Users/binhpham/Library/Python/3.9/lib/python/site-packages/airflow/example_dags/example_workday_timetable.py took 0.254 seconds
[2024-09-06T20:11:59.314-0500] {processor.py:186} INFO - Started process (PID=39887) to work on /Users/binhpham/Library/Python/3.9/lib/python/site-packages/airflow/example_dags/example_workday_timetable.py
[2024-09-06T20:11:59.315-0500] {processor.py:914} INFO - Processing file /Users/binhpham/Library/Python/3.9/lib/python/site-packages/airflow/example_dags/example_workday_timetable.py for tasks to queue
[2024-09-06T20:11:59.316-0500] {logging_mixin.py:190} INFO - [2024-09-06T20:11:59.316-0500] {dagbag.py:587} INFO - Filling up the DagBag from /Users/binhpham/Library/Python/3.9/lib/python/site-packages/airflow/example_dags/example_workday_timetable.py
[2024-09-06T20:11:59.532-0500] {processor.py:925} INFO - DAG(s) 'example_workday_timetable' retrieved from /Users/binhpham/Library/Python/3.9/lib/python/site-packages/airflow/example_dags/example_workday_timetable.py
[2024-09-06T20:11:59.583-0500] {logging_mixin.py:190} INFO - [2024-09-06T20:11:59.583-0500] {dag.py:3229} INFO - Sync 1 DAGs
[2024-09-06T20:11:59.607-0500] {logging_mixin.py:190} INFO - [2024-09-06T20:11:59.607-0500] {dag.py:4156} INFO - Setting next_dagrun for example_workday_timetable to 2021-01-04 00:00:00+00:00, run_after=2021-01-05 00:00:00+00:00
[2024-09-06T20:11:59.615-0500] {processor.py:208} INFO - Processing /Users/binhpham/Library/Python/3.9/lib/python/site-packages/airflow/example_dags/example_workday_timetable.py took 0.303 seconds
[2024-09-06T20:13:21.335-0500] {processor.py:186} INFO - Started process (PID=40172) to work on /Users/binhpham/Library/Python/3.9/lib/python/site-packages/airflow/example_dags/example_workday_timetable.py
[2024-09-06T20:13:21.338-0500] {processor.py:914} INFO - Processing file /Users/binhpham/Library/Python/3.9/lib/python/site-packages/airflow/example_dags/example_workday_timetable.py for tasks to queue
[2024-09-06T20:13:21.338-0500] {logging_mixin.py:190} INFO - [2024-09-06T20:13:21.338-0500] {dagbag.py:587} INFO - Filling up the DagBag from /Users/binhpham/Library/Python/3.9/lib/python/site-packages/airflow/example_dags/example_workday_timetable.py
[2024-09-06T20:13:21.555-0500] {processor.py:925} INFO - DAG(s) 'example_workday_timetable' retrieved from /Users/binhpham/Library/Python/3.9/lib/python/site-packages/airflow/example_dags/example_workday_timetable.py
[2024-09-06T20:13:21.607-0500] {logging_mixin.py:190} INFO - [2024-09-06T20:13:21.607-0500] {dag.py:3229} INFO - Sync 1 DAGs
[2024-09-06T20:13:21.630-0500] {logging_mixin.py:190} INFO - [2024-09-06T20:13:21.629-0500] {dag.py:4156} INFO - Setting next_dagrun for example_workday_timetable to 2021-01-04 00:00:00+00:00, run_after=2021-01-05 00:00:00+00:00
[2024-09-06T20:13:21.637-0500] {processor.py:208} INFO - Processing /Users/binhpham/Library/Python/3.9/lib/python/site-packages/airflow/example_dags/example_workday_timetable.py took 0.303 seconds
[2024-09-06T20:15:15.469-0500] {processor.py:186} INFO - Started process (PID=40581) to work on /Users/binhpham/Library/Python/3.9/lib/python/site-packages/airflow/example_dags/example_workday_timetable.py
[2024-09-06T20:15:15.471-0500] {processor.py:914} INFO - Processing file /Users/binhpham/Library/Python/3.9/lib/python/site-packages/airflow/example_dags/example_workday_timetable.py for tasks to queue
[2024-09-06T20:15:15.471-0500] {logging_mixin.py:190} INFO - [2024-09-06T20:15:15.471-0500] {dagbag.py:587} INFO - Filling up the DagBag from /Users/binhpham/Library/Python/3.9/lib/python/site-packages/airflow/example_dags/example_workday_timetable.py
[2024-09-06T20:15:15.662-0500] {processor.py:925} INFO - DAG(s) 'example_workday_timetable' retrieved from /Users/binhpham/Library/Python/3.9/lib/python/site-packages/airflow/example_dags/example_workday_timetable.py
[2024-09-06T20:15:15.719-0500] {logging_mixin.py:190} INFO - [2024-09-06T20:15:15.719-0500] {dag.py:3229} INFO - Sync 1 DAGs
[2024-09-06T20:15:15.742-0500] {logging_mixin.py:190} INFO - [2024-09-06T20:15:15.742-0500] {dag.py:4156} INFO - Setting next_dagrun for example_workday_timetable to 2021-01-04 00:00:00+00:00, run_after=2021-01-05 00:00:00+00:00
[2024-09-06T20:15:15.749-0500] {processor.py:208} INFO - Processing /Users/binhpham/Library/Python/3.9/lib/python/site-packages/airflow/example_dags/example_workday_timetable.py took 0.282 seconds
[2024-09-06T20:22:05.950-0500] {processor.py:186} INFO - Started process (PID=42788) to work on /Users/binhpham/Library/Python/3.9/lib/python/site-packages/airflow/example_dags/example_workday_timetable.py
[2024-09-06T20:22:05.952-0500] {processor.py:914} INFO - Processing file /Users/binhpham/Library/Python/3.9/lib/python/site-packages/airflow/example_dags/example_workday_timetable.py for tasks to queue
[2024-09-06T20:22:05.953-0500] {logging_mixin.py:190} INFO - [2024-09-06T20:22:05.953-0500] {dagbag.py:587} INFO - Filling up the DagBag from /Users/binhpham/Library/Python/3.9/lib/python/site-packages/airflow/example_dags/example_workday_timetable.py
[2024-09-06T20:22:06.134-0500] {processor.py:925} INFO - DAG(s) 'example_workday_timetable' retrieved from /Users/binhpham/Library/Python/3.9/lib/python/site-packages/airflow/example_dags/example_workday_timetable.py
[2024-09-06T20:22:06.186-0500] {logging_mixin.py:190} INFO - [2024-09-06T20:22:06.186-0500] {dag.py:3229} INFO - Sync 1 DAGs
[2024-09-06T20:22:06.218-0500] {logging_mixin.py:190} INFO - [2024-09-06T20:22:06.218-0500] {dag.py:4156} INFO - Setting next_dagrun for example_workday_timetable to 2021-01-04 00:00:00+00:00, run_after=2021-01-05 00:00:00+00:00
[2024-09-06T20:22:06.226-0500] {processor.py:208} INFO - Processing /Users/binhpham/Library/Python/3.9/lib/python/site-packages/airflow/example_dags/example_workday_timetable.py took 0.277 seconds
[2024-09-06T20:23:57.707-0500] {processor.py:186} INFO - Started process (PID=43143) to work on /Users/binhpham/Library/Python/3.9/lib/python/site-packages/airflow/example_dags/example_workday_timetable.py
[2024-09-06T20:23:57.709-0500] {processor.py:914} INFO - Processing file /Users/binhpham/Library/Python/3.9/lib/python/site-packages/airflow/example_dags/example_workday_timetable.py for tasks to queue
[2024-09-06T20:23:57.710-0500] {logging_mixin.py:190} INFO - [2024-09-06T20:23:57.709-0500] {dagbag.py:587} INFO - Filling up the DagBag from /Users/binhpham/Library/Python/3.9/lib/python/site-packages/airflow/example_dags/example_workday_timetable.py
[2024-09-06T20:23:57.928-0500] {processor.py:925} INFO - DAG(s) 'example_workday_timetable' retrieved from /Users/binhpham/Library/Python/3.9/lib/python/site-packages/airflow/example_dags/example_workday_timetable.py
[2024-09-06T20:23:57.982-0500] {logging_mixin.py:190} INFO - [2024-09-06T20:23:57.982-0500] {dag.py:3229} INFO - Sync 1 DAGs
[2024-09-06T20:23:58.006-0500] {logging_mixin.py:190} INFO - [2024-09-06T20:23:58.006-0500] {dag.py:4156} INFO - Setting next_dagrun for example_workday_timetable to 2021-01-04 00:00:00+00:00, run_after=2021-01-05 00:00:00+00:00
[2024-09-06T20:23:58.013-0500] {processor.py:208} INFO - Processing /Users/binhpham/Library/Python/3.9/lib/python/site-packages/airflow/example_dags/example_workday_timetable.py took 0.308 seconds
[2024-09-06T20:25:20.549-0500] {processor.py:186} INFO - Started process (PID=43398) to work on /Users/binhpham/Library/Python/3.9/lib/python/site-packages/airflow/example_dags/example_workday_timetable.py
[2024-09-06T20:25:20.551-0500] {processor.py:914} INFO - Processing file /Users/binhpham/Library/Python/3.9/lib/python/site-packages/airflow/example_dags/example_workday_timetable.py for tasks to queue
[2024-09-06T20:25:20.552-0500] {logging_mixin.py:190} INFO - [2024-09-06T20:25:20.552-0500] {dagbag.py:587} INFO - Filling up the DagBag from /Users/binhpham/Library/Python/3.9/lib/python/site-packages/airflow/example_dags/example_workday_timetable.py
[2024-09-06T20:25:20.733-0500] {processor.py:925} INFO - DAG(s) 'example_workday_timetable' retrieved from /Users/binhpham/Library/Python/3.9/lib/python/site-packages/airflow/example_dags/example_workday_timetable.py
[2024-09-06T20:25:20.784-0500] {logging_mixin.py:190} INFO - [2024-09-06T20:25:20.784-0500] {dag.py:3229} INFO - Sync 1 DAGs
[2024-09-06T20:25:20.808-0500] {logging_mixin.py:190} INFO - [2024-09-06T20:25:20.808-0500] {dag.py:4156} INFO - Setting next_dagrun for example_workday_timetable to 2021-01-04 00:00:00+00:00, run_after=2021-01-05 00:00:00+00:00
[2024-09-06T20:25:20.815-0500] {processor.py:208} INFO - Processing /Users/binhpham/Library/Python/3.9/lib/python/site-packages/airflow/example_dags/example_workday_timetable.py took 0.267 seconds
[2024-09-06T20:27:13.608-0500] {processor.py:186} INFO - Started process (PID=43798) to work on /Users/binhpham/Library/Python/3.9/lib/python/site-packages/airflow/example_dags/example_workday_timetable.py
[2024-09-06T20:27:13.610-0500] {processor.py:914} INFO - Processing file /Users/binhpham/Library/Python/3.9/lib/python/site-packages/airflow/example_dags/example_workday_timetable.py for tasks to queue
[2024-09-06T20:27:13.610-0500] {logging_mixin.py:190} INFO - [2024-09-06T20:27:13.610-0500] {dagbag.py:587} INFO - Filling up the DagBag from /Users/binhpham/Library/Python/3.9/lib/python/site-packages/airflow/example_dags/example_workday_timetable.py
[2024-09-06T20:27:13.811-0500] {processor.py:925} INFO - DAG(s) 'example_workday_timetable' retrieved from /Users/binhpham/Library/Python/3.9/lib/python/site-packages/airflow/example_dags/example_workday_timetable.py
[2024-09-06T20:27:13.869-0500] {logging_mixin.py:190} INFO - [2024-09-06T20:27:13.869-0500] {dag.py:3229} INFO - Sync 1 DAGs
[2024-09-06T20:27:13.895-0500] {logging_mixin.py:190} INFO - [2024-09-06T20:27:13.894-0500] {dag.py:4156} INFO - Setting next_dagrun for example_workday_timetable to 2021-01-04 00:00:00+00:00, run_after=2021-01-05 00:00:00+00:00
[2024-09-06T20:27:13.904-0500] {processor.py:208} INFO - Processing /Users/binhpham/Library/Python/3.9/lib/python/site-packages/airflow/example_dags/example_workday_timetable.py took 0.298 seconds
[2024-09-06T20:29:04.778-0500] {processor.py:186} INFO - Started process (PID=44159) to work on /Users/binhpham/Library/Python/3.9/lib/python/site-packages/airflow/example_dags/example_workday_timetable.py
[2024-09-06T20:29:04.779-0500] {processor.py:914} INFO - Processing file /Users/binhpham/Library/Python/3.9/lib/python/site-packages/airflow/example_dags/example_workday_timetable.py for tasks to queue
[2024-09-06T20:29:04.780-0500] {logging_mixin.py:190} INFO - [2024-09-06T20:29:04.780-0500] {dagbag.py:587} INFO - Filling up the DagBag from /Users/binhpham/Library/Python/3.9/lib/python/site-packages/airflow/example_dags/example_workday_timetable.py
[2024-09-06T20:29:05.062-0500] {processor.py:925} INFO - DAG(s) 'example_workday_timetable' retrieved from /Users/binhpham/Library/Python/3.9/lib/python/site-packages/airflow/example_dags/example_workday_timetable.py
[2024-09-06T20:29:05.128-0500] {logging_mixin.py:190} INFO - [2024-09-06T20:29:05.128-0500] {dag.py:3229} INFO - Sync 1 DAGs
[2024-09-06T20:29:05.154-0500] {logging_mixin.py:190} INFO - [2024-09-06T20:29:05.154-0500] {dag.py:4156} INFO - Setting next_dagrun for example_workday_timetable to 2021-01-04 00:00:00+00:00, run_after=2021-01-05 00:00:00+00:00
[2024-09-06T20:29:05.164-0500] {processor.py:208} INFO - Processing /Users/binhpham/Library/Python/3.9/lib/python/site-packages/airflow/example_dags/example_workday_timetable.py took 0.387 seconds
[2024-09-06T20:30:25.753-0500] {processor.py:186} INFO - Started process (PID=44438) to work on /Users/binhpham/Library/Python/3.9/lib/python/site-packages/airflow/example_dags/example_workday_timetable.py
[2024-09-06T20:30:25.756-0500] {processor.py:914} INFO - Processing file /Users/binhpham/Library/Python/3.9/lib/python/site-packages/airflow/example_dags/example_workday_timetable.py for tasks to queue
[2024-09-06T20:30:25.756-0500] {logging_mixin.py:190} INFO - [2024-09-06T20:30:25.756-0500] {dagbag.py:587} INFO - Filling up the DagBag from /Users/binhpham/Library/Python/3.9/lib/python/site-packages/airflow/example_dags/example_workday_timetable.py
[2024-09-06T20:30:25.964-0500] {processor.py:925} INFO - DAG(s) 'example_workday_timetable' retrieved from /Users/binhpham/Library/Python/3.9/lib/python/site-packages/airflow/example_dags/example_workday_timetable.py
[2024-09-06T20:30:26.015-0500] {logging_mixin.py:190} INFO - [2024-09-06T20:30:26.015-0500] {dag.py:3229} INFO - Sync 1 DAGs
[2024-09-06T20:30:26.039-0500] {logging_mixin.py:190} INFO - [2024-09-06T20:30:26.038-0500] {dag.py:4156} INFO - Setting next_dagrun for example_workday_timetable to 2021-01-04 00:00:00+00:00, run_after=2021-01-05 00:00:00+00:00
[2024-09-06T20:30:26.046-0500] {processor.py:208} INFO - Processing /Users/binhpham/Library/Python/3.9/lib/python/site-packages/airflow/example_dags/example_workday_timetable.py took 0.294 seconds
[2024-09-06T20:31:47.085-0500] {processor.py:186} INFO - Started process (PID=44688) to work on /Users/binhpham/Library/Python/3.9/lib/python/site-packages/airflow/example_dags/example_workday_timetable.py
[2024-09-06T20:31:47.088-0500] {processor.py:914} INFO - Processing file /Users/binhpham/Library/Python/3.9/lib/python/site-packages/airflow/example_dags/example_workday_timetable.py for tasks to queue
[2024-09-06T20:31:47.088-0500] {logging_mixin.py:190} INFO - [2024-09-06T20:31:47.088-0500] {dagbag.py:587} INFO - Filling up the DagBag from /Users/binhpham/Library/Python/3.9/lib/python/site-packages/airflow/example_dags/example_workday_timetable.py
[2024-09-06T20:31:47.258-0500] {processor.py:925} INFO - DAG(s) 'example_workday_timetable' retrieved from /Users/binhpham/Library/Python/3.9/lib/python/site-packages/airflow/example_dags/example_workday_timetable.py
[2024-09-06T20:31:47.307-0500] {logging_mixin.py:190} INFO - [2024-09-06T20:31:47.307-0500] {dag.py:3229} INFO - Sync 1 DAGs
[2024-09-06T20:31:47.330-0500] {logging_mixin.py:190} INFO - [2024-09-06T20:31:47.329-0500] {dag.py:4156} INFO - Setting next_dagrun for example_workday_timetable to 2021-01-04 00:00:00+00:00, run_after=2021-01-05 00:00:00+00:00
[2024-09-06T20:31:47.336-0500] {processor.py:208} INFO - Processing /Users/binhpham/Library/Python/3.9/lib/python/site-packages/airflow/example_dags/example_workday_timetable.py took 0.252 seconds
[2024-09-06T20:33:09.053-0500] {processor.py:186} INFO - Started process (PID=44959) to work on /Users/binhpham/Library/Python/3.9/lib/python/site-packages/airflow/example_dags/example_workday_timetable.py
[2024-09-06T20:33:09.056-0500] {processor.py:914} INFO - Processing file /Users/binhpham/Library/Python/3.9/lib/python/site-packages/airflow/example_dags/example_workday_timetable.py for tasks to queue
[2024-09-06T20:33:09.056-0500] {logging_mixin.py:190} INFO - [2024-09-06T20:33:09.056-0500] {dagbag.py:587} INFO - Filling up the DagBag from /Users/binhpham/Library/Python/3.9/lib/python/site-packages/airflow/example_dags/example_workday_timetable.py
[2024-09-06T20:33:09.235-0500] {processor.py:925} INFO - DAG(s) 'example_workday_timetable' retrieved from /Users/binhpham/Library/Python/3.9/lib/python/site-packages/airflow/example_dags/example_workday_timetable.py
[2024-09-06T20:33:09.286-0500] {logging_mixin.py:190} INFO - [2024-09-06T20:33:09.286-0500] {dag.py:3229} INFO - Sync 1 DAGs
[2024-09-06T20:33:09.309-0500] {logging_mixin.py:190} INFO - [2024-09-06T20:33:09.309-0500] {dag.py:4156} INFO - Setting next_dagrun for example_workday_timetable to 2021-01-04 00:00:00+00:00, run_after=2021-01-05 00:00:00+00:00
[2024-09-06T20:33:09.316-0500] {processor.py:208} INFO - Processing /Users/binhpham/Library/Python/3.9/lib/python/site-packages/airflow/example_dags/example_workday_timetable.py took 0.264 seconds
[2024-09-06T20:33:45.129-0500] {processor.py:186} INFO - Started process (PID=45100) to work on /Users/binhpham/Library/Python/3.9/lib/python/site-packages/airflow/example_dags/example_workday_timetable.py
[2024-09-06T20:33:45.131-0500] {processor.py:914} INFO - Processing file /Users/binhpham/Library/Python/3.9/lib/python/site-packages/airflow/example_dags/example_workday_timetable.py for tasks to queue
[2024-09-06T20:33:45.132-0500] {logging_mixin.py:190} INFO - [2024-09-06T20:33:45.132-0500] {dagbag.py:587} INFO - Filling up the DagBag from /Users/binhpham/Library/Python/3.9/lib/python/site-packages/airflow/example_dags/example_workday_timetable.py
[2024-09-06T20:33:45.317-0500] {processor.py:925} INFO - DAG(s) 'example_workday_timetable' retrieved from /Users/binhpham/Library/Python/3.9/lib/python/site-packages/airflow/example_dags/example_workday_timetable.py
[2024-09-06T20:33:45.368-0500] {logging_mixin.py:190} INFO - [2024-09-06T20:33:45.368-0500] {dag.py:3229} INFO - Sync 1 DAGs
[2024-09-06T20:33:45.391-0500] {logging_mixin.py:190} INFO - [2024-09-06T20:33:45.391-0500] {dag.py:4156} INFO - Setting next_dagrun for example_workday_timetable to 2021-01-04 00:00:00+00:00, run_after=2021-01-05 00:00:00+00:00
[2024-09-06T20:33:45.398-0500] {processor.py:208} INFO - Processing /Users/binhpham/Library/Python/3.9/lib/python/site-packages/airflow/example_dags/example_workday_timetable.py took 0.270 seconds
[2024-09-06T20:35:37.134-0500] {processor.py:186} INFO - Started process (PID=45459) to work on /Users/binhpham/Library/Python/3.9/lib/python/site-packages/airflow/example_dags/example_workday_timetable.py
[2024-09-06T20:35:37.136-0500] {processor.py:914} INFO - Processing file /Users/binhpham/Library/Python/3.9/lib/python/site-packages/airflow/example_dags/example_workday_timetable.py for tasks to queue
[2024-09-06T20:35:37.137-0500] {logging_mixin.py:190} INFO - [2024-09-06T20:35:37.137-0500] {dagbag.py:587} INFO - Filling up the DagBag from /Users/binhpham/Library/Python/3.9/lib/python/site-packages/airflow/example_dags/example_workday_timetable.py
[2024-09-06T20:35:37.364-0500] {processor.py:925} INFO - DAG(s) 'example_workday_timetable' retrieved from /Users/binhpham/Library/Python/3.9/lib/python/site-packages/airflow/example_dags/example_workday_timetable.py
[2024-09-06T20:35:37.415-0500] {logging_mixin.py:190} INFO - [2024-09-06T20:35:37.415-0500] {dag.py:3229} INFO - Sync 1 DAGs
[2024-09-06T20:35:37.438-0500] {logging_mixin.py:190} INFO - [2024-09-06T20:35:37.438-0500] {dag.py:4156} INFO - Setting next_dagrun for example_workday_timetable to 2021-01-04 00:00:00+00:00, run_after=2021-01-05 00:00:00+00:00
[2024-09-06T20:35:37.445-0500] {processor.py:208} INFO - Processing /Users/binhpham/Library/Python/3.9/lib/python/site-packages/airflow/example_dags/example_workday_timetable.py took 0.313 seconds
[2024-09-06T20:36:58.259-0500] {processor.py:186} INFO - Started process (PID=45715) to work on /Users/binhpham/Library/Python/3.9/lib/python/site-packages/airflow/example_dags/example_workday_timetable.py
[2024-09-06T20:36:58.262-0500] {processor.py:914} INFO - Processing file /Users/binhpham/Library/Python/3.9/lib/python/site-packages/airflow/example_dags/example_workday_timetable.py for tasks to queue
[2024-09-06T20:36:58.262-0500] {logging_mixin.py:190} INFO - [2024-09-06T20:36:58.262-0500] {dagbag.py:587} INFO - Filling up the DagBag from /Users/binhpham/Library/Python/3.9/lib/python/site-packages/airflow/example_dags/example_workday_timetable.py
[2024-09-06T20:36:58.481-0500] {processor.py:925} INFO - DAG(s) 'example_workday_timetable' retrieved from /Users/binhpham/Library/Python/3.9/lib/python/site-packages/airflow/example_dags/example_workday_timetable.py
[2024-09-06T20:36:58.536-0500] {logging_mixin.py:190} INFO - [2024-09-06T20:36:58.536-0500] {dag.py:3229} INFO - Sync 1 DAGs
[2024-09-06T20:36:58.560-0500] {logging_mixin.py:190} INFO - [2024-09-06T20:36:58.560-0500] {dag.py:4156} INFO - Setting next_dagrun for example_workday_timetable to 2021-01-04 00:00:00+00:00, run_after=2021-01-05 00:00:00+00:00
[2024-09-06T20:36:58.568-0500] {processor.py:208} INFO - Processing /Users/binhpham/Library/Python/3.9/lib/python/site-packages/airflow/example_dags/example_workday_timetable.py took 0.310 seconds
[2024-09-06T20:38:19.929-0500] {processor.py:186} INFO - Started process (PID=45999) to work on /Users/binhpham/Library/Python/3.9/lib/python/site-packages/airflow/example_dags/example_workday_timetable.py
[2024-09-06T20:38:19.931-0500] {processor.py:914} INFO - Processing file /Users/binhpham/Library/Python/3.9/lib/python/site-packages/airflow/example_dags/example_workday_timetable.py for tasks to queue
[2024-09-06T20:38:19.932-0500] {logging_mixin.py:190} INFO - [2024-09-06T20:38:19.932-0500] {dagbag.py:587} INFO - Filling up the DagBag from /Users/binhpham/Library/Python/3.9/lib/python/site-packages/airflow/example_dags/example_workday_timetable.py
[2024-09-06T20:38:20.173-0500] {processor.py:925} INFO - DAG(s) 'example_workday_timetable' retrieved from /Users/binhpham/Library/Python/3.9/lib/python/site-packages/airflow/example_dags/example_workday_timetable.py
[2024-09-06T20:38:20.229-0500] {logging_mixin.py:190} INFO - [2024-09-06T20:38:20.229-0500] {dag.py:3229} INFO - Sync 1 DAGs
[2024-09-06T20:38:20.254-0500] {logging_mixin.py:190} INFO - [2024-09-06T20:38:20.254-0500] {dag.py:4156} INFO - Setting next_dagrun for example_workday_timetable to 2021-01-04 00:00:00+00:00, run_after=2021-01-05 00:00:00+00:00
[2024-09-06T20:38:20.263-0500] {processor.py:208} INFO - Processing /Users/binhpham/Library/Python/3.9/lib/python/site-packages/airflow/example_dags/example_workday_timetable.py took 0.336 seconds
