[2024-09-06T19:45:50.056-0500] {processor.py:186} INFO - Started process (PID=34790) to work on /Users/binhpham/Library/Python/3.9/lib/python/site-packages/airflow/example_dags/example_nested_branch_dag.py
[2024-09-06T19:45:50.058-0500] {processor.py:914} INFO - Processing file /Users/binhpham/Library/Python/3.9/lib/python/site-packages/airflow/example_dags/example_nested_branch_dag.py for tasks to queue
[2024-09-06T19:45:50.058-0500] {logging_mixin.py:190} INFO - [2024-09-06T19:45:50.058-0500] {dagbag.py:587} INFO - Filling up the DagBag from /Users/binhpham/Library/Python/3.9/lib/python/site-packages/airflow/example_dags/example_nested_branch_dag.py
[2024-09-06T19:45:50.074-0500] {processor.py:925} INFO - DAG(s) 'example_nested_branch_dag' retrieved from /Users/binhpham/Library/Python/3.9/lib/python/site-packages/airflow/example_dags/example_nested_branch_dag.py
[2024-09-06T19:45:50.151-0500] {logging_mixin.py:190} INFO - [2024-09-06T19:45:50.151-0500] {override.py:1900} INFO - Created Permission View: can delete on DAG:example_nested_branch_dag
[2024-09-06T19:45:50.154-0500] {logging_mixin.py:190} INFO - [2024-09-06T19:45:50.154-0500] {override.py:1900} INFO - Created Permission View: can edit on DAG:example_nested_branch_dag
[2024-09-06T19:45:50.157-0500] {logging_mixin.py:190} INFO - [2024-09-06T19:45:50.156-0500] {override.py:1900} INFO - Created Permission View: can read on DAG:example_nested_branch_dag
[2024-09-06T19:45:50.159-0500] {logging_mixin.py:190} INFO - [2024-09-06T19:45:50.159-0500] {override.py:1900} INFO - Created Permission View: can delete on DAG Run:example_nested_branch_dag
[2024-09-06T19:45:50.162-0500] {logging_mixin.py:190} INFO - [2024-09-06T19:45:50.162-0500] {override.py:1900} INFO - Created Permission View: menu access on DAG Run:example_nested_branch_dag
[2024-09-06T19:45:50.164-0500] {logging_mixin.py:190} INFO - [2024-09-06T19:45:50.164-0500] {override.py:1900} INFO - Created Permission View: can create on DAG Run:example_nested_branch_dag
[2024-09-06T19:45:50.166-0500] {logging_mixin.py:190} INFO - [2024-09-06T19:45:50.166-0500] {override.py:1900} INFO - Created Permission View: can read on DAG Run:example_nested_branch_dag
[2024-09-06T19:45:50.166-0500] {logging_mixin.py:190} INFO - [2024-09-06T19:45:50.166-0500] {dag.py:3229} INFO - Sync 1 DAGs
[2024-09-06T19:45:50.171-0500] {logging_mixin.py:190} INFO - [2024-09-06T19:45:50.171-0500] {dag.py:3252} INFO - Creating ORM DAG for example_nested_branch_dag
[2024-09-06T19:45:50.208-0500] {logging_mixin.py:190} INFO - [2024-09-06T19:45:50.208-0500] {dag.py:4156} INFO - Setting next_dagrun for example_nested_branch_dag to 2024-09-06 00:00:00+00:00, run_after=2024-09-07 00:00:00+00:00
[2024-09-06T19:45:50.215-0500] {processor.py:208} INFO - Processing /Users/binhpham/Library/Python/3.9/lib/python/site-packages/airflow/example_dags/example_nested_branch_dag.py took 0.160 seconds
[2024-09-06T19:48:11.879-0500] {processor.py:186} INFO - Started process (PID=35357) to work on /Users/binhpham/Library/Python/3.9/lib/python/site-packages/airflow/example_dags/example_nested_branch_dag.py
[2024-09-06T19:48:11.881-0500] {processor.py:914} INFO - Processing file /Users/binhpham/Library/Python/3.9/lib/python/site-packages/airflow/example_dags/example_nested_branch_dag.py for tasks to queue
[2024-09-06T19:48:11.882-0500] {logging_mixin.py:190} INFO - [2024-09-06T19:48:11.882-0500] {dagbag.py:587} INFO - Filling up the DagBag from /Users/binhpham/Library/Python/3.9/lib/python/site-packages/airflow/example_dags/example_nested_branch_dag.py
[2024-09-06T19:48:11.898-0500] {processor.py:925} INFO - DAG(s) 'example_nested_branch_dag' retrieved from /Users/binhpham/Library/Python/3.9/lib/python/site-packages/airflow/example_dags/example_nested_branch_dag.py
[2024-09-06T19:48:11.941-0500] {logging_mixin.py:190} INFO - [2024-09-06T19:48:11.941-0500] {dag.py:3229} INFO - Sync 1 DAGs
[2024-09-06T19:48:11.948-0500] {logging_mixin.py:190} INFO - [2024-09-06T19:48:11.948-0500] {dag.py:4156} INFO - Setting next_dagrun for example_nested_branch_dag to 2024-09-06 00:00:00+00:00, run_after=2024-09-07 00:00:00+00:00
[2024-09-06T19:48:11.955-0500] {processor.py:208} INFO - Processing /Users/binhpham/Library/Python/3.9/lib/python/site-packages/airflow/example_dags/example_nested_branch_dag.py took 0.077 seconds
[2024-09-06T19:50:02.945-0500] {processor.py:186} INFO - Started process (PID=35708) to work on /Users/binhpham/Library/Python/3.9/lib/python/site-packages/airflow/example_dags/example_nested_branch_dag.py
[2024-09-06T19:50:02.946-0500] {processor.py:914} INFO - Processing file /Users/binhpham/Library/Python/3.9/lib/python/site-packages/airflow/example_dags/example_nested_branch_dag.py for tasks to queue
[2024-09-06T19:50:02.947-0500] {logging_mixin.py:190} INFO - [2024-09-06T19:50:02.946-0500] {dagbag.py:587} INFO - Filling up the DagBag from /Users/binhpham/Library/Python/3.9/lib/python/site-packages/airflow/example_dags/example_nested_branch_dag.py
[2024-09-06T19:50:02.963-0500] {processor.py:925} INFO - DAG(s) 'example_nested_branch_dag' retrieved from /Users/binhpham/Library/Python/3.9/lib/python/site-packages/airflow/example_dags/example_nested_branch_dag.py
[2024-09-06T19:50:03.009-0500] {logging_mixin.py:190} INFO - [2024-09-06T19:50:03.009-0500] {dag.py:3229} INFO - Sync 1 DAGs
[2024-09-06T19:50:03.017-0500] {logging_mixin.py:190} INFO - [2024-09-06T19:50:03.017-0500] {dag.py:4156} INFO - Setting next_dagrun for example_nested_branch_dag to 2024-09-06 00:00:00+00:00, run_after=2024-09-07 00:00:00+00:00
[2024-09-06T19:50:03.025-0500] {processor.py:208} INFO - Processing /Users/binhpham/Library/Python/3.9/lib/python/site-packages/airflow/example_dags/example_nested_branch_dag.py took 0.082 seconds
[2024-09-06T19:52:45.089-0500] {processor.py:186} INFO - Started process (PID=36219) to work on /Users/binhpham/Library/Python/3.9/lib/python/site-packages/airflow/example_dags/example_nested_branch_dag.py
[2024-09-06T19:52:45.091-0500] {processor.py:914} INFO - Processing file /Users/binhpham/Library/Python/3.9/lib/python/site-packages/airflow/example_dags/example_nested_branch_dag.py for tasks to queue
[2024-09-06T19:52:45.091-0500] {logging_mixin.py:190} INFO - [2024-09-06T19:52:45.091-0500] {dagbag.py:587} INFO - Filling up the DagBag from /Users/binhpham/Library/Python/3.9/lib/python/site-packages/airflow/example_dags/example_nested_branch_dag.py
[2024-09-06T19:52:45.107-0500] {processor.py:925} INFO - DAG(s) 'example_nested_branch_dag' retrieved from /Users/binhpham/Library/Python/3.9/lib/python/site-packages/airflow/example_dags/example_nested_branch_dag.py
[2024-09-06T19:52:45.152-0500] {logging_mixin.py:190} INFO - [2024-09-06T19:52:45.152-0500] {dag.py:3229} INFO - Sync 1 DAGs
[2024-09-06T19:52:45.159-0500] {logging_mixin.py:190} INFO - [2024-09-06T19:52:45.159-0500] {dag.py:4156} INFO - Setting next_dagrun for example_nested_branch_dag to 2024-09-06 00:00:00+00:00, run_after=2024-09-07 00:00:00+00:00
[2024-09-06T19:52:45.166-0500] {processor.py:208} INFO - Processing /Users/binhpham/Library/Python/3.9/lib/python/site-packages/airflow/example_dags/example_nested_branch_dag.py took 0.078 seconds
[2024-09-06T19:54:34.598-0500] {processor.py:186} INFO - Started process (PID=36616) to work on /Users/binhpham/Library/Python/3.9/lib/python/site-packages/airflow/example_dags/example_nested_branch_dag.py
[2024-09-06T19:54:34.600-0500] {processor.py:914} INFO - Processing file /Users/binhpham/Library/Python/3.9/lib/python/site-packages/airflow/example_dags/example_nested_branch_dag.py for tasks to queue
[2024-09-06T19:54:34.601-0500] {logging_mixin.py:190} INFO - [2024-09-06T19:54:34.601-0500] {dagbag.py:587} INFO - Filling up the DagBag from /Users/binhpham/Library/Python/3.9/lib/python/site-packages/airflow/example_dags/example_nested_branch_dag.py
[2024-09-06T19:54:34.616-0500] {processor.py:925} INFO - DAG(s) 'example_nested_branch_dag' retrieved from /Users/binhpham/Library/Python/3.9/lib/python/site-packages/airflow/example_dags/example_nested_branch_dag.py
[2024-09-06T19:54:34.659-0500] {logging_mixin.py:190} INFO - [2024-09-06T19:54:34.659-0500] {dag.py:3229} INFO - Sync 1 DAGs
[2024-09-06T19:54:34.666-0500] {logging_mixin.py:190} INFO - [2024-09-06T19:54:34.666-0500] {dag.py:4156} INFO - Setting next_dagrun for example_nested_branch_dag to 2024-09-06 00:00:00+00:00, run_after=2024-09-07 00:00:00+00:00
[2024-09-06T19:54:34.674-0500] {processor.py:208} INFO - Processing /Users/binhpham/Library/Python/3.9/lib/python/site-packages/airflow/example_dags/example_nested_branch_dag.py took 0.077 seconds
[2024-09-06T19:56:25.958-0500] {processor.py:186} INFO - Started process (PID=36980) to work on /Users/binhpham/Library/Python/3.9/lib/python/site-packages/airflow/example_dags/example_nested_branch_dag.py
[2024-09-06T19:56:25.960-0500] {processor.py:914} INFO - Processing file /Users/binhpham/Library/Python/3.9/lib/python/site-packages/airflow/example_dags/example_nested_branch_dag.py for tasks to queue
[2024-09-06T19:56:25.961-0500] {logging_mixin.py:190} INFO - [2024-09-06T19:56:25.960-0500] {dagbag.py:587} INFO - Filling up the DagBag from /Users/binhpham/Library/Python/3.9/lib/python/site-packages/airflow/example_dags/example_nested_branch_dag.py
[2024-09-06T19:56:25.978-0500] {processor.py:925} INFO - DAG(s) 'example_nested_branch_dag' retrieved from /Users/binhpham/Library/Python/3.9/lib/python/site-packages/airflow/example_dags/example_nested_branch_dag.py
[2024-09-06T19:56:26.024-0500] {logging_mixin.py:190} INFO - [2024-09-06T19:56:26.024-0500] {dag.py:3229} INFO - Sync 1 DAGs
[2024-09-06T19:56:26.034-0500] {logging_mixin.py:190} INFO - [2024-09-06T19:56:26.034-0500] {dag.py:4156} INFO - Setting next_dagrun for example_nested_branch_dag to 2024-09-06 00:00:00+00:00, run_after=2024-09-07 00:00:00+00:00
[2024-09-06T19:56:26.043-0500] {processor.py:208} INFO - Processing /Users/binhpham/Library/Python/3.9/lib/python/site-packages/airflow/example_dags/example_nested_branch_dag.py took 0.086 seconds
[2024-09-06T19:59:10.545-0500] {processor.py:186} INFO - Started process (PID=37482) to work on /Users/binhpham/Library/Python/3.9/lib/python/site-packages/airflow/example_dags/example_nested_branch_dag.py
[2024-09-06T19:59:10.548-0500] {processor.py:914} INFO - Processing file /Users/binhpham/Library/Python/3.9/lib/python/site-packages/airflow/example_dags/example_nested_branch_dag.py for tasks to queue
[2024-09-06T19:59:10.548-0500] {logging_mixin.py:190} INFO - [2024-09-06T19:59:10.548-0500] {dagbag.py:587} INFO - Filling up the DagBag from /Users/binhpham/Library/Python/3.9/lib/python/site-packages/airflow/example_dags/example_nested_branch_dag.py
[2024-09-06T19:59:10.567-0500] {processor.py:925} INFO - DAG(s) 'example_nested_branch_dag' retrieved from /Users/binhpham/Library/Python/3.9/lib/python/site-packages/airflow/example_dags/example_nested_branch_dag.py
[2024-09-06T19:59:10.611-0500] {logging_mixin.py:190} INFO - [2024-09-06T19:59:10.611-0500] {dag.py:3229} INFO - Sync 1 DAGs
[2024-09-06T19:59:10.621-0500] {logging_mixin.py:190} INFO - [2024-09-06T19:59:10.621-0500] {dag.py:4156} INFO - Setting next_dagrun for example_nested_branch_dag to 2024-09-06 00:00:00+00:00, run_after=2024-09-07 00:00:00+00:00
[2024-09-06T19:59:10.628-0500] {processor.py:208} INFO - Processing /Users/binhpham/Library/Python/3.9/lib/python/site-packages/airflow/example_dags/example_nested_branch_dag.py took 0.084 seconds
[2024-09-06T20:01:52.773-0500] {processor.py:186} INFO - Started process (PID=37987) to work on /Users/binhpham/Library/Python/3.9/lib/python/site-packages/airflow/example_dags/example_nested_branch_dag.py
[2024-09-06T20:01:52.775-0500] {processor.py:914} INFO - Processing file /Users/binhpham/Library/Python/3.9/lib/python/site-packages/airflow/example_dags/example_nested_branch_dag.py for tasks to queue
[2024-09-06T20:01:52.776-0500] {logging_mixin.py:190} INFO - [2024-09-06T20:01:52.776-0500] {dagbag.py:587} INFO - Filling up the DagBag from /Users/binhpham/Library/Python/3.9/lib/python/site-packages/airflow/example_dags/example_nested_branch_dag.py
[2024-09-06T20:01:52.791-0500] {processor.py:925} INFO - DAG(s) 'example_nested_branch_dag' retrieved from /Users/binhpham/Library/Python/3.9/lib/python/site-packages/airflow/example_dags/example_nested_branch_dag.py
[2024-09-06T20:01:52.835-0500] {logging_mixin.py:190} INFO - [2024-09-06T20:01:52.834-0500] {dag.py:3229} INFO - Sync 1 DAGs
[2024-09-06T20:01:52.843-0500] {logging_mixin.py:190} INFO - [2024-09-06T20:01:52.843-0500] {dag.py:4156} INFO - Setting next_dagrun for example_nested_branch_dag to 2024-09-06 00:00:00+00:00, run_after=2024-09-07 00:00:00+00:00
[2024-09-06T20:01:52.852-0500] {processor.py:208} INFO - Processing /Users/binhpham/Library/Python/3.9/lib/python/site-packages/airflow/example_dags/example_nested_branch_dag.py took 0.080 seconds
[2024-09-06T20:04:31.806-0500] {processor.py:186} INFO - Started process (PID=38478) to work on /Users/binhpham/Library/Python/3.9/lib/python/site-packages/airflow/example_dags/example_nested_branch_dag.py
[2024-09-06T20:04:31.808-0500] {processor.py:914} INFO - Processing file /Users/binhpham/Library/Python/3.9/lib/python/site-packages/airflow/example_dags/example_nested_branch_dag.py for tasks to queue
[2024-09-06T20:04:31.809-0500] {logging_mixin.py:190} INFO - [2024-09-06T20:04:31.809-0500] {dagbag.py:587} INFO - Filling up the DagBag from /Users/binhpham/Library/Python/3.9/lib/python/site-packages/airflow/example_dags/example_nested_branch_dag.py
[2024-09-06T20:04:31.825-0500] {processor.py:925} INFO - DAG(s) 'example_nested_branch_dag' retrieved from /Users/binhpham/Library/Python/3.9/lib/python/site-packages/airflow/example_dags/example_nested_branch_dag.py
[2024-09-06T20:04:31.873-0500] {logging_mixin.py:190} INFO - [2024-09-06T20:04:31.873-0500] {dag.py:3229} INFO - Sync 1 DAGs
[2024-09-06T20:04:31.882-0500] {logging_mixin.py:190} INFO - [2024-09-06T20:04:31.882-0500] {dag.py:4156} INFO - Setting next_dagrun for example_nested_branch_dag to 2024-09-06 00:00:00+00:00, run_after=2024-09-07 00:00:00+00:00
[2024-09-06T20:04:31.890-0500] {processor.py:208} INFO - Processing /Users/binhpham/Library/Python/3.9/lib/python/site-packages/airflow/example_dags/example_nested_branch_dag.py took 0.086 seconds
[2024-09-06T20:07:13.926-0500] {processor.py:186} INFO - Started process (PID=38971) to work on /Users/binhpham/Library/Python/3.9/lib/python/site-packages/airflow/example_dags/example_nested_branch_dag.py
[2024-09-06T20:07:13.929-0500] {processor.py:914} INFO - Processing file /Users/binhpham/Library/Python/3.9/lib/python/site-packages/airflow/example_dags/example_nested_branch_dag.py for tasks to queue
[2024-09-06T20:07:13.929-0500] {logging_mixin.py:190} INFO - [2024-09-06T20:07:13.929-0500] {dagbag.py:587} INFO - Filling up the DagBag from /Users/binhpham/Library/Python/3.9/lib/python/site-packages/airflow/example_dags/example_nested_branch_dag.py
[2024-09-06T20:07:13.945-0500] {processor.py:925} INFO - DAG(s) 'example_nested_branch_dag' retrieved from /Users/binhpham/Library/Python/3.9/lib/python/site-packages/airflow/example_dags/example_nested_branch_dag.py
[2024-09-06T20:07:13.987-0500] {logging_mixin.py:190} INFO - [2024-09-06T20:07:13.987-0500] {dag.py:3229} INFO - Sync 1 DAGs
[2024-09-06T20:07:13.994-0500] {logging_mixin.py:190} INFO - [2024-09-06T20:07:13.994-0500] {dag.py:4156} INFO - Setting next_dagrun for example_nested_branch_dag to 2024-09-06 00:00:00+00:00, run_after=2024-09-07 00:00:00+00:00
[2024-09-06T20:07:14.002-0500] {processor.py:208} INFO - Processing /Users/binhpham/Library/Python/3.9/lib/python/site-packages/airflow/example_dags/example_nested_branch_dag.py took 0.077 seconds
[2024-09-06T20:10:00.607-0500] {processor.py:186} INFO - Started process (PID=39503) to work on /Users/binhpham/Library/Python/3.9/lib/python/site-packages/airflow/example_dags/example_nested_branch_dag.py
[2024-09-06T20:10:00.610-0500] {processor.py:914} INFO - Processing file /Users/binhpham/Library/Python/3.9/lib/python/site-packages/airflow/example_dags/example_nested_branch_dag.py for tasks to queue
[2024-09-06T20:10:00.610-0500] {logging_mixin.py:190} INFO - [2024-09-06T20:10:00.610-0500] {dagbag.py:587} INFO - Filling up the DagBag from /Users/binhpham/Library/Python/3.9/lib/python/site-packages/airflow/example_dags/example_nested_branch_dag.py
[2024-09-06T20:10:00.626-0500] {processor.py:925} INFO - DAG(s) 'example_nested_branch_dag' retrieved from /Users/binhpham/Library/Python/3.9/lib/python/site-packages/airflow/example_dags/example_nested_branch_dag.py
[2024-09-06T20:10:00.669-0500] {logging_mixin.py:190} INFO - [2024-09-06T20:10:00.669-0500] {dag.py:3229} INFO - Sync 1 DAGs
[2024-09-06T20:10:00.678-0500] {logging_mixin.py:190} INFO - [2024-09-06T20:10:00.677-0500] {dag.py:4156} INFO - Setting next_dagrun for example_nested_branch_dag to 2024-09-06 00:00:00+00:00, run_after=2024-09-07 00:00:00+00:00
[2024-09-06T20:10:00.684-0500] {processor.py:208} INFO - Processing /Users/binhpham/Library/Python/3.9/lib/python/site-packages/airflow/example_dags/example_nested_branch_dag.py took 0.078 seconds
[2024-09-06T20:12:41.728-0500] {processor.py:186} INFO - Started process (PID=40028) to work on /Users/binhpham/Library/Python/3.9/lib/python/site-packages/airflow/example_dags/example_nested_branch_dag.py
[2024-09-06T20:12:41.730-0500] {processor.py:914} INFO - Processing file /Users/binhpham/Library/Python/3.9/lib/python/site-packages/airflow/example_dags/example_nested_branch_dag.py for tasks to queue
[2024-09-06T20:12:41.730-0500] {logging_mixin.py:190} INFO - [2024-09-06T20:12:41.730-0500] {dagbag.py:587} INFO - Filling up the DagBag from /Users/binhpham/Library/Python/3.9/lib/python/site-packages/airflow/example_dags/example_nested_branch_dag.py
[2024-09-06T20:12:41.747-0500] {processor.py:925} INFO - DAG(s) 'example_nested_branch_dag' retrieved from /Users/binhpham/Library/Python/3.9/lib/python/site-packages/airflow/example_dags/example_nested_branch_dag.py
[2024-09-06T20:12:41.795-0500] {logging_mixin.py:190} INFO - [2024-09-06T20:12:41.794-0500] {dag.py:3229} INFO - Sync 1 DAGs
[2024-09-06T20:12:41.803-0500] {logging_mixin.py:190} INFO - [2024-09-06T20:12:41.803-0500] {dag.py:4156} INFO - Setting next_dagrun for example_nested_branch_dag to 2024-09-06 00:00:00+00:00, run_after=2024-09-07 00:00:00+00:00
[2024-09-06T20:12:41.811-0500] {processor.py:208} INFO - Processing /Users/binhpham/Library/Python/3.9/lib/python/site-packages/airflow/example_dags/example_nested_branch_dag.py took 0.084 seconds
[2024-09-06T20:15:57.776-0500] {processor.py:186} INFO - Started process (PID=40710) to work on /Users/binhpham/Library/Python/3.9/lib/python/site-packages/airflow/example_dags/example_nested_branch_dag.py
[2024-09-06T20:15:57.778-0500] {processor.py:914} INFO - Processing file /Users/binhpham/Library/Python/3.9/lib/python/site-packages/airflow/example_dags/example_nested_branch_dag.py for tasks to queue
[2024-09-06T20:15:57.778-0500] {logging_mixin.py:190} INFO - [2024-09-06T20:15:57.778-0500] {dagbag.py:587} INFO - Filling up the DagBag from /Users/binhpham/Library/Python/3.9/lib/python/site-packages/airflow/example_dags/example_nested_branch_dag.py
[2024-09-06T20:15:57.794-0500] {processor.py:925} INFO - DAG(s) 'example_nested_branch_dag' retrieved from /Users/binhpham/Library/Python/3.9/lib/python/site-packages/airflow/example_dags/example_nested_branch_dag.py
[2024-09-06T20:15:57.837-0500] {logging_mixin.py:190} INFO - [2024-09-06T20:15:57.837-0500] {dag.py:3229} INFO - Sync 1 DAGs
[2024-09-06T20:15:57.845-0500] {logging_mixin.py:190} INFO - [2024-09-06T20:15:57.845-0500] {dag.py:4156} INFO - Setting next_dagrun for example_nested_branch_dag to 2024-09-06 00:00:00+00:00, run_after=2024-09-07 00:00:00+00:00
[2024-09-06T20:15:57.852-0500] {processor.py:208} INFO - Processing /Users/binhpham/Library/Python/3.9/lib/python/site-packages/airflow/example_dags/example_nested_branch_dag.py took 0.077 seconds
[2024-09-06T20:22:48.560-0500] {processor.py:186} INFO - Started process (PID=42933) to work on /Users/binhpham/Library/Python/3.9/lib/python/site-packages/airflow/example_dags/example_nested_branch_dag.py
[2024-09-06T20:22:48.562-0500] {processor.py:914} INFO - Processing file /Users/binhpham/Library/Python/3.9/lib/python/site-packages/airflow/example_dags/example_nested_branch_dag.py for tasks to queue
[2024-09-06T20:22:48.563-0500] {logging_mixin.py:190} INFO - [2024-09-06T20:22:48.563-0500] {dagbag.py:587} INFO - Filling up the DagBag from /Users/binhpham/Library/Python/3.9/lib/python/site-packages/airflow/example_dags/example_nested_branch_dag.py
[2024-09-06T20:22:48.580-0500] {processor.py:925} INFO - DAG(s) 'example_nested_branch_dag' retrieved from /Users/binhpham/Library/Python/3.9/lib/python/site-packages/airflow/example_dags/example_nested_branch_dag.py
[2024-09-06T20:22:48.624-0500] {logging_mixin.py:190} INFO - [2024-09-06T20:22:48.624-0500] {dag.py:3229} INFO - Sync 1 DAGs
[2024-09-06T20:22:48.632-0500] {logging_mixin.py:190} INFO - [2024-09-06T20:22:48.632-0500] {dag.py:4156} INFO - Setting next_dagrun for example_nested_branch_dag to 2024-09-06 00:00:00+00:00, run_after=2024-09-07 00:00:00+00:00
[2024-09-06T20:22:48.639-0500] {processor.py:208} INFO - Processing /Users/binhpham/Library/Python/3.9/lib/python/site-packages/airflow/example_dags/example_nested_branch_dag.py took 0.081 seconds
[2024-09-06T20:24:39.837-0500] {processor.py:186} INFO - Started process (PID=43271) to work on /Users/binhpham/Library/Python/3.9/lib/python/site-packages/airflow/example_dags/example_nested_branch_dag.py
[2024-09-06T20:24:39.839-0500] {processor.py:914} INFO - Processing file /Users/binhpham/Library/Python/3.9/lib/python/site-packages/airflow/example_dags/example_nested_branch_dag.py for tasks to queue
[2024-09-06T20:24:39.840-0500] {logging_mixin.py:190} INFO - [2024-09-06T20:24:39.839-0500] {dagbag.py:587} INFO - Filling up the DagBag from /Users/binhpham/Library/Python/3.9/lib/python/site-packages/airflow/example_dags/example_nested_branch_dag.py
[2024-09-06T20:24:39.856-0500] {processor.py:925} INFO - DAG(s) 'example_nested_branch_dag' retrieved from /Users/binhpham/Library/Python/3.9/lib/python/site-packages/airflow/example_dags/example_nested_branch_dag.py
[2024-09-06T20:24:39.903-0500] {logging_mixin.py:190} INFO - [2024-09-06T20:24:39.903-0500] {dag.py:3229} INFO - Sync 1 DAGs
[2024-09-06T20:24:39.913-0500] {logging_mixin.py:190} INFO - [2024-09-06T20:24:39.913-0500] {dag.py:4156} INFO - Setting next_dagrun for example_nested_branch_dag to 2024-09-06 00:00:00+00:00, run_after=2024-09-07 00:00:00+00:00
[2024-09-06T20:24:39.921-0500] {processor.py:208} INFO - Processing /Users/binhpham/Library/Python/3.9/lib/python/site-packages/airflow/example_dags/example_nested_branch_dag.py took 0.085 seconds
[2024-09-06T20:27:53.568-0500] {processor.py:186} INFO - Started process (PID=43931) to work on /Users/binhpham/Library/Python/3.9/lib/python/site-packages/airflow/example_dags/example_nested_branch_dag.py
[2024-09-06T20:27:53.570-0500] {processor.py:914} INFO - Processing file /Users/binhpham/Library/Python/3.9/lib/python/site-packages/airflow/example_dags/example_nested_branch_dag.py for tasks to queue
[2024-09-06T20:27:53.571-0500] {logging_mixin.py:190} INFO - [2024-09-06T20:27:53.571-0500] {dagbag.py:587} INFO - Filling up the DagBag from /Users/binhpham/Library/Python/3.9/lib/python/site-packages/airflow/example_dags/example_nested_branch_dag.py
[2024-09-06T20:27:53.586-0500] {processor.py:925} INFO - DAG(s) 'example_nested_branch_dag' retrieved from /Users/binhpham/Library/Python/3.9/lib/python/site-packages/airflow/example_dags/example_nested_branch_dag.py
[2024-09-06T20:27:53.627-0500] {logging_mixin.py:190} INFO - [2024-09-06T20:27:53.627-0500] {dag.py:3229} INFO - Sync 1 DAGs
[2024-09-06T20:27:53.636-0500] {logging_mixin.py:190} INFO - [2024-09-06T20:27:53.636-0500] {dag.py:4156} INFO - Setting next_dagrun for example_nested_branch_dag to 2024-09-06 00:00:00+00:00, run_after=2024-09-07 00:00:00+00:00
[2024-09-06T20:27:53.642-0500] {processor.py:208} INFO - Processing /Users/binhpham/Library/Python/3.9/lib/python/site-packages/airflow/example_dags/example_nested_branch_dag.py took 0.076 seconds
[2024-09-06T20:29:47.046-0500] {processor.py:186} INFO - Started process (PID=44318) to work on /Users/binhpham/Library/Python/3.9/lib/python/site-packages/airflow/example_dags/example_nested_branch_dag.py
[2024-09-06T20:29:47.048-0500] {processor.py:914} INFO - Processing file /Users/binhpham/Library/Python/3.9/lib/python/site-packages/airflow/example_dags/example_nested_branch_dag.py for tasks to queue
[2024-09-06T20:29:47.048-0500] {logging_mixin.py:190} INFO - [2024-09-06T20:29:47.048-0500] {dagbag.py:587} INFO - Filling up the DagBag from /Users/binhpham/Library/Python/3.9/lib/python/site-packages/airflow/example_dags/example_nested_branch_dag.py
[2024-09-06T20:29:47.064-0500] {processor.py:925} INFO - DAG(s) 'example_nested_branch_dag' retrieved from /Users/binhpham/Library/Python/3.9/lib/python/site-packages/airflow/example_dags/example_nested_branch_dag.py
[2024-09-06T20:29:47.106-0500] {logging_mixin.py:190} INFO - [2024-09-06T20:29:47.106-0500] {dag.py:3229} INFO - Sync 1 DAGs
[2024-09-06T20:29:47.114-0500] {logging_mixin.py:190} INFO - [2024-09-06T20:29:47.114-0500] {dag.py:4156} INFO - Setting next_dagrun for example_nested_branch_dag to 2024-09-06 00:00:00+00:00, run_after=2024-09-07 00:00:00+00:00
[2024-09-06T20:29:47.121-0500] {processor.py:208} INFO - Processing /Users/binhpham/Library/Python/3.9/lib/python/site-packages/airflow/example_dags/example_nested_branch_dag.py took 0.076 seconds
[2024-09-06T20:32:28.901-0500] {processor.py:186} INFO - Started process (PID=44837) to work on /Users/binhpham/Library/Python/3.9/lib/python/site-packages/airflow/example_dags/example_nested_branch_dag.py
[2024-09-06T20:32:28.903-0500] {processor.py:914} INFO - Processing file /Users/binhpham/Library/Python/3.9/lib/python/site-packages/airflow/example_dags/example_nested_branch_dag.py for tasks to queue
[2024-09-06T20:32:28.904-0500] {logging_mixin.py:190} INFO - [2024-09-06T20:32:28.904-0500] {dagbag.py:587} INFO - Filling up the DagBag from /Users/binhpham/Library/Python/3.9/lib/python/site-packages/airflow/example_dags/example_nested_branch_dag.py
[2024-09-06T20:32:28.921-0500] {processor.py:925} INFO - DAG(s) 'example_nested_branch_dag' retrieved from /Users/binhpham/Library/Python/3.9/lib/python/site-packages/airflow/example_dags/example_nested_branch_dag.py
[2024-09-06T20:32:28.972-0500] {logging_mixin.py:190} INFO - [2024-09-06T20:32:28.972-0500] {dag.py:3229} INFO - Sync 1 DAGs
[2024-09-06T20:32:28.981-0500] {logging_mixin.py:190} INFO - [2024-09-06T20:32:28.980-0500] {dag.py:4156} INFO - Setting next_dagrun for example_nested_branch_dag to 2024-09-06 00:00:00+00:00, run_after=2024-09-07 00:00:00+00:00
[2024-09-06T20:32:28.989-0500] {processor.py:208} INFO - Processing /Users/binhpham/Library/Python/3.9/lib/python/site-packages/airflow/example_dags/example_nested_branch_dag.py took 0.090 seconds
[2024-09-06T20:34:26.468-0500] {processor.py:186} INFO - Started process (PID=45225) to work on /Users/binhpham/Library/Python/3.9/lib/python/site-packages/airflow/example_dags/example_nested_branch_dag.py
[2024-09-06T20:34:26.470-0500] {processor.py:914} INFO - Processing file /Users/binhpham/Library/Python/3.9/lib/python/site-packages/airflow/example_dags/example_nested_branch_dag.py for tasks to queue
[2024-09-06T20:34:26.471-0500] {logging_mixin.py:190} INFO - [2024-09-06T20:34:26.470-0500] {dagbag.py:587} INFO - Filling up the DagBag from /Users/binhpham/Library/Python/3.9/lib/python/site-packages/airflow/example_dags/example_nested_branch_dag.py
[2024-09-06T20:34:26.486-0500] {processor.py:925} INFO - DAG(s) 'example_nested_branch_dag' retrieved from /Users/binhpham/Library/Python/3.9/lib/python/site-packages/airflow/example_dags/example_nested_branch_dag.py
[2024-09-06T20:34:26.529-0500] {logging_mixin.py:190} INFO - [2024-09-06T20:34:26.529-0500] {dag.py:3229} INFO - Sync 1 DAGs
[2024-09-06T20:34:26.537-0500] {logging_mixin.py:190} INFO - [2024-09-06T20:34:26.537-0500] {dag.py:4156} INFO - Setting next_dagrun for example_nested_branch_dag to 2024-09-06 00:00:00+00:00, run_after=2024-09-07 00:00:00+00:00
[2024-09-06T20:34:26.544-0500] {processor.py:208} INFO - Processing /Users/binhpham/Library/Python/3.9/lib/python/site-packages/airflow/example_dags/example_nested_branch_dag.py took 0.078 seconds
[2024-09-06T20:36:19.280-0500] {processor.py:186} INFO - Started process (PID=45591) to work on /Users/binhpham/Library/Python/3.9/lib/python/site-packages/airflow/example_dags/example_nested_branch_dag.py
[2024-09-06T20:36:19.283-0500] {processor.py:914} INFO - Processing file /Users/binhpham/Library/Python/3.9/lib/python/site-packages/airflow/example_dags/example_nested_branch_dag.py for tasks to queue
[2024-09-06T20:36:19.283-0500] {logging_mixin.py:190} INFO - [2024-09-06T20:36:19.283-0500] {dagbag.py:587} INFO - Filling up the DagBag from /Users/binhpham/Library/Python/3.9/lib/python/site-packages/airflow/example_dags/example_nested_branch_dag.py
[2024-09-06T20:36:19.299-0500] {processor.py:925} INFO - DAG(s) 'example_nested_branch_dag' retrieved from /Users/binhpham/Library/Python/3.9/lib/python/site-packages/airflow/example_dags/example_nested_branch_dag.py
[2024-09-06T20:36:19.341-0500] {logging_mixin.py:190} INFO - [2024-09-06T20:36:19.341-0500] {dag.py:3229} INFO - Sync 1 DAGs
[2024-09-06T20:36:19.349-0500] {logging_mixin.py:190} INFO - [2024-09-06T20:36:19.349-0500] {dag.py:4156} INFO - Setting next_dagrun for example_nested_branch_dag to 2024-09-06 00:00:00+00:00, run_after=2024-09-07 00:00:00+00:00
[2024-09-06T20:36:19.356-0500] {processor.py:208} INFO - Processing /Users/binhpham/Library/Python/3.9/lib/python/site-packages/airflow/example_dags/example_nested_branch_dag.py took 0.077 seconds
