[2024-09-06T19:46:04.810-0500] {processor.py:186} INFO - Started process (PID=34845) to work on /Users/binhpham/Library/Python/3.9/lib/python/site-packages/airflow/example_dags/example_dynamic_task_mapping_with_no_taskflow_operators.py
[2024-09-06T19:46:04.811-0500] {processor.py:914} INFO - Processing file /Users/binhpham/Library/Python/3.9/lib/python/site-packages/airflow/example_dags/example_dynamic_task_mapping_with_no_taskflow_operators.py for tasks to queue
[2024-09-06T19:46:04.812-0500] {logging_mixin.py:190} INFO - [2024-09-06T19:46:04.812-0500] {dagbag.py:587} INFO - Filling up the DagBag from /Users/binhpham/Library/Python/3.9/lib/python/site-packages/airflow/example_dags/example_dynamic_task_mapping_with_no_taskflow_operators.py
[2024-09-06T19:46:04.815-0500] {processor.py:925} INFO - DAG(s) 'example_dynamic_task_mapping_with_no_taskflow_operators' retrieved from /Users/binhpham/Library/Python/3.9/lib/python/site-packages/airflow/example_dags/example_dynamic_task_mapping_with_no_taskflow_operators.py
[2024-09-06T19:46:04.892-0500] {logging_mixin.py:190} INFO - [2024-09-06T19:46:04.891-0500] {override.py:1900} INFO - Created Permission View: can edit on DAG:example_dynamic_task_mapping_with_no_taskflow_operators
[2024-09-06T19:46:04.896-0500] {logging_mixin.py:190} INFO - [2024-09-06T19:46:04.896-0500] {override.py:1900} INFO - Created Permission View: can read on DAG:example_dynamic_task_mapping_with_no_taskflow_operators
[2024-09-06T19:46:04.898-0500] {logging_mixin.py:190} INFO - [2024-09-06T19:46:04.898-0500] {override.py:1900} INFO - Created Permission View: can delete on DAG:example_dynamic_task_mapping_with_no_taskflow_operators
[2024-09-06T19:46:04.901-0500] {logging_mixin.py:190} INFO - [2024-09-06T19:46:04.901-0500] {override.py:1900} INFO - Created Permission View: can delete on DAG Run:example_dynamic_task_mapping_with_no_taskflow_operators
[2024-09-06T19:46:04.904-0500] {logging_mixin.py:190} INFO - [2024-09-06T19:46:04.903-0500] {override.py:1900} INFO - Created Permission View: can create on DAG Run:example_dynamic_task_mapping_with_no_taskflow_operators
[2024-09-06T19:46:04.906-0500] {logging_mixin.py:190} INFO - [2024-09-06T19:46:04.906-0500] {override.py:1900} INFO - Created Permission View: can read on DAG Run:example_dynamic_task_mapping_with_no_taskflow_operators
[2024-09-06T19:46:04.908-0500] {logging_mixin.py:190} INFO - [2024-09-06T19:46:04.908-0500] {override.py:1900} INFO - Created Permission View: menu access on DAG Run:example_dynamic_task_mapping_with_no_taskflow_operators
[2024-09-06T19:46:04.908-0500] {logging_mixin.py:190} INFO - [2024-09-06T19:46:04.908-0500] {dag.py:3229} INFO - Sync 1 DAGs
[2024-09-06T19:46:04.913-0500] {logging_mixin.py:190} INFO - [2024-09-06T19:46:04.913-0500] {dag.py:3252} INFO - Creating ORM DAG for example_dynamic_task_mapping_with_no_taskflow_operators
[2024-09-06T19:46:04.913-0500] {logging_mixin.py:190} INFO - [2024-09-06T19:46:04.913-0500] {dag.py:4156} INFO - Setting next_dagrun for example_dynamic_task_mapping_with_no_taskflow_operators to None, run_after=None
[2024-09-06T19:46:04.919-0500] {processor.py:208} INFO - Processing /Users/binhpham/Library/Python/3.9/lib/python/site-packages/airflow/example_dags/example_dynamic_task_mapping_with_no_taskflow_operators.py took 0.110 seconds
[2024-09-06T19:48:25.976-0500] {processor.py:186} INFO - Started process (PID=35406) to work on /Users/binhpham/Library/Python/3.9/lib/python/site-packages/airflow/example_dags/example_dynamic_task_mapping_with_no_taskflow_operators.py
[2024-09-06T19:48:25.978-0500] {processor.py:914} INFO - Processing file /Users/binhpham/Library/Python/3.9/lib/python/site-packages/airflow/example_dags/example_dynamic_task_mapping_with_no_taskflow_operators.py for tasks to queue
[2024-09-06T19:48:25.979-0500] {logging_mixin.py:190} INFO - [2024-09-06T19:48:25.979-0500] {dagbag.py:587} INFO - Filling up the DagBag from /Users/binhpham/Library/Python/3.9/lib/python/site-packages/airflow/example_dags/example_dynamic_task_mapping_with_no_taskflow_operators.py
[2024-09-06T19:48:25.982-0500] {processor.py:925} INFO - DAG(s) 'example_dynamic_task_mapping_with_no_taskflow_operators' retrieved from /Users/binhpham/Library/Python/3.9/lib/python/site-packages/airflow/example_dags/example_dynamic_task_mapping_with_no_taskflow_operators.py
[2024-09-06T19:48:26.026-0500] {logging_mixin.py:190} INFO - [2024-09-06T19:48:26.025-0500] {dag.py:3229} INFO - Sync 1 DAGs
[2024-09-06T19:48:26.030-0500] {logging_mixin.py:190} INFO - [2024-09-06T19:48:26.030-0500] {dag.py:4156} INFO - Setting next_dagrun for example_dynamic_task_mapping_with_no_taskflow_operators to None, run_after=None
[2024-09-06T19:48:26.038-0500] {processor.py:208} INFO - Processing /Users/binhpham/Library/Python/3.9/lib/python/site-packages/airflow/example_dags/example_dynamic_task_mapping_with_no_taskflow_operators.py took 0.063 seconds
[2024-09-06T19:50:17.160-0500] {processor.py:186} INFO - Started process (PID=35752) to work on /Users/binhpham/Library/Python/3.9/lib/python/site-packages/airflow/example_dags/example_dynamic_task_mapping_with_no_taskflow_operators.py
[2024-09-06T19:50:17.162-0500] {processor.py:914} INFO - Processing file /Users/binhpham/Library/Python/3.9/lib/python/site-packages/airflow/example_dags/example_dynamic_task_mapping_with_no_taskflow_operators.py for tasks to queue
[2024-09-06T19:50:17.162-0500] {logging_mixin.py:190} INFO - [2024-09-06T19:50:17.162-0500] {dagbag.py:587} INFO - Filling up the DagBag from /Users/binhpham/Library/Python/3.9/lib/python/site-packages/airflow/example_dags/example_dynamic_task_mapping_with_no_taskflow_operators.py
[2024-09-06T19:50:17.165-0500] {processor.py:925} INFO - DAG(s) 'example_dynamic_task_mapping_with_no_taskflow_operators' retrieved from /Users/binhpham/Library/Python/3.9/lib/python/site-packages/airflow/example_dags/example_dynamic_task_mapping_with_no_taskflow_operators.py
[2024-09-06T19:50:17.208-0500] {logging_mixin.py:190} INFO - [2024-09-06T19:50:17.208-0500] {dag.py:3229} INFO - Sync 1 DAGs
[2024-09-06T19:50:17.212-0500] {logging_mixin.py:190} INFO - [2024-09-06T19:50:17.212-0500] {dag.py:4156} INFO - Setting next_dagrun for example_dynamic_task_mapping_with_no_taskflow_operators to None, run_after=None
[2024-09-06T19:50:17.219-0500] {processor.py:208} INFO - Processing /Users/binhpham/Library/Python/3.9/lib/python/site-packages/airflow/example_dags/example_dynamic_task_mapping_with_no_taskflow_operators.py took 0.060 seconds
[2024-09-06T19:52:59.966-0500] {processor.py:186} INFO - Started process (PID=36272) to work on /Users/binhpham/Library/Python/3.9/lib/python/site-packages/airflow/example_dags/example_dynamic_task_mapping_with_no_taskflow_operators.py
[2024-09-06T19:52:59.968-0500] {processor.py:914} INFO - Processing file /Users/binhpham/Library/Python/3.9/lib/python/site-packages/airflow/example_dags/example_dynamic_task_mapping_with_no_taskflow_operators.py for tasks to queue
[2024-09-06T19:52:59.969-0500] {logging_mixin.py:190} INFO - [2024-09-06T19:52:59.969-0500] {dagbag.py:587} INFO - Filling up the DagBag from /Users/binhpham/Library/Python/3.9/lib/python/site-packages/airflow/example_dags/example_dynamic_task_mapping_with_no_taskflow_operators.py
[2024-09-06T19:52:59.972-0500] {processor.py:925} INFO - DAG(s) 'example_dynamic_task_mapping_with_no_taskflow_operators' retrieved from /Users/binhpham/Library/Python/3.9/lib/python/site-packages/airflow/example_dags/example_dynamic_task_mapping_with_no_taskflow_operators.py
[2024-09-06T19:53:00.016-0500] {logging_mixin.py:190} INFO - [2024-09-06T19:53:00.016-0500] {dag.py:3229} INFO - Sync 1 DAGs
[2024-09-06T19:53:00.021-0500] {logging_mixin.py:190} INFO - [2024-09-06T19:53:00.020-0500] {dag.py:4156} INFO - Setting next_dagrun for example_dynamic_task_mapping_with_no_taskflow_operators to None, run_after=None
[2024-09-06T19:53:00.028-0500] {processor.py:208} INFO - Processing /Users/binhpham/Library/Python/3.9/lib/python/site-packages/airflow/example_dags/example_dynamic_task_mapping_with_no_taskflow_operators.py took 0.063 seconds
[2024-09-06T19:54:48.883-0500] {processor.py:186} INFO - Started process (PID=36683) to work on /Users/binhpham/Library/Python/3.9/lib/python/site-packages/airflow/example_dags/example_dynamic_task_mapping_with_no_taskflow_operators.py
[2024-09-06T19:54:48.884-0500] {processor.py:914} INFO - Processing file /Users/binhpham/Library/Python/3.9/lib/python/site-packages/airflow/example_dags/example_dynamic_task_mapping_with_no_taskflow_operators.py for tasks to queue
[2024-09-06T19:54:48.885-0500] {logging_mixin.py:190} INFO - [2024-09-06T19:54:48.885-0500] {dagbag.py:587} INFO - Filling up the DagBag from /Users/binhpham/Library/Python/3.9/lib/python/site-packages/airflow/example_dags/example_dynamic_task_mapping_with_no_taskflow_operators.py
[2024-09-06T19:54:48.888-0500] {processor.py:925} INFO - DAG(s) 'example_dynamic_task_mapping_with_no_taskflow_operators' retrieved from /Users/binhpham/Library/Python/3.9/lib/python/site-packages/airflow/example_dags/example_dynamic_task_mapping_with_no_taskflow_operators.py
[2024-09-06T19:54:48.934-0500] {logging_mixin.py:190} INFO - [2024-09-06T19:54:48.934-0500] {dag.py:3229} INFO - Sync 1 DAGs
[2024-09-06T19:54:48.938-0500] {logging_mixin.py:190} INFO - [2024-09-06T19:54:48.938-0500] {dag.py:4156} INFO - Setting next_dagrun for example_dynamic_task_mapping_with_no_taskflow_operators to None, run_after=None
[2024-09-06T19:54:48.946-0500] {processor.py:208} INFO - Processing /Users/binhpham/Library/Python/3.9/lib/python/site-packages/airflow/example_dags/example_dynamic_task_mapping_with_no_taskflow_operators.py took 0.065 seconds
[2024-09-06T19:56:40.114-0500] {processor.py:186} INFO - Started process (PID=37027) to work on /Users/binhpham/Library/Python/3.9/lib/python/site-packages/airflow/example_dags/example_dynamic_task_mapping_with_no_taskflow_operators.py
[2024-09-06T19:56:40.117-0500] {processor.py:914} INFO - Processing file /Users/binhpham/Library/Python/3.9/lib/python/site-packages/airflow/example_dags/example_dynamic_task_mapping_with_no_taskflow_operators.py for tasks to queue
[2024-09-06T19:56:40.117-0500] {logging_mixin.py:190} INFO - [2024-09-06T19:56:40.117-0500] {dagbag.py:587} INFO - Filling up the DagBag from /Users/binhpham/Library/Python/3.9/lib/python/site-packages/airflow/example_dags/example_dynamic_task_mapping_with_no_taskflow_operators.py
[2024-09-06T19:56:40.121-0500] {processor.py:925} INFO - DAG(s) 'example_dynamic_task_mapping_with_no_taskflow_operators' retrieved from /Users/binhpham/Library/Python/3.9/lib/python/site-packages/airflow/example_dags/example_dynamic_task_mapping_with_no_taskflow_operators.py
[2024-09-06T19:56:40.187-0500] {logging_mixin.py:190} INFO - [2024-09-06T19:56:40.187-0500] {dag.py:3229} INFO - Sync 1 DAGs
[2024-09-06T19:56:40.192-0500] {logging_mixin.py:190} INFO - [2024-09-06T19:56:40.192-0500] {dag.py:4156} INFO - Setting next_dagrun for example_dynamic_task_mapping_with_no_taskflow_operators to None, run_after=None
[2024-09-06T19:56:40.201-0500] {processor.py:208} INFO - Processing /Users/binhpham/Library/Python/3.9/lib/python/site-packages/airflow/example_dags/example_dynamic_task_mapping_with_no_taskflow_operators.py took 0.088 seconds
[2024-09-06T19:59:25.185-0500] {processor.py:186} INFO - Started process (PID=37524) to work on /Users/binhpham/Library/Python/3.9/lib/python/site-packages/airflow/example_dags/example_dynamic_task_mapping_with_no_taskflow_operators.py
[2024-09-06T19:59:25.186-0500] {processor.py:914} INFO - Processing file /Users/binhpham/Library/Python/3.9/lib/python/site-packages/airflow/example_dags/example_dynamic_task_mapping_with_no_taskflow_operators.py for tasks to queue
[2024-09-06T19:59:25.187-0500] {logging_mixin.py:190} INFO - [2024-09-06T19:59:25.187-0500] {dagbag.py:587} INFO - Filling up the DagBag from /Users/binhpham/Library/Python/3.9/lib/python/site-packages/airflow/example_dags/example_dynamic_task_mapping_with_no_taskflow_operators.py
[2024-09-06T19:59:25.190-0500] {processor.py:925} INFO - DAG(s) 'example_dynamic_task_mapping_with_no_taskflow_operators' retrieved from /Users/binhpham/Library/Python/3.9/lib/python/site-packages/airflow/example_dags/example_dynamic_task_mapping_with_no_taskflow_operators.py
[2024-09-06T19:59:25.236-0500] {logging_mixin.py:190} INFO - [2024-09-06T19:59:25.236-0500] {dag.py:3229} INFO - Sync 1 DAGs
[2024-09-06T19:59:25.241-0500] {logging_mixin.py:190} INFO - [2024-09-06T19:59:25.241-0500] {dag.py:4156} INFO - Setting next_dagrun for example_dynamic_task_mapping_with_no_taskflow_operators to None, run_after=None
[2024-09-06T19:59:25.249-0500] {processor.py:208} INFO - Processing /Users/binhpham/Library/Python/3.9/lib/python/site-packages/airflow/example_dags/example_dynamic_task_mapping_with_no_taskflow_operators.py took 0.065 seconds
[2024-09-06T20:02:07.445-0500] {processor.py:186} INFO - Started process (PID=38036) to work on /Users/binhpham/Library/Python/3.9/lib/python/site-packages/airflow/example_dags/example_dynamic_task_mapping_with_no_taskflow_operators.py
[2024-09-06T20:02:07.447-0500] {processor.py:914} INFO - Processing file /Users/binhpham/Library/Python/3.9/lib/python/site-packages/airflow/example_dags/example_dynamic_task_mapping_with_no_taskflow_operators.py for tasks to queue
[2024-09-06T20:02:07.447-0500] {logging_mixin.py:190} INFO - [2024-09-06T20:02:07.447-0500] {dagbag.py:587} INFO - Filling up the DagBag from /Users/binhpham/Library/Python/3.9/lib/python/site-packages/airflow/example_dags/example_dynamic_task_mapping_with_no_taskflow_operators.py
[2024-09-06T20:02:07.451-0500] {processor.py:925} INFO - DAG(s) 'example_dynamic_task_mapping_with_no_taskflow_operators' retrieved from /Users/binhpham/Library/Python/3.9/lib/python/site-packages/airflow/example_dags/example_dynamic_task_mapping_with_no_taskflow_operators.py
[2024-09-06T20:02:07.495-0500] {logging_mixin.py:190} INFO - [2024-09-06T20:02:07.494-0500] {dag.py:3229} INFO - Sync 1 DAGs
[2024-09-06T20:02:07.499-0500] {logging_mixin.py:190} INFO - [2024-09-06T20:02:07.499-0500] {dag.py:4156} INFO - Setting next_dagrun for example_dynamic_task_mapping_with_no_taskflow_operators to None, run_after=None
[2024-09-06T20:02:07.505-0500] {processor.py:208} INFO - Processing /Users/binhpham/Library/Python/3.9/lib/python/site-packages/airflow/example_dags/example_dynamic_task_mapping_with_no_taskflow_operators.py took 0.062 seconds
[2024-09-06T20:04:45.016-0500] {processor.py:186} INFO - Started process (PID=38515) to work on /Users/binhpham/Library/Python/3.9/lib/python/site-packages/airflow/example_dags/example_dynamic_task_mapping_with_no_taskflow_operators.py
[2024-09-06T20:04:45.018-0500] {processor.py:914} INFO - Processing file /Users/binhpham/Library/Python/3.9/lib/python/site-packages/airflow/example_dags/example_dynamic_task_mapping_with_no_taskflow_operators.py for tasks to queue
[2024-09-06T20:04:45.019-0500] {logging_mixin.py:190} INFO - [2024-09-06T20:04:45.019-0500] {dagbag.py:587} INFO - Filling up the DagBag from /Users/binhpham/Library/Python/3.9/lib/python/site-packages/airflow/example_dags/example_dynamic_task_mapping_with_no_taskflow_operators.py
[2024-09-06T20:04:45.022-0500] {processor.py:925} INFO - DAG(s) 'example_dynamic_task_mapping_with_no_taskflow_operators' retrieved from /Users/binhpham/Library/Python/3.9/lib/python/site-packages/airflow/example_dags/example_dynamic_task_mapping_with_no_taskflow_operators.py
[2024-09-06T20:04:45.065-0500] {logging_mixin.py:190} INFO - [2024-09-06T20:04:45.065-0500] {dag.py:3229} INFO - Sync 1 DAGs
[2024-09-06T20:04:45.069-0500] {logging_mixin.py:190} INFO - [2024-09-06T20:04:45.069-0500] {dag.py:4156} INFO - Setting next_dagrun for example_dynamic_task_mapping_with_no_taskflow_operators to None, run_after=None
[2024-09-06T20:04:45.076-0500] {processor.py:208} INFO - Processing /Users/binhpham/Library/Python/3.9/lib/python/site-packages/airflow/example_dags/example_dynamic_task_mapping_with_no_taskflow_operators.py took 0.061 seconds
[2024-09-06T20:07:28.309-0500] {processor.py:186} INFO - Started process (PID=39014) to work on /Users/binhpham/Library/Python/3.9/lib/python/site-packages/airflow/example_dags/example_dynamic_task_mapping_with_no_taskflow_operators.py
[2024-09-06T20:07:28.312-0500] {processor.py:914} INFO - Processing file /Users/binhpham/Library/Python/3.9/lib/python/site-packages/airflow/example_dags/example_dynamic_task_mapping_with_no_taskflow_operators.py for tasks to queue
[2024-09-06T20:07:28.312-0500] {logging_mixin.py:190} INFO - [2024-09-06T20:07:28.312-0500] {dagbag.py:587} INFO - Filling up the DagBag from /Users/binhpham/Library/Python/3.9/lib/python/site-packages/airflow/example_dags/example_dynamic_task_mapping_with_no_taskflow_operators.py
[2024-09-06T20:07:28.316-0500] {processor.py:925} INFO - DAG(s) 'example_dynamic_task_mapping_with_no_taskflow_operators' retrieved from /Users/binhpham/Library/Python/3.9/lib/python/site-packages/airflow/example_dags/example_dynamic_task_mapping_with_no_taskflow_operators.py
[2024-09-06T20:07:28.362-0500] {logging_mixin.py:190} INFO - [2024-09-06T20:07:28.362-0500] {dag.py:3229} INFO - Sync 1 DAGs
[2024-09-06T20:07:28.366-0500] {logging_mixin.py:190} INFO - [2024-09-06T20:07:28.366-0500] {dag.py:4156} INFO - Setting next_dagrun for example_dynamic_task_mapping_with_no_taskflow_operators to None, run_after=None
[2024-09-06T20:07:28.374-0500] {processor.py:208} INFO - Processing /Users/binhpham/Library/Python/3.9/lib/python/site-packages/airflow/example_dags/example_dynamic_task_mapping_with_no_taskflow_operators.py took 0.067 seconds
[2024-09-06T20:10:13.986-0500] {processor.py:186} INFO - Started process (PID=39540) to work on /Users/binhpham/Library/Python/3.9/lib/python/site-packages/airflow/example_dags/example_dynamic_task_mapping_with_no_taskflow_operators.py
[2024-09-06T20:10:13.988-0500] {processor.py:914} INFO - Processing file /Users/binhpham/Library/Python/3.9/lib/python/site-packages/airflow/example_dags/example_dynamic_task_mapping_with_no_taskflow_operators.py for tasks to queue
[2024-09-06T20:10:13.988-0500] {logging_mixin.py:190} INFO - [2024-09-06T20:10:13.988-0500] {dagbag.py:587} INFO - Filling up the DagBag from /Users/binhpham/Library/Python/3.9/lib/python/site-packages/airflow/example_dags/example_dynamic_task_mapping_with_no_taskflow_operators.py
[2024-09-06T20:10:13.991-0500] {processor.py:925} INFO - DAG(s) 'example_dynamic_task_mapping_with_no_taskflow_operators' retrieved from /Users/binhpham/Library/Python/3.9/lib/python/site-packages/airflow/example_dags/example_dynamic_task_mapping_with_no_taskflow_operators.py
[2024-09-06T20:10:14.042-0500] {logging_mixin.py:190} INFO - [2024-09-06T20:10:14.042-0500] {dag.py:3229} INFO - Sync 1 DAGs
[2024-09-06T20:10:14.046-0500] {logging_mixin.py:190} INFO - [2024-09-06T20:10:14.046-0500] {dag.py:4156} INFO - Setting next_dagrun for example_dynamic_task_mapping_with_no_taskflow_operators to None, run_after=None
[2024-09-06T20:10:14.057-0500] {processor.py:208} INFO - Processing /Users/binhpham/Library/Python/3.9/lib/python/site-packages/airflow/example_dags/example_dynamic_task_mapping_with_no_taskflow_operators.py took 0.072 seconds
[2024-09-06T20:12:55.351-0500] {processor.py:186} INFO - Started process (PID=40085) to work on /Users/binhpham/Library/Python/3.9/lib/python/site-packages/airflow/example_dags/example_dynamic_task_mapping_with_no_taskflow_operators.py
[2024-09-06T20:12:55.354-0500] {processor.py:914} INFO - Processing file /Users/binhpham/Library/Python/3.9/lib/python/site-packages/airflow/example_dags/example_dynamic_task_mapping_with_no_taskflow_operators.py for tasks to queue
[2024-09-06T20:12:55.354-0500] {logging_mixin.py:190} INFO - [2024-09-06T20:12:55.354-0500] {dagbag.py:587} INFO - Filling up the DagBag from /Users/binhpham/Library/Python/3.9/lib/python/site-packages/airflow/example_dags/example_dynamic_task_mapping_with_no_taskflow_operators.py
[2024-09-06T20:12:55.357-0500] {processor.py:925} INFO - DAG(s) 'example_dynamic_task_mapping_with_no_taskflow_operators' retrieved from /Users/binhpham/Library/Python/3.9/lib/python/site-packages/airflow/example_dags/example_dynamic_task_mapping_with_no_taskflow_operators.py
[2024-09-06T20:12:55.400-0500] {logging_mixin.py:190} INFO - [2024-09-06T20:12:55.400-0500] {dag.py:3229} INFO - Sync 1 DAGs
[2024-09-06T20:12:55.404-0500] {logging_mixin.py:190} INFO - [2024-09-06T20:12:55.404-0500] {dag.py:4156} INFO - Setting next_dagrun for example_dynamic_task_mapping_with_no_taskflow_operators to None, run_after=None
[2024-09-06T20:12:55.411-0500] {processor.py:208} INFO - Processing /Users/binhpham/Library/Python/3.9/lib/python/site-packages/airflow/example_dags/example_dynamic_task_mapping_with_no_taskflow_operators.py took 0.061 seconds
[2024-09-06T20:16:11.961-0500] {processor.py:186} INFO - Started process (PID=40758) to work on /Users/binhpham/Library/Python/3.9/lib/python/site-packages/airflow/example_dags/example_dynamic_task_mapping_with_no_taskflow_operators.py
[2024-09-06T20:16:11.964-0500] {processor.py:914} INFO - Processing file /Users/binhpham/Library/Python/3.9/lib/python/site-packages/airflow/example_dags/example_dynamic_task_mapping_with_no_taskflow_operators.py for tasks to queue
[2024-09-06T20:16:11.964-0500] {logging_mixin.py:190} INFO - [2024-09-06T20:16:11.964-0500] {dagbag.py:587} INFO - Filling up the DagBag from /Users/binhpham/Library/Python/3.9/lib/python/site-packages/airflow/example_dags/example_dynamic_task_mapping_with_no_taskflow_operators.py
[2024-09-06T20:16:11.968-0500] {processor.py:925} INFO - DAG(s) 'example_dynamic_task_mapping_with_no_taskflow_operators' retrieved from /Users/binhpham/Library/Python/3.9/lib/python/site-packages/airflow/example_dags/example_dynamic_task_mapping_with_no_taskflow_operators.py
[2024-09-06T20:16:12.011-0500] {logging_mixin.py:190} INFO - [2024-09-06T20:16:12.011-0500] {dag.py:3229} INFO - Sync 1 DAGs
[2024-09-06T20:16:12.015-0500] {logging_mixin.py:190} INFO - [2024-09-06T20:16:12.015-0500] {dag.py:4156} INFO - Setting next_dagrun for example_dynamic_task_mapping_with_no_taskflow_operators to None, run_after=None
[2024-09-06T20:16:12.022-0500] {processor.py:208} INFO - Processing /Users/binhpham/Library/Python/3.9/lib/python/site-packages/airflow/example_dags/example_dynamic_task_mapping_with_no_taskflow_operators.py took 0.062 seconds
[2024-09-06T20:23:02.705-0500] {processor.py:186} INFO - Started process (PID=42976) to work on /Users/binhpham/Library/Python/3.9/lib/python/site-packages/airflow/example_dags/example_dynamic_task_mapping_with_no_taskflow_operators.py
[2024-09-06T20:23:02.707-0500] {processor.py:914} INFO - Processing file /Users/binhpham/Library/Python/3.9/lib/python/site-packages/airflow/example_dags/example_dynamic_task_mapping_with_no_taskflow_operators.py for tasks to queue
[2024-09-06T20:23:02.707-0500] {logging_mixin.py:190} INFO - [2024-09-06T20:23:02.707-0500] {dagbag.py:587} INFO - Filling up the DagBag from /Users/binhpham/Library/Python/3.9/lib/python/site-packages/airflow/example_dags/example_dynamic_task_mapping_with_no_taskflow_operators.py
[2024-09-06T20:23:02.710-0500] {processor.py:925} INFO - DAG(s) 'example_dynamic_task_mapping_with_no_taskflow_operators' retrieved from /Users/binhpham/Library/Python/3.9/lib/python/site-packages/airflow/example_dags/example_dynamic_task_mapping_with_no_taskflow_operators.py
[2024-09-06T20:23:02.753-0500] {logging_mixin.py:190} INFO - [2024-09-06T20:23:02.753-0500] {dag.py:3229} INFO - Sync 1 DAGs
[2024-09-06T20:23:02.757-0500] {logging_mixin.py:190} INFO - [2024-09-06T20:23:02.757-0500] {dag.py:4156} INFO - Setting next_dagrun for example_dynamic_task_mapping_with_no_taskflow_operators to None, run_after=None
[2024-09-06T20:23:02.766-0500] {processor.py:208} INFO - Processing /Users/binhpham/Library/Python/3.9/lib/python/site-packages/airflow/example_dags/example_dynamic_task_mapping_with_no_taskflow_operators.py took 0.062 seconds
[2024-09-06T20:24:54.487-0500] {processor.py:186} INFO - Started process (PID=43319) to work on /Users/binhpham/Library/Python/3.9/lib/python/site-packages/airflow/example_dags/example_dynamic_task_mapping_with_no_taskflow_operators.py
[2024-09-06T20:24:54.489-0500] {processor.py:914} INFO - Processing file /Users/binhpham/Library/Python/3.9/lib/python/site-packages/airflow/example_dags/example_dynamic_task_mapping_with_no_taskflow_operators.py for tasks to queue
[2024-09-06T20:24:54.490-0500] {logging_mixin.py:190} INFO - [2024-09-06T20:24:54.490-0500] {dagbag.py:587} INFO - Filling up the DagBag from /Users/binhpham/Library/Python/3.9/lib/python/site-packages/airflow/example_dags/example_dynamic_task_mapping_with_no_taskflow_operators.py
[2024-09-06T20:24:54.493-0500] {processor.py:925} INFO - DAG(s) 'example_dynamic_task_mapping_with_no_taskflow_operators' retrieved from /Users/binhpham/Library/Python/3.9/lib/python/site-packages/airflow/example_dags/example_dynamic_task_mapping_with_no_taskflow_operators.py
[2024-09-06T20:24:54.536-0500] {logging_mixin.py:190} INFO - [2024-09-06T20:24:54.536-0500] {dag.py:3229} INFO - Sync 1 DAGs
[2024-09-06T20:24:54.540-0500] {logging_mixin.py:190} INFO - [2024-09-06T20:24:54.540-0500] {dag.py:4156} INFO - Setting next_dagrun for example_dynamic_task_mapping_with_no_taskflow_operators to None, run_after=None
[2024-09-06T20:24:54.547-0500] {processor.py:208} INFO - Processing /Users/binhpham/Library/Python/3.9/lib/python/site-packages/airflow/example_dags/example_dynamic_task_mapping_with_no_taskflow_operators.py took 0.061 seconds
[2024-09-06T20:28:07.183-0500] {processor.py:186} INFO - Started process (PID=43972) to work on /Users/binhpham/Library/Python/3.9/lib/python/site-packages/airflow/example_dags/example_dynamic_task_mapping_with_no_taskflow_operators.py
[2024-09-06T20:28:07.185-0500] {processor.py:914} INFO - Processing file /Users/binhpham/Library/Python/3.9/lib/python/site-packages/airflow/example_dags/example_dynamic_task_mapping_with_no_taskflow_operators.py for tasks to queue
[2024-09-06T20:28:07.186-0500] {logging_mixin.py:190} INFO - [2024-09-06T20:28:07.186-0500] {dagbag.py:587} INFO - Filling up the DagBag from /Users/binhpham/Library/Python/3.9/lib/python/site-packages/airflow/example_dags/example_dynamic_task_mapping_with_no_taskflow_operators.py
[2024-09-06T20:28:07.190-0500] {processor.py:925} INFO - DAG(s) 'example_dynamic_task_mapping_with_no_taskflow_operators' retrieved from /Users/binhpham/Library/Python/3.9/lib/python/site-packages/airflow/example_dags/example_dynamic_task_mapping_with_no_taskflow_operators.py
[2024-09-06T20:28:07.234-0500] {logging_mixin.py:190} INFO - [2024-09-06T20:28:07.233-0500] {dag.py:3229} INFO - Sync 1 DAGs
[2024-09-06T20:28:07.238-0500] {logging_mixin.py:190} INFO - [2024-09-06T20:28:07.238-0500] {dag.py:4156} INFO - Setting next_dagrun for example_dynamic_task_mapping_with_no_taskflow_operators to None, run_after=None
[2024-09-06T20:28:07.245-0500] {processor.py:208} INFO - Processing /Users/binhpham/Library/Python/3.9/lib/python/site-packages/airflow/example_dags/example_dynamic_task_mapping_with_no_taskflow_operators.py took 0.063 seconds
[2024-09-06T20:30:01.218-0500] {processor.py:186} INFO - Started process (PID=44363) to work on /Users/binhpham/Library/Python/3.9/lib/python/site-packages/airflow/example_dags/example_dynamic_task_mapping_with_no_taskflow_operators.py
[2024-09-06T20:30:01.220-0500] {processor.py:914} INFO - Processing file /Users/binhpham/Library/Python/3.9/lib/python/site-packages/airflow/example_dags/example_dynamic_task_mapping_with_no_taskflow_operators.py for tasks to queue
[2024-09-06T20:30:01.221-0500] {logging_mixin.py:190} INFO - [2024-09-06T20:30:01.221-0500] {dagbag.py:587} INFO - Filling up the DagBag from /Users/binhpham/Library/Python/3.9/lib/python/site-packages/airflow/example_dags/example_dynamic_task_mapping_with_no_taskflow_operators.py
[2024-09-06T20:30:01.224-0500] {processor.py:925} INFO - DAG(s) 'example_dynamic_task_mapping_with_no_taskflow_operators' retrieved from /Users/binhpham/Library/Python/3.9/lib/python/site-packages/airflow/example_dags/example_dynamic_task_mapping_with_no_taskflow_operators.py
[2024-09-06T20:30:01.268-0500] {logging_mixin.py:190} INFO - [2024-09-06T20:30:01.268-0500] {dag.py:3229} INFO - Sync 1 DAGs
[2024-09-06T20:30:01.272-0500] {logging_mixin.py:190} INFO - [2024-09-06T20:30:01.272-0500] {dag.py:4156} INFO - Setting next_dagrun for example_dynamic_task_mapping_with_no_taskflow_operators to None, run_after=None
[2024-09-06T20:30:01.279-0500] {processor.py:208} INFO - Processing /Users/binhpham/Library/Python/3.9/lib/python/site-packages/airflow/example_dags/example_dynamic_task_mapping_with_no_taskflow_operators.py took 0.063 seconds
[2024-09-06T20:32:43.471-0500] {processor.py:186} INFO - Started process (PID=44883) to work on /Users/binhpham/Library/Python/3.9/lib/python/site-packages/airflow/example_dags/example_dynamic_task_mapping_with_no_taskflow_operators.py
[2024-09-06T20:32:43.474-0500] {processor.py:914} INFO - Processing file /Users/binhpham/Library/Python/3.9/lib/python/site-packages/airflow/example_dags/example_dynamic_task_mapping_with_no_taskflow_operators.py for tasks to queue
[2024-09-06T20:32:43.474-0500] {logging_mixin.py:190} INFO - [2024-09-06T20:32:43.474-0500] {dagbag.py:587} INFO - Filling up the DagBag from /Users/binhpham/Library/Python/3.9/lib/python/site-packages/airflow/example_dags/example_dynamic_task_mapping_with_no_taskflow_operators.py
[2024-09-06T20:32:43.478-0500] {processor.py:925} INFO - DAG(s) 'example_dynamic_task_mapping_with_no_taskflow_operators' retrieved from /Users/binhpham/Library/Python/3.9/lib/python/site-packages/airflow/example_dags/example_dynamic_task_mapping_with_no_taskflow_operators.py
[2024-09-06T20:32:43.520-0500] {logging_mixin.py:190} INFO - [2024-09-06T20:32:43.520-0500] {dag.py:3229} INFO - Sync 1 DAGs
[2024-09-06T20:32:43.524-0500] {logging_mixin.py:190} INFO - [2024-09-06T20:32:43.524-0500] {dag.py:4156} INFO - Setting next_dagrun for example_dynamic_task_mapping_with_no_taskflow_operators to None, run_after=None
[2024-09-06T20:32:43.531-0500] {processor.py:208} INFO - Processing /Users/binhpham/Library/Python/3.9/lib/python/site-packages/airflow/example_dags/example_dynamic_task_mapping_with_no_taskflow_operators.py took 0.061 seconds
[2024-09-06T20:34:41.043-0500] {processor.py:186} INFO - Started process (PID=45267) to work on /Users/binhpham/Library/Python/3.9/lib/python/site-packages/airflow/example_dags/example_dynamic_task_mapping_with_no_taskflow_operators.py
[2024-09-06T20:34:41.045-0500] {processor.py:914} INFO - Processing file /Users/binhpham/Library/Python/3.9/lib/python/site-packages/airflow/example_dags/example_dynamic_task_mapping_with_no_taskflow_operators.py for tasks to queue
[2024-09-06T20:34:41.046-0500] {logging_mixin.py:190} INFO - [2024-09-06T20:34:41.045-0500] {dagbag.py:587} INFO - Filling up the DagBag from /Users/binhpham/Library/Python/3.9/lib/python/site-packages/airflow/example_dags/example_dynamic_task_mapping_with_no_taskflow_operators.py
[2024-09-06T20:34:41.049-0500] {processor.py:925} INFO - DAG(s) 'example_dynamic_task_mapping_with_no_taskflow_operators' retrieved from /Users/binhpham/Library/Python/3.9/lib/python/site-packages/airflow/example_dags/example_dynamic_task_mapping_with_no_taskflow_operators.py
[2024-09-06T20:34:41.092-0500] {logging_mixin.py:190} INFO - [2024-09-06T20:34:41.092-0500] {dag.py:3229} INFO - Sync 1 DAGs
[2024-09-06T20:34:41.097-0500] {logging_mixin.py:190} INFO - [2024-09-06T20:34:41.096-0500] {dag.py:4156} INFO - Setting next_dagrun for example_dynamic_task_mapping_with_no_taskflow_operators to None, run_after=None
[2024-09-06T20:34:41.104-0500] {processor.py:208} INFO - Processing /Users/binhpham/Library/Python/3.9/lib/python/site-packages/airflow/example_dags/example_dynamic_task_mapping_with_no_taskflow_operators.py took 0.062 seconds
[2024-09-06T20:36:32.702-0500] {processor.py:186} INFO - Started process (PID=45637) to work on /Users/binhpham/Library/Python/3.9/lib/python/site-packages/airflow/example_dags/example_dynamic_task_mapping_with_no_taskflow_operators.py
[2024-09-06T20:36:32.704-0500] {processor.py:914} INFO - Processing file /Users/binhpham/Library/Python/3.9/lib/python/site-packages/airflow/example_dags/example_dynamic_task_mapping_with_no_taskflow_operators.py for tasks to queue
[2024-09-06T20:36:32.705-0500] {logging_mixin.py:190} INFO - [2024-09-06T20:36:32.705-0500] {dagbag.py:587} INFO - Filling up the DagBag from /Users/binhpham/Library/Python/3.9/lib/python/site-packages/airflow/example_dags/example_dynamic_task_mapping_with_no_taskflow_operators.py
[2024-09-06T20:36:32.708-0500] {processor.py:925} INFO - DAG(s) 'example_dynamic_task_mapping_with_no_taskflow_operators' retrieved from /Users/binhpham/Library/Python/3.9/lib/python/site-packages/airflow/example_dags/example_dynamic_task_mapping_with_no_taskflow_operators.py
[2024-09-06T20:36:32.750-0500] {logging_mixin.py:190} INFO - [2024-09-06T20:36:32.750-0500] {dag.py:3229} INFO - Sync 1 DAGs
[2024-09-06T20:36:32.754-0500] {logging_mixin.py:190} INFO - [2024-09-06T20:36:32.754-0500] {dag.py:4156} INFO - Setting next_dagrun for example_dynamic_task_mapping_with_no_taskflow_operators to None, run_after=None
[2024-09-06T20:36:32.764-0500] {processor.py:208} INFO - Processing /Users/binhpham/Library/Python/3.9/lib/python/site-packages/airflow/example_dags/example_dynamic_task_mapping_with_no_taskflow_operators.py took 0.063 seconds
