[2024-09-06T19:46:23.516-0500] {processor.py:186} INFO - Started process (PID=34919) to work on /Users/binhpham/Library/Python/3.9/lib/python/site-packages/airflow/example_dags/example_branch_operator_decorator.py
[2024-09-06T19:46:23.517-0500] {processor.py:914} INFO - Processing file /Users/binhpham/Library/Python/3.9/lib/python/site-packages/airflow/example_dags/example_branch_operator_decorator.py for tasks to queue
[2024-09-06T19:46:23.517-0500] {logging_mixin.py:190} INFO - [2024-09-06T19:46:23.517-0500] {dagbag.py:587} INFO - Filling up the DagBag from /Users/binhpham/Library/Python/3.9/lib/python/site-packages/airflow/example_dags/example_branch_operator_decorator.py
[2024-09-06T19:46:23.527-0500] {processor.py:927} WARNING - No viable dags retrieved from /Users/binhpham/Library/Python/3.9/lib/python/site-packages/airflow/example_dags/example_branch_operator_decorator.py
[2024-09-06T19:46:23.565-0500] {processor.py:208} INFO - Processing /Users/binhpham/Library/Python/3.9/lib/python/site-packages/airflow/example_dags/example_branch_operator_decorator.py took 0.051 seconds
[2024-09-06T19:48:44.192-0500] {processor.py:186} INFO - Started process (PID=35462) to work on /Users/binhpham/Library/Python/3.9/lib/python/site-packages/airflow/example_dags/example_branch_operator_decorator.py
[2024-09-06T19:48:44.194-0500] {processor.py:914} INFO - Processing file /Users/binhpham/Library/Python/3.9/lib/python/site-packages/airflow/example_dags/example_branch_operator_decorator.py for tasks to queue
[2024-09-06T19:48:44.194-0500] {logging_mixin.py:190} INFO - [2024-09-06T19:48:44.194-0500] {dagbag.py:587} INFO - Filling up the DagBag from /Users/binhpham/Library/Python/3.9/lib/python/site-packages/airflow/example_dags/example_branch_operator_decorator.py
[2024-09-06T19:48:44.203-0500] {processor.py:927} WARNING - No viable dags retrieved from /Users/binhpham/Library/Python/3.9/lib/python/site-packages/airflow/example_dags/example_branch_operator_decorator.py
[2024-09-06T19:48:44.240-0500] {processor.py:208} INFO - Processing /Users/binhpham/Library/Python/3.9/lib/python/site-packages/airflow/example_dags/example_branch_operator_decorator.py took 0.050 seconds
[2024-09-06T19:51:26.728-0500] {processor.py:186} INFO - Started process (PID=35974) to work on /Users/binhpham/Library/Python/3.9/lib/python/site-packages/airflow/example_dags/example_branch_operator_decorator.py
[2024-09-06T19:51:26.731-0500] {processor.py:914} INFO - Processing file /Users/binhpham/Library/Python/3.9/lib/python/site-packages/airflow/example_dags/example_branch_operator_decorator.py for tasks to queue
[2024-09-06T19:51:26.731-0500] {logging_mixin.py:190} INFO - [2024-09-06T19:51:26.731-0500] {dagbag.py:587} INFO - Filling up the DagBag from /Users/binhpham/Library/Python/3.9/lib/python/site-packages/airflow/example_dags/example_branch_operator_decorator.py
[2024-09-06T19:51:26.740-0500] {processor.py:927} WARNING - No viable dags retrieved from /Users/binhpham/Library/Python/3.9/lib/python/site-packages/airflow/example_dags/example_branch_operator_decorator.py
[2024-09-06T19:51:26.779-0500] {processor.py:208} INFO - Processing /Users/binhpham/Library/Python/3.9/lib/python/site-packages/airflow/example_dags/example_branch_operator_decorator.py took 0.052 seconds
[2024-09-06T19:55:06.719-0500] {processor.py:186} INFO - Started process (PID=36733) to work on /Users/binhpham/Library/Python/3.9/lib/python/site-packages/airflow/example_dags/example_branch_operator_decorator.py
[2024-09-06T19:55:06.721-0500] {processor.py:914} INFO - Processing file /Users/binhpham/Library/Python/3.9/lib/python/site-packages/airflow/example_dags/example_branch_operator_decorator.py for tasks to queue
[2024-09-06T19:55:06.722-0500] {logging_mixin.py:190} INFO - [2024-09-06T19:55:06.722-0500] {dagbag.py:587} INFO - Filling up the DagBag from /Users/binhpham/Library/Python/3.9/lib/python/site-packages/airflow/example_dags/example_branch_operator_decorator.py
[2024-09-06T19:55:06.730-0500] {processor.py:927} WARNING - No viable dags retrieved from /Users/binhpham/Library/Python/3.9/lib/python/site-packages/airflow/example_dags/example_branch_operator_decorator.py
[2024-09-06T19:55:06.767-0500] {processor.py:208} INFO - Processing /Users/binhpham/Library/Python/3.9/lib/python/site-packages/airflow/example_dags/example_branch_operator_decorator.py took 0.050 seconds
[2024-09-06T19:57:50.065-0500] {processor.py:186} INFO - Started process (PID=37237) to work on /Users/binhpham/Library/Python/3.9/lib/python/site-packages/airflow/example_dags/example_branch_operator_decorator.py
[2024-09-06T19:57:50.067-0500] {processor.py:914} INFO - Processing file /Users/binhpham/Library/Python/3.9/lib/python/site-packages/airflow/example_dags/example_branch_operator_decorator.py for tasks to queue
[2024-09-06T19:57:50.068-0500] {logging_mixin.py:190} INFO - [2024-09-06T19:57:50.068-0500] {dagbag.py:587} INFO - Filling up the DagBag from /Users/binhpham/Library/Python/3.9/lib/python/site-packages/airflow/example_dags/example_branch_operator_decorator.py
[2024-09-06T19:57:50.077-0500] {processor.py:927} WARNING - No viable dags retrieved from /Users/binhpham/Library/Python/3.9/lib/python/site-packages/airflow/example_dags/example_branch_operator_decorator.py
[2024-09-06T19:57:50.117-0500] {processor.py:208} INFO - Processing /Users/binhpham/Library/Python/3.9/lib/python/site-packages/airflow/example_dags/example_branch_operator_decorator.py took 0.054 seconds
[2024-09-06T20:00:33.635-0500] {processor.py:186} INFO - Started process (PID=37746) to work on /Users/binhpham/Library/Python/3.9/lib/python/site-packages/airflow/example_dags/example_branch_operator_decorator.py
[2024-09-06T20:00:33.637-0500] {processor.py:914} INFO - Processing file /Users/binhpham/Library/Python/3.9/lib/python/site-packages/airflow/example_dags/example_branch_operator_decorator.py for tasks to queue
[2024-09-06T20:00:33.638-0500] {logging_mixin.py:190} INFO - [2024-09-06T20:00:33.638-0500] {dagbag.py:587} INFO - Filling up the DagBag from /Users/binhpham/Library/Python/3.9/lib/python/site-packages/airflow/example_dags/example_branch_operator_decorator.py
[2024-09-06T20:00:33.646-0500] {processor.py:927} WARNING - No viable dags retrieved from /Users/binhpham/Library/Python/3.9/lib/python/site-packages/airflow/example_dags/example_branch_operator_decorator.py
[2024-09-06T20:00:33.685-0500] {processor.py:208} INFO - Processing /Users/binhpham/Library/Python/3.9/lib/python/site-packages/airflow/example_dags/example_branch_operator_decorator.py took 0.051 seconds
[2024-09-06T20:03:15.595-0500] {processor.py:186} INFO - Started process (PID=38245) to work on /Users/binhpham/Library/Python/3.9/lib/python/site-packages/airflow/example_dags/example_branch_operator_decorator.py
[2024-09-06T20:03:15.598-0500] {processor.py:914} INFO - Processing file /Users/binhpham/Library/Python/3.9/lib/python/site-packages/airflow/example_dags/example_branch_operator_decorator.py for tasks to queue
[2024-09-06T20:03:15.598-0500] {logging_mixin.py:190} INFO - [2024-09-06T20:03:15.598-0500] {dagbag.py:587} INFO - Filling up the DagBag from /Users/binhpham/Library/Python/3.9/lib/python/site-packages/airflow/example_dags/example_branch_operator_decorator.py
[2024-09-06T20:03:15.607-0500] {processor.py:927} WARNING - No viable dags retrieved from /Users/binhpham/Library/Python/3.9/lib/python/site-packages/airflow/example_dags/example_branch_operator_decorator.py
[2024-09-06T20:03:15.646-0500] {processor.py:208} INFO - Processing /Users/binhpham/Library/Python/3.9/lib/python/site-packages/airflow/example_dags/example_branch_operator_decorator.py took 0.052 seconds
[2024-09-06T20:05:54.635-0500] {processor.py:186} INFO - Started process (PID=38731) to work on /Users/binhpham/Library/Python/3.9/lib/python/site-packages/airflow/example_dags/example_branch_operator_decorator.py
[2024-09-06T20:05:54.637-0500] {processor.py:914} INFO - Processing file /Users/binhpham/Library/Python/3.9/lib/python/site-packages/airflow/example_dags/example_branch_operator_decorator.py for tasks to queue
[2024-09-06T20:05:54.637-0500] {logging_mixin.py:190} INFO - [2024-09-06T20:05:54.637-0500] {dagbag.py:587} INFO - Filling up the DagBag from /Users/binhpham/Library/Python/3.9/lib/python/site-packages/airflow/example_dags/example_branch_operator_decorator.py
[2024-09-06T20:05:54.646-0500] {processor.py:927} WARNING - No viable dags retrieved from /Users/binhpham/Library/Python/3.9/lib/python/site-packages/airflow/example_dags/example_branch_operator_decorator.py
[2024-09-06T20:05:54.684-0500] {processor.py:208} INFO - Processing /Users/binhpham/Library/Python/3.9/lib/python/site-packages/airflow/example_dags/example_branch_operator_decorator.py took 0.050 seconds
[2024-09-06T20:08:35.797-0500] {processor.py:186} INFO - Started process (PID=39217) to work on /Users/binhpham/Library/Python/3.9/lib/python/site-packages/airflow/example_dags/example_branch_operator_decorator.py
[2024-09-06T20:08:35.799-0500] {processor.py:914} INFO - Processing file /Users/binhpham/Library/Python/3.9/lib/python/site-packages/airflow/example_dags/example_branch_operator_decorator.py for tasks to queue
[2024-09-06T20:08:35.799-0500] {logging_mixin.py:190} INFO - [2024-09-06T20:08:35.799-0500] {dagbag.py:587} INFO - Filling up the DagBag from /Users/binhpham/Library/Python/3.9/lib/python/site-packages/airflow/example_dags/example_branch_operator_decorator.py
[2024-09-06T20:08:35.808-0500] {processor.py:927} WARNING - No viable dags retrieved from /Users/binhpham/Library/Python/3.9/lib/python/site-packages/airflow/example_dags/example_branch_operator_decorator.py
[2024-09-06T20:08:35.847-0500] {processor.py:208} INFO - Processing /Users/binhpham/Library/Python/3.9/lib/python/site-packages/airflow/example_dags/example_branch_operator_decorator.py took 0.051 seconds
[2024-09-06T20:11:21.256-0500] {processor.py:186} INFO - Started process (PID=39763) to work on /Users/binhpham/Library/Python/3.9/lib/python/site-packages/airflow/example_dags/example_branch_operator_decorator.py
[2024-09-06T20:11:21.258-0500] {processor.py:914} INFO - Processing file /Users/binhpham/Library/Python/3.9/lib/python/site-packages/airflow/example_dags/example_branch_operator_decorator.py for tasks to queue
[2024-09-06T20:11:21.258-0500] {logging_mixin.py:190} INFO - [2024-09-06T20:11:21.258-0500] {dagbag.py:587} INFO - Filling up the DagBag from /Users/binhpham/Library/Python/3.9/lib/python/site-packages/airflow/example_dags/example_branch_operator_decorator.py
[2024-09-06T20:11:21.267-0500] {processor.py:927} WARNING - No viable dags retrieved from /Users/binhpham/Library/Python/3.9/lib/python/site-packages/airflow/example_dags/example_branch_operator_decorator.py
[2024-09-06T20:11:21.304-0500] {processor.py:208} INFO - Processing /Users/binhpham/Library/Python/3.9/lib/python/site-packages/airflow/example_dags/example_branch_operator_decorator.py took 0.049 seconds
[2024-09-06T20:14:06.064-0500] {processor.py:186} INFO - Started process (PID=40314) to work on /Users/binhpham/Library/Python/3.9/lib/python/site-packages/airflow/example_dags/example_branch_operator_decorator.py
[2024-09-06T20:14:06.066-0500] {processor.py:914} INFO - Processing file /Users/binhpham/Library/Python/3.9/lib/python/site-packages/airflow/example_dags/example_branch_operator_decorator.py for tasks to queue
[2024-09-06T20:14:06.067-0500] {logging_mixin.py:190} INFO - [2024-09-06T20:14:06.066-0500] {dagbag.py:587} INFO - Filling up the DagBag from /Users/binhpham/Library/Python/3.9/lib/python/site-packages/airflow/example_dags/example_branch_operator_decorator.py
[2024-09-06T20:14:06.077-0500] {processor.py:927} WARNING - No viable dags retrieved from /Users/binhpham/Library/Python/3.9/lib/python/site-packages/airflow/example_dags/example_branch_operator_decorator.py
[2024-09-06T20:14:06.122-0500] {processor.py:208} INFO - Processing /Users/binhpham/Library/Python/3.9/lib/python/site-packages/airflow/example_dags/example_branch_operator_decorator.py took 0.060 seconds
[2024-09-06T20:16:30.315-0500] {processor.py:186} INFO - Started process (PID=40820) to work on /Users/binhpham/Library/Python/3.9/lib/python/site-packages/airflow/example_dags/example_branch_operator_decorator.py
[2024-09-06T20:16:30.317-0500] {processor.py:914} INFO - Processing file /Users/binhpham/Library/Python/3.9/lib/python/site-packages/airflow/example_dags/example_branch_operator_decorator.py for tasks to queue
[2024-09-06T20:16:30.317-0500] {logging_mixin.py:190} INFO - [2024-09-06T20:16:30.317-0500] {dagbag.py:587} INFO - Filling up the DagBag from /Users/binhpham/Library/Python/3.9/lib/python/site-packages/airflow/example_dags/example_branch_operator_decorator.py
[2024-09-06T20:16:30.326-0500] {processor.py:927} WARNING - No viable dags retrieved from /Users/binhpham/Library/Python/3.9/lib/python/site-packages/airflow/example_dags/example_branch_operator_decorator.py
[2024-09-06T20:16:30.363-0500] {processor.py:208} INFO - Processing /Users/binhpham/Library/Python/3.9/lib/python/site-packages/airflow/example_dags/example_branch_operator_decorator.py took 0.050 seconds
[2024-09-06T20:23:20.867-0500] {processor.py:186} INFO - Started process (PID=43030) to work on /Users/binhpham/Library/Python/3.9/lib/python/site-packages/airflow/example_dags/example_branch_operator_decorator.py
[2024-09-06T20:23:20.870-0500] {processor.py:914} INFO - Processing file /Users/binhpham/Library/Python/3.9/lib/python/site-packages/airflow/example_dags/example_branch_operator_decorator.py for tasks to queue
[2024-09-06T20:23:20.870-0500] {logging_mixin.py:190} INFO - [2024-09-06T20:23:20.870-0500] {dagbag.py:587} INFO - Filling up the DagBag from /Users/binhpham/Library/Python/3.9/lib/python/site-packages/airflow/example_dags/example_branch_operator_decorator.py
[2024-09-06T20:23:20.879-0500] {processor.py:927} WARNING - No viable dags retrieved from /Users/binhpham/Library/Python/3.9/lib/python/site-packages/airflow/example_dags/example_branch_operator_decorator.py
[2024-09-06T20:23:20.918-0500] {processor.py:208} INFO - Processing /Users/binhpham/Library/Python/3.9/lib/python/site-packages/airflow/example_dags/example_branch_operator_decorator.py took 0.052 seconds
[2024-09-06T20:26:04.967-0500] {processor.py:186} INFO - Started process (PID=43536) to work on /Users/binhpham/Library/Python/3.9/lib/python/site-packages/airflow/example_dags/example_branch_operator_decorator.py
[2024-09-06T20:26:04.970-0500] {processor.py:914} INFO - Processing file /Users/binhpham/Library/Python/3.9/lib/python/site-packages/airflow/example_dags/example_branch_operator_decorator.py for tasks to queue
[2024-09-06T20:26:04.970-0500] {logging_mixin.py:190} INFO - [2024-09-06T20:26:04.970-0500] {dagbag.py:587} INFO - Filling up the DagBag from /Users/binhpham/Library/Python/3.9/lib/python/site-packages/airflow/example_dags/example_branch_operator_decorator.py
[2024-09-06T20:26:04.979-0500] {processor.py:927} WARNING - No viable dags retrieved from /Users/binhpham/Library/Python/3.9/lib/python/site-packages/airflow/example_dags/example_branch_operator_decorator.py
[2024-09-06T20:26:05.016-0500] {processor.py:208} INFO - Processing /Users/binhpham/Library/Python/3.9/lib/python/site-packages/airflow/example_dags/example_branch_operator_decorator.py took 0.050 seconds
[2024-09-06T20:28:25.924-0500] {processor.py:186} INFO - Started process (PID=44032) to work on /Users/binhpham/Library/Python/3.9/lib/python/site-packages/airflow/example_dags/example_branch_operator_decorator.py
[2024-09-06T20:28:25.926-0500] {processor.py:914} INFO - Processing file /Users/binhpham/Library/Python/3.9/lib/python/site-packages/airflow/example_dags/example_branch_operator_decorator.py for tasks to queue
[2024-09-06T20:28:25.926-0500] {logging_mixin.py:190} INFO - [2024-09-06T20:28:25.926-0500] {dagbag.py:587} INFO - Filling up the DagBag from /Users/binhpham/Library/Python/3.9/lib/python/site-packages/airflow/example_dags/example_branch_operator_decorator.py
[2024-09-06T20:28:25.935-0500] {processor.py:927} WARNING - No viable dags retrieved from /Users/binhpham/Library/Python/3.9/lib/python/site-packages/airflow/example_dags/example_branch_operator_decorator.py
[2024-09-06T20:28:25.975-0500] {processor.py:208} INFO - Processing /Users/binhpham/Library/Python/3.9/lib/python/site-packages/airflow/example_dags/example_branch_operator_decorator.py took 0.052 seconds
[2024-09-06T20:31:09.822-0500] {processor.py:186} INFO - Started process (PID=44572) to work on /Users/binhpham/Library/Python/3.9/lib/python/site-packages/airflow/example_dags/example_branch_operator_decorator.py
[2024-09-06T20:31:09.824-0500] {processor.py:914} INFO - Processing file /Users/binhpham/Library/Python/3.9/lib/python/site-packages/airflow/example_dags/example_branch_operator_decorator.py for tasks to queue
[2024-09-06T20:31:09.825-0500] {logging_mixin.py:190} INFO - [2024-09-06T20:31:09.824-0500] {dagbag.py:587} INFO - Filling up the DagBag from /Users/binhpham/Library/Python/3.9/lib/python/site-packages/airflow/example_dags/example_branch_operator_decorator.py
[2024-09-06T20:31:09.833-0500] {processor.py:927} WARNING - No viable dags retrieved from /Users/binhpham/Library/Python/3.9/lib/python/site-packages/airflow/example_dags/example_branch_operator_decorator.py
[2024-09-06T20:31:09.870-0500] {processor.py:208} INFO - Processing /Users/binhpham/Library/Python/3.9/lib/python/site-packages/airflow/example_dags/example_branch_operator_decorator.py took 0.049 seconds
[2024-09-06T20:34:59.384-0500] {processor.py:186} INFO - Started process (PID=45332) to work on /Users/binhpham/Library/Python/3.9/lib/python/site-packages/airflow/example_dags/example_branch_operator_decorator.py
[2024-09-06T20:34:59.386-0500] {processor.py:914} INFO - Processing file /Users/binhpham/Library/Python/3.9/lib/python/site-packages/airflow/example_dags/example_branch_operator_decorator.py for tasks to queue
[2024-09-06T20:34:59.386-0500] {logging_mixin.py:190} INFO - [2024-09-06T20:34:59.386-0500] {dagbag.py:587} INFO - Filling up the DagBag from /Users/binhpham/Library/Python/3.9/lib/python/site-packages/airflow/example_dags/example_branch_operator_decorator.py
[2024-09-06T20:34:59.395-0500] {processor.py:927} WARNING - No viable dags retrieved from /Users/binhpham/Library/Python/3.9/lib/python/site-packages/airflow/example_dags/example_branch_operator_decorator.py
[2024-09-06T20:34:59.433-0500] {processor.py:208} INFO - Processing /Users/binhpham/Library/Python/3.9/lib/python/site-packages/airflow/example_dags/example_branch_operator_decorator.py took 0.051 seconds
[2024-09-06T20:37:42.203-0500] {processor.py:186} INFO - Started process (PID=45855) to work on /Users/binhpham/Library/Python/3.9/lib/python/site-packages/airflow/example_dags/example_branch_operator_decorator.py
[2024-09-06T20:37:42.207-0500] {processor.py:914} INFO - Processing file /Users/binhpham/Library/Python/3.9/lib/python/site-packages/airflow/example_dags/example_branch_operator_decorator.py for tasks to queue
[2024-09-06T20:37:42.208-0500] {logging_mixin.py:190} INFO - [2024-09-06T20:37:42.208-0500] {dagbag.py:587} INFO - Filling up the DagBag from /Users/binhpham/Library/Python/3.9/lib/python/site-packages/airflow/example_dags/example_branch_operator_decorator.py
[2024-09-06T20:37:42.216-0500] {processor.py:927} WARNING - No viable dags retrieved from /Users/binhpham/Library/Python/3.9/lib/python/site-packages/airflow/example_dags/example_branch_operator_decorator.py
[2024-09-06T20:37:42.255-0500] {processor.py:208} INFO - Processing /Users/binhpham/Library/Python/3.9/lib/python/site-packages/airflow/example_dags/example_branch_operator_decorator.py took 0.053 seconds
