[2024-09-06T19:44:18.956-0500] {processor.py:186} INFO - Started process (PID=34399) to work on /Users/binhpham/Library/Python/3.9/lib/python/site-packages/airflow/example_dags/example_short_circuit_operator.py
[2024-09-06T19:44:18.958-0500] {processor.py:914} INFO - Processing file /Users/binhpham/Library/Python/3.9/lib/python/site-packages/airflow/example_dags/example_short_circuit_operator.py for tasks to queue
[2024-09-06T19:44:18.958-0500] {logging_mixin.py:190} INFO - [2024-09-06T19:44:18.958-0500] {dagbag.py:587} INFO - Filling up the DagBag from /Users/binhpham/Library/Python/3.9/lib/python/site-packages/airflow/example_dags/example_short_circuit_operator.py
[2024-09-06T19:44:18.969-0500] {processor.py:925} INFO - DAG(s) 'example_short_circuit_operator' retrieved from /Users/binhpham/Library/Python/3.9/lib/python/site-packages/airflow/example_dags/example_short_circuit_operator.py
[2024-09-06T19:44:19.047-0500] {logging_mixin.py:190} INFO - [2024-09-06T19:44:19.047-0500] {override.py:1900} INFO - Created Permission View: can edit on DAG:example_short_circuit_operator
[2024-09-06T19:44:19.051-0500] {logging_mixin.py:190} INFO - [2024-09-06T19:44:19.051-0500] {override.py:1900} INFO - Created Permission View: can read on DAG:example_short_circuit_operator
[2024-09-06T19:44:19.053-0500] {logging_mixin.py:190} INFO - [2024-09-06T19:44:19.053-0500] {override.py:1900} INFO - Created Permission View: can delete on DAG:example_short_circuit_operator
[2024-09-06T19:44:19.056-0500] {logging_mixin.py:190} INFO - [2024-09-06T19:44:19.056-0500] {override.py:1900} INFO - Created Permission View: menu access on DAG Run:example_short_circuit_operator
[2024-09-06T19:44:19.058-0500] {logging_mixin.py:190} INFO - [2024-09-06T19:44:19.058-0500] {override.py:1900} INFO - Created Permission View: can read on DAG Run:example_short_circuit_operator
[2024-09-06T19:44:19.060-0500] {logging_mixin.py:190} INFO - [2024-09-06T19:44:19.060-0500] {override.py:1900} INFO - Created Permission View: can create on DAG Run:example_short_circuit_operator
[2024-09-06T19:44:19.063-0500] {logging_mixin.py:190} INFO - [2024-09-06T19:44:19.063-0500] {override.py:1900} INFO - Created Permission View: can delete on DAG Run:example_short_circuit_operator
[2024-09-06T19:44:19.063-0500] {logging_mixin.py:190} INFO - [2024-09-06T19:44:19.063-0500] {dag.py:3229} INFO - Sync 1 DAGs
[2024-09-06T19:44:19.067-0500] {logging_mixin.py:190} INFO - [2024-09-06T19:44:19.067-0500] {dag.py:3252} INFO - Creating ORM DAG for example_short_circuit_operator
[2024-09-06T19:44:19.068-0500] {logging_mixin.py:190} INFO - [2024-09-06T19:44:19.067-0500] {dag.py:4156} INFO - Setting next_dagrun for example_short_circuit_operator to None, run_after=None
[2024-09-06T19:44:19.074-0500] {processor.py:208} INFO - Processing /Users/binhpham/Library/Python/3.9/lib/python/site-packages/airflow/example_dags/example_short_circuit_operator.py took 0.119 seconds
[2024-09-06T19:45:25.837-0500] {processor.py:186} INFO - Started process (PID=34690) to work on /Users/binhpham/Library/Python/3.9/lib/python/site-packages/airflow/example_dags/example_short_circuit_operator.py
[2024-09-06T19:45:25.839-0500] {processor.py:914} INFO - Processing file /Users/binhpham/Library/Python/3.9/lib/python/site-packages/airflow/example_dags/example_short_circuit_operator.py for tasks to queue
[2024-09-06T19:45:25.839-0500] {logging_mixin.py:190} INFO - [2024-09-06T19:45:25.839-0500] {dagbag.py:587} INFO - Filling up the DagBag from /Users/binhpham/Library/Python/3.9/lib/python/site-packages/airflow/example_dags/example_short_circuit_operator.py
[2024-09-06T19:45:25.850-0500] {processor.py:925} INFO - DAG(s) 'example_short_circuit_operator' retrieved from /Users/binhpham/Library/Python/3.9/lib/python/site-packages/airflow/example_dags/example_short_circuit_operator.py
[2024-09-06T19:45:25.897-0500] {logging_mixin.py:190} INFO - [2024-09-06T19:45:25.896-0500] {dag.py:3229} INFO - Sync 1 DAGs
[2024-09-06T19:45:25.901-0500] {logging_mixin.py:190} INFO - [2024-09-06T19:45:25.901-0500] {dag.py:4156} INFO - Setting next_dagrun for example_short_circuit_operator to None, run_after=None
[2024-09-06T19:45:25.908-0500] {processor.py:208} INFO - Processing /Users/binhpham/Library/Python/3.9/lib/python/site-packages/airflow/example_dags/example_short_circuit_operator.py took 0.073 seconds
[2024-09-06T19:47:47.869-0500] {processor.py:186} INFO - Started process (PID=35281) to work on /Users/binhpham/Library/Python/3.9/lib/python/site-packages/airflow/example_dags/example_short_circuit_operator.py
[2024-09-06T19:47:47.870-0500] {processor.py:914} INFO - Processing file /Users/binhpham/Library/Python/3.9/lib/python/site-packages/airflow/example_dags/example_short_circuit_operator.py for tasks to queue
[2024-09-06T19:47:47.871-0500] {logging_mixin.py:190} INFO - [2024-09-06T19:47:47.871-0500] {dagbag.py:587} INFO - Filling up the DagBag from /Users/binhpham/Library/Python/3.9/lib/python/site-packages/airflow/example_dags/example_short_circuit_operator.py
[2024-09-06T19:47:47.882-0500] {processor.py:925} INFO - DAG(s) 'example_short_circuit_operator' retrieved from /Users/binhpham/Library/Python/3.9/lib/python/site-packages/airflow/example_dags/example_short_circuit_operator.py
[2024-09-06T19:47:47.930-0500] {logging_mixin.py:190} INFO - [2024-09-06T19:47:47.930-0500] {dag.py:3229} INFO - Sync 1 DAGs
[2024-09-06T19:47:47.935-0500] {logging_mixin.py:190} INFO - [2024-09-06T19:47:47.935-0500] {dag.py:4156} INFO - Setting next_dagrun for example_short_circuit_operator to None, run_after=None
[2024-09-06T19:47:47.943-0500] {processor.py:208} INFO - Processing /Users/binhpham/Library/Python/3.9/lib/python/site-packages/airflow/example_dags/example_short_circuit_operator.py took 0.076 seconds
[2024-09-06T19:49:38.605-0500] {processor.py:186} INFO - Started process (PID=35628) to work on /Users/binhpham/Library/Python/3.9/lib/python/site-packages/airflow/example_dags/example_short_circuit_operator.py
[2024-09-06T19:49:38.607-0500] {processor.py:914} INFO - Processing file /Users/binhpham/Library/Python/3.9/lib/python/site-packages/airflow/example_dags/example_short_circuit_operator.py for tasks to queue
[2024-09-06T19:49:38.607-0500] {logging_mixin.py:190} INFO - [2024-09-06T19:49:38.607-0500] {dagbag.py:587} INFO - Filling up the DagBag from /Users/binhpham/Library/Python/3.9/lib/python/site-packages/airflow/example_dags/example_short_circuit_operator.py
[2024-09-06T19:49:38.618-0500] {processor.py:925} INFO - DAG(s) 'example_short_circuit_operator' retrieved from /Users/binhpham/Library/Python/3.9/lib/python/site-packages/airflow/example_dags/example_short_circuit_operator.py
[2024-09-06T19:49:38.660-0500] {logging_mixin.py:190} INFO - [2024-09-06T19:49:38.660-0500] {dag.py:3229} INFO - Sync 1 DAGs
[2024-09-06T19:49:38.664-0500] {logging_mixin.py:190} INFO - [2024-09-06T19:49:38.664-0500] {dag.py:4156} INFO - Setting next_dagrun for example_short_circuit_operator to None, run_after=None
[2024-09-06T19:49:38.672-0500] {processor.py:208} INFO - Processing /Users/binhpham/Library/Python/3.9/lib/python/site-packages/airflow/example_dags/example_short_circuit_operator.py took 0.068 seconds
[2024-09-06T19:51:01.155-0500] {processor.py:186} INFO - Started process (PID=35892) to work on /Users/binhpham/Library/Python/3.9/lib/python/site-packages/airflow/example_dags/example_short_circuit_operator.py
[2024-09-06T19:51:01.157-0500] {processor.py:914} INFO - Processing file /Users/binhpham/Library/Python/3.9/lib/python/site-packages/airflow/example_dags/example_short_circuit_operator.py for tasks to queue
[2024-09-06T19:51:01.157-0500] {logging_mixin.py:190} INFO - [2024-09-06T19:51:01.157-0500] {dagbag.py:587} INFO - Filling up the DagBag from /Users/binhpham/Library/Python/3.9/lib/python/site-packages/airflow/example_dags/example_short_circuit_operator.py
[2024-09-06T19:51:01.169-0500] {processor.py:925} INFO - DAG(s) 'example_short_circuit_operator' retrieved from /Users/binhpham/Library/Python/3.9/lib/python/site-packages/airflow/example_dags/example_short_circuit_operator.py
[2024-09-06T19:51:01.215-0500] {logging_mixin.py:190} INFO - [2024-09-06T19:51:01.215-0500] {dag.py:3229} INFO - Sync 1 DAGs
[2024-09-06T19:51:01.220-0500] {logging_mixin.py:190} INFO - [2024-09-06T19:51:01.220-0500] {dag.py:4156} INFO - Setting next_dagrun for example_short_circuit_operator to None, run_after=None
[2024-09-06T19:51:01.227-0500] {processor.py:208} INFO - Processing /Users/binhpham/Library/Python/3.9/lib/python/site-packages/airflow/example_dags/example_short_circuit_operator.py took 0.074 seconds
[2024-09-06T19:52:21.487-0500] {processor.py:186} INFO - Started process (PID=36145) to work on /Users/binhpham/Library/Python/3.9/lib/python/site-packages/airflow/example_dags/example_short_circuit_operator.py
[2024-09-06T19:52:21.488-0500] {processor.py:914} INFO - Processing file /Users/binhpham/Library/Python/3.9/lib/python/site-packages/airflow/example_dags/example_short_circuit_operator.py for tasks to queue
[2024-09-06T19:52:21.489-0500] {logging_mixin.py:190} INFO - [2024-09-06T19:52:21.489-0500] {dagbag.py:587} INFO - Filling up the DagBag from /Users/binhpham/Library/Python/3.9/lib/python/site-packages/airflow/example_dags/example_short_circuit_operator.py
[2024-09-06T19:52:21.499-0500] {processor.py:925} INFO - DAG(s) 'example_short_circuit_operator' retrieved from /Users/binhpham/Library/Python/3.9/lib/python/site-packages/airflow/example_dags/example_short_circuit_operator.py
[2024-09-06T19:52:21.544-0500] {logging_mixin.py:190} INFO - [2024-09-06T19:52:21.544-0500] {dag.py:3229} INFO - Sync 1 DAGs
[2024-09-06T19:52:21.549-0500] {logging_mixin.py:190} INFO - [2024-09-06T19:52:21.549-0500] {dag.py:4156} INFO - Setting next_dagrun for example_short_circuit_operator to None, run_after=None
[2024-09-06T19:52:21.556-0500] {processor.py:208} INFO - Processing /Users/binhpham/Library/Python/3.9/lib/python/site-packages/airflow/example_dags/example_short_circuit_operator.py took 0.071 seconds
[2024-09-06T19:54:10.618-0500] {processor.py:186} INFO - Started process (PID=36536) to work on /Users/binhpham/Library/Python/3.9/lib/python/site-packages/airflow/example_dags/example_short_circuit_operator.py
[2024-09-06T19:54:10.620-0500] {processor.py:914} INFO - Processing file /Users/binhpham/Library/Python/3.9/lib/python/site-packages/airflow/example_dags/example_short_circuit_operator.py for tasks to queue
[2024-09-06T19:54:10.621-0500] {logging_mixin.py:190} INFO - [2024-09-06T19:54:10.621-0500] {dagbag.py:587} INFO - Filling up the DagBag from /Users/binhpham/Library/Python/3.9/lib/python/site-packages/airflow/example_dags/example_short_circuit_operator.py
[2024-09-06T19:54:10.633-0500] {processor.py:925} INFO - DAG(s) 'example_short_circuit_operator' retrieved from /Users/binhpham/Library/Python/3.9/lib/python/site-packages/airflow/example_dags/example_short_circuit_operator.py
[2024-09-06T19:54:10.678-0500] {logging_mixin.py:190} INFO - [2024-09-06T19:54:10.678-0500] {dag.py:3229} INFO - Sync 1 DAGs
[2024-09-06T19:54:10.683-0500] {logging_mixin.py:190} INFO - [2024-09-06T19:54:10.683-0500] {dag.py:4156} INFO - Setting next_dagrun for example_short_circuit_operator to None, run_after=None
[2024-09-06T19:54:10.692-0500] {processor.py:208} INFO - Processing /Users/binhpham/Library/Python/3.9/lib/python/site-packages/airflow/example_dags/example_short_circuit_operator.py took 0.076 seconds
[2024-09-06T19:56:01.432-0500] {processor.py:186} INFO - Started process (PID=36906) to work on /Users/binhpham/Library/Python/3.9/lib/python/site-packages/airflow/example_dags/example_short_circuit_operator.py
[2024-09-06T19:56:01.434-0500] {processor.py:914} INFO - Processing file /Users/binhpham/Library/Python/3.9/lib/python/site-packages/airflow/example_dags/example_short_circuit_operator.py for tasks to queue
[2024-09-06T19:56:01.435-0500] {logging_mixin.py:190} INFO - [2024-09-06T19:56:01.435-0500] {dagbag.py:587} INFO - Filling up the DagBag from /Users/binhpham/Library/Python/3.9/lib/python/site-packages/airflow/example_dags/example_short_circuit_operator.py
[2024-09-06T19:56:01.445-0500] {processor.py:925} INFO - DAG(s) 'example_short_circuit_operator' retrieved from /Users/binhpham/Library/Python/3.9/lib/python/site-packages/airflow/example_dags/example_short_circuit_operator.py
[2024-09-06T19:56:01.492-0500] {logging_mixin.py:190} INFO - [2024-09-06T19:56:01.491-0500] {dag.py:3229} INFO - Sync 1 DAGs
[2024-09-06T19:56:01.496-0500] {logging_mixin.py:190} INFO - [2024-09-06T19:56:01.496-0500] {dag.py:4156} INFO - Setting next_dagrun for example_short_circuit_operator to None, run_after=None
[2024-09-06T19:56:01.504-0500] {processor.py:208} INFO - Processing /Users/binhpham/Library/Python/3.9/lib/python/site-packages/airflow/example_dags/example_short_circuit_operator.py took 0.073 seconds
[2024-09-06T19:57:24.134-0500] {processor.py:186} INFO - Started process (PID=37156) to work on /Users/binhpham/Library/Python/3.9/lib/python/site-packages/airflow/example_dags/example_short_circuit_operator.py
[2024-09-06T19:57:24.135-0500] {processor.py:914} INFO - Processing file /Users/binhpham/Library/Python/3.9/lib/python/site-packages/airflow/example_dags/example_short_circuit_operator.py for tasks to queue
[2024-09-06T19:57:24.136-0500] {logging_mixin.py:190} INFO - [2024-09-06T19:57:24.136-0500] {dagbag.py:587} INFO - Filling up the DagBag from /Users/binhpham/Library/Python/3.9/lib/python/site-packages/airflow/example_dags/example_short_circuit_operator.py
[2024-09-06T19:57:24.148-0500] {processor.py:925} INFO - DAG(s) 'example_short_circuit_operator' retrieved from /Users/binhpham/Library/Python/3.9/lib/python/site-packages/airflow/example_dags/example_short_circuit_operator.py
[2024-09-06T19:57:24.194-0500] {logging_mixin.py:190} INFO - [2024-09-06T19:57:24.194-0500] {dag.py:3229} INFO - Sync 1 DAGs
[2024-09-06T19:57:24.199-0500] {logging_mixin.py:190} INFO - [2024-09-06T19:57:24.199-0500] {dag.py:4156} INFO - Setting next_dagrun for example_short_circuit_operator to None, run_after=None
[2024-09-06T19:57:24.208-0500] {processor.py:208} INFO - Processing /Users/binhpham/Library/Python/3.9/lib/python/site-packages/airflow/example_dags/example_short_circuit_operator.py took 0.076 seconds
[2024-09-06T19:58:46.048-0500] {processor.py:186} INFO - Started process (PID=37409) to work on /Users/binhpham/Library/Python/3.9/lib/python/site-packages/airflow/example_dags/example_short_circuit_operator.py
[2024-09-06T19:58:46.050-0500] {processor.py:914} INFO - Processing file /Users/binhpham/Library/Python/3.9/lib/python/site-packages/airflow/example_dags/example_short_circuit_operator.py for tasks to queue
[2024-09-06T19:58:46.050-0500] {logging_mixin.py:190} INFO - [2024-09-06T19:58:46.050-0500] {dagbag.py:587} INFO - Filling up the DagBag from /Users/binhpham/Library/Python/3.9/lib/python/site-packages/airflow/example_dags/example_short_circuit_operator.py
[2024-09-06T19:58:46.061-0500] {processor.py:925} INFO - DAG(s) 'example_short_circuit_operator' retrieved from /Users/binhpham/Library/Python/3.9/lib/python/site-packages/airflow/example_dags/example_short_circuit_operator.py
[2024-09-06T19:58:46.106-0500] {logging_mixin.py:190} INFO - [2024-09-06T19:58:46.106-0500] {dag.py:3229} INFO - Sync 1 DAGs
[2024-09-06T19:58:46.111-0500] {logging_mixin.py:190} INFO - [2024-09-06T19:58:46.111-0500] {dag.py:4156} INFO - Setting next_dagrun for example_short_circuit_operator to None, run_after=None
[2024-09-06T19:58:46.120-0500] {processor.py:208} INFO - Processing /Users/binhpham/Library/Python/3.9/lib/python/site-packages/airflow/example_dags/example_short_circuit_operator.py took 0.073 seconds
[2024-09-06T20:00:08.202-0500] {processor.py:186} INFO - Started process (PID=37665) to work on /Users/binhpham/Library/Python/3.9/lib/python/site-packages/airflow/example_dags/example_short_circuit_operator.py
[2024-09-06T20:00:08.205-0500] {processor.py:914} INFO - Processing file /Users/binhpham/Library/Python/3.9/lib/python/site-packages/airflow/example_dags/example_short_circuit_operator.py for tasks to queue
[2024-09-06T20:00:08.205-0500] {logging_mixin.py:190} INFO - [2024-09-06T20:00:08.205-0500] {dagbag.py:587} INFO - Filling up the DagBag from /Users/binhpham/Library/Python/3.9/lib/python/site-packages/airflow/example_dags/example_short_circuit_operator.py
[2024-09-06T20:00:08.217-0500] {processor.py:925} INFO - DAG(s) 'example_short_circuit_operator' retrieved from /Users/binhpham/Library/Python/3.9/lib/python/site-packages/airflow/example_dags/example_short_circuit_operator.py
[2024-09-06T20:00:08.261-0500] {logging_mixin.py:190} INFO - [2024-09-06T20:00:08.261-0500] {dag.py:3229} INFO - Sync 1 DAGs
[2024-09-06T20:00:08.266-0500] {logging_mixin.py:190} INFO - [2024-09-06T20:00:08.266-0500] {dag.py:4156} INFO - Setting next_dagrun for example_short_circuit_operator to None, run_after=None
[2024-09-06T20:00:08.274-0500] {processor.py:208} INFO - Processing /Users/binhpham/Library/Python/3.9/lib/python/site-packages/airflow/example_dags/example_short_circuit_operator.py took 0.073 seconds
[2024-09-06T20:01:28.893-0500] {processor.py:186} INFO - Started process (PID=37913) to work on /Users/binhpham/Library/Python/3.9/lib/python/site-packages/airflow/example_dags/example_short_circuit_operator.py
[2024-09-06T20:01:28.895-0500] {processor.py:914} INFO - Processing file /Users/binhpham/Library/Python/3.9/lib/python/site-packages/airflow/example_dags/example_short_circuit_operator.py for tasks to queue
[2024-09-06T20:01:28.895-0500] {logging_mixin.py:190} INFO - [2024-09-06T20:01:28.895-0500] {dagbag.py:587} INFO - Filling up the DagBag from /Users/binhpham/Library/Python/3.9/lib/python/site-packages/airflow/example_dags/example_short_circuit_operator.py
[2024-09-06T20:01:28.907-0500] {processor.py:925} INFO - DAG(s) 'example_short_circuit_operator' retrieved from /Users/binhpham/Library/Python/3.9/lib/python/site-packages/airflow/example_dags/example_short_circuit_operator.py
[2024-09-06T20:01:28.953-0500] {logging_mixin.py:190} INFO - [2024-09-06T20:01:28.953-0500] {dag.py:3229} INFO - Sync 1 DAGs
[2024-09-06T20:01:28.958-0500] {logging_mixin.py:190} INFO - [2024-09-06T20:01:28.958-0500] {dag.py:4156} INFO - Setting next_dagrun for example_short_circuit_operator to None, run_after=None
[2024-09-06T20:01:28.967-0500] {processor.py:208} INFO - Processing /Users/binhpham/Library/Python/3.9/lib/python/site-packages/airflow/example_dags/example_short_circuit_operator.py took 0.075 seconds
[2024-09-06T20:02:50.328-0500] {processor.py:186} INFO - Started process (PID=38167) to work on /Users/binhpham/Library/Python/3.9/lib/python/site-packages/airflow/example_dags/example_short_circuit_operator.py
[2024-09-06T20:02:50.331-0500] {processor.py:914} INFO - Processing file /Users/binhpham/Library/Python/3.9/lib/python/site-packages/airflow/example_dags/example_short_circuit_operator.py for tasks to queue
[2024-09-06T20:02:50.331-0500] {logging_mixin.py:190} INFO - [2024-09-06T20:02:50.331-0500] {dagbag.py:587} INFO - Filling up the DagBag from /Users/binhpham/Library/Python/3.9/lib/python/site-packages/airflow/example_dags/example_short_circuit_operator.py
[2024-09-06T20:02:50.342-0500] {processor.py:925} INFO - DAG(s) 'example_short_circuit_operator' retrieved from /Users/binhpham/Library/Python/3.9/lib/python/site-packages/airflow/example_dags/example_short_circuit_operator.py
[2024-09-06T20:02:50.389-0500] {logging_mixin.py:190} INFO - [2024-09-06T20:02:50.389-0500] {dag.py:3229} INFO - Sync 1 DAGs
[2024-09-06T20:02:50.393-0500] {logging_mixin.py:190} INFO - [2024-09-06T20:02:50.393-0500] {dag.py:4156} INFO - Setting next_dagrun for example_short_circuit_operator to None, run_after=None
[2024-09-06T20:02:50.402-0500] {processor.py:208} INFO - Processing /Users/binhpham/Library/Python/3.9/lib/python/site-packages/airflow/example_dags/example_short_circuit_operator.py took 0.075 seconds
[2024-09-06T20:04:09.892-0500] {processor.py:186} INFO - Started process (PID=38409) to work on /Users/binhpham/Library/Python/3.9/lib/python/site-packages/airflow/example_dags/example_short_circuit_operator.py
[2024-09-06T20:04:09.894-0500] {processor.py:914} INFO - Processing file /Users/binhpham/Library/Python/3.9/lib/python/site-packages/airflow/example_dags/example_short_circuit_operator.py for tasks to queue
[2024-09-06T20:04:09.894-0500] {logging_mixin.py:190} INFO - [2024-09-06T20:04:09.894-0500] {dagbag.py:587} INFO - Filling up the DagBag from /Users/binhpham/Library/Python/3.9/lib/python/site-packages/airflow/example_dags/example_short_circuit_operator.py
[2024-09-06T20:04:09.905-0500] {processor.py:925} INFO - DAG(s) 'example_short_circuit_operator' retrieved from /Users/binhpham/Library/Python/3.9/lib/python/site-packages/airflow/example_dags/example_short_circuit_operator.py
[2024-09-06T20:04:09.951-0500] {logging_mixin.py:190} INFO - [2024-09-06T20:04:09.951-0500] {dag.py:3229} INFO - Sync 1 DAGs
[2024-09-06T20:04:09.957-0500] {logging_mixin.py:190} INFO - [2024-09-06T20:04:09.957-0500] {dag.py:4156} INFO - Setting next_dagrun for example_short_circuit_operator to None, run_after=None
[2024-09-06T20:04:09.967-0500] {processor.py:208} INFO - Processing /Users/binhpham/Library/Python/3.9/lib/python/site-packages/airflow/example_dags/example_short_circuit_operator.py took 0.076 seconds
[2024-09-06T20:05:27.777-0500] {processor.py:186} INFO - Started process (PID=38645) to work on /Users/binhpham/Library/Python/3.9/lib/python/site-packages/airflow/example_dags/example_short_circuit_operator.py
[2024-09-06T20:05:27.779-0500] {processor.py:914} INFO - Processing file /Users/binhpham/Library/Python/3.9/lib/python/site-packages/airflow/example_dags/example_short_circuit_operator.py for tasks to queue
[2024-09-06T20:05:27.780-0500] {logging_mixin.py:190} INFO - [2024-09-06T20:05:27.780-0500] {dagbag.py:587} INFO - Filling up the DagBag from /Users/binhpham/Library/Python/3.9/lib/python/site-packages/airflow/example_dags/example_short_circuit_operator.py
[2024-09-06T20:05:27.791-0500] {processor.py:925} INFO - DAG(s) 'example_short_circuit_operator' retrieved from /Users/binhpham/Library/Python/3.9/lib/python/site-packages/airflow/example_dags/example_short_circuit_operator.py
[2024-09-06T20:05:27.835-0500] {logging_mixin.py:190} INFO - [2024-09-06T20:05:27.834-0500] {dag.py:3229} INFO - Sync 1 DAGs
[2024-09-06T20:05:27.839-0500] {logging_mixin.py:190} INFO - [2024-09-06T20:05:27.839-0500] {dag.py:4156} INFO - Setting next_dagrun for example_short_circuit_operator to None, run_after=None
[2024-09-06T20:05:27.846-0500] {processor.py:208} INFO - Processing /Users/binhpham/Library/Python/3.9/lib/python/site-packages/airflow/example_dags/example_short_circuit_operator.py took 0.071 seconds
[2024-09-06T20:06:49.445-0500] {processor.py:186} INFO - Started process (PID=38899) to work on /Users/binhpham/Library/Python/3.9/lib/python/site-packages/airflow/example_dags/example_short_circuit_operator.py
[2024-09-06T20:06:49.446-0500] {processor.py:914} INFO - Processing file /Users/binhpham/Library/Python/3.9/lib/python/site-packages/airflow/example_dags/example_short_circuit_operator.py for tasks to queue
[2024-09-06T20:06:49.447-0500] {logging_mixin.py:190} INFO - [2024-09-06T20:06:49.447-0500] {dagbag.py:587} INFO - Filling up the DagBag from /Users/binhpham/Library/Python/3.9/lib/python/site-packages/airflow/example_dags/example_short_circuit_operator.py
[2024-09-06T20:06:49.458-0500] {processor.py:925} INFO - DAG(s) 'example_short_circuit_operator' retrieved from /Users/binhpham/Library/Python/3.9/lib/python/site-packages/airflow/example_dags/example_short_circuit_operator.py
[2024-09-06T20:06:49.504-0500] {logging_mixin.py:190} INFO - [2024-09-06T20:06:49.503-0500] {dag.py:3229} INFO - Sync 1 DAGs
[2024-09-06T20:06:49.509-0500] {logging_mixin.py:190} INFO - [2024-09-06T20:06:49.509-0500] {dag.py:4156} INFO - Setting next_dagrun for example_short_circuit_operator to None, run_after=None
[2024-09-06T20:06:49.517-0500] {processor.py:208} INFO - Processing /Users/binhpham/Library/Python/3.9/lib/python/site-packages/airflow/example_dags/example_short_circuit_operator.py took 0.073 seconds
[2024-09-06T20:08:09.973-0500] {processor.py:186} INFO - Started process (PID=39138) to work on /Users/binhpham/Library/Python/3.9/lib/python/site-packages/airflow/example_dags/example_short_circuit_operator.py
[2024-09-06T20:08:09.975-0500] {processor.py:914} INFO - Processing file /Users/binhpham/Library/Python/3.9/lib/python/site-packages/airflow/example_dags/example_short_circuit_operator.py for tasks to queue
[2024-09-06T20:08:09.976-0500] {logging_mixin.py:190} INFO - [2024-09-06T20:08:09.976-0500] {dagbag.py:587} INFO - Filling up the DagBag from /Users/binhpham/Library/Python/3.9/lib/python/site-packages/airflow/example_dags/example_short_circuit_operator.py
[2024-09-06T20:08:09.987-0500] {processor.py:925} INFO - DAG(s) 'example_short_circuit_operator' retrieved from /Users/binhpham/Library/Python/3.9/lib/python/site-packages/airflow/example_dags/example_short_circuit_operator.py
[2024-09-06T20:08:10.034-0500] {logging_mixin.py:190} INFO - [2024-09-06T20:08:10.034-0500] {dag.py:3229} INFO - Sync 1 DAGs
[2024-09-06T20:08:10.039-0500] {logging_mixin.py:190} INFO - [2024-09-06T20:08:10.039-0500] {dag.py:4156} INFO - Setting next_dagrun for example_short_circuit_operator to None, run_after=None
[2024-09-06T20:08:10.047-0500] {processor.py:208} INFO - Processing /Users/binhpham/Library/Python/3.9/lib/python/site-packages/airflow/example_dags/example_short_circuit_operator.py took 0.075 seconds
[2024-09-06T20:09:31.518-0500] {processor.py:186} INFO - Started process (PID=39398) to work on /Users/binhpham/Library/Python/3.9/lib/python/site-packages/airflow/example_dags/example_short_circuit_operator.py
[2024-09-06T20:09:31.520-0500] {processor.py:914} INFO - Processing file /Users/binhpham/Library/Python/3.9/lib/python/site-packages/airflow/example_dags/example_short_circuit_operator.py for tasks to queue
[2024-09-06T20:09:31.521-0500] {logging_mixin.py:190} INFO - [2024-09-06T20:09:31.520-0500] {dagbag.py:587} INFO - Filling up the DagBag from /Users/binhpham/Library/Python/3.9/lib/python/site-packages/airflow/example_dags/example_short_circuit_operator.py
[2024-09-06T20:09:31.533-0500] {processor.py:925} INFO - DAG(s) 'example_short_circuit_operator' retrieved from /Users/binhpham/Library/Python/3.9/lib/python/site-packages/airflow/example_dags/example_short_circuit_operator.py
[2024-09-06T20:09:31.580-0500] {logging_mixin.py:190} INFO - [2024-09-06T20:09:31.580-0500] {dag.py:3229} INFO - Sync 1 DAGs
[2024-09-06T20:09:31.585-0500] {logging_mixin.py:190} INFO - [2024-09-06T20:09:31.585-0500] {dag.py:4156} INFO - Setting next_dagrun for example_short_circuit_operator to None, run_after=None
[2024-09-06T20:09:31.593-0500] {processor.py:208} INFO - Processing /Users/binhpham/Library/Python/3.9/lib/python/site-packages/airflow/example_dags/example_short_circuit_operator.py took 0.077 seconds
[2024-09-06T20:10:56.231-0500] {processor.py:186} INFO - Started process (PID=39681) to work on /Users/binhpham/Library/Python/3.9/lib/python/site-packages/airflow/example_dags/example_short_circuit_operator.py
[2024-09-06T20:10:56.234-0500] {processor.py:914} INFO - Processing file /Users/binhpham/Library/Python/3.9/lib/python/site-packages/airflow/example_dags/example_short_circuit_operator.py for tasks to queue
[2024-09-06T20:10:56.234-0500] {logging_mixin.py:190} INFO - [2024-09-06T20:10:56.234-0500] {dagbag.py:587} INFO - Filling up the DagBag from /Users/binhpham/Library/Python/3.9/lib/python/site-packages/airflow/example_dags/example_short_circuit_operator.py
[2024-09-06T20:10:56.246-0500] {processor.py:925} INFO - DAG(s) 'example_short_circuit_operator' retrieved from /Users/binhpham/Library/Python/3.9/lib/python/site-packages/airflow/example_dags/example_short_circuit_operator.py
[2024-09-06T20:10:56.290-0500] {logging_mixin.py:190} INFO - [2024-09-06T20:10:56.290-0500] {dag.py:3229} INFO - Sync 1 DAGs
[2024-09-06T20:10:56.295-0500] {logging_mixin.py:190} INFO - [2024-09-06T20:10:56.294-0500] {dag.py:4156} INFO - Setting next_dagrun for example_short_circuit_operator to None, run_after=None
[2024-09-06T20:10:56.302-0500] {processor.py:208} INFO - Processing /Users/binhpham/Library/Python/3.9/lib/python/site-packages/airflow/example_dags/example_short_circuit_operator.py took 0.072 seconds
[2024-09-06T20:12:17.581-0500] {processor.py:186} INFO - Started process (PID=39945) to work on /Users/binhpham/Library/Python/3.9/lib/python/site-packages/airflow/example_dags/example_short_circuit_operator.py
[2024-09-06T20:12:17.583-0500] {processor.py:914} INFO - Processing file /Users/binhpham/Library/Python/3.9/lib/python/site-packages/airflow/example_dags/example_short_circuit_operator.py for tasks to queue
[2024-09-06T20:12:17.584-0500] {logging_mixin.py:190} INFO - [2024-09-06T20:12:17.583-0500] {dagbag.py:587} INFO - Filling up the DagBag from /Users/binhpham/Library/Python/3.9/lib/python/site-packages/airflow/example_dags/example_short_circuit_operator.py
[2024-09-06T20:12:17.595-0500] {processor.py:925} INFO - DAG(s) 'example_short_circuit_operator' retrieved from /Users/binhpham/Library/Python/3.9/lib/python/site-packages/airflow/example_dags/example_short_circuit_operator.py
[2024-09-06T20:12:17.642-0500] {logging_mixin.py:190} INFO - [2024-09-06T20:12:17.642-0500] {dag.py:3229} INFO - Sync 1 DAGs
[2024-09-06T20:12:17.648-0500] {logging_mixin.py:190} INFO - [2024-09-06T20:12:17.647-0500] {dag.py:4156} INFO - Setting next_dagrun for example_short_circuit_operator to None, run_after=None
[2024-09-06T20:12:17.656-0500] {processor.py:208} INFO - Processing /Users/binhpham/Library/Python/3.9/lib/python/site-packages/airflow/example_dags/example_short_circuit_operator.py took 0.077 seconds
[2024-09-06T20:13:38.866-0500] {processor.py:186} INFO - Started process (PID=40233) to work on /Users/binhpham/Library/Python/3.9/lib/python/site-packages/airflow/example_dags/example_short_circuit_operator.py
[2024-09-06T20:13:38.869-0500] {processor.py:914} INFO - Processing file /Users/binhpham/Library/Python/3.9/lib/python/site-packages/airflow/example_dags/example_short_circuit_operator.py for tasks to queue
[2024-09-06T20:13:38.869-0500] {logging_mixin.py:190} INFO - [2024-09-06T20:13:38.869-0500] {dagbag.py:587} INFO - Filling up the DagBag from /Users/binhpham/Library/Python/3.9/lib/python/site-packages/airflow/example_dags/example_short_circuit_operator.py
[2024-09-06T20:13:38.881-0500] {processor.py:925} INFO - DAG(s) 'example_short_circuit_operator' retrieved from /Users/binhpham/Library/Python/3.9/lib/python/site-packages/airflow/example_dags/example_short_circuit_operator.py
[2024-09-06T20:13:38.926-0500] {logging_mixin.py:190} INFO - [2024-09-06T20:13:38.926-0500] {dag.py:3229} INFO - Sync 1 DAGs
[2024-09-06T20:13:38.931-0500] {logging_mixin.py:190} INFO - [2024-09-06T20:13:38.931-0500] {dag.py:4156} INFO - Setting next_dagrun for example_short_circuit_operator to None, run_after=None
[2024-09-06T20:13:38.938-0500] {processor.py:208} INFO - Processing /Users/binhpham/Library/Python/3.9/lib/python/site-packages/airflow/example_dags/example_short_circuit_operator.py took 0.073 seconds
[2024-09-06T20:15:33.774-0500] {processor.py:186} INFO - Started process (PID=40635) to work on /Users/binhpham/Library/Python/3.9/lib/python/site-packages/airflow/example_dags/example_short_circuit_operator.py
[2024-09-06T20:15:33.777-0500] {processor.py:914} INFO - Processing file /Users/binhpham/Library/Python/3.9/lib/python/site-packages/airflow/example_dags/example_short_circuit_operator.py for tasks to queue
[2024-09-06T20:15:33.777-0500] {logging_mixin.py:190} INFO - [2024-09-06T20:15:33.777-0500] {dagbag.py:587} INFO - Filling up the DagBag from /Users/binhpham/Library/Python/3.9/lib/python/site-packages/airflow/example_dags/example_short_circuit_operator.py
[2024-09-06T20:15:33.788-0500] {processor.py:925} INFO - DAG(s) 'example_short_circuit_operator' retrieved from /Users/binhpham/Library/Python/3.9/lib/python/site-packages/airflow/example_dags/example_short_circuit_operator.py
[2024-09-06T20:15:33.835-0500] {logging_mixin.py:190} INFO - [2024-09-06T20:15:33.834-0500] {dag.py:3229} INFO - Sync 1 DAGs
[2024-09-06T20:15:33.840-0500] {logging_mixin.py:190} INFO - [2024-09-06T20:15:33.840-0500] {dag.py:4156} INFO - Setting next_dagrun for example_short_circuit_operator to None, run_after=None
[2024-09-06T20:15:33.847-0500] {processor.py:208} INFO - Processing /Users/binhpham/Library/Python/3.9/lib/python/site-packages/airflow/example_dags/example_short_circuit_operator.py took 0.074 seconds
[2024-09-06T20:22:24.218-0500] {processor.py:186} INFO - Started process (PID=42843) to work on /Users/binhpham/Library/Python/3.9/lib/python/site-packages/airflow/example_dags/example_short_circuit_operator.py
[2024-09-06T20:22:24.221-0500] {processor.py:914} INFO - Processing file /Users/binhpham/Library/Python/3.9/lib/python/site-packages/airflow/example_dags/example_short_circuit_operator.py for tasks to queue
[2024-09-06T20:22:24.221-0500] {logging_mixin.py:190} INFO - [2024-09-06T20:22:24.221-0500] {dagbag.py:587} INFO - Filling up the DagBag from /Users/binhpham/Library/Python/3.9/lib/python/site-packages/airflow/example_dags/example_short_circuit_operator.py
[2024-09-06T20:22:24.234-0500] {processor.py:925} INFO - DAG(s) 'example_short_circuit_operator' retrieved from /Users/binhpham/Library/Python/3.9/lib/python/site-packages/airflow/example_dags/example_short_circuit_operator.py
[2024-09-06T20:22:24.283-0500] {logging_mixin.py:190} INFO - [2024-09-06T20:22:24.282-0500] {dag.py:3229} INFO - Sync 1 DAGs
[2024-09-06T20:22:24.288-0500] {logging_mixin.py:190} INFO - [2024-09-06T20:22:24.288-0500] {dag.py:4156} INFO - Setting next_dagrun for example_short_circuit_operator to None, run_after=None
[2024-09-06T20:22:24.297-0500] {processor.py:208} INFO - Processing /Users/binhpham/Library/Python/3.9/lib/python/site-packages/airflow/example_dags/example_short_circuit_operator.py took 0.080 seconds
[2024-09-06T20:24:16.292-0500] {processor.py:186} INFO - Started process (PID=43197) to work on /Users/binhpham/Library/Python/3.9/lib/python/site-packages/airflow/example_dags/example_short_circuit_operator.py
[2024-09-06T20:24:16.294-0500] {processor.py:914} INFO - Processing file /Users/binhpham/Library/Python/3.9/lib/python/site-packages/airflow/example_dags/example_short_circuit_operator.py for tasks to queue
[2024-09-06T20:24:16.294-0500] {logging_mixin.py:190} INFO - [2024-09-06T20:24:16.294-0500] {dagbag.py:587} INFO - Filling up the DagBag from /Users/binhpham/Library/Python/3.9/lib/python/site-packages/airflow/example_dags/example_short_circuit_operator.py
[2024-09-06T20:24:16.306-0500] {processor.py:925} INFO - DAG(s) 'example_short_circuit_operator' retrieved from /Users/binhpham/Library/Python/3.9/lib/python/site-packages/airflow/example_dags/example_short_circuit_operator.py
[2024-09-06T20:24:16.353-0500] {logging_mixin.py:190} INFO - [2024-09-06T20:24:16.353-0500] {dag.py:3229} INFO - Sync 1 DAGs
[2024-09-06T20:24:16.358-0500] {logging_mixin.py:190} INFO - [2024-09-06T20:24:16.358-0500] {dag.py:4156} INFO - Setting next_dagrun for example_short_circuit_operator to None, run_after=None
[2024-09-06T20:24:16.367-0500] {processor.py:208} INFO - Processing /Users/binhpham/Library/Python/3.9/lib/python/site-packages/airflow/example_dags/example_short_circuit_operator.py took 0.076 seconds
[2024-09-06T20:25:38.844-0500] {processor.py:186} INFO - Started process (PID=43453) to work on /Users/binhpham/Library/Python/3.9/lib/python/site-packages/airflow/example_dags/example_short_circuit_operator.py
[2024-09-06T20:25:38.845-0500] {processor.py:914} INFO - Processing file /Users/binhpham/Library/Python/3.9/lib/python/site-packages/airflow/example_dags/example_short_circuit_operator.py for tasks to queue
[2024-09-06T20:25:38.846-0500] {logging_mixin.py:190} INFO - [2024-09-06T20:25:38.846-0500] {dagbag.py:587} INFO - Filling up the DagBag from /Users/binhpham/Library/Python/3.9/lib/python/site-packages/airflow/example_dags/example_short_circuit_operator.py
[2024-09-06T20:25:38.858-0500] {processor.py:925} INFO - DAG(s) 'example_short_circuit_operator' retrieved from /Users/binhpham/Library/Python/3.9/lib/python/site-packages/airflow/example_dags/example_short_circuit_operator.py
[2024-09-06T20:25:38.916-0500] {logging_mixin.py:190} INFO - [2024-09-06T20:25:38.915-0500] {dag.py:3229} INFO - Sync 1 DAGs
[2024-09-06T20:25:38.940-0500] {logging_mixin.py:190} INFO - [2024-09-06T20:25:38.940-0500] {dag.py:4156} INFO - Setting next_dagrun for example_short_circuit_operator to None, run_after=None
[2024-09-06T20:25:38.951-0500] {processor.py:208} INFO - Processing /Users/binhpham/Library/Python/3.9/lib/python/site-packages/airflow/example_dags/example_short_circuit_operator.py took 0.109 seconds
[2024-09-06T20:27:30.854-0500] {processor.py:186} INFO - Started process (PID=43857) to work on /Users/binhpham/Library/Python/3.9/lib/python/site-packages/airflow/example_dags/example_short_circuit_operator.py
[2024-09-06T20:27:30.856-0500] {processor.py:914} INFO - Processing file /Users/binhpham/Library/Python/3.9/lib/python/site-packages/airflow/example_dags/example_short_circuit_operator.py for tasks to queue
[2024-09-06T20:27:30.857-0500] {logging_mixin.py:190} INFO - [2024-09-06T20:27:30.857-0500] {dagbag.py:587} INFO - Filling up the DagBag from /Users/binhpham/Library/Python/3.9/lib/python/site-packages/airflow/example_dags/example_short_circuit_operator.py
[2024-09-06T20:27:30.869-0500] {processor.py:925} INFO - DAG(s) 'example_short_circuit_operator' retrieved from /Users/binhpham/Library/Python/3.9/lib/python/site-packages/airflow/example_dags/example_short_circuit_operator.py
[2024-09-06T20:27:30.916-0500] {logging_mixin.py:190} INFO - [2024-09-06T20:27:30.916-0500] {dag.py:3229} INFO - Sync 1 DAGs
[2024-09-06T20:27:30.921-0500] {logging_mixin.py:190} INFO - [2024-09-06T20:27:30.921-0500] {dag.py:4156} INFO - Setting next_dagrun for example_short_circuit_operator to None, run_after=None
[2024-09-06T20:27:30.929-0500] {processor.py:208} INFO - Processing /Users/binhpham/Library/Python/3.9/lib/python/site-packages/airflow/example_dags/example_short_circuit_operator.py took 0.076 seconds
[2024-09-06T20:29:23.362-0500] {processor.py:186} INFO - Started process (PID=44237) to work on /Users/binhpham/Library/Python/3.9/lib/python/site-packages/airflow/example_dags/example_short_circuit_operator.py
[2024-09-06T20:29:23.364-0500] {processor.py:914} INFO - Processing file /Users/binhpham/Library/Python/3.9/lib/python/site-packages/airflow/example_dags/example_short_circuit_operator.py for tasks to queue
[2024-09-06T20:29:23.365-0500] {logging_mixin.py:190} INFO - [2024-09-06T20:29:23.365-0500] {dagbag.py:587} INFO - Filling up the DagBag from /Users/binhpham/Library/Python/3.9/lib/python/site-packages/airflow/example_dags/example_short_circuit_operator.py
[2024-09-06T20:29:23.376-0500] {processor.py:925} INFO - DAG(s) 'example_short_circuit_operator' retrieved from /Users/binhpham/Library/Python/3.9/lib/python/site-packages/airflow/example_dags/example_short_circuit_operator.py
[2024-09-06T20:29:23.422-0500] {logging_mixin.py:190} INFO - [2024-09-06T20:29:23.422-0500] {dag.py:3229} INFO - Sync 1 DAGs
[2024-09-06T20:29:23.427-0500] {logging_mixin.py:190} INFO - [2024-09-06T20:29:23.427-0500] {dag.py:4156} INFO - Setting next_dagrun for example_short_circuit_operator to None, run_after=None
[2024-09-06T20:29:23.434-0500] {processor.py:208} INFO - Processing /Users/binhpham/Library/Python/3.9/lib/python/site-packages/airflow/example_dags/example_short_circuit_operator.py took 0.074 seconds
[2024-09-06T20:30:43.887-0500] {processor.py:186} INFO - Started process (PID=44494) to work on /Users/binhpham/Library/Python/3.9/lib/python/site-packages/airflow/example_dags/example_short_circuit_operator.py
[2024-09-06T20:30:43.890-0500] {processor.py:914} INFO - Processing file /Users/binhpham/Library/Python/3.9/lib/python/site-packages/airflow/example_dags/example_short_circuit_operator.py for tasks to queue
[2024-09-06T20:30:43.890-0500] {logging_mixin.py:190} INFO - [2024-09-06T20:30:43.890-0500] {dagbag.py:587} INFO - Filling up the DagBag from /Users/binhpham/Library/Python/3.9/lib/python/site-packages/airflow/example_dags/example_short_circuit_operator.py
[2024-09-06T20:30:43.900-0500] {processor.py:925} INFO - DAG(s) 'example_short_circuit_operator' retrieved from /Users/binhpham/Library/Python/3.9/lib/python/site-packages/airflow/example_dags/example_short_circuit_operator.py
[2024-09-06T20:30:43.944-0500] {logging_mixin.py:190} INFO - [2024-09-06T20:30:43.943-0500] {dag.py:3229} INFO - Sync 1 DAGs
[2024-09-06T20:30:43.948-0500] {logging_mixin.py:190} INFO - [2024-09-06T20:30:43.948-0500] {dag.py:4156} INFO - Setting next_dagrun for example_short_circuit_operator to None, run_after=None
[2024-09-06T20:30:43.955-0500] {processor.py:208} INFO - Processing /Users/binhpham/Library/Python/3.9/lib/python/site-packages/airflow/example_dags/example_short_circuit_operator.py took 0.069 seconds
[2024-09-06T20:32:04.979-0500] {processor.py:186} INFO - Started process (PID=44750) to work on /Users/binhpham/Library/Python/3.9/lib/python/site-packages/airflow/example_dags/example_short_circuit_operator.py
[2024-09-06T20:32:04.982-0500] {processor.py:914} INFO - Processing file /Users/binhpham/Library/Python/3.9/lib/python/site-packages/airflow/example_dags/example_short_circuit_operator.py for tasks to queue
[2024-09-06T20:32:04.982-0500] {logging_mixin.py:190} INFO - [2024-09-06T20:32:04.982-0500] {dagbag.py:587} INFO - Filling up the DagBag from /Users/binhpham/Library/Python/3.9/lib/python/site-packages/airflow/example_dags/example_short_circuit_operator.py
[2024-09-06T20:32:04.994-0500] {processor.py:925} INFO - DAG(s) 'example_short_circuit_operator' retrieved from /Users/binhpham/Library/Python/3.9/lib/python/site-packages/airflow/example_dags/example_short_circuit_operator.py
[2024-09-06T20:32:05.040-0500] {logging_mixin.py:190} INFO - [2024-09-06T20:32:05.040-0500] {dag.py:3229} INFO - Sync 1 DAGs
[2024-09-06T20:32:05.045-0500] {logging_mixin.py:190} INFO - [2024-09-06T20:32:05.045-0500] {dag.py:4156} INFO - Setting next_dagrun for example_short_circuit_operator to None, run_after=None
[2024-09-06T20:32:05.054-0500] {processor.py:208} INFO - Processing /Users/binhpham/Library/Python/3.9/lib/python/site-packages/airflow/example_dags/example_short_circuit_operator.py took 0.076 seconds
[2024-09-06T20:34:02.395-0500] {processor.py:186} INFO - Started process (PID=45150) to work on /Users/binhpham/Library/Python/3.9/lib/python/site-packages/airflow/example_dags/example_short_circuit_operator.py
[2024-09-06T20:34:02.398-0500] {processor.py:914} INFO - Processing file /Users/binhpham/Library/Python/3.9/lib/python/site-packages/airflow/example_dags/example_short_circuit_operator.py for tasks to queue
[2024-09-06T20:34:02.399-0500] {logging_mixin.py:190} INFO - [2024-09-06T20:34:02.399-0500] {dagbag.py:587} INFO - Filling up the DagBag from /Users/binhpham/Library/Python/3.9/lib/python/site-packages/airflow/example_dags/example_short_circuit_operator.py
[2024-09-06T20:34:02.411-0500] {processor.py:925} INFO - DAG(s) 'example_short_circuit_operator' retrieved from /Users/binhpham/Library/Python/3.9/lib/python/site-packages/airflow/example_dags/example_short_circuit_operator.py
[2024-09-06T20:34:02.457-0500] {logging_mixin.py:190} INFO - [2024-09-06T20:34:02.457-0500] {dag.py:3229} INFO - Sync 1 DAGs
[2024-09-06T20:34:02.462-0500] {logging_mixin.py:190} INFO - [2024-09-06T20:34:02.462-0500] {dag.py:4156} INFO - Setting next_dagrun for example_short_circuit_operator to None, run_after=None
[2024-09-06T20:34:02.470-0500] {processor.py:208} INFO - Processing /Users/binhpham/Library/Python/3.9/lib/python/site-packages/airflow/example_dags/example_short_circuit_operator.py took 0.076 seconds
[2024-09-06T20:35:54.784-0500] {processor.py:186} INFO - Started process (PID=45517) to work on /Users/binhpham/Library/Python/3.9/lib/python/site-packages/airflow/example_dags/example_short_circuit_operator.py
[2024-09-06T20:35:54.786-0500] {processor.py:914} INFO - Processing file /Users/binhpham/Library/Python/3.9/lib/python/site-packages/airflow/example_dags/example_short_circuit_operator.py for tasks to queue
[2024-09-06T20:35:54.787-0500] {logging_mixin.py:190} INFO - [2024-09-06T20:35:54.787-0500] {dagbag.py:587} INFO - Filling up the DagBag from /Users/binhpham/Library/Python/3.9/lib/python/site-packages/airflow/example_dags/example_short_circuit_operator.py
[2024-09-06T20:35:54.798-0500] {processor.py:925} INFO - DAG(s) 'example_short_circuit_operator' retrieved from /Users/binhpham/Library/Python/3.9/lib/python/site-packages/airflow/example_dags/example_short_circuit_operator.py
[2024-09-06T20:35:54.842-0500] {logging_mixin.py:190} INFO - [2024-09-06T20:35:54.842-0500] {dag.py:3229} INFO - Sync 1 DAGs
[2024-09-06T20:35:54.847-0500] {logging_mixin.py:190} INFO - [2024-09-06T20:35:54.847-0500] {dag.py:4156} INFO - Setting next_dagrun for example_short_circuit_operator to None, run_after=None
[2024-09-06T20:35:54.854-0500] {processor.py:208} INFO - Processing /Users/binhpham/Library/Python/3.9/lib/python/site-packages/airflow/example_dags/example_short_circuit_operator.py took 0.072 seconds
[2024-09-06T20:37:16.553-0500] {processor.py:186} INFO - Started process (PID=45770) to work on /Users/binhpham/Library/Python/3.9/lib/python/site-packages/airflow/example_dags/example_short_circuit_operator.py
[2024-09-06T20:37:16.556-0500] {processor.py:914} INFO - Processing file /Users/binhpham/Library/Python/3.9/lib/python/site-packages/airflow/example_dags/example_short_circuit_operator.py for tasks to queue
[2024-09-06T20:37:16.556-0500] {logging_mixin.py:190} INFO - [2024-09-06T20:37:16.556-0500] {dagbag.py:587} INFO - Filling up the DagBag from /Users/binhpham/Library/Python/3.9/lib/python/site-packages/airflow/example_dags/example_short_circuit_operator.py
[2024-09-06T20:37:16.567-0500] {processor.py:925} INFO - DAG(s) 'example_short_circuit_operator' retrieved from /Users/binhpham/Library/Python/3.9/lib/python/site-packages/airflow/example_dags/example_short_circuit_operator.py
[2024-09-06T20:37:16.610-0500] {logging_mixin.py:190} INFO - [2024-09-06T20:37:16.609-0500] {dag.py:3229} INFO - Sync 1 DAGs
[2024-09-06T20:37:16.615-0500] {logging_mixin.py:190} INFO - [2024-09-06T20:37:16.614-0500] {dag.py:4156} INFO - Setting next_dagrun for example_short_circuit_operator to None, run_after=None
[2024-09-06T20:37:16.622-0500] {processor.py:208} INFO - Processing /Users/binhpham/Library/Python/3.9/lib/python/site-packages/airflow/example_dags/example_short_circuit_operator.py took 0.070 seconds
