[2024-09-06T19:44:16.818-0500] {processor.py:186} INFO - Started process (PID=34393) to work on /Users/binhpham/Library/Python/3.9/lib/python/site-packages/airflow/example_dags/example_skip_dag.py
[2024-09-06T19:44:16.820-0500] {processor.py:914} INFO - Processing file /Users/binhpham/Library/Python/3.9/lib/python/site-packages/airflow/example_dags/example_skip_dag.py for tasks to queue
[2024-09-06T19:44:16.820-0500] {logging_mixin.py:190} INFO - [2024-09-06T19:44:16.820-0500] {dagbag.py:587} INFO - Filling up the DagBag from /Users/binhpham/Library/Python/3.9/lib/python/site-packages/airflow/example_dags/example_skip_dag.py
[2024-09-06T19:44:16.824-0500] {processor.py:925} INFO - DAG(s) 'example_skip_dag' retrieved from /Users/binhpham/Library/Python/3.9/lib/python/site-packages/airflow/example_dags/example_skip_dag.py
[2024-09-06T19:44:16.901-0500] {logging_mixin.py:190} INFO - [2024-09-06T19:44:16.901-0500] {override.py:1900} INFO - Created Permission View: can edit on DAG:example_skip_dag
[2024-09-06T19:44:16.905-0500] {logging_mixin.py:190} INFO - [2024-09-06T19:44:16.905-0500] {override.py:1900} INFO - Created Permission View: can delete on DAG:example_skip_dag
[2024-09-06T19:44:16.907-0500] {logging_mixin.py:190} INFO - [2024-09-06T19:44:16.907-0500] {override.py:1900} INFO - Created Permission View: can read on DAG:example_skip_dag
[2024-09-06T19:44:16.910-0500] {logging_mixin.py:190} INFO - [2024-09-06T19:44:16.910-0500] {override.py:1900} INFO - Created Permission View: menu access on DAG Run:example_skip_dag
[2024-09-06T19:44:16.912-0500] {logging_mixin.py:190} INFO - [2024-09-06T19:44:16.912-0500] {override.py:1900} INFO - Created Permission View: can create on DAG Run:example_skip_dag
[2024-09-06T19:44:16.914-0500] {logging_mixin.py:190} INFO - [2024-09-06T19:44:16.914-0500] {override.py:1900} INFO - Created Permission View: can delete on DAG Run:example_skip_dag
[2024-09-06T19:44:16.917-0500] {logging_mixin.py:190} INFO - [2024-09-06T19:44:16.916-0500] {override.py:1900} INFO - Created Permission View: can read on DAG Run:example_skip_dag
[2024-09-06T19:44:16.917-0500] {logging_mixin.py:190} INFO - [2024-09-06T19:44:16.917-0500] {dag.py:3229} INFO - Sync 1 DAGs
[2024-09-06T19:44:16.921-0500] {logging_mixin.py:190} INFO - [2024-09-06T19:44:16.921-0500] {dag.py:3252} INFO - Creating ORM DAG for example_skip_dag
[2024-09-06T19:44:16.927-0500] {logging_mixin.py:190} INFO - [2024-09-06T19:44:16.927-0500] {dag.py:4156} INFO - Setting next_dagrun for example_skip_dag to 2024-09-06 00:00:00+00:00, run_after=2024-09-07 00:00:00+00:00
[2024-09-06T19:44:16.934-0500] {processor.py:208} INFO - Processing /Users/binhpham/Library/Python/3.9/lib/python/site-packages/airflow/example_dags/example_skip_dag.py took 0.117 seconds
[2024-09-06T19:45:24.714-0500] {processor.py:186} INFO - Started process (PID=34687) to work on /Users/binhpham/Library/Python/3.9/lib/python/site-packages/airflow/example_dags/example_skip_dag.py
[2024-09-06T19:45:24.717-0500] {processor.py:914} INFO - Processing file /Users/binhpham/Library/Python/3.9/lib/python/site-packages/airflow/example_dags/example_skip_dag.py for tasks to queue
[2024-09-06T19:45:24.717-0500] {logging_mixin.py:190} INFO - [2024-09-06T19:45:24.717-0500] {dagbag.py:587} INFO - Filling up the DagBag from /Users/binhpham/Library/Python/3.9/lib/python/site-packages/airflow/example_dags/example_skip_dag.py
[2024-09-06T19:45:24.720-0500] {processor.py:925} INFO - DAG(s) 'example_skip_dag' retrieved from /Users/binhpham/Library/Python/3.9/lib/python/site-packages/airflow/example_dags/example_skip_dag.py
[2024-09-06T19:45:24.766-0500] {logging_mixin.py:190} INFO - [2024-09-06T19:45:24.766-0500] {dag.py:3229} INFO - Sync 1 DAGs
[2024-09-06T19:45:24.775-0500] {logging_mixin.py:190} INFO - [2024-09-06T19:45:24.775-0500] {dag.py:4156} INFO - Setting next_dagrun for example_skip_dag to 2024-09-06 00:00:00+00:00, run_after=2024-09-07 00:00:00+00:00
[2024-09-06T19:45:24.783-0500] {processor.py:208} INFO - Processing /Users/binhpham/Library/Python/3.9/lib/python/site-packages/airflow/example_dags/example_skip_dag.py took 0.070 seconds
[2024-09-06T19:47:45.676-0500] {processor.py:186} INFO - Started process (PID=35275) to work on /Users/binhpham/Library/Python/3.9/lib/python/site-packages/airflow/example_dags/example_skip_dag.py
[2024-09-06T19:47:45.678-0500] {processor.py:914} INFO - Processing file /Users/binhpham/Library/Python/3.9/lib/python/site-packages/airflow/example_dags/example_skip_dag.py for tasks to queue
[2024-09-06T19:47:45.679-0500] {logging_mixin.py:190} INFO - [2024-09-06T19:47:45.679-0500] {dagbag.py:587} INFO - Filling up the DagBag from /Users/binhpham/Library/Python/3.9/lib/python/site-packages/airflow/example_dags/example_skip_dag.py
[2024-09-06T19:47:45.683-0500] {processor.py:925} INFO - DAG(s) 'example_skip_dag' retrieved from /Users/binhpham/Library/Python/3.9/lib/python/site-packages/airflow/example_dags/example_skip_dag.py
[2024-09-06T19:47:45.730-0500] {logging_mixin.py:190} INFO - [2024-09-06T19:47:45.730-0500] {dag.py:3229} INFO - Sync 1 DAGs
[2024-09-06T19:47:45.741-0500] {logging_mixin.py:190} INFO - [2024-09-06T19:47:45.741-0500] {dag.py:4156} INFO - Setting next_dagrun for example_skip_dag to 2024-09-06 00:00:00+00:00, run_after=2024-09-07 00:00:00+00:00
[2024-09-06T19:47:45.750-0500] {processor.py:208} INFO - Processing /Users/binhpham/Library/Python/3.9/lib/python/site-packages/airflow/example_dags/example_skip_dag.py took 0.076 seconds
[2024-09-06T19:49:36.703-0500] {processor.py:186} INFO - Started process (PID=35622) to work on /Users/binhpham/Library/Python/3.9/lib/python/site-packages/airflow/example_dags/example_skip_dag.py
[2024-09-06T19:49:36.704-0500] {processor.py:914} INFO - Processing file /Users/binhpham/Library/Python/3.9/lib/python/site-packages/airflow/example_dags/example_skip_dag.py for tasks to queue
[2024-09-06T19:49:36.704-0500] {logging_mixin.py:190} INFO - [2024-09-06T19:49:36.704-0500] {dagbag.py:587} INFO - Filling up the DagBag from /Users/binhpham/Library/Python/3.9/lib/python/site-packages/airflow/example_dags/example_skip_dag.py
[2024-09-06T19:49:36.708-0500] {processor.py:925} INFO - DAG(s) 'example_skip_dag' retrieved from /Users/binhpham/Library/Python/3.9/lib/python/site-packages/airflow/example_dags/example_skip_dag.py
[2024-09-06T19:49:36.751-0500] {logging_mixin.py:190} INFO - [2024-09-06T19:49:36.751-0500] {dag.py:3229} INFO - Sync 1 DAGs
[2024-09-06T19:49:36.760-0500] {logging_mixin.py:190} INFO - [2024-09-06T19:49:36.760-0500] {dag.py:4156} INFO - Setting next_dagrun for example_skip_dag to 2024-09-06 00:00:00+00:00, run_after=2024-09-07 00:00:00+00:00
[2024-09-06T19:49:36.768-0500] {processor.py:208} INFO - Processing /Users/binhpham/Library/Python/3.9/lib/python/site-packages/airflow/example_dags/example_skip_dag.py took 0.067 seconds
[2024-09-06T19:50:59.017-0500] {processor.py:186} INFO - Started process (PID=35886) to work on /Users/binhpham/Library/Python/3.9/lib/python/site-packages/airflow/example_dags/example_skip_dag.py
[2024-09-06T19:50:59.019-0500] {processor.py:914} INFO - Processing file /Users/binhpham/Library/Python/3.9/lib/python/site-packages/airflow/example_dags/example_skip_dag.py for tasks to queue
[2024-09-06T19:50:59.020-0500] {logging_mixin.py:190} INFO - [2024-09-06T19:50:59.020-0500] {dagbag.py:587} INFO - Filling up the DagBag from /Users/binhpham/Library/Python/3.9/lib/python/site-packages/airflow/example_dags/example_skip_dag.py
[2024-09-06T19:50:59.024-0500] {processor.py:925} INFO - DAG(s) 'example_skip_dag' retrieved from /Users/binhpham/Library/Python/3.9/lib/python/site-packages/airflow/example_dags/example_skip_dag.py
[2024-09-06T19:50:59.075-0500] {logging_mixin.py:190} INFO - [2024-09-06T19:50:59.074-0500] {dag.py:3229} INFO - Sync 1 DAGs
[2024-09-06T19:50:59.084-0500] {logging_mixin.py:190} INFO - [2024-09-06T19:50:59.084-0500] {dag.py:4156} INFO - Setting next_dagrun for example_skip_dag to 2024-09-06 00:00:00+00:00, run_after=2024-09-07 00:00:00+00:00
[2024-09-06T19:50:59.093-0500] {processor.py:208} INFO - Processing /Users/binhpham/Library/Python/3.9/lib/python/site-packages/airflow/example_dags/example_skip_dag.py took 0.078 seconds
[2024-09-06T19:52:19.311-0500] {processor.py:186} INFO - Started process (PID=36135) to work on /Users/binhpham/Library/Python/3.9/lib/python/site-packages/airflow/example_dags/example_skip_dag.py
[2024-09-06T19:52:19.312-0500] {processor.py:914} INFO - Processing file /Users/binhpham/Library/Python/3.9/lib/python/site-packages/airflow/example_dags/example_skip_dag.py for tasks to queue
[2024-09-06T19:52:19.313-0500] {logging_mixin.py:190} INFO - [2024-09-06T19:52:19.313-0500] {dagbag.py:587} INFO - Filling up the DagBag from /Users/binhpham/Library/Python/3.9/lib/python/site-packages/airflow/example_dags/example_skip_dag.py
[2024-09-06T19:52:19.316-0500] {processor.py:925} INFO - DAG(s) 'example_skip_dag' retrieved from /Users/binhpham/Library/Python/3.9/lib/python/site-packages/airflow/example_dags/example_skip_dag.py
[2024-09-06T19:52:19.362-0500] {logging_mixin.py:190} INFO - [2024-09-06T19:52:19.362-0500] {dag.py:3229} INFO - Sync 1 DAGs
[2024-09-06T19:52:19.372-0500] {logging_mixin.py:190} INFO - [2024-09-06T19:52:19.372-0500] {dag.py:4156} INFO - Setting next_dagrun for example_skip_dag to 2024-09-06 00:00:00+00:00, run_after=2024-09-07 00:00:00+00:00
[2024-09-06T19:52:19.381-0500] {processor.py:208} INFO - Processing /Users/binhpham/Library/Python/3.9/lib/python/site-packages/airflow/example_dags/example_skip_dag.py took 0.072 seconds
[2024-09-06T19:54:08.529-0500] {processor.py:186} INFO - Started process (PID=36530) to work on /Users/binhpham/Library/Python/3.9/lib/python/site-packages/airflow/example_dags/example_skip_dag.py
[2024-09-06T19:54:08.531-0500] {processor.py:914} INFO - Processing file /Users/binhpham/Library/Python/3.9/lib/python/site-packages/airflow/example_dags/example_skip_dag.py for tasks to queue
[2024-09-06T19:54:08.531-0500] {logging_mixin.py:190} INFO - [2024-09-06T19:54:08.531-0500] {dagbag.py:587} INFO - Filling up the DagBag from /Users/binhpham/Library/Python/3.9/lib/python/site-packages/airflow/example_dags/example_skip_dag.py
[2024-09-06T19:54:08.534-0500] {processor.py:925} INFO - DAG(s) 'example_skip_dag' retrieved from /Users/binhpham/Library/Python/3.9/lib/python/site-packages/airflow/example_dags/example_skip_dag.py
[2024-09-06T19:54:08.577-0500] {logging_mixin.py:190} INFO - [2024-09-06T19:54:08.577-0500] {dag.py:3229} INFO - Sync 1 DAGs
[2024-09-06T19:54:08.587-0500] {logging_mixin.py:190} INFO - [2024-09-06T19:54:08.586-0500] {dag.py:4156} INFO - Setting next_dagrun for example_skip_dag to 2024-09-06 00:00:00+00:00, run_after=2024-09-07 00:00:00+00:00
[2024-09-06T19:54:08.594-0500] {processor.py:208} INFO - Processing /Users/binhpham/Library/Python/3.9/lib/python/site-packages/airflow/example_dags/example_skip_dag.py took 0.067 seconds
[2024-09-06T19:55:59.530-0500] {processor.py:186} INFO - Started process (PID=36900) to work on /Users/binhpham/Library/Python/3.9/lib/python/site-packages/airflow/example_dags/example_skip_dag.py
[2024-09-06T19:55:59.533-0500] {processor.py:914} INFO - Processing file /Users/binhpham/Library/Python/3.9/lib/python/site-packages/airflow/example_dags/example_skip_dag.py for tasks to queue
[2024-09-06T19:55:59.533-0500] {logging_mixin.py:190} INFO - [2024-09-06T19:55:59.533-0500] {dagbag.py:587} INFO - Filling up the DagBag from /Users/binhpham/Library/Python/3.9/lib/python/site-packages/airflow/example_dags/example_skip_dag.py
[2024-09-06T19:55:59.536-0500] {processor.py:925} INFO - DAG(s) 'example_skip_dag' retrieved from /Users/binhpham/Library/Python/3.9/lib/python/site-packages/airflow/example_dags/example_skip_dag.py
[2024-09-06T19:55:59.580-0500] {logging_mixin.py:190} INFO - [2024-09-06T19:55:59.580-0500] {dag.py:3229} INFO - Sync 1 DAGs
[2024-09-06T19:55:59.589-0500] {logging_mixin.py:190} INFO - [2024-09-06T19:55:59.589-0500] {dag.py:4156} INFO - Setting next_dagrun for example_skip_dag to 2024-09-06 00:00:00+00:00, run_after=2024-09-07 00:00:00+00:00
[2024-09-06T19:55:59.597-0500] {processor.py:208} INFO - Processing /Users/binhpham/Library/Python/3.9/lib/python/site-packages/airflow/example_dags/example_skip_dag.py took 0.068 seconds
[2024-09-06T19:57:22.043-0500] {processor.py:186} INFO - Started process (PID=37150) to work on /Users/binhpham/Library/Python/3.9/lib/python/site-packages/airflow/example_dags/example_skip_dag.py
[2024-09-06T19:57:22.045-0500] {processor.py:914} INFO - Processing file /Users/binhpham/Library/Python/3.9/lib/python/site-packages/airflow/example_dags/example_skip_dag.py for tasks to queue
[2024-09-06T19:57:22.046-0500] {logging_mixin.py:190} INFO - [2024-09-06T19:57:22.046-0500] {dagbag.py:587} INFO - Filling up the DagBag from /Users/binhpham/Library/Python/3.9/lib/python/site-packages/airflow/example_dags/example_skip_dag.py
[2024-09-06T19:57:22.049-0500] {processor.py:925} INFO - DAG(s) 'example_skip_dag' retrieved from /Users/binhpham/Library/Python/3.9/lib/python/site-packages/airflow/example_dags/example_skip_dag.py
[2024-09-06T19:57:22.095-0500] {logging_mixin.py:190} INFO - [2024-09-06T19:57:22.094-0500] {dag.py:3229} INFO - Sync 1 DAGs
[2024-09-06T19:57:22.104-0500] {logging_mixin.py:190} INFO - [2024-09-06T19:57:22.104-0500] {dag.py:4156} INFO - Setting next_dagrun for example_skip_dag to 2024-09-06 00:00:00+00:00, run_after=2024-09-07 00:00:00+00:00
[2024-09-06T19:57:22.112-0500] {processor.py:208} INFO - Processing /Users/binhpham/Library/Python/3.9/lib/python/site-packages/airflow/example_dags/example_skip_dag.py took 0.070 seconds
[2024-09-06T19:58:44.054-0500] {processor.py:186} INFO - Started process (PID=37403) to work on /Users/binhpham/Library/Python/3.9/lib/python/site-packages/airflow/example_dags/example_skip_dag.py
[2024-09-06T19:58:44.056-0500] {processor.py:914} INFO - Processing file /Users/binhpham/Library/Python/3.9/lib/python/site-packages/airflow/example_dags/example_skip_dag.py for tasks to queue
[2024-09-06T19:58:44.057-0500] {logging_mixin.py:190} INFO - [2024-09-06T19:58:44.057-0500] {dagbag.py:587} INFO - Filling up the DagBag from /Users/binhpham/Library/Python/3.9/lib/python/site-packages/airflow/example_dags/example_skip_dag.py
[2024-09-06T19:58:44.060-0500] {processor.py:925} INFO - DAG(s) 'example_skip_dag' retrieved from /Users/binhpham/Library/Python/3.9/lib/python/site-packages/airflow/example_dags/example_skip_dag.py
[2024-09-06T19:58:44.107-0500] {logging_mixin.py:190} INFO - [2024-09-06T19:58:44.107-0500] {dag.py:3229} INFO - Sync 1 DAGs
[2024-09-06T19:58:44.116-0500] {logging_mixin.py:190} INFO - [2024-09-06T19:58:44.116-0500] {dag.py:4156} INFO - Setting next_dagrun for example_skip_dag to 2024-09-06 00:00:00+00:00, run_after=2024-09-07 00:00:00+00:00
[2024-09-06T19:58:44.124-0500] {processor.py:208} INFO - Processing /Users/binhpham/Library/Python/3.9/lib/python/site-packages/airflow/example_dags/example_skip_dag.py took 0.072 seconds
[2024-09-06T20:00:06.848-0500] {processor.py:186} INFO - Started process (PID=37664) to work on /Users/binhpham/Library/Python/3.9/lib/python/site-packages/airflow/example_dags/example_skip_dag.py
[2024-09-06T20:00:06.850-0500] {processor.py:914} INFO - Processing file /Users/binhpham/Library/Python/3.9/lib/python/site-packages/airflow/example_dags/example_skip_dag.py for tasks to queue
[2024-09-06T20:00:06.851-0500] {logging_mixin.py:190} INFO - [2024-09-06T20:00:06.851-0500] {dagbag.py:587} INFO - Filling up the DagBag from /Users/binhpham/Library/Python/3.9/lib/python/site-packages/airflow/example_dags/example_skip_dag.py
[2024-09-06T20:00:06.855-0500] {processor.py:925} INFO - DAG(s) 'example_skip_dag' retrieved from /Users/binhpham/Library/Python/3.9/lib/python/site-packages/airflow/example_dags/example_skip_dag.py
[2024-09-06T20:00:06.903-0500] {logging_mixin.py:190} INFO - [2024-09-06T20:00:06.903-0500] {dag.py:3229} INFO - Sync 1 DAGs
[2024-09-06T20:00:06.913-0500] {logging_mixin.py:190} INFO - [2024-09-06T20:00:06.913-0500] {dag.py:4156} INFO - Setting next_dagrun for example_skip_dag to 2024-09-06 00:00:00+00:00, run_after=2024-09-07 00:00:00+00:00
[2024-09-06T20:00:06.920-0500] {processor.py:208} INFO - Processing /Users/binhpham/Library/Python/3.9/lib/python/site-packages/airflow/example_dags/example_skip_dag.py took 0.073 seconds
[2024-09-06T20:01:26.771-0500] {processor.py:186} INFO - Started process (PID=37906) to work on /Users/binhpham/Library/Python/3.9/lib/python/site-packages/airflow/example_dags/example_skip_dag.py
[2024-09-06T20:01:26.773-0500] {processor.py:914} INFO - Processing file /Users/binhpham/Library/Python/3.9/lib/python/site-packages/airflow/example_dags/example_skip_dag.py for tasks to queue
[2024-09-06T20:01:26.773-0500] {logging_mixin.py:190} INFO - [2024-09-06T20:01:26.773-0500] {dagbag.py:587} INFO - Filling up the DagBag from /Users/binhpham/Library/Python/3.9/lib/python/site-packages/airflow/example_dags/example_skip_dag.py
[2024-09-06T20:01:26.776-0500] {processor.py:925} INFO - DAG(s) 'example_skip_dag' retrieved from /Users/binhpham/Library/Python/3.9/lib/python/site-packages/airflow/example_dags/example_skip_dag.py
[2024-09-06T20:01:26.825-0500] {logging_mixin.py:190} INFO - [2024-09-06T20:01:26.825-0500] {dag.py:3229} INFO - Sync 1 DAGs
[2024-09-06T20:01:26.835-0500] {logging_mixin.py:190} INFO - [2024-09-06T20:01:26.834-0500] {dag.py:4156} INFO - Setting next_dagrun for example_skip_dag to 2024-09-06 00:00:00+00:00, run_after=2024-09-07 00:00:00+00:00
[2024-09-06T20:01:26.843-0500] {processor.py:208} INFO - Processing /Users/binhpham/Library/Python/3.9/lib/python/site-packages/airflow/example_dags/example_skip_dag.py took 0.073 seconds
[2024-09-06T20:02:48.261-0500] {processor.py:186} INFO - Started process (PID=38161) to work on /Users/binhpham/Library/Python/3.9/lib/python/site-packages/airflow/example_dags/example_skip_dag.py
[2024-09-06T20:02:48.263-0500] {processor.py:914} INFO - Processing file /Users/binhpham/Library/Python/3.9/lib/python/site-packages/airflow/example_dags/example_skip_dag.py for tasks to queue
[2024-09-06T20:02:48.263-0500] {logging_mixin.py:190} INFO - [2024-09-06T20:02:48.263-0500] {dagbag.py:587} INFO - Filling up the DagBag from /Users/binhpham/Library/Python/3.9/lib/python/site-packages/airflow/example_dags/example_skip_dag.py
[2024-09-06T20:02:48.267-0500] {processor.py:925} INFO - DAG(s) 'example_skip_dag' retrieved from /Users/binhpham/Library/Python/3.9/lib/python/site-packages/airflow/example_dags/example_skip_dag.py
[2024-09-06T20:02:48.309-0500] {logging_mixin.py:190} INFO - [2024-09-06T20:02:48.309-0500] {dag.py:3229} INFO - Sync 1 DAGs
[2024-09-06T20:02:48.318-0500] {logging_mixin.py:190} INFO - [2024-09-06T20:02:48.318-0500] {dag.py:4156} INFO - Setting next_dagrun for example_skip_dag to 2024-09-06 00:00:00+00:00, run_after=2024-09-07 00:00:00+00:00
[2024-09-06T20:02:48.326-0500] {processor.py:208} INFO - Processing /Users/binhpham/Library/Python/3.9/lib/python/site-packages/airflow/example_dags/example_skip_dag.py took 0.067 seconds
[2024-09-06T20:04:07.802-0500] {processor.py:186} INFO - Started process (PID=38403) to work on /Users/binhpham/Library/Python/3.9/lib/python/site-packages/airflow/example_dags/example_skip_dag.py
[2024-09-06T20:04:07.804-0500] {processor.py:914} INFO - Processing file /Users/binhpham/Library/Python/3.9/lib/python/site-packages/airflow/example_dags/example_skip_dag.py for tasks to queue
[2024-09-06T20:04:07.804-0500] {logging_mixin.py:190} INFO - [2024-09-06T20:04:07.804-0500] {dagbag.py:587} INFO - Filling up the DagBag from /Users/binhpham/Library/Python/3.9/lib/python/site-packages/airflow/example_dags/example_skip_dag.py
[2024-09-06T20:04:07.808-0500] {processor.py:925} INFO - DAG(s) 'example_skip_dag' retrieved from /Users/binhpham/Library/Python/3.9/lib/python/site-packages/airflow/example_dags/example_skip_dag.py
[2024-09-06T20:04:07.854-0500] {logging_mixin.py:190} INFO - [2024-09-06T20:04:07.854-0500] {dag.py:3229} INFO - Sync 1 DAGs
[2024-09-06T20:04:07.865-0500] {logging_mixin.py:190} INFO - [2024-09-06T20:04:07.864-0500] {dag.py:4156} INFO - Setting next_dagrun for example_skip_dag to 2024-09-06 00:00:00+00:00, run_after=2024-09-07 00:00:00+00:00
[2024-09-06T20:04:07.873-0500] {processor.py:208} INFO - Processing /Users/binhpham/Library/Python/3.9/lib/python/site-packages/airflow/example_dags/example_skip_dag.py took 0.072 seconds
[2024-09-06T20:05:26.493-0500] {processor.py:186} INFO - Started process (PID=38644) to work on /Users/binhpham/Library/Python/3.9/lib/python/site-packages/airflow/example_dags/example_skip_dag.py
[2024-09-06T20:05:26.496-0500] {processor.py:914} INFO - Processing file /Users/binhpham/Library/Python/3.9/lib/python/site-packages/airflow/example_dags/example_skip_dag.py for tasks to queue
[2024-09-06T20:05:26.496-0500] {logging_mixin.py:190} INFO - [2024-09-06T20:05:26.496-0500] {dagbag.py:587} INFO - Filling up the DagBag from /Users/binhpham/Library/Python/3.9/lib/python/site-packages/airflow/example_dags/example_skip_dag.py
[2024-09-06T20:05:26.499-0500] {processor.py:925} INFO - DAG(s) 'example_skip_dag' retrieved from /Users/binhpham/Library/Python/3.9/lib/python/site-packages/airflow/example_dags/example_skip_dag.py
[2024-09-06T20:05:26.543-0500] {logging_mixin.py:190} INFO - [2024-09-06T20:05:26.543-0500] {dag.py:3229} INFO - Sync 1 DAGs
[2024-09-06T20:05:26.554-0500] {logging_mixin.py:190} INFO - [2024-09-06T20:05:26.554-0500] {dag.py:4156} INFO - Setting next_dagrun for example_skip_dag to 2024-09-06 00:00:00+00:00, run_after=2024-09-07 00:00:00+00:00
[2024-09-06T20:05:26.562-0500] {processor.py:208} INFO - Processing /Users/binhpham/Library/Python/3.9/lib/python/site-packages/airflow/example_dags/example_skip_dag.py took 0.071 seconds
[2024-09-06T20:06:47.619-0500] {processor.py:186} INFO - Started process (PID=38893) to work on /Users/binhpham/Library/Python/3.9/lib/python/site-packages/airflow/example_dags/example_skip_dag.py
[2024-09-06T20:06:47.621-0500] {processor.py:914} INFO - Processing file /Users/binhpham/Library/Python/3.9/lib/python/site-packages/airflow/example_dags/example_skip_dag.py for tasks to queue
[2024-09-06T20:06:47.622-0500] {logging_mixin.py:190} INFO - [2024-09-06T20:06:47.622-0500] {dagbag.py:587} INFO - Filling up the DagBag from /Users/binhpham/Library/Python/3.9/lib/python/site-packages/airflow/example_dags/example_skip_dag.py
[2024-09-06T20:06:47.625-0500] {processor.py:925} INFO - DAG(s) 'example_skip_dag' retrieved from /Users/binhpham/Library/Python/3.9/lib/python/site-packages/airflow/example_dags/example_skip_dag.py
[2024-09-06T20:06:47.669-0500] {logging_mixin.py:190} INFO - [2024-09-06T20:06:47.669-0500] {dag.py:3229} INFO - Sync 1 DAGs
[2024-09-06T20:06:47.679-0500] {logging_mixin.py:190} INFO - [2024-09-06T20:06:47.679-0500] {dag.py:4156} INFO - Setting next_dagrun for example_skip_dag to 2024-09-06 00:00:00+00:00, run_after=2024-09-07 00:00:00+00:00
[2024-09-06T20:06:47.686-0500] {processor.py:208} INFO - Processing /Users/binhpham/Library/Python/3.9/lib/python/site-packages/airflow/example_dags/example_skip_dag.py took 0.069 seconds
[2024-09-06T20:08:07.856-0500] {processor.py:186} INFO - Started process (PID=39132) to work on /Users/binhpham/Library/Python/3.9/lib/python/site-packages/airflow/example_dags/example_skip_dag.py
[2024-09-06T20:08:07.858-0500] {processor.py:914} INFO - Processing file /Users/binhpham/Library/Python/3.9/lib/python/site-packages/airflow/example_dags/example_skip_dag.py for tasks to queue
[2024-09-06T20:08:07.858-0500] {logging_mixin.py:190} INFO - [2024-09-06T20:08:07.858-0500] {dagbag.py:587} INFO - Filling up the DagBag from /Users/binhpham/Library/Python/3.9/lib/python/site-packages/airflow/example_dags/example_skip_dag.py
[2024-09-06T20:08:07.862-0500] {processor.py:925} INFO - DAG(s) 'example_skip_dag' retrieved from /Users/binhpham/Library/Python/3.9/lib/python/site-packages/airflow/example_dags/example_skip_dag.py
[2024-09-06T20:08:07.909-0500] {logging_mixin.py:190} INFO - [2024-09-06T20:08:07.909-0500] {dag.py:3229} INFO - Sync 1 DAGs
[2024-09-06T20:08:07.919-0500] {logging_mixin.py:190} INFO - [2024-09-06T20:08:07.919-0500] {dag.py:4156} INFO - Setting next_dagrun for example_skip_dag to 2024-09-06 00:00:00+00:00, run_after=2024-09-07 00:00:00+00:00
[2024-09-06T20:08:07.927-0500] {processor.py:208} INFO - Processing /Users/binhpham/Library/Python/3.9/lib/python/site-packages/airflow/example_dags/example_skip_dag.py took 0.072 seconds
[2024-09-06T20:09:29.818-0500] {processor.py:186} INFO - Started process (PID=39397) to work on /Users/binhpham/Library/Python/3.9/lib/python/site-packages/airflow/example_dags/example_skip_dag.py
[2024-09-06T20:09:29.821-0500] {processor.py:914} INFO - Processing file /Users/binhpham/Library/Python/3.9/lib/python/site-packages/airflow/example_dags/example_skip_dag.py for tasks to queue
[2024-09-06T20:09:29.821-0500] {logging_mixin.py:190} INFO - [2024-09-06T20:09:29.821-0500] {dagbag.py:587} INFO - Filling up the DagBag from /Users/binhpham/Library/Python/3.9/lib/python/site-packages/airflow/example_dags/example_skip_dag.py
[2024-09-06T20:09:29.825-0500] {processor.py:925} INFO - DAG(s) 'example_skip_dag' retrieved from /Users/binhpham/Library/Python/3.9/lib/python/site-packages/airflow/example_dags/example_skip_dag.py
[2024-09-06T20:09:29.871-0500] {logging_mixin.py:190} INFO - [2024-09-06T20:09:29.871-0500] {dag.py:3229} INFO - Sync 1 DAGs
[2024-09-06T20:09:29.882-0500] {logging_mixin.py:190} INFO - [2024-09-06T20:09:29.882-0500] {dag.py:4156} INFO - Setting next_dagrun for example_skip_dag to 2024-09-06 00:00:00+00:00, run_after=2024-09-07 00:00:00+00:00
[2024-09-06T20:09:29.890-0500] {processor.py:208} INFO - Processing /Users/binhpham/Library/Python/3.9/lib/python/site-packages/airflow/example_dags/example_skip_dag.py took 0.073 seconds
[2024-09-06T20:10:54.338-0500] {processor.py:186} INFO - Started process (PID=39675) to work on /Users/binhpham/Library/Python/3.9/lib/python/site-packages/airflow/example_dags/example_skip_dag.py
[2024-09-06T20:10:54.340-0500] {processor.py:914} INFO - Processing file /Users/binhpham/Library/Python/3.9/lib/python/site-packages/airflow/example_dags/example_skip_dag.py for tasks to queue
[2024-09-06T20:10:54.341-0500] {logging_mixin.py:190} INFO - [2024-09-06T20:10:54.341-0500] {dagbag.py:587} INFO - Filling up the DagBag from /Users/binhpham/Library/Python/3.9/lib/python/site-packages/airflow/example_dags/example_skip_dag.py
[2024-09-06T20:10:54.344-0500] {processor.py:925} INFO - DAG(s) 'example_skip_dag' retrieved from /Users/binhpham/Library/Python/3.9/lib/python/site-packages/airflow/example_dags/example_skip_dag.py
[2024-09-06T20:10:54.387-0500] {logging_mixin.py:190} INFO - [2024-09-06T20:10:54.387-0500] {dag.py:3229} INFO - Sync 1 DAGs
[2024-09-06T20:10:54.396-0500] {logging_mixin.py:190} INFO - [2024-09-06T20:10:54.396-0500] {dag.py:4156} INFO - Setting next_dagrun for example_skip_dag to 2024-09-06 00:00:00+00:00, run_after=2024-09-07 00:00:00+00:00
[2024-09-06T20:10:54.404-0500] {processor.py:208} INFO - Processing /Users/binhpham/Library/Python/3.9/lib/python/site-packages/airflow/example_dags/example_skip_dag.py took 0.068 seconds
[2024-09-06T20:12:15.445-0500] {processor.py:186} INFO - Started process (PID=39939) to work on /Users/binhpham/Library/Python/3.9/lib/python/site-packages/airflow/example_dags/example_skip_dag.py
[2024-09-06T20:12:15.448-0500] {processor.py:914} INFO - Processing file /Users/binhpham/Library/Python/3.9/lib/python/site-packages/airflow/example_dags/example_skip_dag.py for tasks to queue
[2024-09-06T20:12:15.448-0500] {logging_mixin.py:190} INFO - [2024-09-06T20:12:15.448-0500] {dagbag.py:587} INFO - Filling up the DagBag from /Users/binhpham/Library/Python/3.9/lib/python/site-packages/airflow/example_dags/example_skip_dag.py
[2024-09-06T20:12:15.451-0500] {processor.py:925} INFO - DAG(s) 'example_skip_dag' retrieved from /Users/binhpham/Library/Python/3.9/lib/python/site-packages/airflow/example_dags/example_skip_dag.py
[2024-09-06T20:12:15.495-0500] {logging_mixin.py:190} INFO - [2024-09-06T20:12:15.495-0500] {dag.py:3229} INFO - Sync 1 DAGs
[2024-09-06T20:12:15.505-0500] {logging_mixin.py:190} INFO - [2024-09-06T20:12:15.505-0500] {dag.py:4156} INFO - Setting next_dagrun for example_skip_dag to 2024-09-06 00:00:00+00:00, run_after=2024-09-07 00:00:00+00:00
[2024-09-06T20:12:15.512-0500] {processor.py:208} INFO - Processing /Users/binhpham/Library/Python/3.9/lib/python/site-packages/airflow/example_dags/example_skip_dag.py took 0.068 seconds
[2024-09-06T20:13:37.572-0500] {processor.py:186} INFO - Started process (PID=40227) to work on /Users/binhpham/Library/Python/3.9/lib/python/site-packages/airflow/example_dags/example_skip_dag.py
[2024-09-06T20:13:37.574-0500] {processor.py:914} INFO - Processing file /Users/binhpham/Library/Python/3.9/lib/python/site-packages/airflow/example_dags/example_skip_dag.py for tasks to queue
[2024-09-06T20:13:37.574-0500] {logging_mixin.py:190} INFO - [2024-09-06T20:13:37.574-0500] {dagbag.py:587} INFO - Filling up the DagBag from /Users/binhpham/Library/Python/3.9/lib/python/site-packages/airflow/example_dags/example_skip_dag.py
[2024-09-06T20:13:37.578-0500] {processor.py:925} INFO - DAG(s) 'example_skip_dag' retrieved from /Users/binhpham/Library/Python/3.9/lib/python/site-packages/airflow/example_dags/example_skip_dag.py
[2024-09-06T20:13:37.622-0500] {logging_mixin.py:190} INFO - [2024-09-06T20:13:37.622-0500] {dag.py:3229} INFO - Sync 1 DAGs
[2024-09-06T20:13:37.633-0500] {logging_mixin.py:190} INFO - [2024-09-06T20:13:37.633-0500] {dag.py:4156} INFO - Setting next_dagrun for example_skip_dag to 2024-09-06 00:00:00+00:00, run_after=2024-09-07 00:00:00+00:00
[2024-09-06T20:13:37.641-0500] {processor.py:208} INFO - Processing /Users/binhpham/Library/Python/3.9/lib/python/site-packages/airflow/example_dags/example_skip_dag.py took 0.070 seconds
[2024-09-06T20:15:31.636-0500] {processor.py:186} INFO - Started process (PID=40629) to work on /Users/binhpham/Library/Python/3.9/lib/python/site-packages/airflow/example_dags/example_skip_dag.py
[2024-09-06T20:15:31.639-0500] {processor.py:914} INFO - Processing file /Users/binhpham/Library/Python/3.9/lib/python/site-packages/airflow/example_dags/example_skip_dag.py for tasks to queue
[2024-09-06T20:15:31.639-0500] {logging_mixin.py:190} INFO - [2024-09-06T20:15:31.639-0500] {dagbag.py:587} INFO - Filling up the DagBag from /Users/binhpham/Library/Python/3.9/lib/python/site-packages/airflow/example_dags/example_skip_dag.py
[2024-09-06T20:15:31.643-0500] {processor.py:925} INFO - DAG(s) 'example_skip_dag' retrieved from /Users/binhpham/Library/Python/3.9/lib/python/site-packages/airflow/example_dags/example_skip_dag.py
[2024-09-06T20:15:31.689-0500] {logging_mixin.py:190} INFO - [2024-09-06T20:15:31.689-0500] {dag.py:3229} INFO - Sync 1 DAGs
[2024-09-06T20:15:31.700-0500] {logging_mixin.py:190} INFO - [2024-09-06T20:15:31.700-0500] {dag.py:4156} INFO - Setting next_dagrun for example_skip_dag to 2024-09-06 00:00:00+00:00, run_after=2024-09-07 00:00:00+00:00
[2024-09-06T20:15:31.709-0500] {processor.py:208} INFO - Processing /Users/binhpham/Library/Python/3.9/lib/python/site-packages/airflow/example_dags/example_skip_dag.py took 0.074 seconds
[2024-09-06T20:22:22.042-0500] {processor.py:186} INFO - Started process (PID=42837) to work on /Users/binhpham/Library/Python/3.9/lib/python/site-packages/airflow/example_dags/example_skip_dag.py
[2024-09-06T20:22:22.044-0500] {processor.py:914} INFO - Processing file /Users/binhpham/Library/Python/3.9/lib/python/site-packages/airflow/example_dags/example_skip_dag.py for tasks to queue
[2024-09-06T20:22:22.045-0500] {logging_mixin.py:190} INFO - [2024-09-06T20:22:22.045-0500] {dagbag.py:587} INFO - Filling up the DagBag from /Users/binhpham/Library/Python/3.9/lib/python/site-packages/airflow/example_dags/example_skip_dag.py
[2024-09-06T20:22:22.048-0500] {processor.py:925} INFO - DAG(s) 'example_skip_dag' retrieved from /Users/binhpham/Library/Python/3.9/lib/python/site-packages/airflow/example_dags/example_skip_dag.py
[2024-09-06T20:22:22.094-0500] {logging_mixin.py:190} INFO - [2024-09-06T20:22:22.094-0500] {dag.py:3229} INFO - Sync 1 DAGs
[2024-09-06T20:22:22.106-0500] {logging_mixin.py:190} INFO - [2024-09-06T20:22:22.106-0500] {dag.py:4156} INFO - Setting next_dagrun for example_skip_dag to 2024-09-06 00:00:00+00:00, run_after=2024-09-07 00:00:00+00:00
[2024-09-06T20:22:22.115-0500] {processor.py:208} INFO - Processing /Users/binhpham/Library/Python/3.9/lib/python/site-packages/airflow/example_dags/example_skip_dag.py took 0.074 seconds
[2024-09-06T20:24:14.463-0500] {processor.py:186} INFO - Started process (PID=43191) to work on /Users/binhpham/Library/Python/3.9/lib/python/site-packages/airflow/example_dags/example_skip_dag.py
[2024-09-06T20:24:14.466-0500] {processor.py:914} INFO - Processing file /Users/binhpham/Library/Python/3.9/lib/python/site-packages/airflow/example_dags/example_skip_dag.py for tasks to queue
[2024-09-06T20:24:14.466-0500] {logging_mixin.py:190} INFO - [2024-09-06T20:24:14.466-0500] {dagbag.py:587} INFO - Filling up the DagBag from /Users/binhpham/Library/Python/3.9/lib/python/site-packages/airflow/example_dags/example_skip_dag.py
[2024-09-06T20:24:14.470-0500] {processor.py:925} INFO - DAG(s) 'example_skip_dag' retrieved from /Users/binhpham/Library/Python/3.9/lib/python/site-packages/airflow/example_dags/example_skip_dag.py
[2024-09-06T20:24:14.517-0500] {logging_mixin.py:190} INFO - [2024-09-06T20:24:14.517-0500] {dag.py:3229} INFO - Sync 1 DAGs
[2024-09-06T20:24:14.528-0500] {logging_mixin.py:190} INFO - [2024-09-06T20:24:14.528-0500] {dag.py:4156} INFO - Setting next_dagrun for example_skip_dag to 2024-09-06 00:00:00+00:00, run_after=2024-09-07 00:00:00+00:00
[2024-09-06T20:24:14.536-0500] {processor.py:208} INFO - Processing /Users/binhpham/Library/Python/3.9/lib/python/site-packages/airflow/example_dags/example_skip_dag.py took 0.075 seconds
[2024-09-06T20:25:36.724-0500] {processor.py:186} INFO - Started process (PID=43447) to work on /Users/binhpham/Library/Python/3.9/lib/python/site-packages/airflow/example_dags/example_skip_dag.py
[2024-09-06T20:25:36.726-0500] {processor.py:914} INFO - Processing file /Users/binhpham/Library/Python/3.9/lib/python/site-packages/airflow/example_dags/example_skip_dag.py for tasks to queue
[2024-09-06T20:25:36.727-0500] {logging_mixin.py:190} INFO - [2024-09-06T20:25:36.726-0500] {dagbag.py:587} INFO - Filling up the DagBag from /Users/binhpham/Library/Python/3.9/lib/python/site-packages/airflow/example_dags/example_skip_dag.py
[2024-09-06T20:25:36.730-0500] {processor.py:925} INFO - DAG(s) 'example_skip_dag' retrieved from /Users/binhpham/Library/Python/3.9/lib/python/site-packages/airflow/example_dags/example_skip_dag.py
[2024-09-06T20:25:36.773-0500] {logging_mixin.py:190} INFO - [2024-09-06T20:25:36.773-0500] {dag.py:3229} INFO - Sync 1 DAGs
[2024-09-06T20:25:36.783-0500] {logging_mixin.py:190} INFO - [2024-09-06T20:25:36.783-0500] {dag.py:4156} INFO - Setting next_dagrun for example_skip_dag to 2024-09-06 00:00:00+00:00, run_after=2024-09-07 00:00:00+00:00
[2024-09-06T20:25:36.791-0500] {processor.py:208} INFO - Processing /Users/binhpham/Library/Python/3.9/lib/python/site-packages/airflow/example_dags/example_skip_dag.py took 0.068 seconds
[2024-09-06T20:27:29.528-0500] {processor.py:186} INFO - Started process (PID=43851) to work on /Users/binhpham/Library/Python/3.9/lib/python/site-packages/airflow/example_dags/example_skip_dag.py
[2024-09-06T20:27:29.531-0500] {processor.py:914} INFO - Processing file /Users/binhpham/Library/Python/3.9/lib/python/site-packages/airflow/example_dags/example_skip_dag.py for tasks to queue
[2024-09-06T20:27:29.531-0500] {logging_mixin.py:190} INFO - [2024-09-06T20:27:29.531-0500] {dagbag.py:587} INFO - Filling up the DagBag from /Users/binhpham/Library/Python/3.9/lib/python/site-packages/airflow/example_dags/example_skip_dag.py
[2024-09-06T20:27:29.534-0500] {processor.py:925} INFO - DAG(s) 'example_skip_dag' retrieved from /Users/binhpham/Library/Python/3.9/lib/python/site-packages/airflow/example_dags/example_skip_dag.py
[2024-09-06T20:27:29.578-0500] {logging_mixin.py:190} INFO - [2024-09-06T20:27:29.578-0500] {dag.py:3229} INFO - Sync 1 DAGs
[2024-09-06T20:27:29.588-0500] {logging_mixin.py:190} INFO - [2024-09-06T20:27:29.588-0500] {dag.py:4156} INFO - Setting next_dagrun for example_skip_dag to 2024-09-06 00:00:00+00:00, run_after=2024-09-07 00:00:00+00:00
[2024-09-06T20:27:29.595-0500] {processor.py:208} INFO - Processing /Users/binhpham/Library/Python/3.9/lib/python/site-packages/airflow/example_dags/example_skip_dag.py took 0.068 seconds
[2024-09-06T20:29:21.253-0500] {processor.py:186} INFO - Started process (PID=44230) to work on /Users/binhpham/Library/Python/3.9/lib/python/site-packages/airflow/example_dags/example_skip_dag.py
[2024-09-06T20:29:21.255-0500] {processor.py:914} INFO - Processing file /Users/binhpham/Library/Python/3.9/lib/python/site-packages/airflow/example_dags/example_skip_dag.py for tasks to queue
[2024-09-06T20:29:21.256-0500] {logging_mixin.py:190} INFO - [2024-09-06T20:29:21.255-0500] {dagbag.py:587} INFO - Filling up the DagBag from /Users/binhpham/Library/Python/3.9/lib/python/site-packages/airflow/example_dags/example_skip_dag.py
[2024-09-06T20:29:21.259-0500] {processor.py:925} INFO - DAG(s) 'example_skip_dag' retrieved from /Users/binhpham/Library/Python/3.9/lib/python/site-packages/airflow/example_dags/example_skip_dag.py
[2024-09-06T20:29:21.308-0500] {logging_mixin.py:190} INFO - [2024-09-06T20:29:21.307-0500] {dag.py:3229} INFO - Sync 1 DAGs
[2024-09-06T20:29:21.318-0500] {logging_mixin.py:190} INFO - [2024-09-06T20:29:21.318-0500] {dag.py:4156} INFO - Setting next_dagrun for example_skip_dag to 2024-09-06 00:00:00+00:00, run_after=2024-09-07 00:00:00+00:00
[2024-09-06T20:29:21.326-0500] {processor.py:208} INFO - Processing /Users/binhpham/Library/Python/3.9/lib/python/site-packages/airflow/example_dags/example_skip_dag.py took 0.074 seconds
[2024-09-06T20:30:41.835-0500] {processor.py:186} INFO - Started process (PID=44488) to work on /Users/binhpham/Library/Python/3.9/lib/python/site-packages/airflow/example_dags/example_skip_dag.py
[2024-09-06T20:30:41.837-0500] {processor.py:914} INFO - Processing file /Users/binhpham/Library/Python/3.9/lib/python/site-packages/airflow/example_dags/example_skip_dag.py for tasks to queue
[2024-09-06T20:30:41.838-0500] {logging_mixin.py:190} INFO - [2024-09-06T20:30:41.838-0500] {dagbag.py:587} INFO - Filling up the DagBag from /Users/binhpham/Library/Python/3.9/lib/python/site-packages/airflow/example_dags/example_skip_dag.py
[2024-09-06T20:30:41.841-0500] {processor.py:925} INFO - DAG(s) 'example_skip_dag' retrieved from /Users/binhpham/Library/Python/3.9/lib/python/site-packages/airflow/example_dags/example_skip_dag.py
[2024-09-06T20:30:41.884-0500] {logging_mixin.py:190} INFO - [2024-09-06T20:30:41.884-0500] {dag.py:3229} INFO - Sync 1 DAGs
[2024-09-06T20:30:41.894-0500] {logging_mixin.py:190} INFO - [2024-09-06T20:30:41.894-0500] {dag.py:4156} INFO - Setting next_dagrun for example_skip_dag to 2024-09-06 00:00:00+00:00, run_after=2024-09-07 00:00:00+00:00
[2024-09-06T20:30:41.901-0500] {processor.py:208} INFO - Processing /Users/binhpham/Library/Python/3.9/lib/python/site-packages/airflow/example_dags/example_skip_dag.py took 0.068 seconds
[2024-09-06T20:32:03.079-0500] {processor.py:186} INFO - Started process (PID=44738) to work on /Users/binhpham/Library/Python/3.9/lib/python/site-packages/airflow/example_dags/example_skip_dag.py
[2024-09-06T20:32:03.081-0500] {processor.py:914} INFO - Processing file /Users/binhpham/Library/Python/3.9/lib/python/site-packages/airflow/example_dags/example_skip_dag.py for tasks to queue
[2024-09-06T20:32:03.081-0500] {logging_mixin.py:190} INFO - [2024-09-06T20:32:03.081-0500] {dagbag.py:587} INFO - Filling up the DagBag from /Users/binhpham/Library/Python/3.9/lib/python/site-packages/airflow/example_dags/example_skip_dag.py
[2024-09-06T20:32:03.085-0500] {processor.py:925} INFO - DAG(s) 'example_skip_dag' retrieved from /Users/binhpham/Library/Python/3.9/lib/python/site-packages/airflow/example_dags/example_skip_dag.py
[2024-09-06T20:32:03.132-0500] {logging_mixin.py:190} INFO - [2024-09-06T20:32:03.132-0500] {dag.py:3229} INFO - Sync 1 DAGs
[2024-09-06T20:32:03.146-0500] {logging_mixin.py:190} INFO - [2024-09-06T20:32:03.146-0500] {dag.py:4156} INFO - Setting next_dagrun for example_skip_dag to 2024-09-06 00:00:00+00:00, run_after=2024-09-07 00:00:00+00:00
[2024-09-06T20:32:03.155-0500] {processor.py:208} INFO - Processing /Users/binhpham/Library/Python/3.9/lib/python/site-packages/airflow/example_dags/example_skip_dag.py took 0.078 seconds
[2024-09-06T20:34:01.074-0500] {processor.py:186} INFO - Started process (PID=45149) to work on /Users/binhpham/Library/Python/3.9/lib/python/site-packages/airflow/example_dags/example_skip_dag.py
[2024-09-06T20:34:01.077-0500] {processor.py:914} INFO - Processing file /Users/binhpham/Library/Python/3.9/lib/python/site-packages/airflow/example_dags/example_skip_dag.py for tasks to queue
[2024-09-06T20:34:01.077-0500] {logging_mixin.py:190} INFO - [2024-09-06T20:34:01.077-0500] {dagbag.py:587} INFO - Filling up the DagBag from /Users/binhpham/Library/Python/3.9/lib/python/site-packages/airflow/example_dags/example_skip_dag.py
[2024-09-06T20:34:01.082-0500] {processor.py:925} INFO - DAG(s) 'example_skip_dag' retrieved from /Users/binhpham/Library/Python/3.9/lib/python/site-packages/airflow/example_dags/example_skip_dag.py
[2024-09-06T20:34:01.126-0500] {logging_mixin.py:190} INFO - [2024-09-06T20:34:01.126-0500] {dag.py:3229} INFO - Sync 1 DAGs
[2024-09-06T20:34:01.136-0500] {logging_mixin.py:190} INFO - [2024-09-06T20:34:01.136-0500] {dag.py:4156} INFO - Setting next_dagrun for example_skip_dag to 2024-09-06 00:00:00+00:00, run_after=2024-09-07 00:00:00+00:00
[2024-09-06T20:34:01.143-0500] {processor.py:208} INFO - Processing /Users/binhpham/Library/Python/3.9/lib/python/site-packages/airflow/example_dags/example_skip_dag.py took 0.071 seconds
[2024-09-06T20:35:52.849-0500] {processor.py:186} INFO - Started process (PID=45511) to work on /Users/binhpham/Library/Python/3.9/lib/python/site-packages/airflow/example_dags/example_skip_dag.py
[2024-09-06T20:35:52.851-0500] {processor.py:914} INFO - Processing file /Users/binhpham/Library/Python/3.9/lib/python/site-packages/airflow/example_dags/example_skip_dag.py for tasks to queue
[2024-09-06T20:35:52.851-0500] {logging_mixin.py:190} INFO - [2024-09-06T20:35:52.851-0500] {dagbag.py:587} INFO - Filling up the DagBag from /Users/binhpham/Library/Python/3.9/lib/python/site-packages/airflow/example_dags/example_skip_dag.py
[2024-09-06T20:35:52.855-0500] {processor.py:925} INFO - DAG(s) 'example_skip_dag' retrieved from /Users/binhpham/Library/Python/3.9/lib/python/site-packages/airflow/example_dags/example_skip_dag.py
[2024-09-06T20:35:52.897-0500] {logging_mixin.py:190} INFO - [2024-09-06T20:35:52.897-0500] {dag.py:3229} INFO - Sync 1 DAGs
[2024-09-06T20:35:52.908-0500] {logging_mixin.py:190} INFO - [2024-09-06T20:35:52.908-0500] {dag.py:4156} INFO - Setting next_dagrun for example_skip_dag to 2024-09-06 00:00:00+00:00, run_after=2024-09-07 00:00:00+00:00
[2024-09-06T20:35:52.915-0500] {processor.py:208} INFO - Processing /Users/binhpham/Library/Python/3.9/lib/python/site-packages/airflow/example_dags/example_skip_dag.py took 0.068 seconds
[2024-09-06T20:37:14.480-0500] {processor.py:186} INFO - Started process (PID=45764) to work on /Users/binhpham/Library/Python/3.9/lib/python/site-packages/airflow/example_dags/example_skip_dag.py
[2024-09-06T20:37:14.483-0500] {processor.py:914} INFO - Processing file /Users/binhpham/Library/Python/3.9/lib/python/site-packages/airflow/example_dags/example_skip_dag.py for tasks to queue
[2024-09-06T20:37:14.483-0500] {logging_mixin.py:190} INFO - [2024-09-06T20:37:14.483-0500] {dagbag.py:587} INFO - Filling up the DagBag from /Users/binhpham/Library/Python/3.9/lib/python/site-packages/airflow/example_dags/example_skip_dag.py
[2024-09-06T20:37:14.487-0500] {processor.py:925} INFO - DAG(s) 'example_skip_dag' retrieved from /Users/binhpham/Library/Python/3.9/lib/python/site-packages/airflow/example_dags/example_skip_dag.py
[2024-09-06T20:37:14.531-0500] {logging_mixin.py:190} INFO - [2024-09-06T20:37:14.531-0500] {dag.py:3229} INFO - Sync 1 DAGs
[2024-09-06T20:37:14.541-0500] {logging_mixin.py:190} INFO - [2024-09-06T20:37:14.541-0500] {dag.py:4156} INFO - Setting next_dagrun for example_skip_dag to 2024-09-06 00:00:00+00:00, run_after=2024-09-07 00:00:00+00:00
[2024-09-06T20:37:14.548-0500] {processor.py:208} INFO - Processing /Users/binhpham/Library/Python/3.9/lib/python/site-packages/airflow/example_dags/example_skip_dag.py took 0.069 seconds
