[2024-09-06T19:46:10.905-0500] {processor.py:186} INFO - Started process (PID=34874) to work on /Users/binhpham/Library/Python/3.9/lib/python/site-packages/airflow/example_dags/example_datasets.py
[2024-09-06T19:46:10.906-0500] {processor.py:914} INFO - Processing file /Users/binhpham/Library/Python/3.9/lib/python/site-packages/airflow/example_dags/example_datasets.py for tasks to queue
[2024-09-06T19:46:10.906-0500] {logging_mixin.py:190} INFO - [2024-09-06T19:46:10.906-0500] {dagbag.py:587} INFO - Filling up the DagBag from /Users/binhpham/Library/Python/3.9/lib/python/site-packages/airflow/example_dags/example_datasets.py
[2024-09-06T19:46:10.950-0500] {processor.py:925} INFO - DAG(s) 'conditional_dataset_and_time_based_timetable', 'consume_1_and_2_with_dataset_expressions', 'dataset_produces_1', 'dataset_consumes_1_and_2', 'dataset_consumes_1_never_scheduled', 'dataset_consumes_1', 'dataset_consumes_unknown_never_scheduled', 'dataset_produces_2', 'consume_1_or_both_2_and_3_with_dataset_expressions', 'consume_1_or_2_with_dataset_expressions' retrieved from /Users/binhpham/Library/Python/3.9/lib/python/site-packages/airflow/example_dags/example_datasets.py
[2024-09-06T19:46:11.028-0500] {logging_mixin.py:190} INFO - [2024-09-06T19:46:11.027-0500] {override.py:1900} INFO - Created Permission View: can delete on DAG:conditional_dataset_and_time_based_timetable
[2024-09-06T19:46:11.031-0500] {logging_mixin.py:190} INFO - [2024-09-06T19:46:11.031-0500] {override.py:1900} INFO - Created Permission View: can edit on DAG:conditional_dataset_and_time_based_timetable
[2024-09-06T19:46:11.033-0500] {logging_mixin.py:190} INFO - [2024-09-06T19:46:11.033-0500] {override.py:1900} INFO - Created Permission View: can read on DAG:conditional_dataset_and_time_based_timetable
[2024-09-06T19:46:11.037-0500] {logging_mixin.py:190} INFO - [2024-09-06T19:46:11.037-0500] {override.py:1900} INFO - Created Permission View: can create on DAG Run:conditional_dataset_and_time_based_timetable
[2024-09-06T19:46:11.040-0500] {logging_mixin.py:190} INFO - [2024-09-06T19:46:11.040-0500] {override.py:1900} INFO - Created Permission View: can delete on DAG Run:conditional_dataset_and_time_based_timetable
[2024-09-06T19:46:11.045-0500] {logging_mixin.py:190} INFO - [2024-09-06T19:46:11.045-0500] {override.py:1900} INFO - Created Permission View: menu access on DAG Run:conditional_dataset_and_time_based_timetable
[2024-09-06T19:46:11.047-0500] {logging_mixin.py:190} INFO - [2024-09-06T19:46:11.047-0500] {override.py:1900} INFO - Created Permission View: can read on DAG Run:conditional_dataset_and_time_based_timetable
[2024-09-06T19:46:11.052-0500] {logging_mixin.py:190} INFO - [2024-09-06T19:46:11.052-0500] {override.py:1900} INFO - Created Permission View: can delete on DAG:consume_1_and_2_with_dataset_expressions
[2024-09-06T19:46:11.054-0500] {logging_mixin.py:190} INFO - [2024-09-06T19:46:11.054-0500] {override.py:1900} INFO - Created Permission View: can edit on DAG:consume_1_and_2_with_dataset_expressions
[2024-09-06T19:46:11.057-0500] {logging_mixin.py:190} INFO - [2024-09-06T19:46:11.056-0500] {override.py:1900} INFO - Created Permission View: can read on DAG:consume_1_and_2_with_dataset_expressions
[2024-09-06T19:46:11.059-0500] {logging_mixin.py:190} INFO - [2024-09-06T19:46:11.059-0500] {override.py:1900} INFO - Created Permission View: can create on DAG Run:consume_1_and_2_with_dataset_expressions
[2024-09-06T19:46:11.061-0500] {logging_mixin.py:190} INFO - [2024-09-06T19:46:11.061-0500] {override.py:1900} INFO - Created Permission View: can delete on DAG Run:consume_1_and_2_with_dataset_expressions
[2024-09-06T19:46:11.063-0500] {logging_mixin.py:190} INFO - [2024-09-06T19:46:11.063-0500] {override.py:1900} INFO - Created Permission View: menu access on DAG Run:consume_1_and_2_with_dataset_expressions
[2024-09-06T19:46:11.066-0500] {logging_mixin.py:190} INFO - [2024-09-06T19:46:11.066-0500] {override.py:1900} INFO - Created Permission View: can read on DAG Run:consume_1_and_2_with_dataset_expressions
[2024-09-06T19:46:11.070-0500] {logging_mixin.py:190} INFO - [2024-09-06T19:46:11.070-0500] {override.py:1900} INFO - Created Permission View: can delete on DAG:dataset_produces_1
[2024-09-06T19:46:11.072-0500] {logging_mixin.py:190} INFO - [2024-09-06T19:46:11.072-0500] {override.py:1900} INFO - Created Permission View: can edit on DAG:dataset_produces_1
[2024-09-06T19:46:11.074-0500] {logging_mixin.py:190} INFO - [2024-09-06T19:46:11.074-0500] {override.py:1900} INFO - Created Permission View: can read on DAG:dataset_produces_1
[2024-09-06T19:46:11.077-0500] {logging_mixin.py:190} INFO - [2024-09-06T19:46:11.077-0500] {override.py:1900} INFO - Created Permission View: can create on DAG Run:dataset_produces_1
[2024-09-06T19:46:11.079-0500] {logging_mixin.py:190} INFO - [2024-09-06T19:46:11.079-0500] {override.py:1900} INFO - Created Permission View: can delete on DAG Run:dataset_produces_1
[2024-09-06T19:46:11.081-0500] {logging_mixin.py:190} INFO - [2024-09-06T19:46:11.081-0500] {override.py:1900} INFO - Created Permission View: menu access on DAG Run:dataset_produces_1
[2024-09-06T19:46:11.083-0500] {logging_mixin.py:190} INFO - [2024-09-06T19:46:11.083-0500] {override.py:1900} INFO - Created Permission View: can read on DAG Run:dataset_produces_1
[2024-09-06T19:46:11.088-0500] {logging_mixin.py:190} INFO - [2024-09-06T19:46:11.087-0500] {override.py:1900} INFO - Created Permission View: can delete on DAG:dataset_consumes_1_and_2
[2024-09-06T19:46:11.090-0500] {logging_mixin.py:190} INFO - [2024-09-06T19:46:11.090-0500] {override.py:1900} INFO - Created Permission View: can edit on DAG:dataset_consumes_1_and_2
[2024-09-06T19:46:11.092-0500] {logging_mixin.py:190} INFO - [2024-09-06T19:46:11.092-0500] {override.py:1900} INFO - Created Permission View: can read on DAG:dataset_consumes_1_and_2
[2024-09-06T19:46:11.095-0500] {logging_mixin.py:190} INFO - [2024-09-06T19:46:11.094-0500] {override.py:1900} INFO - Created Permission View: can create on DAG Run:dataset_consumes_1_and_2
[2024-09-06T19:46:11.097-0500] {logging_mixin.py:190} INFO - [2024-09-06T19:46:11.097-0500] {override.py:1900} INFO - Created Permission View: can delete on DAG Run:dataset_consumes_1_and_2
[2024-09-06T19:46:11.099-0500] {logging_mixin.py:190} INFO - [2024-09-06T19:46:11.099-0500] {override.py:1900} INFO - Created Permission View: menu access on DAG Run:dataset_consumes_1_and_2
[2024-09-06T19:46:11.101-0500] {logging_mixin.py:190} INFO - [2024-09-06T19:46:11.101-0500] {override.py:1900} INFO - Created Permission View: can read on DAG Run:dataset_consumes_1_and_2
[2024-09-06T19:46:11.105-0500] {logging_mixin.py:190} INFO - [2024-09-06T19:46:11.105-0500] {override.py:1900} INFO - Created Permission View: can delete on DAG:dataset_consumes_1_never_scheduled
[2024-09-06T19:46:11.107-0500] {logging_mixin.py:190} INFO - [2024-09-06T19:46:11.107-0500] {override.py:1900} INFO - Created Permission View: can edit on DAG:dataset_consumes_1_never_scheduled
[2024-09-06T19:46:11.109-0500] {logging_mixin.py:190} INFO - [2024-09-06T19:46:11.109-0500] {override.py:1900} INFO - Created Permission View: can read on DAG:dataset_consumes_1_never_scheduled
[2024-09-06T19:46:11.112-0500] {logging_mixin.py:190} INFO - [2024-09-06T19:46:11.112-0500] {override.py:1900} INFO - Created Permission View: can create on DAG Run:dataset_consumes_1_never_scheduled
[2024-09-06T19:46:11.114-0500] {logging_mixin.py:190} INFO - [2024-09-06T19:46:11.114-0500] {override.py:1900} INFO - Created Permission View: can delete on DAG Run:dataset_consumes_1_never_scheduled
[2024-09-06T19:46:11.116-0500] {logging_mixin.py:190} INFO - [2024-09-06T19:46:11.116-0500] {override.py:1900} INFO - Created Permission View: menu access on DAG Run:dataset_consumes_1_never_scheduled
[2024-09-06T19:46:11.119-0500] {logging_mixin.py:190} INFO - [2024-09-06T19:46:11.119-0500] {override.py:1900} INFO - Created Permission View: can read on DAG Run:dataset_consumes_1_never_scheduled
[2024-09-06T19:46:11.123-0500] {logging_mixin.py:190} INFO - [2024-09-06T19:46:11.123-0500] {override.py:1900} INFO - Created Permission View: can delete on DAG:dataset_consumes_1
[2024-09-06T19:46:11.125-0500] {logging_mixin.py:190} INFO - [2024-09-06T19:46:11.125-0500] {override.py:1900} INFO - Created Permission View: can edit on DAG:dataset_consumes_1
[2024-09-06T19:46:11.127-0500] {logging_mixin.py:190} INFO - [2024-09-06T19:46:11.127-0500] {override.py:1900} INFO - Created Permission View: can read on DAG:dataset_consumes_1
[2024-09-06T19:46:11.130-0500] {logging_mixin.py:190} INFO - [2024-09-06T19:46:11.130-0500] {override.py:1900} INFO - Created Permission View: can create on DAG Run:dataset_consumes_1
[2024-09-06T19:46:11.132-0500] {logging_mixin.py:190} INFO - [2024-09-06T19:46:11.132-0500] {override.py:1900} INFO - Created Permission View: can delete on DAG Run:dataset_consumes_1
[2024-09-06T19:46:11.134-0500] {logging_mixin.py:190} INFO - [2024-09-06T19:46:11.134-0500] {override.py:1900} INFO - Created Permission View: menu access on DAG Run:dataset_consumes_1
[2024-09-06T19:46:11.136-0500] {logging_mixin.py:190} INFO - [2024-09-06T19:46:11.136-0500] {override.py:1900} INFO - Created Permission View: can read on DAG Run:dataset_consumes_1
[2024-09-06T19:46:11.140-0500] {logging_mixin.py:190} INFO - [2024-09-06T19:46:11.140-0500] {override.py:1900} INFO - Created Permission View: can delete on DAG:dataset_consumes_unknown_never_scheduled
[2024-09-06T19:46:11.143-0500] {logging_mixin.py:190} INFO - [2024-09-06T19:46:11.142-0500] {override.py:1900} INFO - Created Permission View: can edit on DAG:dataset_consumes_unknown_never_scheduled
[2024-09-06T19:46:11.145-0500] {logging_mixin.py:190} INFO - [2024-09-06T19:46:11.145-0500] {override.py:1900} INFO - Created Permission View: can read on DAG:dataset_consumes_unknown_never_scheduled
[2024-09-06T19:46:11.147-0500] {logging_mixin.py:190} INFO - [2024-09-06T19:46:11.147-0500] {override.py:1900} INFO - Created Permission View: can create on DAG Run:dataset_consumes_unknown_never_scheduled
[2024-09-06T19:46:11.150-0500] {logging_mixin.py:190} INFO - [2024-09-06T19:46:11.149-0500] {override.py:1900} INFO - Created Permission View: can delete on DAG Run:dataset_consumes_unknown_never_scheduled
[2024-09-06T19:46:11.152-0500] {logging_mixin.py:190} INFO - [2024-09-06T19:46:11.152-0500] {override.py:1900} INFO - Created Permission View: menu access on DAG Run:dataset_consumes_unknown_never_scheduled
[2024-09-06T19:46:11.154-0500] {logging_mixin.py:190} INFO - [2024-09-06T19:46:11.154-0500] {override.py:1900} INFO - Created Permission View: can read on DAG Run:dataset_consumes_unknown_never_scheduled
[2024-09-06T19:46:11.158-0500] {logging_mixin.py:190} INFO - [2024-09-06T19:46:11.158-0500] {override.py:1900} INFO - Created Permission View: can delete on DAG:dataset_produces_2
[2024-09-06T19:46:11.160-0500] {logging_mixin.py:190} INFO - [2024-09-06T19:46:11.160-0500] {override.py:1900} INFO - Created Permission View: can edit on DAG:dataset_produces_2
[2024-09-06T19:46:11.162-0500] {logging_mixin.py:190} INFO - [2024-09-06T19:46:11.162-0500] {override.py:1900} INFO - Created Permission View: can read on DAG:dataset_produces_2
[2024-09-06T19:46:11.165-0500] {logging_mixin.py:190} INFO - [2024-09-06T19:46:11.165-0500] {override.py:1900} INFO - Created Permission View: can create on DAG Run:dataset_produces_2
[2024-09-06T19:46:11.167-0500] {logging_mixin.py:190} INFO - [2024-09-06T19:46:11.167-0500] {override.py:1900} INFO - Created Permission View: can delete on DAG Run:dataset_produces_2
[2024-09-06T19:46:11.169-0500] {logging_mixin.py:190} INFO - [2024-09-06T19:46:11.169-0500] {override.py:1900} INFO - Created Permission View: menu access on DAG Run:dataset_produces_2
[2024-09-06T19:46:11.171-0500] {logging_mixin.py:190} INFO - [2024-09-06T19:46:11.171-0500] {override.py:1900} INFO - Created Permission View: can read on DAG Run:dataset_produces_2
[2024-09-06T19:46:11.176-0500] {logging_mixin.py:190} INFO - [2024-09-06T19:46:11.175-0500] {override.py:1900} INFO - Created Permission View: can delete on DAG:consume_1_or_both_2_and_3_with_dataset_expressions
[2024-09-06T19:46:11.178-0500] {logging_mixin.py:190} INFO - [2024-09-06T19:46:11.178-0500] {override.py:1900} INFO - Created Permission View: can edit on DAG:consume_1_or_both_2_and_3_with_dataset_expressions
[2024-09-06T19:46:11.180-0500] {logging_mixin.py:190} INFO - [2024-09-06T19:46:11.180-0500] {override.py:1900} INFO - Created Permission View: can read on DAG:consume_1_or_both_2_and_3_with_dataset_expressions
[2024-09-06T19:46:11.183-0500] {logging_mixin.py:190} INFO - [2024-09-06T19:46:11.182-0500] {override.py:1900} INFO - Created Permission View: can create on DAG Run:consume_1_or_both_2_and_3_with_dataset_expressions
[2024-09-06T19:46:11.185-0500] {logging_mixin.py:190} INFO - [2024-09-06T19:46:11.185-0500] {override.py:1900} INFO - Created Permission View: can delete on DAG Run:consume_1_or_both_2_and_3_with_dataset_expressions
[2024-09-06T19:46:11.187-0500] {logging_mixin.py:190} INFO - [2024-09-06T19:46:11.187-0500] {override.py:1900} INFO - Created Permission View: menu access on DAG Run:consume_1_or_both_2_and_3_with_dataset_expressions
[2024-09-06T19:46:11.189-0500] {logging_mixin.py:190} INFO - [2024-09-06T19:46:11.189-0500] {override.py:1900} INFO - Created Permission View: can read on DAG Run:consume_1_or_both_2_and_3_with_dataset_expressions
[2024-09-06T19:46:11.193-0500] {logging_mixin.py:190} INFO - [2024-09-06T19:46:11.193-0500] {override.py:1900} INFO - Created Permission View: can delete on DAG:consume_1_or_2_with_dataset_expressions
[2024-09-06T19:46:11.195-0500] {logging_mixin.py:190} INFO - [2024-09-06T19:46:11.195-0500] {override.py:1900} INFO - Created Permission View: can edit on DAG:consume_1_or_2_with_dataset_expressions
[2024-09-06T19:46:11.198-0500] {logging_mixin.py:190} INFO - [2024-09-06T19:46:11.198-0500] {override.py:1900} INFO - Created Permission View: can read on DAG:consume_1_or_2_with_dataset_expressions
[2024-09-06T19:46:11.200-0500] {logging_mixin.py:190} INFO - [2024-09-06T19:46:11.200-0500] {override.py:1900} INFO - Created Permission View: can create on DAG Run:consume_1_or_2_with_dataset_expressions
[2024-09-06T19:46:11.202-0500] {logging_mixin.py:190} INFO - [2024-09-06T19:46:11.202-0500] {override.py:1900} INFO - Created Permission View: can delete on DAG Run:consume_1_or_2_with_dataset_expressions
[2024-09-06T19:46:11.205-0500] {logging_mixin.py:190} INFO - [2024-09-06T19:46:11.204-0500] {override.py:1900} INFO - Created Permission View: menu access on DAG Run:consume_1_or_2_with_dataset_expressions
[2024-09-06T19:46:11.207-0500] {logging_mixin.py:190} INFO - [2024-09-06T19:46:11.207-0500] {override.py:1900} INFO - Created Permission View: can read on DAG Run:consume_1_or_2_with_dataset_expressions
[2024-09-06T19:46:11.207-0500] {logging_mixin.py:190} INFO - [2024-09-06T19:46:11.207-0500] {dag.py:3229} INFO - Sync 10 DAGs
[2024-09-06T19:46:11.243-0500] {logging_mixin.py:190} INFO - [2024-09-06T19:46:11.243-0500] {dag.py:3252} INFO - Creating ORM DAG for dataset_produces_1
[2024-09-06T19:46:11.243-0500] {logging_mixin.py:190} INFO - [2024-09-06T19:46:11.243-0500] {dag.py:3252} INFO - Creating ORM DAG for dataset_consumes_1
[2024-09-06T19:46:11.243-0500] {logging_mixin.py:190} INFO - [2024-09-06T19:46:11.243-0500] {dag.py:3252} INFO - Creating ORM DAG for dataset_consumes_unknown_never_scheduled
[2024-09-06T19:46:11.244-0500] {logging_mixin.py:190} INFO - [2024-09-06T19:46:11.244-0500] {dag.py:3252} INFO - Creating ORM DAG for consume_1_and_2_with_dataset_expressions
[2024-09-06T19:46:11.244-0500] {logging_mixin.py:190} INFO - [2024-09-06T19:46:11.244-0500] {dag.py:3252} INFO - Creating ORM DAG for consume_1_or_2_with_dataset_expressions
[2024-09-06T19:46:11.244-0500] {logging_mixin.py:190} INFO - [2024-09-06T19:46:11.244-0500] {dag.py:3252} INFO - Creating ORM DAG for dataset_produces_2
[2024-09-06T19:46:11.244-0500] {logging_mixin.py:190} INFO - [2024-09-06T19:46:11.244-0500] {dag.py:3252} INFO - Creating ORM DAG for conditional_dataset_and_time_based_timetable
[2024-09-06T19:46:11.244-0500] {logging_mixin.py:190} INFO - [2024-09-06T19:46:11.244-0500] {dag.py:3252} INFO - Creating ORM DAG for dataset_consumes_1_never_scheduled
[2024-09-06T19:46:11.245-0500] {logging_mixin.py:190} INFO - [2024-09-06T19:46:11.245-0500] {dag.py:3252} INFO - Creating ORM DAG for consume_1_or_both_2_and_3_with_dataset_expressions
[2024-09-06T19:46:11.245-0500] {logging_mixin.py:190} INFO - [2024-09-06T19:46:11.245-0500] {dag.py:3252} INFO - Creating ORM DAG for dataset_consumes_1_and_2
[2024-09-06T19:46:11.248-0500] {logging_mixin.py:190} INFO - [2024-09-06T19:46:11.248-0500] {dag.py:4156} INFO - Setting next_dagrun for conditional_dataset_and_time_based_timetable to 2024-09-04 01:00:00+00:00, run_after=2024-09-04 01:00:00+00:00
[2024-09-06T19:46:11.249-0500] {logging_mixin.py:190} INFO - [2024-09-06T19:46:11.248-0500] {dag.py:4156} INFO - Setting next_dagrun for consume_1_and_2_with_dataset_expressions to None, run_after=None
[2024-09-06T19:46:11.249-0500] {logging_mixin.py:190} INFO - [2024-09-06T19:46:11.249-0500] {dag.py:4156} INFO - Setting next_dagrun for consume_1_or_2_with_dataset_expressions to None, run_after=None
[2024-09-06T19:46:11.249-0500] {logging_mixin.py:190} INFO - [2024-09-06T19:46:11.249-0500] {dag.py:4156} INFO - Setting next_dagrun for consume_1_or_both_2_and_3_with_dataset_expressions to None, run_after=None
[2024-09-06T19:46:11.249-0500] {logging_mixin.py:190} INFO - [2024-09-06T19:46:11.249-0500] {dag.py:4156} INFO - Setting next_dagrun for dataset_consumes_1 to None, run_after=None
[2024-09-06T19:46:11.249-0500] {logging_mixin.py:190} INFO - [2024-09-06T19:46:11.249-0500] {dag.py:4156} INFO - Setting next_dagrun for dataset_consumes_1_and_2 to None, run_after=None
[2024-09-06T19:46:11.249-0500] {logging_mixin.py:190} INFO - [2024-09-06T19:46:11.249-0500] {dag.py:4156} INFO - Setting next_dagrun for dataset_consumes_1_never_scheduled to None, run_after=None
[2024-09-06T19:46:11.249-0500] {logging_mixin.py:190} INFO - [2024-09-06T19:46:11.249-0500] {dag.py:4156} INFO - Setting next_dagrun for dataset_consumes_unknown_never_scheduled to None, run_after=None
[2024-09-06T19:46:11.250-0500] {logging_mixin.py:190} INFO - [2024-09-06T19:46:11.250-0500] {dag.py:4156} INFO - Setting next_dagrun for dataset_produces_1 to 2024-09-06 00:00:00+00:00, run_after=2024-09-07 00:00:00+00:00
[2024-09-06T19:46:11.250-0500] {logging_mixin.py:190} INFO - [2024-09-06T19:46:11.250-0500] {dag.py:4156} INFO - Setting next_dagrun for dataset_produces_2 to None, run_after=None
[2024-09-06T19:46:11.437-0500] {processor.py:208} INFO - Processing /Users/binhpham/Library/Python/3.9/lib/python/site-packages/airflow/example_dags/example_datasets.py took 0.534 seconds
[2024-09-06T19:48:31.821-0500] {processor.py:186} INFO - Started process (PID=35424) to work on /Users/binhpham/Library/Python/3.9/lib/python/site-packages/airflow/example_dags/example_datasets.py
[2024-09-06T19:48:31.823-0500] {processor.py:914} INFO - Processing file /Users/binhpham/Library/Python/3.9/lib/python/site-packages/airflow/example_dags/example_datasets.py for tasks to queue
[2024-09-06T19:48:31.823-0500] {logging_mixin.py:190} INFO - [2024-09-06T19:48:31.823-0500] {dagbag.py:587} INFO - Filling up the DagBag from /Users/binhpham/Library/Python/3.9/lib/python/site-packages/airflow/example_dags/example_datasets.py
[2024-09-06T19:48:31.868-0500] {processor.py:925} INFO - DAG(s) 'dataset_consumes_unknown_never_scheduled', 'dataset_consumes_1_and_2', 'dataset_consumes_1', 'consume_1_and_2_with_dataset_expressions', 'consume_1_or_2_with_dataset_expressions', 'dataset_produces_1', 'dataset_produces_2', 'conditional_dataset_and_time_based_timetable', 'consume_1_or_both_2_and_3_with_dataset_expressions', 'dataset_consumes_1_never_scheduled' retrieved from /Users/binhpham/Library/Python/3.9/lib/python/site-packages/airflow/example_dags/example_datasets.py
[2024-09-06T19:48:31.918-0500] {logging_mixin.py:190} INFO - [2024-09-06T19:48:31.918-0500] {dag.py:3229} INFO - Sync 10 DAGs
[2024-09-06T19:48:31.927-0500] {logging_mixin.py:190} INFO - [2024-09-06T19:48:31.927-0500] {dag.py:4156} INFO - Setting next_dagrun for conditional_dataset_and_time_based_timetable to 2024-09-04 01:00:00+00:00, run_after=2024-09-04 01:00:00+00:00
[2024-09-06T19:48:31.928-0500] {logging_mixin.py:190} INFO - [2024-09-06T19:48:31.928-0500] {dag.py:4156} INFO - Setting next_dagrun for consume_1_and_2_with_dataset_expressions to None, run_after=None
[2024-09-06T19:48:31.929-0500] {logging_mixin.py:190} INFO - [2024-09-06T19:48:31.929-0500] {dag.py:4156} INFO - Setting next_dagrun for consume_1_or_2_with_dataset_expressions to None, run_after=None
[2024-09-06T19:48:31.929-0500] {logging_mixin.py:190} INFO - [2024-09-06T19:48:31.929-0500] {dag.py:4156} INFO - Setting next_dagrun for consume_1_or_both_2_and_3_with_dataset_expressions to None, run_after=None
[2024-09-06T19:48:31.929-0500] {logging_mixin.py:190} INFO - [2024-09-06T19:48:31.929-0500] {dag.py:4156} INFO - Setting next_dagrun for dataset_consumes_1 to None, run_after=None
[2024-09-06T19:48:31.930-0500] {logging_mixin.py:190} INFO - [2024-09-06T19:48:31.930-0500] {dag.py:4156} INFO - Setting next_dagrun for dataset_consumes_1_and_2 to None, run_after=None
[2024-09-06T19:48:31.930-0500] {logging_mixin.py:190} INFO - [2024-09-06T19:48:31.930-0500] {dag.py:4156} INFO - Setting next_dagrun for dataset_consumes_1_never_scheduled to None, run_after=None
[2024-09-06T19:48:31.930-0500] {logging_mixin.py:190} INFO - [2024-09-06T19:48:31.930-0500] {dag.py:4156} INFO - Setting next_dagrun for dataset_consumes_unknown_never_scheduled to None, run_after=None
[2024-09-06T19:48:31.931-0500] {logging_mixin.py:190} INFO - [2024-09-06T19:48:31.931-0500] {dag.py:4156} INFO - Setting next_dagrun for dataset_produces_1 to 2024-09-06 00:00:00+00:00, run_after=2024-09-07 00:00:00+00:00
[2024-09-06T19:48:31.932-0500] {logging_mixin.py:190} INFO - [2024-09-06T19:48:31.932-0500] {dag.py:4156} INFO - Setting next_dagrun for dataset_produces_2 to None, run_after=None
[2024-09-06T19:48:31.943-0500] {processor.py:208} INFO - Processing /Users/binhpham/Library/Python/3.9/lib/python/site-packages/airflow/example_dags/example_datasets.py took 0.124 seconds
[2024-09-06T19:51:14.388-0500] {processor.py:186} INFO - Started process (PID=35938) to work on /Users/binhpham/Library/Python/3.9/lib/python/site-packages/airflow/example_dags/example_datasets.py
[2024-09-06T19:51:14.390-0500] {processor.py:914} INFO - Processing file /Users/binhpham/Library/Python/3.9/lib/python/site-packages/airflow/example_dags/example_datasets.py for tasks to queue
[2024-09-06T19:51:14.391-0500] {logging_mixin.py:190} INFO - [2024-09-06T19:51:14.391-0500] {dagbag.py:587} INFO - Filling up the DagBag from /Users/binhpham/Library/Python/3.9/lib/python/site-packages/airflow/example_dags/example_datasets.py
[2024-09-06T19:51:14.437-0500] {processor.py:925} INFO - DAG(s) 'consume_1_or_both_2_and_3_with_dataset_expressions', 'consume_1_and_2_with_dataset_expressions', 'dataset_produces_2', 'dataset_consumes_1', 'dataset_consumes_1_and_2', 'dataset_produces_1', 'consume_1_or_2_with_dataset_expressions', 'dataset_consumes_1_never_scheduled', 'conditional_dataset_and_time_based_timetable', 'dataset_consumes_unknown_never_scheduled' retrieved from /Users/binhpham/Library/Python/3.9/lib/python/site-packages/airflow/example_dags/example_datasets.py
[2024-09-06T19:51:14.489-0500] {logging_mixin.py:190} INFO - [2024-09-06T19:51:14.489-0500] {dag.py:3229} INFO - Sync 10 DAGs
[2024-09-06T19:51:14.498-0500] {logging_mixin.py:190} INFO - [2024-09-06T19:51:14.498-0500] {dag.py:4156} INFO - Setting next_dagrun for conditional_dataset_and_time_based_timetable to 2024-09-04 01:00:00+00:00, run_after=2024-09-04 01:00:00+00:00
[2024-09-06T19:51:14.499-0500] {logging_mixin.py:190} INFO - [2024-09-06T19:51:14.499-0500] {dag.py:4156} INFO - Setting next_dagrun for consume_1_and_2_with_dataset_expressions to None, run_after=None
[2024-09-06T19:51:14.500-0500] {logging_mixin.py:190} INFO - [2024-09-06T19:51:14.500-0500] {dag.py:4156} INFO - Setting next_dagrun for consume_1_or_2_with_dataset_expressions to None, run_after=None
[2024-09-06T19:51:14.500-0500] {logging_mixin.py:190} INFO - [2024-09-06T19:51:14.500-0500] {dag.py:4156} INFO - Setting next_dagrun for consume_1_or_both_2_and_3_with_dataset_expressions to None, run_after=None
[2024-09-06T19:51:14.500-0500] {logging_mixin.py:190} INFO - [2024-09-06T19:51:14.500-0500] {dag.py:4156} INFO - Setting next_dagrun for dataset_consumes_1 to None, run_after=None
[2024-09-06T19:51:14.501-0500] {logging_mixin.py:190} INFO - [2024-09-06T19:51:14.501-0500] {dag.py:4156} INFO - Setting next_dagrun for dataset_consumes_1_and_2 to None, run_after=None
[2024-09-06T19:51:14.501-0500] {logging_mixin.py:190} INFO - [2024-09-06T19:51:14.501-0500] {dag.py:4156} INFO - Setting next_dagrun for dataset_consumes_1_never_scheduled to None, run_after=None
[2024-09-06T19:51:14.501-0500] {logging_mixin.py:190} INFO - [2024-09-06T19:51:14.501-0500] {dag.py:4156} INFO - Setting next_dagrun for dataset_consumes_unknown_never_scheduled to None, run_after=None
[2024-09-06T19:51:14.502-0500] {logging_mixin.py:190} INFO - [2024-09-06T19:51:14.502-0500] {dag.py:4156} INFO - Setting next_dagrun for dataset_produces_1 to 2024-09-06 00:00:00+00:00, run_after=2024-09-07 00:00:00+00:00
[2024-09-06T19:51:14.502-0500] {logging_mixin.py:190} INFO - [2024-09-06T19:51:14.502-0500] {dag.py:4156} INFO - Setting next_dagrun for dataset_produces_2 to None, run_after=None
[2024-09-06T19:51:14.514-0500] {processor.py:208} INFO - Processing /Users/binhpham/Library/Python/3.9/lib/python/site-packages/airflow/example_dags/example_datasets.py took 0.127 seconds
[2024-09-06T19:54:54.550-0500] {processor.py:186} INFO - Started process (PID=36702) to work on /Users/binhpham/Library/Python/3.9/lib/python/site-packages/airflow/example_dags/example_datasets.py
[2024-09-06T19:54:54.552-0500] {processor.py:914} INFO - Processing file /Users/binhpham/Library/Python/3.9/lib/python/site-packages/airflow/example_dags/example_datasets.py for tasks to queue
[2024-09-06T19:54:54.553-0500] {logging_mixin.py:190} INFO - [2024-09-06T19:54:54.552-0500] {dagbag.py:587} INFO - Filling up the DagBag from /Users/binhpham/Library/Python/3.9/lib/python/site-packages/airflow/example_dags/example_datasets.py
[2024-09-06T19:54:54.601-0500] {processor.py:925} INFO - DAG(s) 'consume_1_and_2_with_dataset_expressions', 'dataset_consumes_1_and_2', 'conditional_dataset_and_time_based_timetable', 'dataset_produces_1', 'dataset_produces_2', 'dataset_consumes_1_never_scheduled', 'consume_1_or_2_with_dataset_expressions', 'dataset_consumes_1', 'dataset_consumes_unknown_never_scheduled', 'consume_1_or_both_2_and_3_with_dataset_expressions' retrieved from /Users/binhpham/Library/Python/3.9/lib/python/site-packages/airflow/example_dags/example_datasets.py
[2024-09-06T19:54:54.652-0500] {logging_mixin.py:190} INFO - [2024-09-06T19:54:54.652-0500] {dag.py:3229} INFO - Sync 10 DAGs
[2024-09-06T19:54:54.661-0500] {logging_mixin.py:190} INFO - [2024-09-06T19:54:54.661-0500] {dag.py:4156} INFO - Setting next_dagrun for conditional_dataset_and_time_based_timetable to 2024-09-04 01:00:00+00:00, run_after=2024-09-04 01:00:00+00:00
[2024-09-06T19:54:54.662-0500] {logging_mixin.py:190} INFO - [2024-09-06T19:54:54.662-0500] {dag.py:4156} INFO - Setting next_dagrun for consume_1_and_2_with_dataset_expressions to None, run_after=None
[2024-09-06T19:54:54.663-0500] {logging_mixin.py:190} INFO - [2024-09-06T19:54:54.663-0500] {dag.py:4156} INFO - Setting next_dagrun for consume_1_or_2_with_dataset_expressions to None, run_after=None
[2024-09-06T19:54:54.663-0500] {logging_mixin.py:190} INFO - [2024-09-06T19:54:54.663-0500] {dag.py:4156} INFO - Setting next_dagrun for consume_1_or_both_2_and_3_with_dataset_expressions to None, run_after=None
[2024-09-06T19:54:54.663-0500] {logging_mixin.py:190} INFO - [2024-09-06T19:54:54.663-0500] {dag.py:4156} INFO - Setting next_dagrun for dataset_consumes_1 to None, run_after=None
[2024-09-06T19:54:54.664-0500] {logging_mixin.py:190} INFO - [2024-09-06T19:54:54.664-0500] {dag.py:4156} INFO - Setting next_dagrun for dataset_consumes_1_and_2 to None, run_after=None
[2024-09-06T19:54:54.664-0500] {logging_mixin.py:190} INFO - [2024-09-06T19:54:54.664-0500] {dag.py:4156} INFO - Setting next_dagrun for dataset_consumes_1_never_scheduled to None, run_after=None
[2024-09-06T19:54:54.664-0500] {logging_mixin.py:190} INFO - [2024-09-06T19:54:54.664-0500] {dag.py:4156} INFO - Setting next_dagrun for dataset_consumes_unknown_never_scheduled to None, run_after=None
[2024-09-06T19:54:54.665-0500] {logging_mixin.py:190} INFO - [2024-09-06T19:54:54.665-0500] {dag.py:4156} INFO - Setting next_dagrun for dataset_produces_1 to 2024-09-06 00:00:00+00:00, run_after=2024-09-07 00:00:00+00:00
[2024-09-06T19:54:54.666-0500] {logging_mixin.py:190} INFO - [2024-09-06T19:54:54.665-0500] {dag.py:4156} INFO - Setting next_dagrun for dataset_produces_2 to None, run_after=None
[2024-09-06T19:54:54.677-0500] {processor.py:208} INFO - Processing /Users/binhpham/Library/Python/3.9/lib/python/site-packages/airflow/example_dags/example_datasets.py took 0.128 seconds
[2024-09-06T19:57:37.693-0500] {processor.py:186} INFO - Started process (PID=37201) to work on /Users/binhpham/Library/Python/3.9/lib/python/site-packages/airflow/example_dags/example_datasets.py
[2024-09-06T19:57:37.695-0500] {processor.py:914} INFO - Processing file /Users/binhpham/Library/Python/3.9/lib/python/site-packages/airflow/example_dags/example_datasets.py for tasks to queue
[2024-09-06T19:57:37.695-0500] {logging_mixin.py:190} INFO - [2024-09-06T19:57:37.695-0500] {dagbag.py:587} INFO - Filling up the DagBag from /Users/binhpham/Library/Python/3.9/lib/python/site-packages/airflow/example_dags/example_datasets.py
[2024-09-06T19:57:37.743-0500] {processor.py:925} INFO - DAG(s) 'consume_1_or_both_2_and_3_with_dataset_expressions', 'dataset_produces_2', 'consume_1_or_2_with_dataset_expressions', 'dataset_consumes_1', 'dataset_consumes_1_and_2', 'dataset_consumes_1_never_scheduled', 'consume_1_and_2_with_dataset_expressions', 'dataset_produces_1', 'dataset_consumes_unknown_never_scheduled', 'conditional_dataset_and_time_based_timetable' retrieved from /Users/binhpham/Library/Python/3.9/lib/python/site-packages/airflow/example_dags/example_datasets.py
[2024-09-06T19:57:37.797-0500] {logging_mixin.py:190} INFO - [2024-09-06T19:57:37.797-0500] {dag.py:3229} INFO - Sync 10 DAGs
[2024-09-06T19:57:37.807-0500] {logging_mixin.py:190} INFO - [2024-09-06T19:57:37.807-0500] {dag.py:4156} INFO - Setting next_dagrun for conditional_dataset_and_time_based_timetable to 2024-09-04 01:00:00+00:00, run_after=2024-09-04 01:00:00+00:00
[2024-09-06T19:57:37.808-0500] {logging_mixin.py:190} INFO - [2024-09-06T19:57:37.808-0500] {dag.py:4156} INFO - Setting next_dagrun for consume_1_and_2_with_dataset_expressions to None, run_after=None
[2024-09-06T19:57:37.808-0500] {logging_mixin.py:190} INFO - [2024-09-06T19:57:37.808-0500] {dag.py:4156} INFO - Setting next_dagrun for consume_1_or_2_with_dataset_expressions to None, run_after=None
[2024-09-06T19:57:37.809-0500] {logging_mixin.py:190} INFO - [2024-09-06T19:57:37.809-0500] {dag.py:4156} INFO - Setting next_dagrun for consume_1_or_both_2_and_3_with_dataset_expressions to None, run_after=None
[2024-09-06T19:57:37.809-0500] {logging_mixin.py:190} INFO - [2024-09-06T19:57:37.809-0500] {dag.py:4156} INFO - Setting next_dagrun for dataset_consumes_1 to None, run_after=None
[2024-09-06T19:57:37.809-0500] {logging_mixin.py:190} INFO - [2024-09-06T19:57:37.809-0500] {dag.py:4156} INFO - Setting next_dagrun for dataset_consumes_1_and_2 to None, run_after=None
[2024-09-06T19:57:37.810-0500] {logging_mixin.py:190} INFO - [2024-09-06T19:57:37.810-0500] {dag.py:4156} INFO - Setting next_dagrun for dataset_consumes_1_never_scheduled to None, run_after=None
[2024-09-06T19:57:37.810-0500] {logging_mixin.py:190} INFO - [2024-09-06T19:57:37.810-0500] {dag.py:4156} INFO - Setting next_dagrun for dataset_consumes_unknown_never_scheduled to None, run_after=None
[2024-09-06T19:57:37.811-0500] {logging_mixin.py:190} INFO - [2024-09-06T19:57:37.811-0500] {dag.py:4156} INFO - Setting next_dagrun for dataset_produces_1 to 2024-09-06 00:00:00+00:00, run_after=2024-09-07 00:00:00+00:00
[2024-09-06T19:57:37.811-0500] {logging_mixin.py:190} INFO - [2024-09-06T19:57:37.811-0500] {dag.py:4156} INFO - Setting next_dagrun for dataset_produces_2 to None, run_after=None
[2024-09-06T19:57:37.823-0500] {processor.py:208} INFO - Processing /Users/binhpham/Library/Python/3.9/lib/python/site-packages/airflow/example_dags/example_datasets.py took 0.132 seconds
[2024-09-06T20:00:21.430-0500] {processor.py:186} INFO - Started process (PID=37707) to work on /Users/binhpham/Library/Python/3.9/lib/python/site-packages/airflow/example_dags/example_datasets.py
[2024-09-06T20:00:21.432-0500] {processor.py:914} INFO - Processing file /Users/binhpham/Library/Python/3.9/lib/python/site-packages/airflow/example_dags/example_datasets.py for tasks to queue
[2024-09-06T20:00:21.433-0500] {logging_mixin.py:190} INFO - [2024-09-06T20:00:21.433-0500] {dagbag.py:587} INFO - Filling up the DagBag from /Users/binhpham/Library/Python/3.9/lib/python/site-packages/airflow/example_dags/example_datasets.py
[2024-09-06T20:00:21.485-0500] {processor.py:925} INFO - DAG(s) 'dataset_consumes_unknown_never_scheduled', 'consume_1_and_2_with_dataset_expressions', 'dataset_produces_1', 'dataset_consumes_1_and_2', 'consume_1_or_both_2_and_3_with_dataset_expressions', 'conditional_dataset_and_time_based_timetable', 'dataset_consumes_1', 'dataset_consumes_1_never_scheduled', 'dataset_produces_2', 'consume_1_or_2_with_dataset_expressions' retrieved from /Users/binhpham/Library/Python/3.9/lib/python/site-packages/airflow/example_dags/example_datasets.py
[2024-09-06T20:00:21.539-0500] {logging_mixin.py:190} INFO - [2024-09-06T20:00:21.539-0500] {dag.py:3229} INFO - Sync 10 DAGs
[2024-09-06T20:00:21.548-0500] {logging_mixin.py:190} INFO - [2024-09-06T20:00:21.548-0500] {dag.py:4156} INFO - Setting next_dagrun for conditional_dataset_and_time_based_timetable to 2024-09-04 01:00:00+00:00, run_after=2024-09-04 01:00:00+00:00
[2024-09-06T20:00:21.549-0500] {logging_mixin.py:190} INFO - [2024-09-06T20:00:21.549-0500] {dag.py:4156} INFO - Setting next_dagrun for consume_1_and_2_with_dataset_expressions to None, run_after=None
[2024-09-06T20:00:21.549-0500] {logging_mixin.py:190} INFO - [2024-09-06T20:00:21.549-0500] {dag.py:4156} INFO - Setting next_dagrun for consume_1_or_2_with_dataset_expressions to None, run_after=None
[2024-09-06T20:00:21.550-0500] {logging_mixin.py:190} INFO - [2024-09-06T20:00:21.550-0500] {dag.py:4156} INFO - Setting next_dagrun for consume_1_or_both_2_and_3_with_dataset_expressions to None, run_after=None
[2024-09-06T20:00:21.550-0500] {logging_mixin.py:190} INFO - [2024-09-06T20:00:21.550-0500] {dag.py:4156} INFO - Setting next_dagrun for dataset_consumes_1 to None, run_after=None
[2024-09-06T20:00:21.550-0500] {logging_mixin.py:190} INFO - [2024-09-06T20:00:21.550-0500] {dag.py:4156} INFO - Setting next_dagrun for dataset_consumes_1_and_2 to None, run_after=None
[2024-09-06T20:00:21.551-0500] {logging_mixin.py:190} INFO - [2024-09-06T20:00:21.550-0500] {dag.py:4156} INFO - Setting next_dagrun for dataset_consumes_1_never_scheduled to None, run_after=None
[2024-09-06T20:00:21.551-0500] {logging_mixin.py:190} INFO - [2024-09-06T20:00:21.551-0500] {dag.py:4156} INFO - Setting next_dagrun for dataset_consumes_unknown_never_scheduled to None, run_after=None
[2024-09-06T20:00:21.552-0500] {logging_mixin.py:190} INFO - [2024-09-06T20:00:21.552-0500] {dag.py:4156} INFO - Setting next_dagrun for dataset_produces_1 to 2024-09-06 00:00:00+00:00, run_after=2024-09-07 00:00:00+00:00
[2024-09-06T20:00:21.552-0500] {logging_mixin.py:190} INFO - [2024-09-06T20:00:21.552-0500] {dag.py:4156} INFO - Setting next_dagrun for dataset_produces_2 to None, run_after=None
[2024-09-06T20:00:21.563-0500] {processor.py:208} INFO - Processing /Users/binhpham/Library/Python/3.9/lib/python/site-packages/airflow/example_dags/example_datasets.py took 0.135 seconds
[2024-09-06T20:03:03.141-0500] {processor.py:186} INFO - Started process (PID=38206) to work on /Users/binhpham/Library/Python/3.9/lib/python/site-packages/airflow/example_dags/example_datasets.py
[2024-09-06T20:03:03.143-0500] {processor.py:914} INFO - Processing file /Users/binhpham/Library/Python/3.9/lib/python/site-packages/airflow/example_dags/example_datasets.py for tasks to queue
[2024-09-06T20:03:03.144-0500] {logging_mixin.py:190} INFO - [2024-09-06T20:03:03.143-0500] {dagbag.py:587} INFO - Filling up the DagBag from /Users/binhpham/Library/Python/3.9/lib/python/site-packages/airflow/example_dags/example_datasets.py
[2024-09-06T20:03:03.200-0500] {processor.py:925} INFO - DAG(s) 'dataset_consumes_1', 'consume_1_and_2_with_dataset_expressions', 'consume_1_or_2_with_dataset_expressions', 'consume_1_or_both_2_and_3_with_dataset_expressions', 'dataset_consumes_1_never_scheduled', 'conditional_dataset_and_time_based_timetable', 'dataset_consumes_1_and_2', 'dataset_consumes_unknown_never_scheduled', 'dataset_produces_1', 'dataset_produces_2' retrieved from /Users/binhpham/Library/Python/3.9/lib/python/site-packages/airflow/example_dags/example_datasets.py
[2024-09-06T20:03:03.255-0500] {logging_mixin.py:190} INFO - [2024-09-06T20:03:03.254-0500] {dag.py:3229} INFO - Sync 10 DAGs
[2024-09-06T20:03:03.265-0500] {logging_mixin.py:190} INFO - [2024-09-06T20:03:03.265-0500] {dag.py:4156} INFO - Setting next_dagrun for conditional_dataset_and_time_based_timetable to 2024-09-04 01:00:00+00:00, run_after=2024-09-04 01:00:00+00:00
[2024-09-06T20:03:03.266-0500] {logging_mixin.py:190} INFO - [2024-09-06T20:03:03.266-0500] {dag.py:4156} INFO - Setting next_dagrun for consume_1_and_2_with_dataset_expressions to None, run_after=None
[2024-09-06T20:03:03.267-0500] {logging_mixin.py:190} INFO - [2024-09-06T20:03:03.267-0500] {dag.py:4156} INFO - Setting next_dagrun for consume_1_or_2_with_dataset_expressions to None, run_after=None
[2024-09-06T20:03:03.267-0500] {logging_mixin.py:190} INFO - [2024-09-06T20:03:03.267-0500] {dag.py:4156} INFO - Setting next_dagrun for consume_1_or_both_2_and_3_with_dataset_expressions to None, run_after=None
[2024-09-06T20:03:03.267-0500] {logging_mixin.py:190} INFO - [2024-09-06T20:03:03.267-0500] {dag.py:4156} INFO - Setting next_dagrun for dataset_consumes_1 to None, run_after=None
[2024-09-06T20:03:03.268-0500] {logging_mixin.py:190} INFO - [2024-09-06T20:03:03.268-0500] {dag.py:4156} INFO - Setting next_dagrun for dataset_consumes_1_and_2 to None, run_after=None
[2024-09-06T20:03:03.268-0500] {logging_mixin.py:190} INFO - [2024-09-06T20:03:03.268-0500] {dag.py:4156} INFO - Setting next_dagrun for dataset_consumes_1_never_scheduled to None, run_after=None
[2024-09-06T20:03:03.268-0500] {logging_mixin.py:190} INFO - [2024-09-06T20:03:03.268-0500] {dag.py:4156} INFO - Setting next_dagrun for dataset_consumes_unknown_never_scheduled to None, run_after=None
[2024-09-06T20:03:03.269-0500] {logging_mixin.py:190} INFO - [2024-09-06T20:03:03.269-0500] {dag.py:4156} INFO - Setting next_dagrun for dataset_produces_1 to 2024-09-06 00:00:00+00:00, run_after=2024-09-07 00:00:00+00:00
[2024-09-06T20:03:03.270-0500] {logging_mixin.py:190} INFO - [2024-09-06T20:03:03.269-0500] {dag.py:4156} INFO - Setting next_dagrun for dataset_produces_2 to None, run_after=None
[2024-09-06T20:03:03.282-0500] {processor.py:208} INFO - Processing /Users/binhpham/Library/Python/3.9/lib/python/site-packages/airflow/example_dags/example_datasets.py took 0.143 seconds
[2024-09-06T20:05:42.161-0500] {processor.py:186} INFO - Started process (PID=38689) to work on /Users/binhpham/Library/Python/3.9/lib/python/site-packages/airflow/example_dags/example_datasets.py
[2024-09-06T20:05:42.163-0500] {processor.py:914} INFO - Processing file /Users/binhpham/Library/Python/3.9/lib/python/site-packages/airflow/example_dags/example_datasets.py for tasks to queue
[2024-09-06T20:05:42.164-0500] {logging_mixin.py:190} INFO - [2024-09-06T20:05:42.164-0500] {dagbag.py:587} INFO - Filling up the DagBag from /Users/binhpham/Library/Python/3.9/lib/python/site-packages/airflow/example_dags/example_datasets.py
[2024-09-06T20:05:42.217-0500] {processor.py:925} INFO - DAG(s) 'dataset_consumes_1_and_2', 'dataset_consumes_unknown_never_scheduled', 'dataset_consumes_1_never_scheduled', 'consume_1_or_both_2_and_3_with_dataset_expressions', 'consume_1_and_2_with_dataset_expressions', 'dataset_produces_2', 'dataset_produces_1', 'conditional_dataset_and_time_based_timetable', 'dataset_consumes_1', 'consume_1_or_2_with_dataset_expressions' retrieved from /Users/binhpham/Library/Python/3.9/lib/python/site-packages/airflow/example_dags/example_datasets.py
[2024-09-06T20:05:42.267-0500] {logging_mixin.py:190} INFO - [2024-09-06T20:05:42.267-0500] {dag.py:3229} INFO - Sync 10 DAGs
[2024-09-06T20:05:42.276-0500] {logging_mixin.py:190} INFO - [2024-09-06T20:05:42.275-0500] {dag.py:4156} INFO - Setting next_dagrun for conditional_dataset_and_time_based_timetable to 2024-09-04 01:00:00+00:00, run_after=2024-09-04 01:00:00+00:00
[2024-09-06T20:05:42.277-0500] {logging_mixin.py:190} INFO - [2024-09-06T20:05:42.277-0500] {dag.py:4156} INFO - Setting next_dagrun for consume_1_and_2_with_dataset_expressions to None, run_after=None
[2024-09-06T20:05:42.277-0500] {logging_mixin.py:190} INFO - [2024-09-06T20:05:42.277-0500] {dag.py:4156} INFO - Setting next_dagrun for consume_1_or_2_with_dataset_expressions to None, run_after=None
[2024-09-06T20:05:42.277-0500] {logging_mixin.py:190} INFO - [2024-09-06T20:05:42.277-0500] {dag.py:4156} INFO - Setting next_dagrun for consume_1_or_both_2_and_3_with_dataset_expressions to None, run_after=None
[2024-09-06T20:05:42.278-0500] {logging_mixin.py:190} INFO - [2024-09-06T20:05:42.278-0500] {dag.py:4156} INFO - Setting next_dagrun for dataset_consumes_1 to None, run_after=None
[2024-09-06T20:05:42.278-0500] {logging_mixin.py:190} INFO - [2024-09-06T20:05:42.278-0500] {dag.py:4156} INFO - Setting next_dagrun for dataset_consumes_1_and_2 to None, run_after=None
[2024-09-06T20:05:42.278-0500] {logging_mixin.py:190} INFO - [2024-09-06T20:05:42.278-0500] {dag.py:4156} INFO - Setting next_dagrun for dataset_consumes_1_never_scheduled to None, run_after=None
[2024-09-06T20:05:42.279-0500] {logging_mixin.py:190} INFO - [2024-09-06T20:05:42.279-0500] {dag.py:4156} INFO - Setting next_dagrun for dataset_consumes_unknown_never_scheduled to None, run_after=None
[2024-09-06T20:05:42.280-0500] {logging_mixin.py:190} INFO - [2024-09-06T20:05:42.279-0500] {dag.py:4156} INFO - Setting next_dagrun for dataset_produces_1 to 2024-09-06 00:00:00+00:00, run_after=2024-09-07 00:00:00+00:00
[2024-09-06T20:05:42.280-0500] {logging_mixin.py:190} INFO - [2024-09-06T20:05:42.280-0500] {dag.py:4156} INFO - Setting next_dagrun for dataset_produces_2 to None, run_after=None
[2024-09-06T20:05:42.291-0500] {processor.py:208} INFO - Processing /Users/binhpham/Library/Python/3.9/lib/python/site-packages/airflow/example_dags/example_datasets.py took 0.132 seconds
[2024-09-06T20:08:24.145-0500] {processor.py:186} INFO - Started process (PID=39181) to work on /Users/binhpham/Library/Python/3.9/lib/python/site-packages/airflow/example_dags/example_datasets.py
[2024-09-06T20:08:24.148-0500] {processor.py:914} INFO - Processing file /Users/binhpham/Library/Python/3.9/lib/python/site-packages/airflow/example_dags/example_datasets.py for tasks to queue
[2024-09-06T20:08:24.148-0500] {logging_mixin.py:190} INFO - [2024-09-06T20:08:24.148-0500] {dagbag.py:587} INFO - Filling up the DagBag from /Users/binhpham/Library/Python/3.9/lib/python/site-packages/airflow/example_dags/example_datasets.py
[2024-09-06T20:08:24.200-0500] {processor.py:925} INFO - DAG(s) 'consume_1_or_both_2_and_3_with_dataset_expressions', 'dataset_consumes_1_never_scheduled', 'conditional_dataset_and_time_based_timetable', 'dataset_produces_2', 'consume_1_and_2_with_dataset_expressions', 'consume_1_or_2_with_dataset_expressions', 'dataset_consumes_1', 'dataset_consumes_unknown_never_scheduled', 'dataset_consumes_1_and_2', 'dataset_produces_1' retrieved from /Users/binhpham/Library/Python/3.9/lib/python/site-packages/airflow/example_dags/example_datasets.py
[2024-09-06T20:08:24.250-0500] {logging_mixin.py:190} INFO - [2024-09-06T20:08:24.249-0500] {dag.py:3229} INFO - Sync 10 DAGs
[2024-09-06T20:08:24.258-0500] {logging_mixin.py:190} INFO - [2024-09-06T20:08:24.258-0500] {dag.py:4156} INFO - Setting next_dagrun for conditional_dataset_and_time_based_timetable to 2024-09-04 01:00:00+00:00, run_after=2024-09-04 01:00:00+00:00
[2024-09-06T20:08:24.259-0500] {logging_mixin.py:190} INFO - [2024-09-06T20:08:24.259-0500] {dag.py:4156} INFO - Setting next_dagrun for consume_1_and_2_with_dataset_expressions to None, run_after=None
[2024-09-06T20:08:24.260-0500] {logging_mixin.py:190} INFO - [2024-09-06T20:08:24.260-0500] {dag.py:4156} INFO - Setting next_dagrun for consume_1_or_2_with_dataset_expressions to None, run_after=None
[2024-09-06T20:08:24.260-0500] {logging_mixin.py:190} INFO - [2024-09-06T20:08:24.260-0500] {dag.py:4156} INFO - Setting next_dagrun for consume_1_or_both_2_and_3_with_dataset_expressions to None, run_after=None
[2024-09-06T20:08:24.260-0500] {logging_mixin.py:190} INFO - [2024-09-06T20:08:24.260-0500] {dag.py:4156} INFO - Setting next_dagrun for dataset_consumes_1 to None, run_after=None
[2024-09-06T20:08:24.261-0500] {logging_mixin.py:190} INFO - [2024-09-06T20:08:24.261-0500] {dag.py:4156} INFO - Setting next_dagrun for dataset_consumes_1_and_2 to None, run_after=None
[2024-09-06T20:08:24.261-0500] {logging_mixin.py:190} INFO - [2024-09-06T20:08:24.261-0500] {dag.py:4156} INFO - Setting next_dagrun for dataset_consumes_1_never_scheduled to None, run_after=None
[2024-09-06T20:08:24.261-0500] {logging_mixin.py:190} INFO - [2024-09-06T20:08:24.261-0500] {dag.py:4156} INFO - Setting next_dagrun for dataset_consumes_unknown_never_scheduled to None, run_after=None
[2024-09-06T20:08:24.262-0500] {logging_mixin.py:190} INFO - [2024-09-06T20:08:24.262-0500] {dag.py:4156} INFO - Setting next_dagrun for dataset_produces_1 to 2024-09-06 00:00:00+00:00, run_after=2024-09-07 00:00:00+00:00
[2024-09-06T20:08:24.263-0500] {logging_mixin.py:190} INFO - [2024-09-06T20:08:24.263-0500] {dag.py:4156} INFO - Setting next_dagrun for dataset_produces_2 to None, run_after=None
[2024-09-06T20:08:24.274-0500] {processor.py:208} INFO - Processing /Users/binhpham/Library/Python/3.9/lib/python/site-packages/airflow/example_dags/example_datasets.py took 0.130 seconds
[2024-09-06T20:11:10.115-0500] {processor.py:186} INFO - Started process (PID=39723) to work on /Users/binhpham/Library/Python/3.9/lib/python/site-packages/airflow/example_dags/example_datasets.py
[2024-09-06T20:11:10.118-0500] {processor.py:914} INFO - Processing file /Users/binhpham/Library/Python/3.9/lib/python/site-packages/airflow/example_dags/example_datasets.py for tasks to queue
[2024-09-06T20:11:10.119-0500] {logging_mixin.py:190} INFO - [2024-09-06T20:11:10.119-0500] {dagbag.py:587} INFO - Filling up the DagBag from /Users/binhpham/Library/Python/3.9/lib/python/site-packages/airflow/example_dags/example_datasets.py
[2024-09-06T20:11:10.165-0500] {processor.py:925} INFO - DAG(s) 'dataset_produces_1', 'dataset_consumes_1_never_scheduled', 'conditional_dataset_and_time_based_timetable', 'dataset_consumes_unknown_never_scheduled', 'consume_1_or_2_with_dataset_expressions', 'dataset_consumes_1_and_2', 'dataset_produces_2', 'dataset_consumes_1', 'consume_1_or_both_2_and_3_with_dataset_expressions', 'consume_1_and_2_with_dataset_expressions' retrieved from /Users/binhpham/Library/Python/3.9/lib/python/site-packages/airflow/example_dags/example_datasets.py
[2024-09-06T20:11:10.215-0500] {logging_mixin.py:190} INFO - [2024-09-06T20:11:10.215-0500] {dag.py:3229} INFO - Sync 10 DAGs
[2024-09-06T20:11:10.224-0500] {logging_mixin.py:190} INFO - [2024-09-06T20:11:10.224-0500] {dag.py:4156} INFO - Setting next_dagrun for conditional_dataset_and_time_based_timetable to 2024-09-11 01:00:00+00:00, run_after=2024-09-11 01:00:00+00:00
[2024-09-06T20:11:10.225-0500] {logging_mixin.py:190} INFO - [2024-09-06T20:11:10.225-0500] {dag.py:4156} INFO - Setting next_dagrun for consume_1_and_2_with_dataset_expressions to None, run_after=None
[2024-09-06T20:11:10.225-0500] {logging_mixin.py:190} INFO - [2024-09-06T20:11:10.225-0500] {dag.py:4156} INFO - Setting next_dagrun for consume_1_or_2_with_dataset_expressions to None, run_after=None
[2024-09-06T20:11:10.226-0500] {logging_mixin.py:190} INFO - [2024-09-06T20:11:10.226-0500] {dag.py:4156} INFO - Setting next_dagrun for consume_1_or_both_2_and_3_with_dataset_expressions to None, run_after=None
[2024-09-06T20:11:10.226-0500] {logging_mixin.py:190} INFO - [2024-09-06T20:11:10.226-0500] {dag.py:4156} INFO - Setting next_dagrun for dataset_consumes_1 to None, run_after=None
[2024-09-06T20:11:10.226-0500] {logging_mixin.py:190} INFO - [2024-09-06T20:11:10.226-0500] {dag.py:4156} INFO - Setting next_dagrun for dataset_consumes_1_and_2 to None, run_after=None
[2024-09-06T20:11:10.227-0500] {logging_mixin.py:190} INFO - [2024-09-06T20:11:10.227-0500] {dag.py:4156} INFO - Setting next_dagrun for dataset_consumes_1_never_scheduled to None, run_after=None
[2024-09-06T20:11:10.227-0500] {logging_mixin.py:190} INFO - [2024-09-06T20:11:10.227-0500] {dag.py:4156} INFO - Setting next_dagrun for dataset_consumes_unknown_never_scheduled to None, run_after=None
[2024-09-06T20:11:10.228-0500] {logging_mixin.py:190} INFO - [2024-09-06T20:11:10.228-0500] {dag.py:4156} INFO - Setting next_dagrun for dataset_produces_1 to 2024-09-06 00:00:00+00:00, run_after=2024-09-07 00:00:00+00:00
[2024-09-06T20:11:10.228-0500] {logging_mixin.py:190} INFO - [2024-09-06T20:11:10.228-0500] {dag.py:4156} INFO - Setting next_dagrun for dataset_produces_2 to None, run_after=None
[2024-09-06T20:11:10.239-0500] {processor.py:208} INFO - Processing /Users/binhpham/Library/Python/3.9/lib/python/site-packages/airflow/example_dags/example_datasets.py took 0.125 seconds
[2024-09-06T20:13:53.535-0500] {processor.py:186} INFO - Started process (PID=40276) to work on /Users/binhpham/Library/Python/3.9/lib/python/site-packages/airflow/example_dags/example_datasets.py
[2024-09-06T20:13:53.537-0500] {processor.py:914} INFO - Processing file /Users/binhpham/Library/Python/3.9/lib/python/site-packages/airflow/example_dags/example_datasets.py for tasks to queue
[2024-09-06T20:13:53.538-0500] {logging_mixin.py:190} INFO - [2024-09-06T20:13:53.538-0500] {dagbag.py:587} INFO - Filling up the DagBag from /Users/binhpham/Library/Python/3.9/lib/python/site-packages/airflow/example_dags/example_datasets.py
[2024-09-06T20:13:53.592-0500] {processor.py:925} INFO - DAG(s) 'conditional_dataset_and_time_based_timetable', 'dataset_consumes_unknown_never_scheduled', 'dataset_produces_1', 'dataset_consumes_1_and_2', 'dataset_produces_2', 'consume_1_or_both_2_and_3_with_dataset_expressions', 'dataset_consumes_1', 'dataset_consumes_1_never_scheduled', 'consume_1_and_2_with_dataset_expressions', 'consume_1_or_2_with_dataset_expressions' retrieved from /Users/binhpham/Library/Python/3.9/lib/python/site-packages/airflow/example_dags/example_datasets.py
[2024-09-06T20:13:53.649-0500] {logging_mixin.py:190} INFO - [2024-09-06T20:13:53.649-0500] {dag.py:3229} INFO - Sync 10 DAGs
[2024-09-06T20:13:53.660-0500] {logging_mixin.py:190} INFO - [2024-09-06T20:13:53.660-0500] {dag.py:4156} INFO - Setting next_dagrun for conditional_dataset_and_time_based_timetable to 2024-09-11 01:00:00+00:00, run_after=2024-09-11 01:00:00+00:00
[2024-09-06T20:13:53.661-0500] {logging_mixin.py:190} INFO - [2024-09-06T20:13:53.661-0500] {dag.py:4156} INFO - Setting next_dagrun for consume_1_and_2_with_dataset_expressions to None, run_after=None
[2024-09-06T20:13:53.662-0500] {logging_mixin.py:190} INFO - [2024-09-06T20:13:53.661-0500] {dag.py:4156} INFO - Setting next_dagrun for consume_1_or_2_with_dataset_expressions to None, run_after=None
[2024-09-06T20:13:53.662-0500] {logging_mixin.py:190} INFO - [2024-09-06T20:13:53.662-0500] {dag.py:4156} INFO - Setting next_dagrun for consume_1_or_both_2_and_3_with_dataset_expressions to None, run_after=None
[2024-09-06T20:13:53.662-0500] {logging_mixin.py:190} INFO - [2024-09-06T20:13:53.662-0500] {dag.py:4156} INFO - Setting next_dagrun for dataset_consumes_1 to None, run_after=None
[2024-09-06T20:13:53.663-0500] {logging_mixin.py:190} INFO - [2024-09-06T20:13:53.663-0500] {dag.py:4156} INFO - Setting next_dagrun for dataset_consumes_1_and_2 to None, run_after=None
[2024-09-06T20:13:53.663-0500] {logging_mixin.py:190} INFO - [2024-09-06T20:13:53.663-0500] {dag.py:4156} INFO - Setting next_dagrun for dataset_consumes_1_never_scheduled to None, run_after=None
[2024-09-06T20:13:53.663-0500] {logging_mixin.py:190} INFO - [2024-09-06T20:13:53.663-0500] {dag.py:4156} INFO - Setting next_dagrun for dataset_consumes_unknown_never_scheduled to None, run_after=None
[2024-09-06T20:13:53.664-0500] {logging_mixin.py:190} INFO - [2024-09-06T20:13:53.664-0500] {dag.py:4156} INFO - Setting next_dagrun for dataset_produces_1 to 2024-09-06 00:00:00+00:00, run_after=2024-09-07 00:00:00+00:00
[2024-09-06T20:13:53.665-0500] {logging_mixin.py:190} INFO - [2024-09-06T20:13:53.664-0500] {dag.py:4156} INFO - Setting next_dagrun for dataset_produces_2 to None, run_after=None
[2024-09-06T20:13:53.676-0500] {processor.py:208} INFO - Processing /Users/binhpham/Library/Python/3.9/lib/python/site-packages/airflow/example_dags/example_datasets.py took 0.143 seconds
[2024-09-06T20:16:17.986-0500] {processor.py:186} INFO - Started process (PID=40776) to work on /Users/binhpham/Library/Python/3.9/lib/python/site-packages/airflow/example_dags/example_datasets.py
[2024-09-06T20:16:17.989-0500] {processor.py:914} INFO - Processing file /Users/binhpham/Library/Python/3.9/lib/python/site-packages/airflow/example_dags/example_datasets.py for tasks to queue
[2024-09-06T20:16:17.989-0500] {logging_mixin.py:190} INFO - [2024-09-06T20:16:17.989-0500] {dagbag.py:587} INFO - Filling up the DagBag from /Users/binhpham/Library/Python/3.9/lib/python/site-packages/airflow/example_dags/example_datasets.py
[2024-09-06T20:16:18.032-0500] {processor.py:925} INFO - DAG(s) 'consume_1_and_2_with_dataset_expressions', 'dataset_consumes_1_never_scheduled', 'conditional_dataset_and_time_based_timetable', 'dataset_consumes_1', 'dataset_consumes_1_and_2', 'dataset_produces_2', 'dataset_produces_1', 'dataset_consumes_unknown_never_scheduled', 'consume_1_or_2_with_dataset_expressions', 'consume_1_or_both_2_and_3_with_dataset_expressions' retrieved from /Users/binhpham/Library/Python/3.9/lib/python/site-packages/airflow/example_dags/example_datasets.py
[2024-09-06T20:16:18.083-0500] {logging_mixin.py:190} INFO - [2024-09-06T20:16:18.083-0500] {dag.py:3229} INFO - Sync 10 DAGs
[2024-09-06T20:16:18.093-0500] {logging_mixin.py:190} INFO - [2024-09-06T20:16:18.092-0500] {dag.py:4156} INFO - Setting next_dagrun for conditional_dataset_and_time_based_timetable to 2024-09-11 01:00:00+00:00, run_after=2024-09-11 01:00:00+00:00
[2024-09-06T20:16:18.094-0500] {logging_mixin.py:190} INFO - [2024-09-06T20:16:18.094-0500] {dag.py:4156} INFO - Setting next_dagrun for consume_1_and_2_with_dataset_expressions to None, run_after=None
[2024-09-06T20:16:18.094-0500] {logging_mixin.py:190} INFO - [2024-09-06T20:16:18.094-0500] {dag.py:4156} INFO - Setting next_dagrun for consume_1_or_2_with_dataset_expressions to None, run_after=None
[2024-09-06T20:16:18.094-0500] {logging_mixin.py:190} INFO - [2024-09-06T20:16:18.094-0500] {dag.py:4156} INFO - Setting next_dagrun for consume_1_or_both_2_and_3_with_dataset_expressions to None, run_after=None
[2024-09-06T20:16:18.095-0500] {logging_mixin.py:190} INFO - [2024-09-06T20:16:18.095-0500] {dag.py:4156} INFO - Setting next_dagrun for dataset_consumes_1 to None, run_after=None
[2024-09-06T20:16:18.095-0500] {logging_mixin.py:190} INFO - [2024-09-06T20:16:18.095-0500] {dag.py:4156} INFO - Setting next_dagrun for dataset_consumes_1_and_2 to None, run_after=None
[2024-09-06T20:16:18.095-0500] {logging_mixin.py:190} INFO - [2024-09-06T20:16:18.095-0500] {dag.py:4156} INFO - Setting next_dagrun for dataset_consumes_1_never_scheduled to None, run_after=None
[2024-09-06T20:16:18.096-0500] {logging_mixin.py:190} INFO - [2024-09-06T20:16:18.096-0500] {dag.py:4156} INFO - Setting next_dagrun for dataset_consumes_unknown_never_scheduled to None, run_after=None
[2024-09-06T20:16:18.097-0500] {logging_mixin.py:190} INFO - [2024-09-06T20:16:18.097-0500] {dag.py:4156} INFO - Setting next_dagrun for dataset_produces_1 to 2024-09-06 00:00:00+00:00, run_after=2024-09-07 00:00:00+00:00
[2024-09-06T20:16:18.097-0500] {logging_mixin.py:190} INFO - [2024-09-06T20:16:18.097-0500] {dag.py:4156} INFO - Setting next_dagrun for dataset_produces_2 to None, run_after=None
[2024-09-06T20:16:18.109-0500] {processor.py:208} INFO - Processing /Users/binhpham/Library/Python/3.9/lib/python/site-packages/airflow/example_dags/example_datasets.py took 0.125 seconds
[2024-09-06T20:23:08.641-0500] {processor.py:186} INFO - Started process (PID=42994) to work on /Users/binhpham/Library/Python/3.9/lib/python/site-packages/airflow/example_dags/example_datasets.py
[2024-09-06T20:23:08.643-0500] {processor.py:914} INFO - Processing file /Users/binhpham/Library/Python/3.9/lib/python/site-packages/airflow/example_dags/example_datasets.py for tasks to queue
[2024-09-06T20:23:08.644-0500] {logging_mixin.py:190} INFO - [2024-09-06T20:23:08.643-0500] {dagbag.py:587} INFO - Filling up the DagBag from /Users/binhpham/Library/Python/3.9/lib/python/site-packages/airflow/example_dags/example_datasets.py
[2024-09-06T20:23:08.694-0500] {processor.py:925} INFO - DAG(s) 'dataset_produces_2', 'conditional_dataset_and_time_based_timetable', 'dataset_consumes_unknown_never_scheduled', 'consume_1_or_2_with_dataset_expressions', 'consume_1_or_both_2_and_3_with_dataset_expressions', 'consume_1_and_2_with_dataset_expressions', 'dataset_produces_1', 'dataset_consumes_1_and_2', 'dataset_consumes_1', 'dataset_consumes_1_never_scheduled' retrieved from /Users/binhpham/Library/Python/3.9/lib/python/site-packages/airflow/example_dags/example_datasets.py
[2024-09-06T20:23:08.752-0500] {logging_mixin.py:190} INFO - [2024-09-06T20:23:08.751-0500] {dag.py:3229} INFO - Sync 10 DAGs
[2024-09-06T20:23:08.762-0500] {logging_mixin.py:190} INFO - [2024-09-06T20:23:08.762-0500] {dag.py:4156} INFO - Setting next_dagrun for conditional_dataset_and_time_based_timetable to 2024-09-11 01:00:00+00:00, run_after=2024-09-11 01:00:00+00:00
[2024-09-06T20:23:08.764-0500] {logging_mixin.py:190} INFO - [2024-09-06T20:23:08.764-0500] {dag.py:4156} INFO - Setting next_dagrun for consume_1_and_2_with_dataset_expressions to None, run_after=None
[2024-09-06T20:23:08.764-0500] {logging_mixin.py:190} INFO - [2024-09-06T20:23:08.764-0500] {dag.py:4156} INFO - Setting next_dagrun for consume_1_or_2_with_dataset_expressions to None, run_after=None
[2024-09-06T20:23:08.764-0500] {logging_mixin.py:190} INFO - [2024-09-06T20:23:08.764-0500] {dag.py:4156} INFO - Setting next_dagrun for consume_1_or_both_2_and_3_with_dataset_expressions to None, run_after=None
[2024-09-06T20:23:08.765-0500] {logging_mixin.py:190} INFO - [2024-09-06T20:23:08.765-0500] {dag.py:4156} INFO - Setting next_dagrun for dataset_consumes_1 to None, run_after=None
[2024-09-06T20:23:08.765-0500] {logging_mixin.py:190} INFO - [2024-09-06T20:23:08.765-0500] {dag.py:4156} INFO - Setting next_dagrun for dataset_consumes_1_and_2 to None, run_after=None
[2024-09-06T20:23:08.765-0500] {logging_mixin.py:190} INFO - [2024-09-06T20:23:08.765-0500] {dag.py:4156} INFO - Setting next_dagrun for dataset_consumes_1_never_scheduled to None, run_after=None
[2024-09-06T20:23:08.766-0500] {logging_mixin.py:190} INFO - [2024-09-06T20:23:08.766-0500] {dag.py:4156} INFO - Setting next_dagrun for dataset_consumes_unknown_never_scheduled to None, run_after=None
[2024-09-06T20:23:08.767-0500] {logging_mixin.py:190} INFO - [2024-09-06T20:23:08.767-0500] {dag.py:4156} INFO - Setting next_dagrun for dataset_produces_1 to 2024-09-06 00:00:00+00:00, run_after=2024-09-07 00:00:00+00:00
[2024-09-06T20:23:08.767-0500] {logging_mixin.py:190} INFO - [2024-09-06T20:23:08.767-0500] {dag.py:4156} INFO - Setting next_dagrun for dataset_produces_2 to None, run_after=None
[2024-09-06T20:23:08.779-0500] {processor.py:208} INFO - Processing /Users/binhpham/Library/Python/3.9/lib/python/site-packages/airflow/example_dags/example_datasets.py took 0.139 seconds
[2024-09-06T20:25:52.504-0500] {processor.py:186} INFO - Started process (PID=43498) to work on /Users/binhpham/Library/Python/3.9/lib/python/site-packages/airflow/example_dags/example_datasets.py
[2024-09-06T20:25:52.506-0500] {processor.py:914} INFO - Processing file /Users/binhpham/Library/Python/3.9/lib/python/site-packages/airflow/example_dags/example_datasets.py for tasks to queue
[2024-09-06T20:25:52.507-0500] {logging_mixin.py:190} INFO - [2024-09-06T20:25:52.507-0500] {dagbag.py:587} INFO - Filling up the DagBag from /Users/binhpham/Library/Python/3.9/lib/python/site-packages/airflow/example_dags/example_datasets.py
[2024-09-06T20:25:52.553-0500] {processor.py:925} INFO - DAG(s) 'conditional_dataset_and_time_based_timetable', 'dataset_produces_2', 'consume_1_or_2_with_dataset_expressions', 'dataset_consumes_unknown_never_scheduled', 'dataset_consumes_1_and_2', 'dataset_consumes_1_never_scheduled', 'dataset_consumes_1', 'consume_1_or_both_2_and_3_with_dataset_expressions', 'dataset_produces_1', 'consume_1_and_2_with_dataset_expressions' retrieved from /Users/binhpham/Library/Python/3.9/lib/python/site-packages/airflow/example_dags/example_datasets.py
[2024-09-06T20:25:52.612-0500] {logging_mixin.py:190} INFO - [2024-09-06T20:25:52.612-0500] {dag.py:3229} INFO - Sync 10 DAGs
[2024-09-06T20:25:52.623-0500] {logging_mixin.py:190} INFO - [2024-09-06T20:25:52.623-0500] {dag.py:4156} INFO - Setting next_dagrun for conditional_dataset_and_time_based_timetable to 2024-09-11 01:00:00+00:00, run_after=2024-09-11 01:00:00+00:00
[2024-09-06T20:25:52.624-0500] {logging_mixin.py:190} INFO - [2024-09-06T20:25:52.624-0500] {dag.py:4156} INFO - Setting next_dagrun for consume_1_and_2_with_dataset_expressions to None, run_after=None
[2024-09-06T20:25:52.624-0500] {logging_mixin.py:190} INFO - [2024-09-06T20:25:52.624-0500] {dag.py:4156} INFO - Setting next_dagrun for consume_1_or_2_with_dataset_expressions to None, run_after=None
[2024-09-06T20:25:52.625-0500] {logging_mixin.py:190} INFO - [2024-09-06T20:25:52.625-0500] {dag.py:4156} INFO - Setting next_dagrun for consume_1_or_both_2_and_3_with_dataset_expressions to None, run_after=None
[2024-09-06T20:25:52.625-0500] {logging_mixin.py:190} INFO - [2024-09-06T20:25:52.625-0500] {dag.py:4156} INFO - Setting next_dagrun for dataset_consumes_1 to None, run_after=None
[2024-09-06T20:25:52.625-0500] {logging_mixin.py:190} INFO - [2024-09-06T20:25:52.625-0500] {dag.py:4156} INFO - Setting next_dagrun for dataset_consumes_1_and_2 to None, run_after=None
[2024-09-06T20:25:52.626-0500] {logging_mixin.py:190} INFO - [2024-09-06T20:25:52.626-0500] {dag.py:4156} INFO - Setting next_dagrun for dataset_consumes_1_never_scheduled to None, run_after=None
[2024-09-06T20:25:52.626-0500] {logging_mixin.py:190} INFO - [2024-09-06T20:25:52.626-0500] {dag.py:4156} INFO - Setting next_dagrun for dataset_consumes_unknown_never_scheduled to None, run_after=None
[2024-09-06T20:25:52.627-0500] {logging_mixin.py:190} INFO - [2024-09-06T20:25:52.627-0500] {dag.py:4156} INFO - Setting next_dagrun for dataset_produces_1 to 2024-09-06 00:00:00+00:00, run_after=2024-09-07 00:00:00+00:00
[2024-09-06T20:25:52.628-0500] {logging_mixin.py:190} INFO - [2024-09-06T20:25:52.627-0500] {dag.py:4156} INFO - Setting next_dagrun for dataset_produces_2 to None, run_after=None
[2024-09-06T20:25:52.640-0500] {processor.py:208} INFO - Processing /Users/binhpham/Library/Python/3.9/lib/python/site-packages/airflow/example_dags/example_datasets.py took 0.138 seconds
[2024-09-06T20:28:13.617-0500] {processor.py:186} INFO - Started process (PID=43992) to work on /Users/binhpham/Library/Python/3.9/lib/python/site-packages/airflow/example_dags/example_datasets.py
[2024-09-06T20:28:13.619-0500] {processor.py:914} INFO - Processing file /Users/binhpham/Library/Python/3.9/lib/python/site-packages/airflow/example_dags/example_datasets.py for tasks to queue
[2024-09-06T20:28:13.620-0500] {logging_mixin.py:190} INFO - [2024-09-06T20:28:13.620-0500] {dagbag.py:587} INFO - Filling up the DagBag from /Users/binhpham/Library/Python/3.9/lib/python/site-packages/airflow/example_dags/example_datasets.py
[2024-09-06T20:28:13.666-0500] {processor.py:925} INFO - DAG(s) 'dataset_consumes_unknown_never_scheduled', 'dataset_produces_2', 'conditional_dataset_and_time_based_timetable', 'dataset_produces_1', 'consume_1_or_2_with_dataset_expressions', 'dataset_consumes_1_never_scheduled', 'consume_1_or_both_2_and_3_with_dataset_expressions', 'dataset_consumes_1_and_2', 'dataset_consumes_1', 'consume_1_and_2_with_dataset_expressions' retrieved from /Users/binhpham/Library/Python/3.9/lib/python/site-packages/airflow/example_dags/example_datasets.py
[2024-09-06T20:28:13.718-0500] {logging_mixin.py:190} INFO - [2024-09-06T20:28:13.718-0500] {dag.py:3229} INFO - Sync 10 DAGs
[2024-09-06T20:28:13.728-0500] {logging_mixin.py:190} INFO - [2024-09-06T20:28:13.728-0500] {dag.py:4156} INFO - Setting next_dagrun for conditional_dataset_and_time_based_timetable to 2024-09-11 01:00:00+00:00, run_after=2024-09-11 01:00:00+00:00
[2024-09-06T20:28:13.730-0500] {logging_mixin.py:190} INFO - [2024-09-06T20:28:13.730-0500] {dag.py:4156} INFO - Setting next_dagrun for consume_1_and_2_with_dataset_expressions to None, run_after=None
[2024-09-06T20:28:13.730-0500] {logging_mixin.py:190} INFO - [2024-09-06T20:28:13.730-0500] {dag.py:4156} INFO - Setting next_dagrun for consume_1_or_2_with_dataset_expressions to None, run_after=None
[2024-09-06T20:28:13.730-0500] {logging_mixin.py:190} INFO - [2024-09-06T20:28:13.730-0500] {dag.py:4156} INFO - Setting next_dagrun for consume_1_or_both_2_and_3_with_dataset_expressions to None, run_after=None
[2024-09-06T20:28:13.731-0500] {logging_mixin.py:190} INFO - [2024-09-06T20:28:13.731-0500] {dag.py:4156} INFO - Setting next_dagrun for dataset_consumes_1 to None, run_after=None
[2024-09-06T20:28:13.731-0500] {logging_mixin.py:190} INFO - [2024-09-06T20:28:13.731-0500] {dag.py:4156} INFO - Setting next_dagrun for dataset_consumes_1_and_2 to None, run_after=None
[2024-09-06T20:28:13.731-0500] {logging_mixin.py:190} INFO - [2024-09-06T20:28:13.731-0500] {dag.py:4156} INFO - Setting next_dagrun for dataset_consumes_1_never_scheduled to None, run_after=None
[2024-09-06T20:28:13.732-0500] {logging_mixin.py:190} INFO - [2024-09-06T20:28:13.732-0500] {dag.py:4156} INFO - Setting next_dagrun for dataset_consumes_unknown_never_scheduled to None, run_after=None
[2024-09-06T20:28:13.733-0500] {logging_mixin.py:190} INFO - [2024-09-06T20:28:13.732-0500] {dag.py:4156} INFO - Setting next_dagrun for dataset_produces_1 to 2024-09-06 00:00:00+00:00, run_after=2024-09-07 00:00:00+00:00
[2024-09-06T20:28:13.733-0500] {logging_mixin.py:190} INFO - [2024-09-06T20:28:13.733-0500] {dag.py:4156} INFO - Setting next_dagrun for dataset_produces_2 to None, run_after=None
[2024-09-06T20:28:13.744-0500] {processor.py:208} INFO - Processing /Users/binhpham/Library/Python/3.9/lib/python/site-packages/airflow/example_dags/example_datasets.py took 0.129 seconds
[2024-09-06T20:30:57.551-0500] {processor.py:186} INFO - Started process (PID=44539) to work on /Users/binhpham/Library/Python/3.9/lib/python/site-packages/airflow/example_dags/example_datasets.py
[2024-09-06T20:30:57.553-0500] {processor.py:914} INFO - Processing file /Users/binhpham/Library/Python/3.9/lib/python/site-packages/airflow/example_dags/example_datasets.py for tasks to queue
[2024-09-06T20:30:57.554-0500] {logging_mixin.py:190} INFO - [2024-09-06T20:30:57.554-0500] {dagbag.py:587} INFO - Filling up the DagBag from /Users/binhpham/Library/Python/3.9/lib/python/site-packages/airflow/example_dags/example_datasets.py
[2024-09-06T20:30:57.605-0500] {processor.py:925} INFO - DAG(s) 'dataset_consumes_1_and_2', 'dataset_produces_2', 'dataset_consumes_unknown_never_scheduled', 'consume_1_or_2_with_dataset_expressions', 'consume_1_or_both_2_and_3_with_dataset_expressions', 'dataset_consumes_1', 'consume_1_and_2_with_dataset_expressions', 'dataset_consumes_1_never_scheduled', 'conditional_dataset_and_time_based_timetable', 'dataset_produces_1' retrieved from /Users/binhpham/Library/Python/3.9/lib/python/site-packages/airflow/example_dags/example_datasets.py
[2024-09-06T20:30:57.655-0500] {logging_mixin.py:190} INFO - [2024-09-06T20:30:57.655-0500] {dag.py:3229} INFO - Sync 10 DAGs
[2024-09-06T20:30:57.664-0500] {logging_mixin.py:190} INFO - [2024-09-06T20:30:57.664-0500] {dag.py:4156} INFO - Setting next_dagrun for conditional_dataset_and_time_based_timetable to 2024-09-11 01:00:00+00:00, run_after=2024-09-11 01:00:00+00:00
[2024-09-06T20:30:57.665-0500] {logging_mixin.py:190} INFO - [2024-09-06T20:30:57.665-0500] {dag.py:4156} INFO - Setting next_dagrun for consume_1_and_2_with_dataset_expressions to None, run_after=None
[2024-09-06T20:30:57.665-0500] {logging_mixin.py:190} INFO - [2024-09-06T20:30:57.665-0500] {dag.py:4156} INFO - Setting next_dagrun for consume_1_or_2_with_dataset_expressions to None, run_after=None
[2024-09-06T20:30:57.665-0500] {logging_mixin.py:190} INFO - [2024-09-06T20:30:57.665-0500] {dag.py:4156} INFO - Setting next_dagrun for consume_1_or_both_2_and_3_with_dataset_expressions to None, run_after=None
[2024-09-06T20:30:57.666-0500] {logging_mixin.py:190} INFO - [2024-09-06T20:30:57.666-0500] {dag.py:4156} INFO - Setting next_dagrun for dataset_consumes_1 to None, run_after=None
[2024-09-06T20:30:57.666-0500] {logging_mixin.py:190} INFO - [2024-09-06T20:30:57.666-0500] {dag.py:4156} INFO - Setting next_dagrun for dataset_consumes_1_and_2 to None, run_after=None
[2024-09-06T20:30:57.666-0500] {logging_mixin.py:190} INFO - [2024-09-06T20:30:57.666-0500] {dag.py:4156} INFO - Setting next_dagrun for dataset_consumes_1_never_scheduled to None, run_after=None
[2024-09-06T20:30:57.667-0500] {logging_mixin.py:190} INFO - [2024-09-06T20:30:57.667-0500] {dag.py:4156} INFO - Setting next_dagrun for dataset_consumes_unknown_never_scheduled to None, run_after=None
[2024-09-06T20:30:57.668-0500] {logging_mixin.py:190} INFO - [2024-09-06T20:30:57.668-0500] {dag.py:4156} INFO - Setting next_dagrun for dataset_produces_1 to 2024-09-06 00:00:00+00:00, run_after=2024-09-07 00:00:00+00:00
[2024-09-06T20:30:57.668-0500] {logging_mixin.py:190} INFO - [2024-09-06T20:30:57.668-0500] {dag.py:4156} INFO - Setting next_dagrun for dataset_produces_2 to None, run_after=None
[2024-09-06T20:30:57.679-0500] {processor.py:208} INFO - Processing /Users/binhpham/Library/Python/3.9/lib/python/site-packages/airflow/example_dags/example_datasets.py took 0.129 seconds
[2024-09-06T20:34:47.089-0500] {processor.py:186} INFO - Started process (PID=45287) to work on /Users/binhpham/Library/Python/3.9/lib/python/site-packages/airflow/example_dags/example_datasets.py
[2024-09-06T20:34:47.092-0500] {processor.py:914} INFO - Processing file /Users/binhpham/Library/Python/3.9/lib/python/site-packages/airflow/example_dags/example_datasets.py for tasks to queue
[2024-09-06T20:34:47.092-0500] {logging_mixin.py:190} INFO - [2024-09-06T20:34:47.092-0500] {dagbag.py:587} INFO - Filling up the DagBag from /Users/binhpham/Library/Python/3.9/lib/python/site-packages/airflow/example_dags/example_datasets.py
[2024-09-06T20:34:47.148-0500] {processor.py:925} INFO - DAG(s) 'dataset_consumes_1_and_2', 'dataset_produces_2', 'dataset_produces_1', 'dataset_consumes_unknown_never_scheduled', 'consume_1_or_2_with_dataset_expressions', 'consume_1_or_both_2_and_3_with_dataset_expressions', 'consume_1_and_2_with_dataset_expressions', 'dataset_consumes_1_never_scheduled', 'conditional_dataset_and_time_based_timetable', 'dataset_consumes_1' retrieved from /Users/binhpham/Library/Python/3.9/lib/python/site-packages/airflow/example_dags/example_datasets.py
[2024-09-06T20:34:47.201-0500] {logging_mixin.py:190} INFO - [2024-09-06T20:34:47.201-0500] {dag.py:3229} INFO - Sync 10 DAGs
[2024-09-06T20:34:47.211-0500] {logging_mixin.py:190} INFO - [2024-09-06T20:34:47.211-0500] {dag.py:4156} INFO - Setting next_dagrun for conditional_dataset_and_time_based_timetable to 2024-09-11 01:00:00+00:00, run_after=2024-09-11 01:00:00+00:00
[2024-09-06T20:34:47.212-0500] {logging_mixin.py:190} INFO - [2024-09-06T20:34:47.212-0500] {dag.py:4156} INFO - Setting next_dagrun for consume_1_and_2_with_dataset_expressions to None, run_after=None
[2024-09-06T20:34:47.212-0500] {logging_mixin.py:190} INFO - [2024-09-06T20:34:47.212-0500] {dag.py:4156} INFO - Setting next_dagrun for consume_1_or_2_with_dataset_expressions to None, run_after=None
[2024-09-06T20:34:47.213-0500] {logging_mixin.py:190} INFO - [2024-09-06T20:34:47.213-0500] {dag.py:4156} INFO - Setting next_dagrun for consume_1_or_both_2_and_3_with_dataset_expressions to None, run_after=None
[2024-09-06T20:34:47.213-0500] {logging_mixin.py:190} INFO - [2024-09-06T20:34:47.213-0500] {dag.py:4156} INFO - Setting next_dagrun for dataset_consumes_1 to None, run_after=None
[2024-09-06T20:34:47.213-0500] {logging_mixin.py:190} INFO - [2024-09-06T20:34:47.213-0500] {dag.py:4156} INFO - Setting next_dagrun for dataset_consumes_1_and_2 to None, run_after=None
[2024-09-06T20:34:47.214-0500] {logging_mixin.py:190} INFO - [2024-09-06T20:34:47.214-0500] {dag.py:4156} INFO - Setting next_dagrun for dataset_consumes_1_never_scheduled to None, run_after=None
[2024-09-06T20:34:47.214-0500] {logging_mixin.py:190} INFO - [2024-09-06T20:34:47.214-0500] {dag.py:4156} INFO - Setting next_dagrun for dataset_consumes_unknown_never_scheduled to None, run_after=None
[2024-09-06T20:34:47.215-0500] {logging_mixin.py:190} INFO - [2024-09-06T20:34:47.215-0500] {dag.py:4156} INFO - Setting next_dagrun for dataset_produces_1 to 2024-09-06 00:00:00+00:00, run_after=2024-09-07 00:00:00+00:00
[2024-09-06T20:34:47.215-0500] {logging_mixin.py:190} INFO - [2024-09-06T20:34:47.215-0500] {dag.py:4156} INFO - Setting next_dagrun for dataset_produces_2 to None, run_after=None
[2024-09-06T20:34:47.227-0500] {processor.py:208} INFO - Processing /Users/binhpham/Library/Python/3.9/lib/python/site-packages/airflow/example_dags/example_datasets.py took 0.139 seconds
[2024-09-06T20:37:29.828-0500] {processor.py:186} INFO - Started process (PID=45812) to work on /Users/binhpham/Library/Python/3.9/lib/python/site-packages/airflow/example_dags/example_datasets.py
[2024-09-06T20:37:29.830-0500] {processor.py:914} INFO - Processing file /Users/binhpham/Library/Python/3.9/lib/python/site-packages/airflow/example_dags/example_datasets.py for tasks to queue
[2024-09-06T20:37:29.830-0500] {logging_mixin.py:190} INFO - [2024-09-06T20:37:29.830-0500] {dagbag.py:587} INFO - Filling up the DagBag from /Users/binhpham/Library/Python/3.9/lib/python/site-packages/airflow/example_dags/example_datasets.py
[2024-09-06T20:37:29.884-0500] {processor.py:925} INFO - DAG(s) 'conditional_dataset_and_time_based_timetable', 'dataset_produces_2', 'dataset_consumes_1_and_2', 'consume_1_or_both_2_and_3_with_dataset_expressions', 'dataset_consumes_unknown_never_scheduled', 'consume_1_and_2_with_dataset_expressions', 'dataset_consumes_1_never_scheduled', 'dataset_consumes_1', 'dataset_produces_1', 'consume_1_or_2_with_dataset_expressions' retrieved from /Users/binhpham/Library/Python/3.9/lib/python/site-packages/airflow/example_dags/example_datasets.py
[2024-09-06T20:37:29.934-0500] {logging_mixin.py:190} INFO - [2024-09-06T20:37:29.934-0500] {dag.py:3229} INFO - Sync 10 DAGs
[2024-09-06T20:37:29.943-0500] {logging_mixin.py:190} INFO - [2024-09-06T20:37:29.943-0500] {dag.py:4156} INFO - Setting next_dagrun for conditional_dataset_and_time_based_timetable to 2024-09-11 01:00:00+00:00, run_after=2024-09-11 01:00:00+00:00
[2024-09-06T20:37:29.944-0500] {logging_mixin.py:190} INFO - [2024-09-06T20:37:29.944-0500] {dag.py:4156} INFO - Setting next_dagrun for consume_1_and_2_with_dataset_expressions to None, run_after=None
[2024-09-06T20:37:29.945-0500] {logging_mixin.py:190} INFO - [2024-09-06T20:37:29.945-0500] {dag.py:4156} INFO - Setting next_dagrun for consume_1_or_2_with_dataset_expressions to None, run_after=None
[2024-09-06T20:37:29.945-0500] {logging_mixin.py:190} INFO - [2024-09-06T20:37:29.945-0500] {dag.py:4156} INFO - Setting next_dagrun for consume_1_or_both_2_and_3_with_dataset_expressions to None, run_after=None
[2024-09-06T20:37:29.945-0500] {logging_mixin.py:190} INFO - [2024-09-06T20:37:29.945-0500] {dag.py:4156} INFO - Setting next_dagrun for dataset_consumes_1 to None, run_after=None
[2024-09-06T20:37:29.946-0500] {logging_mixin.py:190} INFO - [2024-09-06T20:37:29.946-0500] {dag.py:4156} INFO - Setting next_dagrun for dataset_consumes_1_and_2 to None, run_after=None
[2024-09-06T20:37:29.946-0500] {logging_mixin.py:190} INFO - [2024-09-06T20:37:29.946-0500] {dag.py:4156} INFO - Setting next_dagrun for dataset_consumes_1_never_scheduled to None, run_after=None
[2024-09-06T20:37:29.946-0500] {logging_mixin.py:190} INFO - [2024-09-06T20:37:29.946-0500] {dag.py:4156} INFO - Setting next_dagrun for dataset_consumes_unknown_never_scheduled to None, run_after=None
[2024-09-06T20:37:29.947-0500] {logging_mixin.py:190} INFO - [2024-09-06T20:37:29.947-0500] {dag.py:4156} INFO - Setting next_dagrun for dataset_produces_1 to 2024-09-06 00:00:00+00:00, run_after=2024-09-07 00:00:00+00:00
[2024-09-06T20:37:29.948-0500] {logging_mixin.py:190} INFO - [2024-09-06T20:37:29.948-0500] {dag.py:4156} INFO - Setting next_dagrun for dataset_produces_2 to None, run_after=None
[2024-09-06T20:37:29.959-0500] {processor.py:208} INFO - Processing /Users/binhpham/Library/Python/3.9/lib/python/site-packages/airflow/example_dags/example_datasets.py took 0.133 seconds
