[2024-09-06T19:45:58.330-0500] {processor.py:186} INFO - Started process (PID=34825) to work on /Users/binhpham/Library/Python/3.9/lib/python/site-packages/airflow/example_dags/example_kubernetes_executor.py
[2024-09-06T19:45:58.331-0500] {processor.py:914} INFO - Processing file /Users/binhpham/Library/Python/3.9/lib/python/site-packages/airflow/example_dags/example_kubernetes_executor.py for tasks to queue
[2024-09-06T19:45:58.332-0500] {logging_mixin.py:190} INFO - [2024-09-06T19:45:58.332-0500] {dagbag.py:587} INFO - Filling up the DagBag from /Users/binhpham/Library/Python/3.9/lib/python/site-packages/airflow/example_dags/example_kubernetes_executor.py
[2024-09-06T19:45:58.346-0500] {logging_mixin.py:190} INFO - [2024-09-06T19:45:58.346-0500] {example_kubernetes_executor.py:39} WARNING - The example_kubernetes_executor example DAG requires the kubernetes provider. Please install it with: pip install apache-airflow[cncf.kubernetes]
[2024-09-06T19:45:58.346-0500] {processor.py:927} WARNING - No viable dags retrieved from /Users/binhpham/Library/Python/3.9/lib/python/site-packages/airflow/example_dags/example_kubernetes_executor.py
[2024-09-06T19:45:58.384-0500] {processor.py:208} INFO - Processing /Users/binhpham/Library/Python/3.9/lib/python/site-packages/airflow/example_dags/example_kubernetes_executor.py took 0.056 seconds
[2024-09-06T19:48:19.204-0500] {processor.py:186} INFO - Started process (PID=35378) to work on /Users/binhpham/Library/Python/3.9/lib/python/site-packages/airflow/example_dags/example_kubernetes_executor.py
[2024-09-06T19:48:19.206-0500] {processor.py:914} INFO - Processing file /Users/binhpham/Library/Python/3.9/lib/python/site-packages/airflow/example_dags/example_kubernetes_executor.py for tasks to queue
[2024-09-06T19:48:19.207-0500] {logging_mixin.py:190} INFO - [2024-09-06T19:48:19.207-0500] {dagbag.py:587} INFO - Filling up the DagBag from /Users/binhpham/Library/Python/3.9/lib/python/site-packages/airflow/example_dags/example_kubernetes_executor.py
[2024-09-06T19:48:19.221-0500] {logging_mixin.py:190} INFO - [2024-09-06T19:48:19.221-0500] {example_kubernetes_executor.py:39} WARNING - The example_kubernetes_executor example DAG requires the kubernetes provider. Please install it with: pip install apache-airflow[cncf.kubernetes]
[2024-09-06T19:48:19.221-0500] {processor.py:927} WARNING - No viable dags retrieved from /Users/binhpham/Library/Python/3.9/lib/python/site-packages/airflow/example_dags/example_kubernetes_executor.py
[2024-09-06T19:48:19.262-0500] {processor.py:208} INFO - Processing /Users/binhpham/Library/Python/3.9/lib/python/site-packages/airflow/example_dags/example_kubernetes_executor.py took 0.059 seconds
[2024-09-06T19:50:11.136-0500] {processor.py:186} INFO - Started process (PID=35734) to work on /Users/binhpham/Library/Python/3.9/lib/python/site-packages/airflow/example_dags/example_kubernetes_executor.py
[2024-09-06T19:50:11.138-0500] {processor.py:914} INFO - Processing file /Users/binhpham/Library/Python/3.9/lib/python/site-packages/airflow/example_dags/example_kubernetes_executor.py for tasks to queue
[2024-09-06T19:50:11.138-0500] {logging_mixin.py:190} INFO - [2024-09-06T19:50:11.138-0500] {dagbag.py:587} INFO - Filling up the DagBag from /Users/binhpham/Library/Python/3.9/lib/python/site-packages/airflow/example_dags/example_kubernetes_executor.py
[2024-09-06T19:50:11.152-0500] {logging_mixin.py:190} INFO - [2024-09-06T19:50:11.152-0500] {example_kubernetes_executor.py:39} WARNING - The example_kubernetes_executor example DAG requires the kubernetes provider. Please install it with: pip install apache-airflow[cncf.kubernetes]
[2024-09-06T19:50:11.152-0500] {processor.py:927} WARNING - No viable dags retrieved from /Users/binhpham/Library/Python/3.9/lib/python/site-packages/airflow/example_dags/example_kubernetes_executor.py
[2024-09-06T19:50:11.190-0500] {processor.py:208} INFO - Processing /Users/binhpham/Library/Python/3.9/lib/python/site-packages/airflow/example_dags/example_kubernetes_executor.py took 0.055 seconds
[2024-09-06T19:52:53.282-0500] {processor.py:186} INFO - Started process (PID=36243) to work on /Users/binhpham/Library/Python/3.9/lib/python/site-packages/airflow/example_dags/example_kubernetes_executor.py
[2024-09-06T19:52:53.284-0500] {processor.py:914} INFO - Processing file /Users/binhpham/Library/Python/3.9/lib/python/site-packages/airflow/example_dags/example_kubernetes_executor.py for tasks to queue
[2024-09-06T19:52:53.285-0500] {logging_mixin.py:190} INFO - [2024-09-06T19:52:53.284-0500] {dagbag.py:587} INFO - Filling up the DagBag from /Users/binhpham/Library/Python/3.9/lib/python/site-packages/airflow/example_dags/example_kubernetes_executor.py
[2024-09-06T19:52:53.298-0500] {logging_mixin.py:190} INFO - [2024-09-06T19:52:53.298-0500] {example_kubernetes_executor.py:39} WARNING - The example_kubernetes_executor example DAG requires the kubernetes provider. Please install it with: pip install apache-airflow[cncf.kubernetes]
[2024-09-06T19:52:53.298-0500] {processor.py:927} WARNING - No viable dags retrieved from /Users/binhpham/Library/Python/3.9/lib/python/site-packages/airflow/example_dags/example_kubernetes_executor.py
[2024-09-06T19:52:53.335-0500] {processor.py:208} INFO - Processing /Users/binhpham/Library/Python/3.9/lib/python/site-packages/airflow/example_dags/example_kubernetes_executor.py took 0.055 seconds
[2024-09-06T19:54:42.146-0500] {processor.py:186} INFO - Started process (PID=36665) to work on /Users/binhpham/Library/Python/3.9/lib/python/site-packages/airflow/example_dags/example_kubernetes_executor.py
[2024-09-06T19:54:42.148-0500] {processor.py:914} INFO - Processing file /Users/binhpham/Library/Python/3.9/lib/python/site-packages/airflow/example_dags/example_kubernetes_executor.py for tasks to queue
[2024-09-06T19:54:42.149-0500] {logging_mixin.py:190} INFO - [2024-09-06T19:54:42.149-0500] {dagbag.py:587} INFO - Filling up the DagBag from /Users/binhpham/Library/Python/3.9/lib/python/site-packages/airflow/example_dags/example_kubernetes_executor.py
[2024-09-06T19:54:42.164-0500] {logging_mixin.py:190} INFO - [2024-09-06T19:54:42.164-0500] {example_kubernetes_executor.py:39} WARNING - The example_kubernetes_executor example DAG requires the kubernetes provider. Please install it with: pip install apache-airflow[cncf.kubernetes]
[2024-09-06T19:54:42.164-0500] {processor.py:927} WARNING - No viable dags retrieved from /Users/binhpham/Library/Python/3.9/lib/python/site-packages/airflow/example_dags/example_kubernetes_executor.py
[2024-09-06T19:54:42.203-0500] {processor.py:208} INFO - Processing /Users/binhpham/Library/Python/3.9/lib/python/site-packages/airflow/example_dags/example_kubernetes_executor.py took 0.058 seconds
[2024-09-06T19:56:34.242-0500] {processor.py:186} INFO - Started process (PID=37008) to work on /Users/binhpham/Library/Python/3.9/lib/python/site-packages/airflow/example_dags/example_kubernetes_executor.py
[2024-09-06T19:56:34.244-0500] {processor.py:914} INFO - Processing file /Users/binhpham/Library/Python/3.9/lib/python/site-packages/airflow/example_dags/example_kubernetes_executor.py for tasks to queue
[2024-09-06T19:56:34.245-0500] {logging_mixin.py:190} INFO - [2024-09-06T19:56:34.244-0500] {dagbag.py:587} INFO - Filling up the DagBag from /Users/binhpham/Library/Python/3.9/lib/python/site-packages/airflow/example_dags/example_kubernetes_executor.py
[2024-09-06T19:56:34.260-0500] {logging_mixin.py:190} INFO - [2024-09-06T19:56:34.260-0500] {example_kubernetes_executor.py:39} WARNING - The example_kubernetes_executor example DAG requires the kubernetes provider. Please install it with: pip install apache-airflow[cncf.kubernetes]
[2024-09-06T19:56:34.260-0500] {processor.py:927} WARNING - No viable dags retrieved from /Users/binhpham/Library/Python/3.9/lib/python/site-packages/airflow/example_dags/example_kubernetes_executor.py
[2024-09-06T19:56:34.298-0500] {processor.py:208} INFO - Processing /Users/binhpham/Library/Python/3.9/lib/python/site-packages/airflow/example_dags/example_kubernetes_executor.py took 0.057 seconds
[2024-09-06T19:59:18.298-0500] {processor.py:186} INFO - Started process (PID=37506) to work on /Users/binhpham/Library/Python/3.9/lib/python/site-packages/airflow/example_dags/example_kubernetes_executor.py
[2024-09-06T19:59:18.299-0500] {processor.py:914} INFO - Processing file /Users/binhpham/Library/Python/3.9/lib/python/site-packages/airflow/example_dags/example_kubernetes_executor.py for tasks to queue
[2024-09-06T19:59:18.300-0500] {logging_mixin.py:190} INFO - [2024-09-06T19:59:18.300-0500] {dagbag.py:587} INFO - Filling up the DagBag from /Users/binhpham/Library/Python/3.9/lib/python/site-packages/airflow/example_dags/example_kubernetes_executor.py
[2024-09-06T19:59:18.315-0500] {logging_mixin.py:190} INFO - [2024-09-06T19:59:18.315-0500] {example_kubernetes_executor.py:39} WARNING - The example_kubernetes_executor example DAG requires the kubernetes provider. Please install it with: pip install apache-airflow[cncf.kubernetes]
[2024-09-06T19:59:18.315-0500] {processor.py:927} WARNING - No viable dags retrieved from /Users/binhpham/Library/Python/3.9/lib/python/site-packages/airflow/example_dags/example_kubernetes_executor.py
[2024-09-06T19:59:18.356-0500] {processor.py:208} INFO - Processing /Users/binhpham/Library/Python/3.9/lib/python/site-packages/airflow/example_dags/example_kubernetes_executor.py took 0.060 seconds
[2024-09-06T20:02:00.892-0500] {processor.py:186} INFO - Started process (PID=38013) to work on /Users/binhpham/Library/Python/3.9/lib/python/site-packages/airflow/example_dags/example_kubernetes_executor.py
[2024-09-06T20:02:00.894-0500] {processor.py:914} INFO - Processing file /Users/binhpham/Library/Python/3.9/lib/python/site-packages/airflow/example_dags/example_kubernetes_executor.py for tasks to queue
[2024-09-06T20:02:00.894-0500] {logging_mixin.py:190} INFO - [2024-09-06T20:02:00.894-0500] {dagbag.py:587} INFO - Filling up the DagBag from /Users/binhpham/Library/Python/3.9/lib/python/site-packages/airflow/example_dags/example_kubernetes_executor.py
[2024-09-06T20:02:00.909-0500] {logging_mixin.py:190} INFO - [2024-09-06T20:02:00.909-0500] {example_kubernetes_executor.py:39} WARNING - The example_kubernetes_executor example DAG requires the kubernetes provider. Please install it with: pip install apache-airflow[cncf.kubernetes]
[2024-09-06T20:02:00.909-0500] {processor.py:927} WARNING - No viable dags retrieved from /Users/binhpham/Library/Python/3.9/lib/python/site-packages/airflow/example_dags/example_kubernetes_executor.py
[2024-09-06T20:02:00.950-0500] {processor.py:208} INFO - Processing /Users/binhpham/Library/Python/3.9/lib/python/site-packages/airflow/example_dags/example_kubernetes_executor.py took 0.059 seconds
[2024-09-06T20:04:38.919-0500] {processor.py:186} INFO - Started process (PID=38497) to work on /Users/binhpham/Library/Python/3.9/lib/python/site-packages/airflow/example_dags/example_kubernetes_executor.py
[2024-09-06T20:04:38.921-0500] {processor.py:914} INFO - Processing file /Users/binhpham/Library/Python/3.9/lib/python/site-packages/airflow/example_dags/example_kubernetes_executor.py for tasks to queue
[2024-09-06T20:04:38.922-0500] {logging_mixin.py:190} INFO - [2024-09-06T20:04:38.922-0500] {dagbag.py:587} INFO - Filling up the DagBag from /Users/binhpham/Library/Python/3.9/lib/python/site-packages/airflow/example_dags/example_kubernetes_executor.py
[2024-09-06T20:04:38.937-0500] {logging_mixin.py:190} INFO - [2024-09-06T20:04:38.937-0500] {example_kubernetes_executor.py:39} WARNING - The example_kubernetes_executor example DAG requires the kubernetes provider. Please install it with: pip install apache-airflow[cncf.kubernetes]
[2024-09-06T20:04:38.937-0500] {processor.py:927} WARNING - No viable dags retrieved from /Users/binhpham/Library/Python/3.9/lib/python/site-packages/airflow/example_dags/example_kubernetes_executor.py
[2024-09-06T20:04:38.979-0500] {processor.py:208} INFO - Processing /Users/binhpham/Library/Python/3.9/lib/python/site-packages/airflow/example_dags/example_kubernetes_executor.py took 0.061 seconds
[2024-09-06T20:07:21.931-0500] {processor.py:186} INFO - Started process (PID=38994) to work on /Users/binhpham/Library/Python/3.9/lib/python/site-packages/airflow/example_dags/example_kubernetes_executor.py
[2024-09-06T20:07:21.934-0500] {processor.py:914} INFO - Processing file /Users/binhpham/Library/Python/3.9/lib/python/site-packages/airflow/example_dags/example_kubernetes_executor.py for tasks to queue
[2024-09-06T20:07:21.934-0500] {logging_mixin.py:190} INFO - [2024-09-06T20:07:21.934-0500] {dagbag.py:587} INFO - Filling up the DagBag from /Users/binhpham/Library/Python/3.9/lib/python/site-packages/airflow/example_dags/example_kubernetes_executor.py
[2024-09-06T20:07:21.948-0500] {logging_mixin.py:190} INFO - [2024-09-06T20:07:21.948-0500] {example_kubernetes_executor.py:39} WARNING - The example_kubernetes_executor example DAG requires the kubernetes provider. Please install it with: pip install apache-airflow[cncf.kubernetes]
[2024-09-06T20:07:21.948-0500] {processor.py:927} WARNING - No viable dags retrieved from /Users/binhpham/Library/Python/3.9/lib/python/site-packages/airflow/example_dags/example_kubernetes_executor.py
[2024-09-06T20:07:21.989-0500] {processor.py:208} INFO - Processing /Users/binhpham/Library/Python/3.9/lib/python/site-packages/airflow/example_dags/example_kubernetes_executor.py took 0.059 seconds
[2024-09-06T20:10:07.830-0500] {processor.py:186} INFO - Started process (PID=39522) to work on /Users/binhpham/Library/Python/3.9/lib/python/site-packages/airflow/example_dags/example_kubernetes_executor.py
[2024-09-06T20:10:07.832-0500] {processor.py:914} INFO - Processing file /Users/binhpham/Library/Python/3.9/lib/python/site-packages/airflow/example_dags/example_kubernetes_executor.py for tasks to queue
[2024-09-06T20:10:07.833-0500] {logging_mixin.py:190} INFO - [2024-09-06T20:10:07.833-0500] {dagbag.py:587} INFO - Filling up the DagBag from /Users/binhpham/Library/Python/3.9/lib/python/site-packages/airflow/example_dags/example_kubernetes_executor.py
[2024-09-06T20:10:07.847-0500] {logging_mixin.py:190} INFO - [2024-09-06T20:10:07.847-0500] {example_kubernetes_executor.py:39} WARNING - The example_kubernetes_executor example DAG requires the kubernetes provider. Please install it with: pip install apache-airflow[cncf.kubernetes]
[2024-09-06T20:10:07.847-0500] {processor.py:927} WARNING - No viable dags retrieved from /Users/binhpham/Library/Python/3.9/lib/python/site-packages/airflow/example_dags/example_kubernetes_executor.py
[2024-09-06T20:10:07.885-0500] {processor.py:208} INFO - Processing /Users/binhpham/Library/Python/3.9/lib/python/site-packages/airflow/example_dags/example_kubernetes_executor.py took 0.057 seconds
[2024-09-06T20:12:49.219-0500] {processor.py:186} INFO - Started process (PID=40056) to work on /Users/binhpham/Library/Python/3.9/lib/python/site-packages/airflow/example_dags/example_kubernetes_executor.py
[2024-09-06T20:12:49.221-0500] {processor.py:914} INFO - Processing file /Users/binhpham/Library/Python/3.9/lib/python/site-packages/airflow/example_dags/example_kubernetes_executor.py for tasks to queue
[2024-09-06T20:12:49.222-0500] {logging_mixin.py:190} INFO - [2024-09-06T20:12:49.222-0500] {dagbag.py:587} INFO - Filling up the DagBag from /Users/binhpham/Library/Python/3.9/lib/python/site-packages/airflow/example_dags/example_kubernetes_executor.py
[2024-09-06T20:12:49.236-0500] {logging_mixin.py:190} INFO - [2024-09-06T20:12:49.236-0500] {example_kubernetes_executor.py:39} WARNING - The example_kubernetes_executor example DAG requires the kubernetes provider. Please install it with: pip install apache-airflow[cncf.kubernetes]
[2024-09-06T20:12:49.236-0500] {processor.py:927} WARNING - No viable dags retrieved from /Users/binhpham/Library/Python/3.9/lib/python/site-packages/airflow/example_dags/example_kubernetes_executor.py
[2024-09-06T20:12:49.274-0500] {processor.py:208} INFO - Processing /Users/binhpham/Library/Python/3.9/lib/python/site-packages/airflow/example_dags/example_kubernetes_executor.py took 0.056 seconds
[2024-09-06T20:16:05.467-0500] {processor.py:186} INFO - Started process (PID=40732) to work on /Users/binhpham/Library/Python/3.9/lib/python/site-packages/airflow/example_dags/example_kubernetes_executor.py
[2024-09-06T20:16:05.470-0500] {processor.py:914} INFO - Processing file /Users/binhpham/Library/Python/3.9/lib/python/site-packages/airflow/example_dags/example_kubernetes_executor.py for tasks to queue
[2024-09-06T20:16:05.470-0500] {logging_mixin.py:190} INFO - [2024-09-06T20:16:05.470-0500] {dagbag.py:587} INFO - Filling up the DagBag from /Users/binhpham/Library/Python/3.9/lib/python/site-packages/airflow/example_dags/example_kubernetes_executor.py
[2024-09-06T20:16:05.485-0500] {logging_mixin.py:190} INFO - [2024-09-06T20:16:05.485-0500] {example_kubernetes_executor.py:39} WARNING - The example_kubernetes_executor example DAG requires the kubernetes provider. Please install it with: pip install apache-airflow[cncf.kubernetes]
[2024-09-06T20:16:05.485-0500] {processor.py:927} WARNING - No viable dags retrieved from /Users/binhpham/Library/Python/3.9/lib/python/site-packages/airflow/example_dags/example_kubernetes_executor.py
[2024-09-06T20:16:05.523-0500] {processor.py:208} INFO - Processing /Users/binhpham/Library/Python/3.9/lib/python/site-packages/airflow/example_dags/example_kubernetes_executor.py took 0.057 seconds
[2024-09-06T20:22:55.956-0500] {processor.py:186} INFO - Started process (PID=42957) to work on /Users/binhpham/Library/Python/3.9/lib/python/site-packages/airflow/example_dags/example_kubernetes_executor.py
[2024-09-06T20:22:55.957-0500] {processor.py:914} INFO - Processing file /Users/binhpham/Library/Python/3.9/lib/python/site-packages/airflow/example_dags/example_kubernetes_executor.py for tasks to queue
[2024-09-06T20:22:55.958-0500] {logging_mixin.py:190} INFO - [2024-09-06T20:22:55.958-0500] {dagbag.py:587} INFO - Filling up the DagBag from /Users/binhpham/Library/Python/3.9/lib/python/site-packages/airflow/example_dags/example_kubernetes_executor.py
[2024-09-06T20:22:55.975-0500] {logging_mixin.py:190} INFO - [2024-09-06T20:22:55.975-0500] {example_kubernetes_executor.py:39} WARNING - The example_kubernetes_executor example DAG requires the kubernetes provider. Please install it with: pip install apache-airflow[cncf.kubernetes]
[2024-09-06T20:22:55.975-0500] {processor.py:927} WARNING - No viable dags retrieved from /Users/binhpham/Library/Python/3.9/lib/python/site-packages/airflow/example_dags/example_kubernetes_executor.py
[2024-09-06T20:22:56.015-0500] {processor.py:208} INFO - Processing /Users/binhpham/Library/Python/3.9/lib/python/site-packages/airflow/example_dags/example_kubernetes_executor.py took 0.061 seconds
[2024-09-06T20:24:48.147-0500] {processor.py:186} INFO - Started process (PID=43300) to work on /Users/binhpham/Library/Python/3.9/lib/python/site-packages/airflow/example_dags/example_kubernetes_executor.py
[2024-09-06T20:24:48.148-0500] {processor.py:914} INFO - Processing file /Users/binhpham/Library/Python/3.9/lib/python/site-packages/airflow/example_dags/example_kubernetes_executor.py for tasks to queue
[2024-09-06T20:24:48.149-0500] {logging_mixin.py:190} INFO - [2024-09-06T20:24:48.149-0500] {dagbag.py:587} INFO - Filling up the DagBag from /Users/binhpham/Library/Python/3.9/lib/python/site-packages/airflow/example_dags/example_kubernetes_executor.py
[2024-09-06T20:24:48.163-0500] {logging_mixin.py:190} INFO - [2024-09-06T20:24:48.163-0500] {example_kubernetes_executor.py:39} WARNING - The example_kubernetes_executor example DAG requires the kubernetes provider. Please install it with: pip install apache-airflow[cncf.kubernetes]
[2024-09-06T20:24:48.163-0500] {processor.py:927} WARNING - No viable dags retrieved from /Users/binhpham/Library/Python/3.9/lib/python/site-packages/airflow/example_dags/example_kubernetes_executor.py
[2024-09-06T20:24:48.201-0500] {processor.py:208} INFO - Processing /Users/binhpham/Library/Python/3.9/lib/python/site-packages/airflow/example_dags/example_kubernetes_executor.py took 0.056 seconds
[2024-09-06T20:28:01.665-0500] {processor.py:186} INFO - Started process (PID=43957) to work on /Users/binhpham/Library/Python/3.9/lib/python/site-packages/airflow/example_dags/example_kubernetes_executor.py
[2024-09-06T20:28:01.667-0500] {processor.py:914} INFO - Processing file /Users/binhpham/Library/Python/3.9/lib/python/site-packages/airflow/example_dags/example_kubernetes_executor.py for tasks to queue
[2024-09-06T20:28:01.668-0500] {logging_mixin.py:190} INFO - [2024-09-06T20:28:01.668-0500] {dagbag.py:587} INFO - Filling up the DagBag from /Users/binhpham/Library/Python/3.9/lib/python/site-packages/airflow/example_dags/example_kubernetes_executor.py
[2024-09-06T20:28:01.681-0500] {logging_mixin.py:190} INFO - [2024-09-06T20:28:01.681-0500] {example_kubernetes_executor.py:39} WARNING - The example_kubernetes_executor example DAG requires the kubernetes provider. Please install it with: pip install apache-airflow[cncf.kubernetes]
[2024-09-06T20:28:01.681-0500] {processor.py:927} WARNING - No viable dags retrieved from /Users/binhpham/Library/Python/3.9/lib/python/site-packages/airflow/example_dags/example_kubernetes_executor.py
[2024-09-06T20:28:01.719-0500] {processor.py:208} INFO - Processing /Users/binhpham/Library/Python/3.9/lib/python/site-packages/airflow/example_dags/example_kubernetes_executor.py took 0.055 seconds
[2024-09-06T20:29:55.167-0500] {processor.py:186} INFO - Started process (PID=44344) to work on /Users/binhpham/Library/Python/3.9/lib/python/site-packages/airflow/example_dags/example_kubernetes_executor.py
[2024-09-06T20:29:55.170-0500] {processor.py:914} INFO - Processing file /Users/binhpham/Library/Python/3.9/lib/python/site-packages/airflow/example_dags/example_kubernetes_executor.py for tasks to queue
[2024-09-06T20:29:55.170-0500] {logging_mixin.py:190} INFO - [2024-09-06T20:29:55.170-0500] {dagbag.py:587} INFO - Filling up the DagBag from /Users/binhpham/Library/Python/3.9/lib/python/site-packages/airflow/example_dags/example_kubernetes_executor.py
[2024-09-06T20:29:55.183-0500] {logging_mixin.py:190} INFO - [2024-09-06T20:29:55.183-0500] {example_kubernetes_executor.py:39} WARNING - The example_kubernetes_executor example DAG requires the kubernetes provider. Please install it with: pip install apache-airflow[cncf.kubernetes]
[2024-09-06T20:29:55.183-0500] {processor.py:927} WARNING - No viable dags retrieved from /Users/binhpham/Library/Python/3.9/lib/python/site-packages/airflow/example_dags/example_kubernetes_executor.py
[2024-09-06T20:29:55.220-0500] {processor.py:208} INFO - Processing /Users/binhpham/Library/Python/3.9/lib/python/site-packages/airflow/example_dags/example_kubernetes_executor.py took 0.054 seconds
[2024-09-06T20:32:37.168-0500] {processor.py:186} INFO - Started process (PID=44865) to work on /Users/binhpham/Library/Python/3.9/lib/python/site-packages/airflow/example_dags/example_kubernetes_executor.py
[2024-09-06T20:32:37.170-0500] {processor.py:914} INFO - Processing file /Users/binhpham/Library/Python/3.9/lib/python/site-packages/airflow/example_dags/example_kubernetes_executor.py for tasks to queue
[2024-09-06T20:32:37.170-0500] {logging_mixin.py:190} INFO - [2024-09-06T20:32:37.170-0500] {dagbag.py:587} INFO - Filling up the DagBag from /Users/binhpham/Library/Python/3.9/lib/python/site-packages/airflow/example_dags/example_kubernetes_executor.py
[2024-09-06T20:32:37.184-0500] {logging_mixin.py:190} INFO - [2024-09-06T20:32:37.184-0500] {example_kubernetes_executor.py:39} WARNING - The example_kubernetes_executor example DAG requires the kubernetes provider. Please install it with: pip install apache-airflow[cncf.kubernetes]
[2024-09-06T20:32:37.184-0500] {processor.py:927} WARNING - No viable dags retrieved from /Users/binhpham/Library/Python/3.9/lib/python/site-packages/airflow/example_dags/example_kubernetes_executor.py
[2024-09-06T20:32:37.222-0500] {processor.py:208} INFO - Processing /Users/binhpham/Library/Python/3.9/lib/python/site-packages/airflow/example_dags/example_kubernetes_executor.py took 0.055 seconds
[2024-09-06T20:34:34.617-0500] {processor.py:186} INFO - Started process (PID=45249) to work on /Users/binhpham/Library/Python/3.9/lib/python/site-packages/airflow/example_dags/example_kubernetes_executor.py
[2024-09-06T20:34:34.619-0500] {processor.py:914} INFO - Processing file /Users/binhpham/Library/Python/3.9/lib/python/site-packages/airflow/example_dags/example_kubernetes_executor.py for tasks to queue
[2024-09-06T20:34:34.620-0500] {logging_mixin.py:190} INFO - [2024-09-06T20:34:34.620-0500] {dagbag.py:587} INFO - Filling up the DagBag from /Users/binhpham/Library/Python/3.9/lib/python/site-packages/airflow/example_dags/example_kubernetes_executor.py
[2024-09-06T20:34:34.636-0500] {logging_mixin.py:190} INFO - [2024-09-06T20:34:34.635-0500] {example_kubernetes_executor.py:39} WARNING - The example_kubernetes_executor example DAG requires the kubernetes provider. Please install it with: pip install apache-airflow[cncf.kubernetes]
[2024-09-06T20:34:34.636-0500] {processor.py:927} WARNING - No viable dags retrieved from /Users/binhpham/Library/Python/3.9/lib/python/site-packages/airflow/example_dags/example_kubernetes_executor.py
[2024-09-06T20:34:34.679-0500] {processor.py:208} INFO - Processing /Users/binhpham/Library/Python/3.9/lib/python/site-packages/airflow/example_dags/example_kubernetes_executor.py took 0.063 seconds
[2024-09-06T20:36:26.955-0500] {processor.py:186} INFO - Started process (PID=45617) to work on /Users/binhpham/Library/Python/3.9/lib/python/site-packages/airflow/example_dags/example_kubernetes_executor.py
[2024-09-06T20:36:26.957-0500] {processor.py:914} INFO - Processing file /Users/binhpham/Library/Python/3.9/lib/python/site-packages/airflow/example_dags/example_kubernetes_executor.py for tasks to queue
[2024-09-06T20:36:26.958-0500] {logging_mixin.py:190} INFO - [2024-09-06T20:36:26.958-0500] {dagbag.py:587} INFO - Filling up the DagBag from /Users/binhpham/Library/Python/3.9/lib/python/site-packages/airflow/example_dags/example_kubernetes_executor.py
[2024-09-06T20:36:26.971-0500] {logging_mixin.py:190} INFO - [2024-09-06T20:36:26.971-0500] {example_kubernetes_executor.py:39} WARNING - The example_kubernetes_executor example DAG requires the kubernetes provider. Please install it with: pip install apache-airflow[cncf.kubernetes]
[2024-09-06T20:36:26.971-0500] {processor.py:927} WARNING - No viable dags retrieved from /Users/binhpham/Library/Python/3.9/lib/python/site-packages/airflow/example_dags/example_kubernetes_executor.py
[2024-09-06T20:36:27.010-0500] {processor.py:208} INFO - Processing /Users/binhpham/Library/Python/3.9/lib/python/site-packages/airflow/example_dags/example_kubernetes_executor.py took 0.057 seconds
