[2024-09-06T19:43:56.876-0500] {processor.py:186} INFO - Started process (PID=34310) to work on /Users/binhpham/Library/Python/3.9/lib/python/site-packages/airflow/example_dags/example_xcomargs.py
[2024-09-06T19:43:56.878-0500] {processor.py:914} INFO - Processing file /Users/binhpham/Library/Python/3.9/lib/python/site-packages/airflow/example_dags/example_xcomargs.py for tasks to queue
[2024-09-06T19:43:56.878-0500] {logging_mixin.py:190} INFO - [2024-09-06T19:43:56.878-0500] {dagbag.py:587} INFO - Filling up the DagBag from /Users/binhpham/Library/Python/3.9/lib/python/site-packages/airflow/example_dags/example_xcomargs.py
[2024-09-06T19:43:56.894-0500] {processor.py:925} INFO - DAG(s) 'example_xcom_args_with_operators', 'example_xcom_args' retrieved from /Users/binhpham/Library/Python/3.9/lib/python/site-packages/airflow/example_dags/example_xcomargs.py
[2024-09-06T19:43:56.980-0500] {logging_mixin.py:190} INFO - [2024-09-06T19:43:56.980-0500] {override.py:1900} INFO - Created Permission View: can read on DAG:example_xcom_args_with_operators
[2024-09-06T19:43:56.984-0500] {logging_mixin.py:190} INFO - [2024-09-06T19:43:56.984-0500] {override.py:1900} INFO - Created Permission View: can edit on DAG:example_xcom_args_with_operators
[2024-09-06T19:43:56.986-0500] {logging_mixin.py:190} INFO - [2024-09-06T19:43:56.986-0500] {override.py:1900} INFO - Created Permission View: can delete on DAG:example_xcom_args_with_operators
[2024-09-06T19:43:56.990-0500] {logging_mixin.py:190} INFO - [2024-09-06T19:43:56.990-0500] {override.py:1900} INFO - Created Permission View: can create on DAG Run:example_xcom_args_with_operators
[2024-09-06T19:43:56.993-0500] {logging_mixin.py:190} INFO - [2024-09-06T19:43:56.993-0500] {override.py:1900} INFO - Created Permission View: can read on DAG Run:example_xcom_args_with_operators
[2024-09-06T19:43:56.995-0500] {logging_mixin.py:190} INFO - [2024-09-06T19:43:56.995-0500] {override.py:1900} INFO - Created Permission View: menu access on DAG Run:example_xcom_args_with_operators
[2024-09-06T19:43:56.997-0500] {logging_mixin.py:190} INFO - [2024-09-06T19:43:56.997-0500] {override.py:1900} INFO - Created Permission View: can delete on DAG Run:example_xcom_args_with_operators
[2024-09-06T19:43:57.002-0500] {logging_mixin.py:190} INFO - [2024-09-06T19:43:57.002-0500] {override.py:1900} INFO - Created Permission View: can read on DAG:example_xcom_args
[2024-09-06T19:43:57.005-0500] {logging_mixin.py:190} INFO - [2024-09-06T19:43:57.005-0500] {override.py:1900} INFO - Created Permission View: can edit on DAG:example_xcom_args
[2024-09-06T19:43:57.008-0500] {logging_mixin.py:190} INFO - [2024-09-06T19:43:57.007-0500] {override.py:1900} INFO - Created Permission View: can delete on DAG:example_xcom_args
[2024-09-06T19:43:57.011-0500] {logging_mixin.py:190} INFO - [2024-09-06T19:43:57.011-0500] {override.py:1900} INFO - Created Permission View: can create on DAG Run:example_xcom_args
[2024-09-06T19:43:57.014-0500] {logging_mixin.py:190} INFO - [2024-09-06T19:43:57.014-0500] {override.py:1900} INFO - Created Permission View: can read on DAG Run:example_xcom_args
[2024-09-06T19:43:57.017-0500] {logging_mixin.py:190} INFO - [2024-09-06T19:43:57.016-0500] {override.py:1900} INFO - Created Permission View: menu access on DAG Run:example_xcom_args
[2024-09-06T19:43:57.020-0500] {logging_mixin.py:190} INFO - [2024-09-06T19:43:57.019-0500] {override.py:1900} INFO - Created Permission View: can delete on DAG Run:example_xcom_args
[2024-09-06T19:43:57.020-0500] {logging_mixin.py:190} INFO - [2024-09-06T19:43:57.020-0500] {dag.py:3229} INFO - Sync 2 DAGs
[2024-09-06T19:43:57.057-0500] {logging_mixin.py:190} INFO - [2024-09-06T19:43:57.057-0500] {dag.py:3252} INFO - Creating ORM DAG for example_xcom_args_with_operators
[2024-09-06T19:43:57.057-0500] {logging_mixin.py:190} INFO - [2024-09-06T19:43:57.057-0500] {dag.py:3252} INFO - Creating ORM DAG for example_xcom_args
[2024-09-06T19:43:57.057-0500] {logging_mixin.py:190} INFO - [2024-09-06T19:43:57.057-0500] {dag.py:4156} INFO - Setting next_dagrun for example_xcom_args to None, run_after=None
[2024-09-06T19:43:57.057-0500] {logging_mixin.py:190} INFO - [2024-09-06T19:43:57.057-0500] {dag.py:4156} INFO - Setting next_dagrun for example_xcom_args_with_operators to None, run_after=None
[2024-09-06T19:43:57.066-0500] {processor.py:208} INFO - Processing /Users/binhpham/Library/Python/3.9/lib/python/site-packages/airflow/example_dags/example_xcomargs.py took 0.191 seconds
[2024-09-06T19:45:04.312-0500] {processor.py:186} INFO - Started process (PID=34616) to work on /Users/binhpham/Library/Python/3.9/lib/python/site-packages/airflow/example_dags/example_xcomargs.py
[2024-09-06T19:45:04.313-0500] {processor.py:914} INFO - Processing file /Users/binhpham/Library/Python/3.9/lib/python/site-packages/airflow/example_dags/example_xcomargs.py for tasks to queue
[2024-09-06T19:45:04.314-0500] {logging_mixin.py:190} INFO - [2024-09-06T19:45:04.314-0500] {dagbag.py:587} INFO - Filling up the DagBag from /Users/binhpham/Library/Python/3.9/lib/python/site-packages/airflow/example_dags/example_xcomargs.py
[2024-09-06T19:45:04.329-0500] {processor.py:925} INFO - DAG(s) 'example_xcom_args_with_operators', 'example_xcom_args' retrieved from /Users/binhpham/Library/Python/3.9/lib/python/site-packages/airflow/example_dags/example_xcomargs.py
[2024-09-06T19:45:04.376-0500] {logging_mixin.py:190} INFO - [2024-09-06T19:45:04.376-0500] {dag.py:3229} INFO - Sync 2 DAGs
[2024-09-06T19:45:04.381-0500] {logging_mixin.py:190} INFO - [2024-09-06T19:45:04.381-0500] {dag.py:4156} INFO - Setting next_dagrun for example_xcom_args to None, run_after=None
[2024-09-06T19:45:04.382-0500] {logging_mixin.py:190} INFO - [2024-09-06T19:45:04.382-0500] {dag.py:4156} INFO - Setting next_dagrun for example_xcom_args_with_operators to None, run_after=None
[2024-09-06T19:45:04.389-0500] {processor.py:208} INFO - Processing /Users/binhpham/Library/Python/3.9/lib/python/site-packages/airflow/example_dags/example_xcomargs.py took 0.079 seconds
[2024-09-06T19:47:25.118-0500] {processor.py:186} INFO - Started process (PID=35196) to work on /Users/binhpham/Library/Python/3.9/lib/python/site-packages/airflow/example_dags/example_xcomargs.py
[2024-09-06T19:47:25.121-0500] {processor.py:914} INFO - Processing file /Users/binhpham/Library/Python/3.9/lib/python/site-packages/airflow/example_dags/example_xcomargs.py for tasks to queue
[2024-09-06T19:47:25.121-0500] {logging_mixin.py:190} INFO - [2024-09-06T19:47:25.121-0500] {dagbag.py:587} INFO - Filling up the DagBag from /Users/binhpham/Library/Python/3.9/lib/python/site-packages/airflow/example_dags/example_xcomargs.py
[2024-09-06T19:47:25.136-0500] {processor.py:925} INFO - DAG(s) 'example_xcom_args_with_operators', 'example_xcom_args' retrieved from /Users/binhpham/Library/Python/3.9/lib/python/site-packages/airflow/example_dags/example_xcomargs.py
[2024-09-06T19:47:25.178-0500] {logging_mixin.py:190} INFO - [2024-09-06T19:47:25.178-0500] {dag.py:3229} INFO - Sync 2 DAGs
[2024-09-06T19:47:25.183-0500] {logging_mixin.py:190} INFO - [2024-09-06T19:47:25.183-0500] {dag.py:4156} INFO - Setting next_dagrun for example_xcom_args to None, run_after=None
[2024-09-06T19:47:25.184-0500] {logging_mixin.py:190} INFO - [2024-09-06T19:47:25.184-0500] {dag.py:4156} INFO - Setting next_dagrun for example_xcom_args_with_operators to None, run_after=None
[2024-09-06T19:47:25.191-0500] {processor.py:208} INFO - Processing /Users/binhpham/Library/Python/3.9/lib/python/site-packages/airflow/example_dags/example_xcomargs.py took 0.074 seconds
[2024-09-06T19:49:17.012-0500] {processor.py:186} INFO - Started process (PID=35567) to work on /Users/binhpham/Library/Python/3.9/lib/python/site-packages/airflow/example_dags/example_xcomargs.py
[2024-09-06T19:49:17.015-0500] {processor.py:914} INFO - Processing file /Users/binhpham/Library/Python/3.9/lib/python/site-packages/airflow/example_dags/example_xcomargs.py for tasks to queue
[2024-09-06T19:49:17.015-0500] {logging_mixin.py:190} INFO - [2024-09-06T19:49:17.015-0500] {dagbag.py:587} INFO - Filling up the DagBag from /Users/binhpham/Library/Python/3.9/lib/python/site-packages/airflow/example_dags/example_xcomargs.py
[2024-09-06T19:49:17.032-0500] {processor.py:925} INFO - DAG(s) 'example_xcom_args_with_operators', 'example_xcom_args' retrieved from /Users/binhpham/Library/Python/3.9/lib/python/site-packages/airflow/example_dags/example_xcomargs.py
[2024-09-06T19:49:17.079-0500] {logging_mixin.py:190} INFO - [2024-09-06T19:49:17.078-0500] {dag.py:3229} INFO - Sync 2 DAGs
[2024-09-06T19:49:17.084-0500] {logging_mixin.py:190} INFO - [2024-09-06T19:49:17.083-0500] {dag.py:4156} INFO - Setting next_dagrun for example_xcom_args to None, run_after=None
[2024-09-06T19:49:17.085-0500] {logging_mixin.py:190} INFO - [2024-09-06T19:49:17.085-0500] {dag.py:4156} INFO - Setting next_dagrun for example_xcom_args_with_operators to None, run_after=None
[2024-09-06T19:49:17.092-0500] {processor.py:208} INFO - Processing /Users/binhpham/Library/Python/3.9/lib/python/site-packages/airflow/example_dags/example_xcomargs.py took 0.081 seconds
[2024-09-06T19:50:38.669-0500] {processor.py:186} INFO - Started process (PID=35821) to work on /Users/binhpham/Library/Python/3.9/lib/python/site-packages/airflow/example_dags/example_xcomargs.py
[2024-09-06T19:50:38.671-0500] {processor.py:914} INFO - Processing file /Users/binhpham/Library/Python/3.9/lib/python/site-packages/airflow/example_dags/example_xcomargs.py for tasks to queue
[2024-09-06T19:50:38.672-0500] {logging_mixin.py:190} INFO - [2024-09-06T19:50:38.671-0500] {dagbag.py:587} INFO - Filling up the DagBag from /Users/binhpham/Library/Python/3.9/lib/python/site-packages/airflow/example_dags/example_xcomargs.py
[2024-09-06T19:50:38.687-0500] {processor.py:925} INFO - DAG(s) 'example_xcom_args', 'example_xcom_args_with_operators' retrieved from /Users/binhpham/Library/Python/3.9/lib/python/site-packages/airflow/example_dags/example_xcomargs.py
[2024-09-06T19:50:38.729-0500] {logging_mixin.py:190} INFO - [2024-09-06T19:50:38.729-0500] {dag.py:3229} INFO - Sync 2 DAGs
[2024-09-06T19:50:38.734-0500] {logging_mixin.py:190} INFO - [2024-09-06T19:50:38.734-0500] {dag.py:4156} INFO - Setting next_dagrun for example_xcom_args to None, run_after=None
[2024-09-06T19:50:38.735-0500] {logging_mixin.py:190} INFO - [2024-09-06T19:50:38.735-0500] {dag.py:4156} INFO - Setting next_dagrun for example_xcom_args_with_operators to None, run_after=None
[2024-09-06T19:50:38.742-0500] {processor.py:208} INFO - Processing /Users/binhpham/Library/Python/3.9/lib/python/site-packages/airflow/example_dags/example_xcomargs.py took 0.075 seconds
[2024-09-06T19:51:59.994-0500] {processor.py:186} INFO - Started process (PID=36074) to work on /Users/binhpham/Library/Python/3.9/lib/python/site-packages/airflow/example_dags/example_xcomargs.py
[2024-09-06T19:51:59.995-0500] {processor.py:914} INFO - Processing file /Users/binhpham/Library/Python/3.9/lib/python/site-packages/airflow/example_dags/example_xcomargs.py for tasks to queue
[2024-09-06T19:51:59.995-0500] {logging_mixin.py:190} INFO - [2024-09-06T19:51:59.995-0500] {dagbag.py:587} INFO - Filling up the DagBag from /Users/binhpham/Library/Python/3.9/lib/python/site-packages/airflow/example_dags/example_xcomargs.py
[2024-09-06T19:52:00.011-0500] {processor.py:925} INFO - DAG(s) 'example_xcom_args_with_operators', 'example_xcom_args' retrieved from /Users/binhpham/Library/Python/3.9/lib/python/site-packages/airflow/example_dags/example_xcomargs.py
[2024-09-06T19:52:00.056-0500] {logging_mixin.py:190} INFO - [2024-09-06T19:52:00.056-0500] {dag.py:3229} INFO - Sync 2 DAGs
[2024-09-06T19:52:00.061-0500] {logging_mixin.py:190} INFO - [2024-09-06T19:52:00.061-0500] {dag.py:4156} INFO - Setting next_dagrun for example_xcom_args to None, run_after=None
[2024-09-06T19:52:00.062-0500] {logging_mixin.py:190} INFO - [2024-09-06T19:52:00.062-0500] {dag.py:4156} INFO - Setting next_dagrun for example_xcom_args_with_operators to None, run_after=None
[2024-09-06T19:52:00.069-0500] {processor.py:208} INFO - Processing /Users/binhpham/Library/Python/3.9/lib/python/site-packages/airflow/example_dags/example_xcomargs.py took 0.077 seconds
[2024-09-06T19:53:49.138-0500] {processor.py:186} INFO - Started process (PID=36465) to work on /Users/binhpham/Library/Python/3.9/lib/python/site-packages/airflow/example_dags/example_xcomargs.py
[2024-09-06T19:53:49.140-0500] {processor.py:914} INFO - Processing file /Users/binhpham/Library/Python/3.9/lib/python/site-packages/airflow/example_dags/example_xcomargs.py for tasks to queue
[2024-09-06T19:53:49.141-0500] {logging_mixin.py:190} INFO - [2024-09-06T19:53:49.141-0500] {dagbag.py:587} INFO - Filling up the DagBag from /Users/binhpham/Library/Python/3.9/lib/python/site-packages/airflow/example_dags/example_xcomargs.py
[2024-09-06T19:53:49.157-0500] {processor.py:925} INFO - DAG(s) 'example_xcom_args_with_operators', 'example_xcom_args' retrieved from /Users/binhpham/Library/Python/3.9/lib/python/site-packages/airflow/example_dags/example_xcomargs.py
[2024-09-06T19:53:49.199-0500] {logging_mixin.py:190} INFO - [2024-09-06T19:53:49.199-0500] {dag.py:3229} INFO - Sync 2 DAGs
[2024-09-06T19:53:49.203-0500] {logging_mixin.py:190} INFO - [2024-09-06T19:53:49.203-0500] {dag.py:4156} INFO - Setting next_dagrun for example_xcom_args to None, run_after=None
[2024-09-06T19:53:49.204-0500] {logging_mixin.py:190} INFO - [2024-09-06T19:53:49.204-0500] {dag.py:4156} INFO - Setting next_dagrun for example_xcom_args_with_operators to None, run_after=None
[2024-09-06T19:53:49.211-0500] {processor.py:208} INFO - Processing /Users/binhpham/Library/Python/3.9/lib/python/site-packages/airflow/example_dags/example_xcomargs.py took 0.075 seconds
[2024-09-06T19:55:39.905-0500] {processor.py:186} INFO - Started process (PID=36840) to work on /Users/binhpham/Library/Python/3.9/lib/python/site-packages/airflow/example_dags/example_xcomargs.py
[2024-09-06T19:55:39.908-0500] {processor.py:914} INFO - Processing file /Users/binhpham/Library/Python/3.9/lib/python/site-packages/airflow/example_dags/example_xcomargs.py for tasks to queue
[2024-09-06T19:55:39.908-0500] {logging_mixin.py:190} INFO - [2024-09-06T19:55:39.908-0500] {dagbag.py:587} INFO - Filling up the DagBag from /Users/binhpham/Library/Python/3.9/lib/python/site-packages/airflow/example_dags/example_xcomargs.py
[2024-09-06T19:55:39.923-0500] {processor.py:925} INFO - DAG(s) 'example_xcom_args_with_operators', 'example_xcom_args' retrieved from /Users/binhpham/Library/Python/3.9/lib/python/site-packages/airflow/example_dags/example_xcomargs.py
[2024-09-06T19:55:39.967-0500] {logging_mixin.py:190} INFO - [2024-09-06T19:55:39.967-0500] {dag.py:3229} INFO - Sync 2 DAGs
[2024-09-06T19:55:39.972-0500] {logging_mixin.py:190} INFO - [2024-09-06T19:55:39.972-0500] {dag.py:4156} INFO - Setting next_dagrun for example_xcom_args to None, run_after=None
[2024-09-06T19:55:39.973-0500] {logging_mixin.py:190} INFO - [2024-09-06T19:55:39.973-0500] {dag.py:4156} INFO - Setting next_dagrun for example_xcom_args_with_operators to None, run_after=None
[2024-09-06T19:55:39.980-0500] {processor.py:208} INFO - Processing /Users/binhpham/Library/Python/3.9/lib/python/site-packages/airflow/example_dags/example_xcomargs.py took 0.076 seconds
[2024-09-06T19:57:01.721-0500] {processor.py:186} INFO - Started process (PID=37094) to work on /Users/binhpham/Library/Python/3.9/lib/python/site-packages/airflow/example_dags/example_xcomargs.py
[2024-09-06T19:57:01.724-0500] {processor.py:914} INFO - Processing file /Users/binhpham/Library/Python/3.9/lib/python/site-packages/airflow/example_dags/example_xcomargs.py for tasks to queue
[2024-09-06T19:57:01.724-0500] {logging_mixin.py:190} INFO - [2024-09-06T19:57:01.724-0500] {dagbag.py:587} INFO - Filling up the DagBag from /Users/binhpham/Library/Python/3.9/lib/python/site-packages/airflow/example_dags/example_xcomargs.py
[2024-09-06T19:57:01.741-0500] {processor.py:925} INFO - DAG(s) 'example_xcom_args', 'example_xcom_args_with_operators' retrieved from /Users/binhpham/Library/Python/3.9/lib/python/site-packages/airflow/example_dags/example_xcomargs.py
[2024-09-06T19:57:01.785-0500] {logging_mixin.py:190} INFO - [2024-09-06T19:57:01.785-0500] {dag.py:3229} INFO - Sync 2 DAGs
[2024-09-06T19:57:01.790-0500] {logging_mixin.py:190} INFO - [2024-09-06T19:57:01.790-0500] {dag.py:4156} INFO - Setting next_dagrun for example_xcom_args to None, run_after=None
[2024-09-06T19:57:01.791-0500] {logging_mixin.py:190} INFO - [2024-09-06T19:57:01.791-0500] {dag.py:4156} INFO - Setting next_dagrun for example_xcom_args_with_operators to None, run_after=None
[2024-09-06T19:57:01.797-0500] {processor.py:208} INFO - Processing /Users/binhpham/Library/Python/3.9/lib/python/site-packages/airflow/example_dags/example_xcomargs.py took 0.077 seconds
[2024-09-06T19:58:23.639-0500] {processor.py:186} INFO - Started process (PID=37342) to work on /Users/binhpham/Library/Python/3.9/lib/python/site-packages/airflow/example_dags/example_xcomargs.py
[2024-09-06T19:58:23.642-0500] {processor.py:914} INFO - Processing file /Users/binhpham/Library/Python/3.9/lib/python/site-packages/airflow/example_dags/example_xcomargs.py for tasks to queue
[2024-09-06T19:58:23.642-0500] {logging_mixin.py:190} INFO - [2024-09-06T19:58:23.642-0500] {dagbag.py:587} INFO - Filling up the DagBag from /Users/binhpham/Library/Python/3.9/lib/python/site-packages/airflow/example_dags/example_xcomargs.py
[2024-09-06T19:58:23.657-0500] {processor.py:925} INFO - DAG(s) 'example_xcom_args', 'example_xcom_args_with_operators' retrieved from /Users/binhpham/Library/Python/3.9/lib/python/site-packages/airflow/example_dags/example_xcomargs.py
[2024-09-06T19:58:23.702-0500] {logging_mixin.py:190} INFO - [2024-09-06T19:58:23.702-0500] {dag.py:3229} INFO - Sync 2 DAGs
[2024-09-06T19:58:23.708-0500] {logging_mixin.py:190} INFO - [2024-09-06T19:58:23.707-0500] {dag.py:4156} INFO - Setting next_dagrun for example_xcom_args to None, run_after=None
[2024-09-06T19:58:23.709-0500] {logging_mixin.py:190} INFO - [2024-09-06T19:58:23.709-0500] {dag.py:4156} INFO - Setting next_dagrun for example_xcom_args_with_operators to None, run_after=None
[2024-09-06T19:58:23.717-0500] {processor.py:208} INFO - Processing /Users/binhpham/Library/Python/3.9/lib/python/site-packages/airflow/example_dags/example_xcomargs.py took 0.079 seconds
[2024-09-06T19:59:46.558-0500] {processor.py:186} INFO - Started process (PID=37593) to work on /Users/binhpham/Library/Python/3.9/lib/python/site-packages/airflow/example_dags/example_xcomargs.py
[2024-09-06T19:59:46.561-0500] {processor.py:914} INFO - Processing file /Users/binhpham/Library/Python/3.9/lib/python/site-packages/airflow/example_dags/example_xcomargs.py for tasks to queue
[2024-09-06T19:59:46.561-0500] {logging_mixin.py:190} INFO - [2024-09-06T19:59:46.561-0500] {dagbag.py:587} INFO - Filling up the DagBag from /Users/binhpham/Library/Python/3.9/lib/python/site-packages/airflow/example_dags/example_xcomargs.py
[2024-09-06T19:59:46.577-0500] {processor.py:925} INFO - DAG(s) 'example_xcom_args', 'example_xcom_args_with_operators' retrieved from /Users/binhpham/Library/Python/3.9/lib/python/site-packages/airflow/example_dags/example_xcomargs.py
[2024-09-06T19:59:46.622-0500] {logging_mixin.py:190} INFO - [2024-09-06T19:59:46.622-0500] {dag.py:3229} INFO - Sync 2 DAGs
[2024-09-06T19:59:46.628-0500] {logging_mixin.py:190} INFO - [2024-09-06T19:59:46.627-0500] {dag.py:4156} INFO - Setting next_dagrun for example_xcom_args to None, run_after=None
[2024-09-06T19:59:46.629-0500] {logging_mixin.py:190} INFO - [2024-09-06T19:59:46.629-0500] {dag.py:4156} INFO - Setting next_dagrun for example_xcom_args_with_operators to None, run_after=None
[2024-09-06T19:59:46.636-0500] {processor.py:208} INFO - Processing /Users/binhpham/Library/Python/3.9/lib/python/site-packages/airflow/example_dags/example_xcomargs.py took 0.079 seconds
[2024-09-06T20:01:07.517-0500] {processor.py:186} INFO - Started process (PID=37846) to work on /Users/binhpham/Library/Python/3.9/lib/python/site-packages/airflow/example_dags/example_xcomargs.py
[2024-09-06T20:01:07.520-0500] {processor.py:914} INFO - Processing file /Users/binhpham/Library/Python/3.9/lib/python/site-packages/airflow/example_dags/example_xcomargs.py for tasks to queue
[2024-09-06T20:01:07.520-0500] {logging_mixin.py:190} INFO - [2024-09-06T20:01:07.520-0500] {dagbag.py:587} INFO - Filling up the DagBag from /Users/binhpham/Library/Python/3.9/lib/python/site-packages/airflow/example_dags/example_xcomargs.py
[2024-09-06T20:01:07.536-0500] {processor.py:925} INFO - DAG(s) 'example_xcom_args', 'example_xcom_args_with_operators' retrieved from /Users/binhpham/Library/Python/3.9/lib/python/site-packages/airflow/example_dags/example_xcomargs.py
[2024-09-06T20:01:07.583-0500] {logging_mixin.py:190} INFO - [2024-09-06T20:01:07.582-0500] {dag.py:3229} INFO - Sync 2 DAGs
[2024-09-06T20:01:07.590-0500] {logging_mixin.py:190} INFO - [2024-09-06T20:01:07.590-0500] {dag.py:4156} INFO - Setting next_dagrun for example_xcom_args to None, run_after=None
[2024-09-06T20:01:07.591-0500] {logging_mixin.py:190} INFO - [2024-09-06T20:01:07.591-0500] {dag.py:4156} INFO - Setting next_dagrun for example_xcom_args_with_operators to None, run_after=None
[2024-09-06T20:01:07.598-0500] {processor.py:208} INFO - Processing /Users/binhpham/Library/Python/3.9/lib/python/site-packages/airflow/example_dags/example_xcomargs.py took 0.082 seconds
[2024-09-06T20:02:28.719-0500] {processor.py:186} INFO - Started process (PID=38098) to work on /Users/binhpham/Library/Python/3.9/lib/python/site-packages/airflow/example_dags/example_xcomargs.py
[2024-09-06T20:02:28.722-0500] {processor.py:914} INFO - Processing file /Users/binhpham/Library/Python/3.9/lib/python/site-packages/airflow/example_dags/example_xcomargs.py for tasks to queue
[2024-09-06T20:02:28.722-0500] {logging_mixin.py:190} INFO - [2024-09-06T20:02:28.722-0500] {dagbag.py:587} INFO - Filling up the DagBag from /Users/binhpham/Library/Python/3.9/lib/python/site-packages/airflow/example_dags/example_xcomargs.py
[2024-09-06T20:02:28.738-0500] {processor.py:925} INFO - DAG(s) 'example_xcom_args_with_operators', 'example_xcom_args' retrieved from /Users/binhpham/Library/Python/3.9/lib/python/site-packages/airflow/example_dags/example_xcomargs.py
[2024-09-06T20:02:28.782-0500] {logging_mixin.py:190} INFO - [2024-09-06T20:02:28.782-0500] {dag.py:3229} INFO - Sync 2 DAGs
[2024-09-06T20:02:28.787-0500] {logging_mixin.py:190} INFO - [2024-09-06T20:02:28.787-0500] {dag.py:4156} INFO - Setting next_dagrun for example_xcom_args to None, run_after=None
[2024-09-06T20:02:28.788-0500] {logging_mixin.py:190} INFO - [2024-09-06T20:02:28.788-0500] {dag.py:4156} INFO - Setting next_dagrun for example_xcom_args_with_operators to None, run_after=None
[2024-09-06T20:02:28.795-0500] {processor.py:208} INFO - Processing /Users/binhpham/Library/Python/3.9/lib/python/site-packages/airflow/example_dags/example_xcomargs.py took 0.076 seconds
[2024-09-06T20:03:47.694-0500] {processor.py:186} INFO - Started process (PID=38342) to work on /Users/binhpham/Library/Python/3.9/lib/python/site-packages/airflow/example_dags/example_xcomargs.py
[2024-09-06T20:03:47.696-0500] {processor.py:914} INFO - Processing file /Users/binhpham/Library/Python/3.9/lib/python/site-packages/airflow/example_dags/example_xcomargs.py for tasks to queue
[2024-09-06T20:03:47.696-0500] {logging_mixin.py:190} INFO - [2024-09-06T20:03:47.696-0500] {dagbag.py:587} INFO - Filling up the DagBag from /Users/binhpham/Library/Python/3.9/lib/python/site-packages/airflow/example_dags/example_xcomargs.py
[2024-09-06T20:03:47.714-0500] {processor.py:925} INFO - DAG(s) 'example_xcom_args', 'example_xcom_args_with_operators' retrieved from /Users/binhpham/Library/Python/3.9/lib/python/site-packages/airflow/example_dags/example_xcomargs.py
[2024-09-06T20:03:47.760-0500] {logging_mixin.py:190} INFO - [2024-09-06T20:03:47.759-0500] {dag.py:3229} INFO - Sync 2 DAGs
[2024-09-06T20:03:47.764-0500] {logging_mixin.py:190} INFO - [2024-09-06T20:03:47.764-0500] {dag.py:4156} INFO - Setting next_dagrun for example_xcom_args to None, run_after=None
[2024-09-06T20:03:47.766-0500] {logging_mixin.py:190} INFO - [2024-09-06T20:03:47.766-0500] {dag.py:4156} INFO - Setting next_dagrun for example_xcom_args_with_operators to None, run_after=None
[2024-09-06T20:03:47.772-0500] {processor.py:208} INFO - Processing /Users/binhpham/Library/Python/3.9/lib/python/site-packages/airflow/example_dags/example_xcomargs.py took 0.080 seconds
[2024-09-06T20:05:06.378-0500] {processor.py:186} INFO - Started process (PID=38582) to work on /Users/binhpham/Library/Python/3.9/lib/python/site-packages/airflow/example_dags/example_xcomargs.py
[2024-09-06T20:05:06.379-0500] {processor.py:914} INFO - Processing file /Users/binhpham/Library/Python/3.9/lib/python/site-packages/airflow/example_dags/example_xcomargs.py for tasks to queue
[2024-09-06T20:05:06.379-0500] {logging_mixin.py:190} INFO - [2024-09-06T20:05:06.379-0500] {dagbag.py:587} INFO - Filling up the DagBag from /Users/binhpham/Library/Python/3.9/lib/python/site-packages/airflow/example_dags/example_xcomargs.py
[2024-09-06T20:05:06.395-0500] {processor.py:925} INFO - DAG(s) 'example_xcom_args', 'example_xcom_args_with_operators' retrieved from /Users/binhpham/Library/Python/3.9/lib/python/site-packages/airflow/example_dags/example_xcomargs.py
[2024-09-06T20:05:06.441-0500] {logging_mixin.py:190} INFO - [2024-09-06T20:05:06.441-0500] {dag.py:3229} INFO - Sync 2 DAGs
[2024-09-06T20:05:06.447-0500] {logging_mixin.py:190} INFO - [2024-09-06T20:05:06.447-0500] {dag.py:4156} INFO - Setting next_dagrun for example_xcom_args to None, run_after=None
[2024-09-06T20:05:06.448-0500] {logging_mixin.py:190} INFO - [2024-09-06T20:05:06.448-0500] {dag.py:4156} INFO - Setting next_dagrun for example_xcom_args_with_operators to None, run_after=None
[2024-09-06T20:05:06.456-0500] {processor.py:208} INFO - Processing /Users/binhpham/Library/Python/3.9/lib/python/site-packages/airflow/example_dags/example_xcomargs.py took 0.079 seconds
[2024-09-06T20:06:27.716-0500] {processor.py:186} INFO - Started process (PID=38829) to work on /Users/binhpham/Library/Python/3.9/lib/python/site-packages/airflow/example_dags/example_xcomargs.py
[2024-09-06T20:06:27.718-0500] {processor.py:914} INFO - Processing file /Users/binhpham/Library/Python/3.9/lib/python/site-packages/airflow/example_dags/example_xcomargs.py for tasks to queue
[2024-09-06T20:06:27.719-0500] {logging_mixin.py:190} INFO - [2024-09-06T20:06:27.719-0500] {dagbag.py:587} INFO - Filling up the DagBag from /Users/binhpham/Library/Python/3.9/lib/python/site-packages/airflow/example_dags/example_xcomargs.py
[2024-09-06T20:06:27.735-0500] {processor.py:925} INFO - DAG(s) 'example_xcom_args', 'example_xcom_args_with_operators' retrieved from /Users/binhpham/Library/Python/3.9/lib/python/site-packages/airflow/example_dags/example_xcomargs.py
[2024-09-06T20:06:27.781-0500] {logging_mixin.py:190} INFO - [2024-09-06T20:06:27.781-0500] {dag.py:3229} INFO - Sync 2 DAGs
[2024-09-06T20:06:27.786-0500] {logging_mixin.py:190} INFO - [2024-09-06T20:06:27.786-0500] {dag.py:4156} INFO - Setting next_dagrun for example_xcom_args to None, run_after=None
[2024-09-06T20:06:27.787-0500] {logging_mixin.py:190} INFO - [2024-09-06T20:06:27.787-0500] {dag.py:4156} INFO - Setting next_dagrun for example_xcom_args_with_operators to None, run_after=None
[2024-09-06T20:06:27.794-0500] {processor.py:208} INFO - Processing /Users/binhpham/Library/Python/3.9/lib/python/site-packages/airflow/example_dags/example_xcomargs.py took 0.080 seconds
[2024-09-06T20:07:48.259-0500] {processor.py:186} INFO - Started process (PID=39072) to work on /Users/binhpham/Library/Python/3.9/lib/python/site-packages/airflow/example_dags/example_xcomargs.py
[2024-09-06T20:07:48.261-0500] {processor.py:914} INFO - Processing file /Users/binhpham/Library/Python/3.9/lib/python/site-packages/airflow/example_dags/example_xcomargs.py for tasks to queue
[2024-09-06T20:07:48.262-0500] {logging_mixin.py:190} INFO - [2024-09-06T20:07:48.262-0500] {dagbag.py:587} INFO - Filling up the DagBag from /Users/binhpham/Library/Python/3.9/lib/python/site-packages/airflow/example_dags/example_xcomargs.py
[2024-09-06T20:07:48.278-0500] {processor.py:925} INFO - DAG(s) 'example_xcom_args', 'example_xcom_args_with_operators' retrieved from /Users/binhpham/Library/Python/3.9/lib/python/site-packages/airflow/example_dags/example_xcomargs.py
[2024-09-06T20:07:48.321-0500] {logging_mixin.py:190} INFO - [2024-09-06T20:07:48.321-0500] {dag.py:3229} INFO - Sync 2 DAGs
[2024-09-06T20:07:48.326-0500] {logging_mixin.py:190} INFO - [2024-09-06T20:07:48.326-0500] {dag.py:4156} INFO - Setting next_dagrun for example_xcom_args to None, run_after=None
[2024-09-06T20:07:48.327-0500] {logging_mixin.py:190} INFO - [2024-09-06T20:07:48.327-0500] {dag.py:4156} INFO - Setting next_dagrun for example_xcom_args_with_operators to None, run_after=None
[2024-09-06T20:07:48.334-0500] {processor.py:208} INFO - Processing /Users/binhpham/Library/Python/3.9/lib/python/site-packages/airflow/example_dags/example_xcomargs.py took 0.076 seconds
[2024-09-06T20:09:08.296-0500] {processor.py:186} INFO - Started process (PID=39316) to work on /Users/binhpham/Library/Python/3.9/lib/python/site-packages/airflow/example_dags/example_xcomargs.py
[2024-09-06T20:09:08.299-0500] {processor.py:914} INFO - Processing file /Users/binhpham/Library/Python/3.9/lib/python/site-packages/airflow/example_dags/example_xcomargs.py for tasks to queue
[2024-09-06T20:09:08.300-0500] {logging_mixin.py:190} INFO - [2024-09-06T20:09:08.299-0500] {dagbag.py:587} INFO - Filling up the DagBag from /Users/binhpham/Library/Python/3.9/lib/python/site-packages/airflow/example_dags/example_xcomargs.py
[2024-09-06T20:09:08.315-0500] {processor.py:925} INFO - DAG(s) 'example_xcom_args', 'example_xcom_args_with_operators' retrieved from /Users/binhpham/Library/Python/3.9/lib/python/site-packages/airflow/example_dags/example_xcomargs.py
[2024-09-06T20:09:08.359-0500] {logging_mixin.py:190} INFO - [2024-09-06T20:09:08.359-0500] {dag.py:3229} INFO - Sync 2 DAGs
[2024-09-06T20:09:08.363-0500] {logging_mixin.py:190} INFO - [2024-09-06T20:09:08.363-0500] {dag.py:4156} INFO - Setting next_dagrun for example_xcom_args to None, run_after=None
[2024-09-06T20:09:08.365-0500] {logging_mixin.py:190} INFO - [2024-09-06T20:09:08.365-0500] {dag.py:4156} INFO - Setting next_dagrun for example_xcom_args_with_operators to None, run_after=None
[2024-09-06T20:09:08.371-0500] {processor.py:208} INFO - Processing /Users/binhpham/Library/Python/3.9/lib/python/site-packages/airflow/example_dags/example_xcomargs.py took 0.076 seconds
[2024-09-06T20:10:35.878-0500] {processor.py:186} INFO - Started process (PID=39615) to work on /Users/binhpham/Library/Python/3.9/lib/python/site-packages/airflow/example_dags/example_xcomargs.py
[2024-09-06T20:10:35.881-0500] {processor.py:914} INFO - Processing file /Users/binhpham/Library/Python/3.9/lib/python/site-packages/airflow/example_dags/example_xcomargs.py for tasks to queue
[2024-09-06T20:10:35.881-0500] {logging_mixin.py:190} INFO - [2024-09-06T20:10:35.881-0500] {dagbag.py:587} INFO - Filling up the DagBag from /Users/binhpham/Library/Python/3.9/lib/python/site-packages/airflow/example_dags/example_xcomargs.py
[2024-09-06T20:10:35.897-0500] {processor.py:925} INFO - DAG(s) 'example_xcom_args_with_operators', 'example_xcom_args' retrieved from /Users/binhpham/Library/Python/3.9/lib/python/site-packages/airflow/example_dags/example_xcomargs.py
[2024-09-06T20:10:35.944-0500] {logging_mixin.py:190} INFO - [2024-09-06T20:10:35.944-0500] {dag.py:3229} INFO - Sync 2 DAGs
[2024-09-06T20:10:35.950-0500] {logging_mixin.py:190} INFO - [2024-09-06T20:10:35.950-0500] {dag.py:4156} INFO - Setting next_dagrun for example_xcom_args to None, run_after=None
[2024-09-06T20:10:35.951-0500] {logging_mixin.py:190} INFO - [2024-09-06T20:10:35.951-0500] {dag.py:4156} INFO - Setting next_dagrun for example_xcom_args_with_operators to None, run_after=None
[2024-09-06T20:10:35.959-0500] {processor.py:208} INFO - Processing /Users/binhpham/Library/Python/3.9/lib/python/site-packages/airflow/example_dags/example_xcomargs.py took 0.083 seconds
[2024-09-06T20:11:55.061-0500] {processor.py:186} INFO - Started process (PID=39875) to work on /Users/binhpham/Library/Python/3.9/lib/python/site-packages/airflow/example_dags/example_xcomargs.py
[2024-09-06T20:11:55.064-0500] {processor.py:914} INFO - Processing file /Users/binhpham/Library/Python/3.9/lib/python/site-packages/airflow/example_dags/example_xcomargs.py for tasks to queue
[2024-09-06T20:11:55.064-0500] {logging_mixin.py:190} INFO - [2024-09-06T20:11:55.064-0500] {dagbag.py:587} INFO - Filling up the DagBag from /Users/binhpham/Library/Python/3.9/lib/python/site-packages/airflow/example_dags/example_xcomargs.py
[2024-09-06T20:11:55.080-0500] {processor.py:925} INFO - DAG(s) 'example_xcom_args_with_operators', 'example_xcom_args' retrieved from /Users/binhpham/Library/Python/3.9/lib/python/site-packages/airflow/example_dags/example_xcomargs.py
[2024-09-06T20:11:55.124-0500] {logging_mixin.py:190} INFO - [2024-09-06T20:11:55.124-0500] {dag.py:3229} INFO - Sync 2 DAGs
[2024-09-06T20:11:55.129-0500] {logging_mixin.py:190} INFO - [2024-09-06T20:11:55.129-0500] {dag.py:4156} INFO - Setting next_dagrun for example_xcom_args to None, run_after=None
[2024-09-06T20:11:55.130-0500] {logging_mixin.py:190} INFO - [2024-09-06T20:11:55.130-0500] {dag.py:4156} INFO - Setting next_dagrun for example_xcom_args_with_operators to None, run_after=None
[2024-09-06T20:11:55.137-0500] {processor.py:208} INFO - Processing /Users/binhpham/Library/Python/3.9/lib/python/site-packages/airflow/example_dags/example_xcomargs.py took 0.077 seconds
[2024-09-06T20:13:17.059-0500] {processor.py:186} INFO - Started process (PID=40157) to work on /Users/binhpham/Library/Python/3.9/lib/python/site-packages/airflow/example_dags/example_xcomargs.py
[2024-09-06T20:13:17.062-0500] {processor.py:914} INFO - Processing file /Users/binhpham/Library/Python/3.9/lib/python/site-packages/airflow/example_dags/example_xcomargs.py for tasks to queue
[2024-09-06T20:13:17.063-0500] {logging_mixin.py:190} INFO - [2024-09-06T20:13:17.063-0500] {dagbag.py:587} INFO - Filling up the DagBag from /Users/binhpham/Library/Python/3.9/lib/python/site-packages/airflow/example_dags/example_xcomargs.py
[2024-09-06T20:13:17.080-0500] {processor.py:925} INFO - DAG(s) 'example_xcom_args_with_operators', 'example_xcom_args' retrieved from /Users/binhpham/Library/Python/3.9/lib/python/site-packages/airflow/example_dags/example_xcomargs.py
[2024-09-06T20:13:17.128-0500] {logging_mixin.py:190} INFO - [2024-09-06T20:13:17.128-0500] {dag.py:3229} INFO - Sync 2 DAGs
[2024-09-06T20:13:17.134-0500] {logging_mixin.py:190} INFO - [2024-09-06T20:13:17.134-0500] {dag.py:4156} INFO - Setting next_dagrun for example_xcom_args to None, run_after=None
[2024-09-06T20:13:17.135-0500] {logging_mixin.py:190} INFO - [2024-09-06T20:13:17.135-0500] {dag.py:4156} INFO - Setting next_dagrun for example_xcom_args_with_operators to None, run_after=None
[2024-09-06T20:13:17.142-0500] {processor.py:208} INFO - Processing /Users/binhpham/Library/Python/3.9/lib/python/site-packages/airflow/example_dags/example_xcomargs.py took 0.084 seconds
[2024-09-06T20:14:39.438-0500] {processor.py:186} INFO - Started process (PID=40426) to work on /Users/binhpham/Library/Python/3.9/lib/python/site-packages/airflow/example_dags/example_xcomargs.py
[2024-09-06T20:14:39.441-0500] {processor.py:914} INFO - Processing file /Users/binhpham/Library/Python/3.9/lib/python/site-packages/airflow/example_dags/example_xcomargs.py for tasks to queue
[2024-09-06T20:14:39.442-0500] {logging_mixin.py:190} INFO - [2024-09-06T20:14:39.442-0500] {dagbag.py:587} INFO - Filling up the DagBag from /Users/binhpham/Library/Python/3.9/lib/python/site-packages/airflow/example_dags/example_xcomargs.py
[2024-09-06T20:14:39.458-0500] {processor.py:925} INFO - DAG(s) 'example_xcom_args_with_operators', 'example_xcom_args' retrieved from /Users/binhpham/Library/Python/3.9/lib/python/site-packages/airflow/example_dags/example_xcomargs.py
[2024-09-06T20:14:39.502-0500] {logging_mixin.py:190} INFO - [2024-09-06T20:14:39.502-0500] {dag.py:3229} INFO - Sync 2 DAGs
[2024-09-06T20:14:39.507-0500] {logging_mixin.py:190} INFO - [2024-09-06T20:14:39.507-0500] {dag.py:4156} INFO - Setting next_dagrun for example_xcom_args to None, run_after=None
[2024-09-06T20:14:39.508-0500] {logging_mixin.py:190} INFO - [2024-09-06T20:14:39.508-0500] {dag.py:4156} INFO - Setting next_dagrun for example_xcom_args_with_operators to None, run_after=None
[2024-09-06T20:14:39.515-0500] {processor.py:208} INFO - Processing /Users/binhpham/Library/Python/3.9/lib/python/site-packages/airflow/example_dags/example_xcomargs.py took 0.078 seconds
[2024-09-06T20:15:11.241-0500] {processor.py:186} INFO - Started process (PID=40569) to work on /Users/binhpham/Library/Python/3.9/lib/python/site-packages/airflow/example_dags/example_xcomargs.py
[2024-09-06T20:15:11.243-0500] {processor.py:914} INFO - Processing file /Users/binhpham/Library/Python/3.9/lib/python/site-packages/airflow/example_dags/example_xcomargs.py for tasks to queue
[2024-09-06T20:15:11.243-0500] {logging_mixin.py:190} INFO - [2024-09-06T20:15:11.243-0500] {dagbag.py:587} INFO - Filling up the DagBag from /Users/binhpham/Library/Python/3.9/lib/python/site-packages/airflow/example_dags/example_xcomargs.py
[2024-09-06T20:15:11.260-0500] {processor.py:925} INFO - DAG(s) 'example_xcom_args', 'example_xcom_args_with_operators' retrieved from /Users/binhpham/Library/Python/3.9/lib/python/site-packages/airflow/example_dags/example_xcomargs.py
[2024-09-06T20:15:11.303-0500] {logging_mixin.py:190} INFO - [2024-09-06T20:15:11.303-0500] {dag.py:3229} INFO - Sync 2 DAGs
[2024-09-06T20:15:11.308-0500] {logging_mixin.py:190} INFO - [2024-09-06T20:15:11.307-0500] {dag.py:4156} INFO - Setting next_dagrun for example_xcom_args to None, run_after=None
[2024-09-06T20:15:11.309-0500] {logging_mixin.py:190} INFO - [2024-09-06T20:15:11.309-0500] {dag.py:4156} INFO - Setting next_dagrun for example_xcom_args_with_operators to None, run_after=None
[2024-09-06T20:15:11.315-0500] {processor.py:208} INFO - Processing /Users/binhpham/Library/Python/3.9/lib/python/site-packages/airflow/example_dags/example_xcomargs.py took 0.075 seconds
[2024-09-06T20:22:01.832-0500] {processor.py:186} INFO - Started process (PID=42774) to work on /Users/binhpham/Library/Python/3.9/lib/python/site-packages/airflow/example_dags/example_xcomargs.py
[2024-09-06T20:22:01.835-0500] {processor.py:914} INFO - Processing file /Users/binhpham/Library/Python/3.9/lib/python/site-packages/airflow/example_dags/example_xcomargs.py for tasks to queue
[2024-09-06T20:22:01.835-0500] {logging_mixin.py:190} INFO - [2024-09-06T20:22:01.835-0500] {dagbag.py:587} INFO - Filling up the DagBag from /Users/binhpham/Library/Python/3.9/lib/python/site-packages/airflow/example_dags/example_xcomargs.py
[2024-09-06T20:22:01.851-0500] {processor.py:925} INFO - DAG(s) 'example_xcom_args', 'example_xcom_args_with_operators' retrieved from /Users/binhpham/Library/Python/3.9/lib/python/site-packages/airflow/example_dags/example_xcomargs.py
[2024-09-06T20:22:01.895-0500] {logging_mixin.py:190} INFO - [2024-09-06T20:22:01.895-0500] {dag.py:3229} INFO - Sync 2 DAGs
[2024-09-06T20:22:01.900-0500] {logging_mixin.py:190} INFO - [2024-09-06T20:22:01.900-0500] {dag.py:4156} INFO - Setting next_dagrun for example_xcom_args to None, run_after=None
[2024-09-06T20:22:01.901-0500] {logging_mixin.py:190} INFO - [2024-09-06T20:22:01.901-0500] {dag.py:4156} INFO - Setting next_dagrun for example_xcom_args_with_operators to None, run_after=None
[2024-09-06T20:22:01.908-0500] {processor.py:208} INFO - Processing /Users/binhpham/Library/Python/3.9/lib/python/site-packages/airflow/example_dags/example_xcomargs.py took 0.078 seconds
[2024-09-06T20:23:53.606-0500] {processor.py:186} INFO - Started process (PID=43131) to work on /Users/binhpham/Library/Python/3.9/lib/python/site-packages/airflow/example_dags/example_xcomargs.py
[2024-09-06T20:23:53.608-0500] {processor.py:914} INFO - Processing file /Users/binhpham/Library/Python/3.9/lib/python/site-packages/airflow/example_dags/example_xcomargs.py for tasks to queue
[2024-09-06T20:23:53.609-0500] {logging_mixin.py:190} INFO - [2024-09-06T20:23:53.609-0500] {dagbag.py:587} INFO - Filling up the DagBag from /Users/binhpham/Library/Python/3.9/lib/python/site-packages/airflow/example_dags/example_xcomargs.py
[2024-09-06T20:23:53.625-0500] {processor.py:925} INFO - DAG(s) 'example_xcom_args_with_operators', 'example_xcom_args' retrieved from /Users/binhpham/Library/Python/3.9/lib/python/site-packages/airflow/example_dags/example_xcomargs.py
[2024-09-06T20:23:53.668-0500] {logging_mixin.py:190} INFO - [2024-09-06T20:23:53.668-0500] {dag.py:3229} INFO - Sync 2 DAGs
[2024-09-06T20:23:53.673-0500] {logging_mixin.py:190} INFO - [2024-09-06T20:23:53.673-0500] {dag.py:4156} INFO - Setting next_dagrun for example_xcom_args to None, run_after=None
[2024-09-06T20:23:53.674-0500] {logging_mixin.py:190} INFO - [2024-09-06T20:23:53.674-0500] {dag.py:4156} INFO - Setting next_dagrun for example_xcom_args_with_operators to None, run_after=None
[2024-09-06T20:23:53.681-0500] {processor.py:208} INFO - Processing /Users/binhpham/Library/Python/3.9/lib/python/site-packages/airflow/example_dags/example_xcomargs.py took 0.077 seconds
[2024-09-06T20:25:16.249-0500] {processor.py:186} INFO - Started process (PID=43386) to work on /Users/binhpham/Library/Python/3.9/lib/python/site-packages/airflow/example_dags/example_xcomargs.py
[2024-09-06T20:25:16.251-0500] {processor.py:914} INFO - Processing file /Users/binhpham/Library/Python/3.9/lib/python/site-packages/airflow/example_dags/example_xcomargs.py for tasks to queue
[2024-09-06T20:25:16.251-0500] {logging_mixin.py:190} INFO - [2024-09-06T20:25:16.251-0500] {dagbag.py:587} INFO - Filling up the DagBag from /Users/binhpham/Library/Python/3.9/lib/python/site-packages/airflow/example_dags/example_xcomargs.py
[2024-09-06T20:25:16.267-0500] {processor.py:925} INFO - DAG(s) 'example_xcom_args', 'example_xcom_args_with_operators' retrieved from /Users/binhpham/Library/Python/3.9/lib/python/site-packages/airflow/example_dags/example_xcomargs.py
[2024-09-06T20:25:16.310-0500] {logging_mixin.py:190} INFO - [2024-09-06T20:25:16.310-0500] {dag.py:3229} INFO - Sync 2 DAGs
[2024-09-06T20:25:16.315-0500] {logging_mixin.py:190} INFO - [2024-09-06T20:25:16.315-0500] {dag.py:4156} INFO - Setting next_dagrun for example_xcom_args to None, run_after=None
[2024-09-06T20:25:16.316-0500] {logging_mixin.py:190} INFO - [2024-09-06T20:25:16.316-0500] {dag.py:4156} INFO - Setting next_dagrun for example_xcom_args_with_operators to None, run_after=None
[2024-09-06T20:25:16.323-0500] {processor.py:208} INFO - Processing /Users/binhpham/Library/Python/3.9/lib/python/site-packages/airflow/example_dags/example_xcomargs.py took 0.076 seconds
[2024-09-06T20:26:38.808-0500] {processor.py:186} INFO - Started process (PID=43663) to work on /Users/binhpham/Library/Python/3.9/lib/python/site-packages/airflow/example_dags/example_xcomargs.py
[2024-09-06T20:26:38.811-0500] {processor.py:914} INFO - Processing file /Users/binhpham/Library/Python/3.9/lib/python/site-packages/airflow/example_dags/example_xcomargs.py for tasks to queue
[2024-09-06T20:26:38.811-0500] {logging_mixin.py:190} INFO - [2024-09-06T20:26:38.811-0500] {dagbag.py:587} INFO - Filling up the DagBag from /Users/binhpham/Library/Python/3.9/lib/python/site-packages/airflow/example_dags/example_xcomargs.py
[2024-09-06T20:26:38.827-0500] {processor.py:925} INFO - DAG(s) 'example_xcom_args_with_operators', 'example_xcom_args' retrieved from /Users/binhpham/Library/Python/3.9/lib/python/site-packages/airflow/example_dags/example_xcomargs.py
[2024-09-06T20:26:38.870-0500] {logging_mixin.py:190} INFO - [2024-09-06T20:26:38.870-0500] {dag.py:3229} INFO - Sync 2 DAGs
[2024-09-06T20:26:38.875-0500] {logging_mixin.py:190} INFO - [2024-09-06T20:26:38.875-0500] {dag.py:4156} INFO - Setting next_dagrun for example_xcom_args to None, run_after=None
[2024-09-06T20:26:38.876-0500] {logging_mixin.py:190} INFO - [2024-09-06T20:26:38.876-0500] {dag.py:4156} INFO - Setting next_dagrun for example_xcom_args_with_operators to None, run_after=None
[2024-09-06T20:26:38.883-0500] {processor.py:208} INFO - Processing /Users/binhpham/Library/Python/3.9/lib/python/site-packages/airflow/example_dags/example_xcomargs.py took 0.076 seconds
[2024-09-06T20:27:09.131-0500] {processor.py:186} INFO - Started process (PID=43784) to work on /Users/binhpham/Library/Python/3.9/lib/python/site-packages/airflow/example_dags/example_xcomargs.py
[2024-09-06T20:27:09.133-0500] {processor.py:914} INFO - Processing file /Users/binhpham/Library/Python/3.9/lib/python/site-packages/airflow/example_dags/example_xcomargs.py for tasks to queue
[2024-09-06T20:27:09.133-0500] {logging_mixin.py:190} INFO - [2024-09-06T20:27:09.133-0500] {dagbag.py:587} INFO - Filling up the DagBag from /Users/binhpham/Library/Python/3.9/lib/python/site-packages/airflow/example_dags/example_xcomargs.py
[2024-09-06T20:27:09.150-0500] {processor.py:925} INFO - DAG(s) 'example_xcom_args_with_operators', 'example_xcom_args' retrieved from /Users/binhpham/Library/Python/3.9/lib/python/site-packages/airflow/example_dags/example_xcomargs.py
[2024-09-06T20:27:09.199-0500] {logging_mixin.py:190} INFO - [2024-09-06T20:27:09.199-0500] {dag.py:3229} INFO - Sync 2 DAGs
[2024-09-06T20:27:09.205-0500] {logging_mixin.py:190} INFO - [2024-09-06T20:27:09.205-0500] {dag.py:4156} INFO - Setting next_dagrun for example_xcom_args to None, run_after=None
[2024-09-06T20:27:09.207-0500] {logging_mixin.py:190} INFO - [2024-09-06T20:27:09.206-0500] {dag.py:4156} INFO - Setting next_dagrun for example_xcom_args_with_operators to None, run_after=None
[2024-09-06T20:27:09.214-0500] {processor.py:208} INFO - Processing /Users/binhpham/Library/Python/3.9/lib/python/site-packages/airflow/example_dags/example_xcomargs.py took 0.084 seconds
[2024-09-06T20:29:00.390-0500] {processor.py:186} INFO - Started process (PID=44147) to work on /Users/binhpham/Library/Python/3.9/lib/python/site-packages/airflow/example_dags/example_xcomargs.py
[2024-09-06T20:29:00.392-0500] {processor.py:914} INFO - Processing file /Users/binhpham/Library/Python/3.9/lib/python/site-packages/airflow/example_dags/example_xcomargs.py for tasks to queue
[2024-09-06T20:29:00.393-0500] {logging_mixin.py:190} INFO - [2024-09-06T20:29:00.393-0500] {dagbag.py:587} INFO - Filling up the DagBag from /Users/binhpham/Library/Python/3.9/lib/python/site-packages/airflow/example_dags/example_xcomargs.py
[2024-09-06T20:29:00.408-0500] {processor.py:925} INFO - DAG(s) 'example_xcom_args', 'example_xcom_args_with_operators' retrieved from /Users/binhpham/Library/Python/3.9/lib/python/site-packages/airflow/example_dags/example_xcomargs.py
[2024-09-06T20:29:00.451-0500] {logging_mixin.py:190} INFO - [2024-09-06T20:29:00.451-0500] {dag.py:3229} INFO - Sync 2 DAGs
[2024-09-06T20:29:00.456-0500] {logging_mixin.py:190} INFO - [2024-09-06T20:29:00.456-0500] {dag.py:4156} INFO - Setting next_dagrun for example_xcom_args to None, run_after=None
[2024-09-06T20:29:00.457-0500] {logging_mixin.py:190} INFO - [2024-09-06T20:29:00.457-0500] {dag.py:4156} INFO - Setting next_dagrun for example_xcom_args_with_operators to None, run_after=None
[2024-09-06T20:29:00.464-0500] {processor.py:208} INFO - Processing /Users/binhpham/Library/Python/3.9/lib/python/site-packages/airflow/example_dags/example_xcomargs.py took 0.075 seconds
[2024-09-06T20:30:21.445-0500] {processor.py:186} INFO - Started process (PID=44426) to work on /Users/binhpham/Library/Python/3.9/lib/python/site-packages/airflow/example_dags/example_xcomargs.py
[2024-09-06T20:30:21.448-0500] {processor.py:914} INFO - Processing file /Users/binhpham/Library/Python/3.9/lib/python/site-packages/airflow/example_dags/example_xcomargs.py for tasks to queue
[2024-09-06T20:30:21.448-0500] {logging_mixin.py:190} INFO - [2024-09-06T20:30:21.448-0500] {dagbag.py:587} INFO - Filling up the DagBag from /Users/binhpham/Library/Python/3.9/lib/python/site-packages/airflow/example_dags/example_xcomargs.py
[2024-09-06T20:30:21.464-0500] {processor.py:925} INFO - DAG(s) 'example_xcom_args_with_operators', 'example_xcom_args' retrieved from /Users/binhpham/Library/Python/3.9/lib/python/site-packages/airflow/example_dags/example_xcomargs.py
[2024-09-06T20:30:21.507-0500] {logging_mixin.py:190} INFO - [2024-09-06T20:30:21.506-0500] {dag.py:3229} INFO - Sync 2 DAGs
[2024-09-06T20:30:21.511-0500] {logging_mixin.py:190} INFO - [2024-09-06T20:30:21.511-0500] {dag.py:4156} INFO - Setting next_dagrun for example_xcom_args to None, run_after=None
[2024-09-06T20:30:21.513-0500] {logging_mixin.py:190} INFO - [2024-09-06T20:30:21.512-0500] {dag.py:4156} INFO - Setting next_dagrun for example_xcom_args_with_operators to None, run_after=None
[2024-09-06T20:30:21.519-0500] {processor.py:208} INFO - Processing /Users/binhpham/Library/Python/3.9/lib/python/site-packages/airflow/example_dags/example_xcomargs.py took 0.075 seconds
[2024-09-06T20:31:43.096-0500] {processor.py:186} INFO - Started process (PID=44676) to work on /Users/binhpham/Library/Python/3.9/lib/python/site-packages/airflow/example_dags/example_xcomargs.py
[2024-09-06T20:31:43.098-0500] {processor.py:914} INFO - Processing file /Users/binhpham/Library/Python/3.9/lib/python/site-packages/airflow/example_dags/example_xcomargs.py for tasks to queue
[2024-09-06T20:31:43.098-0500] {logging_mixin.py:190} INFO - [2024-09-06T20:31:43.098-0500] {dagbag.py:587} INFO - Filling up the DagBag from /Users/binhpham/Library/Python/3.9/lib/python/site-packages/airflow/example_dags/example_xcomargs.py
[2024-09-06T20:31:43.113-0500] {processor.py:925} INFO - DAG(s) 'example_xcom_args', 'example_xcom_args_with_operators' retrieved from /Users/binhpham/Library/Python/3.9/lib/python/site-packages/airflow/example_dags/example_xcomargs.py
[2024-09-06T20:31:43.155-0500] {logging_mixin.py:190} INFO - [2024-09-06T20:31:43.155-0500] {dag.py:3229} INFO - Sync 2 DAGs
[2024-09-06T20:31:43.160-0500] {logging_mixin.py:190} INFO - [2024-09-06T20:31:43.160-0500] {dag.py:4156} INFO - Setting next_dagrun for example_xcom_args to None, run_after=None
[2024-09-06T20:31:43.161-0500] {logging_mixin.py:190} INFO - [2024-09-06T20:31:43.161-0500] {dag.py:4156} INFO - Setting next_dagrun for example_xcom_args_with_operators to None, run_after=None
[2024-09-06T20:31:43.168-0500] {processor.py:208} INFO - Processing /Users/binhpham/Library/Python/3.9/lib/python/site-packages/airflow/example_dags/example_xcomargs.py took 0.074 seconds
[2024-09-06T20:33:04.826-0500] {processor.py:186} INFO - Started process (PID=44947) to work on /Users/binhpham/Library/Python/3.9/lib/python/site-packages/airflow/example_dags/example_xcomargs.py
[2024-09-06T20:33:04.827-0500] {processor.py:914} INFO - Processing file /Users/binhpham/Library/Python/3.9/lib/python/site-packages/airflow/example_dags/example_xcomargs.py for tasks to queue
[2024-09-06T20:33:04.828-0500] {logging_mixin.py:190} INFO - [2024-09-06T20:33:04.828-0500] {dagbag.py:587} INFO - Filling up the DagBag from /Users/binhpham/Library/Python/3.9/lib/python/site-packages/airflow/example_dags/example_xcomargs.py
[2024-09-06T20:33:04.844-0500] {processor.py:925} INFO - DAG(s) 'example_xcom_args_with_operators', 'example_xcom_args' retrieved from /Users/binhpham/Library/Python/3.9/lib/python/site-packages/airflow/example_dags/example_xcomargs.py
[2024-09-06T20:33:04.891-0500] {logging_mixin.py:190} INFO - [2024-09-06T20:33:04.891-0500] {dag.py:3229} INFO - Sync 2 DAGs
[2024-09-06T20:33:04.896-0500] {logging_mixin.py:190} INFO - [2024-09-06T20:33:04.896-0500] {dag.py:4156} INFO - Setting next_dagrun for example_xcom_args to None, run_after=None
[2024-09-06T20:33:04.897-0500] {logging_mixin.py:190} INFO - [2024-09-06T20:33:04.897-0500] {dag.py:4156} INFO - Setting next_dagrun for example_xcom_args_with_operators to None, run_after=None
[2024-09-06T20:33:04.904-0500] {processor.py:208} INFO - Processing /Users/binhpham/Library/Python/3.9/lib/python/site-packages/airflow/example_dags/example_xcomargs.py took 0.080 seconds
[2024-09-06T20:33:40.597-0500] {processor.py:186} INFO - Started process (PID=45088) to work on /Users/binhpham/Library/Python/3.9/lib/python/site-packages/airflow/example_dags/example_xcomargs.py
[2024-09-06T20:33:40.600-0500] {processor.py:914} INFO - Processing file /Users/binhpham/Library/Python/3.9/lib/python/site-packages/airflow/example_dags/example_xcomargs.py for tasks to queue
[2024-09-06T20:33:40.600-0500] {logging_mixin.py:190} INFO - [2024-09-06T20:33:40.600-0500] {dagbag.py:587} INFO - Filling up the DagBag from /Users/binhpham/Library/Python/3.9/lib/python/site-packages/airflow/example_dags/example_xcomargs.py
[2024-09-06T20:33:40.617-0500] {processor.py:925} INFO - DAG(s) 'example_xcom_args_with_operators', 'example_xcom_args' retrieved from /Users/binhpham/Library/Python/3.9/lib/python/site-packages/airflow/example_dags/example_xcomargs.py
[2024-09-06T20:33:40.664-0500] {logging_mixin.py:190} INFO - [2024-09-06T20:33:40.664-0500] {dag.py:3229} INFO - Sync 2 DAGs
[2024-09-06T20:33:40.669-0500] {logging_mixin.py:190} INFO - [2024-09-06T20:33:40.668-0500] {dag.py:4156} INFO - Setting next_dagrun for example_xcom_args to None, run_after=None
[2024-09-06T20:33:40.670-0500] {logging_mixin.py:190} INFO - [2024-09-06T20:33:40.670-0500] {dag.py:4156} INFO - Setting next_dagrun for example_xcom_args_with_operators to None, run_after=None
[2024-09-06T20:33:40.678-0500] {processor.py:208} INFO - Processing /Users/binhpham/Library/Python/3.9/lib/python/site-packages/airflow/example_dags/example_xcomargs.py took 0.082 seconds
[2024-09-06T20:35:33.159-0500] {processor.py:186} INFO - Started process (PID=45446) to work on /Users/binhpham/Library/Python/3.9/lib/python/site-packages/airflow/example_dags/example_xcomargs.py
[2024-09-06T20:35:33.160-0500] {processor.py:914} INFO - Processing file /Users/binhpham/Library/Python/3.9/lib/python/site-packages/airflow/example_dags/example_xcomargs.py for tasks to queue
[2024-09-06T20:35:33.161-0500] {logging_mixin.py:190} INFO - [2024-09-06T20:35:33.161-0500] {dagbag.py:587} INFO - Filling up the DagBag from /Users/binhpham/Library/Python/3.9/lib/python/site-packages/airflow/example_dags/example_xcomargs.py
[2024-09-06T20:35:33.177-0500] {processor.py:925} INFO - DAG(s) 'example_xcom_args_with_operators', 'example_xcom_args' retrieved from /Users/binhpham/Library/Python/3.9/lib/python/site-packages/airflow/example_dags/example_xcomargs.py
[2024-09-06T20:35:33.220-0500] {logging_mixin.py:190} INFO - [2024-09-06T20:35:33.220-0500] {dag.py:3229} INFO - Sync 2 DAGs
[2024-09-06T20:35:33.225-0500] {logging_mixin.py:190} INFO - [2024-09-06T20:35:33.225-0500] {dag.py:4156} INFO - Setting next_dagrun for example_xcom_args to None, run_after=None
[2024-09-06T20:35:33.226-0500] {logging_mixin.py:190} INFO - [2024-09-06T20:35:33.226-0500] {dag.py:4156} INFO - Setting next_dagrun for example_xcom_args_with_operators to None, run_after=None
[2024-09-06T20:35:33.232-0500] {processor.py:208} INFO - Processing /Users/binhpham/Library/Python/3.9/lib/python/site-packages/airflow/example_dags/example_xcomargs.py took 0.075 seconds
[2024-09-06T20:36:54.076-0500] {processor.py:186} INFO - Started process (PID=45703) to work on /Users/binhpham/Library/Python/3.9/lib/python/site-packages/airflow/example_dags/example_xcomargs.py
[2024-09-06T20:36:54.079-0500] {processor.py:914} INFO - Processing file /Users/binhpham/Library/Python/3.9/lib/python/site-packages/airflow/example_dags/example_xcomargs.py for tasks to queue
[2024-09-06T20:36:54.079-0500] {logging_mixin.py:190} INFO - [2024-09-06T20:36:54.079-0500] {dagbag.py:587} INFO - Filling up the DagBag from /Users/binhpham/Library/Python/3.9/lib/python/site-packages/airflow/example_dags/example_xcomargs.py
[2024-09-06T20:36:54.095-0500] {processor.py:925} INFO - DAG(s) 'example_xcom_args_with_operators', 'example_xcom_args' retrieved from /Users/binhpham/Library/Python/3.9/lib/python/site-packages/airflow/example_dags/example_xcomargs.py
[2024-09-06T20:36:54.138-0500] {logging_mixin.py:190} INFO - [2024-09-06T20:36:54.138-0500] {dag.py:3229} INFO - Sync 2 DAGs
[2024-09-06T20:36:54.143-0500] {logging_mixin.py:190} INFO - [2024-09-06T20:36:54.143-0500] {dag.py:4156} INFO - Setting next_dagrun for example_xcom_args to None, run_after=None
[2024-09-06T20:36:54.144-0500] {logging_mixin.py:190} INFO - [2024-09-06T20:36:54.144-0500] {dag.py:4156} INFO - Setting next_dagrun for example_xcom_args_with_operators to None, run_after=None
[2024-09-06T20:36:54.151-0500] {processor.py:208} INFO - Processing /Users/binhpham/Library/Python/3.9/lib/python/site-packages/airflow/example_dags/example_xcomargs.py took 0.076 seconds
[2024-09-06T20:38:15.946-0500] {processor.py:186} INFO - Started process (PID=45987) to work on /Users/binhpham/Library/Python/3.9/lib/python/site-packages/airflow/example_dags/example_xcomargs.py
[2024-09-06T20:38:15.948-0500] {processor.py:914} INFO - Processing file /Users/binhpham/Library/Python/3.9/lib/python/site-packages/airflow/example_dags/example_xcomargs.py for tasks to queue
[2024-09-06T20:38:15.948-0500] {logging_mixin.py:190} INFO - [2024-09-06T20:38:15.948-0500] {dagbag.py:587} INFO - Filling up the DagBag from /Users/binhpham/Library/Python/3.9/lib/python/site-packages/airflow/example_dags/example_xcomargs.py
[2024-09-06T20:38:15.965-0500] {processor.py:925} INFO - DAG(s) 'example_xcom_args_with_operators', 'example_xcom_args' retrieved from /Users/binhpham/Library/Python/3.9/lib/python/site-packages/airflow/example_dags/example_xcomargs.py
[2024-09-06T20:38:16.007-0500] {logging_mixin.py:190} INFO - [2024-09-06T20:38:16.007-0500] {dag.py:3229} INFO - Sync 2 DAGs
[2024-09-06T20:38:16.011-0500] {logging_mixin.py:190} INFO - [2024-09-06T20:38:16.011-0500] {dag.py:4156} INFO - Setting next_dagrun for example_xcom_args to None, run_after=None
[2024-09-06T20:38:16.013-0500] {logging_mixin.py:190} INFO - [2024-09-06T20:38:16.012-0500] {dag.py:4156} INFO - Setting next_dagrun for example_xcom_args_with_operators to None, run_after=None
[2024-09-06T20:38:16.019-0500] {processor.py:208} INFO - Processing /Users/binhpham/Library/Python/3.9/lib/python/site-packages/airflow/example_dags/example_xcomargs.py took 0.075 seconds
