[2024-09-06T19:46:29.523-0500] {processor.py:186} INFO - Started process (PID=34937) to work on /Users/binhpham/Library/Python/3.9/lib/python/site-packages/airflow/example_dags/example_branch_day_of_week_operator.py
[2024-09-06T19:46:29.524-0500] {processor.py:914} INFO - Processing file /Users/binhpham/Library/Python/3.9/lib/python/site-packages/airflow/example_dags/example_branch_day_of_week_operator.py for tasks to queue
[2024-09-06T19:46:29.524-0500] {logging_mixin.py:190} INFO - [2024-09-06T19:46:29.524-0500] {dagbag.py:587} INFO - Filling up the DagBag from /Users/binhpham/Library/Python/3.9/lib/python/site-packages/airflow/example_dags/example_branch_day_of_week_operator.py
[2024-09-06T19:46:29.530-0500] {processor.py:925} INFO - DAG(s) 'example_weekday_branch_operator' retrieved from /Users/binhpham/Library/Python/3.9/lib/python/site-packages/airflow/example_dags/example_branch_day_of_week_operator.py
[2024-09-06T19:46:29.608-0500] {logging_mixin.py:190} INFO - [2024-09-06T19:46:29.607-0500] {override.py:1900} INFO - Created Permission View: can delete on DAG:example_weekday_branch_operator
[2024-09-06T19:46:29.611-0500] {logging_mixin.py:190} INFO - [2024-09-06T19:46:29.611-0500] {override.py:1900} INFO - Created Permission View: can edit on DAG:example_weekday_branch_operator
[2024-09-06T19:46:29.614-0500] {logging_mixin.py:190} INFO - [2024-09-06T19:46:29.614-0500] {override.py:1900} INFO - Created Permission View: can read on DAG:example_weekday_branch_operator
[2024-09-06T19:46:29.617-0500] {logging_mixin.py:190} INFO - [2024-09-06T19:46:29.617-0500] {override.py:1900} INFO - Created Permission View: can delete on DAG Run:example_weekday_branch_operator
[2024-09-06T19:46:29.620-0500] {logging_mixin.py:190} INFO - [2024-09-06T19:46:29.619-0500] {override.py:1900} INFO - Created Permission View: can read on DAG Run:example_weekday_branch_operator
[2024-09-06T19:46:29.622-0500] {logging_mixin.py:190} INFO - [2024-09-06T19:46:29.622-0500] {override.py:1900} INFO - Created Permission View: can create on DAG Run:example_weekday_branch_operator
[2024-09-06T19:46:29.625-0500] {logging_mixin.py:190} INFO - [2024-09-06T19:46:29.625-0500] {override.py:1900} INFO - Created Permission View: menu access on DAG Run:example_weekday_branch_operator
[2024-09-06T19:46:29.625-0500] {logging_mixin.py:190} INFO - [2024-09-06T19:46:29.625-0500] {dag.py:3229} INFO - Sync 1 DAGs
[2024-09-06T19:46:29.630-0500] {logging_mixin.py:190} INFO - [2024-09-06T19:46:29.630-0500] {dag.py:3252} INFO - Creating ORM DAG for example_weekday_branch_operator
[2024-09-06T19:46:29.634-0500] {logging_mixin.py:190} INFO - [2024-09-06T19:46:29.633-0500] {dag.py:4156} INFO - Setting next_dagrun for example_weekday_branch_operator to 2024-09-06 00:00:00+00:00, run_after=2024-09-07 00:00:00+00:00
[2024-09-06T19:46:29.641-0500] {processor.py:208} INFO - Processing /Users/binhpham/Library/Python/3.9/lib/python/site-packages/airflow/example_dags/example_branch_day_of_week_operator.py took 0.119 seconds
[2024-09-06T19:48:49.425-0500] {processor.py:186} INFO - Started process (PID=35477) to work on /Users/binhpham/Library/Python/3.9/lib/python/site-packages/airflow/example_dags/example_branch_day_of_week_operator.py
[2024-09-06T19:48:49.427-0500] {processor.py:914} INFO - Processing file /Users/binhpham/Library/Python/3.9/lib/python/site-packages/airflow/example_dags/example_branch_day_of_week_operator.py for tasks to queue
[2024-09-06T19:48:49.427-0500] {logging_mixin.py:190} INFO - [2024-09-06T19:48:49.427-0500] {dagbag.py:587} INFO - Filling up the DagBag from /Users/binhpham/Library/Python/3.9/lib/python/site-packages/airflow/example_dags/example_branch_day_of_week_operator.py
[2024-09-06T19:48:49.432-0500] {processor.py:925} INFO - DAG(s) 'example_weekday_branch_operator' retrieved from /Users/binhpham/Library/Python/3.9/lib/python/site-packages/airflow/example_dags/example_branch_day_of_week_operator.py
[2024-09-06T19:48:49.478-0500] {logging_mixin.py:190} INFO - [2024-09-06T19:48:49.478-0500] {dag.py:3229} INFO - Sync 1 DAGs
[2024-09-06T19:48:49.486-0500] {logging_mixin.py:190} INFO - [2024-09-06T19:48:49.486-0500] {dag.py:4156} INFO - Setting next_dagrun for example_weekday_branch_operator to 2024-09-06 00:00:00+00:00, run_after=2024-09-07 00:00:00+00:00
[2024-09-06T19:48:49.495-0500] {processor.py:208} INFO - Processing /Users/binhpham/Library/Python/3.9/lib/python/site-packages/airflow/example_dags/example_branch_day_of_week_operator.py took 0.071 seconds
[2024-09-06T19:51:32.726-0500] {processor.py:186} INFO - Started process (PID=35994) to work on /Users/binhpham/Library/Python/3.9/lib/python/site-packages/airflow/example_dags/example_branch_day_of_week_operator.py
[2024-09-06T19:51:32.728-0500] {processor.py:914} INFO - Processing file /Users/binhpham/Library/Python/3.9/lib/python/site-packages/airflow/example_dags/example_branch_day_of_week_operator.py for tasks to queue
[2024-09-06T19:51:32.729-0500] {logging_mixin.py:190} INFO - [2024-09-06T19:51:32.729-0500] {dagbag.py:587} INFO - Filling up the DagBag from /Users/binhpham/Library/Python/3.9/lib/python/site-packages/airflow/example_dags/example_branch_day_of_week_operator.py
[2024-09-06T19:51:32.733-0500] {processor.py:925} INFO - DAG(s) 'example_weekday_branch_operator' retrieved from /Users/binhpham/Library/Python/3.9/lib/python/site-packages/airflow/example_dags/example_branch_day_of_week_operator.py
[2024-09-06T19:51:32.775-0500] {logging_mixin.py:190} INFO - [2024-09-06T19:51:32.775-0500] {dag.py:3229} INFO - Sync 1 DAGs
[2024-09-06T19:51:32.782-0500] {logging_mixin.py:190} INFO - [2024-09-06T19:51:32.782-0500] {dag.py:4156} INFO - Setting next_dagrun for example_weekday_branch_operator to 2024-09-06 00:00:00+00:00, run_after=2024-09-07 00:00:00+00:00
[2024-09-06T19:51:32.790-0500] {processor.py:208} INFO - Processing /Users/binhpham/Library/Python/3.9/lib/python/site-packages/airflow/example_dags/example_branch_day_of_week_operator.py took 0.065 seconds
[2024-09-06T19:55:11.972-0500] {processor.py:186} INFO - Started process (PID=36751) to work on /Users/binhpham/Library/Python/3.9/lib/python/site-packages/airflow/example_dags/example_branch_day_of_week_operator.py
[2024-09-06T19:55:11.975-0500] {processor.py:914} INFO - Processing file /Users/binhpham/Library/Python/3.9/lib/python/site-packages/airflow/example_dags/example_branch_day_of_week_operator.py for tasks to queue
[2024-09-06T19:55:11.975-0500] {logging_mixin.py:190} INFO - [2024-09-06T19:55:11.975-0500] {dagbag.py:587} INFO - Filling up the DagBag from /Users/binhpham/Library/Python/3.9/lib/python/site-packages/airflow/example_dags/example_branch_day_of_week_operator.py
[2024-09-06T19:55:11.980-0500] {processor.py:925} INFO - DAG(s) 'example_weekday_branch_operator' retrieved from /Users/binhpham/Library/Python/3.9/lib/python/site-packages/airflow/example_dags/example_branch_day_of_week_operator.py
[2024-09-06T19:55:12.024-0500] {logging_mixin.py:190} INFO - [2024-09-06T19:55:12.024-0500] {dag.py:3229} INFO - Sync 1 DAGs
[2024-09-06T19:55:12.031-0500] {logging_mixin.py:190} INFO - [2024-09-06T19:55:12.031-0500] {dag.py:4156} INFO - Setting next_dagrun for example_weekday_branch_operator to 2024-09-06 00:00:00+00:00, run_after=2024-09-07 00:00:00+00:00
[2024-09-06T19:55:12.040-0500] {processor.py:208} INFO - Processing /Users/binhpham/Library/Python/3.9/lib/python/site-packages/airflow/example_dags/example_branch_day_of_week_operator.py took 0.069 seconds
[2024-09-06T19:57:56.121-0500] {processor.py:186} INFO - Started process (PID=37256) to work on /Users/binhpham/Library/Python/3.9/lib/python/site-packages/airflow/example_dags/example_branch_day_of_week_operator.py
[2024-09-06T19:57:56.123-0500] {processor.py:914} INFO - Processing file /Users/binhpham/Library/Python/3.9/lib/python/site-packages/airflow/example_dags/example_branch_day_of_week_operator.py for tasks to queue
[2024-09-06T19:57:56.123-0500] {logging_mixin.py:190} INFO - [2024-09-06T19:57:56.123-0500] {dagbag.py:587} INFO - Filling up the DagBag from /Users/binhpham/Library/Python/3.9/lib/python/site-packages/airflow/example_dags/example_branch_day_of_week_operator.py
[2024-09-06T19:57:56.129-0500] {processor.py:925} INFO - DAG(s) 'example_weekday_branch_operator' retrieved from /Users/binhpham/Library/Python/3.9/lib/python/site-packages/airflow/example_dags/example_branch_day_of_week_operator.py
[2024-09-06T19:57:56.175-0500] {logging_mixin.py:190} INFO - [2024-09-06T19:57:56.175-0500] {dag.py:3229} INFO - Sync 1 DAGs
[2024-09-06T19:57:56.182-0500] {logging_mixin.py:190} INFO - [2024-09-06T19:57:56.182-0500] {dag.py:4156} INFO - Setting next_dagrun for example_weekday_branch_operator to 2024-09-06 00:00:00+00:00, run_after=2024-09-07 00:00:00+00:00
[2024-09-06T19:57:56.192-0500] {processor.py:208} INFO - Processing /Users/binhpham/Library/Python/3.9/lib/python/site-packages/airflow/example_dags/example_branch_day_of_week_operator.py took 0.073 seconds
[2024-09-06T20:00:39.080-0500] {processor.py:186} INFO - Started process (PID=37764) to work on /Users/binhpham/Library/Python/3.9/lib/python/site-packages/airflow/example_dags/example_branch_day_of_week_operator.py
[2024-09-06T20:00:39.083-0500] {processor.py:914} INFO - Processing file /Users/binhpham/Library/Python/3.9/lib/python/site-packages/airflow/example_dags/example_branch_day_of_week_operator.py for tasks to queue
[2024-09-06T20:00:39.083-0500] {logging_mixin.py:190} INFO - [2024-09-06T20:00:39.083-0500] {dagbag.py:587} INFO - Filling up the DagBag from /Users/binhpham/Library/Python/3.9/lib/python/site-packages/airflow/example_dags/example_branch_day_of_week_operator.py
[2024-09-06T20:00:39.088-0500] {processor.py:925} INFO - DAG(s) 'example_weekday_branch_operator' retrieved from /Users/binhpham/Library/Python/3.9/lib/python/site-packages/airflow/example_dags/example_branch_day_of_week_operator.py
[2024-09-06T20:00:39.133-0500] {logging_mixin.py:190} INFO - [2024-09-06T20:00:39.133-0500] {dag.py:3229} INFO - Sync 1 DAGs
[2024-09-06T20:00:39.141-0500] {logging_mixin.py:190} INFO - [2024-09-06T20:00:39.141-0500] {dag.py:4156} INFO - Setting next_dagrun for example_weekday_branch_operator to 2024-09-06 00:00:00+00:00, run_after=2024-09-07 00:00:00+00:00
[2024-09-06T20:00:39.149-0500] {processor.py:208} INFO - Processing /Users/binhpham/Library/Python/3.9/lib/python/site-packages/airflow/example_dags/example_branch_day_of_week_operator.py took 0.070 seconds
[2024-09-06T20:03:20.582-0500] {processor.py:186} INFO - Started process (PID=38258) to work on /Users/binhpham/Library/Python/3.9/lib/python/site-packages/airflow/example_dags/example_branch_day_of_week_operator.py
[2024-09-06T20:03:20.584-0500] {processor.py:914} INFO - Processing file /Users/binhpham/Library/Python/3.9/lib/python/site-packages/airflow/example_dags/example_branch_day_of_week_operator.py for tasks to queue
[2024-09-06T20:03:20.585-0500] {logging_mixin.py:190} INFO - [2024-09-06T20:03:20.584-0500] {dagbag.py:587} INFO - Filling up the DagBag from /Users/binhpham/Library/Python/3.9/lib/python/site-packages/airflow/example_dags/example_branch_day_of_week_operator.py
[2024-09-06T20:03:20.589-0500] {processor.py:925} INFO - DAG(s) 'example_weekday_branch_operator' retrieved from /Users/binhpham/Library/Python/3.9/lib/python/site-packages/airflow/example_dags/example_branch_day_of_week_operator.py
[2024-09-06T20:03:20.635-0500] {logging_mixin.py:190} INFO - [2024-09-06T20:03:20.635-0500] {dag.py:3229} INFO - Sync 1 DAGs
[2024-09-06T20:03:20.642-0500] {logging_mixin.py:190} INFO - [2024-09-06T20:03:20.642-0500] {dag.py:4156} INFO - Setting next_dagrun for example_weekday_branch_operator to 2024-09-06 00:00:00+00:00, run_after=2024-09-07 00:00:00+00:00
[2024-09-06T20:03:20.650-0500] {processor.py:208} INFO - Processing /Users/binhpham/Library/Python/3.9/lib/python/site-packages/airflow/example_dags/example_branch_day_of_week_operator.py took 0.070 seconds
[2024-09-06T20:05:59.858-0500] {processor.py:186} INFO - Started process (PID=38749) to work on /Users/binhpham/Library/Python/3.9/lib/python/site-packages/airflow/example_dags/example_branch_day_of_week_operator.py
[2024-09-06T20:05:59.860-0500] {processor.py:914} INFO - Processing file /Users/binhpham/Library/Python/3.9/lib/python/site-packages/airflow/example_dags/example_branch_day_of_week_operator.py for tasks to queue
[2024-09-06T20:05:59.860-0500] {logging_mixin.py:190} INFO - [2024-09-06T20:05:59.860-0500] {dagbag.py:587} INFO - Filling up the DagBag from /Users/binhpham/Library/Python/3.9/lib/python/site-packages/airflow/example_dags/example_branch_day_of_week_operator.py
[2024-09-06T20:05:59.866-0500] {processor.py:925} INFO - DAG(s) 'example_weekday_branch_operator' retrieved from /Users/binhpham/Library/Python/3.9/lib/python/site-packages/airflow/example_dags/example_branch_day_of_week_operator.py
[2024-09-06T20:05:59.909-0500] {logging_mixin.py:190} INFO - [2024-09-06T20:05:59.909-0500] {dag.py:3229} INFO - Sync 1 DAGs
[2024-09-06T20:05:59.916-0500] {logging_mixin.py:190} INFO - [2024-09-06T20:05:59.916-0500] {dag.py:4156} INFO - Setting next_dagrun for example_weekday_branch_operator to 2024-09-06 00:00:00+00:00, run_after=2024-09-07 00:00:00+00:00
[2024-09-06T20:05:59.923-0500] {processor.py:208} INFO - Processing /Users/binhpham/Library/Python/3.9/lib/python/site-packages/airflow/example_dags/example_branch_day_of_week_operator.py took 0.067 seconds
[2024-09-06T20:08:40.664-0500] {processor.py:186} INFO - Started process (PID=39235) to work on /Users/binhpham/Library/Python/3.9/lib/python/site-packages/airflow/example_dags/example_branch_day_of_week_operator.py
[2024-09-06T20:08:40.667-0500] {processor.py:914} INFO - Processing file /Users/binhpham/Library/Python/3.9/lib/python/site-packages/airflow/example_dags/example_branch_day_of_week_operator.py for tasks to queue
[2024-09-06T20:08:40.667-0500] {logging_mixin.py:190} INFO - [2024-09-06T20:08:40.667-0500] {dagbag.py:587} INFO - Filling up the DagBag from /Users/binhpham/Library/Python/3.9/lib/python/site-packages/airflow/example_dags/example_branch_day_of_week_operator.py
[2024-09-06T20:08:40.672-0500] {processor.py:925} INFO - DAG(s) 'example_weekday_branch_operator' retrieved from /Users/binhpham/Library/Python/3.9/lib/python/site-packages/airflow/example_dags/example_branch_day_of_week_operator.py
[2024-09-06T20:08:40.716-0500] {logging_mixin.py:190} INFO - [2024-09-06T20:08:40.715-0500] {dag.py:3229} INFO - Sync 1 DAGs
[2024-09-06T20:08:40.723-0500] {logging_mixin.py:190} INFO - [2024-09-06T20:08:40.723-0500] {dag.py:4156} INFO - Setting next_dagrun for example_weekday_branch_operator to 2024-09-06 00:00:00+00:00, run_after=2024-09-07 00:00:00+00:00
[2024-09-06T20:08:40.730-0500] {processor.py:208} INFO - Processing /Users/binhpham/Library/Python/3.9/lib/python/site-packages/airflow/example_dags/example_branch_day_of_week_operator.py took 0.067 seconds
[2024-09-06T20:11:27.550-0500] {processor.py:186} INFO - Started process (PID=39788) to work on /Users/binhpham/Library/Python/3.9/lib/python/site-packages/airflow/example_dags/example_branch_day_of_week_operator.py
[2024-09-06T20:11:27.552-0500] {processor.py:914} INFO - Processing file /Users/binhpham/Library/Python/3.9/lib/python/site-packages/airflow/example_dags/example_branch_day_of_week_operator.py for tasks to queue
[2024-09-06T20:11:27.553-0500] {logging_mixin.py:190} INFO - [2024-09-06T20:11:27.553-0500] {dagbag.py:587} INFO - Filling up the DagBag from /Users/binhpham/Library/Python/3.9/lib/python/site-packages/airflow/example_dags/example_branch_day_of_week_operator.py
[2024-09-06T20:11:27.558-0500] {processor.py:925} INFO - DAG(s) 'example_weekday_branch_operator' retrieved from /Users/binhpham/Library/Python/3.9/lib/python/site-packages/airflow/example_dags/example_branch_day_of_week_operator.py
[2024-09-06T20:11:27.604-0500] {logging_mixin.py:190} INFO - [2024-09-06T20:11:27.604-0500] {dag.py:3229} INFO - Sync 1 DAGs
[2024-09-06T20:11:27.611-0500] {logging_mixin.py:190} INFO - [2024-09-06T20:11:27.611-0500] {dag.py:4156} INFO - Setting next_dagrun for example_weekday_branch_operator to 2024-09-06 00:00:00+00:00, run_after=2024-09-07 00:00:00+00:00
[2024-09-06T20:11:27.619-0500] {processor.py:208} INFO - Processing /Users/binhpham/Library/Python/3.9/lib/python/site-packages/airflow/example_dags/example_branch_day_of_week_operator.py took 0.071 seconds
[2024-09-06T20:14:12.015-0500] {processor.py:186} INFO - Started process (PID=40334) to work on /Users/binhpham/Library/Python/3.9/lib/python/site-packages/airflow/example_dags/example_branch_day_of_week_operator.py
[2024-09-06T20:14:12.017-0500] {processor.py:914} INFO - Processing file /Users/binhpham/Library/Python/3.9/lib/python/site-packages/airflow/example_dags/example_branch_day_of_week_operator.py for tasks to queue
[2024-09-06T20:14:12.018-0500] {logging_mixin.py:190} INFO - [2024-09-06T20:14:12.017-0500] {dagbag.py:587} INFO - Filling up the DagBag from /Users/binhpham/Library/Python/3.9/lib/python/site-packages/airflow/example_dags/example_branch_day_of_week_operator.py
[2024-09-06T20:14:12.024-0500] {processor.py:925} INFO - DAG(s) 'example_weekday_branch_operator' retrieved from /Users/binhpham/Library/Python/3.9/lib/python/site-packages/airflow/example_dags/example_branch_day_of_week_operator.py
[2024-09-06T20:14:12.072-0500] {logging_mixin.py:190} INFO - [2024-09-06T20:14:12.072-0500] {dag.py:3229} INFO - Sync 1 DAGs
[2024-09-06T20:14:12.080-0500] {logging_mixin.py:190} INFO - [2024-09-06T20:14:12.080-0500] {dag.py:4156} INFO - Setting next_dagrun for example_weekday_branch_operator to 2024-09-06 00:00:00+00:00, run_after=2024-09-07 00:00:00+00:00
[2024-09-06T20:14:12.089-0500] {processor.py:208} INFO - Processing /Users/binhpham/Library/Python/3.9/lib/python/site-packages/airflow/example_dags/example_branch_day_of_week_operator.py took 0.077 seconds
[2024-09-06T20:16:35.710-0500] {processor.py:186} INFO - Started process (PID=40834) to work on /Users/binhpham/Library/Python/3.9/lib/python/site-packages/airflow/example_dags/example_branch_day_of_week_operator.py
[2024-09-06T20:16:35.712-0500] {processor.py:914} INFO - Processing file /Users/binhpham/Library/Python/3.9/lib/python/site-packages/airflow/example_dags/example_branch_day_of_week_operator.py for tasks to queue
[2024-09-06T20:16:35.713-0500] {logging_mixin.py:190} INFO - [2024-09-06T20:16:35.712-0500] {dagbag.py:587} INFO - Filling up the DagBag from /Users/binhpham/Library/Python/3.9/lib/python/site-packages/airflow/example_dags/example_branch_day_of_week_operator.py
[2024-09-06T20:16:35.717-0500] {processor.py:925} INFO - DAG(s) 'example_weekday_branch_operator' retrieved from /Users/binhpham/Library/Python/3.9/lib/python/site-packages/airflow/example_dags/example_branch_day_of_week_operator.py
[2024-09-06T20:16:35.760-0500] {logging_mixin.py:190} INFO - [2024-09-06T20:16:35.760-0500] {dag.py:3229} INFO - Sync 1 DAGs
[2024-09-06T20:16:35.767-0500] {logging_mixin.py:190} INFO - [2024-09-06T20:16:35.767-0500] {dag.py:4156} INFO - Setting next_dagrun for example_weekday_branch_operator to 2024-09-06 00:00:00+00:00, run_after=2024-09-07 00:00:00+00:00
[2024-09-06T20:16:35.775-0500] {processor.py:208} INFO - Processing /Users/binhpham/Library/Python/3.9/lib/python/site-packages/airflow/example_dags/example_branch_day_of_week_operator.py took 0.067 seconds
[2024-09-06T20:23:26.068-0500] {processor.py:186} INFO - Started process (PID=43049) to work on /Users/binhpham/Library/Python/3.9/lib/python/site-packages/airflow/example_dags/example_branch_day_of_week_operator.py
[2024-09-06T20:23:26.070-0500] {processor.py:914} INFO - Processing file /Users/binhpham/Library/Python/3.9/lib/python/site-packages/airflow/example_dags/example_branch_day_of_week_operator.py for tasks to queue
[2024-09-06T20:23:26.070-0500] {logging_mixin.py:190} INFO - [2024-09-06T20:23:26.070-0500] {dagbag.py:587} INFO - Filling up the DagBag from /Users/binhpham/Library/Python/3.9/lib/python/site-packages/airflow/example_dags/example_branch_day_of_week_operator.py
[2024-09-06T20:23:26.076-0500] {processor.py:925} INFO - DAG(s) 'example_weekday_branch_operator' retrieved from /Users/binhpham/Library/Python/3.9/lib/python/site-packages/airflow/example_dags/example_branch_day_of_week_operator.py
[2024-09-06T20:23:26.121-0500] {logging_mixin.py:190} INFO - [2024-09-06T20:23:26.121-0500] {dag.py:3229} INFO - Sync 1 DAGs
[2024-09-06T20:23:26.128-0500] {logging_mixin.py:190} INFO - [2024-09-06T20:23:26.128-0500] {dag.py:4156} INFO - Setting next_dagrun for example_weekday_branch_operator to 2024-09-06 00:00:00+00:00, run_after=2024-09-07 00:00:00+00:00
[2024-09-06T20:23:26.137-0500] {processor.py:208} INFO - Processing /Users/binhpham/Library/Python/3.9/lib/python/site-packages/airflow/example_dags/example_branch_day_of_week_operator.py took 0.071 seconds
[2024-09-06T20:26:11.079-0500] {processor.py:186} INFO - Started process (PID=43563) to work on /Users/binhpham/Library/Python/3.9/lib/python/site-packages/airflow/example_dags/example_branch_day_of_week_operator.py
[2024-09-06T20:26:11.081-0500] {processor.py:914} INFO - Processing file /Users/binhpham/Library/Python/3.9/lib/python/site-packages/airflow/example_dags/example_branch_day_of_week_operator.py for tasks to queue
[2024-09-06T20:26:11.082-0500] {logging_mixin.py:190} INFO - [2024-09-06T20:26:11.082-0500] {dagbag.py:587} INFO - Filling up the DagBag from /Users/binhpham/Library/Python/3.9/lib/python/site-packages/airflow/example_dags/example_branch_day_of_week_operator.py
[2024-09-06T20:26:11.087-0500] {processor.py:925} INFO - DAG(s) 'example_weekday_branch_operator' retrieved from /Users/binhpham/Library/Python/3.9/lib/python/site-packages/airflow/example_dags/example_branch_day_of_week_operator.py
[2024-09-06T20:26:11.144-0500] {logging_mixin.py:190} INFO - [2024-09-06T20:26:11.144-0500] {dag.py:3229} INFO - Sync 1 DAGs
[2024-09-06T20:26:11.154-0500] {logging_mixin.py:190} INFO - [2024-09-06T20:26:11.153-0500] {dag.py:4156} INFO - Setting next_dagrun for example_weekday_branch_operator to 2024-09-06 00:00:00+00:00, run_after=2024-09-07 00:00:00+00:00
[2024-09-06T20:26:11.162-0500] {processor.py:208} INFO - Processing /Users/binhpham/Library/Python/3.9/lib/python/site-packages/airflow/example_dags/example_branch_day_of_week_operator.py took 0.084 seconds
[2024-09-06T20:28:32.001-0500] {processor.py:186} INFO - Started process (PID=44055) to work on /Users/binhpham/Library/Python/3.9/lib/python/site-packages/airflow/example_dags/example_branch_day_of_week_operator.py
[2024-09-06T20:28:32.004-0500] {processor.py:914} INFO - Processing file /Users/binhpham/Library/Python/3.9/lib/python/site-packages/airflow/example_dags/example_branch_day_of_week_operator.py for tasks to queue
[2024-09-06T20:28:32.004-0500] {logging_mixin.py:190} INFO - [2024-09-06T20:28:32.004-0500] {dagbag.py:587} INFO - Filling up the DagBag from /Users/binhpham/Library/Python/3.9/lib/python/site-packages/airflow/example_dags/example_branch_day_of_week_operator.py
[2024-09-06T20:28:32.009-0500] {processor.py:925} INFO - DAG(s) 'example_weekday_branch_operator' retrieved from /Users/binhpham/Library/Python/3.9/lib/python/site-packages/airflow/example_dags/example_branch_day_of_week_operator.py
[2024-09-06T20:28:32.053-0500] {logging_mixin.py:190} INFO - [2024-09-06T20:28:32.053-0500] {dag.py:3229} INFO - Sync 1 DAGs
[2024-09-06T20:28:32.060-0500] {logging_mixin.py:190} INFO - [2024-09-06T20:28:32.060-0500] {dag.py:4156} INFO - Setting next_dagrun for example_weekday_branch_operator to 2024-09-06 00:00:00+00:00, run_after=2024-09-07 00:00:00+00:00
[2024-09-06T20:28:32.068-0500] {processor.py:208} INFO - Processing /Users/binhpham/Library/Python/3.9/lib/python/site-packages/airflow/example_dags/example_branch_day_of_week_operator.py took 0.068 seconds
[2024-09-06T20:31:15.802-0500] {processor.py:186} INFO - Started process (PID=44590) to work on /Users/binhpham/Library/Python/3.9/lib/python/site-packages/airflow/example_dags/example_branch_day_of_week_operator.py
[2024-09-06T20:31:15.804-0500] {processor.py:914} INFO - Processing file /Users/binhpham/Library/Python/3.9/lib/python/site-packages/airflow/example_dags/example_branch_day_of_week_operator.py for tasks to queue
[2024-09-06T20:31:15.804-0500] {logging_mixin.py:190} INFO - [2024-09-06T20:31:15.804-0500] {dagbag.py:587} INFO - Filling up the DagBag from /Users/binhpham/Library/Python/3.9/lib/python/site-packages/airflow/example_dags/example_branch_day_of_week_operator.py
[2024-09-06T20:31:15.809-0500] {processor.py:925} INFO - DAG(s) 'example_weekday_branch_operator' retrieved from /Users/binhpham/Library/Python/3.9/lib/python/site-packages/airflow/example_dags/example_branch_day_of_week_operator.py
[2024-09-06T20:31:15.851-0500] {logging_mixin.py:190} INFO - [2024-09-06T20:31:15.851-0500] {dag.py:3229} INFO - Sync 1 DAGs
[2024-09-06T20:31:15.858-0500] {logging_mixin.py:190} INFO - [2024-09-06T20:31:15.858-0500] {dag.py:4156} INFO - Setting next_dagrun for example_weekday_branch_operator to 2024-09-06 00:00:00+00:00, run_after=2024-09-07 00:00:00+00:00
[2024-09-06T20:31:15.865-0500] {processor.py:208} INFO - Processing /Users/binhpham/Library/Python/3.9/lib/python/site-packages/airflow/example_dags/example_branch_day_of_week_operator.py took 0.065 seconds
[2024-09-06T20:35:05.439-0500] {processor.py:186} INFO - Started process (PID=45352) to work on /Users/binhpham/Library/Python/3.9/lib/python/site-packages/airflow/example_dags/example_branch_day_of_week_operator.py
[2024-09-06T20:35:05.440-0500] {processor.py:914} INFO - Processing file /Users/binhpham/Library/Python/3.9/lib/python/site-packages/airflow/example_dags/example_branch_day_of_week_operator.py for tasks to queue
[2024-09-06T20:35:05.441-0500] {logging_mixin.py:190} INFO - [2024-09-06T20:35:05.441-0500] {dagbag.py:587} INFO - Filling up the DagBag from /Users/binhpham/Library/Python/3.9/lib/python/site-packages/airflow/example_dags/example_branch_day_of_week_operator.py
[2024-09-06T20:35:05.446-0500] {processor.py:925} INFO - DAG(s) 'example_weekday_branch_operator' retrieved from /Users/binhpham/Library/Python/3.9/lib/python/site-packages/airflow/example_dags/example_branch_day_of_week_operator.py
[2024-09-06T20:35:05.490-0500] {logging_mixin.py:190} INFO - [2024-09-06T20:35:05.490-0500] {dag.py:3229} INFO - Sync 1 DAGs
[2024-09-06T20:35:05.498-0500] {logging_mixin.py:190} INFO - [2024-09-06T20:35:05.498-0500] {dag.py:4156} INFO - Setting next_dagrun for example_weekday_branch_operator to 2024-09-06 00:00:00+00:00, run_after=2024-09-07 00:00:00+00:00
[2024-09-06T20:35:05.507-0500] {processor.py:208} INFO - Processing /Users/binhpham/Library/Python/3.9/lib/python/site-packages/airflow/example_dags/example_branch_day_of_week_operator.py took 0.069 seconds
[2024-09-06T20:37:48.266-0500] {processor.py:186} INFO - Started process (PID=45881) to work on /Users/binhpham/Library/Python/3.9/lib/python/site-packages/airflow/example_dags/example_branch_day_of_week_operator.py
[2024-09-06T20:37:48.268-0500] {processor.py:914} INFO - Processing file /Users/binhpham/Library/Python/3.9/lib/python/site-packages/airflow/example_dags/example_branch_day_of_week_operator.py for tasks to queue
[2024-09-06T20:37:48.269-0500] {logging_mixin.py:190} INFO - [2024-09-06T20:37:48.269-0500] {dagbag.py:587} INFO - Filling up the DagBag from /Users/binhpham/Library/Python/3.9/lib/python/site-packages/airflow/example_dags/example_branch_day_of_week_operator.py
[2024-09-06T20:37:48.274-0500] {processor.py:925} INFO - DAG(s) 'example_weekday_branch_operator' retrieved from /Users/binhpham/Library/Python/3.9/lib/python/site-packages/airflow/example_dags/example_branch_day_of_week_operator.py
[2024-09-06T20:37:48.321-0500] {logging_mixin.py:190} INFO - [2024-09-06T20:37:48.321-0500] {dag.py:3229} INFO - Sync 1 DAGs
[2024-09-06T20:37:48.329-0500] {logging_mixin.py:190} INFO - [2024-09-06T20:37:48.329-0500] {dag.py:4156} INFO - Setting next_dagrun for example_weekday_branch_operator to 2024-09-06 00:00:00+00:00, run_after=2024-09-07 00:00:00+00:00
[2024-09-06T20:37:48.337-0500] {processor.py:208} INFO - Processing /Users/binhpham/Library/Python/3.9/lib/python/site-packages/airflow/example_dags/example_branch_day_of_week_operator.py took 0.073 seconds
