[2024-09-06T19:46:12.730-0500] {processor.py:186} INFO - Started process (PID=34880) to work on /Users/binhpham/Library/Python/3.9/lib/python/site-packages/airflow/example_dags/example_dataset_alias_with_no_taskflow.py
[2024-09-06T19:46:12.732-0500] {processor.py:914} INFO - Processing file /Users/binhpham/Library/Python/3.9/lib/python/site-packages/airflow/example_dags/example_dataset_alias_with_no_taskflow.py for tasks to queue
[2024-09-06T19:46:12.732-0500] {logging_mixin.py:190} INFO - [2024-09-06T19:46:12.732-0500] {dagbag.py:587} INFO - Filling up the DagBag from /Users/binhpham/Library/Python/3.9/lib/python/site-packages/airflow/example_dags/example_dataset_alias_with_no_taskflow.py
[2024-09-06T19:46:12.814-0500] {processor.py:925} INFO - DAG(s) 'dataset_alias_example_alias_consumer_with_no_taskflow', 'dataset_s3_bucket_producer_with_no_taskflow', 'dataset_alias_example_alias_producer_with_no_taskflow', 'dataset_s3_bucket_consumer_with_no_taskflow' retrieved from /Users/binhpham/Library/Python/3.9/lib/python/site-packages/airflow/example_dags/example_dataset_alias_with_no_taskflow.py
[2024-09-06T19:46:12.854-0500] {logging_mixin.py:190} INFO - [2024-09-06T19:46:12.854-0500] {override.py:1900} INFO - Created Permission View: can edit on DAG:dataset_alias_example_alias_consumer_with_no_taskflow
[2024-09-06T19:46:12.857-0500] {logging_mixin.py:190} INFO - [2024-09-06T19:46:12.857-0500] {override.py:1900} INFO - Created Permission View: can delete on DAG:dataset_alias_example_alias_consumer_with_no_taskflow
[2024-09-06T19:46:12.860-0500] {logging_mixin.py:190} INFO - [2024-09-06T19:46:12.860-0500] {override.py:1900} INFO - Created Permission View: can read on DAG:dataset_alias_example_alias_consumer_with_no_taskflow
[2024-09-06T19:46:12.863-0500] {logging_mixin.py:190} INFO - [2024-09-06T19:46:12.863-0500] {override.py:1900} INFO - Created Permission View: menu access on DAG Run:dataset_alias_example_alias_consumer_with_no_taskflow
[2024-09-06T19:46:12.865-0500] {logging_mixin.py:190} INFO - [2024-09-06T19:46:12.865-0500] {override.py:1900} INFO - Created Permission View: can delete on DAG Run:dataset_alias_example_alias_consumer_with_no_taskflow
[2024-09-06T19:46:12.867-0500] {logging_mixin.py:190} INFO - [2024-09-06T19:46:12.867-0500] {override.py:1900} INFO - Created Permission View: can read on DAG Run:dataset_alias_example_alias_consumer_with_no_taskflow
[2024-09-06T19:46:12.869-0500] {logging_mixin.py:190} INFO - [2024-09-06T19:46:12.869-0500] {override.py:1900} INFO - Created Permission View: can create on DAG Run:dataset_alias_example_alias_consumer_with_no_taskflow
[2024-09-06T19:46:12.874-0500] {logging_mixin.py:190} INFO - [2024-09-06T19:46:12.874-0500] {override.py:1900} INFO - Created Permission View: can edit on DAG:dataset_s3_bucket_producer_with_no_taskflow
[2024-09-06T19:46:12.876-0500] {logging_mixin.py:190} INFO - [2024-09-06T19:46:12.876-0500] {override.py:1900} INFO - Created Permission View: can delete on DAG:dataset_s3_bucket_producer_with_no_taskflow
[2024-09-06T19:46:12.878-0500] {logging_mixin.py:190} INFO - [2024-09-06T19:46:12.878-0500] {override.py:1900} INFO - Created Permission View: can read on DAG:dataset_s3_bucket_producer_with_no_taskflow
[2024-09-06T19:46:12.881-0500] {logging_mixin.py:190} INFO - [2024-09-06T19:46:12.881-0500] {override.py:1900} INFO - Created Permission View: menu access on DAG Run:dataset_s3_bucket_producer_with_no_taskflow
[2024-09-06T19:46:12.883-0500] {logging_mixin.py:190} INFO - [2024-09-06T19:46:12.883-0500] {override.py:1900} INFO - Created Permission View: can delete on DAG Run:dataset_s3_bucket_producer_with_no_taskflow
[2024-09-06T19:46:12.885-0500] {logging_mixin.py:190} INFO - [2024-09-06T19:46:12.885-0500] {override.py:1900} INFO - Created Permission View: can read on DAG Run:dataset_s3_bucket_producer_with_no_taskflow
[2024-09-06T19:46:12.888-0500] {logging_mixin.py:190} INFO - [2024-09-06T19:46:12.887-0500] {override.py:1900} INFO - Created Permission View: can create on DAG Run:dataset_s3_bucket_producer_with_no_taskflow
[2024-09-06T19:46:12.893-0500] {logging_mixin.py:190} INFO - [2024-09-06T19:46:12.892-0500] {override.py:1900} INFO - Created Permission View: can edit on DAG:dataset_alias_example_alias_producer_with_no_taskflow
[2024-09-06T19:46:12.895-0500] {logging_mixin.py:190} INFO - [2024-09-06T19:46:12.895-0500] {override.py:1900} INFO - Created Permission View: can delete on DAG:dataset_alias_example_alias_producer_with_no_taskflow
[2024-09-06T19:46:12.897-0500] {logging_mixin.py:190} INFO - [2024-09-06T19:46:12.897-0500] {override.py:1900} INFO - Created Permission View: can read on DAG:dataset_alias_example_alias_producer_with_no_taskflow
[2024-09-06T19:46:12.900-0500] {logging_mixin.py:190} INFO - [2024-09-06T19:46:12.900-0500] {override.py:1900} INFO - Created Permission View: menu access on DAG Run:dataset_alias_example_alias_producer_with_no_taskflow
[2024-09-06T19:46:12.902-0500] {logging_mixin.py:190} INFO - [2024-09-06T19:46:12.902-0500] {override.py:1900} INFO - Created Permission View: can delete on DAG Run:dataset_alias_example_alias_producer_with_no_taskflow
[2024-09-06T19:46:12.904-0500] {logging_mixin.py:190} INFO - [2024-09-06T19:46:12.904-0500] {override.py:1900} INFO - Created Permission View: can read on DAG Run:dataset_alias_example_alias_producer_with_no_taskflow
[2024-09-06T19:46:12.906-0500] {logging_mixin.py:190} INFO - [2024-09-06T19:46:12.906-0500] {override.py:1900} INFO - Created Permission View: can create on DAG Run:dataset_alias_example_alias_producer_with_no_taskflow
[2024-09-06T19:46:12.910-0500] {logging_mixin.py:190} INFO - [2024-09-06T19:46:12.910-0500] {override.py:1900} INFO - Created Permission View: can edit on DAG:dataset_s3_bucket_consumer_with_no_taskflow
[2024-09-06T19:46:12.913-0500] {logging_mixin.py:190} INFO - [2024-09-06T19:46:12.913-0500] {override.py:1900} INFO - Created Permission View: can delete on DAG:dataset_s3_bucket_consumer_with_no_taskflow
[2024-09-06T19:46:12.915-0500] {logging_mixin.py:190} INFO - [2024-09-06T19:46:12.915-0500] {override.py:1900} INFO - Created Permission View: can read on DAG:dataset_s3_bucket_consumer_with_no_taskflow
[2024-09-06T19:46:12.918-0500] {logging_mixin.py:190} INFO - [2024-09-06T19:46:12.917-0500] {override.py:1900} INFO - Created Permission View: menu access on DAG Run:dataset_s3_bucket_consumer_with_no_taskflow
[2024-09-06T19:46:12.920-0500] {logging_mixin.py:190} INFO - [2024-09-06T19:46:12.920-0500] {override.py:1900} INFO - Created Permission View: can delete on DAG Run:dataset_s3_bucket_consumer_with_no_taskflow
[2024-09-06T19:46:12.922-0500] {logging_mixin.py:190} INFO - [2024-09-06T19:46:12.922-0500] {override.py:1900} INFO - Created Permission View: can read on DAG Run:dataset_s3_bucket_consumer_with_no_taskflow
[2024-09-06T19:46:12.925-0500] {logging_mixin.py:190} INFO - [2024-09-06T19:46:12.925-0500] {override.py:1900} INFO - Created Permission View: can create on DAG Run:dataset_s3_bucket_consumer_with_no_taskflow
[2024-09-06T19:46:12.925-0500] {logging_mixin.py:190} INFO - [2024-09-06T19:46:12.925-0500] {dag.py:3229} INFO - Sync 4 DAGs
[2024-09-06T19:46:12.960-0500] {logging_mixin.py:190} INFO - [2024-09-06T19:46:12.960-0500] {dag.py:3252} INFO - Creating ORM DAG for dataset_alias_example_alias_consumer_with_no_taskflow
[2024-09-06T19:46:12.961-0500] {logging_mixin.py:190} INFO - [2024-09-06T19:46:12.961-0500] {dag.py:3252} INFO - Creating ORM DAG for dataset_s3_bucket_consumer_with_no_taskflow
[2024-09-06T19:46:12.961-0500] {logging_mixin.py:190} INFO - [2024-09-06T19:46:12.961-0500] {dag.py:3252} INFO - Creating ORM DAG for dataset_s3_bucket_producer_with_no_taskflow
[2024-09-06T19:46:12.961-0500] {logging_mixin.py:190} INFO - [2024-09-06T19:46:12.961-0500] {dag.py:3252} INFO - Creating ORM DAG for dataset_alias_example_alias_producer_with_no_taskflow
[2024-09-06T19:46:12.964-0500] {logging_mixin.py:190} INFO - [2024-09-06T19:46:12.964-0500] {dag.py:4156} INFO - Setting next_dagrun for dataset_alias_example_alias_consumer_with_no_taskflow to None, run_after=None
[2024-09-06T19:46:12.964-0500] {logging_mixin.py:190} INFO - [2024-09-06T19:46:12.964-0500] {dag.py:4156} INFO - Setting next_dagrun for dataset_alias_example_alias_producer_with_no_taskflow to None, run_after=None
[2024-09-06T19:46:12.964-0500] {logging_mixin.py:190} INFO - [2024-09-06T19:46:12.964-0500] {dag.py:4156} INFO - Setting next_dagrun for dataset_s3_bucket_consumer_with_no_taskflow to None, run_after=None
[2024-09-06T19:46:12.965-0500] {logging_mixin.py:190} INFO - [2024-09-06T19:46:12.965-0500] {dag.py:4156} INFO - Setting next_dagrun for dataset_s3_bucket_producer_with_no_taskflow to None, run_after=None
[2024-09-06T19:46:13.118-0500] {processor.py:208} INFO - Processing /Users/binhpham/Library/Python/3.9/lib/python/site-packages/airflow/example_dags/example_dataset_alias_with_no_taskflow.py took 0.389 seconds
[2024-09-06T19:48:33.733-0500] {processor.py:186} INFO - Started process (PID=35425) to work on /Users/binhpham/Library/Python/3.9/lib/python/site-packages/airflow/example_dags/example_dataset_alias_with_no_taskflow.py
[2024-09-06T19:48:33.735-0500] {processor.py:914} INFO - Processing file /Users/binhpham/Library/Python/3.9/lib/python/site-packages/airflow/example_dags/example_dataset_alias_with_no_taskflow.py for tasks to queue
[2024-09-06T19:48:33.736-0500] {logging_mixin.py:190} INFO - [2024-09-06T19:48:33.735-0500] {dagbag.py:587} INFO - Filling up the DagBag from /Users/binhpham/Library/Python/3.9/lib/python/site-packages/airflow/example_dags/example_dataset_alias_with_no_taskflow.py
[2024-09-06T19:48:33.823-0500] {processor.py:925} INFO - DAG(s) 'dataset_s3_bucket_producer_with_no_taskflow', 'dataset_s3_bucket_consumer_with_no_taskflow', 'dataset_alias_example_alias_producer_with_no_taskflow', 'dataset_alias_example_alias_consumer_with_no_taskflow' retrieved from /Users/binhpham/Library/Python/3.9/lib/python/site-packages/airflow/example_dags/example_dataset_alias_with_no_taskflow.py
[2024-09-06T19:48:33.833-0500] {logging_mixin.py:190} INFO - [2024-09-06T19:48:33.833-0500] {dag.py:3229} INFO - Sync 4 DAGs
[2024-09-06T19:48:33.841-0500] {logging_mixin.py:190} INFO - [2024-09-06T19:48:33.840-0500] {dag.py:4156} INFO - Setting next_dagrun for dataset_alias_example_alias_consumer_with_no_taskflow to None, run_after=None
[2024-09-06T19:48:33.841-0500] {logging_mixin.py:190} INFO - [2024-09-06T19:48:33.841-0500] {dag.py:4156} INFO - Setting next_dagrun for dataset_alias_example_alias_producer_with_no_taskflow to None, run_after=None
[2024-09-06T19:48:33.842-0500] {logging_mixin.py:190} INFO - [2024-09-06T19:48:33.842-0500] {dag.py:4156} INFO - Setting next_dagrun for dataset_s3_bucket_consumer_with_no_taskflow to None, run_after=None
[2024-09-06T19:48:33.842-0500] {logging_mixin.py:190} INFO - [2024-09-06T19:48:33.842-0500] {dag.py:4156} INFO - Setting next_dagrun for dataset_s3_bucket_producer_with_no_taskflow to None, run_after=None
[2024-09-06T19:48:33.850-0500] {processor.py:208} INFO - Processing /Users/binhpham/Library/Python/3.9/lib/python/site-packages/airflow/example_dags/example_dataset_alias_with_no_taskflow.py took 0.119 seconds
[2024-09-06T19:51:16.515-0500] {processor.py:186} INFO - Started process (PID=35944) to work on /Users/binhpham/Library/Python/3.9/lib/python/site-packages/airflow/example_dags/example_dataset_alias_with_no_taskflow.py
[2024-09-06T19:51:16.517-0500] {processor.py:914} INFO - Processing file /Users/binhpham/Library/Python/3.9/lib/python/site-packages/airflow/example_dags/example_dataset_alias_with_no_taskflow.py for tasks to queue
[2024-09-06T19:51:16.518-0500] {logging_mixin.py:190} INFO - [2024-09-06T19:51:16.518-0500] {dagbag.py:587} INFO - Filling up the DagBag from /Users/binhpham/Library/Python/3.9/lib/python/site-packages/airflow/example_dags/example_dataset_alias_with_no_taskflow.py
[2024-09-06T19:51:16.605-0500] {processor.py:925} INFO - DAG(s) 'dataset_alias_example_alias_consumer_with_no_taskflow', 'dataset_s3_bucket_producer_with_no_taskflow', 'dataset_s3_bucket_consumer_with_no_taskflow', 'dataset_alias_example_alias_producer_with_no_taskflow' retrieved from /Users/binhpham/Library/Python/3.9/lib/python/site-packages/airflow/example_dags/example_dataset_alias_with_no_taskflow.py
[2024-09-06T19:51:16.615-0500] {logging_mixin.py:190} INFO - [2024-09-06T19:51:16.615-0500] {dag.py:3229} INFO - Sync 4 DAGs
[2024-09-06T19:51:16.622-0500] {logging_mixin.py:190} INFO - [2024-09-06T19:51:16.622-0500] {dag.py:4156} INFO - Setting next_dagrun for dataset_alias_example_alias_consumer_with_no_taskflow to None, run_after=None
[2024-09-06T19:51:16.622-0500] {logging_mixin.py:190} INFO - [2024-09-06T19:51:16.622-0500] {dag.py:4156} INFO - Setting next_dagrun for dataset_alias_example_alias_producer_with_no_taskflow to None, run_after=None
[2024-09-06T19:51:16.623-0500] {logging_mixin.py:190} INFO - [2024-09-06T19:51:16.623-0500] {dag.py:4156} INFO - Setting next_dagrun for dataset_s3_bucket_consumer_with_no_taskflow to None, run_after=None
[2024-09-06T19:51:16.623-0500] {logging_mixin.py:190} INFO - [2024-09-06T19:51:16.623-0500] {dag.py:4156} INFO - Setting next_dagrun for dataset_s3_bucket_producer_with_no_taskflow to None, run_after=None
[2024-09-06T19:51:16.631-0500] {processor.py:208} INFO - Processing /Users/binhpham/Library/Python/3.9/lib/python/site-packages/airflow/example_dags/example_dataset_alias_with_no_taskflow.py took 0.118 seconds
[2024-09-06T19:54:56.502-0500] {processor.py:186} INFO - Started process (PID=36708) to work on /Users/binhpham/Library/Python/3.9/lib/python/site-packages/airflow/example_dags/example_dataset_alias_with_no_taskflow.py
[2024-09-06T19:54:56.505-0500] {processor.py:914} INFO - Processing file /Users/binhpham/Library/Python/3.9/lib/python/site-packages/airflow/example_dags/example_dataset_alias_with_no_taskflow.py for tasks to queue
[2024-09-06T19:54:56.505-0500] {logging_mixin.py:190} INFO - [2024-09-06T19:54:56.505-0500] {dagbag.py:587} INFO - Filling up the DagBag from /Users/binhpham/Library/Python/3.9/lib/python/site-packages/airflow/example_dags/example_dataset_alias_with_no_taskflow.py
[2024-09-06T19:54:56.589-0500] {processor.py:925} INFO - DAG(s) 'dataset_s3_bucket_producer_with_no_taskflow', 'dataset_alias_example_alias_producer_with_no_taskflow', 'dataset_alias_example_alias_consumer_with_no_taskflow', 'dataset_s3_bucket_consumer_with_no_taskflow' retrieved from /Users/binhpham/Library/Python/3.9/lib/python/site-packages/airflow/example_dags/example_dataset_alias_with_no_taskflow.py
[2024-09-06T19:54:56.599-0500] {logging_mixin.py:190} INFO - [2024-09-06T19:54:56.599-0500] {dag.py:3229} INFO - Sync 4 DAGs
[2024-09-06T19:54:56.606-0500] {logging_mixin.py:190} INFO - [2024-09-06T19:54:56.606-0500] {dag.py:4156} INFO - Setting next_dagrun for dataset_alias_example_alias_consumer_with_no_taskflow to None, run_after=None
[2024-09-06T19:54:56.606-0500] {logging_mixin.py:190} INFO - [2024-09-06T19:54:56.606-0500] {dag.py:4156} INFO - Setting next_dagrun for dataset_alias_example_alias_producer_with_no_taskflow to None, run_after=None
[2024-09-06T19:54:56.607-0500] {logging_mixin.py:190} INFO - [2024-09-06T19:54:56.607-0500] {dag.py:4156} INFO - Setting next_dagrun for dataset_s3_bucket_consumer_with_no_taskflow to None, run_after=None
[2024-09-06T19:54:56.607-0500] {logging_mixin.py:190} INFO - [2024-09-06T19:54:56.607-0500] {dag.py:4156} INFO - Setting next_dagrun for dataset_s3_bucket_producer_with_no_taskflow to None, run_after=None
[2024-09-06T19:54:56.615-0500] {processor.py:208} INFO - Processing /Users/binhpham/Library/Python/3.9/lib/python/site-packages/airflow/example_dags/example_dataset_alias_with_no_taskflow.py took 0.114 seconds
[2024-09-06T19:57:39.813-0500] {processor.py:186} INFO - Started process (PID=37207) to work on /Users/binhpham/Library/Python/3.9/lib/python/site-packages/airflow/example_dags/example_dataset_alias_with_no_taskflow.py
[2024-09-06T19:57:39.815-0500] {processor.py:914} INFO - Processing file /Users/binhpham/Library/Python/3.9/lib/python/site-packages/airflow/example_dags/example_dataset_alias_with_no_taskflow.py for tasks to queue
[2024-09-06T19:57:39.816-0500] {logging_mixin.py:190} INFO - [2024-09-06T19:57:39.816-0500] {dagbag.py:587} INFO - Filling up the DagBag from /Users/binhpham/Library/Python/3.9/lib/python/site-packages/airflow/example_dags/example_dataset_alias_with_no_taskflow.py
[2024-09-06T19:57:39.902-0500] {processor.py:925} INFO - DAG(s) 'dataset_alias_example_alias_consumer_with_no_taskflow', 'dataset_s3_bucket_consumer_with_no_taskflow', 'dataset_alias_example_alias_producer_with_no_taskflow', 'dataset_s3_bucket_producer_with_no_taskflow' retrieved from /Users/binhpham/Library/Python/3.9/lib/python/site-packages/airflow/example_dags/example_dataset_alias_with_no_taskflow.py
[2024-09-06T19:57:39.913-0500] {logging_mixin.py:190} INFO - [2024-09-06T19:57:39.913-0500] {dag.py:3229} INFO - Sync 4 DAGs
[2024-09-06T19:57:39.921-0500] {logging_mixin.py:190} INFO - [2024-09-06T19:57:39.921-0500] {dag.py:4156} INFO - Setting next_dagrun for dataset_alias_example_alias_consumer_with_no_taskflow to None, run_after=None
[2024-09-06T19:57:39.922-0500] {logging_mixin.py:190} INFO - [2024-09-06T19:57:39.922-0500] {dag.py:4156} INFO - Setting next_dagrun for dataset_alias_example_alias_producer_with_no_taskflow to None, run_after=None
[2024-09-06T19:57:39.922-0500] {logging_mixin.py:190} INFO - [2024-09-06T19:57:39.922-0500] {dag.py:4156} INFO - Setting next_dagrun for dataset_s3_bucket_consumer_with_no_taskflow to None, run_after=None
[2024-09-06T19:57:39.923-0500] {logging_mixin.py:190} INFO - [2024-09-06T19:57:39.923-0500] {dag.py:4156} INFO - Setting next_dagrun for dataset_s3_bucket_producer_with_no_taskflow to None, run_after=None
[2024-09-06T19:57:39.932-0500] {processor.py:208} INFO - Processing /Users/binhpham/Library/Python/3.9/lib/python/site-packages/airflow/example_dags/example_dataset_alias_with_no_taskflow.py took 0.120 seconds
[2024-09-06T20:00:22.970-0500] {processor.py:186} INFO - Started process (PID=37713) to work on /Users/binhpham/Library/Python/3.9/lib/python/site-packages/airflow/example_dags/example_dataset_alias_with_no_taskflow.py
[2024-09-06T20:00:22.972-0500] {processor.py:914} INFO - Processing file /Users/binhpham/Library/Python/3.9/lib/python/site-packages/airflow/example_dags/example_dataset_alias_with_no_taskflow.py for tasks to queue
[2024-09-06T20:00:22.972-0500] {logging_mixin.py:190} INFO - [2024-09-06T20:00:22.972-0500] {dagbag.py:587} INFO - Filling up the DagBag from /Users/binhpham/Library/Python/3.9/lib/python/site-packages/airflow/example_dags/example_dataset_alias_with_no_taskflow.py
[2024-09-06T20:00:23.060-0500] {processor.py:925} INFO - DAG(s) 'dataset_alias_example_alias_producer_with_no_taskflow', 'dataset_s3_bucket_consumer_with_no_taskflow', 'dataset_alias_example_alias_consumer_with_no_taskflow', 'dataset_s3_bucket_producer_with_no_taskflow' retrieved from /Users/binhpham/Library/Python/3.9/lib/python/site-packages/airflow/example_dags/example_dataset_alias_with_no_taskflow.py
[2024-09-06T20:00:23.071-0500] {logging_mixin.py:190} INFO - [2024-09-06T20:00:23.071-0500] {dag.py:3229} INFO - Sync 4 DAGs
[2024-09-06T20:00:23.078-0500] {logging_mixin.py:190} INFO - [2024-09-06T20:00:23.078-0500] {dag.py:4156} INFO - Setting next_dagrun for dataset_alias_example_alias_consumer_with_no_taskflow to None, run_after=None
[2024-09-06T20:00:23.079-0500] {logging_mixin.py:190} INFO - [2024-09-06T20:00:23.079-0500] {dag.py:4156} INFO - Setting next_dagrun for dataset_alias_example_alias_producer_with_no_taskflow to None, run_after=None
[2024-09-06T20:00:23.080-0500] {logging_mixin.py:190} INFO - [2024-09-06T20:00:23.080-0500] {dag.py:4156} INFO - Setting next_dagrun for dataset_s3_bucket_consumer_with_no_taskflow to None, run_after=None
[2024-09-06T20:00:23.080-0500] {logging_mixin.py:190} INFO - [2024-09-06T20:00:23.080-0500] {dag.py:4156} INFO - Setting next_dagrun for dataset_s3_bucket_producer_with_no_taskflow to None, run_after=None
[2024-09-06T20:00:23.089-0500] {processor.py:208} INFO - Processing /Users/binhpham/Library/Python/3.9/lib/python/site-packages/airflow/example_dags/example_dataset_alias_with_no_taskflow.py took 0.120 seconds
[2024-09-06T20:03:05.358-0500] {processor.py:186} INFO - Started process (PID=38214) to work on /Users/binhpham/Library/Python/3.9/lib/python/site-packages/airflow/example_dags/example_dataset_alias_with_no_taskflow.py
[2024-09-06T20:03:05.360-0500] {processor.py:914} INFO - Processing file /Users/binhpham/Library/Python/3.9/lib/python/site-packages/airflow/example_dags/example_dataset_alias_with_no_taskflow.py for tasks to queue
[2024-09-06T20:03:05.361-0500] {logging_mixin.py:190} INFO - [2024-09-06T20:03:05.361-0500] {dagbag.py:587} INFO - Filling up the DagBag from /Users/binhpham/Library/Python/3.9/lib/python/site-packages/airflow/example_dags/example_dataset_alias_with_no_taskflow.py
[2024-09-06T20:03:05.454-0500] {processor.py:925} INFO - DAG(s) 'dataset_s3_bucket_producer_with_no_taskflow', 'dataset_s3_bucket_consumer_with_no_taskflow', 'dataset_alias_example_alias_consumer_with_no_taskflow', 'dataset_alias_example_alias_producer_with_no_taskflow' retrieved from /Users/binhpham/Library/Python/3.9/lib/python/site-packages/airflow/example_dags/example_dataset_alias_with_no_taskflow.py
[2024-09-06T20:03:05.465-0500] {logging_mixin.py:190} INFO - [2024-09-06T20:03:05.465-0500] {dag.py:3229} INFO - Sync 4 DAGs
[2024-09-06T20:03:05.473-0500] {logging_mixin.py:190} INFO - [2024-09-06T20:03:05.473-0500] {dag.py:4156} INFO - Setting next_dagrun for dataset_alias_example_alias_consumer_with_no_taskflow to None, run_after=None
[2024-09-06T20:03:05.474-0500] {logging_mixin.py:190} INFO - [2024-09-06T20:03:05.474-0500] {dag.py:4156} INFO - Setting next_dagrun for dataset_alias_example_alias_producer_with_no_taskflow to None, run_after=None
[2024-09-06T20:03:05.474-0500] {logging_mixin.py:190} INFO - [2024-09-06T20:03:05.474-0500] {dag.py:4156} INFO - Setting next_dagrun for dataset_s3_bucket_consumer_with_no_taskflow to None, run_after=None
[2024-09-06T20:03:05.474-0500] {logging_mixin.py:190} INFO - [2024-09-06T20:03:05.474-0500] {dag.py:4156} INFO - Setting next_dagrun for dataset_s3_bucket_producer_with_no_taskflow to None, run_after=None
[2024-09-06T20:03:05.483-0500] {processor.py:208} INFO - Processing /Users/binhpham/Library/Python/3.9/lib/python/site-packages/airflow/example_dags/example_dataset_alias_with_no_taskflow.py took 0.126 seconds
[2024-09-06T20:05:44.116-0500] {processor.py:186} INFO - Started process (PID=38695) to work on /Users/binhpham/Library/Python/3.9/lib/python/site-packages/airflow/example_dags/example_dataset_alias_with_no_taskflow.py
[2024-09-06T20:05:44.118-0500] {processor.py:914} INFO - Processing file /Users/binhpham/Library/Python/3.9/lib/python/site-packages/airflow/example_dags/example_dataset_alias_with_no_taskflow.py for tasks to queue
[2024-09-06T20:05:44.119-0500] {logging_mixin.py:190} INFO - [2024-09-06T20:05:44.119-0500] {dagbag.py:587} INFO - Filling up the DagBag from /Users/binhpham/Library/Python/3.9/lib/python/site-packages/airflow/example_dags/example_dataset_alias_with_no_taskflow.py
[2024-09-06T20:05:44.214-0500] {processor.py:925} INFO - DAG(s) 'dataset_s3_bucket_consumer_with_no_taskflow', 'dataset_s3_bucket_producer_with_no_taskflow', 'dataset_alias_example_alias_producer_with_no_taskflow', 'dataset_alias_example_alias_consumer_with_no_taskflow' retrieved from /Users/binhpham/Library/Python/3.9/lib/python/site-packages/airflow/example_dags/example_dataset_alias_with_no_taskflow.py
[2024-09-06T20:05:44.225-0500] {logging_mixin.py:190} INFO - [2024-09-06T20:05:44.224-0500] {dag.py:3229} INFO - Sync 4 DAGs
[2024-09-06T20:05:44.233-0500] {logging_mixin.py:190} INFO - [2024-09-06T20:05:44.233-0500] {dag.py:4156} INFO - Setting next_dagrun for dataset_alias_example_alias_consumer_with_no_taskflow to None, run_after=None
[2024-09-06T20:05:44.234-0500] {logging_mixin.py:190} INFO - [2024-09-06T20:05:44.234-0500] {dag.py:4156} INFO - Setting next_dagrun for dataset_alias_example_alias_producer_with_no_taskflow to None, run_after=None
[2024-09-06T20:05:44.234-0500] {logging_mixin.py:190} INFO - [2024-09-06T20:05:44.234-0500] {dag.py:4156} INFO - Setting next_dagrun for dataset_s3_bucket_consumer_with_no_taskflow to None, run_after=None
[2024-09-06T20:05:44.234-0500] {logging_mixin.py:190} INFO - [2024-09-06T20:05:44.234-0500] {dag.py:4156} INFO - Setting next_dagrun for dataset_s3_bucket_producer_with_no_taskflow to None, run_after=None
[2024-09-06T20:05:44.243-0500] {processor.py:208} INFO - Processing /Users/binhpham/Library/Python/3.9/lib/python/site-packages/airflow/example_dags/example_dataset_alias_with_no_taskflow.py took 0.128 seconds
[2024-09-06T20:08:26.089-0500] {processor.py:186} INFO - Started process (PID=39187) to work on /Users/binhpham/Library/Python/3.9/lib/python/site-packages/airflow/example_dags/example_dataset_alias_with_no_taskflow.py
[2024-09-06T20:08:26.091-0500] {processor.py:914} INFO - Processing file /Users/binhpham/Library/Python/3.9/lib/python/site-packages/airflow/example_dags/example_dataset_alias_with_no_taskflow.py for tasks to queue
[2024-09-06T20:08:26.091-0500] {logging_mixin.py:190} INFO - [2024-09-06T20:08:26.091-0500] {dagbag.py:587} INFO - Filling up the DagBag from /Users/binhpham/Library/Python/3.9/lib/python/site-packages/airflow/example_dags/example_dataset_alias_with_no_taskflow.py
[2024-09-06T20:08:26.179-0500] {processor.py:925} INFO - DAG(s) 'dataset_alias_example_alias_consumer_with_no_taskflow', 'dataset_s3_bucket_consumer_with_no_taskflow', 'dataset_s3_bucket_producer_with_no_taskflow', 'dataset_alias_example_alias_producer_with_no_taskflow' retrieved from /Users/binhpham/Library/Python/3.9/lib/python/site-packages/airflow/example_dags/example_dataset_alias_with_no_taskflow.py
[2024-09-06T20:08:26.189-0500] {logging_mixin.py:190} INFO - [2024-09-06T20:08:26.189-0500] {dag.py:3229} INFO - Sync 4 DAGs
[2024-09-06T20:08:26.196-0500] {logging_mixin.py:190} INFO - [2024-09-06T20:08:26.196-0500] {dag.py:4156} INFO - Setting next_dagrun for dataset_alias_example_alias_consumer_with_no_taskflow to None, run_after=None
[2024-09-06T20:08:26.196-0500] {logging_mixin.py:190} INFO - [2024-09-06T20:08:26.196-0500] {dag.py:4156} INFO - Setting next_dagrun for dataset_alias_example_alias_producer_with_no_taskflow to None, run_after=None
[2024-09-06T20:08:26.197-0500] {logging_mixin.py:190} INFO - [2024-09-06T20:08:26.197-0500] {dag.py:4156} INFO - Setting next_dagrun for dataset_s3_bucket_consumer_with_no_taskflow to None, run_after=None
[2024-09-06T20:08:26.197-0500] {logging_mixin.py:190} INFO - [2024-09-06T20:08:26.197-0500] {dag.py:4156} INFO - Setting next_dagrun for dataset_s3_bucket_producer_with_no_taskflow to None, run_after=None
[2024-09-06T20:08:26.205-0500] {processor.py:208} INFO - Processing /Users/binhpham/Library/Python/3.9/lib/python/site-packages/airflow/example_dags/example_dataset_alias_with_no_taskflow.py took 0.118 seconds
[2024-09-06T20:11:12.338-0500] {processor.py:186} INFO - Started process (PID=39729) to work on /Users/binhpham/Library/Python/3.9/lib/python/site-packages/airflow/example_dags/example_dataset_alias_with_no_taskflow.py
[2024-09-06T20:11:12.339-0500] {processor.py:914} INFO - Processing file /Users/binhpham/Library/Python/3.9/lib/python/site-packages/airflow/example_dags/example_dataset_alias_with_no_taskflow.py for tasks to queue
[2024-09-06T20:11:12.340-0500] {logging_mixin.py:190} INFO - [2024-09-06T20:11:12.340-0500] {dagbag.py:587} INFO - Filling up the DagBag from /Users/binhpham/Library/Python/3.9/lib/python/site-packages/airflow/example_dags/example_dataset_alias_with_no_taskflow.py
[2024-09-06T20:11:12.439-0500] {processor.py:925} INFO - DAG(s) 'dataset_alias_example_alias_producer_with_no_taskflow', 'dataset_s3_bucket_consumer_with_no_taskflow', 'dataset_s3_bucket_producer_with_no_taskflow', 'dataset_alias_example_alias_consumer_with_no_taskflow' retrieved from /Users/binhpham/Library/Python/3.9/lib/python/site-packages/airflow/example_dags/example_dataset_alias_with_no_taskflow.py
[2024-09-06T20:11:12.450-0500] {logging_mixin.py:190} INFO - [2024-09-06T20:11:12.450-0500] {dag.py:3229} INFO - Sync 4 DAGs
[2024-09-06T20:11:12.458-0500] {logging_mixin.py:190} INFO - [2024-09-06T20:11:12.458-0500] {dag.py:4156} INFO - Setting next_dagrun for dataset_alias_example_alias_consumer_with_no_taskflow to None, run_after=None
[2024-09-06T20:11:12.459-0500] {logging_mixin.py:190} INFO - [2024-09-06T20:11:12.458-0500] {dag.py:4156} INFO - Setting next_dagrun for dataset_alias_example_alias_producer_with_no_taskflow to None, run_after=None
[2024-09-06T20:11:12.459-0500] {logging_mixin.py:190} INFO - [2024-09-06T20:11:12.459-0500] {dag.py:4156} INFO - Setting next_dagrun for dataset_s3_bucket_consumer_with_no_taskflow to None, run_after=None
[2024-09-06T20:11:12.459-0500] {logging_mixin.py:190} INFO - [2024-09-06T20:11:12.459-0500] {dag.py:4156} INFO - Setting next_dagrun for dataset_s3_bucket_producer_with_no_taskflow to None, run_after=None
[2024-09-06T20:11:12.471-0500] {processor.py:208} INFO - Processing /Users/binhpham/Library/Python/3.9/lib/python/site-packages/airflow/example_dags/example_dataset_alias_with_no_taskflow.py took 0.135 seconds
[2024-09-06T20:13:55.413-0500] {processor.py:186} INFO - Started process (PID=40282) to work on /Users/binhpham/Library/Python/3.9/lib/python/site-packages/airflow/example_dags/example_dataset_alias_with_no_taskflow.py
[2024-09-06T20:13:55.416-0500] {processor.py:914} INFO - Processing file /Users/binhpham/Library/Python/3.9/lib/python/site-packages/airflow/example_dags/example_dataset_alias_with_no_taskflow.py for tasks to queue
[2024-09-06T20:13:55.416-0500] {logging_mixin.py:190} INFO - [2024-09-06T20:13:55.416-0500] {dagbag.py:587} INFO - Filling up the DagBag from /Users/binhpham/Library/Python/3.9/lib/python/site-packages/airflow/example_dags/example_dataset_alias_with_no_taskflow.py
[2024-09-06T20:13:55.501-0500] {processor.py:925} INFO - DAG(s) 'dataset_alias_example_alias_consumer_with_no_taskflow', 'dataset_s3_bucket_producer_with_no_taskflow', 'dataset_alias_example_alias_producer_with_no_taskflow', 'dataset_s3_bucket_consumer_with_no_taskflow' retrieved from /Users/binhpham/Library/Python/3.9/lib/python/site-packages/airflow/example_dags/example_dataset_alias_with_no_taskflow.py
[2024-09-06T20:13:55.510-0500] {logging_mixin.py:190} INFO - [2024-09-06T20:13:55.510-0500] {dag.py:3229} INFO - Sync 4 DAGs
[2024-09-06T20:13:55.517-0500] {logging_mixin.py:190} INFO - [2024-09-06T20:13:55.517-0500] {dag.py:4156} INFO - Setting next_dagrun for dataset_alias_example_alias_consumer_with_no_taskflow to None, run_after=None
[2024-09-06T20:13:55.518-0500] {logging_mixin.py:190} INFO - [2024-09-06T20:13:55.518-0500] {dag.py:4156} INFO - Setting next_dagrun for dataset_alias_example_alias_producer_with_no_taskflow to None, run_after=None
[2024-09-06T20:13:55.518-0500] {logging_mixin.py:190} INFO - [2024-09-06T20:13:55.518-0500] {dag.py:4156} INFO - Setting next_dagrun for dataset_s3_bucket_consumer_with_no_taskflow to None, run_after=None
[2024-09-06T20:13:55.519-0500] {logging_mixin.py:190} INFO - [2024-09-06T20:13:55.518-0500] {dag.py:4156} INFO - Setting next_dagrun for dataset_s3_bucket_producer_with_no_taskflow to None, run_after=None
[2024-09-06T20:13:55.526-0500] {processor.py:208} INFO - Processing /Users/binhpham/Library/Python/3.9/lib/python/site-packages/airflow/example_dags/example_dataset_alias_with_no_taskflow.py took 0.114 seconds
[2024-09-06T20:16:19.903-0500] {processor.py:186} INFO - Started process (PID=40777) to work on /Users/binhpham/Library/Python/3.9/lib/python/site-packages/airflow/example_dags/example_dataset_alias_with_no_taskflow.py
[2024-09-06T20:16:19.905-0500] {processor.py:914} INFO - Processing file /Users/binhpham/Library/Python/3.9/lib/python/site-packages/airflow/example_dags/example_dataset_alias_with_no_taskflow.py for tasks to queue
[2024-09-06T20:16:19.906-0500] {logging_mixin.py:190} INFO - [2024-09-06T20:16:19.905-0500] {dagbag.py:587} INFO - Filling up the DagBag from /Users/binhpham/Library/Python/3.9/lib/python/site-packages/airflow/example_dags/example_dataset_alias_with_no_taskflow.py
[2024-09-06T20:16:19.996-0500] {processor.py:925} INFO - DAG(s) 'dataset_alias_example_alias_consumer_with_no_taskflow', 'dataset_alias_example_alias_producer_with_no_taskflow', 'dataset_s3_bucket_producer_with_no_taskflow', 'dataset_s3_bucket_consumer_with_no_taskflow' retrieved from /Users/binhpham/Library/Python/3.9/lib/python/site-packages/airflow/example_dags/example_dataset_alias_with_no_taskflow.py
[2024-09-06T20:16:20.006-0500] {logging_mixin.py:190} INFO - [2024-09-06T20:16:20.005-0500] {dag.py:3229} INFO - Sync 4 DAGs
[2024-09-06T20:16:20.013-0500] {logging_mixin.py:190} INFO - [2024-09-06T20:16:20.013-0500] {dag.py:4156} INFO - Setting next_dagrun for dataset_alias_example_alias_consumer_with_no_taskflow to None, run_after=None
[2024-09-06T20:16:20.013-0500] {logging_mixin.py:190} INFO - [2024-09-06T20:16:20.013-0500] {dag.py:4156} INFO - Setting next_dagrun for dataset_alias_example_alias_producer_with_no_taskflow to None, run_after=None
[2024-09-06T20:16:20.014-0500] {logging_mixin.py:190} INFO - [2024-09-06T20:16:20.014-0500] {dag.py:4156} INFO - Setting next_dagrun for dataset_s3_bucket_consumer_with_no_taskflow to None, run_after=None
[2024-09-06T20:16:20.014-0500] {logging_mixin.py:190} INFO - [2024-09-06T20:16:20.014-0500] {dag.py:4156} INFO - Setting next_dagrun for dataset_s3_bucket_producer_with_no_taskflow to None, run_after=None
[2024-09-06T20:16:20.022-0500] {processor.py:208} INFO - Processing /Users/binhpham/Library/Python/3.9/lib/python/site-packages/airflow/example_dags/example_dataset_alias_with_no_taskflow.py took 0.121 seconds
[2024-09-06T20:23:10.365-0500] {processor.py:186} INFO - Started process (PID=43000) to work on /Users/binhpham/Library/Python/3.9/lib/python/site-packages/airflow/example_dags/example_dataset_alias_with_no_taskflow.py
[2024-09-06T20:23:10.367-0500] {processor.py:914} INFO - Processing file /Users/binhpham/Library/Python/3.9/lib/python/site-packages/airflow/example_dags/example_dataset_alias_with_no_taskflow.py for tasks to queue
[2024-09-06T20:23:10.367-0500] {logging_mixin.py:190} INFO - [2024-09-06T20:23:10.367-0500] {dagbag.py:587} INFO - Filling up the DagBag from /Users/binhpham/Library/Python/3.9/lib/python/site-packages/airflow/example_dags/example_dataset_alias_with_no_taskflow.py
[2024-09-06T20:23:10.455-0500] {processor.py:925} INFO - DAG(s) 'dataset_s3_bucket_producer_with_no_taskflow', 'dataset_alias_example_alias_producer_with_no_taskflow', 'dataset_alias_example_alias_consumer_with_no_taskflow', 'dataset_s3_bucket_consumer_with_no_taskflow' retrieved from /Users/binhpham/Library/Python/3.9/lib/python/site-packages/airflow/example_dags/example_dataset_alias_with_no_taskflow.py
[2024-09-06T20:23:10.465-0500] {logging_mixin.py:190} INFO - [2024-09-06T20:23:10.465-0500] {dag.py:3229} INFO - Sync 4 DAGs
[2024-09-06T20:23:10.472-0500] {logging_mixin.py:190} INFO - [2024-09-06T20:23:10.472-0500] {dag.py:4156} INFO - Setting next_dagrun for dataset_alias_example_alias_consumer_with_no_taskflow to None, run_after=None
[2024-09-06T20:23:10.473-0500] {logging_mixin.py:190} INFO - [2024-09-06T20:23:10.473-0500] {dag.py:4156} INFO - Setting next_dagrun for dataset_alias_example_alias_producer_with_no_taskflow to None, run_after=None
[2024-09-06T20:23:10.474-0500] {logging_mixin.py:190} INFO - [2024-09-06T20:23:10.473-0500] {dag.py:4156} INFO - Setting next_dagrun for dataset_s3_bucket_consumer_with_no_taskflow to None, run_after=None
[2024-09-06T20:23:10.474-0500] {logging_mixin.py:190} INFO - [2024-09-06T20:23:10.474-0500] {dag.py:4156} INFO - Setting next_dagrun for dataset_s3_bucket_producer_with_no_taskflow to None, run_after=None
[2024-09-06T20:23:10.482-0500] {processor.py:208} INFO - Processing /Users/binhpham/Library/Python/3.9/lib/python/site-packages/airflow/example_dags/example_dataset_alias_with_no_taskflow.py took 0.118 seconds
[2024-09-06T20:25:54.690-0500] {processor.py:186} INFO - Started process (PID=43504) to work on /Users/binhpham/Library/Python/3.9/lib/python/site-packages/airflow/example_dags/example_dataset_alias_with_no_taskflow.py
[2024-09-06T20:25:54.693-0500] {processor.py:914} INFO - Processing file /Users/binhpham/Library/Python/3.9/lib/python/site-packages/airflow/example_dags/example_dataset_alias_with_no_taskflow.py for tasks to queue
[2024-09-06T20:25:54.693-0500] {logging_mixin.py:190} INFO - [2024-09-06T20:25:54.693-0500] {dagbag.py:587} INFO - Filling up the DagBag from /Users/binhpham/Library/Python/3.9/lib/python/site-packages/airflow/example_dags/example_dataset_alias_with_no_taskflow.py
[2024-09-06T20:25:54.789-0500] {processor.py:925} INFO - DAG(s) 'dataset_s3_bucket_consumer_with_no_taskflow', 'dataset_alias_example_alias_consumer_with_no_taskflow', 'dataset_alias_example_alias_producer_with_no_taskflow', 'dataset_s3_bucket_producer_with_no_taskflow' retrieved from /Users/binhpham/Library/Python/3.9/lib/python/site-packages/airflow/example_dags/example_dataset_alias_with_no_taskflow.py
[2024-09-06T20:25:54.800-0500] {logging_mixin.py:190} INFO - [2024-09-06T20:25:54.800-0500] {dag.py:3229} INFO - Sync 4 DAGs
[2024-09-06T20:25:54.808-0500] {logging_mixin.py:190} INFO - [2024-09-06T20:25:54.808-0500] {dag.py:4156} INFO - Setting next_dagrun for dataset_alias_example_alias_consumer_with_no_taskflow to None, run_after=None
[2024-09-06T20:25:54.809-0500] {logging_mixin.py:190} INFO - [2024-09-06T20:25:54.809-0500] {dag.py:4156} INFO - Setting next_dagrun for dataset_alias_example_alias_producer_with_no_taskflow to None, run_after=None
[2024-09-06T20:25:54.809-0500] {logging_mixin.py:190} INFO - [2024-09-06T20:25:54.809-0500] {dag.py:4156} INFO - Setting next_dagrun for dataset_s3_bucket_consumer_with_no_taskflow to None, run_after=None
[2024-09-06T20:25:54.810-0500] {logging_mixin.py:190} INFO - [2024-09-06T20:25:54.809-0500] {dag.py:4156} INFO - Setting next_dagrun for dataset_s3_bucket_producer_with_no_taskflow to None, run_after=None
[2024-09-06T20:25:54.818-0500] {processor.py:208} INFO - Processing /Users/binhpham/Library/Python/3.9/lib/python/site-packages/airflow/example_dags/example_dataset_alias_with_no_taskflow.py took 0.129 seconds
[2024-09-06T20:28:15.745-0500] {processor.py:186} INFO - Started process (PID=44002) to work on /Users/binhpham/Library/Python/3.9/lib/python/site-packages/airflow/example_dags/example_dataset_alias_with_no_taskflow.py
[2024-09-06T20:28:15.746-0500] {processor.py:914} INFO - Processing file /Users/binhpham/Library/Python/3.9/lib/python/site-packages/airflow/example_dags/example_dataset_alias_with_no_taskflow.py for tasks to queue
[2024-09-06T20:28:15.747-0500] {logging_mixin.py:190} INFO - [2024-09-06T20:28:15.747-0500] {dagbag.py:587} INFO - Filling up the DagBag from /Users/binhpham/Library/Python/3.9/lib/python/site-packages/airflow/example_dags/example_dataset_alias_with_no_taskflow.py
[2024-09-06T20:28:15.861-0500] {processor.py:925} INFO - DAG(s) 'dataset_s3_bucket_consumer_with_no_taskflow', 'dataset_alias_example_alias_producer_with_no_taskflow', 'dataset_alias_example_alias_consumer_with_no_taskflow', 'dataset_s3_bucket_producer_with_no_taskflow' retrieved from /Users/binhpham/Library/Python/3.9/lib/python/site-packages/airflow/example_dags/example_dataset_alias_with_no_taskflow.py
[2024-09-06T20:28:15.873-0500] {logging_mixin.py:190} INFO - [2024-09-06T20:28:15.873-0500] {dag.py:3229} INFO - Sync 4 DAGs
[2024-09-06T20:28:15.882-0500] {logging_mixin.py:190} INFO - [2024-09-06T20:28:15.882-0500] {dag.py:4156} INFO - Setting next_dagrun for dataset_alias_example_alias_consumer_with_no_taskflow to None, run_after=None
[2024-09-06T20:28:15.883-0500] {logging_mixin.py:190} INFO - [2024-09-06T20:28:15.883-0500] {dag.py:4156} INFO - Setting next_dagrun for dataset_alias_example_alias_producer_with_no_taskflow to None, run_after=None
[2024-09-06T20:28:15.883-0500] {logging_mixin.py:190} INFO - [2024-09-06T20:28:15.883-0500] {dag.py:4156} INFO - Setting next_dagrun for dataset_s3_bucket_consumer_with_no_taskflow to None, run_after=None
[2024-09-06T20:28:15.883-0500] {logging_mixin.py:190} INFO - [2024-09-06T20:28:15.883-0500] {dag.py:4156} INFO - Setting next_dagrun for dataset_s3_bucket_producer_with_no_taskflow to None, run_after=None
[2024-09-06T20:28:15.893-0500] {processor.py:208} INFO - Processing /Users/binhpham/Library/Python/3.9/lib/python/site-packages/airflow/example_dags/example_dataset_alias_with_no_taskflow.py took 0.150 seconds
[2024-09-06T20:30:59.534-0500] {processor.py:186} INFO - Started process (PID=44541) to work on /Users/binhpham/Library/Python/3.9/lib/python/site-packages/airflow/example_dags/example_dataset_alias_with_no_taskflow.py
[2024-09-06T20:30:59.536-0500] {processor.py:914} INFO - Processing file /Users/binhpham/Library/Python/3.9/lib/python/site-packages/airflow/example_dags/example_dataset_alias_with_no_taskflow.py for tasks to queue
[2024-09-06T20:30:59.537-0500] {logging_mixin.py:190} INFO - [2024-09-06T20:30:59.537-0500] {dagbag.py:587} INFO - Filling up the DagBag from /Users/binhpham/Library/Python/3.9/lib/python/site-packages/airflow/example_dags/example_dataset_alias_with_no_taskflow.py
[2024-09-06T20:30:59.622-0500] {processor.py:925} INFO - DAG(s) 'dataset_s3_bucket_producer_with_no_taskflow', 'dataset_s3_bucket_consumer_with_no_taskflow', 'dataset_alias_example_alias_consumer_with_no_taskflow', 'dataset_alias_example_alias_producer_with_no_taskflow' retrieved from /Users/binhpham/Library/Python/3.9/lib/python/site-packages/airflow/example_dags/example_dataset_alias_with_no_taskflow.py
[2024-09-06T20:30:59.632-0500] {logging_mixin.py:190} INFO - [2024-09-06T20:30:59.632-0500] {dag.py:3229} INFO - Sync 4 DAGs
[2024-09-06T20:30:59.639-0500] {logging_mixin.py:190} INFO - [2024-09-06T20:30:59.639-0500] {dag.py:4156} INFO - Setting next_dagrun for dataset_alias_example_alias_consumer_with_no_taskflow to None, run_after=None
[2024-09-06T20:30:59.640-0500] {logging_mixin.py:190} INFO - [2024-09-06T20:30:59.639-0500] {dag.py:4156} INFO - Setting next_dagrun for dataset_alias_example_alias_producer_with_no_taskflow to None, run_after=None
[2024-09-06T20:30:59.640-0500] {logging_mixin.py:190} INFO - [2024-09-06T20:30:59.640-0500] {dag.py:4156} INFO - Setting next_dagrun for dataset_s3_bucket_consumer_with_no_taskflow to None, run_after=None
[2024-09-06T20:30:59.640-0500] {logging_mixin.py:190} INFO - [2024-09-06T20:30:59.640-0500] {dag.py:4156} INFO - Setting next_dagrun for dataset_s3_bucket_producer_with_no_taskflow to None, run_after=None
[2024-09-06T20:30:59.648-0500] {processor.py:208} INFO - Processing /Users/binhpham/Library/Python/3.9/lib/python/site-packages/airflow/example_dags/example_dataset_alias_with_no_taskflow.py took 0.115 seconds
[2024-09-06T20:34:48.944-0500] {processor.py:186} INFO - Started process (PID=45296) to work on /Users/binhpham/Library/Python/3.9/lib/python/site-packages/airflow/example_dags/example_dataset_alias_with_no_taskflow.py
[2024-09-06T20:34:48.947-0500] {processor.py:914} INFO - Processing file /Users/binhpham/Library/Python/3.9/lib/python/site-packages/airflow/example_dags/example_dataset_alias_with_no_taskflow.py for tasks to queue
[2024-09-06T20:34:48.947-0500] {logging_mixin.py:190} INFO - [2024-09-06T20:34:48.947-0500] {dagbag.py:587} INFO - Filling up the DagBag from /Users/binhpham/Library/Python/3.9/lib/python/site-packages/airflow/example_dags/example_dataset_alias_with_no_taskflow.py
[2024-09-06T20:34:49.043-0500] {processor.py:925} INFO - DAG(s) 'dataset_s3_bucket_producer_with_no_taskflow', 'dataset_alias_example_alias_producer_with_no_taskflow', 'dataset_s3_bucket_consumer_with_no_taskflow', 'dataset_alias_example_alias_consumer_with_no_taskflow' retrieved from /Users/binhpham/Library/Python/3.9/lib/python/site-packages/airflow/example_dags/example_dataset_alias_with_no_taskflow.py
[2024-09-06T20:34:49.054-0500] {logging_mixin.py:190} INFO - [2024-09-06T20:34:49.053-0500] {dag.py:3229} INFO - Sync 4 DAGs
[2024-09-06T20:34:49.062-0500] {logging_mixin.py:190} INFO - [2024-09-06T20:34:49.062-0500] {dag.py:4156} INFO - Setting next_dagrun for dataset_alias_example_alias_consumer_with_no_taskflow to None, run_after=None
[2024-09-06T20:34:49.063-0500] {logging_mixin.py:190} INFO - [2024-09-06T20:34:49.063-0500] {dag.py:4156} INFO - Setting next_dagrun for dataset_alias_example_alias_producer_with_no_taskflow to None, run_after=None
[2024-09-06T20:34:49.063-0500] {logging_mixin.py:190} INFO - [2024-09-06T20:34:49.063-0500] {dag.py:4156} INFO - Setting next_dagrun for dataset_s3_bucket_consumer_with_no_taskflow to None, run_after=None
[2024-09-06T20:34:49.064-0500] {logging_mixin.py:190} INFO - [2024-09-06T20:34:49.064-0500] {dag.py:4156} INFO - Setting next_dagrun for dataset_s3_bucket_producer_with_no_taskflow to None, run_after=None
[2024-09-06T20:34:49.072-0500] {processor.py:208} INFO - Processing /Users/binhpham/Library/Python/3.9/lib/python/site-packages/airflow/example_dags/example_dataset_alias_with_no_taskflow.py took 0.130 seconds
[2024-09-06T20:37:32.018-0500] {processor.py:186} INFO - Started process (PID=45820) to work on /Users/binhpham/Library/Python/3.9/lib/python/site-packages/airflow/example_dags/example_dataset_alias_with_no_taskflow.py
[2024-09-06T20:37:32.020-0500] {processor.py:914} INFO - Processing file /Users/binhpham/Library/Python/3.9/lib/python/site-packages/airflow/example_dags/example_dataset_alias_with_no_taskflow.py for tasks to queue
[2024-09-06T20:37:32.020-0500] {logging_mixin.py:190} INFO - [2024-09-06T20:37:32.020-0500] {dagbag.py:587} INFO - Filling up the DagBag from /Users/binhpham/Library/Python/3.9/lib/python/site-packages/airflow/example_dags/example_dataset_alias_with_no_taskflow.py
[2024-09-06T20:37:32.108-0500] {processor.py:925} INFO - DAG(s) 'dataset_s3_bucket_producer_with_no_taskflow', 'dataset_alias_example_alias_consumer_with_no_taskflow', 'dataset_s3_bucket_consumer_with_no_taskflow', 'dataset_alias_example_alias_producer_with_no_taskflow' retrieved from /Users/binhpham/Library/Python/3.9/lib/python/site-packages/airflow/example_dags/example_dataset_alias_with_no_taskflow.py
[2024-09-06T20:37:32.118-0500] {logging_mixin.py:190} INFO - [2024-09-06T20:37:32.117-0500] {dag.py:3229} INFO - Sync 4 DAGs
[2024-09-06T20:37:32.125-0500] {logging_mixin.py:190} INFO - [2024-09-06T20:37:32.124-0500] {dag.py:4156} INFO - Setting next_dagrun for dataset_alias_example_alias_consumer_with_no_taskflow to None, run_after=None
[2024-09-06T20:37:32.125-0500] {logging_mixin.py:190} INFO - [2024-09-06T20:37:32.125-0500] {dag.py:4156} INFO - Setting next_dagrun for dataset_alias_example_alias_producer_with_no_taskflow to None, run_after=None
[2024-09-06T20:37:32.126-0500] {logging_mixin.py:190} INFO - [2024-09-06T20:37:32.126-0500] {dag.py:4156} INFO - Setting next_dagrun for dataset_s3_bucket_consumer_with_no_taskflow to None, run_after=None
[2024-09-06T20:37:32.126-0500] {logging_mixin.py:190} INFO - [2024-09-06T20:37:32.126-0500] {dag.py:4156} INFO - Setting next_dagrun for dataset_s3_bucket_producer_with_no_taskflow to None, run_after=None
[2024-09-06T20:37:32.134-0500] {processor.py:208} INFO - Processing /Users/binhpham/Library/Python/3.9/lib/python/site-packages/airflow/example_dags/example_dataset_alias_with_no_taskflow.py took 0.118 seconds
