[2024-09-06T19:46:02.360-0500] {processor.py:186} INFO - Started process (PID=34839) to work on /Users/binhpham/Library/Python/3.9/lib/python/site-packages/airflow/example_dags/example_external_task_marker_dag.py
[2024-09-06T19:46:02.361-0500] {processor.py:914} INFO - Processing file /Users/binhpham/Library/Python/3.9/lib/python/site-packages/airflow/example_dags/example_external_task_marker_dag.py for tasks to queue
[2024-09-06T19:46:02.361-0500] {logging_mixin.py:190} INFO - [2024-09-06T19:46:02.361-0500] {dagbag.py:587} INFO - Filling up the DagBag from /Users/binhpham/Library/Python/3.9/lib/python/site-packages/airflow/example_dags/example_external_task_marker_dag.py
[2024-09-06T19:46:02.367-0500] {processor.py:925} INFO - DAG(s) 'example_external_task_marker_parent', 'example_external_task_marker_child' retrieved from /Users/binhpham/Library/Python/3.9/lib/python/site-packages/airflow/example_dags/example_external_task_marker_dag.py
[2024-09-06T19:46:02.444-0500] {logging_mixin.py:190} INFO - [2024-09-06T19:46:02.444-0500] {override.py:1900} INFO - Created Permission View: can delete on DAG:example_external_task_marker_parent
[2024-09-06T19:46:02.448-0500] {logging_mixin.py:190} INFO - [2024-09-06T19:46:02.448-0500] {override.py:1900} INFO - Created Permission View: can read on DAG:example_external_task_marker_parent
[2024-09-06T19:46:02.451-0500] {logging_mixin.py:190} INFO - [2024-09-06T19:46:02.451-0500] {override.py:1900} INFO - Created Permission View: can edit on DAG:example_external_task_marker_parent
[2024-09-06T19:46:02.454-0500] {logging_mixin.py:190} INFO - [2024-09-06T19:46:02.454-0500] {override.py:1900} INFO - Created Permission View: can delete on DAG Run:example_external_task_marker_parent
[2024-09-06T19:46:02.456-0500] {logging_mixin.py:190} INFO - [2024-09-06T19:46:02.456-0500] {override.py:1900} INFO - Created Permission View: menu access on DAG Run:example_external_task_marker_parent
[2024-09-06T19:46:02.458-0500] {logging_mixin.py:190} INFO - [2024-09-06T19:46:02.458-0500] {override.py:1900} INFO - Created Permission View: can create on DAG Run:example_external_task_marker_parent
[2024-09-06T19:46:02.460-0500] {logging_mixin.py:190} INFO - [2024-09-06T19:46:02.460-0500] {override.py:1900} INFO - Created Permission View: can read on DAG Run:example_external_task_marker_parent
[2024-09-06T19:46:02.682-0500] {logging_mixin.py:190} INFO - [2024-09-06T19:46:02.682-0500] {override.py:1900} INFO - Created Permission View: can delete on DAG:example_external_task_marker_child
[2024-09-06T19:46:02.685-0500] {logging_mixin.py:190} INFO - [2024-09-06T19:46:02.685-0500] {override.py:1900} INFO - Created Permission View: can read on DAG:example_external_task_marker_child
[2024-09-06T19:46:02.687-0500] {logging_mixin.py:190} INFO - [2024-09-06T19:46:02.687-0500] {override.py:1900} INFO - Created Permission View: can edit on DAG:example_external_task_marker_child
[2024-09-06T19:46:02.691-0500] {logging_mixin.py:190} INFO - [2024-09-06T19:46:02.690-0500] {override.py:1900} INFO - Created Permission View: can delete on DAG Run:example_external_task_marker_child
[2024-09-06T19:46:02.694-0500] {logging_mixin.py:190} INFO - [2024-09-06T19:46:02.694-0500] {override.py:1900} INFO - Created Permission View: menu access on DAG Run:example_external_task_marker_child
[2024-09-06T19:46:02.698-0500] {logging_mixin.py:190} INFO - [2024-09-06T19:46:02.697-0500] {override.py:1900} INFO - Created Permission View: can create on DAG Run:example_external_task_marker_child
[2024-09-06T19:46:02.700-0500] {logging_mixin.py:190} INFO - [2024-09-06T19:46:02.700-0500] {override.py:1900} INFO - Created Permission View: can read on DAG Run:example_external_task_marker_child
[2024-09-06T19:46:02.701-0500] {logging_mixin.py:190} INFO - [2024-09-06T19:46:02.701-0500] {dag.py:3229} INFO - Sync 2 DAGs
[2024-09-06T19:46:02.706-0500] {logging_mixin.py:190} INFO - [2024-09-06T19:46:02.706-0500] {dag.py:3252} INFO - Creating ORM DAG for example_external_task_marker_child
[2024-09-06T19:46:02.706-0500] {logging_mixin.py:190} INFO - [2024-09-06T19:46:02.706-0500] {dag.py:3252} INFO - Creating ORM DAG for example_external_task_marker_parent
[2024-09-06T19:46:02.706-0500] {logging_mixin.py:190} INFO - [2024-09-06T19:46:02.706-0500] {dag.py:4156} INFO - Setting next_dagrun for example_external_task_marker_child to None, run_after=None
[2024-09-06T19:46:02.706-0500] {logging_mixin.py:190} INFO - [2024-09-06T19:46:02.706-0500] {dag.py:4156} INFO - Setting next_dagrun for example_external_task_marker_parent to None, run_after=None
[2024-09-06T19:46:02.714-0500] {processor.py:208} INFO - Processing /Users/binhpham/Library/Python/3.9/lib/python/site-packages/airflow/example_dags/example_external_task_marker_dag.py took 0.356 seconds
[2024-09-06T19:48:23.590-0500] {processor.py:186} INFO - Started process (PID=35396) to work on /Users/binhpham/Library/Python/3.9/lib/python/site-packages/airflow/example_dags/example_external_task_marker_dag.py
[2024-09-06T19:48:23.592-0500] {processor.py:914} INFO - Processing file /Users/binhpham/Library/Python/3.9/lib/python/site-packages/airflow/example_dags/example_external_task_marker_dag.py for tasks to queue
[2024-09-06T19:48:23.593-0500] {logging_mixin.py:190} INFO - [2024-09-06T19:48:23.593-0500] {dagbag.py:587} INFO - Filling up the DagBag from /Users/binhpham/Library/Python/3.9/lib/python/site-packages/airflow/example_dags/example_external_task_marker_dag.py
[2024-09-06T19:48:23.598-0500] {processor.py:925} INFO - DAG(s) 'example_external_task_marker_parent', 'example_external_task_marker_child' retrieved from /Users/binhpham/Library/Python/3.9/lib/python/site-packages/airflow/example_dags/example_external_task_marker_dag.py
[2024-09-06T19:48:23.837-0500] {logging_mixin.py:190} INFO - [2024-09-06T19:48:23.837-0500] {dag.py:3229} INFO - Sync 2 DAGs
[2024-09-06T19:48:23.842-0500] {logging_mixin.py:190} INFO - [2024-09-06T19:48:23.842-0500] {dag.py:4156} INFO - Setting next_dagrun for example_external_task_marker_child to None, run_after=None
[2024-09-06T19:48:23.844-0500] {logging_mixin.py:190} INFO - [2024-09-06T19:48:23.843-0500] {dag.py:4156} INFO - Setting next_dagrun for example_external_task_marker_parent to None, run_after=None
[2024-09-06T19:48:23.851-0500] {processor.py:208} INFO - Processing /Users/binhpham/Library/Python/3.9/lib/python/site-packages/airflow/example_dags/example_external_task_marker_dag.py took 0.262 seconds
[2024-09-06T19:50:14.883-0500] {processor.py:186} INFO - Started process (PID=35746) to work on /Users/binhpham/Library/Python/3.9/lib/python/site-packages/airflow/example_dags/example_external_task_marker_dag.py
[2024-09-06T19:50:14.884-0500] {processor.py:914} INFO - Processing file /Users/binhpham/Library/Python/3.9/lib/python/site-packages/airflow/example_dags/example_external_task_marker_dag.py for tasks to queue
[2024-09-06T19:50:14.884-0500] {logging_mixin.py:190} INFO - [2024-09-06T19:50:14.884-0500] {dagbag.py:587} INFO - Filling up the DagBag from /Users/binhpham/Library/Python/3.9/lib/python/site-packages/airflow/example_dags/example_external_task_marker_dag.py
[2024-09-06T19:50:14.889-0500] {processor.py:925} INFO - DAG(s) 'example_external_task_marker_parent', 'example_external_task_marker_child' retrieved from /Users/binhpham/Library/Python/3.9/lib/python/site-packages/airflow/example_dags/example_external_task_marker_dag.py
[2024-09-06T19:50:15.110-0500] {logging_mixin.py:190} INFO - [2024-09-06T19:50:15.109-0500] {dag.py:3229} INFO - Sync 2 DAGs
[2024-09-06T19:50:15.114-0500] {logging_mixin.py:190} INFO - [2024-09-06T19:50:15.114-0500] {dag.py:4156} INFO - Setting next_dagrun for example_external_task_marker_child to None, run_after=None
[2024-09-06T19:50:15.116-0500] {logging_mixin.py:190} INFO - [2024-09-06T19:50:15.116-0500] {dag.py:4156} INFO - Setting next_dagrun for example_external_task_marker_parent to None, run_after=None
[2024-09-06T19:50:15.122-0500] {processor.py:208} INFO - Processing /Users/binhpham/Library/Python/3.9/lib/python/site-packages/airflow/example_dags/example_external_task_marker_dag.py took 0.241 seconds
[2024-09-06T19:52:57.423-0500] {processor.py:186} INFO - Started process (PID=36263) to work on /Users/binhpham/Library/Python/3.9/lib/python/site-packages/airflow/example_dags/example_external_task_marker_dag.py
[2024-09-06T19:52:57.425-0500] {processor.py:914} INFO - Processing file /Users/binhpham/Library/Python/3.9/lib/python/site-packages/airflow/example_dags/example_external_task_marker_dag.py for tasks to queue
[2024-09-06T19:52:57.426-0500] {logging_mixin.py:190} INFO - [2024-09-06T19:52:57.426-0500] {dagbag.py:587} INFO - Filling up the DagBag from /Users/binhpham/Library/Python/3.9/lib/python/site-packages/airflow/example_dags/example_external_task_marker_dag.py
[2024-09-06T19:52:57.432-0500] {processor.py:925} INFO - DAG(s) 'example_external_task_marker_child', 'example_external_task_marker_parent' retrieved from /Users/binhpham/Library/Python/3.9/lib/python/site-packages/airflow/example_dags/example_external_task_marker_dag.py
[2024-09-06T19:52:57.771-0500] {logging_mixin.py:190} INFO - [2024-09-06T19:52:57.770-0500] {dag.py:3229} INFO - Sync 2 DAGs
[2024-09-06T19:52:57.776-0500] {logging_mixin.py:190} INFO - [2024-09-06T19:52:57.776-0500] {dag.py:4156} INFO - Setting next_dagrun for example_external_task_marker_child to None, run_after=None
[2024-09-06T19:52:57.777-0500] {logging_mixin.py:190} INFO - [2024-09-06T19:52:57.777-0500] {dag.py:4156} INFO - Setting next_dagrun for example_external_task_marker_parent to None, run_after=None
[2024-09-06T19:52:57.785-0500] {processor.py:208} INFO - Processing /Users/binhpham/Library/Python/3.9/lib/python/site-packages/airflow/example_dags/example_external_task_marker_dag.py took 0.364 seconds
[2024-09-06T19:54:46.447-0500] {processor.py:186} INFO - Started process (PID=36677) to work on /Users/binhpham/Library/Python/3.9/lib/python/site-packages/airflow/example_dags/example_external_task_marker_dag.py
[2024-09-06T19:54:46.449-0500] {processor.py:914} INFO - Processing file /Users/binhpham/Library/Python/3.9/lib/python/site-packages/airflow/example_dags/example_external_task_marker_dag.py for tasks to queue
[2024-09-06T19:54:46.449-0500] {logging_mixin.py:190} INFO - [2024-09-06T19:54:46.449-0500] {dagbag.py:587} INFO - Filling up the DagBag from /Users/binhpham/Library/Python/3.9/lib/python/site-packages/airflow/example_dags/example_external_task_marker_dag.py
[2024-09-06T19:54:46.455-0500] {processor.py:925} INFO - DAG(s) 'example_external_task_marker_child', 'example_external_task_marker_parent' retrieved from /Users/binhpham/Library/Python/3.9/lib/python/site-packages/airflow/example_dags/example_external_task_marker_dag.py
[2024-09-06T19:54:46.721-0500] {logging_mixin.py:190} INFO - [2024-09-06T19:54:46.721-0500] {dag.py:3229} INFO - Sync 2 DAGs
[2024-09-06T19:54:46.726-0500] {logging_mixin.py:190} INFO - [2024-09-06T19:54:46.726-0500] {dag.py:4156} INFO - Setting next_dagrun for example_external_task_marker_child to None, run_after=None
[2024-09-06T19:54:46.727-0500] {logging_mixin.py:190} INFO - [2024-09-06T19:54:46.727-0500] {dag.py:4156} INFO - Setting next_dagrun for example_external_task_marker_parent to None, run_after=None
[2024-09-06T19:54:46.733-0500] {processor.py:208} INFO - Processing /Users/binhpham/Library/Python/3.9/lib/python/site-packages/airflow/example_dags/example_external_task_marker_dag.py took 0.288 seconds
[2024-09-06T19:56:37.803-0500] {processor.py:186} INFO - Started process (PID=37020) to work on /Users/binhpham/Library/Python/3.9/lib/python/site-packages/airflow/example_dags/example_external_task_marker_dag.py
[2024-09-06T19:56:37.804-0500] {processor.py:914} INFO - Processing file /Users/binhpham/Library/Python/3.9/lib/python/site-packages/airflow/example_dags/example_external_task_marker_dag.py for tasks to queue
[2024-09-06T19:56:37.805-0500] {logging_mixin.py:190} INFO - [2024-09-06T19:56:37.805-0500] {dagbag.py:587} INFO - Filling up the DagBag from /Users/binhpham/Library/Python/3.9/lib/python/site-packages/airflow/example_dags/example_external_task_marker_dag.py
[2024-09-06T19:56:37.811-0500] {processor.py:925} INFO - DAG(s) 'example_external_task_marker_child', 'example_external_task_marker_parent' retrieved from /Users/binhpham/Library/Python/3.9/lib/python/site-packages/airflow/example_dags/example_external_task_marker_dag.py
[2024-09-06T19:56:38.082-0500] {logging_mixin.py:190} INFO - [2024-09-06T19:56:38.082-0500] {dag.py:3229} INFO - Sync 2 DAGs
[2024-09-06T19:56:38.087-0500] {logging_mixin.py:190} INFO - [2024-09-06T19:56:38.086-0500] {dag.py:4156} INFO - Setting next_dagrun for example_external_task_marker_child to None, run_after=None
[2024-09-06T19:56:38.088-0500] {logging_mixin.py:190} INFO - [2024-09-06T19:56:38.088-0500] {dag.py:4156} INFO - Setting next_dagrun for example_external_task_marker_parent to None, run_after=None
[2024-09-06T19:56:38.094-0500] {processor.py:208} INFO - Processing /Users/binhpham/Library/Python/3.9/lib/python/site-packages/airflow/example_dags/example_external_task_marker_dag.py took 0.293 seconds
[2024-09-06T19:59:22.714-0500] {processor.py:186} INFO - Started process (PID=37518) to work on /Users/binhpham/Library/Python/3.9/lib/python/site-packages/airflow/example_dags/example_external_task_marker_dag.py
[2024-09-06T19:59:22.716-0500] {processor.py:914} INFO - Processing file /Users/binhpham/Library/Python/3.9/lib/python/site-packages/airflow/example_dags/example_external_task_marker_dag.py for tasks to queue
[2024-09-06T19:59:22.717-0500] {logging_mixin.py:190} INFO - [2024-09-06T19:59:22.717-0500] {dagbag.py:587} INFO - Filling up the DagBag from /Users/binhpham/Library/Python/3.9/lib/python/site-packages/airflow/example_dags/example_external_task_marker_dag.py
[2024-09-06T19:59:22.723-0500] {processor.py:925} INFO - DAG(s) 'example_external_task_marker_parent', 'example_external_task_marker_child' retrieved from /Users/binhpham/Library/Python/3.9/lib/python/site-packages/airflow/example_dags/example_external_task_marker_dag.py
[2024-09-06T19:59:23.002-0500] {logging_mixin.py:190} INFO - [2024-09-06T19:59:23.001-0500] {dag.py:3229} INFO - Sync 2 DAGs
[2024-09-06T19:59:23.007-0500] {logging_mixin.py:190} INFO - [2024-09-06T19:59:23.007-0500] {dag.py:4156} INFO - Setting next_dagrun for example_external_task_marker_child to None, run_after=None
[2024-09-06T19:59:23.008-0500] {logging_mixin.py:190} INFO - [2024-09-06T19:59:23.008-0500] {dag.py:4156} INFO - Setting next_dagrun for example_external_task_marker_parent to None, run_after=None
[2024-09-06T19:59:23.015-0500] {processor.py:208} INFO - Processing /Users/binhpham/Library/Python/3.9/lib/python/site-packages/airflow/example_dags/example_external_task_marker_dag.py took 0.302 seconds
[2024-09-06T20:02:05.090-0500] {processor.py:186} INFO - Started process (PID=38030) to work on /Users/binhpham/Library/Python/3.9/lib/python/site-packages/airflow/example_dags/example_external_task_marker_dag.py
[2024-09-06T20:02:05.092-0500] {processor.py:914} INFO - Processing file /Users/binhpham/Library/Python/3.9/lib/python/site-packages/airflow/example_dags/example_external_task_marker_dag.py for tasks to queue
[2024-09-06T20:02:05.093-0500] {logging_mixin.py:190} INFO - [2024-09-06T20:02:05.093-0500] {dagbag.py:587} INFO - Filling up the DagBag from /Users/binhpham/Library/Python/3.9/lib/python/site-packages/airflow/example_dags/example_external_task_marker_dag.py
[2024-09-06T20:02:05.099-0500] {processor.py:925} INFO - DAG(s) 'example_external_task_marker_parent', 'example_external_task_marker_child' retrieved from /Users/binhpham/Library/Python/3.9/lib/python/site-packages/airflow/example_dags/example_external_task_marker_dag.py
[2024-09-06T20:02:05.382-0500] {logging_mixin.py:190} INFO - [2024-09-06T20:02:05.382-0500] {dag.py:3229} INFO - Sync 2 DAGs
[2024-09-06T20:02:05.387-0500] {logging_mixin.py:190} INFO - [2024-09-06T20:02:05.387-0500] {dag.py:4156} INFO - Setting next_dagrun for example_external_task_marker_child to None, run_after=None
[2024-09-06T20:02:05.389-0500] {logging_mixin.py:190} INFO - [2024-09-06T20:02:05.389-0500] {dag.py:4156} INFO - Setting next_dagrun for example_external_task_marker_parent to None, run_after=None
[2024-09-06T20:02:05.396-0500] {processor.py:208} INFO - Processing /Users/binhpham/Library/Python/3.9/lib/python/site-packages/airflow/example_dags/example_external_task_marker_dag.py took 0.307 seconds
[2024-09-06T20:04:43.190-0500] {processor.py:186} INFO - Started process (PID=38509) to work on /Users/binhpham/Library/Python/3.9/lib/python/site-packages/airflow/example_dags/example_external_task_marker_dag.py
[2024-09-06T20:04:43.192-0500] {processor.py:914} INFO - Processing file /Users/binhpham/Library/Python/3.9/lib/python/site-packages/airflow/example_dags/example_external_task_marker_dag.py for tasks to queue
[2024-09-06T20:04:43.193-0500] {logging_mixin.py:190} INFO - [2024-09-06T20:04:43.193-0500] {dagbag.py:587} INFO - Filling up the DagBag from /Users/binhpham/Library/Python/3.9/lib/python/site-packages/airflow/example_dags/example_external_task_marker_dag.py
[2024-09-06T20:04:43.199-0500] {processor.py:925} INFO - DAG(s) 'example_external_task_marker_parent', 'example_external_task_marker_child' retrieved from /Users/binhpham/Library/Python/3.9/lib/python/site-packages/airflow/example_dags/example_external_task_marker_dag.py
[2024-09-06T20:04:43.434-0500] {logging_mixin.py:190} INFO - [2024-09-06T20:04:43.434-0500] {dag.py:3229} INFO - Sync 2 DAGs
[2024-09-06T20:04:43.440-0500] {logging_mixin.py:190} INFO - [2024-09-06T20:04:43.440-0500] {dag.py:4156} INFO - Setting next_dagrun for example_external_task_marker_child to None, run_after=None
[2024-09-06T20:04:43.441-0500] {logging_mixin.py:190} INFO - [2024-09-06T20:04:43.441-0500] {dag.py:4156} INFO - Setting next_dagrun for example_external_task_marker_parent to None, run_after=None
[2024-09-06T20:04:43.448-0500] {processor.py:208} INFO - Processing /Users/binhpham/Library/Python/3.9/lib/python/site-packages/airflow/example_dags/example_external_task_marker_dag.py took 0.259 seconds
[2024-09-06T20:07:25.957-0500] {processor.py:186} INFO - Started process (PID=39003) to work on /Users/binhpham/Library/Python/3.9/lib/python/site-packages/airflow/example_dags/example_external_task_marker_dag.py
[2024-09-06T20:07:25.960-0500] {processor.py:914} INFO - Processing file /Users/binhpham/Library/Python/3.9/lib/python/site-packages/airflow/example_dags/example_external_task_marker_dag.py for tasks to queue
[2024-09-06T20:07:25.960-0500] {logging_mixin.py:190} INFO - [2024-09-06T20:07:25.960-0500] {dagbag.py:587} INFO - Filling up the DagBag from /Users/binhpham/Library/Python/3.9/lib/python/site-packages/airflow/example_dags/example_external_task_marker_dag.py
[2024-09-06T20:07:25.965-0500] {processor.py:925} INFO - DAG(s) 'example_external_task_marker_child', 'example_external_task_marker_parent' retrieved from /Users/binhpham/Library/Python/3.9/lib/python/site-packages/airflow/example_dags/example_external_task_marker_dag.py
[2024-09-06T20:07:26.199-0500] {logging_mixin.py:190} INFO - [2024-09-06T20:07:26.199-0500] {dag.py:3229} INFO - Sync 2 DAGs
[2024-09-06T20:07:26.204-0500] {logging_mixin.py:190} INFO - [2024-09-06T20:07:26.204-0500] {dag.py:4156} INFO - Setting next_dagrun for example_external_task_marker_child to None, run_after=None
[2024-09-06T20:07:26.206-0500] {logging_mixin.py:190} INFO - [2024-09-06T20:07:26.205-0500] {dag.py:4156} INFO - Setting next_dagrun for example_external_task_marker_parent to None, run_after=None
[2024-09-06T20:07:26.212-0500] {processor.py:208} INFO - Processing /Users/binhpham/Library/Python/3.9/lib/python/site-packages/airflow/example_dags/example_external_task_marker_dag.py took 0.257 seconds
[2024-09-06T20:10:12.087-0500] {processor.py:186} INFO - Started process (PID=39534) to work on /Users/binhpham/Library/Python/3.9/lib/python/site-packages/airflow/example_dags/example_external_task_marker_dag.py
[2024-09-06T20:10:12.090-0500] {processor.py:914} INFO - Processing file /Users/binhpham/Library/Python/3.9/lib/python/site-packages/airflow/example_dags/example_external_task_marker_dag.py for tasks to queue
[2024-09-06T20:10:12.090-0500] {logging_mixin.py:190} INFO - [2024-09-06T20:10:12.090-0500] {dagbag.py:587} INFO - Filling up the DagBag from /Users/binhpham/Library/Python/3.9/lib/python/site-packages/airflow/example_dags/example_external_task_marker_dag.py
[2024-09-06T20:10:12.096-0500] {processor.py:925} INFO - DAG(s) 'example_external_task_marker_child', 'example_external_task_marker_parent' retrieved from /Users/binhpham/Library/Python/3.9/lib/python/site-packages/airflow/example_dags/example_external_task_marker_dag.py
[2024-09-06T20:10:12.375-0500] {logging_mixin.py:190} INFO - [2024-09-06T20:10:12.375-0500] {dag.py:3229} INFO - Sync 2 DAGs
[2024-09-06T20:10:12.381-0500] {logging_mixin.py:190} INFO - [2024-09-06T20:10:12.381-0500] {dag.py:4156} INFO - Setting next_dagrun for example_external_task_marker_child to None, run_after=None
[2024-09-06T20:10:12.382-0500] {logging_mixin.py:190} INFO - [2024-09-06T20:10:12.382-0500] {dag.py:4156} INFO - Setting next_dagrun for example_external_task_marker_parent to None, run_after=None
[2024-09-06T20:10:12.389-0500] {processor.py:208} INFO - Processing /Users/binhpham/Library/Python/3.9/lib/python/site-packages/airflow/example_dags/example_external_task_marker_dag.py took 0.303 seconds
[2024-09-06T20:12:53.610-0500] {processor.py:186} INFO - Started process (PID=40070) to work on /Users/binhpham/Library/Python/3.9/lib/python/site-packages/airflow/example_dags/example_external_task_marker_dag.py
[2024-09-06T20:12:53.612-0500] {processor.py:914} INFO - Processing file /Users/binhpham/Library/Python/3.9/lib/python/site-packages/airflow/example_dags/example_external_task_marker_dag.py for tasks to queue
[2024-09-06T20:12:53.613-0500] {logging_mixin.py:190} INFO - [2024-09-06T20:12:53.613-0500] {dagbag.py:587} INFO - Filling up the DagBag from /Users/binhpham/Library/Python/3.9/lib/python/site-packages/airflow/example_dags/example_external_task_marker_dag.py
[2024-09-06T20:12:53.619-0500] {processor.py:925} INFO - DAG(s) 'example_external_task_marker_child', 'example_external_task_marker_parent' retrieved from /Users/binhpham/Library/Python/3.9/lib/python/site-packages/airflow/example_dags/example_external_task_marker_dag.py
[2024-09-06T20:12:53.913-0500] {logging_mixin.py:190} INFO - [2024-09-06T20:12:53.912-0500] {dag.py:3229} INFO - Sync 2 DAGs
[2024-09-06T20:12:53.917-0500] {logging_mixin.py:190} INFO - [2024-09-06T20:12:53.917-0500] {dag.py:4156} INFO - Setting next_dagrun for example_external_task_marker_child to None, run_after=None
[2024-09-06T20:12:53.919-0500] {logging_mixin.py:190} INFO - [2024-09-06T20:12:53.919-0500] {dag.py:4156} INFO - Setting next_dagrun for example_external_task_marker_parent to None, run_after=None
[2024-09-06T20:12:53.925-0500] {processor.py:208} INFO - Processing /Users/binhpham/Library/Python/3.9/lib/python/site-packages/airflow/example_dags/example_external_task_marker_dag.py took 0.317 seconds
[2024-09-06T20:16:09.606-0500] {processor.py:186} INFO - Started process (PID=40747) to work on /Users/binhpham/Library/Python/3.9/lib/python/site-packages/airflow/example_dags/example_external_task_marker_dag.py
[2024-09-06T20:16:09.608-0500] {processor.py:914} INFO - Processing file /Users/binhpham/Library/Python/3.9/lib/python/site-packages/airflow/example_dags/example_external_task_marker_dag.py for tasks to queue
[2024-09-06T20:16:09.609-0500] {logging_mixin.py:190} INFO - [2024-09-06T20:16:09.609-0500] {dagbag.py:587} INFO - Filling up the DagBag from /Users/binhpham/Library/Python/3.9/lib/python/site-packages/airflow/example_dags/example_external_task_marker_dag.py
[2024-09-06T20:16:09.614-0500] {processor.py:925} INFO - DAG(s) 'example_external_task_marker_parent', 'example_external_task_marker_child' retrieved from /Users/binhpham/Library/Python/3.9/lib/python/site-packages/airflow/example_dags/example_external_task_marker_dag.py
[2024-09-06T20:16:09.893-0500] {logging_mixin.py:190} INFO - [2024-09-06T20:16:09.892-0500] {dag.py:3229} INFO - Sync 2 DAGs
[2024-09-06T20:16:09.898-0500] {logging_mixin.py:190} INFO - [2024-09-06T20:16:09.898-0500] {dag.py:4156} INFO - Setting next_dagrun for example_external_task_marker_child to None, run_after=None
[2024-09-06T20:16:09.900-0500] {logging_mixin.py:190} INFO - [2024-09-06T20:16:09.900-0500] {dag.py:4156} INFO - Setting next_dagrun for example_external_task_marker_parent to None, run_after=None
[2024-09-06T20:16:09.907-0500] {processor.py:208} INFO - Processing /Users/binhpham/Library/Python/3.9/lib/python/site-packages/airflow/example_dags/example_external_task_marker_dag.py took 0.303 seconds
[2024-09-06T20:23:00.328-0500] {processor.py:186} INFO - Started process (PID=42970) to work on /Users/binhpham/Library/Python/3.9/lib/python/site-packages/airflow/example_dags/example_external_task_marker_dag.py
[2024-09-06T20:23:00.330-0500] {processor.py:914} INFO - Processing file /Users/binhpham/Library/Python/3.9/lib/python/site-packages/airflow/example_dags/example_external_task_marker_dag.py for tasks to queue
[2024-09-06T20:23:00.331-0500] {logging_mixin.py:190} INFO - [2024-09-06T20:23:00.331-0500] {dagbag.py:587} INFO - Filling up the DagBag from /Users/binhpham/Library/Python/3.9/lib/python/site-packages/airflow/example_dags/example_external_task_marker_dag.py
[2024-09-06T20:23:00.336-0500] {processor.py:925} INFO - DAG(s) 'example_external_task_marker_child', 'example_external_task_marker_parent' retrieved from /Users/binhpham/Library/Python/3.9/lib/python/site-packages/airflow/example_dags/example_external_task_marker_dag.py
[2024-09-06T20:23:00.612-0500] {logging_mixin.py:190} INFO - [2024-09-06T20:23:00.612-0500] {dag.py:3229} INFO - Sync 2 DAGs
[2024-09-06T20:23:00.618-0500] {logging_mixin.py:190} INFO - [2024-09-06T20:23:00.618-0500] {dag.py:4156} INFO - Setting next_dagrun for example_external_task_marker_child to None, run_after=None
[2024-09-06T20:23:00.619-0500] {logging_mixin.py:190} INFO - [2024-09-06T20:23:00.619-0500] {dag.py:4156} INFO - Setting next_dagrun for example_external_task_marker_parent to None, run_after=None
[2024-09-06T20:23:00.627-0500] {processor.py:208} INFO - Processing /Users/binhpham/Library/Python/3.9/lib/python/site-packages/airflow/example_dags/example_external_task_marker_dag.py took 0.300 seconds
[2024-09-06T20:24:52.115-0500] {processor.py:186} INFO - Started process (PID=43308) to work on /Users/binhpham/Library/Python/3.9/lib/python/site-packages/airflow/example_dags/example_external_task_marker_dag.py
[2024-09-06T20:24:52.118-0500] {processor.py:914} INFO - Processing file /Users/binhpham/Library/Python/3.9/lib/python/site-packages/airflow/example_dags/example_external_task_marker_dag.py for tasks to queue
[2024-09-06T20:24:52.118-0500] {logging_mixin.py:190} INFO - [2024-09-06T20:24:52.118-0500] {dagbag.py:587} INFO - Filling up the DagBag from /Users/binhpham/Library/Python/3.9/lib/python/site-packages/airflow/example_dags/example_external_task_marker_dag.py
[2024-09-06T20:24:52.124-0500] {processor.py:925} INFO - DAG(s) 'example_external_task_marker_child', 'example_external_task_marker_parent' retrieved from /Users/binhpham/Library/Python/3.9/lib/python/site-packages/airflow/example_dags/example_external_task_marker_dag.py
[2024-09-06T20:24:52.391-0500] {logging_mixin.py:190} INFO - [2024-09-06T20:24:52.391-0500] {dag.py:3229} INFO - Sync 2 DAGs
[2024-09-06T20:24:52.396-0500] {logging_mixin.py:190} INFO - [2024-09-06T20:24:52.396-0500] {dag.py:4156} INFO - Setting next_dagrun for example_external_task_marker_child to None, run_after=None
[2024-09-06T20:24:52.397-0500] {logging_mixin.py:190} INFO - [2024-09-06T20:24:52.397-0500] {dag.py:4156} INFO - Setting next_dagrun for example_external_task_marker_parent to None, run_after=None
[2024-09-06T20:24:52.403-0500] {processor.py:208} INFO - Processing /Users/binhpham/Library/Python/3.9/lib/python/site-packages/airflow/example_dags/example_external_task_marker_dag.py took 0.289 seconds
[2024-09-06T20:28:05.737-0500] {processor.py:186} INFO - Started process (PID=43969) to work on /Users/binhpham/Library/Python/3.9/lib/python/site-packages/airflow/example_dags/example_external_task_marker_dag.py
[2024-09-06T20:28:05.740-0500] {processor.py:914} INFO - Processing file /Users/binhpham/Library/Python/3.9/lib/python/site-packages/airflow/example_dags/example_external_task_marker_dag.py for tasks to queue
[2024-09-06T20:28:05.740-0500] {logging_mixin.py:190} INFO - [2024-09-06T20:28:05.740-0500] {dagbag.py:587} INFO - Filling up the DagBag from /Users/binhpham/Library/Python/3.9/lib/python/site-packages/airflow/example_dags/example_external_task_marker_dag.py
[2024-09-06T20:28:05.746-0500] {processor.py:925} INFO - DAG(s) 'example_external_task_marker_parent', 'example_external_task_marker_child' retrieved from /Users/binhpham/Library/Python/3.9/lib/python/site-packages/airflow/example_dags/example_external_task_marker_dag.py
[2024-09-06T20:28:06.021-0500] {logging_mixin.py:190} INFO - [2024-09-06T20:28:06.021-0500] {dag.py:3229} INFO - Sync 2 DAGs
[2024-09-06T20:28:06.026-0500] {logging_mixin.py:190} INFO - [2024-09-06T20:28:06.026-0500] {dag.py:4156} INFO - Setting next_dagrun for example_external_task_marker_child to None, run_after=None
[2024-09-06T20:28:06.027-0500] {logging_mixin.py:190} INFO - [2024-09-06T20:28:06.027-0500] {dag.py:4156} INFO - Setting next_dagrun for example_external_task_marker_parent to None, run_after=None
[2024-09-06T20:28:06.033-0500] {processor.py:208} INFO - Processing /Users/binhpham/Library/Python/3.9/lib/python/site-packages/airflow/example_dags/example_external_task_marker_dag.py took 0.298 seconds
[2024-09-06T20:29:59.249-0500] {processor.py:186} INFO - Started process (PID=44356) to work on /Users/binhpham/Library/Python/3.9/lib/python/site-packages/airflow/example_dags/example_external_task_marker_dag.py
[2024-09-06T20:29:59.252-0500] {processor.py:914} INFO - Processing file /Users/binhpham/Library/Python/3.9/lib/python/site-packages/airflow/example_dags/example_external_task_marker_dag.py for tasks to queue
[2024-09-06T20:29:59.252-0500] {logging_mixin.py:190} INFO - [2024-09-06T20:29:59.252-0500] {dagbag.py:587} INFO - Filling up the DagBag from /Users/binhpham/Library/Python/3.9/lib/python/site-packages/airflow/example_dags/example_external_task_marker_dag.py
[2024-09-06T20:29:59.258-0500] {processor.py:925} INFO - DAG(s) 'example_external_task_marker_parent', 'example_external_task_marker_child' retrieved from /Users/binhpham/Library/Python/3.9/lib/python/site-packages/airflow/example_dags/example_external_task_marker_dag.py
[2024-09-06T20:29:59.548-0500] {logging_mixin.py:190} INFO - [2024-09-06T20:29:59.548-0500] {dag.py:3229} INFO - Sync 2 DAGs
[2024-09-06T20:29:59.553-0500] {logging_mixin.py:190} INFO - [2024-09-06T20:29:59.553-0500] {dag.py:4156} INFO - Setting next_dagrun for example_external_task_marker_child to None, run_after=None
[2024-09-06T20:29:59.554-0500] {logging_mixin.py:190} INFO - [2024-09-06T20:29:59.554-0500] {dag.py:4156} INFO - Setting next_dagrun for example_external_task_marker_parent to None, run_after=None
[2024-09-06T20:29:59.561-0500] {processor.py:208} INFO - Processing /Users/binhpham/Library/Python/3.9/lib/python/site-packages/airflow/example_dags/example_external_task_marker_dag.py took 0.313 seconds
[2024-09-06T20:32:41.130-0500] {processor.py:186} INFO - Started process (PID=44877) to work on /Users/binhpham/Library/Python/3.9/lib/python/site-packages/airflow/example_dags/example_external_task_marker_dag.py
[2024-09-06T20:32:41.132-0500] {processor.py:914} INFO - Processing file /Users/binhpham/Library/Python/3.9/lib/python/site-packages/airflow/example_dags/example_external_task_marker_dag.py for tasks to queue
[2024-09-06T20:32:41.133-0500] {logging_mixin.py:190} INFO - [2024-09-06T20:32:41.133-0500] {dagbag.py:587} INFO - Filling up the DagBag from /Users/binhpham/Library/Python/3.9/lib/python/site-packages/airflow/example_dags/example_external_task_marker_dag.py
[2024-09-06T20:32:41.138-0500] {processor.py:925} INFO - DAG(s) 'example_external_task_marker_parent', 'example_external_task_marker_child' retrieved from /Users/binhpham/Library/Python/3.9/lib/python/site-packages/airflow/example_dags/example_external_task_marker_dag.py
[2024-09-06T20:32:41.404-0500] {logging_mixin.py:190} INFO - [2024-09-06T20:32:41.404-0500] {dag.py:3229} INFO - Sync 2 DAGs
[2024-09-06T20:32:41.409-0500] {logging_mixin.py:190} INFO - [2024-09-06T20:32:41.409-0500] {dag.py:4156} INFO - Setting next_dagrun for example_external_task_marker_child to None, run_after=None
[2024-09-06T20:32:41.410-0500] {logging_mixin.py:190} INFO - [2024-09-06T20:32:41.410-0500] {dag.py:4156} INFO - Setting next_dagrun for example_external_task_marker_parent to None, run_after=None
[2024-09-06T20:32:41.416-0500] {processor.py:208} INFO - Processing /Users/binhpham/Library/Python/3.9/lib/python/site-packages/airflow/example_dags/example_external_task_marker_dag.py took 0.288 seconds
[2024-09-06T20:34:38.707-0500] {processor.py:186} INFO - Started process (PID=45261) to work on /Users/binhpham/Library/Python/3.9/lib/python/site-packages/airflow/example_dags/example_external_task_marker_dag.py
[2024-09-06T20:34:38.709-0500] {processor.py:914} INFO - Processing file /Users/binhpham/Library/Python/3.9/lib/python/site-packages/airflow/example_dags/example_external_task_marker_dag.py for tasks to queue
[2024-09-06T20:34:38.709-0500] {logging_mixin.py:190} INFO - [2024-09-06T20:34:38.709-0500] {dagbag.py:587} INFO - Filling up the DagBag from /Users/binhpham/Library/Python/3.9/lib/python/site-packages/airflow/example_dags/example_external_task_marker_dag.py
[2024-09-06T20:34:38.715-0500] {processor.py:925} INFO - DAG(s) 'example_external_task_marker_child', 'example_external_task_marker_parent' retrieved from /Users/binhpham/Library/Python/3.9/lib/python/site-packages/airflow/example_dags/example_external_task_marker_dag.py
[2024-09-06T20:34:38.979-0500] {logging_mixin.py:190} INFO - [2024-09-06T20:34:38.979-0500] {dag.py:3229} INFO - Sync 2 DAGs
[2024-09-06T20:34:38.984-0500] {logging_mixin.py:190} INFO - [2024-09-06T20:34:38.984-0500] {dag.py:4156} INFO - Setting next_dagrun for example_external_task_marker_child to None, run_after=None
[2024-09-06T20:34:38.985-0500] {logging_mixin.py:190} INFO - [2024-09-06T20:34:38.985-0500] {dag.py:4156} INFO - Setting next_dagrun for example_external_task_marker_parent to None, run_after=None
[2024-09-06T20:34:38.992-0500] {processor.py:208} INFO - Processing /Users/binhpham/Library/Python/3.9/lib/python/site-packages/airflow/example_dags/example_external_task_marker_dag.py took 0.286 seconds
[2024-09-06T20:36:30.377-0500] {processor.py:186} INFO - Started process (PID=45626) to work on /Users/binhpham/Library/Python/3.9/lib/python/site-packages/airflow/example_dags/example_external_task_marker_dag.py
[2024-09-06T20:36:30.378-0500] {processor.py:914} INFO - Processing file /Users/binhpham/Library/Python/3.9/lib/python/site-packages/airflow/example_dags/example_external_task_marker_dag.py for tasks to queue
[2024-09-06T20:36:30.379-0500] {logging_mixin.py:190} INFO - [2024-09-06T20:36:30.379-0500] {dagbag.py:587} INFO - Filling up the DagBag from /Users/binhpham/Library/Python/3.9/lib/python/site-packages/airflow/example_dags/example_external_task_marker_dag.py
[2024-09-06T20:36:30.384-0500] {processor.py:925} INFO - DAG(s) 'example_external_task_marker_parent', 'example_external_task_marker_child' retrieved from /Users/binhpham/Library/Python/3.9/lib/python/site-packages/airflow/example_dags/example_external_task_marker_dag.py
[2024-09-06T20:36:30.651-0500] {logging_mixin.py:190} INFO - [2024-09-06T20:36:30.651-0500] {dag.py:3229} INFO - Sync 2 DAGs
[2024-09-06T20:36:30.656-0500] {logging_mixin.py:190} INFO - [2024-09-06T20:36:30.656-0500] {dag.py:4156} INFO - Setting next_dagrun for example_external_task_marker_child to None, run_after=None
[2024-09-06T20:36:30.658-0500] {logging_mixin.py:190} INFO - [2024-09-06T20:36:30.657-0500] {dag.py:4156} INFO - Setting next_dagrun for example_external_task_marker_parent to None, run_after=None
[2024-09-06T20:36:30.664-0500] {processor.py:208} INFO - Processing /Users/binhpham/Library/Python/3.9/lib/python/site-packages/airflow/example_dags/example_external_task_marker_dag.py took 0.289 seconds
