[2024-09-06T19:45:54.048-0500] {processor.py:186} INFO - Started process (PID=34813) to work on /Users/binhpham/Library/Python/3.9/lib/python/site-packages/airflow/example_dags/example_latest_only_with_trigger.py
[2024-09-06T19:45:54.050-0500] {processor.py:914} INFO - Processing file /Users/binhpham/Library/Python/3.9/lib/python/site-packages/airflow/example_dags/example_latest_only_with_trigger.py for tasks to queue
[2024-09-06T19:45:54.050-0500] {logging_mixin.py:190} INFO - [2024-09-06T19:45:54.050-0500] {dagbag.py:587} INFO - Filling up the DagBag from /Users/binhpham/Library/Python/3.9/lib/python/site-packages/airflow/example_dags/example_latest_only_with_trigger.py
[2024-09-06T19:45:54.053-0500] {processor.py:925} INFO - DAG(s) 'latest_only_with_trigger' retrieved from /Users/binhpham/Library/Python/3.9/lib/python/site-packages/airflow/example_dags/example_latest_only_with_trigger.py
[2024-09-06T19:45:54.130-0500] {logging_mixin.py:190} INFO - [2024-09-06T19:45:54.130-0500] {override.py:1900} INFO - Created Permission View: can read on DAG:latest_only_with_trigger
[2024-09-06T19:45:54.134-0500] {logging_mixin.py:190} INFO - [2024-09-06T19:45:54.134-0500] {override.py:1900} INFO - Created Permission View: can edit on DAG:latest_only_with_trigger
[2024-09-06T19:45:54.137-0500] {logging_mixin.py:190} INFO - [2024-09-06T19:45:54.137-0500] {override.py:1900} INFO - Created Permission View: can delete on DAG:latest_only_with_trigger
[2024-09-06T19:45:54.140-0500] {logging_mixin.py:190} INFO - [2024-09-06T19:45:54.139-0500] {override.py:1900} INFO - Created Permission View: can read on DAG Run:latest_only_with_trigger
[2024-09-06T19:45:54.142-0500] {logging_mixin.py:190} INFO - [2024-09-06T19:45:54.142-0500] {override.py:1900} INFO - Created Permission View: can create on DAG Run:latest_only_with_trigger
[2024-09-06T19:45:54.144-0500] {logging_mixin.py:190} INFO - [2024-09-06T19:45:54.144-0500] {override.py:1900} INFO - Created Permission View: menu access on DAG Run:latest_only_with_trigger
[2024-09-06T19:45:54.146-0500] {logging_mixin.py:190} INFO - [2024-09-06T19:45:54.146-0500] {override.py:1900} INFO - Created Permission View: can delete on DAG Run:latest_only_with_trigger
[2024-09-06T19:45:54.146-0500] {logging_mixin.py:190} INFO - [2024-09-06T19:45:54.146-0500] {dag.py:3229} INFO - Sync 1 DAGs
[2024-09-06T19:45:54.151-0500] {logging_mixin.py:190} INFO - [2024-09-06T19:45:54.151-0500] {dag.py:3252} INFO - Creating ORM DAG for latest_only_with_trigger
[2024-09-06T19:45:54.157-0500] {logging_mixin.py:190} INFO - [2024-09-06T19:45:54.157-0500] {dag.py:4156} INFO - Setting next_dagrun for latest_only_with_trigger to 2024-09-06 20:00:00+00:00, run_after=2024-09-07 00:00:00+00:00
[2024-09-06T19:45:54.164-0500] {processor.py:208} INFO - Processing /Users/binhpham/Library/Python/3.9/lib/python/site-packages/airflow/example_dags/example_latest_only_with_trigger.py took 0.118 seconds
[2024-09-06T19:48:15.901-0500] {processor.py:186} INFO - Started process (PID=35371) to work on /Users/binhpham/Library/Python/3.9/lib/python/site-packages/airflow/example_dags/example_latest_only_with_trigger.py
[2024-09-06T19:48:15.903-0500] {processor.py:914} INFO - Processing file /Users/binhpham/Library/Python/3.9/lib/python/site-packages/airflow/example_dags/example_latest_only_with_trigger.py for tasks to queue
[2024-09-06T19:48:15.903-0500] {logging_mixin.py:190} INFO - [2024-09-06T19:48:15.903-0500] {dagbag.py:587} INFO - Filling up the DagBag from /Users/binhpham/Library/Python/3.9/lib/python/site-packages/airflow/example_dags/example_latest_only_with_trigger.py
[2024-09-06T19:48:15.907-0500] {processor.py:925} INFO - DAG(s) 'latest_only_with_trigger' retrieved from /Users/binhpham/Library/Python/3.9/lib/python/site-packages/airflow/example_dags/example_latest_only_with_trigger.py
[2024-09-06T19:48:15.949-0500] {logging_mixin.py:190} INFO - [2024-09-06T19:48:15.949-0500] {dag.py:3229} INFO - Sync 1 DAGs
[2024-09-06T19:48:15.959-0500] {logging_mixin.py:190} INFO - [2024-09-06T19:48:15.959-0500] {dag.py:4156} INFO - Setting next_dagrun for latest_only_with_trigger to 2024-09-06 20:00:00+00:00, run_after=2024-09-07 00:00:00+00:00
[2024-09-06T19:48:15.967-0500] {processor.py:208} INFO - Processing /Users/binhpham/Library/Python/3.9/lib/python/site-packages/airflow/example_dags/example_latest_only_with_trigger.py took 0.067 seconds
[2024-09-06T19:50:07.112-0500] {processor.py:186} INFO - Started process (PID=35722) to work on /Users/binhpham/Library/Python/3.9/lib/python/site-packages/airflow/example_dags/example_latest_only_with_trigger.py
[2024-09-06T19:50:07.114-0500] {processor.py:914} INFO - Processing file /Users/binhpham/Library/Python/3.9/lib/python/site-packages/airflow/example_dags/example_latest_only_with_trigger.py for tasks to queue
[2024-09-06T19:50:07.114-0500] {logging_mixin.py:190} INFO - [2024-09-06T19:50:07.114-0500] {dagbag.py:587} INFO - Filling up the DagBag from /Users/binhpham/Library/Python/3.9/lib/python/site-packages/airflow/example_dags/example_latest_only_with_trigger.py
[2024-09-06T19:50:07.117-0500] {processor.py:925} INFO - DAG(s) 'latest_only_with_trigger' retrieved from /Users/binhpham/Library/Python/3.9/lib/python/site-packages/airflow/example_dags/example_latest_only_with_trigger.py
[2024-09-06T19:50:07.164-0500] {logging_mixin.py:190} INFO - [2024-09-06T19:50:07.164-0500] {dag.py:3229} INFO - Sync 1 DAGs
[2024-09-06T19:50:07.174-0500] {logging_mixin.py:190} INFO - [2024-09-06T19:50:07.174-0500] {dag.py:4156} INFO - Setting next_dagrun for latest_only_with_trigger to 2024-09-06 20:00:00+00:00, run_after=2024-09-07 00:00:00+00:00
[2024-09-06T19:50:07.182-0500] {processor.py:208} INFO - Processing /Users/binhpham/Library/Python/3.9/lib/python/site-packages/airflow/example_dags/example_latest_only_with_trigger.py took 0.072 seconds
[2024-09-06T19:52:49.126-0500] {processor.py:186} INFO - Started process (PID=36231) to work on /Users/binhpham/Library/Python/3.9/lib/python/site-packages/airflow/example_dags/example_latest_only_with_trigger.py
[2024-09-06T19:52:49.128-0500] {processor.py:914} INFO - Processing file /Users/binhpham/Library/Python/3.9/lib/python/site-packages/airflow/example_dags/example_latest_only_with_trigger.py for tasks to queue
[2024-09-06T19:52:49.128-0500] {logging_mixin.py:190} INFO - [2024-09-06T19:52:49.128-0500] {dagbag.py:587} INFO - Filling up the DagBag from /Users/binhpham/Library/Python/3.9/lib/python/site-packages/airflow/example_dags/example_latest_only_with_trigger.py
[2024-09-06T19:52:49.132-0500] {processor.py:925} INFO - DAG(s) 'latest_only_with_trigger' retrieved from /Users/binhpham/Library/Python/3.9/lib/python/site-packages/airflow/example_dags/example_latest_only_with_trigger.py
[2024-09-06T19:52:49.176-0500] {logging_mixin.py:190} INFO - [2024-09-06T19:52:49.176-0500] {dag.py:3229} INFO - Sync 1 DAGs
[2024-09-06T19:52:49.186-0500] {logging_mixin.py:190} INFO - [2024-09-06T19:52:49.185-0500] {dag.py:4156} INFO - Setting next_dagrun for latest_only_with_trigger to 2024-09-06 20:00:00+00:00, run_after=2024-09-07 00:00:00+00:00
[2024-09-06T19:52:49.193-0500] {processor.py:208} INFO - Processing /Users/binhpham/Library/Python/3.9/lib/python/site-packages/airflow/example_dags/example_latest_only_with_trigger.py took 0.069 seconds
[2024-09-06T19:54:38.676-0500] {processor.py:186} INFO - Started process (PID=36645) to work on /Users/binhpham/Library/Python/3.9/lib/python/site-packages/airflow/example_dags/example_latest_only_with_trigger.py
[2024-09-06T19:54:38.678-0500] {processor.py:914} INFO - Processing file /Users/binhpham/Library/Python/3.9/lib/python/site-packages/airflow/example_dags/example_latest_only_with_trigger.py for tasks to queue
[2024-09-06T19:54:38.678-0500] {logging_mixin.py:190} INFO - [2024-09-06T19:54:38.678-0500] {dagbag.py:587} INFO - Filling up the DagBag from /Users/binhpham/Library/Python/3.9/lib/python/site-packages/airflow/example_dags/example_latest_only_with_trigger.py
[2024-09-06T19:54:38.682-0500] {processor.py:925} INFO - DAG(s) 'latest_only_with_trigger' retrieved from /Users/binhpham/Library/Python/3.9/lib/python/site-packages/airflow/example_dags/example_latest_only_with_trigger.py
[2024-09-06T19:54:38.732-0500] {logging_mixin.py:190} INFO - [2024-09-06T19:54:38.732-0500] {dag.py:3229} INFO - Sync 1 DAGs
[2024-09-06T19:54:38.742-0500] {logging_mixin.py:190} INFO - [2024-09-06T19:54:38.742-0500] {dag.py:4156} INFO - Setting next_dagrun for latest_only_with_trigger to 2024-09-06 20:00:00+00:00, run_after=2024-09-07 00:00:00+00:00
[2024-09-06T19:54:38.751-0500] {processor.py:208} INFO - Processing /Users/binhpham/Library/Python/3.9/lib/python/site-packages/airflow/example_dags/example_latest_only_with_trigger.py took 0.077 seconds
[2024-09-06T19:56:30.366-0500] {processor.py:186} INFO - Started process (PID=36994) to work on /Users/binhpham/Library/Python/3.9/lib/python/site-packages/airflow/example_dags/example_latest_only_with_trigger.py
[2024-09-06T19:56:30.368-0500] {processor.py:914} INFO - Processing file /Users/binhpham/Library/Python/3.9/lib/python/site-packages/airflow/example_dags/example_latest_only_with_trigger.py for tasks to queue
[2024-09-06T19:56:30.369-0500] {logging_mixin.py:190} INFO - [2024-09-06T19:56:30.369-0500] {dagbag.py:587} INFO - Filling up the DagBag from /Users/binhpham/Library/Python/3.9/lib/python/site-packages/airflow/example_dags/example_latest_only_with_trigger.py
[2024-09-06T19:56:30.373-0500] {processor.py:925} INFO - DAG(s) 'latest_only_with_trigger' retrieved from /Users/binhpham/Library/Python/3.9/lib/python/site-packages/airflow/example_dags/example_latest_only_with_trigger.py
[2024-09-06T19:56:30.420-0500] {logging_mixin.py:190} INFO - [2024-09-06T19:56:30.420-0500] {dag.py:3229} INFO - Sync 1 DAGs
[2024-09-06T19:56:30.430-0500] {logging_mixin.py:190} INFO - [2024-09-06T19:56:30.430-0500] {dag.py:4156} INFO - Setting next_dagrun for latest_only_with_trigger to 2024-09-06 20:00:00+00:00, run_after=2024-09-07 00:00:00+00:00
[2024-09-06T19:56:30.438-0500] {processor.py:208} INFO - Processing /Users/binhpham/Library/Python/3.9/lib/python/site-packages/airflow/example_dags/example_latest_only_with_trigger.py took 0.073 seconds
[2024-09-06T19:59:14.567-0500] {processor.py:186} INFO - Started process (PID=37494) to work on /Users/binhpham/Library/Python/3.9/lib/python/site-packages/airflow/example_dags/example_latest_only_with_trigger.py
[2024-09-06T19:59:14.570-0500] {processor.py:914} INFO - Processing file /Users/binhpham/Library/Python/3.9/lib/python/site-packages/airflow/example_dags/example_latest_only_with_trigger.py for tasks to queue
[2024-09-06T19:59:14.570-0500] {logging_mixin.py:190} INFO - [2024-09-06T19:59:14.570-0500] {dagbag.py:587} INFO - Filling up the DagBag from /Users/binhpham/Library/Python/3.9/lib/python/site-packages/airflow/example_dags/example_latest_only_with_trigger.py
[2024-09-06T19:59:14.574-0500] {processor.py:925} INFO - DAG(s) 'latest_only_with_trigger' retrieved from /Users/binhpham/Library/Python/3.9/lib/python/site-packages/airflow/example_dags/example_latest_only_with_trigger.py
[2024-09-06T19:59:14.619-0500] {logging_mixin.py:190} INFO - [2024-09-06T19:59:14.619-0500] {dag.py:3229} INFO - Sync 1 DAGs
[2024-09-06T19:59:14.630-0500] {logging_mixin.py:190} INFO - [2024-09-06T19:59:14.630-0500] {dag.py:4156} INFO - Setting next_dagrun for latest_only_with_trigger to 2024-09-06 20:00:00+00:00, run_after=2024-09-07 00:00:00+00:00
[2024-09-06T19:59:14.638-0500] {processor.py:208} INFO - Processing /Users/binhpham/Library/Python/3.9/lib/python/site-packages/airflow/example_dags/example_latest_only_with_trigger.py took 0.072 seconds
[2024-09-06T20:01:56.820-0500] {processor.py:186} INFO - Started process (PID=37998) to work on /Users/binhpham/Library/Python/3.9/lib/python/site-packages/airflow/example_dags/example_latest_only_with_trigger.py
[2024-09-06T20:01:56.822-0500] {processor.py:914} INFO - Processing file /Users/binhpham/Library/Python/3.9/lib/python/site-packages/airflow/example_dags/example_latest_only_with_trigger.py for tasks to queue
[2024-09-06T20:01:56.823-0500] {logging_mixin.py:190} INFO - [2024-09-06T20:01:56.823-0500] {dagbag.py:587} INFO - Filling up the DagBag from /Users/binhpham/Library/Python/3.9/lib/python/site-packages/airflow/example_dags/example_latest_only_with_trigger.py
[2024-09-06T20:01:56.827-0500] {processor.py:925} INFO - DAG(s) 'latest_only_with_trigger' retrieved from /Users/binhpham/Library/Python/3.9/lib/python/site-packages/airflow/example_dags/example_latest_only_with_trigger.py
[2024-09-06T20:01:56.874-0500] {logging_mixin.py:190} INFO - [2024-09-06T20:01:56.874-0500] {dag.py:3229} INFO - Sync 1 DAGs
[2024-09-06T20:01:56.884-0500] {logging_mixin.py:190} INFO - [2024-09-06T20:01:56.884-0500] {dag.py:4156} INFO - Setting next_dagrun for latest_only_with_trigger to 2024-09-06 20:00:00+00:00, run_after=2024-09-07 00:00:00+00:00
[2024-09-06T20:01:56.893-0500] {processor.py:208} INFO - Processing /Users/binhpham/Library/Python/3.9/lib/python/site-packages/airflow/example_dags/example_latest_only_with_trigger.py took 0.075 seconds
[2024-09-06T20:04:34.774-0500] {processor.py:186} INFO - Started process (PID=38485) to work on /Users/binhpham/Library/Python/3.9/lib/python/site-packages/airflow/example_dags/example_latest_only_with_trigger.py
[2024-09-06T20:04:34.777-0500] {processor.py:914} INFO - Processing file /Users/binhpham/Library/Python/3.9/lib/python/site-packages/airflow/example_dags/example_latest_only_with_trigger.py for tasks to queue
[2024-09-06T20:04:34.777-0500] {logging_mixin.py:190} INFO - [2024-09-06T20:04:34.777-0500] {dagbag.py:587} INFO - Filling up the DagBag from /Users/binhpham/Library/Python/3.9/lib/python/site-packages/airflow/example_dags/example_latest_only_with_trigger.py
[2024-09-06T20:04:34.781-0500] {processor.py:925} INFO - DAG(s) 'latest_only_with_trigger' retrieved from /Users/binhpham/Library/Python/3.9/lib/python/site-packages/airflow/example_dags/example_latest_only_with_trigger.py
[2024-09-06T20:04:34.826-0500] {logging_mixin.py:190} INFO - [2024-09-06T20:04:34.826-0500] {dag.py:3229} INFO - Sync 1 DAGs
[2024-09-06T20:04:34.836-0500] {logging_mixin.py:190} INFO - [2024-09-06T20:04:34.836-0500] {dag.py:4156} INFO - Setting next_dagrun for latest_only_with_trigger to 2024-09-06 20:00:00+00:00, run_after=2024-09-07 00:00:00+00:00
[2024-09-06T20:04:34.845-0500] {processor.py:208} INFO - Processing /Users/binhpham/Library/Python/3.9/lib/python/site-packages/airflow/example_dags/example_latest_only_with_trigger.py took 0.072 seconds
[2024-09-06T20:07:17.739-0500] {processor.py:186} INFO - Started process (PID=38978) to work on /Users/binhpham/Library/Python/3.9/lib/python/site-packages/airflow/example_dags/example_latest_only_with_trigger.py
[2024-09-06T20:07:17.741-0500] {processor.py:914} INFO - Processing file /Users/binhpham/Library/Python/3.9/lib/python/site-packages/airflow/example_dags/example_latest_only_with_trigger.py for tasks to queue
[2024-09-06T20:07:17.742-0500] {logging_mixin.py:190} INFO - [2024-09-06T20:07:17.742-0500] {dagbag.py:587} INFO - Filling up the DagBag from /Users/binhpham/Library/Python/3.9/lib/python/site-packages/airflow/example_dags/example_latest_only_with_trigger.py
[2024-09-06T20:07:17.745-0500] {processor.py:925} INFO - DAG(s) 'latest_only_with_trigger' retrieved from /Users/binhpham/Library/Python/3.9/lib/python/site-packages/airflow/example_dags/example_latest_only_with_trigger.py
[2024-09-06T20:07:17.788-0500] {logging_mixin.py:190} INFO - [2024-09-06T20:07:17.788-0500] {dag.py:3229} INFO - Sync 1 DAGs
[2024-09-06T20:07:17.797-0500] {logging_mixin.py:190} INFO - [2024-09-06T20:07:17.797-0500] {dag.py:4156} INFO - Setting next_dagrun for latest_only_with_trigger to 2024-09-06 20:00:00+00:00, run_after=2024-09-07 00:00:00+00:00
[2024-09-06T20:07:17.806-0500] {processor.py:208} INFO - Processing /Users/binhpham/Library/Python/3.9/lib/python/site-packages/airflow/example_dags/example_latest_only_with_trigger.py took 0.068 seconds
[2024-09-06T20:10:04.581-0500] {processor.py:186} INFO - Started process (PID=39510) to work on /Users/binhpham/Library/Python/3.9/lib/python/site-packages/airflow/example_dags/example_latest_only_with_trigger.py
[2024-09-06T20:10:04.583-0500] {processor.py:914} INFO - Processing file /Users/binhpham/Library/Python/3.9/lib/python/site-packages/airflow/example_dags/example_latest_only_with_trigger.py for tasks to queue
[2024-09-06T20:10:04.583-0500] {logging_mixin.py:190} INFO - [2024-09-06T20:10:04.583-0500] {dagbag.py:587} INFO - Filling up the DagBag from /Users/binhpham/Library/Python/3.9/lib/python/site-packages/airflow/example_dags/example_latest_only_with_trigger.py
[2024-09-06T20:10:04.587-0500] {processor.py:925} INFO - DAG(s) 'latest_only_with_trigger' retrieved from /Users/binhpham/Library/Python/3.9/lib/python/site-packages/airflow/example_dags/example_latest_only_with_trigger.py
[2024-09-06T20:10:04.630-0500] {logging_mixin.py:190} INFO - [2024-09-06T20:10:04.630-0500] {dag.py:3229} INFO - Sync 1 DAGs
[2024-09-06T20:10:04.640-0500] {logging_mixin.py:190} INFO - [2024-09-06T20:10:04.640-0500] {dag.py:4156} INFO - Setting next_dagrun for latest_only_with_trigger to 2024-09-06 20:00:00+00:00, run_after=2024-09-07 00:00:00+00:00
[2024-09-06T20:10:04.647-0500] {processor.py:208} INFO - Processing /Users/binhpham/Library/Python/3.9/lib/python/site-packages/airflow/example_dags/example_latest_only_with_trigger.py took 0.068 seconds
[2024-09-06T20:12:45.329-0500] {processor.py:186} INFO - Started process (PID=40042) to work on /Users/binhpham/Library/Python/3.9/lib/python/site-packages/airflow/example_dags/example_latest_only_with_trigger.py
[2024-09-06T20:12:45.330-0500] {processor.py:914} INFO - Processing file /Users/binhpham/Library/Python/3.9/lib/python/site-packages/airflow/example_dags/example_latest_only_with_trigger.py for tasks to queue
[2024-09-06T20:12:45.331-0500] {logging_mixin.py:190} INFO - [2024-09-06T20:12:45.331-0500] {dagbag.py:587} INFO - Filling up the DagBag from /Users/binhpham/Library/Python/3.9/lib/python/site-packages/airflow/example_dags/example_latest_only_with_trigger.py
[2024-09-06T20:12:45.334-0500] {processor.py:925} INFO - DAG(s) 'latest_only_with_trigger' retrieved from /Users/binhpham/Library/Python/3.9/lib/python/site-packages/airflow/example_dags/example_latest_only_with_trigger.py
[2024-09-06T20:12:45.376-0500] {logging_mixin.py:190} INFO - [2024-09-06T20:12:45.376-0500] {dag.py:3229} INFO - Sync 1 DAGs
[2024-09-06T20:12:45.386-0500] {logging_mixin.py:190} INFO - [2024-09-06T20:12:45.386-0500] {dag.py:4156} INFO - Setting next_dagrun for latest_only_with_trigger to 2024-09-06 20:00:00+00:00, run_after=2024-09-07 00:00:00+00:00
[2024-09-06T20:12:45.394-0500] {processor.py:208} INFO - Processing /Users/binhpham/Library/Python/3.9/lib/python/site-packages/airflow/example_dags/example_latest_only_with_trigger.py took 0.066 seconds
[2024-09-06T20:16:01.778-0500] {processor.py:186} INFO - Started process (PID=40722) to work on /Users/binhpham/Library/Python/3.9/lib/python/site-packages/airflow/example_dags/example_latest_only_with_trigger.py
[2024-09-06T20:16:01.780-0500] {processor.py:914} INFO - Processing file /Users/binhpham/Library/Python/3.9/lib/python/site-packages/airflow/example_dags/example_latest_only_with_trigger.py for tasks to queue
[2024-09-06T20:16:01.781-0500] {logging_mixin.py:190} INFO - [2024-09-06T20:16:01.781-0500] {dagbag.py:587} INFO - Filling up the DagBag from /Users/binhpham/Library/Python/3.9/lib/python/site-packages/airflow/example_dags/example_latest_only_with_trigger.py
[2024-09-06T20:16:01.785-0500] {processor.py:925} INFO - DAG(s) 'latest_only_with_trigger' retrieved from /Users/binhpham/Library/Python/3.9/lib/python/site-packages/airflow/example_dags/example_latest_only_with_trigger.py
[2024-09-06T20:16:01.832-0500] {logging_mixin.py:190} INFO - [2024-09-06T20:16:01.832-0500] {dag.py:3229} INFO - Sync 1 DAGs
[2024-09-06T20:16:01.842-0500] {logging_mixin.py:190} INFO - [2024-09-06T20:16:01.842-0500] {dag.py:4156} INFO - Setting next_dagrun for latest_only_with_trigger to 2024-09-06 20:00:00+00:00, run_after=2024-09-07 00:00:00+00:00
[2024-09-06T20:16:01.851-0500] {processor.py:208} INFO - Processing /Users/binhpham/Library/Python/3.9/lib/python/site-packages/airflow/example_dags/example_latest_only_with_trigger.py took 0.075 seconds
[2024-09-06T20:22:52.521-0500] {processor.py:186} INFO - Started process (PID=42945) to work on /Users/binhpham/Library/Python/3.9/lib/python/site-packages/airflow/example_dags/example_latest_only_with_trigger.py
[2024-09-06T20:22:52.524-0500] {processor.py:914} INFO - Processing file /Users/binhpham/Library/Python/3.9/lib/python/site-packages/airflow/example_dags/example_latest_only_with_trigger.py for tasks to queue
[2024-09-06T20:22:52.524-0500] {logging_mixin.py:190} INFO - [2024-09-06T20:22:52.524-0500] {dagbag.py:587} INFO - Filling up the DagBag from /Users/binhpham/Library/Python/3.9/lib/python/site-packages/airflow/example_dags/example_latest_only_with_trigger.py
[2024-09-06T20:22:52.528-0500] {processor.py:925} INFO - DAG(s) 'latest_only_with_trigger' retrieved from /Users/binhpham/Library/Python/3.9/lib/python/site-packages/airflow/example_dags/example_latest_only_with_trigger.py
[2024-09-06T20:22:52.574-0500] {logging_mixin.py:190} INFO - [2024-09-06T20:22:52.574-0500] {dag.py:3229} INFO - Sync 1 DAGs
[2024-09-06T20:22:52.584-0500] {logging_mixin.py:190} INFO - [2024-09-06T20:22:52.584-0500] {dag.py:4156} INFO - Setting next_dagrun for latest_only_with_trigger to 2024-09-06 20:00:00+00:00, run_after=2024-09-07 00:00:00+00:00
[2024-09-06T20:22:52.593-0500] {processor.py:208} INFO - Processing /Users/binhpham/Library/Python/3.9/lib/python/site-packages/airflow/example_dags/example_latest_only_with_trigger.py took 0.073 seconds
[2024-09-06T20:24:44.053-0500] {processor.py:186} INFO - Started process (PID=43285) to work on /Users/binhpham/Library/Python/3.9/lib/python/site-packages/airflow/example_dags/example_latest_only_with_trigger.py
[2024-09-06T20:24:44.055-0500] {processor.py:914} INFO - Processing file /Users/binhpham/Library/Python/3.9/lib/python/site-packages/airflow/example_dags/example_latest_only_with_trigger.py for tasks to queue
[2024-09-06T20:24:44.055-0500] {logging_mixin.py:190} INFO - [2024-09-06T20:24:44.055-0500] {dagbag.py:587} INFO - Filling up the DagBag from /Users/binhpham/Library/Python/3.9/lib/python/site-packages/airflow/example_dags/example_latest_only_with_trigger.py
[2024-09-06T20:24:44.059-0500] {processor.py:925} INFO - DAG(s) 'latest_only_with_trigger' retrieved from /Users/binhpham/Library/Python/3.9/lib/python/site-packages/airflow/example_dags/example_latest_only_with_trigger.py
[2024-09-06T20:24:44.102-0500] {logging_mixin.py:190} INFO - [2024-09-06T20:24:44.102-0500] {dag.py:3229} INFO - Sync 1 DAGs
[2024-09-06T20:24:44.112-0500] {logging_mixin.py:190} INFO - [2024-09-06T20:24:44.112-0500] {dag.py:4156} INFO - Setting next_dagrun for latest_only_with_trigger to 2024-09-06 20:00:00+00:00, run_after=2024-09-07 00:00:00+00:00
[2024-09-06T20:24:44.120-0500] {processor.py:208} INFO - Processing /Users/binhpham/Library/Python/3.9/lib/python/site-packages/airflow/example_dags/example_latest_only_with_trigger.py took 0.068 seconds
[2024-09-06T20:27:57.770-0500] {processor.py:186} INFO - Started process (PID=43945) to work on /Users/binhpham/Library/Python/3.9/lib/python/site-packages/airflow/example_dags/example_latest_only_with_trigger.py
[2024-09-06T20:27:57.772-0500] {processor.py:914} INFO - Processing file /Users/binhpham/Library/Python/3.9/lib/python/site-packages/airflow/example_dags/example_latest_only_with_trigger.py for tasks to queue
[2024-09-06T20:27:57.772-0500] {logging_mixin.py:190} INFO - [2024-09-06T20:27:57.772-0500] {dagbag.py:587} INFO - Filling up the DagBag from /Users/binhpham/Library/Python/3.9/lib/python/site-packages/airflow/example_dags/example_latest_only_with_trigger.py
[2024-09-06T20:27:57.776-0500] {processor.py:925} INFO - DAG(s) 'latest_only_with_trigger' retrieved from /Users/binhpham/Library/Python/3.9/lib/python/site-packages/airflow/example_dags/example_latest_only_with_trigger.py
[2024-09-06T20:27:57.821-0500] {logging_mixin.py:190} INFO - [2024-09-06T20:27:57.820-0500] {dag.py:3229} INFO - Sync 1 DAGs
[2024-09-06T20:27:57.831-0500] {logging_mixin.py:190} INFO - [2024-09-06T20:27:57.831-0500] {dag.py:4156} INFO - Setting next_dagrun for latest_only_with_trigger to 2024-09-06 20:00:00+00:00, run_after=2024-09-07 00:00:00+00:00
[2024-09-06T20:27:57.838-0500] {processor.py:208} INFO - Processing /Users/binhpham/Library/Python/3.9/lib/python/site-packages/airflow/example_dags/example_latest_only_with_trigger.py took 0.069 seconds
[2024-09-06T20:29:51.173-0500] {processor.py:186} INFO - Started process (PID=44332) to work on /Users/binhpham/Library/Python/3.9/lib/python/site-packages/airflow/example_dags/example_latest_only_with_trigger.py
[2024-09-06T20:29:51.176-0500] {processor.py:914} INFO - Processing file /Users/binhpham/Library/Python/3.9/lib/python/site-packages/airflow/example_dags/example_latest_only_with_trigger.py for tasks to queue
[2024-09-06T20:29:51.177-0500] {logging_mixin.py:190} INFO - [2024-09-06T20:29:51.176-0500] {dagbag.py:587} INFO - Filling up the DagBag from /Users/binhpham/Library/Python/3.9/lib/python/site-packages/airflow/example_dags/example_latest_only_with_trigger.py
[2024-09-06T20:29:51.180-0500] {processor.py:925} INFO - DAG(s) 'latest_only_with_trigger' retrieved from /Users/binhpham/Library/Python/3.9/lib/python/site-packages/airflow/example_dags/example_latest_only_with_trigger.py
[2024-09-06T20:29:51.222-0500] {logging_mixin.py:190} INFO - [2024-09-06T20:29:51.222-0500] {dag.py:3229} INFO - Sync 1 DAGs
[2024-09-06T20:29:51.236-0500] {logging_mixin.py:190} INFO - [2024-09-06T20:29:51.236-0500] {dag.py:4156} INFO - Setting next_dagrun for latest_only_with_trigger to 2024-09-06 20:00:00+00:00, run_after=2024-09-07 00:00:00+00:00
[2024-09-06T20:29:51.249-0500] {processor.py:208} INFO - Processing /Users/binhpham/Library/Python/3.9/lib/python/site-packages/airflow/example_dags/example_latest_only_with_trigger.py took 0.077 seconds
[2024-09-06T20:32:33.159-0500] {processor.py:186} INFO - Started process (PID=44851) to work on /Users/binhpham/Library/Python/3.9/lib/python/site-packages/airflow/example_dags/example_latest_only_with_trigger.py
[2024-09-06T20:32:33.161-0500] {processor.py:914} INFO - Processing file /Users/binhpham/Library/Python/3.9/lib/python/site-packages/airflow/example_dags/example_latest_only_with_trigger.py for tasks to queue
[2024-09-06T20:32:33.161-0500] {logging_mixin.py:190} INFO - [2024-09-06T20:32:33.161-0500] {dagbag.py:587} INFO - Filling up the DagBag from /Users/binhpham/Library/Python/3.9/lib/python/site-packages/airflow/example_dags/example_latest_only_with_trigger.py
[2024-09-06T20:32:33.165-0500] {processor.py:925} INFO - DAG(s) 'latest_only_with_trigger' retrieved from /Users/binhpham/Library/Python/3.9/lib/python/site-packages/airflow/example_dags/example_latest_only_with_trigger.py
[2024-09-06T20:32:33.211-0500] {logging_mixin.py:190} INFO - [2024-09-06T20:32:33.210-0500] {dag.py:3229} INFO - Sync 1 DAGs
[2024-09-06T20:32:33.221-0500] {logging_mixin.py:190} INFO - [2024-09-06T20:32:33.221-0500] {dag.py:4156} INFO - Setting next_dagrun for latest_only_with_trigger to 2024-09-06 20:00:00+00:00, run_after=2024-09-07 00:00:00+00:00
[2024-09-06T20:32:33.229-0500] {processor.py:208} INFO - Processing /Users/binhpham/Library/Python/3.9/lib/python/site-packages/airflow/example_dags/example_latest_only_with_trigger.py took 0.071 seconds
[2024-09-06T20:34:30.433-0500] {processor.py:186} INFO - Started process (PID=45237) to work on /Users/binhpham/Library/Python/3.9/lib/python/site-packages/airflow/example_dags/example_latest_only_with_trigger.py
[2024-09-06T20:34:30.436-0500] {processor.py:914} INFO - Processing file /Users/binhpham/Library/Python/3.9/lib/python/site-packages/airflow/example_dags/example_latest_only_with_trigger.py for tasks to queue
[2024-09-06T20:34:30.436-0500] {logging_mixin.py:190} INFO - [2024-09-06T20:34:30.436-0500] {dagbag.py:587} INFO - Filling up the DagBag from /Users/binhpham/Library/Python/3.9/lib/python/site-packages/airflow/example_dags/example_latest_only_with_trigger.py
[2024-09-06T20:34:30.439-0500] {processor.py:925} INFO - DAG(s) 'latest_only_with_trigger' retrieved from /Users/binhpham/Library/Python/3.9/lib/python/site-packages/airflow/example_dags/example_latest_only_with_trigger.py
[2024-09-06T20:34:30.483-0500] {logging_mixin.py:190} INFO - [2024-09-06T20:34:30.483-0500] {dag.py:3229} INFO - Sync 1 DAGs
[2024-09-06T20:34:30.493-0500] {logging_mixin.py:190} INFO - [2024-09-06T20:34:30.493-0500] {dag.py:4156} INFO - Setting next_dagrun for latest_only_with_trigger to 2024-09-06 20:00:00+00:00, run_after=2024-09-07 00:00:00+00:00
[2024-09-06T20:34:30.501-0500] {processor.py:208} INFO - Processing /Users/binhpham/Library/Python/3.9/lib/python/site-packages/airflow/example_dags/example_latest_only_with_trigger.py took 0.069 seconds
[2024-09-06T20:36:22.734-0500] {processor.py:186} INFO - Started process (PID=45605) to work on /Users/binhpham/Library/Python/3.9/lib/python/site-packages/airflow/example_dags/example_latest_only_with_trigger.py
[2024-09-06T20:36:22.737-0500] {processor.py:914} INFO - Processing file /Users/binhpham/Library/Python/3.9/lib/python/site-packages/airflow/example_dags/example_latest_only_with_trigger.py for tasks to queue
[2024-09-06T20:36:22.737-0500] {logging_mixin.py:190} INFO - [2024-09-06T20:36:22.737-0500] {dagbag.py:587} INFO - Filling up the DagBag from /Users/binhpham/Library/Python/3.9/lib/python/site-packages/airflow/example_dags/example_latest_only_with_trigger.py
[2024-09-06T20:36:22.741-0500] {processor.py:925} INFO - DAG(s) 'latest_only_with_trigger' retrieved from /Users/binhpham/Library/Python/3.9/lib/python/site-packages/airflow/example_dags/example_latest_only_with_trigger.py
[2024-09-06T20:36:22.784-0500] {logging_mixin.py:190} INFO - [2024-09-06T20:36:22.784-0500] {dag.py:3229} INFO - Sync 1 DAGs
[2024-09-06T20:36:22.796-0500] {logging_mixin.py:190} INFO - [2024-09-06T20:36:22.796-0500] {dag.py:4156} INFO - Setting next_dagrun for latest_only_with_trigger to 2024-09-06 20:00:00+00:00, run_after=2024-09-07 00:00:00+00:00
[2024-09-06T20:36:22.804-0500] {processor.py:208} INFO - Processing /Users/binhpham/Library/Python/3.9/lib/python/site-packages/airflow/example_dags/example_latest_only_with_trigger.py took 0.072 seconds
