[2024-09-06T19:44:03.282-0500] {processor.py:186} INFO - Started process (PID=34342) to work on /Users/binhpham/Library/Python/3.9/lib/python/site-packages/airflow/example_dags/example_trigger_target_dag.py
[2024-09-06T19:44:03.284-0500] {processor.py:914} INFO - Processing file /Users/binhpham/Library/Python/3.9/lib/python/site-packages/airflow/example_dags/example_trigger_target_dag.py for tasks to queue
[2024-09-06T19:44:03.284-0500] {logging_mixin.py:190} INFO - [2024-09-06T19:44:03.284-0500] {dagbag.py:587} INFO - Filling up the DagBag from /Users/binhpham/Library/Python/3.9/lib/python/site-packages/airflow/example_dags/example_trigger_target_dag.py
[2024-09-06T19:44:03.299-0500] {processor.py:925} INFO - DAG(s) 'example_trigger_target_dag' retrieved from /Users/binhpham/Library/Python/3.9/lib/python/site-packages/airflow/example_dags/example_trigger_target_dag.py
[2024-09-06T19:44:03.375-0500] {logging_mixin.py:190} INFO - [2024-09-06T19:44:03.375-0500] {override.py:1900} INFO - Created Permission View: can edit on DAG:example_trigger_target_dag
[2024-09-06T19:44:03.379-0500] {logging_mixin.py:190} INFO - [2024-09-06T19:44:03.379-0500] {override.py:1900} INFO - Created Permission View: can delete on DAG:example_trigger_target_dag
[2024-09-06T19:44:03.381-0500] {logging_mixin.py:190} INFO - [2024-09-06T19:44:03.381-0500] {override.py:1900} INFO - Created Permission View: can read on DAG:example_trigger_target_dag
[2024-09-06T19:44:03.384-0500] {logging_mixin.py:190} INFO - [2024-09-06T19:44:03.384-0500] {override.py:1900} INFO - Created Permission View: menu access on DAG Run:example_trigger_target_dag
[2024-09-06T19:44:03.386-0500] {logging_mixin.py:190} INFO - [2024-09-06T19:44:03.386-0500] {override.py:1900} INFO - Created Permission View: can create on DAG Run:example_trigger_target_dag
[2024-09-06T19:44:03.388-0500] {logging_mixin.py:190} INFO - [2024-09-06T19:44:03.388-0500] {override.py:1900} INFO - Created Permission View: can delete on DAG Run:example_trigger_target_dag
[2024-09-06T19:44:03.390-0500] {logging_mixin.py:190} INFO - [2024-09-06T19:44:03.390-0500] {override.py:1900} INFO - Created Permission View: can read on DAG Run:example_trigger_target_dag
[2024-09-06T19:44:03.390-0500] {logging_mixin.py:190} INFO - [2024-09-06T19:44:03.390-0500] {dag.py:3229} INFO - Sync 1 DAGs
[2024-09-06T19:44:03.395-0500] {logging_mixin.py:190} INFO - [2024-09-06T19:44:03.395-0500] {dag.py:3252} INFO - Creating ORM DAG for example_trigger_target_dag
[2024-09-06T19:44:03.396-0500] {logging_mixin.py:190} INFO - [2024-09-06T19:44:03.395-0500] {dag.py:4156} INFO - Setting next_dagrun for example_trigger_target_dag to None, run_after=None
[2024-09-06T19:44:03.432-0500] {processor.py:208} INFO - Processing /Users/binhpham/Library/Python/3.9/lib/python/site-packages/airflow/example_dags/example_trigger_target_dag.py took 0.151 seconds
[2024-09-06T19:45:10.916-0500] {processor.py:186} INFO - Started process (PID=34634) to work on /Users/binhpham/Library/Python/3.9/lib/python/site-packages/airflow/example_dags/example_trigger_target_dag.py
[2024-09-06T19:45:10.918-0500] {processor.py:914} INFO - Processing file /Users/binhpham/Library/Python/3.9/lib/python/site-packages/airflow/example_dags/example_trigger_target_dag.py for tasks to queue
[2024-09-06T19:45:10.918-0500] {logging_mixin.py:190} INFO - [2024-09-06T19:45:10.918-0500] {dagbag.py:587} INFO - Filling up the DagBag from /Users/binhpham/Library/Python/3.9/lib/python/site-packages/airflow/example_dags/example_trigger_target_dag.py
[2024-09-06T19:45:10.933-0500] {processor.py:925} INFO - DAG(s) 'example_trigger_target_dag' retrieved from /Users/binhpham/Library/Python/3.9/lib/python/site-packages/airflow/example_dags/example_trigger_target_dag.py
[2024-09-06T19:45:10.974-0500] {logging_mixin.py:190} INFO - [2024-09-06T19:45:10.974-0500] {dag.py:3229} INFO - Sync 1 DAGs
[2024-09-06T19:45:10.979-0500] {logging_mixin.py:190} INFO - [2024-09-06T19:45:10.979-0500] {dag.py:4156} INFO - Setting next_dagrun for example_trigger_target_dag to None, run_after=None
[2024-09-06T19:45:10.986-0500] {processor.py:208} INFO - Processing /Users/binhpham/Library/Python/3.9/lib/python/site-packages/airflow/example_dags/example_trigger_target_dag.py took 0.071 seconds
[2024-09-06T19:47:31.688-0500] {processor.py:186} INFO - Started process (PID=35217) to work on /Users/binhpham/Library/Python/3.9/lib/python/site-packages/airflow/example_dags/example_trigger_target_dag.py
[2024-09-06T19:47:31.690-0500] {processor.py:914} INFO - Processing file /Users/binhpham/Library/Python/3.9/lib/python/site-packages/airflow/example_dags/example_trigger_target_dag.py for tasks to queue
[2024-09-06T19:47:31.690-0500] {logging_mixin.py:190} INFO - [2024-09-06T19:47:31.690-0500] {dagbag.py:587} INFO - Filling up the DagBag from /Users/binhpham/Library/Python/3.9/lib/python/site-packages/airflow/example_dags/example_trigger_target_dag.py
[2024-09-06T19:47:31.706-0500] {processor.py:925} INFO - DAG(s) 'example_trigger_target_dag' retrieved from /Users/binhpham/Library/Python/3.9/lib/python/site-packages/airflow/example_dags/example_trigger_target_dag.py
[2024-09-06T19:47:31.751-0500] {logging_mixin.py:190} INFO - [2024-09-06T19:47:31.751-0500] {dag.py:3229} INFO - Sync 1 DAGs
[2024-09-06T19:47:31.756-0500] {logging_mixin.py:190} INFO - [2024-09-06T19:47:31.756-0500] {dag.py:4156} INFO - Setting next_dagrun for example_trigger_target_dag to None, run_after=None
[2024-09-06T19:47:31.764-0500] {processor.py:208} INFO - Processing /Users/binhpham/Library/Python/3.9/lib/python/site-packages/airflow/example_dags/example_trigger_target_dag.py took 0.077 seconds
[2024-09-06T19:49:23.349-0500] {processor.py:186} INFO - Started process (PID=35585) to work on /Users/binhpham/Library/Python/3.9/lib/python/site-packages/airflow/example_dags/example_trigger_target_dag.py
[2024-09-06T19:49:23.351-0500] {processor.py:914} INFO - Processing file /Users/binhpham/Library/Python/3.9/lib/python/site-packages/airflow/example_dags/example_trigger_target_dag.py for tasks to queue
[2024-09-06T19:49:23.351-0500] {logging_mixin.py:190} INFO - [2024-09-06T19:49:23.351-0500] {dagbag.py:587} INFO - Filling up the DagBag from /Users/binhpham/Library/Python/3.9/lib/python/site-packages/airflow/example_dags/example_trigger_target_dag.py
[2024-09-06T19:49:23.365-0500] {processor.py:925} INFO - DAG(s) 'example_trigger_target_dag' retrieved from /Users/binhpham/Library/Python/3.9/lib/python/site-packages/airflow/example_dags/example_trigger_target_dag.py
[2024-09-06T19:49:23.406-0500] {logging_mixin.py:190} INFO - [2024-09-06T19:49:23.406-0500] {dag.py:3229} INFO - Sync 1 DAGs
[2024-09-06T19:49:23.410-0500] {logging_mixin.py:190} INFO - [2024-09-06T19:49:23.410-0500] {dag.py:4156} INFO - Setting next_dagrun for example_trigger_target_dag to None, run_after=None
[2024-09-06T19:49:23.418-0500] {processor.py:208} INFO - Processing /Users/binhpham/Library/Python/3.9/lib/python/site-packages/airflow/example_dags/example_trigger_target_dag.py took 0.070 seconds
[2024-09-06T19:50:44.746-0500] {processor.py:186} INFO - Started process (PID=35841) to work on /Users/binhpham/Library/Python/3.9/lib/python/site-packages/airflow/example_dags/example_trigger_target_dag.py
[2024-09-06T19:50:44.748-0500] {processor.py:914} INFO - Processing file /Users/binhpham/Library/Python/3.9/lib/python/site-packages/airflow/example_dags/example_trigger_target_dag.py for tasks to queue
[2024-09-06T19:50:44.749-0500] {logging_mixin.py:190} INFO - [2024-09-06T19:50:44.749-0500] {dagbag.py:587} INFO - Filling up the DagBag from /Users/binhpham/Library/Python/3.9/lib/python/site-packages/airflow/example_dags/example_trigger_target_dag.py
[2024-09-06T19:50:44.764-0500] {processor.py:925} INFO - DAG(s) 'example_trigger_target_dag' retrieved from /Users/binhpham/Library/Python/3.9/lib/python/site-packages/airflow/example_dags/example_trigger_target_dag.py
[2024-09-06T19:50:44.807-0500] {logging_mixin.py:190} INFO - [2024-09-06T19:50:44.806-0500] {dag.py:3229} INFO - Sync 1 DAGs
[2024-09-06T19:50:44.811-0500] {logging_mixin.py:190} INFO - [2024-09-06T19:50:44.811-0500] {dag.py:4156} INFO - Setting next_dagrun for example_trigger_target_dag to None, run_after=None
[2024-09-06T19:50:44.819-0500] {processor.py:208} INFO - Processing /Users/binhpham/Library/Python/3.9/lib/python/site-packages/airflow/example_dags/example_trigger_target_dag.py took 0.074 seconds
[2024-09-06T19:52:06.089-0500] {processor.py:186} INFO - Started process (PID=36094) to work on /Users/binhpham/Library/Python/3.9/lib/python/site-packages/airflow/example_dags/example_trigger_target_dag.py
[2024-09-06T19:52:06.090-0500] {processor.py:914} INFO - Processing file /Users/binhpham/Library/Python/3.9/lib/python/site-packages/airflow/example_dags/example_trigger_target_dag.py for tasks to queue
[2024-09-06T19:52:06.091-0500] {logging_mixin.py:190} INFO - [2024-09-06T19:52:06.091-0500] {dagbag.py:587} INFO - Filling up the DagBag from /Users/binhpham/Library/Python/3.9/lib/python/site-packages/airflow/example_dags/example_trigger_target_dag.py
[2024-09-06T19:52:06.105-0500] {processor.py:925} INFO - DAG(s) 'example_trigger_target_dag' retrieved from /Users/binhpham/Library/Python/3.9/lib/python/site-packages/airflow/example_dags/example_trigger_target_dag.py
[2024-09-06T19:52:06.146-0500] {logging_mixin.py:190} INFO - [2024-09-06T19:52:06.146-0500] {dag.py:3229} INFO - Sync 1 DAGs
[2024-09-06T19:52:06.151-0500] {logging_mixin.py:190} INFO - [2024-09-06T19:52:06.151-0500] {dag.py:4156} INFO - Setting next_dagrun for example_trigger_target_dag to None, run_after=None
[2024-09-06T19:52:06.158-0500] {processor.py:208} INFO - Processing /Users/binhpham/Library/Python/3.9/lib/python/site-packages/airflow/example_dags/example_trigger_target_dag.py took 0.070 seconds
[2024-09-06T19:53:55.514-0500] {processor.py:186} INFO - Started process (PID=36485) to work on /Users/binhpham/Library/Python/3.9/lib/python/site-packages/airflow/example_dags/example_trigger_target_dag.py
[2024-09-06T19:53:55.516-0500] {processor.py:914} INFO - Processing file /Users/binhpham/Library/Python/3.9/lib/python/site-packages/airflow/example_dags/example_trigger_target_dag.py for tasks to queue
[2024-09-06T19:53:55.517-0500] {logging_mixin.py:190} INFO - [2024-09-06T19:53:55.516-0500] {dagbag.py:587} INFO - Filling up the DagBag from /Users/binhpham/Library/Python/3.9/lib/python/site-packages/airflow/example_dags/example_trigger_target_dag.py
[2024-09-06T19:53:55.531-0500] {processor.py:925} INFO - DAG(s) 'example_trigger_target_dag' retrieved from /Users/binhpham/Library/Python/3.9/lib/python/site-packages/airflow/example_dags/example_trigger_target_dag.py
[2024-09-06T19:53:55.572-0500] {logging_mixin.py:190} INFO - [2024-09-06T19:53:55.572-0500] {dag.py:3229} INFO - Sync 1 DAGs
[2024-09-06T19:53:55.577-0500] {logging_mixin.py:190} INFO - [2024-09-06T19:53:55.577-0500] {dag.py:4156} INFO - Setting next_dagrun for example_trigger_target_dag to None, run_after=None
[2024-09-06T19:53:55.584-0500] {processor.py:208} INFO - Processing /Users/binhpham/Library/Python/3.9/lib/python/site-packages/airflow/example_dags/example_trigger_target_dag.py took 0.072 seconds
[2024-09-06T19:55:46.194-0500] {processor.py:186} INFO - Started process (PID=36860) to work on /Users/binhpham/Library/Python/3.9/lib/python/site-packages/airflow/example_dags/example_trigger_target_dag.py
[2024-09-06T19:55:46.195-0500] {processor.py:914} INFO - Processing file /Users/binhpham/Library/Python/3.9/lib/python/site-packages/airflow/example_dags/example_trigger_target_dag.py for tasks to queue
[2024-09-06T19:55:46.196-0500] {logging_mixin.py:190} INFO - [2024-09-06T19:55:46.196-0500] {dagbag.py:587} INFO - Filling up the DagBag from /Users/binhpham/Library/Python/3.9/lib/python/site-packages/airflow/example_dags/example_trigger_target_dag.py
[2024-09-06T19:55:46.210-0500] {processor.py:925} INFO - DAG(s) 'example_trigger_target_dag' retrieved from /Users/binhpham/Library/Python/3.9/lib/python/site-packages/airflow/example_dags/example_trigger_target_dag.py
[2024-09-06T19:55:46.254-0500] {logging_mixin.py:190} INFO - [2024-09-06T19:55:46.254-0500] {dag.py:3229} INFO - Sync 1 DAGs
[2024-09-06T19:55:46.259-0500] {logging_mixin.py:190} INFO - [2024-09-06T19:55:46.259-0500] {dag.py:4156} INFO - Setting next_dagrun for example_trigger_target_dag to None, run_after=None
[2024-09-06T19:55:46.266-0500] {processor.py:208} INFO - Processing /Users/binhpham/Library/Python/3.9/lib/python/site-packages/airflow/example_dags/example_trigger_target_dag.py took 0.073 seconds
[2024-09-06T19:57:07.775-0500] {processor.py:186} INFO - Started process (PID=37112) to work on /Users/binhpham/Library/Python/3.9/lib/python/site-packages/airflow/example_dags/example_trigger_target_dag.py
[2024-09-06T19:57:07.778-0500] {processor.py:914} INFO - Processing file /Users/binhpham/Library/Python/3.9/lib/python/site-packages/airflow/example_dags/example_trigger_target_dag.py for tasks to queue
[2024-09-06T19:57:07.778-0500] {logging_mixin.py:190} INFO - [2024-09-06T19:57:07.778-0500] {dagbag.py:587} INFO - Filling up the DagBag from /Users/binhpham/Library/Python/3.9/lib/python/site-packages/airflow/example_dags/example_trigger_target_dag.py
[2024-09-06T19:57:07.794-0500] {processor.py:925} INFO - DAG(s) 'example_trigger_target_dag' retrieved from /Users/binhpham/Library/Python/3.9/lib/python/site-packages/airflow/example_dags/example_trigger_target_dag.py
[2024-09-06T19:57:07.839-0500] {logging_mixin.py:190} INFO - [2024-09-06T19:57:07.839-0500] {dag.py:3229} INFO - Sync 1 DAGs
[2024-09-06T19:57:07.844-0500] {logging_mixin.py:190} INFO - [2024-09-06T19:57:07.844-0500] {dag.py:4156} INFO - Setting next_dagrun for example_trigger_target_dag to None, run_after=None
[2024-09-06T19:57:07.852-0500] {processor.py:208} INFO - Processing /Users/binhpham/Library/Python/3.9/lib/python/site-packages/airflow/example_dags/example_trigger_target_dag.py took 0.078 seconds
[2024-09-06T19:58:29.972-0500] {processor.py:186} INFO - Started process (PID=37362) to work on /Users/binhpham/Library/Python/3.9/lib/python/site-packages/airflow/example_dags/example_trigger_target_dag.py
[2024-09-06T19:58:29.975-0500] {processor.py:914} INFO - Processing file /Users/binhpham/Library/Python/3.9/lib/python/site-packages/airflow/example_dags/example_trigger_target_dag.py for tasks to queue
[2024-09-06T19:58:29.976-0500] {logging_mixin.py:190} INFO - [2024-09-06T19:58:29.975-0500] {dagbag.py:587} INFO - Filling up the DagBag from /Users/binhpham/Library/Python/3.9/lib/python/site-packages/airflow/example_dags/example_trigger_target_dag.py
[2024-09-06T19:58:29.992-0500] {processor.py:925} INFO - DAG(s) 'example_trigger_target_dag' retrieved from /Users/binhpham/Library/Python/3.9/lib/python/site-packages/airflow/example_dags/example_trigger_target_dag.py
[2024-09-06T19:58:30.037-0500] {logging_mixin.py:190} INFO - [2024-09-06T19:58:30.037-0500] {dag.py:3229} INFO - Sync 1 DAGs
[2024-09-06T19:58:30.042-0500] {logging_mixin.py:190} INFO - [2024-09-06T19:58:30.042-0500] {dag.py:4156} INFO - Setting next_dagrun for example_trigger_target_dag to None, run_after=None
[2024-09-06T19:58:30.050-0500] {processor.py:208} INFO - Processing /Users/binhpham/Library/Python/3.9/lib/python/site-packages/airflow/example_dags/example_trigger_target_dag.py took 0.080 seconds
[2024-09-06T19:59:52.821-0500] {processor.py:186} INFO - Started process (PID=37621) to work on /Users/binhpham/Library/Python/3.9/lib/python/site-packages/airflow/example_dags/example_trigger_target_dag.py
[2024-09-06T19:59:52.823-0500] {processor.py:914} INFO - Processing file /Users/binhpham/Library/Python/3.9/lib/python/site-packages/airflow/example_dags/example_trigger_target_dag.py for tasks to queue
[2024-09-06T19:59:52.823-0500] {logging_mixin.py:190} INFO - [2024-09-06T19:59:52.823-0500] {dagbag.py:587} INFO - Filling up the DagBag from /Users/binhpham/Library/Python/3.9/lib/python/site-packages/airflow/example_dags/example_trigger_target_dag.py
[2024-09-06T19:59:52.839-0500] {processor.py:925} INFO - DAG(s) 'example_trigger_target_dag' retrieved from /Users/binhpham/Library/Python/3.9/lib/python/site-packages/airflow/example_dags/example_trigger_target_dag.py
[2024-09-06T19:59:52.880-0500] {logging_mixin.py:190} INFO - [2024-09-06T19:59:52.880-0500] {dag.py:3229} INFO - Sync 1 DAGs
[2024-09-06T19:59:52.885-0500] {logging_mixin.py:190} INFO - [2024-09-06T19:59:52.885-0500] {dag.py:4156} INFO - Setting next_dagrun for example_trigger_target_dag to None, run_after=None
[2024-09-06T19:59:52.892-0500] {processor.py:208} INFO - Processing /Users/binhpham/Library/Python/3.9/lib/python/site-packages/airflow/example_dags/example_trigger_target_dag.py took 0.073 seconds
[2024-09-06T20:01:12.482-0500] {processor.py:186} INFO - Started process (PID=37864) to work on /Users/binhpham/Library/Python/3.9/lib/python/site-packages/airflow/example_dags/example_trigger_target_dag.py
[2024-09-06T20:01:12.484-0500] {processor.py:914} INFO - Processing file /Users/binhpham/Library/Python/3.9/lib/python/site-packages/airflow/example_dags/example_trigger_target_dag.py for tasks to queue
[2024-09-06T20:01:12.485-0500] {logging_mixin.py:190} INFO - [2024-09-06T20:01:12.485-0500] {dagbag.py:587} INFO - Filling up the DagBag from /Users/binhpham/Library/Python/3.9/lib/python/site-packages/airflow/example_dags/example_trigger_target_dag.py
[2024-09-06T20:01:12.499-0500] {processor.py:925} INFO - DAG(s) 'example_trigger_target_dag' retrieved from /Users/binhpham/Library/Python/3.9/lib/python/site-packages/airflow/example_dags/example_trigger_target_dag.py
[2024-09-06T20:01:12.541-0500] {logging_mixin.py:190} INFO - [2024-09-06T20:01:12.541-0500] {dag.py:3229} INFO - Sync 1 DAGs
[2024-09-06T20:01:12.545-0500] {logging_mixin.py:190} INFO - [2024-09-06T20:01:12.545-0500] {dag.py:4156} INFO - Setting next_dagrun for example_trigger_target_dag to None, run_after=None
[2024-09-06T20:01:12.553-0500] {processor.py:208} INFO - Processing /Users/binhpham/Library/Python/3.9/lib/python/site-packages/airflow/example_dags/example_trigger_target_dag.py took 0.072 seconds
[2024-09-06T20:02:35.015-0500] {processor.py:186} INFO - Started process (PID=38118) to work on /Users/binhpham/Library/Python/3.9/lib/python/site-packages/airflow/example_dags/example_trigger_target_dag.py
[2024-09-06T20:02:35.018-0500] {processor.py:914} INFO - Processing file /Users/binhpham/Library/Python/3.9/lib/python/site-packages/airflow/example_dags/example_trigger_target_dag.py for tasks to queue
[2024-09-06T20:02:35.018-0500] {logging_mixin.py:190} INFO - [2024-09-06T20:02:35.018-0500] {dagbag.py:587} INFO - Filling up the DagBag from /Users/binhpham/Library/Python/3.9/lib/python/site-packages/airflow/example_dags/example_trigger_target_dag.py
[2024-09-06T20:02:35.034-0500] {processor.py:925} INFO - DAG(s) 'example_trigger_target_dag' retrieved from /Users/binhpham/Library/Python/3.9/lib/python/site-packages/airflow/example_dags/example_trigger_target_dag.py
[2024-09-06T20:02:35.082-0500] {logging_mixin.py:190} INFO - [2024-09-06T20:02:35.082-0500] {dag.py:3229} INFO - Sync 1 DAGs
[2024-09-06T20:02:35.088-0500] {logging_mixin.py:190} INFO - [2024-09-06T20:02:35.088-0500] {dag.py:4156} INFO - Setting next_dagrun for example_trigger_target_dag to None, run_after=None
[2024-09-06T20:02:35.097-0500] {processor.py:208} INFO - Processing /Users/binhpham/Library/Python/3.9/lib/python/site-packages/airflow/example_dags/example_trigger_target_dag.py took 0.083 seconds
[2024-09-06T20:03:53.749-0500] {processor.py:186} INFO - Started process (PID=38361) to work on /Users/binhpham/Library/Python/3.9/lib/python/site-packages/airflow/example_dags/example_trigger_target_dag.py
[2024-09-06T20:03:53.751-0500] {processor.py:914} INFO - Processing file /Users/binhpham/Library/Python/3.9/lib/python/site-packages/airflow/example_dags/example_trigger_target_dag.py for tasks to queue
[2024-09-06T20:03:53.752-0500] {logging_mixin.py:190} INFO - [2024-09-06T20:03:53.752-0500] {dagbag.py:587} INFO - Filling up the DagBag from /Users/binhpham/Library/Python/3.9/lib/python/site-packages/airflow/example_dags/example_trigger_target_dag.py
[2024-09-06T20:03:53.767-0500] {processor.py:925} INFO - DAG(s) 'example_trigger_target_dag' retrieved from /Users/binhpham/Library/Python/3.9/lib/python/site-packages/airflow/example_dags/example_trigger_target_dag.py
[2024-09-06T20:03:53.810-0500] {logging_mixin.py:190} INFO - [2024-09-06T20:03:53.810-0500] {dag.py:3229} INFO - Sync 1 DAGs
[2024-09-06T20:03:53.815-0500] {logging_mixin.py:190} INFO - [2024-09-06T20:03:53.815-0500] {dag.py:4156} INFO - Setting next_dagrun for example_trigger_target_dag to None, run_after=None
[2024-09-06T20:03:53.822-0500] {processor.py:208} INFO - Processing /Users/binhpham/Library/Python/3.9/lib/python/site-packages/airflow/example_dags/example_trigger_target_dag.py took 0.075 seconds
[2024-09-06T20:05:12.720-0500] {processor.py:186} INFO - Started process (PID=38600) to work on /Users/binhpham/Library/Python/3.9/lib/python/site-packages/airflow/example_dags/example_trigger_target_dag.py
[2024-09-06T20:05:12.722-0500] {processor.py:914} INFO - Processing file /Users/binhpham/Library/Python/3.9/lib/python/site-packages/airflow/example_dags/example_trigger_target_dag.py for tasks to queue
[2024-09-06T20:05:12.722-0500] {logging_mixin.py:190} INFO - [2024-09-06T20:05:12.722-0500] {dagbag.py:587} INFO - Filling up the DagBag from /Users/binhpham/Library/Python/3.9/lib/python/site-packages/airflow/example_dags/example_trigger_target_dag.py
[2024-09-06T20:05:12.737-0500] {processor.py:925} INFO - DAG(s) 'example_trigger_target_dag' retrieved from /Users/binhpham/Library/Python/3.9/lib/python/site-packages/airflow/example_dags/example_trigger_target_dag.py
[2024-09-06T20:05:12.781-0500] {logging_mixin.py:190} INFO - [2024-09-06T20:05:12.781-0500] {dag.py:3229} INFO - Sync 1 DAGs
[2024-09-06T20:05:12.787-0500] {logging_mixin.py:190} INFO - [2024-09-06T20:05:12.786-0500] {dag.py:4156} INFO - Setting next_dagrun for example_trigger_target_dag to None, run_after=None
[2024-09-06T20:05:12.795-0500] {processor.py:208} INFO - Processing /Users/binhpham/Library/Python/3.9/lib/python/site-packages/airflow/example_dags/example_trigger_target_dag.py took 0.076 seconds
[2024-09-06T20:06:34.010-0500] {processor.py:186} INFO - Started process (PID=38849) to work on /Users/binhpham/Library/Python/3.9/lib/python/site-packages/airflow/example_dags/example_trigger_target_dag.py
[2024-09-06T20:06:34.013-0500] {processor.py:914} INFO - Processing file /Users/binhpham/Library/Python/3.9/lib/python/site-packages/airflow/example_dags/example_trigger_target_dag.py for tasks to queue
[2024-09-06T20:06:34.013-0500] {logging_mixin.py:190} INFO - [2024-09-06T20:06:34.013-0500] {dagbag.py:587} INFO - Filling up the DagBag from /Users/binhpham/Library/Python/3.9/lib/python/site-packages/airflow/example_dags/example_trigger_target_dag.py
[2024-09-06T20:06:34.028-0500] {processor.py:925} INFO - DAG(s) 'example_trigger_target_dag' retrieved from /Users/binhpham/Library/Python/3.9/lib/python/site-packages/airflow/example_dags/example_trigger_target_dag.py
[2024-09-06T20:06:34.072-0500] {logging_mixin.py:190} INFO - [2024-09-06T20:06:34.072-0500] {dag.py:3229} INFO - Sync 1 DAGs
[2024-09-06T20:06:34.076-0500] {logging_mixin.py:190} INFO - [2024-09-06T20:06:34.076-0500] {dag.py:4156} INFO - Setting next_dagrun for example_trigger_target_dag to None, run_after=None
[2024-09-06T20:06:34.084-0500] {processor.py:208} INFO - Processing /Users/binhpham/Library/Python/3.9/lib/python/site-packages/airflow/example_dags/example_trigger_target_dag.py took 0.075 seconds
[2024-09-06T20:07:54.221-0500] {processor.py:186} INFO - Started process (PID=39090) to work on /Users/binhpham/Library/Python/3.9/lib/python/site-packages/airflow/example_dags/example_trigger_target_dag.py
[2024-09-06T20:07:54.223-0500] {processor.py:914} INFO - Processing file /Users/binhpham/Library/Python/3.9/lib/python/site-packages/airflow/example_dags/example_trigger_target_dag.py for tasks to queue
[2024-09-06T20:07:54.223-0500] {logging_mixin.py:190} INFO - [2024-09-06T20:07:54.223-0500] {dagbag.py:587} INFO - Filling up the DagBag from /Users/binhpham/Library/Python/3.9/lib/python/site-packages/airflow/example_dags/example_trigger_target_dag.py
[2024-09-06T20:07:54.238-0500] {processor.py:925} INFO - DAG(s) 'example_trigger_target_dag' retrieved from /Users/binhpham/Library/Python/3.9/lib/python/site-packages/airflow/example_dags/example_trigger_target_dag.py
[2024-09-06T20:07:54.280-0500] {logging_mixin.py:190} INFO - [2024-09-06T20:07:54.280-0500] {dag.py:3229} INFO - Sync 1 DAGs
[2024-09-06T20:07:54.285-0500] {logging_mixin.py:190} INFO - [2024-09-06T20:07:54.285-0500] {dag.py:4156} INFO - Setting next_dagrun for example_trigger_target_dag to None, run_after=None
[2024-09-06T20:07:54.292-0500] {processor.py:208} INFO - Processing /Users/binhpham/Library/Python/3.9/lib/python/site-packages/airflow/example_dags/example_trigger_target_dag.py took 0.073 seconds
[2024-09-06T20:09:14.641-0500] {processor.py:186} INFO - Started process (PID=39335) to work on /Users/binhpham/Library/Python/3.9/lib/python/site-packages/airflow/example_dags/example_trigger_target_dag.py
[2024-09-06T20:09:14.644-0500] {processor.py:914} INFO - Processing file /Users/binhpham/Library/Python/3.9/lib/python/site-packages/airflow/example_dags/example_trigger_target_dag.py for tasks to queue
[2024-09-06T20:09:14.644-0500] {logging_mixin.py:190} INFO - [2024-09-06T20:09:14.644-0500] {dagbag.py:587} INFO - Filling up the DagBag from /Users/binhpham/Library/Python/3.9/lib/python/site-packages/airflow/example_dags/example_trigger_target_dag.py
[2024-09-06T20:09:14.659-0500] {processor.py:925} INFO - DAG(s) 'example_trigger_target_dag' retrieved from /Users/binhpham/Library/Python/3.9/lib/python/site-packages/airflow/example_dags/example_trigger_target_dag.py
[2024-09-06T20:09:14.701-0500] {logging_mixin.py:190} INFO - [2024-09-06T20:09:14.701-0500] {dag.py:3229} INFO - Sync 1 DAGs
[2024-09-06T20:09:14.706-0500] {logging_mixin.py:190} INFO - [2024-09-06T20:09:14.706-0500] {dag.py:4156} INFO - Setting next_dagrun for example_trigger_target_dag to None, run_after=None
[2024-09-06T20:09:14.713-0500] {processor.py:208} INFO - Processing /Users/binhpham/Library/Python/3.9/lib/python/site-packages/airflow/example_dags/example_trigger_target_dag.py took 0.073 seconds
[2024-09-06T20:10:42.060-0500] {processor.py:186} INFO - Started process (PID=39635) to work on /Users/binhpham/Library/Python/3.9/lib/python/site-packages/airflow/example_dags/example_trigger_target_dag.py
[2024-09-06T20:10:42.062-0500] {processor.py:914} INFO - Processing file /Users/binhpham/Library/Python/3.9/lib/python/site-packages/airflow/example_dags/example_trigger_target_dag.py for tasks to queue
[2024-09-06T20:10:42.062-0500] {logging_mixin.py:190} INFO - [2024-09-06T20:10:42.062-0500] {dagbag.py:587} INFO - Filling up the DagBag from /Users/binhpham/Library/Python/3.9/lib/python/site-packages/airflow/example_dags/example_trigger_target_dag.py
[2024-09-06T20:10:42.077-0500] {processor.py:925} INFO - DAG(s) 'example_trigger_target_dag' retrieved from /Users/binhpham/Library/Python/3.9/lib/python/site-packages/airflow/example_dags/example_trigger_target_dag.py
[2024-09-06T20:10:42.120-0500] {logging_mixin.py:190} INFO - [2024-09-06T20:10:42.120-0500] {dag.py:3229} INFO - Sync 1 DAGs
[2024-09-06T20:10:42.125-0500] {logging_mixin.py:190} INFO - [2024-09-06T20:10:42.125-0500] {dag.py:4156} INFO - Setting next_dagrun for example_trigger_target_dag to None, run_after=None
[2024-09-06T20:10:42.132-0500] {processor.py:208} INFO - Processing /Users/binhpham/Library/Python/3.9/lib/python/site-packages/airflow/example_dags/example_trigger_target_dag.py took 0.074 seconds
[2024-09-06T20:12:01.157-0500] {processor.py:186} INFO - Started process (PID=39895) to work on /Users/binhpham/Library/Python/3.9/lib/python/site-packages/airflow/example_dags/example_trigger_target_dag.py
[2024-09-06T20:12:01.159-0500] {processor.py:914} INFO - Processing file /Users/binhpham/Library/Python/3.9/lib/python/site-packages/airflow/example_dags/example_trigger_target_dag.py for tasks to queue
[2024-09-06T20:12:01.159-0500] {logging_mixin.py:190} INFO - [2024-09-06T20:12:01.159-0500] {dagbag.py:587} INFO - Filling up the DagBag from /Users/binhpham/Library/Python/3.9/lib/python/site-packages/airflow/example_dags/example_trigger_target_dag.py
[2024-09-06T20:12:01.174-0500] {processor.py:925} INFO - DAG(s) 'example_trigger_target_dag' retrieved from /Users/binhpham/Library/Python/3.9/lib/python/site-packages/airflow/example_dags/example_trigger_target_dag.py
[2024-09-06T20:12:01.216-0500] {logging_mixin.py:190} INFO - [2024-09-06T20:12:01.216-0500] {dag.py:3229} INFO - Sync 1 DAGs
[2024-09-06T20:12:01.220-0500] {logging_mixin.py:190} INFO - [2024-09-06T20:12:01.220-0500] {dag.py:4156} INFO - Setting next_dagrun for example_trigger_target_dag to None, run_after=None
[2024-09-06T20:12:01.227-0500] {processor.py:208} INFO - Processing /Users/binhpham/Library/Python/3.9/lib/python/site-packages/airflow/example_dags/example_trigger_target_dag.py took 0.072 seconds
[2024-09-06T20:13:23.746-0500] {processor.py:186} INFO - Started process (PID=40179) to work on /Users/binhpham/Library/Python/3.9/lib/python/site-packages/airflow/example_dags/example_trigger_target_dag.py
[2024-09-06T20:13:23.749-0500] {processor.py:914} INFO - Processing file /Users/binhpham/Library/Python/3.9/lib/python/site-packages/airflow/example_dags/example_trigger_target_dag.py for tasks to queue
[2024-09-06T20:13:23.749-0500] {logging_mixin.py:190} INFO - [2024-09-06T20:13:23.749-0500] {dagbag.py:587} INFO - Filling up the DagBag from /Users/binhpham/Library/Python/3.9/lib/python/site-packages/airflow/example_dags/example_trigger_target_dag.py
[2024-09-06T20:13:23.765-0500] {processor.py:925} INFO - DAG(s) 'example_trigger_target_dag' retrieved from /Users/binhpham/Library/Python/3.9/lib/python/site-packages/airflow/example_dags/example_trigger_target_dag.py
[2024-09-06T20:13:23.826-0500] {logging_mixin.py:190} INFO - [2024-09-06T20:13:23.825-0500] {dag.py:3229} INFO - Sync 1 DAGs
[2024-09-06T20:13:23.832-0500] {logging_mixin.py:190} INFO - [2024-09-06T20:13:23.832-0500] {dag.py:4156} INFO - Setting next_dagrun for example_trigger_target_dag to None, run_after=None
[2024-09-06T20:13:23.841-0500] {processor.py:208} INFO - Processing /Users/binhpham/Library/Python/3.9/lib/python/site-packages/airflow/example_dags/example_trigger_target_dag.py took 0.096 seconds
[2024-09-06T20:15:17.907-0500] {processor.py:186} INFO - Started process (PID=40587) to work on /Users/binhpham/Library/Python/3.9/lib/python/site-packages/airflow/example_dags/example_trigger_target_dag.py
[2024-09-06T20:15:17.909-0500] {processor.py:914} INFO - Processing file /Users/binhpham/Library/Python/3.9/lib/python/site-packages/airflow/example_dags/example_trigger_target_dag.py for tasks to queue
[2024-09-06T20:15:17.910-0500] {logging_mixin.py:190} INFO - [2024-09-06T20:15:17.910-0500] {dagbag.py:587} INFO - Filling up the DagBag from /Users/binhpham/Library/Python/3.9/lib/python/site-packages/airflow/example_dags/example_trigger_target_dag.py
[2024-09-06T20:15:17.926-0500] {processor.py:925} INFO - DAG(s) 'example_trigger_target_dag' retrieved from /Users/binhpham/Library/Python/3.9/lib/python/site-packages/airflow/example_dags/example_trigger_target_dag.py
[2024-09-06T20:15:17.971-0500] {logging_mixin.py:190} INFO - [2024-09-06T20:15:17.971-0500] {dag.py:3229} INFO - Sync 1 DAGs
[2024-09-06T20:15:17.976-0500] {logging_mixin.py:190} INFO - [2024-09-06T20:15:17.976-0500] {dag.py:4156} INFO - Setting next_dagrun for example_trigger_target_dag to None, run_after=None
[2024-09-06T20:15:17.985-0500] {processor.py:208} INFO - Processing /Users/binhpham/Library/Python/3.9/lib/python/site-packages/airflow/example_dags/example_trigger_target_dag.py took 0.079 seconds
[2024-09-06T20:22:08.351-0500] {processor.py:186} INFO - Started process (PID=42794) to work on /Users/binhpham/Library/Python/3.9/lib/python/site-packages/airflow/example_dags/example_trigger_target_dag.py
[2024-09-06T20:22:08.353-0500] {processor.py:914} INFO - Processing file /Users/binhpham/Library/Python/3.9/lib/python/site-packages/airflow/example_dags/example_trigger_target_dag.py for tasks to queue
[2024-09-06T20:22:08.354-0500] {logging_mixin.py:190} INFO - [2024-09-06T20:22:08.354-0500] {dagbag.py:587} INFO - Filling up the DagBag from /Users/binhpham/Library/Python/3.9/lib/python/site-packages/airflow/example_dags/example_trigger_target_dag.py
[2024-09-06T20:22:08.368-0500] {processor.py:925} INFO - DAG(s) 'example_trigger_target_dag' retrieved from /Users/binhpham/Library/Python/3.9/lib/python/site-packages/airflow/example_dags/example_trigger_target_dag.py
[2024-09-06T20:22:08.413-0500] {logging_mixin.py:190} INFO - [2024-09-06T20:22:08.413-0500] {dag.py:3229} INFO - Sync 1 DAGs
[2024-09-06T20:22:08.418-0500] {logging_mixin.py:190} INFO - [2024-09-06T20:22:08.418-0500] {dag.py:4156} INFO - Setting next_dagrun for example_trigger_target_dag to None, run_after=None
[2024-09-06T20:22:08.426-0500] {processor.py:208} INFO - Processing /Users/binhpham/Library/Python/3.9/lib/python/site-packages/airflow/example_dags/example_trigger_target_dag.py took 0.077 seconds
[2024-09-06T20:24:00.067-0500] {processor.py:186} INFO - Started process (PID=43149) to work on /Users/binhpham/Library/Python/3.9/lib/python/site-packages/airflow/example_dags/example_trigger_target_dag.py
[2024-09-06T20:24:00.070-0500] {processor.py:914} INFO - Processing file /Users/binhpham/Library/Python/3.9/lib/python/site-packages/airflow/example_dags/example_trigger_target_dag.py for tasks to queue
[2024-09-06T20:24:00.070-0500] {logging_mixin.py:190} INFO - [2024-09-06T20:24:00.070-0500] {dagbag.py:587} INFO - Filling up the DagBag from /Users/binhpham/Library/Python/3.9/lib/python/site-packages/airflow/example_dags/example_trigger_target_dag.py
[2024-09-06T20:24:00.085-0500] {processor.py:925} INFO - DAG(s) 'example_trigger_target_dag' retrieved from /Users/binhpham/Library/Python/3.9/lib/python/site-packages/airflow/example_dags/example_trigger_target_dag.py
[2024-09-06T20:24:00.136-0500] {logging_mixin.py:190} INFO - [2024-09-06T20:24:00.136-0500] {dag.py:3229} INFO - Sync 1 DAGs
[2024-09-06T20:24:00.142-0500] {logging_mixin.py:190} INFO - [2024-09-06T20:24:00.142-0500] {dag.py:4156} INFO - Setting next_dagrun for example_trigger_target_dag to None, run_after=None
[2024-09-06T20:24:00.150-0500] {processor.py:208} INFO - Processing /Users/binhpham/Library/Python/3.9/lib/python/site-packages/airflow/example_dags/example_trigger_target_dag.py took 0.085 seconds
[2024-09-06T20:25:22.388-0500] {processor.py:186} INFO - Started process (PID=43405) to work on /Users/binhpham/Library/Python/3.9/lib/python/site-packages/airflow/example_dags/example_trigger_target_dag.py
[2024-09-06T20:25:22.390-0500] {processor.py:914} INFO - Processing file /Users/binhpham/Library/Python/3.9/lib/python/site-packages/airflow/example_dags/example_trigger_target_dag.py for tasks to queue
[2024-09-06T20:25:22.390-0500] {logging_mixin.py:190} INFO - [2024-09-06T20:25:22.390-0500] {dagbag.py:587} INFO - Filling up the DagBag from /Users/binhpham/Library/Python/3.9/lib/python/site-packages/airflow/example_dags/example_trigger_target_dag.py
[2024-09-06T20:25:22.407-0500] {processor.py:925} INFO - DAG(s) 'example_trigger_target_dag' retrieved from /Users/binhpham/Library/Python/3.9/lib/python/site-packages/airflow/example_dags/example_trigger_target_dag.py
[2024-09-06T20:25:22.449-0500] {logging_mixin.py:190} INFO - [2024-09-06T20:25:22.449-0500] {dag.py:3229} INFO - Sync 1 DAGs
[2024-09-06T20:25:22.454-0500] {logging_mixin.py:190} INFO - [2024-09-06T20:25:22.454-0500] {dag.py:4156} INFO - Setting next_dagrun for example_trigger_target_dag to None, run_after=None
[2024-09-06T20:25:22.460-0500] {processor.py:208} INFO - Processing /Users/binhpham/Library/Python/3.9/lib/python/site-packages/airflow/example_dags/example_trigger_target_dag.py took 0.074 seconds
[2024-09-06T20:27:16.108-0500] {processor.py:186} INFO - Started process (PID=43809) to work on /Users/binhpham/Library/Python/3.9/lib/python/site-packages/airflow/example_dags/example_trigger_target_dag.py
[2024-09-06T20:27:16.110-0500] {processor.py:914} INFO - Processing file /Users/binhpham/Library/Python/3.9/lib/python/site-packages/airflow/example_dags/example_trigger_target_dag.py for tasks to queue
[2024-09-06T20:27:16.110-0500] {logging_mixin.py:190} INFO - [2024-09-06T20:27:16.110-0500] {dagbag.py:587} INFO - Filling up the DagBag from /Users/binhpham/Library/Python/3.9/lib/python/site-packages/airflow/example_dags/example_trigger_target_dag.py
[2024-09-06T20:27:16.126-0500] {processor.py:925} INFO - DAG(s) 'example_trigger_target_dag' retrieved from /Users/binhpham/Library/Python/3.9/lib/python/site-packages/airflow/example_dags/example_trigger_target_dag.py
[2024-09-06T20:27:16.169-0500] {logging_mixin.py:190} INFO - [2024-09-06T20:27:16.169-0500] {dag.py:3229} INFO - Sync 1 DAGs
[2024-09-06T20:27:16.174-0500] {logging_mixin.py:190} INFO - [2024-09-06T20:27:16.174-0500] {dag.py:4156} INFO - Setting next_dagrun for example_trigger_target_dag to None, run_after=None
[2024-09-06T20:27:16.182-0500] {processor.py:208} INFO - Processing /Users/binhpham/Library/Python/3.9/lib/python/site-packages/airflow/example_dags/example_trigger_target_dag.py took 0.076 seconds
[2024-09-06T20:29:06.689-0500] {processor.py:186} INFO - Started process (PID=44174) to work on /Users/binhpham/Library/Python/3.9/lib/python/site-packages/airflow/example_dags/example_trigger_target_dag.py
[2024-09-06T20:29:06.691-0500] {processor.py:914} INFO - Processing file /Users/binhpham/Library/Python/3.9/lib/python/site-packages/airflow/example_dags/example_trigger_target_dag.py for tasks to queue
[2024-09-06T20:29:06.692-0500] {logging_mixin.py:190} INFO - [2024-09-06T20:29:06.692-0500] {dagbag.py:587} INFO - Filling up the DagBag from /Users/binhpham/Library/Python/3.9/lib/python/site-packages/airflow/example_dags/example_trigger_target_dag.py
[2024-09-06T20:29:06.709-0500] {processor.py:925} INFO - DAG(s) 'example_trigger_target_dag' retrieved from /Users/binhpham/Library/Python/3.9/lib/python/site-packages/airflow/example_dags/example_trigger_target_dag.py
[2024-09-06T20:29:06.753-0500] {logging_mixin.py:190} INFO - [2024-09-06T20:29:06.753-0500] {dag.py:3229} INFO - Sync 1 DAGs
[2024-09-06T20:29:06.757-0500] {logging_mixin.py:190} INFO - [2024-09-06T20:29:06.757-0500] {dag.py:4156} INFO - Setting next_dagrun for example_trigger_target_dag to None, run_after=None
[2024-09-06T20:29:06.765-0500] {processor.py:208} INFO - Processing /Users/binhpham/Library/Python/3.9/lib/python/site-packages/airflow/example_dags/example_trigger_target_dag.py took 0.077 seconds
[2024-09-06T20:30:28.050-0500] {processor.py:186} INFO - Started process (PID=44444) to work on /Users/binhpham/Library/Python/3.9/lib/python/site-packages/airflow/example_dags/example_trigger_target_dag.py
[2024-09-06T20:30:28.052-0500] {processor.py:914} INFO - Processing file /Users/binhpham/Library/Python/3.9/lib/python/site-packages/airflow/example_dags/example_trigger_target_dag.py for tasks to queue
[2024-09-06T20:30:28.053-0500] {logging_mixin.py:190} INFO - [2024-09-06T20:30:28.053-0500] {dagbag.py:587} INFO - Filling up the DagBag from /Users/binhpham/Library/Python/3.9/lib/python/site-packages/airflow/example_dags/example_trigger_target_dag.py
[2024-09-06T20:30:28.068-0500] {processor.py:925} INFO - DAG(s) 'example_trigger_target_dag' retrieved from /Users/binhpham/Library/Python/3.9/lib/python/site-packages/airflow/example_dags/example_trigger_target_dag.py
[2024-09-06T20:30:28.112-0500] {logging_mixin.py:190} INFO - [2024-09-06T20:30:28.112-0500] {dag.py:3229} INFO - Sync 1 DAGs
[2024-09-06T20:30:28.117-0500] {logging_mixin.py:190} INFO - [2024-09-06T20:30:28.117-0500] {dag.py:4156} INFO - Setting next_dagrun for example_trigger_target_dag to None, run_after=None
[2024-09-06T20:30:28.125-0500] {processor.py:208} INFO - Processing /Users/binhpham/Library/Python/3.9/lib/python/site-packages/airflow/example_dags/example_trigger_target_dag.py took 0.076 seconds
[2024-09-06T20:31:48.581-0500] {processor.py:186} INFO - Started process (PID=44689) to work on /Users/binhpham/Library/Python/3.9/lib/python/site-packages/airflow/example_dags/example_trigger_target_dag.py
[2024-09-06T20:31:48.583-0500] {processor.py:914} INFO - Processing file /Users/binhpham/Library/Python/3.9/lib/python/site-packages/airflow/example_dags/example_trigger_target_dag.py for tasks to queue
[2024-09-06T20:31:48.583-0500] {logging_mixin.py:190} INFO - [2024-09-06T20:31:48.583-0500] {dagbag.py:587} INFO - Filling up the DagBag from /Users/binhpham/Library/Python/3.9/lib/python/site-packages/airflow/example_dags/example_trigger_target_dag.py
[2024-09-06T20:31:48.599-0500] {processor.py:925} INFO - DAG(s) 'example_trigger_target_dag' retrieved from /Users/binhpham/Library/Python/3.9/lib/python/site-packages/airflow/example_dags/example_trigger_target_dag.py
[2024-09-06T20:31:48.643-0500] {logging_mixin.py:190} INFO - [2024-09-06T20:31:48.643-0500] {dag.py:3229} INFO - Sync 1 DAGs
[2024-09-06T20:31:48.648-0500] {logging_mixin.py:190} INFO - [2024-09-06T20:31:48.648-0500] {dag.py:4156} INFO - Setting next_dagrun for example_trigger_target_dag to None, run_after=None
[2024-09-06T20:31:48.656-0500] {processor.py:208} INFO - Processing /Users/binhpham/Library/Python/3.9/lib/python/site-packages/airflow/example_dags/example_trigger_target_dag.py took 0.076 seconds
[2024-09-06T20:33:47.438-0500] {processor.py:186} INFO - Started process (PID=45106) to work on /Users/binhpham/Library/Python/3.9/lib/python/site-packages/airflow/example_dags/example_trigger_target_dag.py
[2024-09-06T20:33:47.440-0500] {processor.py:914} INFO - Processing file /Users/binhpham/Library/Python/3.9/lib/python/site-packages/airflow/example_dags/example_trigger_target_dag.py for tasks to queue
[2024-09-06T20:33:47.441-0500] {logging_mixin.py:190} INFO - [2024-09-06T20:33:47.441-0500] {dagbag.py:587} INFO - Filling up the DagBag from /Users/binhpham/Library/Python/3.9/lib/python/site-packages/airflow/example_dags/example_trigger_target_dag.py
[2024-09-06T20:33:47.456-0500] {processor.py:925} INFO - DAG(s) 'example_trigger_target_dag' retrieved from /Users/binhpham/Library/Python/3.9/lib/python/site-packages/airflow/example_dags/example_trigger_target_dag.py
[2024-09-06T20:33:47.499-0500] {logging_mixin.py:190} INFO - [2024-09-06T20:33:47.499-0500] {dag.py:3229} INFO - Sync 1 DAGs
[2024-09-06T20:33:47.504-0500] {logging_mixin.py:190} INFO - [2024-09-06T20:33:47.503-0500] {dag.py:4156} INFO - Setting next_dagrun for example_trigger_target_dag to None, run_after=None
[2024-09-06T20:33:47.511-0500] {processor.py:208} INFO - Processing /Users/binhpham/Library/Python/3.9/lib/python/site-packages/airflow/example_dags/example_trigger_target_dag.py took 0.075 seconds
[2024-09-06T20:35:39.468-0500] {processor.py:186} INFO - Started process (PID=45465) to work on /Users/binhpham/Library/Python/3.9/lib/python/site-packages/airflow/example_dags/example_trigger_target_dag.py
[2024-09-06T20:35:39.470-0500] {processor.py:914} INFO - Processing file /Users/binhpham/Library/Python/3.9/lib/python/site-packages/airflow/example_dags/example_trigger_target_dag.py for tasks to queue
[2024-09-06T20:35:39.471-0500] {logging_mixin.py:190} INFO - [2024-09-06T20:35:39.470-0500] {dagbag.py:587} INFO - Filling up the DagBag from /Users/binhpham/Library/Python/3.9/lib/python/site-packages/airflow/example_dags/example_trigger_target_dag.py
[2024-09-06T20:35:39.486-0500] {processor.py:925} INFO - DAG(s) 'example_trigger_target_dag' retrieved from /Users/binhpham/Library/Python/3.9/lib/python/site-packages/airflow/example_dags/example_trigger_target_dag.py
[2024-09-06T20:35:39.533-0500] {logging_mixin.py:190} INFO - [2024-09-06T20:35:39.533-0500] {dag.py:3229} INFO - Sync 1 DAGs
[2024-09-06T20:35:39.538-0500] {logging_mixin.py:190} INFO - [2024-09-06T20:35:39.538-0500] {dag.py:4156} INFO - Setting next_dagrun for example_trigger_target_dag to None, run_after=None
[2024-09-06T20:35:39.545-0500] {processor.py:208} INFO - Processing /Users/binhpham/Library/Python/3.9/lib/python/site-packages/airflow/example_dags/example_trigger_target_dag.py took 0.079 seconds
[2024-09-06T20:37:00.179-0500] {processor.py:186} INFO - Started process (PID=45721) to work on /Users/binhpham/Library/Python/3.9/lib/python/site-packages/airflow/example_dags/example_trigger_target_dag.py
[2024-09-06T20:37:00.181-0500] {processor.py:914} INFO - Processing file /Users/binhpham/Library/Python/3.9/lib/python/site-packages/airflow/example_dags/example_trigger_target_dag.py for tasks to queue
[2024-09-06T20:37:00.181-0500] {logging_mixin.py:190} INFO - [2024-09-06T20:37:00.181-0500] {dagbag.py:587} INFO - Filling up the DagBag from /Users/binhpham/Library/Python/3.9/lib/python/site-packages/airflow/example_dags/example_trigger_target_dag.py
[2024-09-06T20:37:00.196-0500] {processor.py:925} INFO - DAG(s) 'example_trigger_target_dag' retrieved from /Users/binhpham/Library/Python/3.9/lib/python/site-packages/airflow/example_dags/example_trigger_target_dag.py
[2024-09-06T20:37:00.238-0500] {logging_mixin.py:190} INFO - [2024-09-06T20:37:00.238-0500] {dag.py:3229} INFO - Sync 1 DAGs
[2024-09-06T20:37:00.243-0500] {logging_mixin.py:190} INFO - [2024-09-06T20:37:00.243-0500] {dag.py:4156} INFO - Setting next_dagrun for example_trigger_target_dag to None, run_after=None
[2024-09-06T20:37:00.250-0500] {processor.py:208} INFO - Processing /Users/binhpham/Library/Python/3.9/lib/python/site-packages/airflow/example_dags/example_trigger_target_dag.py took 0.073 seconds
[2024-09-06T20:38:22.412-0500] {processor.py:186} INFO - Started process (PID=46007) to work on /Users/binhpham/Library/Python/3.9/lib/python/site-packages/airflow/example_dags/example_trigger_target_dag.py
[2024-09-06T20:38:22.415-0500] {processor.py:914} INFO - Processing file /Users/binhpham/Library/Python/3.9/lib/python/site-packages/airflow/example_dags/example_trigger_target_dag.py for tasks to queue
[2024-09-06T20:38:22.415-0500] {logging_mixin.py:190} INFO - [2024-09-06T20:38:22.415-0500] {dagbag.py:587} INFO - Filling up the DagBag from /Users/binhpham/Library/Python/3.9/lib/python/site-packages/airflow/example_dags/example_trigger_target_dag.py
[2024-09-06T20:38:22.431-0500] {processor.py:925} INFO - DAG(s) 'example_trigger_target_dag' retrieved from /Users/binhpham/Library/Python/3.9/lib/python/site-packages/airflow/example_dags/example_trigger_target_dag.py
[2024-09-06T20:38:22.471-0500] {logging_mixin.py:190} INFO - [2024-09-06T20:38:22.471-0500] {dag.py:3229} INFO - Sync 1 DAGs
[2024-09-06T20:38:22.476-0500] {logging_mixin.py:190} INFO - [2024-09-06T20:38:22.476-0500] {dag.py:4156} INFO - Setting next_dagrun for example_trigger_target_dag to None, run_after=None
[2024-09-06T20:38:22.484-0500] {processor.py:208} INFO - Processing /Users/binhpham/Library/Python/3.9/lib/python/site-packages/airflow/example_dags/example_trigger_target_dag.py took 0.073 seconds
