[2024-09-06T19:43:54.516-0500] {processor.py:186} INFO - Started process (PID=34303) to work on /Users/binhpham/Library/Python/3.9/lib/python/site-packages/airflow/example_dags/tutorial.py
[2024-09-06T19:43:54.518-0500] {processor.py:914} INFO - Processing file /Users/binhpham/Library/Python/3.9/lib/python/site-packages/airflow/example_dags/tutorial.py for tasks to queue
[2024-09-06T19:43:54.518-0500] {logging_mixin.py:190} INFO - [2024-09-06T19:43:54.518-0500] {dagbag.py:587} INFO - Filling up the DagBag from /Users/binhpham/Library/Python/3.9/lib/python/site-packages/airflow/example_dags/tutorial.py
[2024-09-06T19:43:54.522-0500] {processor.py:925} INFO - DAG(s) 'tutorial' retrieved from /Users/binhpham/Library/Python/3.9/lib/python/site-packages/airflow/example_dags/tutorial.py
[2024-09-06T19:43:54.601-0500] {logging_mixin.py:190} INFO - [2024-09-06T19:43:54.601-0500] {override.py:1900} INFO - Created Permission View: can read on DAG:tutorial
[2024-09-06T19:43:54.605-0500] {logging_mixin.py:190} INFO - [2024-09-06T19:43:54.605-0500] {override.py:1900} INFO - Created Permission View: can delete on DAG:tutorial
[2024-09-06T19:43:54.607-0500] {logging_mixin.py:190} INFO - [2024-09-06T19:43:54.607-0500] {override.py:1900} INFO - Created Permission View: can edit on DAG:tutorial
[2024-09-06T19:43:54.610-0500] {logging_mixin.py:190} INFO - [2024-09-06T19:43:54.610-0500] {override.py:1900} INFO - Created Permission View: menu access on DAG Run:tutorial
[2024-09-06T19:43:54.613-0500] {logging_mixin.py:190} INFO - [2024-09-06T19:43:54.613-0500] {override.py:1900} INFO - Created Permission View: can read on DAG Run:tutorial
[2024-09-06T19:43:54.616-0500] {logging_mixin.py:190} INFO - [2024-09-06T19:43:54.616-0500] {override.py:1900} INFO - Created Permission View: can delete on DAG Run:tutorial
[2024-09-06T19:43:54.619-0500] {logging_mixin.py:190} INFO - [2024-09-06T19:43:54.618-0500] {override.py:1900} INFO - Created Permission View: can create on DAG Run:tutorial
[2024-09-06T19:43:54.619-0500] {logging_mixin.py:190} INFO - [2024-09-06T19:43:54.619-0500] {dag.py:3229} INFO - Sync 1 DAGs
[2024-09-06T19:43:54.623-0500] {logging_mixin.py:190} INFO - [2024-09-06T19:43:54.623-0500] {dag.py:3252} INFO - Creating ORM DAG for tutorial
[2024-09-06T19:43:54.630-0500] {logging_mixin.py:190} INFO - [2024-09-06T19:43:54.630-0500] {dag.py:4156} INFO - Setting next_dagrun for tutorial to 2024-09-06 00:00:00+00:00, run_after=2024-09-07 00:00:00+00:00
[2024-09-06T19:43:54.637-0500] {processor.py:208} INFO - Processing /Users/binhpham/Library/Python/3.9/lib/python/site-packages/airflow/example_dags/tutorial.py took 0.122 seconds
[2024-09-06T19:45:03.214-0500] {processor.py:186} INFO - Started process (PID=34610) to work on /Users/binhpham/Library/Python/3.9/lib/python/site-packages/airflow/example_dags/tutorial.py
[2024-09-06T19:45:03.216-0500] {processor.py:914} INFO - Processing file /Users/binhpham/Library/Python/3.9/lib/python/site-packages/airflow/example_dags/tutorial.py for tasks to queue
[2024-09-06T19:45:03.216-0500] {logging_mixin.py:190} INFO - [2024-09-06T19:45:03.216-0500] {dagbag.py:587} INFO - Filling up the DagBag from /Users/binhpham/Library/Python/3.9/lib/python/site-packages/airflow/example_dags/tutorial.py
[2024-09-06T19:45:03.219-0500] {processor.py:925} INFO - DAG(s) 'tutorial' retrieved from /Users/binhpham/Library/Python/3.9/lib/python/site-packages/airflow/example_dags/tutorial.py
[2024-09-06T19:45:03.262-0500] {logging_mixin.py:190} INFO - [2024-09-06T19:45:03.262-0500] {dag.py:3229} INFO - Sync 1 DAGs
[2024-09-06T19:45:03.274-0500] {logging_mixin.py:190} INFO - [2024-09-06T19:45:03.274-0500] {dag.py:4156} INFO - Setting next_dagrun for tutorial to 2024-09-06 00:00:00+00:00, run_after=2024-09-07 00:00:00+00:00
[2024-09-06T19:45:03.281-0500] {processor.py:208} INFO - Processing /Users/binhpham/Library/Python/3.9/lib/python/site-packages/airflow/example_dags/tutorial.py took 0.068 seconds
[2024-09-06T19:47:23.039-0500] {processor.py:186} INFO - Started process (PID=35190) to work on /Users/binhpham/Library/Python/3.9/lib/python/site-packages/airflow/example_dags/tutorial.py
[2024-09-06T19:47:23.041-0500] {processor.py:914} INFO - Processing file /Users/binhpham/Library/Python/3.9/lib/python/site-packages/airflow/example_dags/tutorial.py for tasks to queue
[2024-09-06T19:47:23.042-0500] {logging_mixin.py:190} INFO - [2024-09-06T19:47:23.042-0500] {dagbag.py:587} INFO - Filling up the DagBag from /Users/binhpham/Library/Python/3.9/lib/python/site-packages/airflow/example_dags/tutorial.py
[2024-09-06T19:47:23.046-0500] {processor.py:925} INFO - DAG(s) 'tutorial' retrieved from /Users/binhpham/Library/Python/3.9/lib/python/site-packages/airflow/example_dags/tutorial.py
[2024-09-06T19:47:23.092-0500] {logging_mixin.py:190} INFO - [2024-09-06T19:47:23.092-0500] {dag.py:3229} INFO - Sync 1 DAGs
[2024-09-06T19:47:23.102-0500] {logging_mixin.py:190} INFO - [2024-09-06T19:47:23.102-0500] {dag.py:4156} INFO - Setting next_dagrun for tutorial to 2024-09-06 00:00:00+00:00, run_after=2024-09-07 00:00:00+00:00
[2024-09-06T19:47:23.110-0500] {processor.py:208} INFO - Processing /Users/binhpham/Library/Python/3.9/lib/python/site-packages/airflow/example_dags/tutorial.py took 0.072 seconds
[2024-09-06T19:49:14.969-0500] {processor.py:186} INFO - Started process (PID=35561) to work on /Users/binhpham/Library/Python/3.9/lib/python/site-packages/airflow/example_dags/tutorial.py
[2024-09-06T19:49:14.971-0500] {processor.py:914} INFO - Processing file /Users/binhpham/Library/Python/3.9/lib/python/site-packages/airflow/example_dags/tutorial.py for tasks to queue
[2024-09-06T19:49:14.972-0500] {logging_mixin.py:190} INFO - [2024-09-06T19:49:14.972-0500] {dagbag.py:587} INFO - Filling up the DagBag from /Users/binhpham/Library/Python/3.9/lib/python/site-packages/airflow/example_dags/tutorial.py
[2024-09-06T19:49:14.976-0500] {processor.py:925} INFO - DAG(s) 'tutorial' retrieved from /Users/binhpham/Library/Python/3.9/lib/python/site-packages/airflow/example_dags/tutorial.py
[2024-09-06T19:49:15.023-0500] {logging_mixin.py:190} INFO - [2024-09-06T19:49:15.023-0500] {dag.py:3229} INFO - Sync 1 DAGs
[2024-09-06T19:49:15.034-0500] {logging_mixin.py:190} INFO - [2024-09-06T19:49:15.034-0500] {dag.py:4156} INFO - Setting next_dagrun for tutorial to 2024-09-06 00:00:00+00:00, run_after=2024-09-07 00:00:00+00:00
[2024-09-06T19:49:15.043-0500] {processor.py:208} INFO - Processing /Users/binhpham/Library/Python/3.9/lib/python/site-packages/airflow/example_dags/tutorial.py took 0.076 seconds
[2024-09-06T19:50:36.541-0500] {processor.py:186} INFO - Started process (PID=35813) to work on /Users/binhpham/Library/Python/3.9/lib/python/site-packages/airflow/example_dags/tutorial.py
[2024-09-06T19:50:36.544-0500] {processor.py:914} INFO - Processing file /Users/binhpham/Library/Python/3.9/lib/python/site-packages/airflow/example_dags/tutorial.py for tasks to queue
[2024-09-06T19:50:36.544-0500] {logging_mixin.py:190} INFO - [2024-09-06T19:50:36.544-0500] {dagbag.py:587} INFO - Filling up the DagBag from /Users/binhpham/Library/Python/3.9/lib/python/site-packages/airflow/example_dags/tutorial.py
[2024-09-06T19:50:36.548-0500] {processor.py:925} INFO - DAG(s) 'tutorial' retrieved from /Users/binhpham/Library/Python/3.9/lib/python/site-packages/airflow/example_dags/tutorial.py
[2024-09-06T19:50:36.596-0500] {logging_mixin.py:190} INFO - [2024-09-06T19:50:36.596-0500] {dag.py:3229} INFO - Sync 1 DAGs
[2024-09-06T19:50:36.606-0500] {logging_mixin.py:190} INFO - [2024-09-06T19:50:36.606-0500] {dag.py:4156} INFO - Setting next_dagrun for tutorial to 2024-09-06 00:00:00+00:00, run_after=2024-09-07 00:00:00+00:00
[2024-09-06T19:50:36.614-0500] {processor.py:208} INFO - Processing /Users/binhpham/Library/Python/3.9/lib/python/site-packages/airflow/example_dags/tutorial.py took 0.074 seconds
[2024-09-06T19:51:57.935-0500] {processor.py:186} INFO - Started process (PID=36068) to work on /Users/binhpham/Library/Python/3.9/lib/python/site-packages/airflow/example_dags/tutorial.py
[2024-09-06T19:51:57.936-0500] {processor.py:914} INFO - Processing file /Users/binhpham/Library/Python/3.9/lib/python/site-packages/airflow/example_dags/tutorial.py for tasks to queue
[2024-09-06T19:51:57.936-0500] {logging_mixin.py:190} INFO - [2024-09-06T19:51:57.936-0500] {dagbag.py:587} INFO - Filling up the DagBag from /Users/binhpham/Library/Python/3.9/lib/python/site-packages/airflow/example_dags/tutorial.py
[2024-09-06T19:51:57.939-0500] {processor.py:925} INFO - DAG(s) 'tutorial' retrieved from /Users/binhpham/Library/Python/3.9/lib/python/site-packages/airflow/example_dags/tutorial.py
[2024-09-06T19:51:57.985-0500] {logging_mixin.py:190} INFO - [2024-09-06T19:51:57.985-0500] {dag.py:3229} INFO - Sync 1 DAGs
[2024-09-06T19:51:57.994-0500] {logging_mixin.py:190} INFO - [2024-09-06T19:51:57.994-0500] {dag.py:4156} INFO - Setting next_dagrun for tutorial to 2024-09-06 00:00:00+00:00, run_after=2024-09-07 00:00:00+00:00
[2024-09-06T19:51:58.002-0500] {processor.py:208} INFO - Processing /Users/binhpham/Library/Python/3.9/lib/python/site-packages/airflow/example_dags/tutorial.py took 0.069 seconds
[2024-09-06T19:53:46.940-0500] {processor.py:186} INFO - Started process (PID=36457) to work on /Users/binhpham/Library/Python/3.9/lib/python/site-packages/airflow/example_dags/tutorial.py
[2024-09-06T19:53:46.942-0500] {processor.py:914} INFO - Processing file /Users/binhpham/Library/Python/3.9/lib/python/site-packages/airflow/example_dags/tutorial.py for tasks to queue
[2024-09-06T19:53:46.943-0500] {logging_mixin.py:190} INFO - [2024-09-06T19:53:46.942-0500] {dagbag.py:587} INFO - Filling up the DagBag from /Users/binhpham/Library/Python/3.9/lib/python/site-packages/airflow/example_dags/tutorial.py
[2024-09-06T19:53:46.947-0500] {processor.py:925} INFO - DAG(s) 'tutorial' retrieved from /Users/binhpham/Library/Python/3.9/lib/python/site-packages/airflow/example_dags/tutorial.py
[2024-09-06T19:53:46.993-0500] {logging_mixin.py:190} INFO - [2024-09-06T19:53:46.993-0500] {dag.py:3229} INFO - Sync 1 DAGs
[2024-09-06T19:53:47.005-0500] {logging_mixin.py:190} INFO - [2024-09-06T19:53:47.005-0500] {dag.py:4156} INFO - Setting next_dagrun for tutorial to 2024-09-06 00:00:00+00:00, run_after=2024-09-07 00:00:00+00:00
[2024-09-06T19:53:47.014-0500] {processor.py:208} INFO - Processing /Users/binhpham/Library/Python/3.9/lib/python/site-packages/airflow/example_dags/tutorial.py took 0.075 seconds
[2024-09-06T19:55:37.811-0500] {processor.py:186} INFO - Started process (PID=36834) to work on /Users/binhpham/Library/Python/3.9/lib/python/site-packages/airflow/example_dags/tutorial.py
[2024-09-06T19:55:37.814-0500] {processor.py:914} INFO - Processing file /Users/binhpham/Library/Python/3.9/lib/python/site-packages/airflow/example_dags/tutorial.py for tasks to queue
[2024-09-06T19:55:37.814-0500] {logging_mixin.py:190} INFO - [2024-09-06T19:55:37.814-0500] {dagbag.py:587} INFO - Filling up the DagBag from /Users/binhpham/Library/Python/3.9/lib/python/site-packages/airflow/example_dags/tutorial.py
[2024-09-06T19:55:37.818-0500] {processor.py:925} INFO - DAG(s) 'tutorial' retrieved from /Users/binhpham/Library/Python/3.9/lib/python/site-packages/airflow/example_dags/tutorial.py
[2024-09-06T19:55:37.866-0500] {logging_mixin.py:190} INFO - [2024-09-06T19:55:37.866-0500] {dag.py:3229} INFO - Sync 1 DAGs
[2024-09-06T19:55:37.877-0500] {logging_mixin.py:190} INFO - [2024-09-06T19:55:37.877-0500] {dag.py:4156} INFO - Setting next_dagrun for tutorial to 2024-09-06 00:00:00+00:00, run_after=2024-09-07 00:00:00+00:00
[2024-09-06T19:55:37.884-0500] {processor.py:208} INFO - Processing /Users/binhpham/Library/Python/3.9/lib/python/site-packages/airflow/example_dags/tutorial.py took 0.075 seconds
[2024-09-06T19:56:59.617-0500] {processor.py:186} INFO - Started process (PID=37088) to work on /Users/binhpham/Library/Python/3.9/lib/python/site-packages/airflow/example_dags/tutorial.py
[2024-09-06T19:56:59.619-0500] {processor.py:914} INFO - Processing file /Users/binhpham/Library/Python/3.9/lib/python/site-packages/airflow/example_dags/tutorial.py for tasks to queue
[2024-09-06T19:56:59.619-0500] {logging_mixin.py:190} INFO - [2024-09-06T19:56:59.619-0500] {dagbag.py:587} INFO - Filling up the DagBag from /Users/binhpham/Library/Python/3.9/lib/python/site-packages/airflow/example_dags/tutorial.py
[2024-09-06T19:56:59.623-0500] {processor.py:925} INFO - DAG(s) 'tutorial' retrieved from /Users/binhpham/Library/Python/3.9/lib/python/site-packages/airflow/example_dags/tutorial.py
[2024-09-06T19:56:59.668-0500] {logging_mixin.py:190} INFO - [2024-09-06T19:56:59.668-0500] {dag.py:3229} INFO - Sync 1 DAGs
[2024-09-06T19:56:59.678-0500] {logging_mixin.py:190} INFO - [2024-09-06T19:56:59.678-0500] {dag.py:4156} INFO - Setting next_dagrun for tutorial to 2024-09-06 00:00:00+00:00, run_after=2024-09-07 00:00:00+00:00
[2024-09-06T19:56:59.687-0500] {processor.py:208} INFO - Processing /Users/binhpham/Library/Python/3.9/lib/python/site-packages/airflow/example_dags/tutorial.py took 0.072 seconds
[2024-09-06T19:58:21.526-0500] {processor.py:186} INFO - Started process (PID=37335) to work on /Users/binhpham/Library/Python/3.9/lib/python/site-packages/airflow/example_dags/tutorial.py
[2024-09-06T19:58:21.528-0500] {processor.py:914} INFO - Processing file /Users/binhpham/Library/Python/3.9/lib/python/site-packages/airflow/example_dags/tutorial.py for tasks to queue
[2024-09-06T19:58:21.528-0500] {logging_mixin.py:190} INFO - [2024-09-06T19:58:21.528-0500] {dagbag.py:587} INFO - Filling up the DagBag from /Users/binhpham/Library/Python/3.9/lib/python/site-packages/airflow/example_dags/tutorial.py
[2024-09-06T19:58:21.532-0500] {processor.py:925} INFO - DAG(s) 'tutorial' retrieved from /Users/binhpham/Library/Python/3.9/lib/python/site-packages/airflow/example_dags/tutorial.py
[2024-09-06T19:58:21.576-0500] {logging_mixin.py:190} INFO - [2024-09-06T19:58:21.576-0500] {dag.py:3229} INFO - Sync 1 DAGs
[2024-09-06T19:58:21.587-0500] {logging_mixin.py:190} INFO - [2024-09-06T19:58:21.586-0500] {dag.py:4156} INFO - Setting next_dagrun for tutorial to 2024-09-06 00:00:00+00:00, run_after=2024-09-07 00:00:00+00:00
[2024-09-06T19:58:21.594-0500] {processor.py:208} INFO - Processing /Users/binhpham/Library/Python/3.9/lib/python/site-packages/airflow/example_dags/tutorial.py took 0.069 seconds
[2024-09-06T19:59:44.458-0500] {processor.py:186} INFO - Started process (PID=37587) to work on /Users/binhpham/Library/Python/3.9/lib/python/site-packages/airflow/example_dags/tutorial.py
[2024-09-06T19:59:44.459-0500] {processor.py:914} INFO - Processing file /Users/binhpham/Library/Python/3.9/lib/python/site-packages/airflow/example_dags/tutorial.py for tasks to queue
[2024-09-06T19:59:44.460-0500] {logging_mixin.py:190} INFO - [2024-09-06T19:59:44.459-0500] {dagbag.py:587} INFO - Filling up the DagBag from /Users/binhpham/Library/Python/3.9/lib/python/site-packages/airflow/example_dags/tutorial.py
[2024-09-06T19:59:44.463-0500] {processor.py:925} INFO - DAG(s) 'tutorial' retrieved from /Users/binhpham/Library/Python/3.9/lib/python/site-packages/airflow/example_dags/tutorial.py
[2024-09-06T19:59:44.504-0500] {logging_mixin.py:190} INFO - [2024-09-06T19:59:44.504-0500] {dag.py:3229} INFO - Sync 1 DAGs
[2024-09-06T19:59:44.514-0500] {logging_mixin.py:190} INFO - [2024-09-06T19:59:44.513-0500] {dag.py:4156} INFO - Setting next_dagrun for tutorial to 2024-09-06 00:00:00+00:00, run_after=2024-09-07 00:00:00+00:00
[2024-09-06T19:59:44.521-0500] {processor.py:208} INFO - Processing /Users/binhpham/Library/Python/3.9/lib/python/site-packages/airflow/example_dags/tutorial.py took 0.065 seconds
[2024-09-06T20:01:05.462-0500] {processor.py:186} INFO - Started process (PID=37840) to work on /Users/binhpham/Library/Python/3.9/lib/python/site-packages/airflow/example_dags/tutorial.py
[2024-09-06T20:01:05.464-0500] {processor.py:914} INFO - Processing file /Users/binhpham/Library/Python/3.9/lib/python/site-packages/airflow/example_dags/tutorial.py for tasks to queue
[2024-09-06T20:01:05.464-0500] {logging_mixin.py:190} INFO - [2024-09-06T20:01:05.464-0500] {dagbag.py:587} INFO - Filling up the DagBag from /Users/binhpham/Library/Python/3.9/lib/python/site-packages/airflow/example_dags/tutorial.py
[2024-09-06T20:01:05.468-0500] {processor.py:925} INFO - DAG(s) 'tutorial' retrieved from /Users/binhpham/Library/Python/3.9/lib/python/site-packages/airflow/example_dags/tutorial.py
[2024-09-06T20:01:05.513-0500] {logging_mixin.py:190} INFO - [2024-09-06T20:01:05.513-0500] {dag.py:3229} INFO - Sync 1 DAGs
[2024-09-06T20:01:05.524-0500] {logging_mixin.py:190} INFO - [2024-09-06T20:01:05.523-0500] {dag.py:4156} INFO - Setting next_dagrun for tutorial to 2024-09-06 00:00:00+00:00, run_after=2024-09-07 00:00:00+00:00
[2024-09-06T20:01:05.532-0500] {processor.py:208} INFO - Processing /Users/binhpham/Library/Python/3.9/lib/python/site-packages/airflow/example_dags/tutorial.py took 0.072 seconds
[2024-09-06T20:02:26.615-0500] {processor.py:186} INFO - Started process (PID=38091) to work on /Users/binhpham/Library/Python/3.9/lib/python/site-packages/airflow/example_dags/tutorial.py
[2024-09-06T20:02:26.616-0500] {processor.py:914} INFO - Processing file /Users/binhpham/Library/Python/3.9/lib/python/site-packages/airflow/example_dags/tutorial.py for tasks to queue
[2024-09-06T20:02:26.617-0500] {logging_mixin.py:190} INFO - [2024-09-06T20:02:26.617-0500] {dagbag.py:587} INFO - Filling up the DagBag from /Users/binhpham/Library/Python/3.9/lib/python/site-packages/airflow/example_dags/tutorial.py
[2024-09-06T20:02:26.620-0500] {processor.py:925} INFO - DAG(s) 'tutorial' retrieved from /Users/binhpham/Library/Python/3.9/lib/python/site-packages/airflow/example_dags/tutorial.py
[2024-09-06T20:02:26.666-0500] {logging_mixin.py:190} INFO - [2024-09-06T20:02:26.666-0500] {dag.py:3229} INFO - Sync 1 DAGs
[2024-09-06T20:02:26.676-0500] {logging_mixin.py:190} INFO - [2024-09-06T20:02:26.676-0500] {dag.py:4156} INFO - Setting next_dagrun for tutorial to 2024-09-06 00:00:00+00:00, run_after=2024-09-07 00:00:00+00:00
[2024-09-06T20:02:26.685-0500] {processor.py:208} INFO - Processing /Users/binhpham/Library/Python/3.9/lib/python/site-packages/airflow/example_dags/tutorial.py took 0.071 seconds
[2024-09-06T20:03:45.558-0500] {processor.py:186} INFO - Started process (PID=38336) to work on /Users/binhpham/Library/Python/3.9/lib/python/site-packages/airflow/example_dags/tutorial.py
[2024-09-06T20:03:45.560-0500] {processor.py:914} INFO - Processing file /Users/binhpham/Library/Python/3.9/lib/python/site-packages/airflow/example_dags/tutorial.py for tasks to queue
[2024-09-06T20:03:45.561-0500] {logging_mixin.py:190} INFO - [2024-09-06T20:03:45.560-0500] {dagbag.py:587} INFO - Filling up the DagBag from /Users/binhpham/Library/Python/3.9/lib/python/site-packages/airflow/example_dags/tutorial.py
[2024-09-06T20:03:45.564-0500] {processor.py:925} INFO - DAG(s) 'tutorial' retrieved from /Users/binhpham/Library/Python/3.9/lib/python/site-packages/airflow/example_dags/tutorial.py
[2024-09-06T20:03:45.610-0500] {logging_mixin.py:190} INFO - [2024-09-06T20:03:45.610-0500] {dag.py:3229} INFO - Sync 1 DAGs
[2024-09-06T20:03:45.622-0500] {logging_mixin.py:190} INFO - [2024-09-06T20:03:45.621-0500] {dag.py:4156} INFO - Setting next_dagrun for tutorial to 2024-09-06 00:00:00+00:00, run_after=2024-09-07 00:00:00+00:00
[2024-09-06T20:03:45.630-0500] {processor.py:208} INFO - Processing /Users/binhpham/Library/Python/3.9/lib/python/site-packages/airflow/example_dags/tutorial.py took 0.074 seconds
[2024-09-06T20:05:04.295-0500] {processor.py:186} INFO - Started process (PID=38576) to work on /Users/binhpham/Library/Python/3.9/lib/python/site-packages/airflow/example_dags/tutorial.py
[2024-09-06T20:05:04.296-0500] {processor.py:914} INFO - Processing file /Users/binhpham/Library/Python/3.9/lib/python/site-packages/airflow/example_dags/tutorial.py for tasks to queue
[2024-09-06T20:05:04.296-0500] {logging_mixin.py:190} INFO - [2024-09-06T20:05:04.296-0500] {dagbag.py:587} INFO - Filling up the DagBag from /Users/binhpham/Library/Python/3.9/lib/python/site-packages/airflow/example_dags/tutorial.py
[2024-09-06T20:05:04.300-0500] {processor.py:925} INFO - DAG(s) 'tutorial' retrieved from /Users/binhpham/Library/Python/3.9/lib/python/site-packages/airflow/example_dags/tutorial.py
[2024-09-06T20:05:04.346-0500] {logging_mixin.py:190} INFO - [2024-09-06T20:05:04.346-0500] {dag.py:3229} INFO - Sync 1 DAGs
[2024-09-06T20:05:04.355-0500] {logging_mixin.py:190} INFO - [2024-09-06T20:05:04.355-0500] {dag.py:4156} INFO - Setting next_dagrun for tutorial to 2024-09-06 00:00:00+00:00, run_after=2024-09-07 00:00:00+00:00
[2024-09-06T20:05:04.363-0500] {processor.py:208} INFO - Processing /Users/binhpham/Library/Python/3.9/lib/python/site-packages/airflow/example_dags/tutorial.py took 0.070 seconds
[2024-09-06T20:06:25.633-0500] {processor.py:186} INFO - Started process (PID=38823) to work on /Users/binhpham/Library/Python/3.9/lib/python/site-packages/airflow/example_dags/tutorial.py
[2024-09-06T20:06:25.635-0500] {processor.py:914} INFO - Processing file /Users/binhpham/Library/Python/3.9/lib/python/site-packages/airflow/example_dags/tutorial.py for tasks to queue
[2024-09-06T20:06:25.636-0500] {logging_mixin.py:190} INFO - [2024-09-06T20:06:25.636-0500] {dagbag.py:587} INFO - Filling up the DagBag from /Users/binhpham/Library/Python/3.9/lib/python/site-packages/airflow/example_dags/tutorial.py
[2024-09-06T20:06:25.639-0500] {processor.py:925} INFO - DAG(s) 'tutorial' retrieved from /Users/binhpham/Library/Python/3.9/lib/python/site-packages/airflow/example_dags/tutorial.py
[2024-09-06T20:06:25.684-0500] {logging_mixin.py:190} INFO - [2024-09-06T20:06:25.683-0500] {dag.py:3229} INFO - Sync 1 DAGs
[2024-09-06T20:06:25.694-0500] {logging_mixin.py:190} INFO - [2024-09-06T20:06:25.694-0500] {dag.py:4156} INFO - Setting next_dagrun for tutorial to 2024-09-06 00:00:00+00:00, run_after=2024-09-07 00:00:00+00:00
[2024-09-06T20:06:25.702-0500] {processor.py:208} INFO - Processing /Users/binhpham/Library/Python/3.9/lib/python/site-packages/airflow/example_dags/tutorial.py took 0.070 seconds
[2024-09-06T20:07:46.201-0500] {processor.py:186} INFO - Started process (PID=39066) to work on /Users/binhpham/Library/Python/3.9/lib/python/site-packages/airflow/example_dags/tutorial.py
[2024-09-06T20:07:46.203-0500] {processor.py:914} INFO - Processing file /Users/binhpham/Library/Python/3.9/lib/python/site-packages/airflow/example_dags/tutorial.py for tasks to queue
[2024-09-06T20:07:46.204-0500] {logging_mixin.py:190} INFO - [2024-09-06T20:07:46.204-0500] {dagbag.py:587} INFO - Filling up the DagBag from /Users/binhpham/Library/Python/3.9/lib/python/site-packages/airflow/example_dags/tutorial.py
[2024-09-06T20:07:46.207-0500] {processor.py:925} INFO - DAG(s) 'tutorial' retrieved from /Users/binhpham/Library/Python/3.9/lib/python/site-packages/airflow/example_dags/tutorial.py
[2024-09-06T20:07:46.250-0500] {logging_mixin.py:190} INFO - [2024-09-06T20:07:46.249-0500] {dag.py:3229} INFO - Sync 1 DAGs
[2024-09-06T20:07:46.262-0500] {logging_mixin.py:190} INFO - [2024-09-06T20:07:46.262-0500] {dag.py:4156} INFO - Setting next_dagrun for tutorial to 2024-09-06 00:00:00+00:00, run_after=2024-09-07 00:00:00+00:00
[2024-09-06T20:07:46.269-0500] {processor.py:208} INFO - Processing /Users/binhpham/Library/Python/3.9/lib/python/site-packages/airflow/example_dags/tutorial.py took 0.070 seconds
[2024-09-06T20:09:06.241-0500] {processor.py:186} INFO - Started process (PID=39310) to work on /Users/binhpham/Library/Python/3.9/lib/python/site-packages/airflow/example_dags/tutorial.py
[2024-09-06T20:09:06.243-0500] {processor.py:914} INFO - Processing file /Users/binhpham/Library/Python/3.9/lib/python/site-packages/airflow/example_dags/tutorial.py for tasks to queue
[2024-09-06T20:09:06.244-0500] {logging_mixin.py:190} INFO - [2024-09-06T20:09:06.244-0500] {dagbag.py:587} INFO - Filling up the DagBag from /Users/binhpham/Library/Python/3.9/lib/python/site-packages/airflow/example_dags/tutorial.py
[2024-09-06T20:09:06.247-0500] {processor.py:925} INFO - DAG(s) 'tutorial' retrieved from /Users/binhpham/Library/Python/3.9/lib/python/site-packages/airflow/example_dags/tutorial.py
[2024-09-06T20:09:06.291-0500] {logging_mixin.py:190} INFO - [2024-09-06T20:09:06.291-0500] {dag.py:3229} INFO - Sync 1 DAGs
[2024-09-06T20:09:06.300-0500] {logging_mixin.py:190} INFO - [2024-09-06T20:09:06.300-0500] {dag.py:4156} INFO - Setting next_dagrun for tutorial to 2024-09-06 00:00:00+00:00, run_after=2024-09-07 00:00:00+00:00
[2024-09-06T20:09:06.309-0500] {processor.py:208} INFO - Processing /Users/binhpham/Library/Python/3.9/lib/python/site-packages/airflow/example_dags/tutorial.py took 0.069 seconds
[2024-09-06T20:10:33.758-0500] {processor.py:186} INFO - Started process (PID=39607) to work on /Users/binhpham/Library/Python/3.9/lib/python/site-packages/airflow/example_dags/tutorial.py
[2024-09-06T20:10:33.760-0500] {processor.py:914} INFO - Processing file /Users/binhpham/Library/Python/3.9/lib/python/site-packages/airflow/example_dags/tutorial.py for tasks to queue
[2024-09-06T20:10:33.761-0500] {logging_mixin.py:190} INFO - [2024-09-06T20:10:33.761-0500] {dagbag.py:587} INFO - Filling up the DagBag from /Users/binhpham/Library/Python/3.9/lib/python/site-packages/airflow/example_dags/tutorial.py
[2024-09-06T20:10:33.764-0500] {processor.py:925} INFO - DAG(s) 'tutorial' retrieved from /Users/binhpham/Library/Python/3.9/lib/python/site-packages/airflow/example_dags/tutorial.py
[2024-09-06T20:10:33.809-0500] {logging_mixin.py:190} INFO - [2024-09-06T20:10:33.809-0500] {dag.py:3229} INFO - Sync 1 DAGs
[2024-09-06T20:10:33.820-0500] {logging_mixin.py:190} INFO - [2024-09-06T20:10:33.820-0500] {dag.py:4156} INFO - Setting next_dagrun for tutorial to 2024-09-06 00:00:00+00:00, run_after=2024-09-07 00:00:00+00:00
[2024-09-06T20:10:33.828-0500] {processor.py:208} INFO - Processing /Users/binhpham/Library/Python/3.9/lib/python/site-packages/airflow/example_dags/tutorial.py took 0.072 seconds
[2024-09-06T20:11:52.990-0500] {processor.py:186} INFO - Started process (PID=39869) to work on /Users/binhpham/Library/Python/3.9/lib/python/site-packages/airflow/example_dags/tutorial.py
[2024-09-06T20:11:52.993-0500] {processor.py:914} INFO - Processing file /Users/binhpham/Library/Python/3.9/lib/python/site-packages/airflow/example_dags/tutorial.py for tasks to queue
[2024-09-06T20:11:52.993-0500] {logging_mixin.py:190} INFO - [2024-09-06T20:11:52.993-0500] {dagbag.py:587} INFO - Filling up the DagBag from /Users/binhpham/Library/Python/3.9/lib/python/site-packages/airflow/example_dags/tutorial.py
[2024-09-06T20:11:52.997-0500] {processor.py:925} INFO - DAG(s) 'tutorial' retrieved from /Users/binhpham/Library/Python/3.9/lib/python/site-packages/airflow/example_dags/tutorial.py
[2024-09-06T20:11:53.040-0500] {logging_mixin.py:190} INFO - [2024-09-06T20:11:53.040-0500] {dag.py:3229} INFO - Sync 1 DAGs
[2024-09-06T20:11:53.050-0500] {logging_mixin.py:190} INFO - [2024-09-06T20:11:53.050-0500] {dag.py:4156} INFO - Setting next_dagrun for tutorial to 2024-09-06 00:00:00+00:00, run_after=2024-09-07 00:00:00+00:00
[2024-09-06T20:11:53.058-0500] {processor.py:208} INFO - Processing /Users/binhpham/Library/Python/3.9/lib/python/site-packages/airflow/example_dags/tutorial.py took 0.069 seconds
[2024-09-06T20:13:15.640-0500] {processor.py:186} INFO - Started process (PID=40156) to work on /Users/binhpham/Library/Python/3.9/lib/python/site-packages/airflow/example_dags/tutorial.py
[2024-09-06T20:13:15.643-0500] {processor.py:914} INFO - Processing file /Users/binhpham/Library/Python/3.9/lib/python/site-packages/airflow/example_dags/tutorial.py for tasks to queue
[2024-09-06T20:13:15.643-0500] {logging_mixin.py:190} INFO - [2024-09-06T20:13:15.643-0500] {dagbag.py:587} INFO - Filling up the DagBag from /Users/binhpham/Library/Python/3.9/lib/python/site-packages/airflow/example_dags/tutorial.py
[2024-09-06T20:13:15.647-0500] {processor.py:925} INFO - DAG(s) 'tutorial' retrieved from /Users/binhpham/Library/Python/3.9/lib/python/site-packages/airflow/example_dags/tutorial.py
[2024-09-06T20:13:15.692-0500] {logging_mixin.py:190} INFO - [2024-09-06T20:13:15.692-0500] {dag.py:3229} INFO - Sync 1 DAGs
[2024-09-06T20:13:15.702-0500] {logging_mixin.py:190} INFO - [2024-09-06T20:13:15.702-0500] {dag.py:4156} INFO - Setting next_dagrun for tutorial to 2024-09-06 00:00:00+00:00, run_after=2024-09-07 00:00:00+00:00
[2024-09-06T20:13:15.709-0500] {processor.py:208} INFO - Processing /Users/binhpham/Library/Python/3.9/lib/python/site-packages/airflow/example_dags/tutorial.py took 0.071 seconds
[2024-09-06T20:14:37.348-0500] {processor.py:186} INFO - Started process (PID=40418) to work on /Users/binhpham/Library/Python/3.9/lib/python/site-packages/airflow/example_dags/tutorial.py
[2024-09-06T20:14:37.350-0500] {processor.py:914} INFO - Processing file /Users/binhpham/Library/Python/3.9/lib/python/site-packages/airflow/example_dags/tutorial.py for tasks to queue
[2024-09-06T20:14:37.351-0500] {logging_mixin.py:190} INFO - [2024-09-06T20:14:37.351-0500] {dagbag.py:587} INFO - Filling up the DagBag from /Users/binhpham/Library/Python/3.9/lib/python/site-packages/airflow/example_dags/tutorial.py
[2024-09-06T20:14:37.354-0500] {processor.py:925} INFO - DAG(s) 'tutorial' retrieved from /Users/binhpham/Library/Python/3.9/lib/python/site-packages/airflow/example_dags/tutorial.py
[2024-09-06T20:14:37.401-0500] {logging_mixin.py:190} INFO - [2024-09-06T20:14:37.400-0500] {dag.py:3229} INFO - Sync 1 DAGs
[2024-09-06T20:14:37.413-0500] {logging_mixin.py:190} INFO - [2024-09-06T20:14:37.413-0500] {dag.py:4156} INFO - Setting next_dagrun for tutorial to 2024-09-06 00:00:00+00:00, run_after=2024-09-07 00:00:00+00:00
[2024-09-06T20:14:37.422-0500] {processor.py:208} INFO - Processing /Users/binhpham/Library/Python/3.9/lib/python/site-packages/airflow/example_dags/tutorial.py took 0.075 seconds
[2024-09-06T20:15:09.174-0500] {processor.py:186} INFO - Started process (PID=40561) to work on /Users/binhpham/Library/Python/3.9/lib/python/site-packages/airflow/example_dags/tutorial.py
[2024-09-06T20:15:09.176-0500] {processor.py:914} INFO - Processing file /Users/binhpham/Library/Python/3.9/lib/python/site-packages/airflow/example_dags/tutorial.py for tasks to queue
[2024-09-06T20:15:09.176-0500] {logging_mixin.py:190} INFO - [2024-09-06T20:15:09.176-0500] {dagbag.py:587} INFO - Filling up the DagBag from /Users/binhpham/Library/Python/3.9/lib/python/site-packages/airflow/example_dags/tutorial.py
[2024-09-06T20:15:09.180-0500] {processor.py:925} INFO - DAG(s) 'tutorial' retrieved from /Users/binhpham/Library/Python/3.9/lib/python/site-packages/airflow/example_dags/tutorial.py
[2024-09-06T20:15:09.225-0500] {logging_mixin.py:190} INFO - [2024-09-06T20:15:09.225-0500] {dag.py:3229} INFO - Sync 1 DAGs
[2024-09-06T20:15:09.237-0500] {logging_mixin.py:190} INFO - [2024-09-06T20:15:09.236-0500] {dag.py:4156} INFO - Setting next_dagrun for tutorial to 2024-09-06 00:00:00+00:00, run_after=2024-09-07 00:00:00+00:00
[2024-09-06T20:15:09.244-0500] {processor.py:208} INFO - Processing /Users/binhpham/Library/Python/3.9/lib/python/site-packages/airflow/example_dags/tutorial.py took 0.071 seconds
[2024-09-06T20:21:59.700-0500] {processor.py:186} INFO - Started process (PID=42763) to work on /Users/binhpham/Library/Python/3.9/lib/python/site-packages/airflow/example_dags/tutorial.py
[2024-09-06T20:21:59.703-0500] {processor.py:914} INFO - Processing file /Users/binhpham/Library/Python/3.9/lib/python/site-packages/airflow/example_dags/tutorial.py for tasks to queue
[2024-09-06T20:21:59.703-0500] {logging_mixin.py:190} INFO - [2024-09-06T20:21:59.703-0500] {dagbag.py:587} INFO - Filling up the DagBag from /Users/binhpham/Library/Python/3.9/lib/python/site-packages/airflow/example_dags/tutorial.py
[2024-09-06T20:21:59.707-0500] {processor.py:925} INFO - DAG(s) 'tutorial' retrieved from /Users/binhpham/Library/Python/3.9/lib/python/site-packages/airflow/example_dags/tutorial.py
[2024-09-06T20:21:59.751-0500] {logging_mixin.py:190} INFO - [2024-09-06T20:21:59.751-0500] {dag.py:3229} INFO - Sync 1 DAGs
[2024-09-06T20:21:59.765-0500] {logging_mixin.py:190} INFO - [2024-09-06T20:21:59.765-0500] {dag.py:4156} INFO - Setting next_dagrun for tutorial to 2024-09-06 00:00:00+00:00, run_after=2024-09-07 00:00:00+00:00
[2024-09-06T20:21:59.773-0500] {processor.py:208} INFO - Processing /Users/binhpham/Library/Python/3.9/lib/python/site-packages/airflow/example_dags/tutorial.py took 0.074 seconds
[2024-09-06T20:23:51.590-0500] {processor.py:186} INFO - Started process (PID=43125) to work on /Users/binhpham/Library/Python/3.9/lib/python/site-packages/airflow/example_dags/tutorial.py
[2024-09-06T20:23:51.592-0500] {processor.py:914} INFO - Processing file /Users/binhpham/Library/Python/3.9/lib/python/site-packages/airflow/example_dags/tutorial.py for tasks to queue
[2024-09-06T20:23:51.593-0500] {logging_mixin.py:190} INFO - [2024-09-06T20:23:51.593-0500] {dagbag.py:587} INFO - Filling up the DagBag from /Users/binhpham/Library/Python/3.9/lib/python/site-packages/airflow/example_dags/tutorial.py
[2024-09-06T20:23:51.597-0500] {processor.py:925} INFO - DAG(s) 'tutorial' retrieved from /Users/binhpham/Library/Python/3.9/lib/python/site-packages/airflow/example_dags/tutorial.py
[2024-09-06T20:23:51.641-0500] {logging_mixin.py:190} INFO - [2024-09-06T20:23:51.641-0500] {dag.py:3229} INFO - Sync 1 DAGs
[2024-09-06T20:23:51.650-0500] {logging_mixin.py:190} INFO - [2024-09-06T20:23:51.650-0500] {dag.py:4156} INFO - Setting next_dagrun for tutorial to 2024-09-06 00:00:00+00:00, run_after=2024-09-07 00:00:00+00:00
[2024-09-06T20:23:51.658-0500] {processor.py:208} INFO - Processing /Users/binhpham/Library/Python/3.9/lib/python/site-packages/airflow/example_dags/tutorial.py took 0.069 seconds
[2024-09-06T20:25:14.130-0500] {processor.py:186} INFO - Started process (PID=43380) to work on /Users/binhpham/Library/Python/3.9/lib/python/site-packages/airflow/example_dags/tutorial.py
[2024-09-06T20:25:14.132-0500] {processor.py:914} INFO - Processing file /Users/binhpham/Library/Python/3.9/lib/python/site-packages/airflow/example_dags/tutorial.py for tasks to queue
[2024-09-06T20:25:14.133-0500] {logging_mixin.py:190} INFO - [2024-09-06T20:25:14.133-0500] {dagbag.py:587} INFO - Filling up the DagBag from /Users/binhpham/Library/Python/3.9/lib/python/site-packages/airflow/example_dags/tutorial.py
[2024-09-06T20:25:14.136-0500] {processor.py:925} INFO - DAG(s) 'tutorial' retrieved from /Users/binhpham/Library/Python/3.9/lib/python/site-packages/airflow/example_dags/tutorial.py
[2024-09-06T20:25:14.183-0500] {logging_mixin.py:190} INFO - [2024-09-06T20:25:14.183-0500] {dag.py:3229} INFO - Sync 1 DAGs
[2024-09-06T20:25:14.193-0500] {logging_mixin.py:190} INFO - [2024-09-06T20:25:14.192-0500] {dag.py:4156} INFO - Setting next_dagrun for tutorial to 2024-09-06 00:00:00+00:00, run_after=2024-09-07 00:00:00+00:00
[2024-09-06T20:25:14.201-0500] {processor.py:208} INFO - Processing /Users/binhpham/Library/Python/3.9/lib/python/site-packages/airflow/example_dags/tutorial.py took 0.072 seconds
[2024-09-06T20:26:36.674-0500] {processor.py:186} INFO - Started process (PID=43655) to work on /Users/binhpham/Library/Python/3.9/lib/python/site-packages/airflow/example_dags/tutorial.py
[2024-09-06T20:26:36.677-0500] {processor.py:914} INFO - Processing file /Users/binhpham/Library/Python/3.9/lib/python/site-packages/airflow/example_dags/tutorial.py for tasks to queue
[2024-09-06T20:26:36.677-0500] {logging_mixin.py:190} INFO - [2024-09-06T20:26:36.677-0500] {dagbag.py:587} INFO - Filling up the DagBag from /Users/binhpham/Library/Python/3.9/lib/python/site-packages/airflow/example_dags/tutorial.py
[2024-09-06T20:26:36.681-0500] {processor.py:925} INFO - DAG(s) 'tutorial' retrieved from /Users/binhpham/Library/Python/3.9/lib/python/site-packages/airflow/example_dags/tutorial.py
[2024-09-06T20:26:36.726-0500] {logging_mixin.py:190} INFO - [2024-09-06T20:26:36.726-0500] {dag.py:3229} INFO - Sync 1 DAGs
[2024-09-06T20:26:36.737-0500] {logging_mixin.py:190} INFO - [2024-09-06T20:26:36.736-0500] {dag.py:4156} INFO - Setting next_dagrun for tutorial to 2024-09-06 00:00:00+00:00, run_after=2024-09-07 00:00:00+00:00
[2024-09-06T20:26:36.745-0500] {processor.py:208} INFO - Processing /Users/binhpham/Library/Python/3.9/lib/python/site-packages/airflow/example_dags/tutorial.py took 0.072 seconds
[2024-09-06T20:27:07.737-0500] {processor.py:186} INFO - Started process (PID=43782) to work on /Users/binhpham/Library/Python/3.9/lib/python/site-packages/airflow/example_dags/tutorial.py
[2024-09-06T20:27:07.740-0500] {processor.py:914} INFO - Processing file /Users/binhpham/Library/Python/3.9/lib/python/site-packages/airflow/example_dags/tutorial.py for tasks to queue
[2024-09-06T20:27:07.740-0500] {logging_mixin.py:190} INFO - [2024-09-06T20:27:07.740-0500] {dagbag.py:587} INFO - Filling up the DagBag from /Users/binhpham/Library/Python/3.9/lib/python/site-packages/airflow/example_dags/tutorial.py
[2024-09-06T20:27:07.743-0500] {processor.py:925} INFO - DAG(s) 'tutorial' retrieved from /Users/binhpham/Library/Python/3.9/lib/python/site-packages/airflow/example_dags/tutorial.py
[2024-09-06T20:27:07.785-0500] {logging_mixin.py:190} INFO - [2024-09-06T20:27:07.785-0500] {dag.py:3229} INFO - Sync 1 DAGs
[2024-09-06T20:27:07.795-0500] {logging_mixin.py:190} INFO - [2024-09-06T20:27:07.795-0500] {dag.py:4156} INFO - Setting next_dagrun for tutorial to 2024-09-06 00:00:00+00:00, run_after=2024-09-07 00:00:00+00:00
[2024-09-06T20:27:07.803-0500] {processor.py:208} INFO - Processing /Users/binhpham/Library/Python/3.9/lib/python/site-packages/airflow/example_dags/tutorial.py took 0.067 seconds
[2024-09-06T20:28:58.469-0500] {processor.py:186} INFO - Started process (PID=44141) to work on /Users/binhpham/Library/Python/3.9/lib/python/site-packages/airflow/example_dags/tutorial.py
[2024-09-06T20:28:58.472-0500] {processor.py:914} INFO - Processing file /Users/binhpham/Library/Python/3.9/lib/python/site-packages/airflow/example_dags/tutorial.py for tasks to queue
[2024-09-06T20:28:58.472-0500] {logging_mixin.py:190} INFO - [2024-09-06T20:28:58.472-0500] {dagbag.py:587} INFO - Filling up the DagBag from /Users/binhpham/Library/Python/3.9/lib/python/site-packages/airflow/example_dags/tutorial.py
[2024-09-06T20:28:58.475-0500] {processor.py:925} INFO - DAG(s) 'tutorial' retrieved from /Users/binhpham/Library/Python/3.9/lib/python/site-packages/airflow/example_dags/tutorial.py
[2024-09-06T20:28:58.519-0500] {logging_mixin.py:190} INFO - [2024-09-06T20:28:58.518-0500] {dag.py:3229} INFO - Sync 1 DAGs
[2024-09-06T20:28:58.531-0500] {logging_mixin.py:190} INFO - [2024-09-06T20:28:58.531-0500] {dag.py:4156} INFO - Setting next_dagrun for tutorial to 2024-09-06 00:00:00+00:00, run_after=2024-09-07 00:00:00+00:00
[2024-09-06T20:28:58.538-0500] {processor.py:208} INFO - Processing /Users/binhpham/Library/Python/3.9/lib/python/site-packages/airflow/example_dags/tutorial.py took 0.071 seconds
[2024-09-06T20:30:19.339-0500] {processor.py:186} INFO - Started process (PID=44420) to work on /Users/binhpham/Library/Python/3.9/lib/python/site-packages/airflow/example_dags/tutorial.py
[2024-09-06T20:30:19.341-0500] {processor.py:914} INFO - Processing file /Users/binhpham/Library/Python/3.9/lib/python/site-packages/airflow/example_dags/tutorial.py for tasks to queue
[2024-09-06T20:30:19.341-0500] {logging_mixin.py:190} INFO - [2024-09-06T20:30:19.341-0500] {dagbag.py:587} INFO - Filling up the DagBag from /Users/binhpham/Library/Python/3.9/lib/python/site-packages/airflow/example_dags/tutorial.py
[2024-09-06T20:30:19.345-0500] {processor.py:925} INFO - DAG(s) 'tutorial' retrieved from /Users/binhpham/Library/Python/3.9/lib/python/site-packages/airflow/example_dags/tutorial.py
[2024-09-06T20:30:19.387-0500] {logging_mixin.py:190} INFO - [2024-09-06T20:30:19.387-0500] {dag.py:3229} INFO - Sync 1 DAGs
[2024-09-06T20:30:19.400-0500] {logging_mixin.py:190} INFO - [2024-09-06T20:30:19.400-0500] {dag.py:4156} INFO - Setting next_dagrun for tutorial to 2024-09-06 00:00:00+00:00, run_after=2024-09-07 00:00:00+00:00
[2024-09-06T20:30:19.407-0500] {processor.py:208} INFO - Processing /Users/binhpham/Library/Python/3.9/lib/python/site-packages/airflow/example_dags/tutorial.py took 0.070 seconds
[2024-09-06T20:31:41.050-0500] {processor.py:186} INFO - Started process (PID=44670) to work on /Users/binhpham/Library/Python/3.9/lib/python/site-packages/airflow/example_dags/tutorial.py
[2024-09-06T20:31:41.053-0500] {processor.py:914} INFO - Processing file /Users/binhpham/Library/Python/3.9/lib/python/site-packages/airflow/example_dags/tutorial.py for tasks to queue
[2024-09-06T20:31:41.053-0500] {logging_mixin.py:190} INFO - [2024-09-06T20:31:41.053-0500] {dagbag.py:587} INFO - Filling up the DagBag from /Users/binhpham/Library/Python/3.9/lib/python/site-packages/airflow/example_dags/tutorial.py
[2024-09-06T20:31:41.057-0500] {processor.py:925} INFO - DAG(s) 'tutorial' retrieved from /Users/binhpham/Library/Python/3.9/lib/python/site-packages/airflow/example_dags/tutorial.py
[2024-09-06T20:31:41.100-0500] {logging_mixin.py:190} INFO - [2024-09-06T20:31:41.100-0500] {dag.py:3229} INFO - Sync 1 DAGs
[2024-09-06T20:31:41.110-0500] {logging_mixin.py:190} INFO - [2024-09-06T20:31:41.109-0500] {dag.py:4156} INFO - Setting next_dagrun for tutorial to 2024-09-06 00:00:00+00:00, run_after=2024-09-07 00:00:00+00:00
[2024-09-06T20:31:41.117-0500] {processor.py:208} INFO - Processing /Users/binhpham/Library/Python/3.9/lib/python/site-packages/airflow/example_dags/tutorial.py took 0.069 seconds
[2024-09-06T20:33:02.955-0500] {processor.py:186} INFO - Started process (PID=44941) to work on /Users/binhpham/Library/Python/3.9/lib/python/site-packages/airflow/example_dags/tutorial.py
[2024-09-06T20:33:02.958-0500] {processor.py:914} INFO - Processing file /Users/binhpham/Library/Python/3.9/lib/python/site-packages/airflow/example_dags/tutorial.py for tasks to queue
[2024-09-06T20:33:02.958-0500] {logging_mixin.py:190} INFO - [2024-09-06T20:33:02.958-0500] {dagbag.py:587} INFO - Filling up the DagBag from /Users/binhpham/Library/Python/3.9/lib/python/site-packages/airflow/example_dags/tutorial.py
[2024-09-06T20:33:02.962-0500] {processor.py:925} INFO - DAG(s) 'tutorial' retrieved from /Users/binhpham/Library/Python/3.9/lib/python/site-packages/airflow/example_dags/tutorial.py
[2024-09-06T20:33:03.005-0500] {logging_mixin.py:190} INFO - [2024-09-06T20:33:03.005-0500] {dag.py:3229} INFO - Sync 1 DAGs
[2024-09-06T20:33:03.014-0500] {logging_mixin.py:190} INFO - [2024-09-06T20:33:03.014-0500] {dag.py:4156} INFO - Setting next_dagrun for tutorial to 2024-09-06 00:00:00+00:00, run_after=2024-09-07 00:00:00+00:00
[2024-09-06T20:33:03.021-0500] {processor.py:208} INFO - Processing /Users/binhpham/Library/Python/3.9/lib/python/site-packages/airflow/example_dags/tutorial.py took 0.067 seconds
[2024-09-06T20:33:39.206-0500] {processor.py:186} INFO - Started process (PID=45082) to work on /Users/binhpham/Library/Python/3.9/lib/python/site-packages/airflow/example_dags/tutorial.py
[2024-09-06T20:33:39.208-0500] {processor.py:914} INFO - Processing file /Users/binhpham/Library/Python/3.9/lib/python/site-packages/airflow/example_dags/tutorial.py for tasks to queue
[2024-09-06T20:33:39.209-0500] {logging_mixin.py:190} INFO - [2024-09-06T20:33:39.209-0500] {dagbag.py:587} INFO - Filling up the DagBag from /Users/binhpham/Library/Python/3.9/lib/python/site-packages/airflow/example_dags/tutorial.py
[2024-09-06T20:33:39.212-0500] {processor.py:925} INFO - DAG(s) 'tutorial' retrieved from /Users/binhpham/Library/Python/3.9/lib/python/site-packages/airflow/example_dags/tutorial.py
[2024-09-06T20:33:39.256-0500] {logging_mixin.py:190} INFO - [2024-09-06T20:33:39.256-0500] {dag.py:3229} INFO - Sync 1 DAGs
[2024-09-06T20:33:39.266-0500] {logging_mixin.py:190} INFO - [2024-09-06T20:33:39.266-0500] {dag.py:4156} INFO - Setting next_dagrun for tutorial to 2024-09-06 00:00:00+00:00, run_after=2024-09-07 00:00:00+00:00
[2024-09-06T20:33:39.273-0500] {processor.py:208} INFO - Processing /Users/binhpham/Library/Python/3.9/lib/python/site-packages/airflow/example_dags/tutorial.py took 0.069 seconds
[2024-09-06T20:35:31.035-0500] {processor.py:186} INFO - Started process (PID=45438) to work on /Users/binhpham/Library/Python/3.9/lib/python/site-packages/airflow/example_dags/tutorial.py
[2024-09-06T20:35:31.037-0500] {processor.py:914} INFO - Processing file /Users/binhpham/Library/Python/3.9/lib/python/site-packages/airflow/example_dags/tutorial.py for tasks to queue
[2024-09-06T20:35:31.037-0500] {logging_mixin.py:190} INFO - [2024-09-06T20:35:31.037-0500] {dagbag.py:587} INFO - Filling up the DagBag from /Users/binhpham/Library/Python/3.9/lib/python/site-packages/airflow/example_dags/tutorial.py
[2024-09-06T20:35:31.041-0500] {processor.py:925} INFO - DAG(s) 'tutorial' retrieved from /Users/binhpham/Library/Python/3.9/lib/python/site-packages/airflow/example_dags/tutorial.py
[2024-09-06T20:35:31.090-0500] {logging_mixin.py:190} INFO - [2024-09-06T20:35:31.090-0500] {dag.py:3229} INFO - Sync 1 DAGs
[2024-09-06T20:35:31.101-0500] {logging_mixin.py:190} INFO - [2024-09-06T20:35:31.101-0500] {dag.py:4156} INFO - Setting next_dagrun for tutorial to 2024-09-06 00:00:00+00:00, run_after=2024-09-07 00:00:00+00:00
[2024-09-06T20:35:31.109-0500] {processor.py:208} INFO - Processing /Users/binhpham/Library/Python/3.9/lib/python/site-packages/airflow/example_dags/tutorial.py took 0.076 seconds
[2024-09-06T20:36:52.013-0500] {processor.py:186} INFO - Started process (PID=45697) to work on /Users/binhpham/Library/Python/3.9/lib/python/site-packages/airflow/example_dags/tutorial.py
[2024-09-06T20:36:52.015-0500] {processor.py:914} INFO - Processing file /Users/binhpham/Library/Python/3.9/lib/python/site-packages/airflow/example_dags/tutorial.py for tasks to queue
[2024-09-06T20:36:52.016-0500] {logging_mixin.py:190} INFO - [2024-09-06T20:36:52.016-0500] {dagbag.py:587} INFO - Filling up the DagBag from /Users/binhpham/Library/Python/3.9/lib/python/site-packages/airflow/example_dags/tutorial.py
[2024-09-06T20:36:52.019-0500] {processor.py:925} INFO - DAG(s) 'tutorial' retrieved from /Users/binhpham/Library/Python/3.9/lib/python/site-packages/airflow/example_dags/tutorial.py
[2024-09-06T20:36:52.061-0500] {logging_mixin.py:190} INFO - [2024-09-06T20:36:52.061-0500] {dag.py:3229} INFO - Sync 1 DAGs
[2024-09-06T20:36:52.071-0500] {logging_mixin.py:190} INFO - [2024-09-06T20:36:52.070-0500] {dag.py:4156} INFO - Setting next_dagrun for tutorial to 2024-09-06 00:00:00+00:00, run_after=2024-09-07 00:00:00+00:00
[2024-09-06T20:36:52.078-0500] {processor.py:208} INFO - Processing /Users/binhpham/Library/Python/3.9/lib/python/site-packages/airflow/example_dags/tutorial.py took 0.066 seconds
[2024-09-06T20:38:14.523-0500] {processor.py:186} INFO - Started process (PID=45981) to work on /Users/binhpham/Library/Python/3.9/lib/python/site-packages/airflow/example_dags/tutorial.py
[2024-09-06T20:38:14.526-0500] {processor.py:914} INFO - Processing file /Users/binhpham/Library/Python/3.9/lib/python/site-packages/airflow/example_dags/tutorial.py for tasks to queue
[2024-09-06T20:38:14.526-0500] {logging_mixin.py:190} INFO - [2024-09-06T20:38:14.526-0500] {dagbag.py:587} INFO - Filling up the DagBag from /Users/binhpham/Library/Python/3.9/lib/python/site-packages/airflow/example_dags/tutorial.py
[2024-09-06T20:38:14.530-0500] {processor.py:925} INFO - DAG(s) 'tutorial' retrieved from /Users/binhpham/Library/Python/3.9/lib/python/site-packages/airflow/example_dags/tutorial.py
[2024-09-06T20:38:14.575-0500] {logging_mixin.py:190} INFO - [2024-09-06T20:38:14.575-0500] {dag.py:3229} INFO - Sync 1 DAGs
[2024-09-06T20:38:14.585-0500] {logging_mixin.py:190} INFO - [2024-09-06T20:38:14.585-0500] {dag.py:4156} INFO - Setting next_dagrun for tutorial to 2024-09-06 00:00:00+00:00, run_after=2024-09-07 00:00:00+00:00
[2024-09-06T20:38:14.593-0500] {processor.py:208} INFO - Processing /Users/binhpham/Library/Python/3.9/lib/python/site-packages/airflow/example_dags/tutorial.py took 0.071 seconds
