[2024-09-06T19:43:46.335-0500] {processor.py:186} INFO - Started process (PID=34255) to work on /Users/binhpham/Library/Python/3.9/lib/python/site-packages/airflow/example_dags/tutorial_taskflow_api_virtualenv.py
[2024-09-06T19:43:46.337-0500] {processor.py:914} INFO - Processing file /Users/binhpham/Library/Python/3.9/lib/python/site-packages/airflow/example_dags/tutorial_taskflow_api_virtualenv.py for tasks to queue
[2024-09-06T19:43:46.337-0500] {logging_mixin.py:190} INFO - [2024-09-06T19:43:46.337-0500] {dagbag.py:587} INFO - Filling up the DagBag from /Users/binhpham/Library/Python/3.9/lib/python/site-packages/airflow/example_dags/tutorial_taskflow_api_virtualenv.py
[2024-09-06T19:43:46.356-0500] {logging_mixin.py:190} INFO - [2024-09-06T19:43:46.356-0500] {tutorial_taskflow_api_virtualenv.py:29} WARNING - The tutorial_taskflow_api_virtualenv example DAG requires virtualenv, please install it.
[2024-09-06T19:43:46.356-0500] {processor.py:927} WARNING - No viable dags retrieved from /Users/binhpham/Library/Python/3.9/lib/python/site-packages/airflow/example_dags/tutorial_taskflow_api_virtualenv.py
[2024-09-06T19:43:46.396-0500] {processor.py:208} INFO - Processing /Users/binhpham/Library/Python/3.9/lib/python/site-packages/airflow/example_dags/tutorial_taskflow_api_virtualenv.py took 0.063 seconds
[2024-09-06T19:44:55.174-0500] {processor.py:186} INFO - Started process (PID=34578) to work on /Users/binhpham/Library/Python/3.9/lib/python/site-packages/airflow/example_dags/tutorial_taskflow_api_virtualenv.py
[2024-09-06T19:44:55.176-0500] {processor.py:914} INFO - Processing file /Users/binhpham/Library/Python/3.9/lib/python/site-packages/airflow/example_dags/tutorial_taskflow_api_virtualenv.py for tasks to queue
[2024-09-06T19:44:55.176-0500] {logging_mixin.py:190} INFO - [2024-09-06T19:44:55.176-0500] {dagbag.py:587} INFO - Filling up the DagBag from /Users/binhpham/Library/Python/3.9/lib/python/site-packages/airflow/example_dags/tutorial_taskflow_api_virtualenv.py
[2024-09-06T19:44:55.189-0500] {logging_mixin.py:190} INFO - [2024-09-06T19:44:55.189-0500] {tutorial_taskflow_api_virtualenv.py:29} WARNING - The tutorial_taskflow_api_virtualenv example DAG requires virtualenv, please install it.
[2024-09-06T19:44:55.189-0500] {processor.py:927} WARNING - No viable dags retrieved from /Users/binhpham/Library/Python/3.9/lib/python/site-packages/airflow/example_dags/tutorial_taskflow_api_virtualenv.py
[2024-09-06T19:44:55.227-0500] {processor.py:208} INFO - Processing /Users/binhpham/Library/Python/3.9/lib/python/site-packages/airflow/example_dags/tutorial_taskflow_api_virtualenv.py took 0.055 seconds
[2024-09-06T19:47:14.763-0500] {processor.py:186} INFO - Started process (PID=35153) to work on /Users/binhpham/Library/Python/3.9/lib/python/site-packages/airflow/example_dags/tutorial_taskflow_api_virtualenv.py
[2024-09-06T19:47:14.765-0500] {processor.py:914} INFO - Processing file /Users/binhpham/Library/Python/3.9/lib/python/site-packages/airflow/example_dags/tutorial_taskflow_api_virtualenv.py for tasks to queue
[2024-09-06T19:47:14.766-0500] {logging_mixin.py:190} INFO - [2024-09-06T19:47:14.765-0500] {dagbag.py:587} INFO - Filling up the DagBag from /Users/binhpham/Library/Python/3.9/lib/python/site-packages/airflow/example_dags/tutorial_taskflow_api_virtualenv.py
[2024-09-06T19:47:14.779-0500] {logging_mixin.py:190} INFO - [2024-09-06T19:47:14.778-0500] {tutorial_taskflow_api_virtualenv.py:29} WARNING - The tutorial_taskflow_api_virtualenv example DAG requires virtualenv, please install it.
[2024-09-06T19:47:14.779-0500] {processor.py:927} WARNING - No viable dags retrieved from /Users/binhpham/Library/Python/3.9/lib/python/site-packages/airflow/example_dags/tutorial_taskflow_api_virtualenv.py
[2024-09-06T19:47:14.816-0500] {processor.py:208} INFO - Processing /Users/binhpham/Library/Python/3.9/lib/python/site-packages/airflow/example_dags/tutorial_taskflow_api_virtualenv.py took 0.054 seconds
[2024-09-06T19:49:06.953-0500] {processor.py:186} INFO - Started process (PID=35536) to work on /Users/binhpham/Library/Python/3.9/lib/python/site-packages/airflow/example_dags/tutorial_taskflow_api_virtualenv.py
[2024-09-06T19:49:06.955-0500] {processor.py:914} INFO - Processing file /Users/binhpham/Library/Python/3.9/lib/python/site-packages/airflow/example_dags/tutorial_taskflow_api_virtualenv.py for tasks to queue
[2024-09-06T19:49:06.955-0500] {logging_mixin.py:190} INFO - [2024-09-06T19:49:06.955-0500] {dagbag.py:587} INFO - Filling up the DagBag from /Users/binhpham/Library/Python/3.9/lib/python/site-packages/airflow/example_dags/tutorial_taskflow_api_virtualenv.py
[2024-09-06T19:49:06.969-0500] {logging_mixin.py:190} INFO - [2024-09-06T19:49:06.969-0500] {tutorial_taskflow_api_virtualenv.py:29} WARNING - The tutorial_taskflow_api_virtualenv example DAG requires virtualenv, please install it.
[2024-09-06T19:49:06.969-0500] {processor.py:927} WARNING - No viable dags retrieved from /Users/binhpham/Library/Python/3.9/lib/python/site-packages/airflow/example_dags/tutorial_taskflow_api_virtualenv.py
[2024-09-06T19:49:07.009-0500] {processor.py:208} INFO - Processing /Users/binhpham/Library/Python/3.9/lib/python/site-packages/airflow/example_dags/tutorial_taskflow_api_virtualenv.py took 0.058 seconds
[2024-09-06T19:50:29.389-0500] {processor.py:186} INFO - Started process (PID=35794) to work on /Users/binhpham/Library/Python/3.9/lib/python/site-packages/airflow/example_dags/tutorial_taskflow_api_virtualenv.py
[2024-09-06T19:50:29.392-0500] {processor.py:914} INFO - Processing file /Users/binhpham/Library/Python/3.9/lib/python/site-packages/airflow/example_dags/tutorial_taskflow_api_virtualenv.py for tasks to queue
[2024-09-06T19:50:29.392-0500] {logging_mixin.py:190} INFO - [2024-09-06T19:50:29.392-0500] {dagbag.py:587} INFO - Filling up the DagBag from /Users/binhpham/Library/Python/3.9/lib/python/site-packages/airflow/example_dags/tutorial_taskflow_api_virtualenv.py
[2024-09-06T19:50:29.410-0500] {logging_mixin.py:190} INFO - [2024-09-06T19:50:29.410-0500] {tutorial_taskflow_api_virtualenv.py:29} WARNING - The tutorial_taskflow_api_virtualenv example DAG requires virtualenv, please install it.
[2024-09-06T19:50:29.410-0500] {processor.py:927} WARNING - No viable dags retrieved from /Users/binhpham/Library/Python/3.9/lib/python/site-packages/airflow/example_dags/tutorial_taskflow_api_virtualenv.py
[2024-09-06T19:50:29.448-0500] {processor.py:208} INFO - Processing /Users/binhpham/Library/Python/3.9/lib/python/site-packages/airflow/example_dags/tutorial_taskflow_api_virtualenv.py took 0.059 seconds
[2024-09-06T19:51:50.855-0500] {processor.py:186} INFO - Started process (PID=36043) to work on /Users/binhpham/Library/Python/3.9/lib/python/site-packages/airflow/example_dags/tutorial_taskflow_api_virtualenv.py
[2024-09-06T19:51:50.856-0500] {processor.py:914} INFO - Processing file /Users/binhpham/Library/Python/3.9/lib/python/site-packages/airflow/example_dags/tutorial_taskflow_api_virtualenv.py for tasks to queue
[2024-09-06T19:51:50.856-0500] {logging_mixin.py:190} INFO - [2024-09-06T19:51:50.856-0500] {dagbag.py:587} INFO - Filling up the DagBag from /Users/binhpham/Library/Python/3.9/lib/python/site-packages/airflow/example_dags/tutorial_taskflow_api_virtualenv.py
[2024-09-06T19:51:50.870-0500] {logging_mixin.py:190} INFO - [2024-09-06T19:51:50.869-0500] {tutorial_taskflow_api_virtualenv.py:29} WARNING - The tutorial_taskflow_api_virtualenv example DAG requires virtualenv, please install it.
[2024-09-06T19:51:50.870-0500] {processor.py:927} WARNING - No viable dags retrieved from /Users/binhpham/Library/Python/3.9/lib/python/site-packages/airflow/example_dags/tutorial_taskflow_api_virtualenv.py
[2024-09-06T19:51:50.908-0500] {processor.py:208} INFO - Processing /Users/binhpham/Library/Python/3.9/lib/python/site-packages/airflow/example_dags/tutorial_taskflow_api_virtualenv.py took 0.055 seconds
[2024-09-06T19:53:11.379-0500] {processor.py:186} INFO - Started process (PID=36307) to work on /Users/binhpham/Library/Python/3.9/lib/python/site-packages/airflow/example_dags/tutorial_taskflow_api_virtualenv.py
[2024-09-06T19:53:11.382-0500] {processor.py:914} INFO - Processing file /Users/binhpham/Library/Python/3.9/lib/python/site-packages/airflow/example_dags/tutorial_taskflow_api_virtualenv.py for tasks to queue
[2024-09-06T19:53:11.382-0500] {logging_mixin.py:190} INFO - [2024-09-06T19:53:11.382-0500] {dagbag.py:587} INFO - Filling up the DagBag from /Users/binhpham/Library/Python/3.9/lib/python/site-packages/airflow/example_dags/tutorial_taskflow_api_virtualenv.py
[2024-09-06T19:53:11.396-0500] {logging_mixin.py:190} INFO - [2024-09-06T19:53:11.396-0500] {tutorial_taskflow_api_virtualenv.py:29} WARNING - The tutorial_taskflow_api_virtualenv example DAG requires virtualenv, please install it.
[2024-09-06T19:53:11.396-0500] {processor.py:927} WARNING - No viable dags retrieved from /Users/binhpham/Library/Python/3.9/lib/python/site-packages/airflow/example_dags/tutorial_taskflow_api_virtualenv.py
[2024-09-06T19:53:11.435-0500] {processor.py:208} INFO - Processing /Users/binhpham/Library/Python/3.9/lib/python/site-packages/airflow/example_dags/tutorial_taskflow_api_virtualenv.py took 0.057 seconds
[2024-09-06T19:53:38.649-0500] {processor.py:186} INFO - Started process (PID=36431) to work on /Users/binhpham/Library/Python/3.9/lib/python/site-packages/airflow/example_dags/tutorial_taskflow_api_virtualenv.py
[2024-09-06T19:53:38.651-0500] {processor.py:914} INFO - Processing file /Users/binhpham/Library/Python/3.9/lib/python/site-packages/airflow/example_dags/tutorial_taskflow_api_virtualenv.py for tasks to queue
[2024-09-06T19:53:38.652-0500] {logging_mixin.py:190} INFO - [2024-09-06T19:53:38.652-0500] {dagbag.py:587} INFO - Filling up the DagBag from /Users/binhpham/Library/Python/3.9/lib/python/site-packages/airflow/example_dags/tutorial_taskflow_api_virtualenv.py
[2024-09-06T19:53:38.668-0500] {logging_mixin.py:190} INFO - [2024-09-06T19:53:38.667-0500] {tutorial_taskflow_api_virtualenv.py:29} WARNING - The tutorial_taskflow_api_virtualenv example DAG requires virtualenv, please install it.
[2024-09-06T19:53:38.668-0500] {processor.py:927} WARNING - No viable dags retrieved from /Users/binhpham/Library/Python/3.9/lib/python/site-packages/airflow/example_dags/tutorial_taskflow_api_virtualenv.py
[2024-09-06T19:53:38.705-0500] {processor.py:208} INFO - Processing /Users/binhpham/Library/Python/3.9/lib/python/site-packages/airflow/example_dags/tutorial_taskflow_api_virtualenv.py took 0.057 seconds
[2024-09-06T19:55:29.595-0500] {processor.py:186} INFO - Started process (PID=36810) to work on /Users/binhpham/Library/Python/3.9/lib/python/site-packages/airflow/example_dags/tutorial_taskflow_api_virtualenv.py
[2024-09-06T19:55:29.597-0500] {processor.py:914} INFO - Processing file /Users/binhpham/Library/Python/3.9/lib/python/site-packages/airflow/example_dags/tutorial_taskflow_api_virtualenv.py for tasks to queue
[2024-09-06T19:55:29.598-0500] {logging_mixin.py:190} INFO - [2024-09-06T19:55:29.598-0500] {dagbag.py:587} INFO - Filling up the DagBag from /Users/binhpham/Library/Python/3.9/lib/python/site-packages/airflow/example_dags/tutorial_taskflow_api_virtualenv.py
[2024-09-06T19:55:29.611-0500] {logging_mixin.py:190} INFO - [2024-09-06T19:55:29.611-0500] {tutorial_taskflow_api_virtualenv.py:29} WARNING - The tutorial_taskflow_api_virtualenv example DAG requires virtualenv, please install it.
[2024-09-06T19:55:29.611-0500] {processor.py:927} WARNING - No viable dags retrieved from /Users/binhpham/Library/Python/3.9/lib/python/site-packages/airflow/example_dags/tutorial_taskflow_api_virtualenv.py
[2024-09-06T19:55:29.652-0500] {processor.py:208} INFO - Processing /Users/binhpham/Library/Python/3.9/lib/python/site-packages/airflow/example_dags/tutorial_taskflow_api_virtualenv.py took 0.059 seconds
[2024-09-06T19:56:52.473-0500] {processor.py:186} INFO - Started process (PID=37064) to work on /Users/binhpham/Library/Python/3.9/lib/python/site-packages/airflow/example_dags/tutorial_taskflow_api_virtualenv.py
[2024-09-06T19:56:52.475-0500] {processor.py:914} INFO - Processing file /Users/binhpham/Library/Python/3.9/lib/python/site-packages/airflow/example_dags/tutorial_taskflow_api_virtualenv.py for tasks to queue
[2024-09-06T19:56:52.476-0500] {logging_mixin.py:190} INFO - [2024-09-06T19:56:52.475-0500] {dagbag.py:587} INFO - Filling up the DagBag from /Users/binhpham/Library/Python/3.9/lib/python/site-packages/airflow/example_dags/tutorial_taskflow_api_virtualenv.py
[2024-09-06T19:56:52.490-0500] {logging_mixin.py:190} INFO - [2024-09-06T19:56:52.490-0500] {tutorial_taskflow_api_virtualenv.py:29} WARNING - The tutorial_taskflow_api_virtualenv example DAG requires virtualenv, please install it.
[2024-09-06T19:56:52.490-0500] {processor.py:927} WARNING - No viable dags retrieved from /Users/binhpham/Library/Python/3.9/lib/python/site-packages/airflow/example_dags/tutorial_taskflow_api_virtualenv.py
[2024-09-06T19:56:52.531-0500] {processor.py:208} INFO - Processing /Users/binhpham/Library/Python/3.9/lib/python/site-packages/airflow/example_dags/tutorial_taskflow_api_virtualenv.py took 0.060 seconds
[2024-09-06T19:58:14.197-0500] {processor.py:186} INFO - Started process (PID=37312) to work on /Users/binhpham/Library/Python/3.9/lib/python/site-packages/airflow/example_dags/tutorial_taskflow_api_virtualenv.py
[2024-09-06T19:58:14.199-0500] {processor.py:914} INFO - Processing file /Users/binhpham/Library/Python/3.9/lib/python/site-packages/airflow/example_dags/tutorial_taskflow_api_virtualenv.py for tasks to queue
[2024-09-06T19:58:14.199-0500] {logging_mixin.py:190} INFO - [2024-09-06T19:58:14.199-0500] {dagbag.py:587} INFO - Filling up the DagBag from /Users/binhpham/Library/Python/3.9/lib/python/site-packages/airflow/example_dags/tutorial_taskflow_api_virtualenv.py
[2024-09-06T19:58:14.214-0500] {logging_mixin.py:190} INFO - [2024-09-06T19:58:14.214-0500] {tutorial_taskflow_api_virtualenv.py:29} WARNING - The tutorial_taskflow_api_virtualenv example DAG requires virtualenv, please install it.
[2024-09-06T19:58:14.214-0500] {processor.py:927} WARNING - No viable dags retrieved from /Users/binhpham/Library/Python/3.9/lib/python/site-packages/airflow/example_dags/tutorial_taskflow_api_virtualenv.py
[2024-09-06T19:58:14.252-0500] {processor.py:208} INFO - Processing /Users/binhpham/Library/Python/3.9/lib/python/site-packages/airflow/example_dags/tutorial_taskflow_api_virtualenv.py took 0.057 seconds
[2024-09-06T19:59:36.276-0500] {processor.py:186} INFO - Started process (PID=37563) to work on /Users/binhpham/Library/Python/3.9/lib/python/site-packages/airflow/example_dags/tutorial_taskflow_api_virtualenv.py
[2024-09-06T19:59:36.279-0500] {processor.py:914} INFO - Processing file /Users/binhpham/Library/Python/3.9/lib/python/site-packages/airflow/example_dags/tutorial_taskflow_api_virtualenv.py for tasks to queue
[2024-09-06T19:59:36.279-0500] {logging_mixin.py:190} INFO - [2024-09-06T19:59:36.279-0500] {dagbag.py:587} INFO - Filling up the DagBag from /Users/binhpham/Library/Python/3.9/lib/python/site-packages/airflow/example_dags/tutorial_taskflow_api_virtualenv.py
[2024-09-06T19:59:36.294-0500] {logging_mixin.py:190} INFO - [2024-09-06T19:59:36.294-0500] {tutorial_taskflow_api_virtualenv.py:29} WARNING - The tutorial_taskflow_api_virtualenv example DAG requires virtualenv, please install it.
[2024-09-06T19:59:36.294-0500] {processor.py:927} WARNING - No viable dags retrieved from /Users/binhpham/Library/Python/3.9/lib/python/site-packages/airflow/example_dags/tutorial_taskflow_api_virtualenv.py
[2024-09-06T19:59:36.335-0500] {processor.py:208} INFO - Processing /Users/binhpham/Library/Python/3.9/lib/python/site-packages/airflow/example_dags/tutorial_taskflow_api_virtualenv.py took 0.060 seconds
[2024-09-06T20:00:57.229-0500] {processor.py:186} INFO - Started process (PID=37815) to work on /Users/binhpham/Library/Python/3.9/lib/python/site-packages/airflow/example_dags/tutorial_taskflow_api_virtualenv.py
[2024-09-06T20:00:57.232-0500] {processor.py:914} INFO - Processing file /Users/binhpham/Library/Python/3.9/lib/python/site-packages/airflow/example_dags/tutorial_taskflow_api_virtualenv.py for tasks to queue
[2024-09-06T20:00:57.232-0500] {logging_mixin.py:190} INFO - [2024-09-06T20:00:57.232-0500] {dagbag.py:587} INFO - Filling up the DagBag from /Users/binhpham/Library/Python/3.9/lib/python/site-packages/airflow/example_dags/tutorial_taskflow_api_virtualenv.py
[2024-09-06T20:00:57.247-0500] {logging_mixin.py:190} INFO - [2024-09-06T20:00:57.247-0500] {tutorial_taskflow_api_virtualenv.py:29} WARNING - The tutorial_taskflow_api_virtualenv example DAG requires virtualenv, please install it.
[2024-09-06T20:00:57.247-0500] {processor.py:927} WARNING - No viable dags retrieved from /Users/binhpham/Library/Python/3.9/lib/python/site-packages/airflow/example_dags/tutorial_taskflow_api_virtualenv.py
[2024-09-06T20:00:57.292-0500] {processor.py:208} INFO - Processing /Users/binhpham/Library/Python/3.9/lib/python/site-packages/airflow/example_dags/tutorial_taskflow_api_virtualenv.py took 0.064 seconds
[2024-09-06T20:02:18.456-0500] {processor.py:186} INFO - Started process (PID=38067) to work on /Users/binhpham/Library/Python/3.9/lib/python/site-packages/airflow/example_dags/tutorial_taskflow_api_virtualenv.py
[2024-09-06T20:02:18.458-0500] {processor.py:914} INFO - Processing file /Users/binhpham/Library/Python/3.9/lib/python/site-packages/airflow/example_dags/tutorial_taskflow_api_virtualenv.py for tasks to queue
[2024-09-06T20:02:18.458-0500] {logging_mixin.py:190} INFO - [2024-09-06T20:02:18.458-0500] {dagbag.py:587} INFO - Filling up the DagBag from /Users/binhpham/Library/Python/3.9/lib/python/site-packages/airflow/example_dags/tutorial_taskflow_api_virtualenv.py
[2024-09-06T20:02:18.472-0500] {logging_mixin.py:190} INFO - [2024-09-06T20:02:18.472-0500] {tutorial_taskflow_api_virtualenv.py:29} WARNING - The tutorial_taskflow_api_virtualenv example DAG requires virtualenv, please install it.
[2024-09-06T20:02:18.473-0500] {processor.py:927} WARNING - No viable dags retrieved from /Users/binhpham/Library/Python/3.9/lib/python/site-packages/airflow/example_dags/tutorial_taskflow_api_virtualenv.py
[2024-09-06T20:02:18.511-0500] {processor.py:208} INFO - Processing /Users/binhpham/Library/Python/3.9/lib/python/site-packages/airflow/example_dags/tutorial_taskflow_api_virtualenv.py took 0.056 seconds
[2024-09-06T20:03:37.478-0500] {processor.py:186} INFO - Started process (PID=38312) to work on /Users/binhpham/Library/Python/3.9/lib/python/site-packages/airflow/example_dags/tutorial_taskflow_api_virtualenv.py
[2024-09-06T20:03:37.480-0500] {processor.py:914} INFO - Processing file /Users/binhpham/Library/Python/3.9/lib/python/site-packages/airflow/example_dags/tutorial_taskflow_api_virtualenv.py for tasks to queue
[2024-09-06T20:03:37.480-0500] {logging_mixin.py:190} INFO - [2024-09-06T20:03:37.480-0500] {dagbag.py:587} INFO - Filling up the DagBag from /Users/binhpham/Library/Python/3.9/lib/python/site-packages/airflow/example_dags/tutorial_taskflow_api_virtualenv.py
[2024-09-06T20:03:37.494-0500] {logging_mixin.py:190} INFO - [2024-09-06T20:03:37.494-0500] {tutorial_taskflow_api_virtualenv.py:29} WARNING - The tutorial_taskflow_api_virtualenv example DAG requires virtualenv, please install it.
[2024-09-06T20:03:37.494-0500] {processor.py:927} WARNING - No viable dags retrieved from /Users/binhpham/Library/Python/3.9/lib/python/site-packages/airflow/example_dags/tutorial_taskflow_api_virtualenv.py
[2024-09-06T20:03:37.533-0500] {processor.py:208} INFO - Processing /Users/binhpham/Library/Python/3.9/lib/python/site-packages/airflow/example_dags/tutorial_taskflow_api_virtualenv.py took 0.057 seconds
[2024-09-06T20:04:56.114-0500] {processor.py:186} INFO - Started process (PID=38552) to work on /Users/binhpham/Library/Python/3.9/lib/python/site-packages/airflow/example_dags/tutorial_taskflow_api_virtualenv.py
[2024-09-06T20:04:56.115-0500] {processor.py:914} INFO - Processing file /Users/binhpham/Library/Python/3.9/lib/python/site-packages/airflow/example_dags/tutorial_taskflow_api_virtualenv.py for tasks to queue
[2024-09-06T20:04:56.116-0500] {logging_mixin.py:190} INFO - [2024-09-06T20:04:56.116-0500] {dagbag.py:587} INFO - Filling up the DagBag from /Users/binhpham/Library/Python/3.9/lib/python/site-packages/airflow/example_dags/tutorial_taskflow_api_virtualenv.py
[2024-09-06T20:04:56.129-0500] {logging_mixin.py:190} INFO - [2024-09-06T20:04:56.129-0500] {tutorial_taskflow_api_virtualenv.py:29} WARNING - The tutorial_taskflow_api_virtualenv example DAG requires virtualenv, please install it.
[2024-09-06T20:04:56.129-0500] {processor.py:927} WARNING - No viable dags retrieved from /Users/binhpham/Library/Python/3.9/lib/python/site-packages/airflow/example_dags/tutorial_taskflow_api_virtualenv.py
[2024-09-06T20:04:56.171-0500] {processor.py:208} INFO - Processing /Users/binhpham/Library/Python/3.9/lib/python/site-packages/airflow/example_dags/tutorial_taskflow_api_virtualenv.py took 0.058 seconds
[2024-09-06T20:06:18.319-0500] {processor.py:186} INFO - Started process (PID=38803) to work on /Users/binhpham/Library/Python/3.9/lib/python/site-packages/airflow/example_dags/tutorial_taskflow_api_virtualenv.py
[2024-09-06T20:06:18.322-0500] {processor.py:914} INFO - Processing file /Users/binhpham/Library/Python/3.9/lib/python/site-packages/airflow/example_dags/tutorial_taskflow_api_virtualenv.py for tasks to queue
[2024-09-06T20:06:18.322-0500] {logging_mixin.py:190} INFO - [2024-09-06T20:06:18.322-0500] {dagbag.py:587} INFO - Filling up the DagBag from /Users/binhpham/Library/Python/3.9/lib/python/site-packages/airflow/example_dags/tutorial_taskflow_api_virtualenv.py
[2024-09-06T20:06:18.337-0500] {logging_mixin.py:190} INFO - [2024-09-06T20:06:18.337-0500] {tutorial_taskflow_api_virtualenv.py:29} WARNING - The tutorial_taskflow_api_virtualenv example DAG requires virtualenv, please install it.
[2024-09-06T20:06:18.337-0500] {processor.py:927} WARNING - No viable dags retrieved from /Users/binhpham/Library/Python/3.9/lib/python/site-packages/airflow/example_dags/tutorial_taskflow_api_virtualenv.py
[2024-09-06T20:06:18.378-0500] {processor.py:208} INFO - Processing /Users/binhpham/Library/Python/3.9/lib/python/site-packages/airflow/example_dags/tutorial_taskflow_api_virtualenv.py took 0.060 seconds
[2024-09-06T20:07:38.283-0500] {processor.py:186} INFO - Started process (PID=39042) to work on /Users/binhpham/Library/Python/3.9/lib/python/site-packages/airflow/example_dags/tutorial_taskflow_api_virtualenv.py
[2024-09-06T20:07:38.285-0500] {processor.py:914} INFO - Processing file /Users/binhpham/Library/Python/3.9/lib/python/site-packages/airflow/example_dags/tutorial_taskflow_api_virtualenv.py for tasks to queue
[2024-09-06T20:07:38.285-0500] {logging_mixin.py:190} INFO - [2024-09-06T20:07:38.285-0500] {dagbag.py:587} INFO - Filling up the DagBag from /Users/binhpham/Library/Python/3.9/lib/python/site-packages/airflow/example_dags/tutorial_taskflow_api_virtualenv.py
[2024-09-06T20:07:38.299-0500] {logging_mixin.py:190} INFO - [2024-09-06T20:07:38.299-0500] {tutorial_taskflow_api_virtualenv.py:29} WARNING - The tutorial_taskflow_api_virtualenv example DAG requires virtualenv, please install it.
[2024-09-06T20:07:38.299-0500] {processor.py:927} WARNING - No viable dags retrieved from /Users/binhpham/Library/Python/3.9/lib/python/site-packages/airflow/example_dags/tutorial_taskflow_api_virtualenv.py
[2024-09-06T20:07:38.337-0500] {processor.py:208} INFO - Processing /Users/binhpham/Library/Python/3.9/lib/python/site-packages/airflow/example_dags/tutorial_taskflow_api_virtualenv.py took 0.055 seconds
[2024-09-06T20:08:58.911-0500] {processor.py:186} INFO - Started process (PID=39289) to work on /Users/binhpham/Library/Python/3.9/lib/python/site-packages/airflow/example_dags/tutorial_taskflow_api_virtualenv.py
[2024-09-06T20:08:58.913-0500] {processor.py:914} INFO - Processing file /Users/binhpham/Library/Python/3.9/lib/python/site-packages/airflow/example_dags/tutorial_taskflow_api_virtualenv.py for tasks to queue
[2024-09-06T20:08:58.914-0500] {logging_mixin.py:190} INFO - [2024-09-06T20:08:58.914-0500] {dagbag.py:587} INFO - Filling up the DagBag from /Users/binhpham/Library/Python/3.9/lib/python/site-packages/airflow/example_dags/tutorial_taskflow_api_virtualenv.py
[2024-09-06T20:08:58.928-0500] {logging_mixin.py:190} INFO - [2024-09-06T20:08:58.927-0500] {tutorial_taskflow_api_virtualenv.py:29} WARNING - The tutorial_taskflow_api_virtualenv example DAG requires virtualenv, please install it.
[2024-09-06T20:08:58.928-0500] {processor.py:927} WARNING - No viable dags retrieved from /Users/binhpham/Library/Python/3.9/lib/python/site-packages/airflow/example_dags/tutorial_taskflow_api_virtualenv.py
[2024-09-06T20:08:58.965-0500] {processor.py:208} INFO - Processing /Users/binhpham/Library/Python/3.9/lib/python/site-packages/airflow/example_dags/tutorial_taskflow_api_virtualenv.py took 0.056 seconds
[2024-09-06T20:10:26.220-0500] {processor.py:186} INFO - Started process (PID=39580) to work on /Users/binhpham/Library/Python/3.9/lib/python/site-packages/airflow/example_dags/tutorial_taskflow_api_virtualenv.py
[2024-09-06T20:10:26.223-0500] {processor.py:914} INFO - Processing file /Users/binhpham/Library/Python/3.9/lib/python/site-packages/airflow/example_dags/tutorial_taskflow_api_virtualenv.py for tasks to queue
[2024-09-06T20:10:26.223-0500] {logging_mixin.py:190} INFO - [2024-09-06T20:10:26.223-0500] {dagbag.py:587} INFO - Filling up the DagBag from /Users/binhpham/Library/Python/3.9/lib/python/site-packages/airflow/example_dags/tutorial_taskflow_api_virtualenv.py
[2024-09-06T20:10:26.238-0500] {logging_mixin.py:190} INFO - [2024-09-06T20:10:26.238-0500] {tutorial_taskflow_api_virtualenv.py:29} WARNING - The tutorial_taskflow_api_virtualenv example DAG requires virtualenv, please install it.
[2024-09-06T20:10:26.238-0500] {processor.py:927} WARNING - No viable dags retrieved from /Users/binhpham/Library/Python/3.9/lib/python/site-packages/airflow/example_dags/tutorial_taskflow_api_virtualenv.py
[2024-09-06T20:10:26.277-0500] {processor.py:208} INFO - Processing /Users/binhpham/Library/Python/3.9/lib/python/site-packages/airflow/example_dags/tutorial_taskflow_api_virtualenv.py took 0.058 seconds
[2024-09-06T20:11:45.907-0500] {processor.py:186} INFO - Started process (PID=39850) to work on /Users/binhpham/Library/Python/3.9/lib/python/site-packages/airflow/example_dags/tutorial_taskflow_api_virtualenv.py
[2024-09-06T20:11:45.909-0500] {processor.py:914} INFO - Processing file /Users/binhpham/Library/Python/3.9/lib/python/site-packages/airflow/example_dags/tutorial_taskflow_api_virtualenv.py for tasks to queue
[2024-09-06T20:11:45.909-0500] {logging_mixin.py:190} INFO - [2024-09-06T20:11:45.909-0500] {dagbag.py:587} INFO - Filling up the DagBag from /Users/binhpham/Library/Python/3.9/lib/python/site-packages/airflow/example_dags/tutorial_taskflow_api_virtualenv.py
[2024-09-06T20:11:45.925-0500] {logging_mixin.py:190} INFO - [2024-09-06T20:11:45.925-0500] {tutorial_taskflow_api_virtualenv.py:29} WARNING - The tutorial_taskflow_api_virtualenv example DAG requires virtualenv, please install it.
[2024-09-06T20:11:45.925-0500] {processor.py:927} WARNING - No viable dags retrieved from /Users/binhpham/Library/Python/3.9/lib/python/site-packages/airflow/example_dags/tutorial_taskflow_api_virtualenv.py
[2024-09-06T20:11:45.964-0500] {processor.py:208} INFO - Processing /Users/binhpham/Library/Python/3.9/lib/python/site-packages/airflow/example_dags/tutorial_taskflow_api_virtualenv.py took 0.058 seconds
[2024-09-06T20:13:07.508-0500] {processor.py:186} INFO - Started process (PID=40128) to work on /Users/binhpham/Library/Python/3.9/lib/python/site-packages/airflow/example_dags/tutorial_taskflow_api_virtualenv.py
[2024-09-06T20:13:07.510-0500] {processor.py:914} INFO - Processing file /Users/binhpham/Library/Python/3.9/lib/python/site-packages/airflow/example_dags/tutorial_taskflow_api_virtualenv.py for tasks to queue
[2024-09-06T20:13:07.511-0500] {logging_mixin.py:190} INFO - [2024-09-06T20:13:07.510-0500] {dagbag.py:587} INFO - Filling up the DagBag from /Users/binhpham/Library/Python/3.9/lib/python/site-packages/airflow/example_dags/tutorial_taskflow_api_virtualenv.py
[2024-09-06T20:13:07.530-0500] {logging_mixin.py:190} INFO - [2024-09-06T20:13:07.530-0500] {tutorial_taskflow_api_virtualenv.py:29} WARNING - The tutorial_taskflow_api_virtualenv example DAG requires virtualenv, please install it.
[2024-09-06T20:13:07.530-0500] {processor.py:927} WARNING - No viable dags retrieved from /Users/binhpham/Library/Python/3.9/lib/python/site-packages/airflow/example_dags/tutorial_taskflow_api_virtualenv.py
[2024-09-06T20:13:07.569-0500] {processor.py:208} INFO - Processing /Users/binhpham/Library/Python/3.9/lib/python/site-packages/airflow/example_dags/tutorial_taskflow_api_virtualenv.py took 0.063 seconds
[2024-09-06T20:14:29.467-0500] {processor.py:186} INFO - Started process (PID=40391) to work on /Users/binhpham/Library/Python/3.9/lib/python/site-packages/airflow/example_dags/tutorial_taskflow_api_virtualenv.py
[2024-09-06T20:14:29.469-0500] {processor.py:914} INFO - Processing file /Users/binhpham/Library/Python/3.9/lib/python/site-packages/airflow/example_dags/tutorial_taskflow_api_virtualenv.py for tasks to queue
[2024-09-06T20:14:29.470-0500] {logging_mixin.py:190} INFO - [2024-09-06T20:14:29.470-0500] {dagbag.py:587} INFO - Filling up the DagBag from /Users/binhpham/Library/Python/3.9/lib/python/site-packages/airflow/example_dags/tutorial_taskflow_api_virtualenv.py
[2024-09-06T20:14:29.492-0500] {logging_mixin.py:190} INFO - [2024-09-06T20:14:29.492-0500] {tutorial_taskflow_api_virtualenv.py:29} WARNING - The tutorial_taskflow_api_virtualenv example DAG requires virtualenv, please install it.
[2024-09-06T20:14:29.492-0500] {processor.py:927} WARNING - No viable dags retrieved from /Users/binhpham/Library/Python/3.9/lib/python/site-packages/airflow/example_dags/tutorial_taskflow_api_virtualenv.py
[2024-09-06T20:14:29.539-0500] {processor.py:208} INFO - Processing /Users/binhpham/Library/Python/3.9/lib/python/site-packages/airflow/example_dags/tutorial_taskflow_api_virtualenv.py took 0.073 seconds
[2024-09-06T20:15:01.162-0500] {processor.py:186} INFO - Started process (PID=40529) to work on /Users/binhpham/Library/Python/3.9/lib/python/site-packages/airflow/example_dags/tutorial_taskflow_api_virtualenv.py
[2024-09-06T20:15:01.164-0500] {processor.py:914} INFO - Processing file /Users/binhpham/Library/Python/3.9/lib/python/site-packages/airflow/example_dags/tutorial_taskflow_api_virtualenv.py for tasks to queue
[2024-09-06T20:15:01.165-0500] {logging_mixin.py:190} INFO - [2024-09-06T20:15:01.165-0500] {dagbag.py:587} INFO - Filling up the DagBag from /Users/binhpham/Library/Python/3.9/lib/python/site-packages/airflow/example_dags/tutorial_taskflow_api_virtualenv.py
[2024-09-06T20:15:01.186-0500] {logging_mixin.py:190} INFO - [2024-09-06T20:15:01.186-0500] {tutorial_taskflow_api_virtualenv.py:29} WARNING - The tutorial_taskflow_api_virtualenv example DAG requires virtualenv, please install it.
[2024-09-06T20:15:01.186-0500] {processor.py:927} WARNING - No viable dags retrieved from /Users/binhpham/Library/Python/3.9/lib/python/site-packages/airflow/example_dags/tutorial_taskflow_api_virtualenv.py
[2024-09-06T20:15:01.249-0500] {processor.py:208} INFO - Processing /Users/binhpham/Library/Python/3.9/lib/python/site-packages/airflow/example_dags/tutorial_taskflow_api_virtualenv.py took 0.089 seconds
[2024-09-06T20:21:51.342-0500] {processor.py:186} INFO - Started process (PID=42735) to work on /Users/binhpham/Library/Python/3.9/lib/python/site-packages/airflow/example_dags/tutorial_taskflow_api_virtualenv.py
[2024-09-06T20:21:51.344-0500] {processor.py:914} INFO - Processing file /Users/binhpham/Library/Python/3.9/lib/python/site-packages/airflow/example_dags/tutorial_taskflow_api_virtualenv.py for tasks to queue
[2024-09-06T20:21:51.345-0500] {logging_mixin.py:190} INFO - [2024-09-06T20:21:51.344-0500] {dagbag.py:587} INFO - Filling up the DagBag from /Users/binhpham/Library/Python/3.9/lib/python/site-packages/airflow/example_dags/tutorial_taskflow_api_virtualenv.py
[2024-09-06T20:21:51.361-0500] {logging_mixin.py:190} INFO - [2024-09-06T20:21:51.361-0500] {tutorial_taskflow_api_virtualenv.py:29} WARNING - The tutorial_taskflow_api_virtualenv example DAG requires virtualenv, please install it.
[2024-09-06T20:21:51.361-0500] {processor.py:927} WARNING - No viable dags retrieved from /Users/binhpham/Library/Python/3.9/lib/python/site-packages/airflow/example_dags/tutorial_taskflow_api_virtualenv.py
[2024-09-06T20:21:51.402-0500] {processor.py:208} INFO - Processing /Users/binhpham/Library/Python/3.9/lib/python/site-packages/airflow/example_dags/tutorial_taskflow_api_virtualenv.py took 0.061 seconds
[2024-09-06T20:23:43.412-0500] {processor.py:186} INFO - Started process (PID=43100) to work on /Users/binhpham/Library/Python/3.9/lib/python/site-packages/airflow/example_dags/tutorial_taskflow_api_virtualenv.py
[2024-09-06T20:23:43.414-0500] {processor.py:914} INFO - Processing file /Users/binhpham/Library/Python/3.9/lib/python/site-packages/airflow/example_dags/tutorial_taskflow_api_virtualenv.py for tasks to queue
[2024-09-06T20:23:43.415-0500] {logging_mixin.py:190} INFO - [2024-09-06T20:23:43.415-0500] {dagbag.py:587} INFO - Filling up the DagBag from /Users/binhpham/Library/Python/3.9/lib/python/site-packages/airflow/example_dags/tutorial_taskflow_api_virtualenv.py
[2024-09-06T20:23:43.428-0500] {logging_mixin.py:190} INFO - [2024-09-06T20:23:43.428-0500] {tutorial_taskflow_api_virtualenv.py:29} WARNING - The tutorial_taskflow_api_virtualenv example DAG requires virtualenv, please install it.
[2024-09-06T20:23:43.428-0500] {processor.py:927} WARNING - No viable dags retrieved from /Users/binhpham/Library/Python/3.9/lib/python/site-packages/airflow/example_dags/tutorial_taskflow_api_virtualenv.py
[2024-09-06T20:23:43.466-0500] {processor.py:208} INFO - Processing /Users/binhpham/Library/Python/3.9/lib/python/site-packages/airflow/example_dags/tutorial_taskflow_api_virtualenv.py took 0.055 seconds
[2024-09-06T20:25:06.739-0500] {processor.py:186} INFO - Started process (PID=43360) to work on /Users/binhpham/Library/Python/3.9/lib/python/site-packages/airflow/example_dags/tutorial_taskflow_api_virtualenv.py
[2024-09-06T20:25:06.742-0500] {processor.py:914} INFO - Processing file /Users/binhpham/Library/Python/3.9/lib/python/site-packages/airflow/example_dags/tutorial_taskflow_api_virtualenv.py for tasks to queue
[2024-09-06T20:25:06.742-0500] {logging_mixin.py:190} INFO - [2024-09-06T20:25:06.742-0500] {dagbag.py:587} INFO - Filling up the DagBag from /Users/binhpham/Library/Python/3.9/lib/python/site-packages/airflow/example_dags/tutorial_taskflow_api_virtualenv.py
[2024-09-06T20:25:06.756-0500] {logging_mixin.py:190} INFO - [2024-09-06T20:25:06.756-0500] {tutorial_taskflow_api_virtualenv.py:29} WARNING - The tutorial_taskflow_api_virtualenv example DAG requires virtualenv, please install it.
[2024-09-06T20:25:06.756-0500] {processor.py:927} WARNING - No viable dags retrieved from /Users/binhpham/Library/Python/3.9/lib/python/site-packages/airflow/example_dags/tutorial_taskflow_api_virtualenv.py
[2024-09-06T20:25:06.793-0500] {processor.py:208} INFO - Processing /Users/binhpham/Library/Python/3.9/lib/python/site-packages/airflow/example_dags/tutorial_taskflow_api_virtualenv.py took 0.056 seconds
[2024-09-06T20:26:29.073-0500] {processor.py:186} INFO - Started process (PID=43634) to work on /Users/binhpham/Library/Python/3.9/lib/python/site-packages/airflow/example_dags/tutorial_taskflow_api_virtualenv.py
[2024-09-06T20:26:29.074-0500] {processor.py:914} INFO - Processing file /Users/binhpham/Library/Python/3.9/lib/python/site-packages/airflow/example_dags/tutorial_taskflow_api_virtualenv.py for tasks to queue
[2024-09-06T20:26:29.074-0500] {logging_mixin.py:190} INFO - [2024-09-06T20:26:29.074-0500] {dagbag.py:587} INFO - Filling up the DagBag from /Users/binhpham/Library/Python/3.9/lib/python/site-packages/airflow/example_dags/tutorial_taskflow_api_virtualenv.py
[2024-09-06T20:26:29.088-0500] {logging_mixin.py:190} INFO - [2024-09-06T20:26:29.088-0500] {tutorial_taskflow_api_virtualenv.py:29} WARNING - The tutorial_taskflow_api_virtualenv example DAG requires virtualenv, please install it.
[2024-09-06T20:26:29.088-0500] {processor.py:927} WARNING - No viable dags retrieved from /Users/binhpham/Library/Python/3.9/lib/python/site-packages/airflow/example_dags/tutorial_taskflow_api_virtualenv.py
[2024-09-06T20:26:29.128-0500] {processor.py:208} INFO - Processing /Users/binhpham/Library/Python/3.9/lib/python/site-packages/airflow/example_dags/tutorial_taskflow_api_virtualenv.py took 0.057 seconds
[2024-09-06T20:26:59.792-0500] {processor.py:186} INFO - Started process (PID=43755) to work on /Users/binhpham/Library/Python/3.9/lib/python/site-packages/airflow/example_dags/tutorial_taskflow_api_virtualenv.py
[2024-09-06T20:26:59.794-0500] {processor.py:914} INFO - Processing file /Users/binhpham/Library/Python/3.9/lib/python/site-packages/airflow/example_dags/tutorial_taskflow_api_virtualenv.py for tasks to queue
[2024-09-06T20:26:59.794-0500] {logging_mixin.py:190} INFO - [2024-09-06T20:26:59.794-0500] {dagbag.py:587} INFO - Filling up the DagBag from /Users/binhpham/Library/Python/3.9/lib/python/site-packages/airflow/example_dags/tutorial_taskflow_api_virtualenv.py
[2024-09-06T20:26:59.811-0500] {logging_mixin.py:190} INFO - [2024-09-06T20:26:59.810-0500] {tutorial_taskflow_api_virtualenv.py:29} WARNING - The tutorial_taskflow_api_virtualenv example DAG requires virtualenv, please install it.
[2024-09-06T20:26:59.811-0500] {processor.py:927} WARNING - No viable dags retrieved from /Users/binhpham/Library/Python/3.9/lib/python/site-packages/airflow/example_dags/tutorial_taskflow_api_virtualenv.py
[2024-09-06T20:26:59.849-0500] {processor.py:208} INFO - Processing /Users/binhpham/Library/Python/3.9/lib/python/site-packages/airflow/example_dags/tutorial_taskflow_api_virtualenv.py took 0.058 seconds
[2024-09-06T20:28:50.380-0500] {processor.py:186} INFO - Started process (PID=44115) to work on /Users/binhpham/Library/Python/3.9/lib/python/site-packages/airflow/example_dags/tutorial_taskflow_api_virtualenv.py
[2024-09-06T20:28:50.382-0500] {processor.py:914} INFO - Processing file /Users/binhpham/Library/Python/3.9/lib/python/site-packages/airflow/example_dags/tutorial_taskflow_api_virtualenv.py for tasks to queue
[2024-09-06T20:28:50.383-0500] {logging_mixin.py:190} INFO - [2024-09-06T20:28:50.383-0500] {dagbag.py:587} INFO - Filling up the DagBag from /Users/binhpham/Library/Python/3.9/lib/python/site-packages/airflow/example_dags/tutorial_taskflow_api_virtualenv.py
[2024-09-06T20:28:50.398-0500] {logging_mixin.py:190} INFO - [2024-09-06T20:28:50.398-0500] {tutorial_taskflow_api_virtualenv.py:29} WARNING - The tutorial_taskflow_api_virtualenv example DAG requires virtualenv, please install it.
[2024-09-06T20:28:50.398-0500] {processor.py:927} WARNING - No viable dags retrieved from /Users/binhpham/Library/Python/3.9/lib/python/site-packages/airflow/example_dags/tutorial_taskflow_api_virtualenv.py
[2024-09-06T20:28:50.438-0500] {processor.py:208} INFO - Processing /Users/binhpham/Library/Python/3.9/lib/python/site-packages/airflow/example_dags/tutorial_taskflow_api_virtualenv.py took 0.059 seconds
[2024-09-06T20:30:12.336-0500] {processor.py:186} INFO - Started process (PID=44395) to work on /Users/binhpham/Library/Python/3.9/lib/python/site-packages/airflow/example_dags/tutorial_taskflow_api_virtualenv.py
[2024-09-06T20:30:12.338-0500] {processor.py:914} INFO - Processing file /Users/binhpham/Library/Python/3.9/lib/python/site-packages/airflow/example_dags/tutorial_taskflow_api_virtualenv.py for tasks to queue
[2024-09-06T20:30:12.338-0500] {logging_mixin.py:190} INFO - [2024-09-06T20:30:12.338-0500] {dagbag.py:587} INFO - Filling up the DagBag from /Users/binhpham/Library/Python/3.9/lib/python/site-packages/airflow/example_dags/tutorial_taskflow_api_virtualenv.py
[2024-09-06T20:30:12.352-0500] {logging_mixin.py:190} INFO - [2024-09-06T20:30:12.352-0500] {tutorial_taskflow_api_virtualenv.py:29} WARNING - The tutorial_taskflow_api_virtualenv example DAG requires virtualenv, please install it.
[2024-09-06T20:30:12.352-0500] {processor.py:927} WARNING - No viable dags retrieved from /Users/binhpham/Library/Python/3.9/lib/python/site-packages/airflow/example_dags/tutorial_taskflow_api_virtualenv.py
[2024-09-06T20:30:12.390-0500] {processor.py:208} INFO - Processing /Users/binhpham/Library/Python/3.9/lib/python/site-packages/airflow/example_dags/tutorial_taskflow_api_virtualenv.py took 0.055 seconds
[2024-09-06T20:31:32.979-0500] {processor.py:186} INFO - Started process (PID=44645) to work on /Users/binhpham/Library/Python/3.9/lib/python/site-packages/airflow/example_dags/tutorial_taskflow_api_virtualenv.py
[2024-09-06T20:31:32.981-0500] {processor.py:914} INFO - Processing file /Users/binhpham/Library/Python/3.9/lib/python/site-packages/airflow/example_dags/tutorial_taskflow_api_virtualenv.py for tasks to queue
[2024-09-06T20:31:32.981-0500] {logging_mixin.py:190} INFO - [2024-09-06T20:31:32.981-0500] {dagbag.py:587} INFO - Filling up the DagBag from /Users/binhpham/Library/Python/3.9/lib/python/site-packages/airflow/example_dags/tutorial_taskflow_api_virtualenv.py
[2024-09-06T20:31:32.994-0500] {logging_mixin.py:190} INFO - [2024-09-06T20:31:32.994-0500] {tutorial_taskflow_api_virtualenv.py:29} WARNING - The tutorial_taskflow_api_virtualenv example DAG requires virtualenv, please install it.
[2024-09-06T20:31:32.994-0500] {processor.py:927} WARNING - No viable dags retrieved from /Users/binhpham/Library/Python/3.9/lib/python/site-packages/airflow/example_dags/tutorial_taskflow_api_virtualenv.py
[2024-09-06T20:31:33.032-0500] {processor.py:208} INFO - Processing /Users/binhpham/Library/Python/3.9/lib/python/site-packages/airflow/example_dags/tutorial_taskflow_api_virtualenv.py took 0.054 seconds
[2024-09-06T20:32:55.138-0500] {processor.py:186} INFO - Started process (PID=44922) to work on /Users/binhpham/Library/Python/3.9/lib/python/site-packages/airflow/example_dags/tutorial_taskflow_api_virtualenv.py
[2024-09-06T20:32:55.140-0500] {processor.py:914} INFO - Processing file /Users/binhpham/Library/Python/3.9/lib/python/site-packages/airflow/example_dags/tutorial_taskflow_api_virtualenv.py for tasks to queue
[2024-09-06T20:32:55.141-0500] {logging_mixin.py:190} INFO - [2024-09-06T20:32:55.141-0500] {dagbag.py:587} INFO - Filling up the DagBag from /Users/binhpham/Library/Python/3.9/lib/python/site-packages/airflow/example_dags/tutorial_taskflow_api_virtualenv.py
[2024-09-06T20:32:55.154-0500] {logging_mixin.py:190} INFO - [2024-09-06T20:32:55.154-0500] {tutorial_taskflow_api_virtualenv.py:29} WARNING - The tutorial_taskflow_api_virtualenv example DAG requires virtualenv, please install it.
[2024-09-06T20:32:55.155-0500] {processor.py:927} WARNING - No viable dags retrieved from /Users/binhpham/Library/Python/3.9/lib/python/site-packages/airflow/example_dags/tutorial_taskflow_api_virtualenv.py
[2024-09-06T20:32:55.192-0500] {processor.py:208} INFO - Processing /Users/binhpham/Library/Python/3.9/lib/python/site-packages/airflow/example_dags/tutorial_taskflow_api_virtualenv.py took 0.056 seconds
[2024-09-06T20:33:31.259-0500] {processor.py:186} INFO - Started process (PID=45053) to work on /Users/binhpham/Library/Python/3.9/lib/python/site-packages/airflow/example_dags/tutorial_taskflow_api_virtualenv.py
[2024-09-06T20:33:31.262-0500] {processor.py:914} INFO - Processing file /Users/binhpham/Library/Python/3.9/lib/python/site-packages/airflow/example_dags/tutorial_taskflow_api_virtualenv.py for tasks to queue
[2024-09-06T20:33:31.262-0500] {logging_mixin.py:190} INFO - [2024-09-06T20:33:31.262-0500] {dagbag.py:587} INFO - Filling up the DagBag from /Users/binhpham/Library/Python/3.9/lib/python/site-packages/airflow/example_dags/tutorial_taskflow_api_virtualenv.py
[2024-09-06T20:33:31.279-0500] {logging_mixin.py:190} INFO - [2024-09-06T20:33:31.279-0500] {tutorial_taskflow_api_virtualenv.py:29} WARNING - The tutorial_taskflow_api_virtualenv example DAG requires virtualenv, please install it.
[2024-09-06T20:33:31.279-0500] {processor.py:927} WARNING - No viable dags retrieved from /Users/binhpham/Library/Python/3.9/lib/python/site-packages/airflow/example_dags/tutorial_taskflow_api_virtualenv.py
[2024-09-06T20:33:31.318-0500] {processor.py:208} INFO - Processing /Users/binhpham/Library/Python/3.9/lib/python/site-packages/airflow/example_dags/tutorial_taskflow_api_virtualenv.py took 0.061 seconds
[2024-09-06T20:35:23.759-0500] {processor.py:186} INFO - Started process (PID=45414) to work on /Users/binhpham/Library/Python/3.9/lib/python/site-packages/airflow/example_dags/tutorial_taskflow_api_virtualenv.py
[2024-09-06T20:35:23.761-0500] {processor.py:914} INFO - Processing file /Users/binhpham/Library/Python/3.9/lib/python/site-packages/airflow/example_dags/tutorial_taskflow_api_virtualenv.py for tasks to queue
[2024-09-06T20:35:23.762-0500] {logging_mixin.py:190} INFO - [2024-09-06T20:35:23.761-0500] {dagbag.py:587} INFO - Filling up the DagBag from /Users/binhpham/Library/Python/3.9/lib/python/site-packages/airflow/example_dags/tutorial_taskflow_api_virtualenv.py
[2024-09-06T20:35:23.775-0500] {logging_mixin.py:190} INFO - [2024-09-06T20:35:23.775-0500] {tutorial_taskflow_api_virtualenv.py:29} WARNING - The tutorial_taskflow_api_virtualenv example DAG requires virtualenv, please install it.
[2024-09-06T20:35:23.775-0500] {processor.py:927} WARNING - No viable dags retrieved from /Users/binhpham/Library/Python/3.9/lib/python/site-packages/airflow/example_dags/tutorial_taskflow_api_virtualenv.py
[2024-09-06T20:35:23.814-0500] {processor.py:208} INFO - Processing /Users/binhpham/Library/Python/3.9/lib/python/site-packages/airflow/example_dags/tutorial_taskflow_api_virtualenv.py took 0.056 seconds
[2024-09-06T20:36:45.033-0500] {processor.py:186} INFO - Started process (PID=45675) to work on /Users/binhpham/Library/Python/3.9/lib/python/site-packages/airflow/example_dags/tutorial_taskflow_api_virtualenv.py
[2024-09-06T20:36:45.036-0500] {processor.py:914} INFO - Processing file /Users/binhpham/Library/Python/3.9/lib/python/site-packages/airflow/example_dags/tutorial_taskflow_api_virtualenv.py for tasks to queue
[2024-09-06T20:36:45.036-0500] {logging_mixin.py:190} INFO - [2024-09-06T20:36:45.036-0500] {dagbag.py:587} INFO - Filling up the DagBag from /Users/binhpham/Library/Python/3.9/lib/python/site-packages/airflow/example_dags/tutorial_taskflow_api_virtualenv.py
[2024-09-06T20:36:45.056-0500] {logging_mixin.py:190} INFO - [2024-09-06T20:36:45.056-0500] {tutorial_taskflow_api_virtualenv.py:29} WARNING - The tutorial_taskflow_api_virtualenv example DAG requires virtualenv, please install it.
[2024-09-06T20:36:45.056-0500] {processor.py:927} WARNING - No viable dags retrieved from /Users/binhpham/Library/Python/3.9/lib/python/site-packages/airflow/example_dags/tutorial_taskflow_api_virtualenv.py
[2024-09-06T20:36:45.096-0500] {processor.py:208} INFO - Processing /Users/binhpham/Library/Python/3.9/lib/python/site-packages/airflow/example_dags/tutorial_taskflow_api_virtualenv.py took 0.064 seconds
[2024-09-06T20:38:06.395-0500] {processor.py:186} INFO - Started process (PID=45954) to work on /Users/binhpham/Library/Python/3.9/lib/python/site-packages/airflow/example_dags/tutorial_taskflow_api_virtualenv.py
[2024-09-06T20:38:06.398-0500] {processor.py:914} INFO - Processing file /Users/binhpham/Library/Python/3.9/lib/python/site-packages/airflow/example_dags/tutorial_taskflow_api_virtualenv.py for tasks to queue
[2024-09-06T20:38:06.398-0500] {logging_mixin.py:190} INFO - [2024-09-06T20:38:06.398-0500] {dagbag.py:587} INFO - Filling up the DagBag from /Users/binhpham/Library/Python/3.9/lib/python/site-packages/airflow/example_dags/tutorial_taskflow_api_virtualenv.py
[2024-09-06T20:38:06.411-0500] {logging_mixin.py:190} INFO - [2024-09-06T20:38:06.411-0500] {tutorial_taskflow_api_virtualenv.py:29} WARNING - The tutorial_taskflow_api_virtualenv example DAG requires virtualenv, please install it.
[2024-09-06T20:38:06.411-0500] {processor.py:927} WARNING - No viable dags retrieved from /Users/binhpham/Library/Python/3.9/lib/python/site-packages/airflow/example_dags/tutorial_taskflow_api_virtualenv.py
[2024-09-06T20:38:06.448-0500] {processor.py:208} INFO - Processing /Users/binhpham/Library/Python/3.9/lib/python/site-packages/airflow/example_dags/tutorial_taskflow_api_virtualenv.py took 0.054 seconds
