[2024-09-06T19:43:48.431-0500] {processor.py:186} INFO - Started process (PID=34275) to work on /Users/binhpham/Library/Python/3.9/lib/python/site-packages/airflow/example_dags/tutorial_taskflow_api.py
[2024-09-06T19:43:48.432-0500] {processor.py:914} INFO - Processing file /Users/binhpham/Library/Python/3.9/lib/python/site-packages/airflow/example_dags/tutorial_taskflow_api.py for tasks to queue
[2024-09-06T19:43:48.433-0500] {logging_mixin.py:190} INFO - [2024-09-06T19:43:48.433-0500] {dagbag.py:587} INFO - Filling up the DagBag from /Users/binhpham/Library/Python/3.9/lib/python/site-packages/airflow/example_dags/tutorial_taskflow_api.py
[2024-09-06T19:43:48.448-0500] {processor.py:925} INFO - DAG(s) 'tutorial_taskflow_api' retrieved from /Users/binhpham/Library/Python/3.9/lib/python/site-packages/airflow/example_dags/tutorial_taskflow_api.py
[2024-09-06T19:43:48.536-0500] {logging_mixin.py:190} INFO - [2024-09-06T19:43:48.536-0500] {override.py:1900} INFO - Created Permission View: can read on DAG:tutorial_taskflow_api
[2024-09-06T19:43:48.539-0500] {logging_mixin.py:190} INFO - [2024-09-06T19:43:48.539-0500] {override.py:1900} INFO - Created Permission View: can edit on DAG:tutorial_taskflow_api
[2024-09-06T19:43:48.542-0500] {logging_mixin.py:190} INFO - [2024-09-06T19:43:48.542-0500] {override.py:1900} INFO - Created Permission View: can delete on DAG:tutorial_taskflow_api
[2024-09-06T19:43:48.545-0500] {logging_mixin.py:190} INFO - [2024-09-06T19:43:48.544-0500] {override.py:1900} INFO - Created Permission View: menu access on DAG Run:tutorial_taskflow_api
[2024-09-06T19:43:48.547-0500] {logging_mixin.py:190} INFO - [2024-09-06T19:43:48.547-0500] {override.py:1900} INFO - Created Permission View: can read on DAG Run:tutorial_taskflow_api
[2024-09-06T19:43:48.549-0500] {logging_mixin.py:190} INFO - [2024-09-06T19:43:48.549-0500] {override.py:1900} INFO - Created Permission View: can delete on DAG Run:tutorial_taskflow_api
[2024-09-06T19:43:48.551-0500] {logging_mixin.py:190} INFO - [2024-09-06T19:43:48.551-0500] {override.py:1900} INFO - Created Permission View: can create on DAG Run:tutorial_taskflow_api
[2024-09-06T19:43:48.551-0500] {logging_mixin.py:190} INFO - [2024-09-06T19:43:48.551-0500] {dag.py:3229} INFO - Sync 1 DAGs
[2024-09-06T19:43:48.556-0500] {logging_mixin.py:190} INFO - [2024-09-06T19:43:48.556-0500] {dag.py:3252} INFO - Creating ORM DAG for tutorial_taskflow_api
[2024-09-06T19:43:48.556-0500] {logging_mixin.py:190} INFO - [2024-09-06T19:43:48.556-0500] {dag.py:4156} INFO - Setting next_dagrun for tutorial_taskflow_api to None, run_after=None
[2024-09-06T19:43:48.596-0500] {processor.py:208} INFO - Processing /Users/binhpham/Library/Python/3.9/lib/python/site-packages/airflow/example_dags/tutorial_taskflow_api.py took 0.166 seconds
[2024-09-06T19:44:57.205-0500] {processor.py:186} INFO - Started process (PID=34584) to work on /Users/binhpham/Library/Python/3.9/lib/python/site-packages/airflow/example_dags/tutorial_taskflow_api.py
[2024-09-06T19:44:57.208-0500] {processor.py:914} INFO - Processing file /Users/binhpham/Library/Python/3.9/lib/python/site-packages/airflow/example_dags/tutorial_taskflow_api.py for tasks to queue
[2024-09-06T19:44:57.208-0500] {logging_mixin.py:190} INFO - [2024-09-06T19:44:57.208-0500] {dagbag.py:587} INFO - Filling up the DagBag from /Users/binhpham/Library/Python/3.9/lib/python/site-packages/airflow/example_dags/tutorial_taskflow_api.py
[2024-09-06T19:44:57.224-0500] {processor.py:925} INFO - DAG(s) 'tutorial_taskflow_api' retrieved from /Users/binhpham/Library/Python/3.9/lib/python/site-packages/airflow/example_dags/tutorial_taskflow_api.py
[2024-09-06T19:44:57.272-0500] {logging_mixin.py:190} INFO - [2024-09-06T19:44:57.272-0500] {dag.py:3229} INFO - Sync 1 DAGs
[2024-09-06T19:44:57.279-0500] {logging_mixin.py:190} INFO - [2024-09-06T19:44:57.279-0500] {dag.py:4156} INFO - Setting next_dagrun for tutorial_taskflow_api to None, run_after=None
[2024-09-06T19:44:57.287-0500] {processor.py:208} INFO - Processing /Users/binhpham/Library/Python/3.9/lib/python/site-packages/airflow/example_dags/tutorial_taskflow_api.py took 0.084 seconds
[2024-09-06T19:47:16.812-0500] {processor.py:186} INFO - Started process (PID=35159) to work on /Users/binhpham/Library/Python/3.9/lib/python/site-packages/airflow/example_dags/tutorial_taskflow_api.py
[2024-09-06T19:47:16.814-0500] {processor.py:914} INFO - Processing file /Users/binhpham/Library/Python/3.9/lib/python/site-packages/airflow/example_dags/tutorial_taskflow_api.py for tasks to queue
[2024-09-06T19:47:16.815-0500] {logging_mixin.py:190} INFO - [2024-09-06T19:47:16.814-0500] {dagbag.py:587} INFO - Filling up the DagBag from /Users/binhpham/Library/Python/3.9/lib/python/site-packages/airflow/example_dags/tutorial_taskflow_api.py
[2024-09-06T19:47:16.829-0500] {processor.py:925} INFO - DAG(s) 'tutorial_taskflow_api' retrieved from /Users/binhpham/Library/Python/3.9/lib/python/site-packages/airflow/example_dags/tutorial_taskflow_api.py
[2024-09-06T19:47:16.873-0500] {logging_mixin.py:190} INFO - [2024-09-06T19:47:16.873-0500] {dag.py:3229} INFO - Sync 1 DAGs
[2024-09-06T19:47:16.878-0500] {logging_mixin.py:190} INFO - [2024-09-06T19:47:16.877-0500] {dag.py:4156} INFO - Setting next_dagrun for tutorial_taskflow_api to None, run_after=None
[2024-09-06T19:47:16.885-0500] {processor.py:208} INFO - Processing /Users/binhpham/Library/Python/3.9/lib/python/site-packages/airflow/example_dags/tutorial_taskflow_api.py took 0.075 seconds
[2024-09-06T19:49:09.025-0500] {processor.py:186} INFO - Started process (PID=35542) to work on /Users/binhpham/Library/Python/3.9/lib/python/site-packages/airflow/example_dags/tutorial_taskflow_api.py
[2024-09-06T19:49:09.027-0500] {processor.py:914} INFO - Processing file /Users/binhpham/Library/Python/3.9/lib/python/site-packages/airflow/example_dags/tutorial_taskflow_api.py for tasks to queue
[2024-09-06T19:49:09.027-0500] {logging_mixin.py:190} INFO - [2024-09-06T19:49:09.027-0500] {dagbag.py:587} INFO - Filling up the DagBag from /Users/binhpham/Library/Python/3.9/lib/python/site-packages/airflow/example_dags/tutorial_taskflow_api.py
[2024-09-06T19:49:09.043-0500] {processor.py:925} INFO - DAG(s) 'tutorial_taskflow_api' retrieved from /Users/binhpham/Library/Python/3.9/lib/python/site-packages/airflow/example_dags/tutorial_taskflow_api.py
[2024-09-06T19:49:09.084-0500] {logging_mixin.py:190} INFO - [2024-09-06T19:49:09.084-0500] {dag.py:3229} INFO - Sync 1 DAGs
[2024-09-06T19:49:09.089-0500] {logging_mixin.py:190} INFO - [2024-09-06T19:49:09.089-0500] {dag.py:4156} INFO - Setting next_dagrun for tutorial_taskflow_api to None, run_after=None
[2024-09-06T19:49:09.097-0500] {processor.py:208} INFO - Processing /Users/binhpham/Library/Python/3.9/lib/python/site-packages/airflow/example_dags/tutorial_taskflow_api.py took 0.074 seconds
[2024-09-06T19:50:31.131-0500] {processor.py:186} INFO - Started process (PID=35800) to work on /Users/binhpham/Library/Python/3.9/lib/python/site-packages/airflow/example_dags/tutorial_taskflow_api.py
[2024-09-06T19:50:31.132-0500] {processor.py:914} INFO - Processing file /Users/binhpham/Library/Python/3.9/lib/python/site-packages/airflow/example_dags/tutorial_taskflow_api.py for tasks to queue
[2024-09-06T19:50:31.133-0500] {logging_mixin.py:190} INFO - [2024-09-06T19:50:31.133-0500] {dagbag.py:587} INFO - Filling up the DagBag from /Users/binhpham/Library/Python/3.9/lib/python/site-packages/airflow/example_dags/tutorial_taskflow_api.py
[2024-09-06T19:50:31.149-0500] {processor.py:925} INFO - DAG(s) 'tutorial_taskflow_api' retrieved from /Users/binhpham/Library/Python/3.9/lib/python/site-packages/airflow/example_dags/tutorial_taskflow_api.py
[2024-09-06T19:50:31.195-0500] {logging_mixin.py:190} INFO - [2024-09-06T19:50:31.194-0500] {dag.py:3229} INFO - Sync 1 DAGs
[2024-09-06T19:50:31.199-0500] {logging_mixin.py:190} INFO - [2024-09-06T19:50:31.199-0500] {dag.py:4156} INFO - Setting next_dagrun for tutorial_taskflow_api to None, run_after=None
[2024-09-06T19:50:31.206-0500] {processor.py:208} INFO - Processing /Users/binhpham/Library/Python/3.9/lib/python/site-packages/airflow/example_dags/tutorial_taskflow_api.py took 0.076 seconds
[2024-09-06T19:51:52.890-0500] {processor.py:186} INFO - Started process (PID=36049) to work on /Users/binhpham/Library/Python/3.9/lib/python/site-packages/airflow/example_dags/tutorial_taskflow_api.py
[2024-09-06T19:51:52.892-0500] {processor.py:914} INFO - Processing file /Users/binhpham/Library/Python/3.9/lib/python/site-packages/airflow/example_dags/tutorial_taskflow_api.py for tasks to queue
[2024-09-06T19:51:52.892-0500] {logging_mixin.py:190} INFO - [2024-09-06T19:51:52.892-0500] {dagbag.py:587} INFO - Filling up the DagBag from /Users/binhpham/Library/Python/3.9/lib/python/site-packages/airflow/example_dags/tutorial_taskflow_api.py
[2024-09-06T19:51:52.907-0500] {processor.py:925} INFO - DAG(s) 'tutorial_taskflow_api' retrieved from /Users/binhpham/Library/Python/3.9/lib/python/site-packages/airflow/example_dags/tutorial_taskflow_api.py
[2024-09-06T19:51:52.948-0500] {logging_mixin.py:190} INFO - [2024-09-06T19:51:52.948-0500] {dag.py:3229} INFO - Sync 1 DAGs
[2024-09-06T19:51:52.953-0500] {logging_mixin.py:190} INFO - [2024-09-06T19:51:52.953-0500] {dag.py:4156} INFO - Setting next_dagrun for tutorial_taskflow_api to None, run_after=None
[2024-09-06T19:51:52.960-0500] {processor.py:208} INFO - Processing /Users/binhpham/Library/Python/3.9/lib/python/site-packages/airflow/example_dags/tutorial_taskflow_api.py took 0.071 seconds
[2024-09-06T19:53:40.689-0500] {processor.py:186} INFO - Started process (PID=36439) to work on /Users/binhpham/Library/Python/3.9/lib/python/site-packages/airflow/example_dags/tutorial_taskflow_api.py
[2024-09-06T19:53:40.691-0500] {processor.py:914} INFO - Processing file /Users/binhpham/Library/Python/3.9/lib/python/site-packages/airflow/example_dags/tutorial_taskflow_api.py for tasks to queue
[2024-09-06T19:53:40.691-0500] {logging_mixin.py:190} INFO - [2024-09-06T19:53:40.691-0500] {dagbag.py:587} INFO - Filling up the DagBag from /Users/binhpham/Library/Python/3.9/lib/python/site-packages/airflow/example_dags/tutorial_taskflow_api.py
[2024-09-06T19:53:40.706-0500] {processor.py:925} INFO - DAG(s) 'tutorial_taskflow_api' retrieved from /Users/binhpham/Library/Python/3.9/lib/python/site-packages/airflow/example_dags/tutorial_taskflow_api.py
[2024-09-06T19:53:40.752-0500] {logging_mixin.py:190} INFO - [2024-09-06T19:53:40.752-0500] {dag.py:3229} INFO - Sync 1 DAGs
[2024-09-06T19:53:40.757-0500] {logging_mixin.py:190} INFO - [2024-09-06T19:53:40.757-0500] {dag.py:4156} INFO - Setting next_dagrun for tutorial_taskflow_api to None, run_after=None
[2024-09-06T19:53:40.764-0500] {processor.py:208} INFO - Processing /Users/binhpham/Library/Python/3.9/lib/python/site-packages/airflow/example_dags/tutorial_taskflow_api.py took 0.077 seconds
[2024-09-06T19:55:31.721-0500] {processor.py:186} INFO - Started process (PID=36816) to work on /Users/binhpham/Library/Python/3.9/lib/python/site-packages/airflow/example_dags/tutorial_taskflow_api.py
[2024-09-06T19:55:31.724-0500] {processor.py:914} INFO - Processing file /Users/binhpham/Library/Python/3.9/lib/python/site-packages/airflow/example_dags/tutorial_taskflow_api.py for tasks to queue
[2024-09-06T19:55:31.724-0500] {logging_mixin.py:190} INFO - [2024-09-06T19:55:31.724-0500] {dagbag.py:587} INFO - Filling up the DagBag from /Users/binhpham/Library/Python/3.9/lib/python/site-packages/airflow/example_dags/tutorial_taskflow_api.py
[2024-09-06T19:55:31.739-0500] {processor.py:925} INFO - DAG(s) 'tutorial_taskflow_api' retrieved from /Users/binhpham/Library/Python/3.9/lib/python/site-packages/airflow/example_dags/tutorial_taskflow_api.py
[2024-09-06T19:55:31.781-0500] {logging_mixin.py:190} INFO - [2024-09-06T19:55:31.781-0500] {dag.py:3229} INFO - Sync 1 DAGs
[2024-09-06T19:55:31.786-0500] {logging_mixin.py:190} INFO - [2024-09-06T19:55:31.786-0500] {dag.py:4156} INFO - Setting next_dagrun for tutorial_taskflow_api to None, run_after=None
[2024-09-06T19:55:31.793-0500] {processor.py:208} INFO - Processing /Users/binhpham/Library/Python/3.9/lib/python/site-packages/airflow/example_dags/tutorial_taskflow_api.py took 0.074 seconds
[2024-09-06T19:56:54.135-0500] {processor.py:186} INFO - Started process (PID=37070) to work on /Users/binhpham/Library/Python/3.9/lib/python/site-packages/airflow/example_dags/tutorial_taskflow_api.py
[2024-09-06T19:56:54.137-0500] {processor.py:914} INFO - Processing file /Users/binhpham/Library/Python/3.9/lib/python/site-packages/airflow/example_dags/tutorial_taskflow_api.py for tasks to queue
[2024-09-06T19:56:54.138-0500] {logging_mixin.py:190} INFO - [2024-09-06T19:56:54.138-0500] {dagbag.py:587} INFO - Filling up the DagBag from /Users/binhpham/Library/Python/3.9/lib/python/site-packages/airflow/example_dags/tutorial_taskflow_api.py
[2024-09-06T19:56:54.153-0500] {processor.py:925} INFO - DAG(s) 'tutorial_taskflow_api' retrieved from /Users/binhpham/Library/Python/3.9/lib/python/site-packages/airflow/example_dags/tutorial_taskflow_api.py
[2024-09-06T19:56:54.198-0500] {logging_mixin.py:190} INFO - [2024-09-06T19:56:54.198-0500] {dag.py:3229} INFO - Sync 1 DAGs
[2024-09-06T19:56:54.203-0500] {logging_mixin.py:190} INFO - [2024-09-06T19:56:54.203-0500] {dag.py:4156} INFO - Setting next_dagrun for tutorial_taskflow_api to None, run_after=None
[2024-09-06T19:56:54.211-0500] {processor.py:208} INFO - Processing /Users/binhpham/Library/Python/3.9/lib/python/site-packages/airflow/example_dags/tutorial_taskflow_api.py took 0.078 seconds
[2024-09-06T19:58:16.293-0500] {processor.py:186} INFO - Started process (PID=37318) to work on /Users/binhpham/Library/Python/3.9/lib/python/site-packages/airflow/example_dags/tutorial_taskflow_api.py
[2024-09-06T19:58:16.295-0500] {processor.py:914} INFO - Processing file /Users/binhpham/Library/Python/3.9/lib/python/site-packages/airflow/example_dags/tutorial_taskflow_api.py for tasks to queue
[2024-09-06T19:58:16.296-0500] {logging_mixin.py:190} INFO - [2024-09-06T19:58:16.296-0500] {dagbag.py:587} INFO - Filling up the DagBag from /Users/binhpham/Library/Python/3.9/lib/python/site-packages/airflow/example_dags/tutorial_taskflow_api.py
[2024-09-06T19:58:16.311-0500] {processor.py:925} INFO - DAG(s) 'tutorial_taskflow_api' retrieved from /Users/binhpham/Library/Python/3.9/lib/python/site-packages/airflow/example_dags/tutorial_taskflow_api.py
[2024-09-06T19:58:16.354-0500] {logging_mixin.py:190} INFO - [2024-09-06T19:58:16.354-0500] {dag.py:3229} INFO - Sync 1 DAGs
[2024-09-06T19:58:16.359-0500] {logging_mixin.py:190} INFO - [2024-09-06T19:58:16.359-0500] {dag.py:4156} INFO - Setting next_dagrun for tutorial_taskflow_api to None, run_after=None
[2024-09-06T19:58:16.366-0500] {processor.py:208} INFO - Processing /Users/binhpham/Library/Python/3.9/lib/python/site-packages/airflow/example_dags/tutorial_taskflow_api.py took 0.075 seconds
[2024-09-06T19:59:38.368-0500] {processor.py:186} INFO - Started process (PID=37569) to work on /Users/binhpham/Library/Python/3.9/lib/python/site-packages/airflow/example_dags/tutorial_taskflow_api.py
[2024-09-06T19:59:38.370-0500] {processor.py:914} INFO - Processing file /Users/binhpham/Library/Python/3.9/lib/python/site-packages/airflow/example_dags/tutorial_taskflow_api.py for tasks to queue
[2024-09-06T19:59:38.371-0500] {logging_mixin.py:190} INFO - [2024-09-06T19:59:38.371-0500] {dagbag.py:587} INFO - Filling up the DagBag from /Users/binhpham/Library/Python/3.9/lib/python/site-packages/airflow/example_dags/tutorial_taskflow_api.py
[2024-09-06T19:59:38.386-0500] {processor.py:925} INFO - DAG(s) 'tutorial_taskflow_api' retrieved from /Users/binhpham/Library/Python/3.9/lib/python/site-packages/airflow/example_dags/tutorial_taskflow_api.py
[2024-09-06T19:59:38.431-0500] {logging_mixin.py:190} INFO - [2024-09-06T19:59:38.431-0500] {dag.py:3229} INFO - Sync 1 DAGs
[2024-09-06T19:59:38.436-0500] {logging_mixin.py:190} INFO - [2024-09-06T19:59:38.436-0500] {dag.py:4156} INFO - Setting next_dagrun for tutorial_taskflow_api to None, run_after=None
[2024-09-06T19:59:38.445-0500] {processor.py:208} INFO - Processing /Users/binhpham/Library/Python/3.9/lib/python/site-packages/airflow/example_dags/tutorial_taskflow_api.py took 0.078 seconds
[2024-09-06T20:00:59.352-0500] {processor.py:186} INFO - Started process (PID=37822) to work on /Users/binhpham/Library/Python/3.9/lib/python/site-packages/airflow/example_dags/tutorial_taskflow_api.py
[2024-09-06T20:00:59.355-0500] {processor.py:914} INFO - Processing file /Users/binhpham/Library/Python/3.9/lib/python/site-packages/airflow/example_dags/tutorial_taskflow_api.py for tasks to queue
[2024-09-06T20:00:59.355-0500] {logging_mixin.py:190} INFO - [2024-09-06T20:00:59.355-0500] {dagbag.py:587} INFO - Filling up the DagBag from /Users/binhpham/Library/Python/3.9/lib/python/site-packages/airflow/example_dags/tutorial_taskflow_api.py
[2024-09-06T20:00:59.371-0500] {processor.py:925} INFO - DAG(s) 'tutorial_taskflow_api' retrieved from /Users/binhpham/Library/Python/3.9/lib/python/site-packages/airflow/example_dags/tutorial_taskflow_api.py
[2024-09-06T20:00:59.416-0500] {logging_mixin.py:190} INFO - [2024-09-06T20:00:59.416-0500] {dag.py:3229} INFO - Sync 1 DAGs
[2024-09-06T20:00:59.421-0500] {logging_mixin.py:190} INFO - [2024-09-06T20:00:59.421-0500] {dag.py:4156} INFO - Setting next_dagrun for tutorial_taskflow_api to None, run_after=None
[2024-09-06T20:00:59.428-0500] {processor.py:208} INFO - Processing /Users/binhpham/Library/Python/3.9/lib/python/site-packages/airflow/example_dags/tutorial_taskflow_api.py took 0.077 seconds
[2024-09-06T20:02:20.536-0500] {processor.py:186} INFO - Started process (PID=38073) to work on /Users/binhpham/Library/Python/3.9/lib/python/site-packages/airflow/example_dags/tutorial_taskflow_api.py
[2024-09-06T20:02:20.538-0500] {processor.py:914} INFO - Processing file /Users/binhpham/Library/Python/3.9/lib/python/site-packages/airflow/example_dags/tutorial_taskflow_api.py for tasks to queue
[2024-09-06T20:02:20.539-0500] {logging_mixin.py:190} INFO - [2024-09-06T20:02:20.539-0500] {dagbag.py:587} INFO - Filling up the DagBag from /Users/binhpham/Library/Python/3.9/lib/python/site-packages/airflow/example_dags/tutorial_taskflow_api.py
[2024-09-06T20:02:20.553-0500] {processor.py:925} INFO - DAG(s) 'tutorial_taskflow_api' retrieved from /Users/binhpham/Library/Python/3.9/lib/python/site-packages/airflow/example_dags/tutorial_taskflow_api.py
[2024-09-06T20:02:20.598-0500] {logging_mixin.py:190} INFO - [2024-09-06T20:02:20.598-0500] {dag.py:3229} INFO - Sync 1 DAGs
[2024-09-06T20:02:20.603-0500] {logging_mixin.py:190} INFO - [2024-09-06T20:02:20.603-0500] {dag.py:4156} INFO - Setting next_dagrun for tutorial_taskflow_api to None, run_after=None
[2024-09-06T20:02:20.611-0500] {processor.py:208} INFO - Processing /Users/binhpham/Library/Python/3.9/lib/python/site-packages/airflow/example_dags/tutorial_taskflow_api.py took 0.076 seconds
[2024-09-06T20:03:39.430-0500] {processor.py:186} INFO - Started process (PID=38318) to work on /Users/binhpham/Library/Python/3.9/lib/python/site-packages/airflow/example_dags/tutorial_taskflow_api.py
[2024-09-06T20:03:39.432-0500] {processor.py:914} INFO - Processing file /Users/binhpham/Library/Python/3.9/lib/python/site-packages/airflow/example_dags/tutorial_taskflow_api.py for tasks to queue
[2024-09-06T20:03:39.433-0500] {logging_mixin.py:190} INFO - [2024-09-06T20:03:39.433-0500] {dagbag.py:587} INFO - Filling up the DagBag from /Users/binhpham/Library/Python/3.9/lib/python/site-packages/airflow/example_dags/tutorial_taskflow_api.py
[2024-09-06T20:03:39.448-0500] {processor.py:925} INFO - DAG(s) 'tutorial_taskflow_api' retrieved from /Users/binhpham/Library/Python/3.9/lib/python/site-packages/airflow/example_dags/tutorial_taskflow_api.py
[2024-09-06T20:03:39.489-0500] {logging_mixin.py:190} INFO - [2024-09-06T20:03:39.489-0500] {dag.py:3229} INFO - Sync 1 DAGs
[2024-09-06T20:03:39.494-0500] {logging_mixin.py:190} INFO - [2024-09-06T20:03:39.494-0500] {dag.py:4156} INFO - Setting next_dagrun for tutorial_taskflow_api to None, run_after=None
[2024-09-06T20:03:39.501-0500] {processor.py:208} INFO - Processing /Users/binhpham/Library/Python/3.9/lib/python/site-packages/airflow/example_dags/tutorial_taskflow_api.py took 0.072 seconds
[2024-09-06T20:04:58.178-0500] {processor.py:186} INFO - Started process (PID=38558) to work on /Users/binhpham/Library/Python/3.9/lib/python/site-packages/airflow/example_dags/tutorial_taskflow_api.py
[2024-09-06T20:04:58.179-0500] {processor.py:914} INFO - Processing file /Users/binhpham/Library/Python/3.9/lib/python/site-packages/airflow/example_dags/tutorial_taskflow_api.py for tasks to queue
[2024-09-06T20:04:58.179-0500] {logging_mixin.py:190} INFO - [2024-09-06T20:04:58.179-0500] {dagbag.py:587} INFO - Filling up the DagBag from /Users/binhpham/Library/Python/3.9/lib/python/site-packages/airflow/example_dags/tutorial_taskflow_api.py
[2024-09-06T20:04:58.193-0500] {processor.py:925} INFO - DAG(s) 'tutorial_taskflow_api' retrieved from /Users/binhpham/Library/Python/3.9/lib/python/site-packages/airflow/example_dags/tutorial_taskflow_api.py
[2024-09-06T20:04:58.236-0500] {logging_mixin.py:190} INFO - [2024-09-06T20:04:58.235-0500] {dag.py:3229} INFO - Sync 1 DAGs
[2024-09-06T20:04:58.240-0500] {logging_mixin.py:190} INFO - [2024-09-06T20:04:58.240-0500] {dag.py:4156} INFO - Setting next_dagrun for tutorial_taskflow_api to None, run_after=None
[2024-09-06T20:04:58.248-0500] {processor.py:208} INFO - Processing /Users/binhpham/Library/Python/3.9/lib/python/site-packages/airflow/example_dags/tutorial_taskflow_api.py took 0.072 seconds
[2024-09-06T20:06:20.318-0500] {processor.py:186} INFO - Started process (PID=38809) to work on /Users/binhpham/Library/Python/3.9/lib/python/site-packages/airflow/example_dags/tutorial_taskflow_api.py
[2024-09-06T20:06:20.321-0500] {processor.py:914} INFO - Processing file /Users/binhpham/Library/Python/3.9/lib/python/site-packages/airflow/example_dags/tutorial_taskflow_api.py for tasks to queue
[2024-09-06T20:06:20.321-0500] {logging_mixin.py:190} INFO - [2024-09-06T20:06:20.321-0500] {dagbag.py:587} INFO - Filling up the DagBag from /Users/binhpham/Library/Python/3.9/lib/python/site-packages/airflow/example_dags/tutorial_taskflow_api.py
[2024-09-06T20:06:20.337-0500] {processor.py:925} INFO - DAG(s) 'tutorial_taskflow_api' retrieved from /Users/binhpham/Library/Python/3.9/lib/python/site-packages/airflow/example_dags/tutorial_taskflow_api.py
[2024-09-06T20:06:20.381-0500] {logging_mixin.py:190} INFO - [2024-09-06T20:06:20.380-0500] {dag.py:3229} INFO - Sync 1 DAGs
[2024-09-06T20:06:20.385-0500] {logging_mixin.py:190} INFO - [2024-09-06T20:06:20.385-0500] {dag.py:4156} INFO - Setting next_dagrun for tutorial_taskflow_api to None, run_after=None
[2024-09-06T20:06:20.394-0500] {processor.py:208} INFO - Processing /Users/binhpham/Library/Python/3.9/lib/python/site-packages/airflow/example_dags/tutorial_taskflow_api.py took 0.077 seconds
[2024-09-06T20:07:40.366-0500] {processor.py:186} INFO - Started process (PID=39048) to work on /Users/binhpham/Library/Python/3.9/lib/python/site-packages/airflow/example_dags/tutorial_taskflow_api.py
[2024-09-06T20:07:40.368-0500] {processor.py:914} INFO - Processing file /Users/binhpham/Library/Python/3.9/lib/python/site-packages/airflow/example_dags/tutorial_taskflow_api.py for tasks to queue
[2024-09-06T20:07:40.369-0500] {logging_mixin.py:190} INFO - [2024-09-06T20:07:40.369-0500] {dagbag.py:587} INFO - Filling up the DagBag from /Users/binhpham/Library/Python/3.9/lib/python/site-packages/airflow/example_dags/tutorial_taskflow_api.py
[2024-09-06T20:07:40.383-0500] {processor.py:925} INFO - DAG(s) 'tutorial_taskflow_api' retrieved from /Users/binhpham/Library/Python/3.9/lib/python/site-packages/airflow/example_dags/tutorial_taskflow_api.py
[2024-09-06T20:07:40.424-0500] {logging_mixin.py:190} INFO - [2024-09-06T20:07:40.424-0500] {dag.py:3229} INFO - Sync 1 DAGs
[2024-09-06T20:07:40.429-0500] {logging_mixin.py:190} INFO - [2024-09-06T20:07:40.429-0500] {dag.py:4156} INFO - Setting next_dagrun for tutorial_taskflow_api to None, run_after=None
[2024-09-06T20:07:40.437-0500] {processor.py:208} INFO - Processing /Users/binhpham/Library/Python/3.9/lib/python/site-packages/airflow/example_dags/tutorial_taskflow_api.py took 0.072 seconds
[2024-09-06T20:09:00.878-0500] {processor.py:186} INFO - Started process (PID=39295) to work on /Users/binhpham/Library/Python/3.9/lib/python/site-packages/airflow/example_dags/tutorial_taskflow_api.py
[2024-09-06T20:09:00.880-0500] {processor.py:914} INFO - Processing file /Users/binhpham/Library/Python/3.9/lib/python/site-packages/airflow/example_dags/tutorial_taskflow_api.py for tasks to queue
[2024-09-06T20:09:00.880-0500] {logging_mixin.py:190} INFO - [2024-09-06T20:09:00.880-0500] {dagbag.py:587} INFO - Filling up the DagBag from /Users/binhpham/Library/Python/3.9/lib/python/site-packages/airflow/example_dags/tutorial_taskflow_api.py
[2024-09-06T20:09:00.895-0500] {processor.py:925} INFO - DAG(s) 'tutorial_taskflow_api' retrieved from /Users/binhpham/Library/Python/3.9/lib/python/site-packages/airflow/example_dags/tutorial_taskflow_api.py
[2024-09-06T20:09:00.938-0500] {logging_mixin.py:190} INFO - [2024-09-06T20:09:00.937-0500] {dag.py:3229} INFO - Sync 1 DAGs
[2024-09-06T20:09:00.942-0500] {logging_mixin.py:190} INFO - [2024-09-06T20:09:00.942-0500] {dag.py:4156} INFO - Setting next_dagrun for tutorial_taskflow_api to None, run_after=None
[2024-09-06T20:09:00.949-0500] {processor.py:208} INFO - Processing /Users/binhpham/Library/Python/3.9/lib/python/site-packages/airflow/example_dags/tutorial_taskflow_api.py took 0.073 seconds
[2024-09-06T20:10:27.331-0500] {processor.py:186} INFO - Started process (PID=39586) to work on /Users/binhpham/Library/Python/3.9/lib/python/site-packages/airflow/example_dags/tutorial_taskflow_api.py
[2024-09-06T20:10:27.333-0500] {processor.py:914} INFO - Processing file /Users/binhpham/Library/Python/3.9/lib/python/site-packages/airflow/example_dags/tutorial_taskflow_api.py for tasks to queue
[2024-09-06T20:10:27.334-0500] {logging_mixin.py:190} INFO - [2024-09-06T20:10:27.334-0500] {dagbag.py:587} INFO - Filling up the DagBag from /Users/binhpham/Library/Python/3.9/lib/python/site-packages/airflow/example_dags/tutorial_taskflow_api.py
[2024-09-06T20:10:27.349-0500] {processor.py:925} INFO - DAG(s) 'tutorial_taskflow_api' retrieved from /Users/binhpham/Library/Python/3.9/lib/python/site-packages/airflow/example_dags/tutorial_taskflow_api.py
[2024-09-06T20:10:27.390-0500] {logging_mixin.py:190} INFO - [2024-09-06T20:10:27.390-0500] {dag.py:3229} INFO - Sync 1 DAGs
[2024-09-06T20:10:27.395-0500] {logging_mixin.py:190} INFO - [2024-09-06T20:10:27.395-0500] {dag.py:4156} INFO - Setting next_dagrun for tutorial_taskflow_api to None, run_after=None
[2024-09-06T20:10:27.402-0500] {processor.py:208} INFO - Processing /Users/binhpham/Library/Python/3.9/lib/python/site-packages/airflow/example_dags/tutorial_taskflow_api.py took 0.073 seconds
[2024-09-06T20:11:47.947-0500] {processor.py:186} INFO - Started process (PID=39856) to work on /Users/binhpham/Library/Python/3.9/lib/python/site-packages/airflow/example_dags/tutorial_taskflow_api.py
[2024-09-06T20:11:47.949-0500] {processor.py:914} INFO - Processing file /Users/binhpham/Library/Python/3.9/lib/python/site-packages/airflow/example_dags/tutorial_taskflow_api.py for tasks to queue
[2024-09-06T20:11:47.950-0500] {logging_mixin.py:190} INFO - [2024-09-06T20:11:47.950-0500] {dagbag.py:587} INFO - Filling up the DagBag from /Users/binhpham/Library/Python/3.9/lib/python/site-packages/airflow/example_dags/tutorial_taskflow_api.py
[2024-09-06T20:11:47.964-0500] {processor.py:925} INFO - DAG(s) 'tutorial_taskflow_api' retrieved from /Users/binhpham/Library/Python/3.9/lib/python/site-packages/airflow/example_dags/tutorial_taskflow_api.py
[2024-09-06T20:11:48.006-0500] {logging_mixin.py:190} INFO - [2024-09-06T20:11:48.005-0500] {dag.py:3229} INFO - Sync 1 DAGs
[2024-09-06T20:11:48.010-0500] {logging_mixin.py:190} INFO - [2024-09-06T20:11:48.010-0500] {dag.py:4156} INFO - Setting next_dagrun for tutorial_taskflow_api to None, run_after=None
[2024-09-06T20:11:48.017-0500] {processor.py:208} INFO - Processing /Users/binhpham/Library/Python/3.9/lib/python/site-packages/airflow/example_dags/tutorial_taskflow_api.py took 0.072 seconds
[2024-09-06T20:13:09.663-0500] {processor.py:186} INFO - Started process (PID=40134) to work on /Users/binhpham/Library/Python/3.9/lib/python/site-packages/airflow/example_dags/tutorial_taskflow_api.py
[2024-09-06T20:13:09.664-0500] {processor.py:914} INFO - Processing file /Users/binhpham/Library/Python/3.9/lib/python/site-packages/airflow/example_dags/tutorial_taskflow_api.py for tasks to queue
[2024-09-06T20:13:09.665-0500] {logging_mixin.py:190} INFO - [2024-09-06T20:13:09.665-0500] {dagbag.py:587} INFO - Filling up the DagBag from /Users/binhpham/Library/Python/3.9/lib/python/site-packages/airflow/example_dags/tutorial_taskflow_api.py
[2024-09-06T20:13:09.681-0500] {processor.py:925} INFO - DAG(s) 'tutorial_taskflow_api' retrieved from /Users/binhpham/Library/Python/3.9/lib/python/site-packages/airflow/example_dags/tutorial_taskflow_api.py
[2024-09-06T20:13:09.726-0500] {logging_mixin.py:190} INFO - [2024-09-06T20:13:09.726-0500] {dag.py:3229} INFO - Sync 1 DAGs
[2024-09-06T20:13:09.731-0500] {logging_mixin.py:190} INFO - [2024-09-06T20:13:09.731-0500] {dag.py:4156} INFO - Setting next_dagrun for tutorial_taskflow_api to None, run_after=None
[2024-09-06T20:13:09.738-0500] {processor.py:208} INFO - Processing /Users/binhpham/Library/Python/3.9/lib/python/site-packages/airflow/example_dags/tutorial_taskflow_api.py took 0.076 seconds
[2024-09-06T20:14:31.277-0500] {processor.py:186} INFO - Started process (PID=40395) to work on /Users/binhpham/Library/Python/3.9/lib/python/site-packages/airflow/example_dags/tutorial_taskflow_api.py
[2024-09-06T20:14:31.280-0500] {processor.py:914} INFO - Processing file /Users/binhpham/Library/Python/3.9/lib/python/site-packages/airflow/example_dags/tutorial_taskflow_api.py for tasks to queue
[2024-09-06T20:14:31.280-0500] {logging_mixin.py:190} INFO - [2024-09-06T20:14:31.280-0500] {dagbag.py:587} INFO - Filling up the DagBag from /Users/binhpham/Library/Python/3.9/lib/python/site-packages/airflow/example_dags/tutorial_taskflow_api.py
[2024-09-06T20:14:31.296-0500] {processor.py:925} INFO - DAG(s) 'tutorial_taskflow_api' retrieved from /Users/binhpham/Library/Python/3.9/lib/python/site-packages/airflow/example_dags/tutorial_taskflow_api.py
[2024-09-06T20:14:31.340-0500] {logging_mixin.py:190} INFO - [2024-09-06T20:14:31.340-0500] {dag.py:3229} INFO - Sync 1 DAGs
[2024-09-06T20:14:31.344-0500] {logging_mixin.py:190} INFO - [2024-09-06T20:14:31.344-0500] {dag.py:4156} INFO - Setting next_dagrun for tutorial_taskflow_api to None, run_after=None
[2024-09-06T20:14:31.351-0500] {processor.py:208} INFO - Processing /Users/binhpham/Library/Python/3.9/lib/python/site-packages/airflow/example_dags/tutorial_taskflow_api.py took 0.075 seconds
[2024-09-06T20:15:03.290-0500] {processor.py:186} INFO - Started process (PID=40535) to work on /Users/binhpham/Library/Python/3.9/lib/python/site-packages/airflow/example_dags/tutorial_taskflow_api.py
[2024-09-06T20:15:03.292-0500] {processor.py:914} INFO - Processing file /Users/binhpham/Library/Python/3.9/lib/python/site-packages/airflow/example_dags/tutorial_taskflow_api.py for tasks to queue
[2024-09-06T20:15:03.292-0500] {logging_mixin.py:190} INFO - [2024-09-06T20:15:03.292-0500] {dagbag.py:587} INFO - Filling up the DagBag from /Users/binhpham/Library/Python/3.9/lib/python/site-packages/airflow/example_dags/tutorial_taskflow_api.py
[2024-09-06T20:15:03.311-0500] {processor.py:925} INFO - DAG(s) 'tutorial_taskflow_api' retrieved from /Users/binhpham/Library/Python/3.9/lib/python/site-packages/airflow/example_dags/tutorial_taskflow_api.py
[2024-09-06T20:15:03.356-0500] {logging_mixin.py:190} INFO - [2024-09-06T20:15:03.356-0500] {dag.py:3229} INFO - Sync 1 DAGs
[2024-09-06T20:15:03.361-0500] {logging_mixin.py:190} INFO - [2024-09-06T20:15:03.361-0500] {dag.py:4156} INFO - Setting next_dagrun for tutorial_taskflow_api to None, run_after=None
[2024-09-06T20:15:03.367-0500] {processor.py:208} INFO - Processing /Users/binhpham/Library/Python/3.9/lib/python/site-packages/airflow/example_dags/tutorial_taskflow_api.py took 0.079 seconds
[2024-09-06T20:21:53.462-0500] {processor.py:186} INFO - Started process (PID=42743) to work on /Users/binhpham/Library/Python/3.9/lib/python/site-packages/airflow/example_dags/tutorial_taskflow_api.py
[2024-09-06T20:21:53.465-0500] {processor.py:914} INFO - Processing file /Users/binhpham/Library/Python/3.9/lib/python/site-packages/airflow/example_dags/tutorial_taskflow_api.py for tasks to queue
[2024-09-06T20:21:53.466-0500] {logging_mixin.py:190} INFO - [2024-09-06T20:21:53.465-0500] {dagbag.py:587} INFO - Filling up the DagBag from /Users/binhpham/Library/Python/3.9/lib/python/site-packages/airflow/example_dags/tutorial_taskflow_api.py
[2024-09-06T20:21:53.484-0500] {processor.py:925} INFO - DAG(s) 'tutorial_taskflow_api' retrieved from /Users/binhpham/Library/Python/3.9/lib/python/site-packages/airflow/example_dags/tutorial_taskflow_api.py
[2024-09-06T20:21:53.535-0500] {logging_mixin.py:190} INFO - [2024-09-06T20:21:53.535-0500] {dag.py:3229} INFO - Sync 1 DAGs
[2024-09-06T20:21:53.540-0500] {logging_mixin.py:190} INFO - [2024-09-06T20:21:53.540-0500] {dag.py:4156} INFO - Setting next_dagrun for tutorial_taskflow_api to None, run_after=None
[2024-09-06T20:21:53.547-0500] {processor.py:208} INFO - Processing /Users/binhpham/Library/Python/3.9/lib/python/site-packages/airflow/example_dags/tutorial_taskflow_api.py took 0.086 seconds
[2024-09-06T20:23:45.486-0500] {processor.py:186} INFO - Started process (PID=43107) to work on /Users/binhpham/Library/Python/3.9/lib/python/site-packages/airflow/example_dags/tutorial_taskflow_api.py
[2024-09-06T20:23:45.489-0500] {processor.py:914} INFO - Processing file /Users/binhpham/Library/Python/3.9/lib/python/site-packages/airflow/example_dags/tutorial_taskflow_api.py for tasks to queue
[2024-09-06T20:23:45.490-0500] {logging_mixin.py:190} INFO - [2024-09-06T20:23:45.490-0500] {dagbag.py:587} INFO - Filling up the DagBag from /Users/binhpham/Library/Python/3.9/lib/python/site-packages/airflow/example_dags/tutorial_taskflow_api.py
[2024-09-06T20:23:45.505-0500] {processor.py:925} INFO - DAG(s) 'tutorial_taskflow_api' retrieved from /Users/binhpham/Library/Python/3.9/lib/python/site-packages/airflow/example_dags/tutorial_taskflow_api.py
[2024-09-06T20:23:45.548-0500] {logging_mixin.py:190} INFO - [2024-09-06T20:23:45.547-0500] {dag.py:3229} INFO - Sync 1 DAGs
[2024-09-06T20:23:45.553-0500] {logging_mixin.py:190} INFO - [2024-09-06T20:23:45.552-0500] {dag.py:4156} INFO - Setting next_dagrun for tutorial_taskflow_api to None, run_after=None
[2024-09-06T20:23:45.560-0500] {processor.py:208} INFO - Processing /Users/binhpham/Library/Python/3.9/lib/python/site-packages/airflow/example_dags/tutorial_taskflow_api.py took 0.075 seconds
[2024-09-06T20:25:08.586-0500] {processor.py:186} INFO - Started process (PID=43361) to work on /Users/binhpham/Library/Python/3.9/lib/python/site-packages/airflow/example_dags/tutorial_taskflow_api.py
[2024-09-06T20:25:08.588-0500] {processor.py:914} INFO - Processing file /Users/binhpham/Library/Python/3.9/lib/python/site-packages/airflow/example_dags/tutorial_taskflow_api.py for tasks to queue
[2024-09-06T20:25:08.589-0500] {logging_mixin.py:190} INFO - [2024-09-06T20:25:08.588-0500] {dagbag.py:587} INFO - Filling up the DagBag from /Users/binhpham/Library/Python/3.9/lib/python/site-packages/airflow/example_dags/tutorial_taskflow_api.py
[2024-09-06T20:25:08.604-0500] {processor.py:925} INFO - DAG(s) 'tutorial_taskflow_api' retrieved from /Users/binhpham/Library/Python/3.9/lib/python/site-packages/airflow/example_dags/tutorial_taskflow_api.py
[2024-09-06T20:25:08.647-0500] {logging_mixin.py:190} INFO - [2024-09-06T20:25:08.647-0500] {dag.py:3229} INFO - Sync 1 DAGs
[2024-09-06T20:25:08.652-0500] {logging_mixin.py:190} INFO - [2024-09-06T20:25:08.652-0500] {dag.py:4156} INFO - Setting next_dagrun for tutorial_taskflow_api to None, run_after=None
[2024-09-06T20:25:08.659-0500] {processor.py:208} INFO - Processing /Users/binhpham/Library/Python/3.9/lib/python/site-packages/airflow/example_dags/tutorial_taskflow_api.py took 0.075 seconds
[2024-09-06T20:26:31.476-0500] {processor.py:186} INFO - Started process (PID=43640) to work on /Users/binhpham/Library/Python/3.9/lib/python/site-packages/airflow/example_dags/tutorial_taskflow_api.py
[2024-09-06T20:26:31.478-0500] {processor.py:914} INFO - Processing file /Users/binhpham/Library/Python/3.9/lib/python/site-packages/airflow/example_dags/tutorial_taskflow_api.py for tasks to queue
[2024-09-06T20:26:31.479-0500] {logging_mixin.py:190} INFO - [2024-09-06T20:26:31.478-0500] {dagbag.py:587} INFO - Filling up the DagBag from /Users/binhpham/Library/Python/3.9/lib/python/site-packages/airflow/example_dags/tutorial_taskflow_api.py
[2024-09-06T20:26:31.497-0500] {processor.py:925} INFO - DAG(s) 'tutorial_taskflow_api' retrieved from /Users/binhpham/Library/Python/3.9/lib/python/site-packages/airflow/example_dags/tutorial_taskflow_api.py
[2024-09-06T20:26:31.548-0500] {logging_mixin.py:190} INFO - [2024-09-06T20:26:31.548-0500] {dag.py:3229} INFO - Sync 1 DAGs
[2024-09-06T20:26:31.553-0500] {logging_mixin.py:190} INFO - [2024-09-06T20:26:31.553-0500] {dag.py:4156} INFO - Setting next_dagrun for tutorial_taskflow_api to None, run_after=None
[2024-09-06T20:26:31.562-0500] {processor.py:208} INFO - Processing /Users/binhpham/Library/Python/3.9/lib/python/site-packages/airflow/example_dags/tutorial_taskflow_api.py took 0.087 seconds
[2024-09-06T20:27:01.857-0500] {processor.py:186} INFO - Started process (PID=43763) to work on /Users/binhpham/Library/Python/3.9/lib/python/site-packages/airflow/example_dags/tutorial_taskflow_api.py
[2024-09-06T20:27:01.860-0500] {processor.py:914} INFO - Processing file /Users/binhpham/Library/Python/3.9/lib/python/site-packages/airflow/example_dags/tutorial_taskflow_api.py for tasks to queue
[2024-09-06T20:27:01.860-0500] {logging_mixin.py:190} INFO - [2024-09-06T20:27:01.860-0500] {dagbag.py:587} INFO - Filling up the DagBag from /Users/binhpham/Library/Python/3.9/lib/python/site-packages/airflow/example_dags/tutorial_taskflow_api.py
[2024-09-06T20:27:01.877-0500] {processor.py:925} INFO - DAG(s) 'tutorial_taskflow_api' retrieved from /Users/binhpham/Library/Python/3.9/lib/python/site-packages/airflow/example_dags/tutorial_taskflow_api.py
[2024-09-06T20:27:01.923-0500] {logging_mixin.py:190} INFO - [2024-09-06T20:27:01.922-0500] {dag.py:3229} INFO - Sync 1 DAGs
[2024-09-06T20:27:01.927-0500] {logging_mixin.py:190} INFO - [2024-09-06T20:27:01.927-0500] {dag.py:4156} INFO - Setting next_dagrun for tutorial_taskflow_api to None, run_after=None
[2024-09-06T20:27:01.935-0500] {processor.py:208} INFO - Processing /Users/binhpham/Library/Python/3.9/lib/python/site-packages/airflow/example_dags/tutorial_taskflow_api.py took 0.079 seconds
[2024-09-06T20:28:52.488-0500] {processor.py:186} INFO - Started process (PID=44121) to work on /Users/binhpham/Library/Python/3.9/lib/python/site-packages/airflow/example_dags/tutorial_taskflow_api.py
[2024-09-06T20:28:52.491-0500] {processor.py:914} INFO - Processing file /Users/binhpham/Library/Python/3.9/lib/python/site-packages/airflow/example_dags/tutorial_taskflow_api.py for tasks to queue
[2024-09-06T20:28:52.491-0500] {logging_mixin.py:190} INFO - [2024-09-06T20:28:52.491-0500] {dagbag.py:587} INFO - Filling up the DagBag from /Users/binhpham/Library/Python/3.9/lib/python/site-packages/airflow/example_dags/tutorial_taskflow_api.py
[2024-09-06T20:28:52.509-0500] {processor.py:925} INFO - DAG(s) 'tutorial_taskflow_api' retrieved from /Users/binhpham/Library/Python/3.9/lib/python/site-packages/airflow/example_dags/tutorial_taskflow_api.py
[2024-09-06T20:28:52.553-0500] {logging_mixin.py:190} INFO - [2024-09-06T20:28:52.553-0500] {dag.py:3229} INFO - Sync 1 DAGs
[2024-09-06T20:28:52.558-0500] {logging_mixin.py:190} INFO - [2024-09-06T20:28:52.557-0500] {dag.py:4156} INFO - Setting next_dagrun for tutorial_taskflow_api to None, run_after=None
[2024-09-06T20:28:52.564-0500] {processor.py:208} INFO - Processing /Users/binhpham/Library/Python/3.9/lib/python/site-packages/airflow/example_dags/tutorial_taskflow_api.py took 0.077 seconds
[2024-09-06T20:30:14.370-0500] {processor.py:186} INFO - Started process (PID=44401) to work on /Users/binhpham/Library/Python/3.9/lib/python/site-packages/airflow/example_dags/tutorial_taskflow_api.py
[2024-09-06T20:30:14.373-0500] {processor.py:914} INFO - Processing file /Users/binhpham/Library/Python/3.9/lib/python/site-packages/airflow/example_dags/tutorial_taskflow_api.py for tasks to queue
[2024-09-06T20:30:14.373-0500] {logging_mixin.py:190} INFO - [2024-09-06T20:30:14.373-0500] {dagbag.py:587} INFO - Filling up the DagBag from /Users/binhpham/Library/Python/3.9/lib/python/site-packages/airflow/example_dags/tutorial_taskflow_api.py
[2024-09-06T20:30:14.388-0500] {processor.py:925} INFO - DAG(s) 'tutorial_taskflow_api' retrieved from /Users/binhpham/Library/Python/3.9/lib/python/site-packages/airflow/example_dags/tutorial_taskflow_api.py
[2024-09-06T20:30:14.429-0500] {logging_mixin.py:190} INFO - [2024-09-06T20:30:14.428-0500] {dag.py:3229} INFO - Sync 1 DAGs
[2024-09-06T20:30:14.433-0500] {logging_mixin.py:190} INFO - [2024-09-06T20:30:14.433-0500] {dag.py:4156} INFO - Setting next_dagrun for tutorial_taskflow_api to None, run_after=None
[2024-09-06T20:30:14.440-0500] {processor.py:208} INFO - Processing /Users/binhpham/Library/Python/3.9/lib/python/site-packages/airflow/example_dags/tutorial_taskflow_api.py took 0.071 seconds
[2024-09-06T20:31:34.982-0500] {processor.py:186} INFO - Started process (PID=44652) to work on /Users/binhpham/Library/Python/3.9/lib/python/site-packages/airflow/example_dags/tutorial_taskflow_api.py
[2024-09-06T20:31:34.983-0500] {processor.py:914} INFO - Processing file /Users/binhpham/Library/Python/3.9/lib/python/site-packages/airflow/example_dags/tutorial_taskflow_api.py for tasks to queue
[2024-09-06T20:31:34.984-0500] {logging_mixin.py:190} INFO - [2024-09-06T20:31:34.984-0500] {dagbag.py:587} INFO - Filling up the DagBag from /Users/binhpham/Library/Python/3.9/lib/python/site-packages/airflow/example_dags/tutorial_taskflow_api.py
[2024-09-06T20:31:34.998-0500] {processor.py:925} INFO - DAG(s) 'tutorial_taskflow_api' retrieved from /Users/binhpham/Library/Python/3.9/lib/python/site-packages/airflow/example_dags/tutorial_taskflow_api.py
[2024-09-06T20:31:35.039-0500] {logging_mixin.py:190} INFO - [2024-09-06T20:31:35.039-0500] {dag.py:3229} INFO - Sync 1 DAGs
[2024-09-06T20:31:35.043-0500] {logging_mixin.py:190} INFO - [2024-09-06T20:31:35.043-0500] {dag.py:4156} INFO - Setting next_dagrun for tutorial_taskflow_api to None, run_after=None
[2024-09-06T20:31:35.051-0500] {processor.py:208} INFO - Processing /Users/binhpham/Library/Python/3.9/lib/python/site-packages/airflow/example_dags/tutorial_taskflow_api.py took 0.070 seconds
[2024-09-06T20:32:57.200-0500] {processor.py:186} INFO - Started process (PID=44928) to work on /Users/binhpham/Library/Python/3.9/lib/python/site-packages/airflow/example_dags/tutorial_taskflow_api.py
[2024-09-06T20:32:57.202-0500] {processor.py:914} INFO - Processing file /Users/binhpham/Library/Python/3.9/lib/python/site-packages/airflow/example_dags/tutorial_taskflow_api.py for tasks to queue
[2024-09-06T20:32:57.202-0500] {logging_mixin.py:190} INFO - [2024-09-06T20:32:57.202-0500] {dagbag.py:587} INFO - Filling up the DagBag from /Users/binhpham/Library/Python/3.9/lib/python/site-packages/airflow/example_dags/tutorial_taskflow_api.py
[2024-09-06T20:32:57.217-0500] {processor.py:925} INFO - DAG(s) 'tutorial_taskflow_api' retrieved from /Users/binhpham/Library/Python/3.9/lib/python/site-packages/airflow/example_dags/tutorial_taskflow_api.py
[2024-09-06T20:32:57.259-0500] {logging_mixin.py:190} INFO - [2024-09-06T20:32:57.258-0500] {dag.py:3229} INFO - Sync 1 DAGs
[2024-09-06T20:32:57.263-0500] {logging_mixin.py:190} INFO - [2024-09-06T20:32:57.263-0500] {dag.py:4156} INFO - Setting next_dagrun for tutorial_taskflow_api to None, run_after=None
[2024-09-06T20:32:57.270-0500] {processor.py:208} INFO - Processing /Users/binhpham/Library/Python/3.9/lib/python/site-packages/airflow/example_dags/tutorial_taskflow_api.py took 0.071 seconds
[2024-09-06T20:33:33.362-0500] {processor.py:186} INFO - Started process (PID=45061) to work on /Users/binhpham/Library/Python/3.9/lib/python/site-packages/airflow/example_dags/tutorial_taskflow_api.py
[2024-09-06T20:33:33.366-0500] {processor.py:914} INFO - Processing file /Users/binhpham/Library/Python/3.9/lib/python/site-packages/airflow/example_dags/tutorial_taskflow_api.py for tasks to queue
[2024-09-06T20:33:33.367-0500] {logging_mixin.py:190} INFO - [2024-09-06T20:33:33.367-0500] {dagbag.py:587} INFO - Filling up the DagBag from /Users/binhpham/Library/Python/3.9/lib/python/site-packages/airflow/example_dags/tutorial_taskflow_api.py
[2024-09-06T20:33:33.383-0500] {processor.py:925} INFO - DAG(s) 'tutorial_taskflow_api' retrieved from /Users/binhpham/Library/Python/3.9/lib/python/site-packages/airflow/example_dags/tutorial_taskflow_api.py
[2024-09-06T20:33:33.426-0500] {logging_mixin.py:190} INFO - [2024-09-06T20:33:33.426-0500] {dag.py:3229} INFO - Sync 1 DAGs
[2024-09-06T20:33:33.431-0500] {logging_mixin.py:190} INFO - [2024-09-06T20:33:33.431-0500] {dag.py:4156} INFO - Setting next_dagrun for tutorial_taskflow_api to None, run_after=None
[2024-09-06T20:33:33.437-0500] {processor.py:208} INFO - Processing /Users/binhpham/Library/Python/3.9/lib/python/site-packages/airflow/example_dags/tutorial_taskflow_api.py took 0.076 seconds
[2024-09-06T20:35:25.698-0500] {processor.py:186} INFO - Started process (PID=45420) to work on /Users/binhpham/Library/Python/3.9/lib/python/site-packages/airflow/example_dags/tutorial_taskflow_api.py
[2024-09-06T20:35:25.700-0500] {processor.py:914} INFO - Processing file /Users/binhpham/Library/Python/3.9/lib/python/site-packages/airflow/example_dags/tutorial_taskflow_api.py for tasks to queue
[2024-09-06T20:35:25.701-0500] {logging_mixin.py:190} INFO - [2024-09-06T20:35:25.701-0500] {dagbag.py:587} INFO - Filling up the DagBag from /Users/binhpham/Library/Python/3.9/lib/python/site-packages/airflow/example_dags/tutorial_taskflow_api.py
[2024-09-06T20:35:25.715-0500] {processor.py:925} INFO - DAG(s) 'tutorial_taskflow_api' retrieved from /Users/binhpham/Library/Python/3.9/lib/python/site-packages/airflow/example_dags/tutorial_taskflow_api.py
[2024-09-06T20:35:25.756-0500] {logging_mixin.py:190} INFO - [2024-09-06T20:35:25.756-0500] {dag.py:3229} INFO - Sync 1 DAGs
[2024-09-06T20:35:25.761-0500] {logging_mixin.py:190} INFO - [2024-09-06T20:35:25.761-0500] {dag.py:4156} INFO - Setting next_dagrun for tutorial_taskflow_api to None, run_after=None
[2024-09-06T20:35:25.768-0500] {processor.py:208} INFO - Processing /Users/binhpham/Library/Python/3.9/lib/python/site-packages/airflow/example_dags/tutorial_taskflow_api.py took 0.072 seconds
[2024-09-06T20:36:46.712-0500] {processor.py:186} INFO - Started process (PID=45678) to work on /Users/binhpham/Library/Python/3.9/lib/python/site-packages/airflow/example_dags/tutorial_taskflow_api.py
[2024-09-06T20:36:46.714-0500] {processor.py:914} INFO - Processing file /Users/binhpham/Library/Python/3.9/lib/python/site-packages/airflow/example_dags/tutorial_taskflow_api.py for tasks to queue
[2024-09-06T20:36:46.714-0500] {logging_mixin.py:190} INFO - [2024-09-06T20:36:46.714-0500] {dagbag.py:587} INFO - Filling up the DagBag from /Users/binhpham/Library/Python/3.9/lib/python/site-packages/airflow/example_dags/tutorial_taskflow_api.py
[2024-09-06T20:36:46.730-0500] {processor.py:925} INFO - DAG(s) 'tutorial_taskflow_api' retrieved from /Users/binhpham/Library/Python/3.9/lib/python/site-packages/airflow/example_dags/tutorial_taskflow_api.py
[2024-09-06T20:36:46.773-0500] {logging_mixin.py:190} INFO - [2024-09-06T20:36:46.772-0500] {dag.py:3229} INFO - Sync 1 DAGs
[2024-09-06T20:36:46.777-0500] {logging_mixin.py:190} INFO - [2024-09-06T20:36:46.777-0500] {dag.py:4156} INFO - Setting next_dagrun for tutorial_taskflow_api to None, run_after=None
[2024-09-06T20:36:46.784-0500] {processor.py:208} INFO - Processing /Users/binhpham/Library/Python/3.9/lib/python/site-packages/airflow/example_dags/tutorial_taskflow_api.py took 0.073 seconds
[2024-09-06T20:38:08.511-0500] {processor.py:186} INFO - Started process (PID=45960) to work on /Users/binhpham/Library/Python/3.9/lib/python/site-packages/airflow/example_dags/tutorial_taskflow_api.py
[2024-09-06T20:38:08.514-0500] {processor.py:914} INFO - Processing file /Users/binhpham/Library/Python/3.9/lib/python/site-packages/airflow/example_dags/tutorial_taskflow_api.py for tasks to queue
[2024-09-06T20:38:08.514-0500] {logging_mixin.py:190} INFO - [2024-09-06T20:38:08.514-0500] {dagbag.py:587} INFO - Filling up the DagBag from /Users/binhpham/Library/Python/3.9/lib/python/site-packages/airflow/example_dags/tutorial_taskflow_api.py
[2024-09-06T20:38:08.529-0500] {processor.py:925} INFO - DAG(s) 'tutorial_taskflow_api' retrieved from /Users/binhpham/Library/Python/3.9/lib/python/site-packages/airflow/example_dags/tutorial_taskflow_api.py
[2024-09-06T20:38:08.572-0500] {logging_mixin.py:190} INFO - [2024-09-06T20:38:08.572-0500] {dag.py:3229} INFO - Sync 1 DAGs
[2024-09-06T20:38:08.577-0500] {logging_mixin.py:190} INFO - [2024-09-06T20:38:08.577-0500] {dag.py:4156} INFO - Setting next_dagrun for tutorial_taskflow_api to None, run_after=None
[2024-09-06T20:38:08.583-0500] {processor.py:208} INFO - Processing /Users/binhpham/Library/Python/3.9/lib/python/site-packages/airflow/example_dags/tutorial_taskflow_api.py took 0.073 seconds
