[2024-09-06T19:43:52.319-0500] {processor.py:186} INFO - Started process (PID=34297) to work on /Users/binhpham/Library/Python/3.9/lib/python/site-packages/airflow/example_dags/tutorial_dag.py
[2024-09-06T19:43:52.321-0500] {processor.py:914} INFO - Processing file /Users/binhpham/Library/Python/3.9/lib/python/site-packages/airflow/example_dags/tutorial_dag.py for tasks to queue
[2024-09-06T19:43:52.321-0500] {logging_mixin.py:190} INFO - [2024-09-06T19:43:52.321-0500] {dagbag.py:587} INFO - Filling up the DagBag from /Users/binhpham/Library/Python/3.9/lib/python/site-packages/airflow/example_dags/tutorial_dag.py
[2024-09-06T19:43:52.332-0500] {processor.py:925} INFO - DAG(s) 'tutorial_dag' retrieved from /Users/binhpham/Library/Python/3.9/lib/python/site-packages/airflow/example_dags/tutorial_dag.py
[2024-09-06T19:43:52.415-0500] {logging_mixin.py:190} INFO - [2024-09-06T19:43:52.415-0500] {override.py:1900} INFO - Created Permission View: can edit on DAG:tutorial_dag
[2024-09-06T19:43:52.420-0500] {logging_mixin.py:190} INFO - [2024-09-06T19:43:52.419-0500] {override.py:1900} INFO - Created Permission View: can read on DAG:tutorial_dag
[2024-09-06T19:43:52.423-0500] {logging_mixin.py:190} INFO - [2024-09-06T19:43:52.422-0500] {override.py:1900} INFO - Created Permission View: can delete on DAG:tutorial_dag
[2024-09-06T19:43:52.426-0500] {logging_mixin.py:190} INFO - [2024-09-06T19:43:52.426-0500] {override.py:1900} INFO - Created Permission View: menu access on DAG Run:tutorial_dag
[2024-09-06T19:43:52.428-0500] {logging_mixin.py:190} INFO - [2024-09-06T19:43:52.428-0500] {override.py:1900} INFO - Created Permission View: can create on DAG Run:tutorial_dag
[2024-09-06T19:43:52.431-0500] {logging_mixin.py:190} INFO - [2024-09-06T19:43:52.431-0500] {override.py:1900} INFO - Created Permission View: can read on DAG Run:tutorial_dag
[2024-09-06T19:43:52.434-0500] {logging_mixin.py:190} INFO - [2024-09-06T19:43:52.434-0500] {override.py:1900} INFO - Created Permission View: can delete on DAG Run:tutorial_dag
[2024-09-06T19:43:52.434-0500] {logging_mixin.py:190} INFO - [2024-09-06T19:43:52.434-0500] {dag.py:3229} INFO - Sync 1 DAGs
[2024-09-06T19:43:52.439-0500] {logging_mixin.py:190} INFO - [2024-09-06T19:43:52.439-0500] {dag.py:3252} INFO - Creating ORM DAG for tutorial_dag
[2024-09-06T19:43:52.440-0500] {logging_mixin.py:190} INFO - [2024-09-06T19:43:52.439-0500] {dag.py:4156} INFO - Setting next_dagrun for tutorial_dag to None, run_after=None
[2024-09-06T19:43:52.451-0500] {processor.py:208} INFO - Processing /Users/binhpham/Library/Python/3.9/lib/python/site-packages/airflow/example_dags/tutorial_dag.py took 0.133 seconds
[2024-09-06T19:45:01.159-0500] {processor.py:186} INFO - Started process (PID=34595) to work on /Users/binhpham/Library/Python/3.9/lib/python/site-packages/airflow/example_dags/tutorial_dag.py
[2024-09-06T19:45:01.161-0500] {processor.py:914} INFO - Processing file /Users/binhpham/Library/Python/3.9/lib/python/site-packages/airflow/example_dags/tutorial_dag.py for tasks to queue
[2024-09-06T19:45:01.161-0500] {logging_mixin.py:190} INFO - [2024-09-06T19:45:01.161-0500] {dagbag.py:587} INFO - Filling up the DagBag from /Users/binhpham/Library/Python/3.9/lib/python/site-packages/airflow/example_dags/tutorial_dag.py
[2024-09-06T19:45:01.171-0500] {processor.py:925} INFO - DAG(s) 'tutorial_dag' retrieved from /Users/binhpham/Library/Python/3.9/lib/python/site-packages/airflow/example_dags/tutorial_dag.py
[2024-09-06T19:45:01.212-0500] {logging_mixin.py:190} INFO - [2024-09-06T19:45:01.212-0500] {dag.py:3229} INFO - Sync 1 DAGs
[2024-09-06T19:45:01.217-0500] {logging_mixin.py:190} INFO - [2024-09-06T19:45:01.217-0500] {dag.py:4156} INFO - Setting next_dagrun for tutorial_dag to None, run_after=None
[2024-09-06T19:45:01.224-0500] {processor.py:208} INFO - Processing /Users/binhpham/Library/Python/3.9/lib/python/site-packages/airflow/example_dags/tutorial_dag.py took 0.067 seconds
[2024-09-06T19:47:20.841-0500] {processor.py:186} INFO - Started process (PID=35179) to work on /Users/binhpham/Library/Python/3.9/lib/python/site-packages/airflow/example_dags/tutorial_dag.py
[2024-09-06T19:47:20.843-0500] {processor.py:914} INFO - Processing file /Users/binhpham/Library/Python/3.9/lib/python/site-packages/airflow/example_dags/tutorial_dag.py for tasks to queue
[2024-09-06T19:47:20.843-0500] {logging_mixin.py:190} INFO - [2024-09-06T19:47:20.843-0500] {dagbag.py:587} INFO - Filling up the DagBag from /Users/binhpham/Library/Python/3.9/lib/python/site-packages/airflow/example_dags/tutorial_dag.py
[2024-09-06T19:47:20.854-0500] {processor.py:925} INFO - DAG(s) 'tutorial_dag' retrieved from /Users/binhpham/Library/Python/3.9/lib/python/site-packages/airflow/example_dags/tutorial_dag.py
[2024-09-06T19:47:20.897-0500] {logging_mixin.py:190} INFO - [2024-09-06T19:47:20.897-0500] {dag.py:3229} INFO - Sync 1 DAGs
[2024-09-06T19:47:20.901-0500] {logging_mixin.py:190} INFO - [2024-09-06T19:47:20.901-0500] {dag.py:4156} INFO - Setting next_dagrun for tutorial_dag to None, run_after=None
[2024-09-06T19:47:20.911-0500] {processor.py:208} INFO - Processing /Users/binhpham/Library/Python/3.9/lib/python/site-packages/airflow/example_dags/tutorial_dag.py took 0.071 seconds
[2024-09-06T19:49:12.929-0500] {processor.py:186} INFO - Started process (PID=35555) to work on /Users/binhpham/Library/Python/3.9/lib/python/site-packages/airflow/example_dags/tutorial_dag.py
[2024-09-06T19:49:12.931-0500] {processor.py:914} INFO - Processing file /Users/binhpham/Library/Python/3.9/lib/python/site-packages/airflow/example_dags/tutorial_dag.py for tasks to queue
[2024-09-06T19:49:12.931-0500] {logging_mixin.py:190} INFO - [2024-09-06T19:49:12.931-0500] {dagbag.py:587} INFO - Filling up the DagBag from /Users/binhpham/Library/Python/3.9/lib/python/site-packages/airflow/example_dags/tutorial_dag.py
[2024-09-06T19:49:12.942-0500] {processor.py:925} INFO - DAG(s) 'tutorial_dag' retrieved from /Users/binhpham/Library/Python/3.9/lib/python/site-packages/airflow/example_dags/tutorial_dag.py
[2024-09-06T19:49:12.985-0500] {logging_mixin.py:190} INFO - [2024-09-06T19:49:12.985-0500] {dag.py:3229} INFO - Sync 1 DAGs
[2024-09-06T19:49:12.990-0500] {logging_mixin.py:190} INFO - [2024-09-06T19:49:12.990-0500] {dag.py:4156} INFO - Setting next_dagrun for tutorial_dag to None, run_after=None
[2024-09-06T19:49:12.998-0500] {processor.py:208} INFO - Processing /Users/binhpham/Library/Python/3.9/lib/python/site-packages/airflow/example_dags/tutorial_dag.py took 0.071 seconds
[2024-09-06T19:50:34.400-0500] {processor.py:186} INFO - Started process (PID=35807) to work on /Users/binhpham/Library/Python/3.9/lib/python/site-packages/airflow/example_dags/tutorial_dag.py
[2024-09-06T19:50:34.402-0500] {processor.py:914} INFO - Processing file /Users/binhpham/Library/Python/3.9/lib/python/site-packages/airflow/example_dags/tutorial_dag.py for tasks to queue
[2024-09-06T19:50:34.403-0500] {logging_mixin.py:190} INFO - [2024-09-06T19:50:34.403-0500] {dagbag.py:587} INFO - Filling up the DagBag from /Users/binhpham/Library/Python/3.9/lib/python/site-packages/airflow/example_dags/tutorial_dag.py
[2024-09-06T19:50:34.414-0500] {processor.py:925} INFO - DAG(s) 'tutorial_dag' retrieved from /Users/binhpham/Library/Python/3.9/lib/python/site-packages/airflow/example_dags/tutorial_dag.py
[2024-09-06T19:50:34.458-0500] {logging_mixin.py:190} INFO - [2024-09-06T19:50:34.458-0500] {dag.py:3229} INFO - Sync 1 DAGs
[2024-09-06T19:50:34.463-0500] {logging_mixin.py:190} INFO - [2024-09-06T19:50:34.463-0500] {dag.py:4156} INFO - Setting next_dagrun for tutorial_dag to None, run_after=None
[2024-09-06T19:50:34.471-0500] {processor.py:208} INFO - Processing /Users/binhpham/Library/Python/3.9/lib/python/site-packages/airflow/example_dags/tutorial_dag.py took 0.072 seconds
[2024-09-06T19:51:56.895-0500] {processor.py:186} INFO - Started process (PID=36062) to work on /Users/binhpham/Library/Python/3.9/lib/python/site-packages/airflow/example_dags/tutorial_dag.py
[2024-09-06T19:51:56.896-0500] {processor.py:914} INFO - Processing file /Users/binhpham/Library/Python/3.9/lib/python/site-packages/airflow/example_dags/tutorial_dag.py for tasks to queue
[2024-09-06T19:51:56.896-0500] {logging_mixin.py:190} INFO - [2024-09-06T19:51:56.896-0500] {dagbag.py:587} INFO - Filling up the DagBag from /Users/binhpham/Library/Python/3.9/lib/python/site-packages/airflow/example_dags/tutorial_dag.py
[2024-09-06T19:51:56.906-0500] {processor.py:925} INFO - DAG(s) 'tutorial_dag' retrieved from /Users/binhpham/Library/Python/3.9/lib/python/site-packages/airflow/example_dags/tutorial_dag.py
[2024-09-06T19:51:56.948-0500] {logging_mixin.py:190} INFO - [2024-09-06T19:51:56.948-0500] {dag.py:3229} INFO - Sync 1 DAGs
[2024-09-06T19:51:56.953-0500] {logging_mixin.py:190} INFO - [2024-09-06T19:51:56.953-0500] {dag.py:4156} INFO - Setting next_dagrun for tutorial_dag to None, run_after=None
[2024-09-06T19:51:56.959-0500] {processor.py:208} INFO - Processing /Users/binhpham/Library/Python/3.9/lib/python/site-packages/airflow/example_dags/tutorial_dag.py took 0.066 seconds
[2024-09-06T19:53:44.683-0500] {processor.py:186} INFO - Started process (PID=36451) to work on /Users/binhpham/Library/Python/3.9/lib/python/site-packages/airflow/example_dags/tutorial_dag.py
[2024-09-06T19:53:44.686-0500] {processor.py:914} INFO - Processing file /Users/binhpham/Library/Python/3.9/lib/python/site-packages/airflow/example_dags/tutorial_dag.py for tasks to queue
[2024-09-06T19:53:44.686-0500] {logging_mixin.py:190} INFO - [2024-09-06T19:53:44.686-0500] {dagbag.py:587} INFO - Filling up the DagBag from /Users/binhpham/Library/Python/3.9/lib/python/site-packages/airflow/example_dags/tutorial_dag.py
[2024-09-06T19:53:44.696-0500] {processor.py:925} INFO - DAG(s) 'tutorial_dag' retrieved from /Users/binhpham/Library/Python/3.9/lib/python/site-packages/airflow/example_dags/tutorial_dag.py
[2024-09-06T19:53:44.737-0500] {logging_mixin.py:190} INFO - [2024-09-06T19:53:44.737-0500] {dag.py:3229} INFO - Sync 1 DAGs
[2024-09-06T19:53:44.742-0500] {logging_mixin.py:190} INFO - [2024-09-06T19:53:44.742-0500] {dag.py:4156} INFO - Setting next_dagrun for tutorial_dag to None, run_after=None
[2024-09-06T19:53:44.751-0500] {processor.py:208} INFO - Processing /Users/binhpham/Library/Python/3.9/lib/python/site-packages/airflow/example_dags/tutorial_dag.py took 0.069 seconds
[2024-09-06T19:55:35.776-0500] {processor.py:186} INFO - Started process (PID=36828) to work on /Users/binhpham/Library/Python/3.9/lib/python/site-packages/airflow/example_dags/tutorial_dag.py
[2024-09-06T19:55:35.778-0500] {processor.py:914} INFO - Processing file /Users/binhpham/Library/Python/3.9/lib/python/site-packages/airflow/example_dags/tutorial_dag.py for tasks to queue
[2024-09-06T19:55:35.778-0500] {logging_mixin.py:190} INFO - [2024-09-06T19:55:35.778-0500] {dagbag.py:587} INFO - Filling up the DagBag from /Users/binhpham/Library/Python/3.9/lib/python/site-packages/airflow/example_dags/tutorial_dag.py
[2024-09-06T19:55:35.789-0500] {processor.py:925} INFO - DAG(s) 'tutorial_dag' retrieved from /Users/binhpham/Library/Python/3.9/lib/python/site-packages/airflow/example_dags/tutorial_dag.py
[2024-09-06T19:55:35.836-0500] {logging_mixin.py:190} INFO - [2024-09-06T19:55:35.836-0500] {dag.py:3229} INFO - Sync 1 DAGs
[2024-09-06T19:55:35.841-0500] {logging_mixin.py:190} INFO - [2024-09-06T19:55:35.841-0500] {dag.py:4156} INFO - Setting next_dagrun for tutorial_dag to None, run_after=None
[2024-09-06T19:55:35.849-0500] {processor.py:208} INFO - Processing /Users/binhpham/Library/Python/3.9/lib/python/site-packages/airflow/example_dags/tutorial_dag.py took 0.074 seconds
[2024-09-06T19:56:57.500-0500] {processor.py:186} INFO - Started process (PID=37081) to work on /Users/binhpham/Library/Python/3.9/lib/python/site-packages/airflow/example_dags/tutorial_dag.py
[2024-09-06T19:56:57.503-0500] {processor.py:914} INFO - Processing file /Users/binhpham/Library/Python/3.9/lib/python/site-packages/airflow/example_dags/tutorial_dag.py for tasks to queue
[2024-09-06T19:56:57.503-0500] {logging_mixin.py:190} INFO - [2024-09-06T19:56:57.503-0500] {dagbag.py:587} INFO - Filling up the DagBag from /Users/binhpham/Library/Python/3.9/lib/python/site-packages/airflow/example_dags/tutorial_dag.py
[2024-09-06T19:56:57.513-0500] {processor.py:925} INFO - DAG(s) 'tutorial_dag' retrieved from /Users/binhpham/Library/Python/3.9/lib/python/site-packages/airflow/example_dags/tutorial_dag.py
[2024-09-06T19:56:57.558-0500] {logging_mixin.py:190} INFO - [2024-09-06T19:56:57.558-0500] {dag.py:3229} INFO - Sync 1 DAGs
[2024-09-06T19:56:57.564-0500] {logging_mixin.py:190} INFO - [2024-09-06T19:56:57.564-0500] {dag.py:4156} INFO - Setting next_dagrun for tutorial_dag to None, run_after=None
[2024-09-06T19:56:57.572-0500] {processor.py:208} INFO - Processing /Users/binhpham/Library/Python/3.9/lib/python/site-packages/airflow/example_dags/tutorial_dag.py took 0.073 seconds
[2024-09-06T19:58:20.287-0500] {processor.py:186} INFO - Started process (PID=37330) to work on /Users/binhpham/Library/Python/3.9/lib/python/site-packages/airflow/example_dags/tutorial_dag.py
[2024-09-06T19:58:20.290-0500] {processor.py:914} INFO - Processing file /Users/binhpham/Library/Python/3.9/lib/python/site-packages/airflow/example_dags/tutorial_dag.py for tasks to queue
[2024-09-06T19:58:20.291-0500] {logging_mixin.py:190} INFO - [2024-09-06T19:58:20.290-0500] {dagbag.py:587} INFO - Filling up the DagBag from /Users/binhpham/Library/Python/3.9/lib/python/site-packages/airflow/example_dags/tutorial_dag.py
[2024-09-06T19:58:20.302-0500] {processor.py:925} INFO - DAG(s) 'tutorial_dag' retrieved from /Users/binhpham/Library/Python/3.9/lib/python/site-packages/airflow/example_dags/tutorial_dag.py
[2024-09-06T19:58:20.344-0500] {logging_mixin.py:190} INFO - [2024-09-06T19:58:20.344-0500] {dag.py:3229} INFO - Sync 1 DAGs
[2024-09-06T19:58:20.349-0500] {logging_mixin.py:190} INFO - [2024-09-06T19:58:20.349-0500] {dag.py:4156} INFO - Setting next_dagrun for tutorial_dag to None, run_after=None
[2024-09-06T19:58:20.358-0500] {processor.py:208} INFO - Processing /Users/binhpham/Library/Python/3.9/lib/python/site-packages/airflow/example_dags/tutorial_dag.py took 0.072 seconds
[2024-09-06T19:59:42.626-0500] {processor.py:186} INFO - Started process (PID=37581) to work on /Users/binhpham/Library/Python/3.9/lib/python/site-packages/airflow/example_dags/tutorial_dag.py
[2024-09-06T19:59:42.628-0500] {processor.py:914} INFO - Processing file /Users/binhpham/Library/Python/3.9/lib/python/site-packages/airflow/example_dags/tutorial_dag.py for tasks to queue
[2024-09-06T19:59:42.629-0500] {logging_mixin.py:190} INFO - [2024-09-06T19:59:42.629-0500] {dagbag.py:587} INFO - Filling up the DagBag from /Users/binhpham/Library/Python/3.9/lib/python/site-packages/airflow/example_dags/tutorial_dag.py
[2024-09-06T19:59:42.639-0500] {processor.py:925} INFO - DAG(s) 'tutorial_dag' retrieved from /Users/binhpham/Library/Python/3.9/lib/python/site-packages/airflow/example_dags/tutorial_dag.py
[2024-09-06T19:59:42.679-0500] {logging_mixin.py:190} INFO - [2024-09-06T19:59:42.679-0500] {dag.py:3229} INFO - Sync 1 DAGs
[2024-09-06T19:59:42.684-0500] {logging_mixin.py:190} INFO - [2024-09-06T19:59:42.684-0500] {dag.py:4156} INFO - Setting next_dagrun for tutorial_dag to None, run_after=None
[2024-09-06T19:59:42.693-0500] {processor.py:208} INFO - Processing /Users/binhpham/Library/Python/3.9/lib/python/site-packages/airflow/example_dags/tutorial_dag.py took 0.068 seconds
[2024-09-06T20:01:03.338-0500] {processor.py:186} INFO - Started process (PID=37834) to work on /Users/binhpham/Library/Python/3.9/lib/python/site-packages/airflow/example_dags/tutorial_dag.py
[2024-09-06T20:01:03.340-0500] {processor.py:914} INFO - Processing file /Users/binhpham/Library/Python/3.9/lib/python/site-packages/airflow/example_dags/tutorial_dag.py for tasks to queue
[2024-09-06T20:01:03.341-0500] {logging_mixin.py:190} INFO - [2024-09-06T20:01:03.341-0500] {dagbag.py:587} INFO - Filling up the DagBag from /Users/binhpham/Library/Python/3.9/lib/python/site-packages/airflow/example_dags/tutorial_dag.py
[2024-09-06T20:01:03.351-0500] {processor.py:925} INFO - DAG(s) 'tutorial_dag' retrieved from /Users/binhpham/Library/Python/3.9/lib/python/site-packages/airflow/example_dags/tutorial_dag.py
[2024-09-06T20:01:03.395-0500] {logging_mixin.py:190} INFO - [2024-09-06T20:01:03.395-0500] {dag.py:3229} INFO - Sync 1 DAGs
[2024-09-06T20:01:03.400-0500] {logging_mixin.py:190} INFO - [2024-09-06T20:01:03.400-0500] {dag.py:4156} INFO - Setting next_dagrun for tutorial_dag to None, run_after=None
[2024-09-06T20:01:03.409-0500] {processor.py:208} INFO - Processing /Users/binhpham/Library/Python/3.9/lib/python/site-packages/airflow/example_dags/tutorial_dag.py took 0.072 seconds
[2024-09-06T20:02:24.762-0500] {processor.py:186} INFO - Started process (PID=38085) to work on /Users/binhpham/Library/Python/3.9/lib/python/site-packages/airflow/example_dags/tutorial_dag.py
[2024-09-06T20:02:24.764-0500] {processor.py:914} INFO - Processing file /Users/binhpham/Library/Python/3.9/lib/python/site-packages/airflow/example_dags/tutorial_dag.py for tasks to queue
[2024-09-06T20:02:24.765-0500] {logging_mixin.py:190} INFO - [2024-09-06T20:02:24.765-0500] {dagbag.py:587} INFO - Filling up the DagBag from /Users/binhpham/Library/Python/3.9/lib/python/site-packages/airflow/example_dags/tutorial_dag.py
[2024-09-06T20:02:24.775-0500] {processor.py:925} INFO - DAG(s) 'tutorial_dag' retrieved from /Users/binhpham/Library/Python/3.9/lib/python/site-packages/airflow/example_dags/tutorial_dag.py
[2024-09-06T20:02:24.819-0500] {logging_mixin.py:190} INFO - [2024-09-06T20:02:24.819-0500] {dag.py:3229} INFO - Sync 1 DAGs
[2024-09-06T20:02:24.825-0500] {logging_mixin.py:190} INFO - [2024-09-06T20:02:24.825-0500] {dag.py:4156} INFO - Setting next_dagrun for tutorial_dag to None, run_after=None
[2024-09-06T20:02:24.833-0500] {processor.py:208} INFO - Processing /Users/binhpham/Library/Python/3.9/lib/python/site-packages/airflow/example_dags/tutorial_dag.py took 0.073 seconds
[2024-09-06T20:03:43.711-0500] {processor.py:186} INFO - Started process (PID=38330) to work on /Users/binhpham/Library/Python/3.9/lib/python/site-packages/airflow/example_dags/tutorial_dag.py
[2024-09-06T20:03:43.713-0500] {processor.py:914} INFO - Processing file /Users/binhpham/Library/Python/3.9/lib/python/site-packages/airflow/example_dags/tutorial_dag.py for tasks to queue
[2024-09-06T20:03:43.714-0500] {logging_mixin.py:190} INFO - [2024-09-06T20:03:43.714-0500] {dagbag.py:587} INFO - Filling up the DagBag from /Users/binhpham/Library/Python/3.9/lib/python/site-packages/airflow/example_dags/tutorial_dag.py
[2024-09-06T20:03:43.724-0500] {processor.py:925} INFO - DAG(s) 'tutorial_dag' retrieved from /Users/binhpham/Library/Python/3.9/lib/python/site-packages/airflow/example_dags/tutorial_dag.py
[2024-09-06T20:03:43.770-0500] {logging_mixin.py:190} INFO - [2024-09-06T20:03:43.770-0500] {dag.py:3229} INFO - Sync 1 DAGs
[2024-09-06T20:03:43.775-0500] {logging_mixin.py:190} INFO - [2024-09-06T20:03:43.775-0500] {dag.py:4156} INFO - Setting next_dagrun for tutorial_dag to None, run_after=None
[2024-09-06T20:03:43.783-0500] {processor.py:208} INFO - Processing /Users/binhpham/Library/Python/3.9/lib/python/site-packages/airflow/example_dags/tutorial_dag.py took 0.074 seconds
[2024-09-06T20:05:02.199-0500] {processor.py:186} INFO - Started process (PID=38570) to work on /Users/binhpham/Library/Python/3.9/lib/python/site-packages/airflow/example_dags/tutorial_dag.py
[2024-09-06T20:05:02.200-0500] {processor.py:914} INFO - Processing file /Users/binhpham/Library/Python/3.9/lib/python/site-packages/airflow/example_dags/tutorial_dag.py for tasks to queue
[2024-09-06T20:05:02.201-0500] {logging_mixin.py:190} INFO - [2024-09-06T20:05:02.201-0500] {dagbag.py:587} INFO - Filling up the DagBag from /Users/binhpham/Library/Python/3.9/lib/python/site-packages/airflow/example_dags/tutorial_dag.py
[2024-09-06T20:05:02.211-0500] {processor.py:925} INFO - DAG(s) 'tutorial_dag' retrieved from /Users/binhpham/Library/Python/3.9/lib/python/site-packages/airflow/example_dags/tutorial_dag.py
[2024-09-06T20:05:02.254-0500] {logging_mixin.py:190} INFO - [2024-09-06T20:05:02.253-0500] {dag.py:3229} INFO - Sync 1 DAGs
[2024-09-06T20:05:02.258-0500] {logging_mixin.py:190} INFO - [2024-09-06T20:05:02.258-0500] {dag.py:4156} INFO - Setting next_dagrun for tutorial_dag to None, run_after=None
[2024-09-06T20:05:02.266-0500] {processor.py:208} INFO - Processing /Users/binhpham/Library/Python/3.9/lib/python/site-packages/airflow/example_dags/tutorial_dag.py took 0.068 seconds
[2024-09-06T20:06:23.515-0500] {processor.py:186} INFO - Started process (PID=38817) to work on /Users/binhpham/Library/Python/3.9/lib/python/site-packages/airflow/example_dags/tutorial_dag.py
[2024-09-06T20:06:23.517-0500] {processor.py:914} INFO - Processing file /Users/binhpham/Library/Python/3.9/lib/python/site-packages/airflow/example_dags/tutorial_dag.py for tasks to queue
[2024-09-06T20:06:23.518-0500] {logging_mixin.py:190} INFO - [2024-09-06T20:06:23.518-0500] {dagbag.py:587} INFO - Filling up the DagBag from /Users/binhpham/Library/Python/3.9/lib/python/site-packages/airflow/example_dags/tutorial_dag.py
[2024-09-06T20:06:23.528-0500] {processor.py:925} INFO - DAG(s) 'tutorial_dag' retrieved from /Users/binhpham/Library/Python/3.9/lib/python/site-packages/airflow/example_dags/tutorial_dag.py
[2024-09-06T20:06:23.571-0500] {logging_mixin.py:190} INFO - [2024-09-06T20:06:23.571-0500] {dag.py:3229} INFO - Sync 1 DAGs
[2024-09-06T20:06:23.577-0500] {logging_mixin.py:190} INFO - [2024-09-06T20:06:23.577-0500] {dag.py:4156} INFO - Setting next_dagrun for tutorial_dag to None, run_after=None
[2024-09-06T20:06:23.585-0500] {processor.py:208} INFO - Processing /Users/binhpham/Library/Python/3.9/lib/python/site-packages/airflow/example_dags/tutorial_dag.py took 0.071 seconds
[2024-09-06T20:07:44.335-0500] {processor.py:186} INFO - Started process (PID=39060) to work on /Users/binhpham/Library/Python/3.9/lib/python/site-packages/airflow/example_dags/tutorial_dag.py
[2024-09-06T20:07:44.338-0500] {processor.py:914} INFO - Processing file /Users/binhpham/Library/Python/3.9/lib/python/site-packages/airflow/example_dags/tutorial_dag.py for tasks to queue
[2024-09-06T20:07:44.338-0500] {logging_mixin.py:190} INFO - [2024-09-06T20:07:44.338-0500] {dagbag.py:587} INFO - Filling up the DagBag from /Users/binhpham/Library/Python/3.9/lib/python/site-packages/airflow/example_dags/tutorial_dag.py
[2024-09-06T20:07:44.348-0500] {processor.py:925} INFO - DAG(s) 'tutorial_dag' retrieved from /Users/binhpham/Library/Python/3.9/lib/python/site-packages/airflow/example_dags/tutorial_dag.py
[2024-09-06T20:07:44.390-0500] {logging_mixin.py:190} INFO - [2024-09-06T20:07:44.390-0500] {dag.py:3229} INFO - Sync 1 DAGs
[2024-09-06T20:07:44.394-0500] {logging_mixin.py:190} INFO - [2024-09-06T20:07:44.394-0500] {dag.py:4156} INFO - Setting next_dagrun for tutorial_dag to None, run_after=None
[2024-09-06T20:07:44.402-0500] {processor.py:208} INFO - Processing /Users/binhpham/Library/Python/3.9/lib/python/site-packages/airflow/example_dags/tutorial_dag.py took 0.068 seconds
[2024-09-06T20:09:04.153-0500] {processor.py:186} INFO - Started process (PID=39303) to work on /Users/binhpham/Library/Python/3.9/lib/python/site-packages/airflow/example_dags/tutorial_dag.py
[2024-09-06T20:09:04.156-0500] {processor.py:914} INFO - Processing file /Users/binhpham/Library/Python/3.9/lib/python/site-packages/airflow/example_dags/tutorial_dag.py for tasks to queue
[2024-09-06T20:09:04.156-0500] {logging_mixin.py:190} INFO - [2024-09-06T20:09:04.156-0500] {dagbag.py:587} INFO - Filling up the DagBag from /Users/binhpham/Library/Python/3.9/lib/python/site-packages/airflow/example_dags/tutorial_dag.py
[2024-09-06T20:09:04.166-0500] {processor.py:925} INFO - DAG(s) 'tutorial_dag' retrieved from /Users/binhpham/Library/Python/3.9/lib/python/site-packages/airflow/example_dags/tutorial_dag.py
[2024-09-06T20:09:04.207-0500] {logging_mixin.py:190} INFO - [2024-09-06T20:09:04.206-0500] {dag.py:3229} INFO - Sync 1 DAGs
[2024-09-06T20:09:04.211-0500] {logging_mixin.py:190} INFO - [2024-09-06T20:09:04.211-0500] {dag.py:4156} INFO - Setting next_dagrun for tutorial_dag to None, run_after=None
[2024-09-06T20:09:04.218-0500] {processor.py:208} INFO - Processing /Users/binhpham/Library/Python/3.9/lib/python/site-packages/airflow/example_dags/tutorial_dag.py took 0.066 seconds
[2024-09-06T20:10:31.554-0500] {processor.py:186} INFO - Started process (PID=39601) to work on /Users/binhpham/Library/Python/3.9/lib/python/site-packages/airflow/example_dags/tutorial_dag.py
[2024-09-06T20:10:31.556-0500] {processor.py:914} INFO - Processing file /Users/binhpham/Library/Python/3.9/lib/python/site-packages/airflow/example_dags/tutorial_dag.py for tasks to queue
[2024-09-06T20:10:31.557-0500] {logging_mixin.py:190} INFO - [2024-09-06T20:10:31.557-0500] {dagbag.py:587} INFO - Filling up the DagBag from /Users/binhpham/Library/Python/3.9/lib/python/site-packages/airflow/example_dags/tutorial_dag.py
[2024-09-06T20:10:31.567-0500] {processor.py:925} INFO - DAG(s) 'tutorial_dag' retrieved from /Users/binhpham/Library/Python/3.9/lib/python/site-packages/airflow/example_dags/tutorial_dag.py
[2024-09-06T20:10:31.612-0500] {logging_mixin.py:190} INFO - [2024-09-06T20:10:31.612-0500] {dag.py:3229} INFO - Sync 1 DAGs
[2024-09-06T20:10:31.617-0500] {logging_mixin.py:190} INFO - [2024-09-06T20:10:31.617-0500] {dag.py:4156} INFO - Setting next_dagrun for tutorial_dag to None, run_after=None
[2024-09-06T20:10:31.624-0500] {processor.py:208} INFO - Processing /Users/binhpham/Library/Python/3.9/lib/python/site-packages/airflow/example_dags/tutorial_dag.py took 0.072 seconds
[2024-09-06T20:11:51.749-0500] {processor.py:186} INFO - Started process (PID=39868) to work on /Users/binhpham/Library/Python/3.9/lib/python/site-packages/airflow/example_dags/tutorial_dag.py
[2024-09-06T20:11:51.752-0500] {processor.py:914} INFO - Processing file /Users/binhpham/Library/Python/3.9/lib/python/site-packages/airflow/example_dags/tutorial_dag.py for tasks to queue
[2024-09-06T20:11:51.752-0500] {logging_mixin.py:190} INFO - [2024-09-06T20:11:51.752-0500] {dagbag.py:587} INFO - Filling up the DagBag from /Users/binhpham/Library/Python/3.9/lib/python/site-packages/airflow/example_dags/tutorial_dag.py
[2024-09-06T20:11:51.762-0500] {processor.py:925} INFO - DAG(s) 'tutorial_dag' retrieved from /Users/binhpham/Library/Python/3.9/lib/python/site-packages/airflow/example_dags/tutorial_dag.py
[2024-09-06T20:11:51.803-0500] {logging_mixin.py:190} INFO - [2024-09-06T20:11:51.803-0500] {dag.py:3229} INFO - Sync 1 DAGs
[2024-09-06T20:11:51.808-0500] {logging_mixin.py:190} INFO - [2024-09-06T20:11:51.808-0500] {dag.py:4156} INFO - Setting next_dagrun for tutorial_dag to None, run_after=None
[2024-09-06T20:11:51.815-0500] {processor.py:208} INFO - Processing /Users/binhpham/Library/Python/3.9/lib/python/site-packages/airflow/example_dags/tutorial_dag.py took 0.067 seconds
[2024-09-06T20:13:13.570-0500] {processor.py:186} INFO - Started process (PID=40148) to work on /Users/binhpham/Library/Python/3.9/lib/python/site-packages/airflow/example_dags/tutorial_dag.py
[2024-09-06T20:13:13.573-0500] {processor.py:914} INFO - Processing file /Users/binhpham/Library/Python/3.9/lib/python/site-packages/airflow/example_dags/tutorial_dag.py for tasks to queue
[2024-09-06T20:13:13.573-0500] {logging_mixin.py:190} INFO - [2024-09-06T20:13:13.573-0500] {dagbag.py:587} INFO - Filling up the DagBag from /Users/binhpham/Library/Python/3.9/lib/python/site-packages/airflow/example_dags/tutorial_dag.py
[2024-09-06T20:13:13.584-0500] {processor.py:925} INFO - DAG(s) 'tutorial_dag' retrieved from /Users/binhpham/Library/Python/3.9/lib/python/site-packages/airflow/example_dags/tutorial_dag.py
[2024-09-06T20:13:13.630-0500] {logging_mixin.py:190} INFO - [2024-09-06T20:13:13.629-0500] {dag.py:3229} INFO - Sync 1 DAGs
[2024-09-06T20:13:13.635-0500] {logging_mixin.py:190} INFO - [2024-09-06T20:13:13.634-0500] {dag.py:4156} INFO - Setting next_dagrun for tutorial_dag to None, run_after=None
[2024-09-06T20:13:13.643-0500] {processor.py:208} INFO - Processing /Users/binhpham/Library/Python/3.9/lib/python/site-packages/airflow/example_dags/tutorial_dag.py took 0.075 seconds
[2024-09-06T20:14:35.464-0500] {processor.py:186} INFO - Started process (PID=40415) to work on /Users/binhpham/Library/Python/3.9/lib/python/site-packages/airflow/example_dags/tutorial_dag.py
[2024-09-06T20:14:35.466-0500] {processor.py:914} INFO - Processing file /Users/binhpham/Library/Python/3.9/lib/python/site-packages/airflow/example_dags/tutorial_dag.py for tasks to queue
[2024-09-06T20:14:35.466-0500] {logging_mixin.py:190} INFO - [2024-09-06T20:14:35.466-0500] {dagbag.py:587} INFO - Filling up the DagBag from /Users/binhpham/Library/Python/3.9/lib/python/site-packages/airflow/example_dags/tutorial_dag.py
[2024-09-06T20:14:35.477-0500] {processor.py:925} INFO - DAG(s) 'tutorial_dag' retrieved from /Users/binhpham/Library/Python/3.9/lib/python/site-packages/airflow/example_dags/tutorial_dag.py
[2024-09-06T20:14:35.520-0500] {logging_mixin.py:190} INFO - [2024-09-06T20:14:35.520-0500] {dag.py:3229} INFO - Sync 1 DAGs
[2024-09-06T20:14:35.524-0500] {logging_mixin.py:190} INFO - [2024-09-06T20:14:35.524-0500] {dag.py:4156} INFO - Setting next_dagrun for tutorial_dag to None, run_after=None
[2024-09-06T20:14:35.531-0500] {processor.py:208} INFO - Processing /Users/binhpham/Library/Python/3.9/lib/python/site-packages/airflow/example_dags/tutorial_dag.py took 0.068 seconds
[2024-09-06T20:15:07.013-0500] {processor.py:186} INFO - Started process (PID=40551) to work on /Users/binhpham/Library/Python/3.9/lib/python/site-packages/airflow/example_dags/tutorial_dag.py
[2024-09-06T20:15:07.015-0500] {processor.py:914} INFO - Processing file /Users/binhpham/Library/Python/3.9/lib/python/site-packages/airflow/example_dags/tutorial_dag.py for tasks to queue
[2024-09-06T20:15:07.015-0500] {logging_mixin.py:190} INFO - [2024-09-06T20:15:07.015-0500] {dagbag.py:587} INFO - Filling up the DagBag from /Users/binhpham/Library/Python/3.9/lib/python/site-packages/airflow/example_dags/tutorial_dag.py
[2024-09-06T20:15:07.026-0500] {processor.py:925} INFO - DAG(s) 'tutorial_dag' retrieved from /Users/binhpham/Library/Python/3.9/lib/python/site-packages/airflow/example_dags/tutorial_dag.py
[2024-09-06T20:15:07.074-0500] {logging_mixin.py:190} INFO - [2024-09-06T20:15:07.074-0500] {dag.py:3229} INFO - Sync 1 DAGs
[2024-09-06T20:15:07.080-0500] {logging_mixin.py:190} INFO - [2024-09-06T20:15:07.080-0500] {dag.py:4156} INFO - Setting next_dagrun for tutorial_dag to None, run_after=None
[2024-09-06T20:15:07.091-0500] {processor.py:208} INFO - Processing /Users/binhpham/Library/Python/3.9/lib/python/site-packages/airflow/example_dags/tutorial_dag.py took 0.079 seconds
[2024-09-06T20:21:57.478-0500] {processor.py:186} INFO - Started process (PID=42757) to work on /Users/binhpham/Library/Python/3.9/lib/python/site-packages/airflow/example_dags/tutorial_dag.py
[2024-09-06T20:21:57.481-0500] {processor.py:914} INFO - Processing file /Users/binhpham/Library/Python/3.9/lib/python/site-packages/airflow/example_dags/tutorial_dag.py for tasks to queue
[2024-09-06T20:21:57.481-0500] {logging_mixin.py:190} INFO - [2024-09-06T20:21:57.481-0500] {dagbag.py:587} INFO - Filling up the DagBag from /Users/binhpham/Library/Python/3.9/lib/python/site-packages/airflow/example_dags/tutorial_dag.py
[2024-09-06T20:21:57.492-0500] {processor.py:925} INFO - DAG(s) 'tutorial_dag' retrieved from /Users/binhpham/Library/Python/3.9/lib/python/site-packages/airflow/example_dags/tutorial_dag.py
[2024-09-06T20:21:57.539-0500] {logging_mixin.py:190} INFO - [2024-09-06T20:21:57.539-0500] {dag.py:3229} INFO - Sync 1 DAGs
[2024-09-06T20:21:57.544-0500] {logging_mixin.py:190} INFO - [2024-09-06T20:21:57.544-0500] {dag.py:4156} INFO - Setting next_dagrun for tutorial_dag to None, run_after=None
[2024-09-06T20:21:57.552-0500] {processor.py:208} INFO - Processing /Users/binhpham/Library/Python/3.9/lib/python/site-packages/airflow/example_dags/tutorial_dag.py took 0.075 seconds
[2024-09-06T20:23:49.717-0500] {processor.py:186} INFO - Started process (PID=43119) to work on /Users/binhpham/Library/Python/3.9/lib/python/site-packages/airflow/example_dags/tutorial_dag.py
[2024-09-06T20:23:49.720-0500] {processor.py:914} INFO - Processing file /Users/binhpham/Library/Python/3.9/lib/python/site-packages/airflow/example_dags/tutorial_dag.py for tasks to queue
[2024-09-06T20:23:49.720-0500] {logging_mixin.py:190} INFO - [2024-09-06T20:23:49.720-0500] {dagbag.py:587} INFO - Filling up the DagBag from /Users/binhpham/Library/Python/3.9/lib/python/site-packages/airflow/example_dags/tutorial_dag.py
[2024-09-06T20:23:49.731-0500] {processor.py:925} INFO - DAG(s) 'tutorial_dag' retrieved from /Users/binhpham/Library/Python/3.9/lib/python/site-packages/airflow/example_dags/tutorial_dag.py
[2024-09-06T20:23:49.778-0500] {logging_mixin.py:190} INFO - [2024-09-06T20:23:49.778-0500] {dag.py:3229} INFO - Sync 1 DAGs
[2024-09-06T20:23:49.783-0500] {logging_mixin.py:190} INFO - [2024-09-06T20:23:49.783-0500] {dag.py:4156} INFO - Setting next_dagrun for tutorial_dag to None, run_after=None
[2024-09-06T20:23:49.790-0500] {processor.py:208} INFO - Processing /Users/binhpham/Library/Python/3.9/lib/python/site-packages/airflow/example_dags/tutorial_dag.py took 0.075 seconds
[2024-09-06T20:25:11.964-0500] {processor.py:186} INFO - Started process (PID=43374) to work on /Users/binhpham/Library/Python/3.9/lib/python/site-packages/airflow/example_dags/tutorial_dag.py
[2024-09-06T20:25:11.967-0500] {processor.py:914} INFO - Processing file /Users/binhpham/Library/Python/3.9/lib/python/site-packages/airflow/example_dags/tutorial_dag.py for tasks to queue
[2024-09-06T20:25:11.967-0500] {logging_mixin.py:190} INFO - [2024-09-06T20:25:11.967-0500] {dagbag.py:587} INFO - Filling up the DagBag from /Users/binhpham/Library/Python/3.9/lib/python/site-packages/airflow/example_dags/tutorial_dag.py
[2024-09-06T20:25:11.977-0500] {processor.py:925} INFO - DAG(s) 'tutorial_dag' retrieved from /Users/binhpham/Library/Python/3.9/lib/python/site-packages/airflow/example_dags/tutorial_dag.py
[2024-09-06T20:25:12.023-0500] {logging_mixin.py:190} INFO - [2024-09-06T20:25:12.023-0500] {dag.py:3229} INFO - Sync 1 DAGs
[2024-09-06T20:25:12.028-0500] {logging_mixin.py:190} INFO - [2024-09-06T20:25:12.028-0500] {dag.py:4156} INFO - Setting next_dagrun for tutorial_dag to None, run_after=None
[2024-09-06T20:25:12.037-0500] {processor.py:208} INFO - Processing /Users/binhpham/Library/Python/3.9/lib/python/site-packages/airflow/example_dags/tutorial_dag.py took 0.074 seconds
[2024-09-06T20:26:35.161-0500] {processor.py:186} INFO - Started process (PID=43654) to work on /Users/binhpham/Library/Python/3.9/lib/python/site-packages/airflow/example_dags/tutorial_dag.py
[2024-09-06T20:26:35.163-0500] {processor.py:914} INFO - Processing file /Users/binhpham/Library/Python/3.9/lib/python/site-packages/airflow/example_dags/tutorial_dag.py for tasks to queue
[2024-09-06T20:26:35.163-0500] {logging_mixin.py:190} INFO - [2024-09-06T20:26:35.163-0500] {dagbag.py:587} INFO - Filling up the DagBag from /Users/binhpham/Library/Python/3.9/lib/python/site-packages/airflow/example_dags/tutorial_dag.py
[2024-09-06T20:26:35.174-0500] {processor.py:925} INFO - DAG(s) 'tutorial_dag' retrieved from /Users/binhpham/Library/Python/3.9/lib/python/site-packages/airflow/example_dags/tutorial_dag.py
[2024-09-06T20:26:35.222-0500] {logging_mixin.py:190} INFO - [2024-09-06T20:26:35.222-0500] {dag.py:3229} INFO - Sync 1 DAGs
[2024-09-06T20:26:35.228-0500] {logging_mixin.py:190} INFO - [2024-09-06T20:26:35.227-0500] {dag.py:4156} INFO - Setting next_dagrun for tutorial_dag to None, run_after=None
[2024-09-06T20:26:35.235-0500] {processor.py:208} INFO - Processing /Users/binhpham/Library/Python/3.9/lib/python/site-packages/airflow/example_dags/tutorial_dag.py took 0.076 seconds
[2024-09-06T20:27:05.701-0500] {processor.py:186} INFO - Started process (PID=43774) to work on /Users/binhpham/Library/Python/3.9/lib/python/site-packages/airflow/example_dags/tutorial_dag.py
[2024-09-06T20:27:05.703-0500] {processor.py:914} INFO - Processing file /Users/binhpham/Library/Python/3.9/lib/python/site-packages/airflow/example_dags/tutorial_dag.py for tasks to queue
[2024-09-06T20:27:05.703-0500] {logging_mixin.py:190} INFO - [2024-09-06T20:27:05.703-0500] {dagbag.py:587} INFO - Filling up the DagBag from /Users/binhpham/Library/Python/3.9/lib/python/site-packages/airflow/example_dags/tutorial_dag.py
[2024-09-06T20:27:05.714-0500] {processor.py:925} INFO - DAG(s) 'tutorial_dag' retrieved from /Users/binhpham/Library/Python/3.9/lib/python/site-packages/airflow/example_dags/tutorial_dag.py
[2024-09-06T20:27:05.755-0500] {logging_mixin.py:190} INFO - [2024-09-06T20:27:05.755-0500] {dag.py:3229} INFO - Sync 1 DAGs
[2024-09-06T20:27:05.760-0500] {logging_mixin.py:190} INFO - [2024-09-06T20:27:05.760-0500] {dag.py:4156} INFO - Setting next_dagrun for tutorial_dag to None, run_after=None
[2024-09-06T20:27:05.768-0500] {processor.py:208} INFO - Processing /Users/binhpham/Library/Python/3.9/lib/python/site-packages/airflow/example_dags/tutorial_dag.py took 0.068 seconds
[2024-09-06T20:28:56.405-0500] {processor.py:186} INFO - Started process (PID=44135) to work on /Users/binhpham/Library/Python/3.9/lib/python/site-packages/airflow/example_dags/tutorial_dag.py
[2024-09-06T20:28:56.408-0500] {processor.py:914} INFO - Processing file /Users/binhpham/Library/Python/3.9/lib/python/site-packages/airflow/example_dags/tutorial_dag.py for tasks to queue
[2024-09-06T20:28:56.408-0500] {logging_mixin.py:190} INFO - [2024-09-06T20:28:56.408-0500] {dagbag.py:587} INFO - Filling up the DagBag from /Users/binhpham/Library/Python/3.9/lib/python/site-packages/airflow/example_dags/tutorial_dag.py
[2024-09-06T20:28:56.418-0500] {processor.py:925} INFO - DAG(s) 'tutorial_dag' retrieved from /Users/binhpham/Library/Python/3.9/lib/python/site-packages/airflow/example_dags/tutorial_dag.py
[2024-09-06T20:28:56.460-0500] {logging_mixin.py:190} INFO - [2024-09-06T20:28:56.459-0500] {dag.py:3229} INFO - Sync 1 DAGs
[2024-09-06T20:28:56.464-0500] {logging_mixin.py:190} INFO - [2024-09-06T20:28:56.464-0500] {dag.py:4156} INFO - Setting next_dagrun for tutorial_dag to None, run_after=None
[2024-09-06T20:28:56.471-0500] {processor.py:208} INFO - Processing /Users/binhpham/Library/Python/3.9/lib/python/site-packages/airflow/example_dags/tutorial_dag.py took 0.068 seconds
[2024-09-06T20:30:17.635-0500] {processor.py:186} INFO - Started process (PID=44413) to work on /Users/binhpham/Library/Python/3.9/lib/python/site-packages/airflow/example_dags/tutorial_dag.py
[2024-09-06T20:30:17.637-0500] {processor.py:914} INFO - Processing file /Users/binhpham/Library/Python/3.9/lib/python/site-packages/airflow/example_dags/tutorial_dag.py for tasks to queue
[2024-09-06T20:30:17.638-0500] {logging_mixin.py:190} INFO - [2024-09-06T20:30:17.638-0500] {dagbag.py:587} INFO - Filling up the DagBag from /Users/binhpham/Library/Python/3.9/lib/python/site-packages/airflow/example_dags/tutorial_dag.py
[2024-09-06T20:30:17.648-0500] {processor.py:925} INFO - DAG(s) 'tutorial_dag' retrieved from /Users/binhpham/Library/Python/3.9/lib/python/site-packages/airflow/example_dags/tutorial_dag.py
[2024-09-06T20:30:17.688-0500] {logging_mixin.py:190} INFO - [2024-09-06T20:30:17.688-0500] {dag.py:3229} INFO - Sync 1 DAGs
[2024-09-06T20:30:17.693-0500] {logging_mixin.py:190} INFO - [2024-09-06T20:30:17.693-0500] {dag.py:4156} INFO - Setting next_dagrun for tutorial_dag to None, run_after=None
[2024-09-06T20:30:17.700-0500] {processor.py:208} INFO - Processing /Users/binhpham/Library/Python/3.9/lib/python/site-packages/airflow/example_dags/tutorial_dag.py took 0.066 seconds
[2024-09-06T20:31:39.072-0500] {processor.py:186} INFO - Started process (PID=44664) to work on /Users/binhpham/Library/Python/3.9/lib/python/site-packages/airflow/example_dags/tutorial_dag.py
[2024-09-06T20:31:39.074-0500] {processor.py:914} INFO - Processing file /Users/binhpham/Library/Python/3.9/lib/python/site-packages/airflow/example_dags/tutorial_dag.py for tasks to queue
[2024-09-06T20:31:39.074-0500] {logging_mixin.py:190} INFO - [2024-09-06T20:31:39.074-0500] {dagbag.py:587} INFO - Filling up the DagBag from /Users/binhpham/Library/Python/3.9/lib/python/site-packages/airflow/example_dags/tutorial_dag.py
[2024-09-06T20:31:39.085-0500] {processor.py:925} INFO - DAG(s) 'tutorial_dag' retrieved from /Users/binhpham/Library/Python/3.9/lib/python/site-packages/airflow/example_dags/tutorial_dag.py
[2024-09-06T20:31:39.125-0500] {logging_mixin.py:190} INFO - [2024-09-06T20:31:39.125-0500] {dag.py:3229} INFO - Sync 1 DAGs
[2024-09-06T20:31:39.130-0500] {logging_mixin.py:190} INFO - [2024-09-06T20:31:39.129-0500] {dag.py:4156} INFO - Setting next_dagrun for tutorial_dag to None, run_after=None
[2024-09-06T20:31:39.137-0500] {processor.py:208} INFO - Processing /Users/binhpham/Library/Python/3.9/lib/python/site-packages/airflow/example_dags/tutorial_dag.py took 0.066 seconds
[2024-09-06T20:33:00.831-0500] {processor.py:186} INFO - Started process (PID=44935) to work on /Users/binhpham/Library/Python/3.9/lib/python/site-packages/airflow/example_dags/tutorial_dag.py
[2024-09-06T20:33:00.834-0500] {processor.py:914} INFO - Processing file /Users/binhpham/Library/Python/3.9/lib/python/site-packages/airflow/example_dags/tutorial_dag.py for tasks to queue
[2024-09-06T20:33:00.834-0500] {logging_mixin.py:190} INFO - [2024-09-06T20:33:00.834-0500] {dagbag.py:587} INFO - Filling up the DagBag from /Users/binhpham/Library/Python/3.9/lib/python/site-packages/airflow/example_dags/tutorial_dag.py
[2024-09-06T20:33:00.844-0500] {processor.py:925} INFO - DAG(s) 'tutorial_dag' retrieved from /Users/binhpham/Library/Python/3.9/lib/python/site-packages/airflow/example_dags/tutorial_dag.py
[2024-09-06T20:33:00.887-0500] {logging_mixin.py:190} INFO - [2024-09-06T20:33:00.886-0500] {dag.py:3229} INFO - Sync 1 DAGs
[2024-09-06T20:33:00.891-0500] {logging_mixin.py:190} INFO - [2024-09-06T20:33:00.891-0500] {dag.py:4156} INFO - Setting next_dagrun for tutorial_dag to None, run_after=None
[2024-09-06T20:33:00.898-0500] {processor.py:208} INFO - Processing /Users/binhpham/Library/Python/3.9/lib/python/site-packages/airflow/example_dags/tutorial_dag.py took 0.069 seconds
[2024-09-06T20:33:37.124-0500] {processor.py:186} INFO - Started process (PID=45076) to work on /Users/binhpham/Library/Python/3.9/lib/python/site-packages/airflow/example_dags/tutorial_dag.py
[2024-09-06T20:33:37.127-0500] {processor.py:914} INFO - Processing file /Users/binhpham/Library/Python/3.9/lib/python/site-packages/airflow/example_dags/tutorial_dag.py for tasks to queue
[2024-09-06T20:33:37.127-0500] {logging_mixin.py:190} INFO - [2024-09-06T20:33:37.127-0500] {dagbag.py:587} INFO - Filling up the DagBag from /Users/binhpham/Library/Python/3.9/lib/python/site-packages/airflow/example_dags/tutorial_dag.py
[2024-09-06T20:33:37.138-0500] {processor.py:925} INFO - DAG(s) 'tutorial_dag' retrieved from /Users/binhpham/Library/Python/3.9/lib/python/site-packages/airflow/example_dags/tutorial_dag.py
[2024-09-06T20:33:37.179-0500] {logging_mixin.py:190} INFO - [2024-09-06T20:33:37.179-0500] {dag.py:3229} INFO - Sync 1 DAGs
[2024-09-06T20:33:37.184-0500] {logging_mixin.py:190} INFO - [2024-09-06T20:33:37.184-0500] {dag.py:4156} INFO - Setting next_dagrun for tutorial_dag to None, run_after=None
[2024-09-06T20:33:37.191-0500] {processor.py:208} INFO - Processing /Users/binhpham/Library/Python/3.9/lib/python/site-packages/airflow/example_dags/tutorial_dag.py took 0.068 seconds
[2024-09-06T20:35:28.933-0500] {processor.py:186} INFO - Started process (PID=45432) to work on /Users/binhpham/Library/Python/3.9/lib/python/site-packages/airflow/example_dags/tutorial_dag.py
[2024-09-06T20:35:28.936-0500] {processor.py:914} INFO - Processing file /Users/binhpham/Library/Python/3.9/lib/python/site-packages/airflow/example_dags/tutorial_dag.py for tasks to queue
[2024-09-06T20:35:28.936-0500] {logging_mixin.py:190} INFO - [2024-09-06T20:35:28.936-0500] {dagbag.py:587} INFO - Filling up the DagBag from /Users/binhpham/Library/Python/3.9/lib/python/site-packages/airflow/example_dags/tutorial_dag.py
[2024-09-06T20:35:28.947-0500] {processor.py:925} INFO - DAG(s) 'tutorial_dag' retrieved from /Users/binhpham/Library/Python/3.9/lib/python/site-packages/airflow/example_dags/tutorial_dag.py
[2024-09-06T20:35:28.990-0500] {logging_mixin.py:190} INFO - [2024-09-06T20:35:28.990-0500] {dag.py:3229} INFO - Sync 1 DAGs
[2024-09-06T20:35:28.994-0500] {logging_mixin.py:190} INFO - [2024-09-06T20:35:28.994-0500] {dag.py:4156} INFO - Setting next_dagrun for tutorial_dag to None, run_after=None
[2024-09-06T20:35:29.001-0500] {processor.py:208} INFO - Processing /Users/binhpham/Library/Python/3.9/lib/python/site-packages/airflow/example_dags/tutorial_dag.py took 0.070 seconds
[2024-09-06T20:36:50.802-0500] {processor.py:186} INFO - Started process (PID=45690) to work on /Users/binhpham/Library/Python/3.9/lib/python/site-packages/airflow/example_dags/tutorial_dag.py
[2024-09-06T20:36:50.805-0500] {processor.py:914} INFO - Processing file /Users/binhpham/Library/Python/3.9/lib/python/site-packages/airflow/example_dags/tutorial_dag.py for tasks to queue
[2024-09-06T20:36:50.805-0500] {logging_mixin.py:190} INFO - [2024-09-06T20:36:50.805-0500] {dagbag.py:587} INFO - Filling up the DagBag from /Users/binhpham/Library/Python/3.9/lib/python/site-packages/airflow/example_dags/tutorial_dag.py
[2024-09-06T20:36:50.815-0500] {processor.py:925} INFO - DAG(s) 'tutorial_dag' retrieved from /Users/binhpham/Library/Python/3.9/lib/python/site-packages/airflow/example_dags/tutorial_dag.py
[2024-09-06T20:36:50.856-0500] {logging_mixin.py:190} INFO - [2024-09-06T20:36:50.856-0500] {dag.py:3229} INFO - Sync 1 DAGs
[2024-09-06T20:36:50.860-0500] {logging_mixin.py:190} INFO - [2024-09-06T20:36:50.860-0500] {dag.py:4156} INFO - Setting next_dagrun for tutorial_dag to None, run_after=None
[2024-09-06T20:36:50.868-0500] {processor.py:208} INFO - Processing /Users/binhpham/Library/Python/3.9/lib/python/site-packages/airflow/example_dags/tutorial_dag.py took 0.066 seconds
[2024-09-06T20:38:12.442-0500] {processor.py:186} INFO - Started process (PID=45975) to work on /Users/binhpham/Library/Python/3.9/lib/python/site-packages/airflow/example_dags/tutorial_dag.py
[2024-09-06T20:38:12.444-0500] {processor.py:914} INFO - Processing file /Users/binhpham/Library/Python/3.9/lib/python/site-packages/airflow/example_dags/tutorial_dag.py for tasks to queue
[2024-09-06T20:38:12.445-0500] {logging_mixin.py:190} INFO - [2024-09-06T20:38:12.445-0500] {dagbag.py:587} INFO - Filling up the DagBag from /Users/binhpham/Library/Python/3.9/lib/python/site-packages/airflow/example_dags/tutorial_dag.py
[2024-09-06T20:38:12.455-0500] {processor.py:925} INFO - DAG(s) 'tutorial_dag' retrieved from /Users/binhpham/Library/Python/3.9/lib/python/site-packages/airflow/example_dags/tutorial_dag.py
[2024-09-06T20:38:12.495-0500] {logging_mixin.py:190} INFO - [2024-09-06T20:38:12.495-0500] {dag.py:3229} INFO - Sync 1 DAGs
[2024-09-06T20:38:12.500-0500] {logging_mixin.py:190} INFO - [2024-09-06T20:38:12.500-0500] {dag.py:4156} INFO - Setting next_dagrun for tutorial_dag to None, run_after=None
[2024-09-06T20:38:12.507-0500] {processor.py:208} INFO - Processing /Users/binhpham/Library/Python/3.9/lib/python/site-packages/airflow/example_dags/tutorial_dag.py took 0.067 seconds
