[2024-09-06T19:43:36.236-0500] {processor.py:186} INFO - Started process (PID=34213) to work on /Users/binhpham/Library/Python/3.9/lib/python/site-packages/airflow/example_dags/subdags/subdag.py
[2024-09-06T19:43:36.238-0500] {processor.py:914} INFO - Processing file /Users/binhpham/Library/Python/3.9/lib/python/site-packages/airflow/example_dags/subdags/subdag.py for tasks to queue
[2024-09-06T19:43:36.238-0500] {logging_mixin.py:190} INFO - [2024-09-06T19:43:36.238-0500] {dagbag.py:587} INFO - Filling up the DagBag from /Users/binhpham/Library/Python/3.9/lib/python/site-packages/airflow/example_dags/subdags/subdag.py
[2024-09-06T19:43:36.242-0500] {processor.py:927} WARNING - No viable dags retrieved from /Users/binhpham/Library/Python/3.9/lib/python/site-packages/airflow/example_dags/subdags/subdag.py
[2024-09-06T19:43:36.283-0500] {processor.py:208} INFO - Processing /Users/binhpham/Library/Python/3.9/lib/python/site-packages/airflow/example_dags/subdags/subdag.py took 0.048 seconds
[2024-09-06T19:44:45.254-0500] {processor.py:186} INFO - Started process (PID=34528) to work on /Users/binhpham/Library/Python/3.9/lib/python/site-packages/airflow/example_dags/subdags/subdag.py
[2024-09-06T19:44:45.256-0500] {processor.py:914} INFO - Processing file /Users/binhpham/Library/Python/3.9/lib/python/site-packages/airflow/example_dags/subdags/subdag.py for tasks to queue
[2024-09-06T19:44:45.257-0500] {logging_mixin.py:190} INFO - [2024-09-06T19:44:45.256-0500] {dagbag.py:587} INFO - Filling up the DagBag from /Users/binhpham/Library/Python/3.9/lib/python/site-packages/airflow/example_dags/subdags/subdag.py
[2024-09-06T19:44:45.258-0500] {processor.py:927} WARNING - No viable dags retrieved from /Users/binhpham/Library/Python/3.9/lib/python/site-packages/airflow/example_dags/subdags/subdag.py
[2024-09-06T19:44:45.304-0500] {processor.py:208} INFO - Processing /Users/binhpham/Library/Python/3.9/lib/python/site-packages/airflow/example_dags/subdags/subdag.py took 0.052 seconds
[2024-09-06T19:46:37.505-0500] {processor.py:186} INFO - Started process (PID=34970) to work on /Users/binhpham/Library/Python/3.9/lib/python/site-packages/airflow/example_dags/subdags/subdag.py
[2024-09-06T19:46:37.507-0500] {processor.py:914} INFO - Processing file /Users/binhpham/Library/Python/3.9/lib/python/site-packages/airflow/example_dags/subdags/subdag.py for tasks to queue
[2024-09-06T19:46:37.508-0500] {logging_mixin.py:190} INFO - [2024-09-06T19:46:37.508-0500] {dagbag.py:587} INFO - Filling up the DagBag from /Users/binhpham/Library/Python/3.9/lib/python/site-packages/airflow/example_dags/subdags/subdag.py
[2024-09-06T19:46:37.509-0500] {processor.py:927} WARNING - No viable dags retrieved from /Users/binhpham/Library/Python/3.9/lib/python/site-packages/airflow/example_dags/subdags/subdag.py
[2024-09-06T19:46:37.548-0500] {processor.py:208} INFO - Processing /Users/binhpham/Library/Python/3.9/lib/python/site-packages/airflow/example_dags/subdags/subdag.py took 0.045 seconds
[2024-09-06T19:47:04.912-0500] {processor.py:186} INFO - Started process (PID=35105) to work on /Users/binhpham/Library/Python/3.9/lib/python/site-packages/airflow/example_dags/subdags/subdag.py
[2024-09-06T19:47:04.913-0500] {processor.py:914} INFO - Processing file /Users/binhpham/Library/Python/3.9/lib/python/site-packages/airflow/example_dags/subdags/subdag.py for tasks to queue
[2024-09-06T19:47:04.913-0500] {logging_mixin.py:190} INFO - [2024-09-06T19:47:04.913-0500] {dagbag.py:587} INFO - Filling up the DagBag from /Users/binhpham/Library/Python/3.9/lib/python/site-packages/airflow/example_dags/subdags/subdag.py
[2024-09-06T19:47:04.914-0500] {processor.py:927} WARNING - No viable dags retrieved from /Users/binhpham/Library/Python/3.9/lib/python/site-packages/airflow/example_dags/subdags/subdag.py
[2024-09-06T19:47:04.954-0500] {processor.py:208} INFO - Processing /Users/binhpham/Library/Python/3.9/lib/python/site-packages/airflow/example_dags/subdags/subdag.py took 0.044 seconds
[2024-09-06T19:48:57.626-0500] {processor.py:186} INFO - Started process (PID=35501) to work on /Users/binhpham/Library/Python/3.9/lib/python/site-packages/airflow/example_dags/subdags/subdag.py
[2024-09-06T19:48:57.628-0500] {processor.py:914} INFO - Processing file /Users/binhpham/Library/Python/3.9/lib/python/site-packages/airflow/example_dags/subdags/subdag.py for tasks to queue
[2024-09-06T19:48:57.628-0500] {logging_mixin.py:190} INFO - [2024-09-06T19:48:57.628-0500] {dagbag.py:587} INFO - Filling up the DagBag from /Users/binhpham/Library/Python/3.9/lib/python/site-packages/airflow/example_dags/subdags/subdag.py
[2024-09-06T19:48:57.629-0500] {processor.py:927} WARNING - No viable dags retrieved from /Users/binhpham/Library/Python/3.9/lib/python/site-packages/airflow/example_dags/subdags/subdag.py
[2024-09-06T19:48:57.671-0500] {processor.py:208} INFO - Processing /Users/binhpham/Library/Python/3.9/lib/python/site-packages/airflow/example_dags/subdags/subdag.py took 0.047 seconds
[2024-09-06T19:50:19.185-0500] {processor.py:186} INFO - Started process (PID=35760) to work on /Users/binhpham/Library/Python/3.9/lib/python/site-packages/airflow/example_dags/subdags/subdag.py
[2024-09-06T19:50:19.187-0500] {processor.py:914} INFO - Processing file /Users/binhpham/Library/Python/3.9/lib/python/site-packages/airflow/example_dags/subdags/subdag.py for tasks to queue
[2024-09-06T19:50:19.187-0500] {logging_mixin.py:190} INFO - [2024-09-06T19:50:19.187-0500] {dagbag.py:587} INFO - Filling up the DagBag from /Users/binhpham/Library/Python/3.9/lib/python/site-packages/airflow/example_dags/subdags/subdag.py
[2024-09-06T19:50:19.188-0500] {processor.py:927} WARNING - No viable dags retrieved from /Users/binhpham/Library/Python/3.9/lib/python/site-packages/airflow/example_dags/subdags/subdag.py
[2024-09-06T19:50:19.228-0500] {processor.py:208} INFO - Processing /Users/binhpham/Library/Python/3.9/lib/python/site-packages/airflow/example_dags/subdags/subdag.py took 0.044 seconds
[2024-09-06T19:51:40.914-0500] {processor.py:186} INFO - Started process (PID=36017) to work on /Users/binhpham/Library/Python/3.9/lib/python/site-packages/airflow/example_dags/subdags/subdag.py
[2024-09-06T19:51:40.915-0500] {processor.py:914} INFO - Processing file /Users/binhpham/Library/Python/3.9/lib/python/site-packages/airflow/example_dags/subdags/subdag.py for tasks to queue
[2024-09-06T19:51:40.915-0500] {logging_mixin.py:190} INFO - [2024-09-06T19:51:40.915-0500] {dagbag.py:587} INFO - Filling up the DagBag from /Users/binhpham/Library/Python/3.9/lib/python/site-packages/airflow/example_dags/subdags/subdag.py
[2024-09-06T19:51:40.916-0500] {processor.py:927} WARNING - No viable dags retrieved from /Users/binhpham/Library/Python/3.9/lib/python/site-packages/airflow/example_dags/subdags/subdag.py
[2024-09-06T19:51:40.957-0500] {processor.py:208} INFO - Processing /Users/binhpham/Library/Python/3.9/lib/python/site-packages/airflow/example_dags/subdags/subdag.py took 0.045 seconds
[2024-09-06T19:53:01.248-0500] {processor.py:186} INFO - Started process (PID=36278) to work on /Users/binhpham/Library/Python/3.9/lib/python/site-packages/airflow/example_dags/subdags/subdag.py
[2024-09-06T19:53:01.250-0500] {processor.py:914} INFO - Processing file /Users/binhpham/Library/Python/3.9/lib/python/site-packages/airflow/example_dags/subdags/subdag.py for tasks to queue
[2024-09-06T19:53:01.250-0500] {logging_mixin.py:190} INFO - [2024-09-06T19:53:01.250-0500] {dagbag.py:587} INFO - Filling up the DagBag from /Users/binhpham/Library/Python/3.9/lib/python/site-packages/airflow/example_dags/subdags/subdag.py
[2024-09-06T19:53:01.252-0500] {processor.py:927} WARNING - No viable dags retrieved from /Users/binhpham/Library/Python/3.9/lib/python/site-packages/airflow/example_dags/subdags/subdag.py
[2024-09-06T19:53:01.292-0500] {processor.py:208} INFO - Processing /Users/binhpham/Library/Python/3.9/lib/python/site-packages/airflow/example_dags/subdags/subdag.py took 0.045 seconds
[2024-09-06T19:53:28.746-0500] {processor.py:186} INFO - Started process (PID=36388) to work on /Users/binhpham/Library/Python/3.9/lib/python/site-packages/airflow/example_dags/subdags/subdag.py
[2024-09-06T19:53:28.748-0500] {processor.py:914} INFO - Processing file /Users/binhpham/Library/Python/3.9/lib/python/site-packages/airflow/example_dags/subdags/subdag.py for tasks to queue
[2024-09-06T19:53:28.748-0500] {logging_mixin.py:190} INFO - [2024-09-06T19:53:28.748-0500] {dagbag.py:587} INFO - Filling up the DagBag from /Users/binhpham/Library/Python/3.9/lib/python/site-packages/airflow/example_dags/subdags/subdag.py
[2024-09-06T19:53:28.749-0500] {processor.py:927} WARNING - No viable dags retrieved from /Users/binhpham/Library/Python/3.9/lib/python/site-packages/airflow/example_dags/subdags/subdag.py
[2024-09-06T19:53:28.791-0500] {processor.py:208} INFO - Processing /Users/binhpham/Library/Python/3.9/lib/python/site-packages/airflow/example_dags/subdags/subdag.py took 0.046 seconds
[2024-09-06T19:55:20.246-0500] {processor.py:186} INFO - Started process (PID=36777) to work on /Users/binhpham/Library/Python/3.9/lib/python/site-packages/airflow/example_dags/subdags/subdag.py
[2024-09-06T19:55:20.249-0500] {processor.py:914} INFO - Processing file /Users/binhpham/Library/Python/3.9/lib/python/site-packages/airflow/example_dags/subdags/subdag.py for tasks to queue
[2024-09-06T19:55:20.249-0500] {logging_mixin.py:190} INFO - [2024-09-06T19:55:20.249-0500] {dagbag.py:587} INFO - Filling up the DagBag from /Users/binhpham/Library/Python/3.9/lib/python/site-packages/airflow/example_dags/subdags/subdag.py
[2024-09-06T19:55:20.251-0500] {processor.py:927} WARNING - No viable dags retrieved from /Users/binhpham/Library/Python/3.9/lib/python/site-packages/airflow/example_dags/subdags/subdag.py
[2024-09-06T19:55:20.295-0500] {processor.py:208} INFO - Processing /Users/binhpham/Library/Python/3.9/lib/python/site-packages/airflow/example_dags/subdags/subdag.py took 0.050 seconds
[2024-09-06T19:56:42.275-0500] {processor.py:186} INFO - Started process (PID=37033) to work on /Users/binhpham/Library/Python/3.9/lib/python/site-packages/airflow/example_dags/subdags/subdag.py
[2024-09-06T19:56:42.277-0500] {processor.py:914} INFO - Processing file /Users/binhpham/Library/Python/3.9/lib/python/site-packages/airflow/example_dags/subdags/subdag.py for tasks to queue
[2024-09-06T19:56:42.278-0500] {logging_mixin.py:190} INFO - [2024-09-06T19:56:42.278-0500] {dagbag.py:587} INFO - Filling up the DagBag from /Users/binhpham/Library/Python/3.9/lib/python/site-packages/airflow/example_dags/subdags/subdag.py
[2024-09-06T19:56:42.279-0500] {processor.py:927} WARNING - No viable dags retrieved from /Users/binhpham/Library/Python/3.9/lib/python/site-packages/airflow/example_dags/subdags/subdag.py
[2024-09-06T19:56:42.325-0500] {processor.py:208} INFO - Processing /Users/binhpham/Library/Python/3.9/lib/python/site-packages/airflow/example_dags/subdags/subdag.py took 0.051 seconds
[2024-09-06T19:58:04.410-0500] {processor.py:186} INFO - Started process (PID=37281) to work on /Users/binhpham/Library/Python/3.9/lib/python/site-packages/airflow/example_dags/subdags/subdag.py
[2024-09-06T19:58:04.412-0500] {processor.py:914} INFO - Processing file /Users/binhpham/Library/Python/3.9/lib/python/site-packages/airflow/example_dags/subdags/subdag.py for tasks to queue
[2024-09-06T19:58:04.412-0500] {logging_mixin.py:190} INFO - [2024-09-06T19:58:04.412-0500] {dagbag.py:587} INFO - Filling up the DagBag from /Users/binhpham/Library/Python/3.9/lib/python/site-packages/airflow/example_dags/subdags/subdag.py
[2024-09-06T19:58:04.413-0500] {processor.py:927} WARNING - No viable dags retrieved from /Users/binhpham/Library/Python/3.9/lib/python/site-packages/airflow/example_dags/subdags/subdag.py
[2024-09-06T19:58:04.453-0500] {processor.py:208} INFO - Processing /Users/binhpham/Library/Python/3.9/lib/python/site-packages/airflow/example_dags/subdags/subdag.py took 0.045 seconds
[2024-09-06T19:59:26.699-0500] {processor.py:186} INFO - Started process (PID=37531) to work on /Users/binhpham/Library/Python/3.9/lib/python/site-packages/airflow/example_dags/subdags/subdag.py
[2024-09-06T19:59:26.701-0500] {processor.py:914} INFO - Processing file /Users/binhpham/Library/Python/3.9/lib/python/site-packages/airflow/example_dags/subdags/subdag.py for tasks to queue
[2024-09-06T19:59:26.702-0500] {logging_mixin.py:190} INFO - [2024-09-06T19:59:26.702-0500] {dagbag.py:587} INFO - Filling up the DagBag from /Users/binhpham/Library/Python/3.9/lib/python/site-packages/airflow/example_dags/subdags/subdag.py
[2024-09-06T19:59:26.703-0500] {processor.py:927} WARNING - No viable dags retrieved from /Users/binhpham/Library/Python/3.9/lib/python/site-packages/airflow/example_dags/subdags/subdag.py
[2024-09-06T19:59:26.749-0500] {processor.py:208} INFO - Processing /Users/binhpham/Library/Python/3.9/lib/python/site-packages/airflow/example_dags/subdags/subdag.py took 0.052 seconds
[2024-09-06T20:00:47.159-0500] {processor.py:186} INFO - Started process (PID=37783) to work on /Users/binhpham/Library/Python/3.9/lib/python/site-packages/airflow/example_dags/subdags/subdag.py
[2024-09-06T20:00:47.161-0500] {processor.py:914} INFO - Processing file /Users/binhpham/Library/Python/3.9/lib/python/site-packages/airflow/example_dags/subdags/subdag.py for tasks to queue
[2024-09-06T20:00:47.162-0500] {logging_mixin.py:190} INFO - [2024-09-06T20:00:47.161-0500] {dagbag.py:587} INFO - Filling up the DagBag from /Users/binhpham/Library/Python/3.9/lib/python/site-packages/airflow/example_dags/subdags/subdag.py
[2024-09-06T20:00:47.163-0500] {processor.py:927} WARNING - No viable dags retrieved from /Users/binhpham/Library/Python/3.9/lib/python/site-packages/airflow/example_dags/subdags/subdag.py
[2024-09-06T20:00:47.203-0500] {processor.py:208} INFO - Processing /Users/binhpham/Library/Python/3.9/lib/python/site-packages/airflow/example_dags/subdags/subdag.py took 0.046 seconds
[2024-09-06T20:02:09.091-0500] {processor.py:186} INFO - Started process (PID=38042) to work on /Users/binhpham/Library/Python/3.9/lib/python/site-packages/airflow/example_dags/subdags/subdag.py
[2024-09-06T20:02:09.093-0500] {processor.py:914} INFO - Processing file /Users/binhpham/Library/Python/3.9/lib/python/site-packages/airflow/example_dags/subdags/subdag.py for tasks to queue
[2024-09-06T20:02:09.093-0500] {logging_mixin.py:190} INFO - [2024-09-06T20:02:09.093-0500] {dagbag.py:587} INFO - Filling up the DagBag from /Users/binhpham/Library/Python/3.9/lib/python/site-packages/airflow/example_dags/subdags/subdag.py
[2024-09-06T20:02:09.094-0500] {processor.py:927} WARNING - No viable dags retrieved from /Users/binhpham/Library/Python/3.9/lib/python/site-packages/airflow/example_dags/subdags/subdag.py
[2024-09-06T20:02:09.136-0500] {processor.py:208} INFO - Processing /Users/binhpham/Library/Python/3.9/lib/python/site-packages/airflow/example_dags/subdags/subdag.py took 0.047 seconds
[2024-09-06T20:03:27.758-0500] {processor.py:186} INFO - Started process (PID=38282) to work on /Users/binhpham/Library/Python/3.9/lib/python/site-packages/airflow/example_dags/subdags/subdag.py
[2024-09-06T20:03:27.760-0500] {processor.py:914} INFO - Processing file /Users/binhpham/Library/Python/3.9/lib/python/site-packages/airflow/example_dags/subdags/subdag.py for tasks to queue
[2024-09-06T20:03:27.761-0500] {logging_mixin.py:190} INFO - [2024-09-06T20:03:27.761-0500] {dagbag.py:587} INFO - Filling up the DagBag from /Users/binhpham/Library/Python/3.9/lib/python/site-packages/airflow/example_dags/subdags/subdag.py
[2024-09-06T20:03:27.762-0500] {processor.py:927} WARNING - No viable dags retrieved from /Users/binhpham/Library/Python/3.9/lib/python/site-packages/airflow/example_dags/subdags/subdag.py
[2024-09-06T20:03:27.806-0500] {processor.py:208} INFO - Processing /Users/binhpham/Library/Python/3.9/lib/python/site-packages/airflow/example_dags/subdags/subdag.py took 0.049 seconds
[2024-09-06T20:04:47.202-0500] {processor.py:186} INFO - Started process (PID=38521) to work on /Users/binhpham/Library/Python/3.9/lib/python/site-packages/airflow/example_dags/subdags/subdag.py
[2024-09-06T20:04:47.204-0500] {processor.py:914} INFO - Processing file /Users/binhpham/Library/Python/3.9/lib/python/site-packages/airflow/example_dags/subdags/subdag.py for tasks to queue
[2024-09-06T20:04:47.204-0500] {logging_mixin.py:190} INFO - [2024-09-06T20:04:47.204-0500] {dagbag.py:587} INFO - Filling up the DagBag from /Users/binhpham/Library/Python/3.9/lib/python/site-packages/airflow/example_dags/subdags/subdag.py
[2024-09-06T20:04:47.205-0500] {processor.py:927} WARNING - No viable dags retrieved from /Users/binhpham/Library/Python/3.9/lib/python/site-packages/airflow/example_dags/subdags/subdag.py
[2024-09-06T20:04:47.248-0500] {processor.py:208} INFO - Processing /Users/binhpham/Library/Python/3.9/lib/python/site-packages/airflow/example_dags/subdags/subdag.py took 0.047 seconds
[2024-09-06T20:06:08.141-0500] {processor.py:186} INFO - Started process (PID=38773) to work on /Users/binhpham/Library/Python/3.9/lib/python/site-packages/airflow/example_dags/subdags/subdag.py
[2024-09-06T20:06:08.143-0500] {processor.py:914} INFO - Processing file /Users/binhpham/Library/Python/3.9/lib/python/site-packages/airflow/example_dags/subdags/subdag.py for tasks to queue
[2024-09-06T20:06:08.144-0500] {logging_mixin.py:190} INFO - [2024-09-06T20:06:08.143-0500] {dagbag.py:587} INFO - Filling up the DagBag from /Users/binhpham/Library/Python/3.9/lib/python/site-packages/airflow/example_dags/subdags/subdag.py
[2024-09-06T20:06:08.145-0500] {processor.py:927} WARNING - No viable dags retrieved from /Users/binhpham/Library/Python/3.9/lib/python/site-packages/airflow/example_dags/subdags/subdag.py
[2024-09-06T20:06:08.189-0500] {processor.py:208} INFO - Processing /Users/binhpham/Library/Python/3.9/lib/python/site-packages/airflow/example_dags/subdags/subdag.py took 0.049 seconds
[2024-09-06T20:07:30.413-0500] {processor.py:186} INFO - Started process (PID=39022) to work on /Users/binhpham/Library/Python/3.9/lib/python/site-packages/airflow/example_dags/subdags/subdag.py
[2024-09-06T20:07:30.415-0500] {processor.py:914} INFO - Processing file /Users/binhpham/Library/Python/3.9/lib/python/site-packages/airflow/example_dags/subdags/subdag.py for tasks to queue
[2024-09-06T20:07:30.416-0500] {logging_mixin.py:190} INFO - [2024-09-06T20:07:30.416-0500] {dagbag.py:587} INFO - Filling up the DagBag from /Users/binhpham/Library/Python/3.9/lib/python/site-packages/airflow/example_dags/subdags/subdag.py
[2024-09-06T20:07:30.417-0500] {processor.py:927} WARNING - No viable dags retrieved from /Users/binhpham/Library/Python/3.9/lib/python/site-packages/airflow/example_dags/subdags/subdag.py
[2024-09-06T20:07:30.463-0500] {processor.py:208} INFO - Processing /Users/binhpham/Library/Python/3.9/lib/python/site-packages/airflow/example_dags/subdags/subdag.py took 0.051 seconds
[2024-09-06T20:08:48.822-0500] {processor.py:186} INFO - Started process (PID=39259) to work on /Users/binhpham/Library/Python/3.9/lib/python/site-packages/airflow/example_dags/subdags/subdag.py
[2024-09-06T20:08:48.824-0500] {processor.py:914} INFO - Processing file /Users/binhpham/Library/Python/3.9/lib/python/site-packages/airflow/example_dags/subdags/subdag.py for tasks to queue
[2024-09-06T20:08:48.824-0500] {logging_mixin.py:190} INFO - [2024-09-06T20:08:48.824-0500] {dagbag.py:587} INFO - Filling up the DagBag from /Users/binhpham/Library/Python/3.9/lib/python/site-packages/airflow/example_dags/subdags/subdag.py
[2024-09-06T20:08:48.825-0500] {processor.py:927} WARNING - No viable dags retrieved from /Users/binhpham/Library/Python/3.9/lib/python/site-packages/airflow/example_dags/subdags/subdag.py
[2024-09-06T20:08:48.869-0500] {processor.py:208} INFO - Processing /Users/binhpham/Library/Python/3.9/lib/python/site-packages/airflow/example_dags/subdags/subdag.py took 0.048 seconds
[2024-09-06T20:10:16.306-0500] {processor.py:186} INFO - Started process (PID=39548) to work on /Users/binhpham/Library/Python/3.9/lib/python/site-packages/airflow/example_dags/subdags/subdag.py
[2024-09-06T20:10:16.307-0500] {processor.py:914} INFO - Processing file /Users/binhpham/Library/Python/3.9/lib/python/site-packages/airflow/example_dags/subdags/subdag.py for tasks to queue
[2024-09-06T20:10:16.308-0500] {logging_mixin.py:190} INFO - [2024-09-06T20:10:16.308-0500] {dagbag.py:587} INFO - Filling up the DagBag from /Users/binhpham/Library/Python/3.9/lib/python/site-packages/airflow/example_dags/subdags/subdag.py
[2024-09-06T20:10:16.309-0500] {processor.py:927} WARNING - No viable dags retrieved from /Users/binhpham/Library/Python/3.9/lib/python/site-packages/airflow/example_dags/subdags/subdag.py
[2024-09-06T20:10:16.352-0500] {processor.py:208} INFO - Processing /Users/binhpham/Library/Python/3.9/lib/python/site-packages/airflow/example_dags/subdags/subdag.py took 0.048 seconds
[2024-09-06T20:11:35.683-0500] {processor.py:186} INFO - Started process (PID=39818) to work on /Users/binhpham/Library/Python/3.9/lib/python/site-packages/airflow/example_dags/subdags/subdag.py
[2024-09-06T20:11:35.685-0500] {processor.py:914} INFO - Processing file /Users/binhpham/Library/Python/3.9/lib/python/site-packages/airflow/example_dags/subdags/subdag.py for tasks to queue
[2024-09-06T20:11:35.686-0500] {logging_mixin.py:190} INFO - [2024-09-06T20:11:35.686-0500] {dagbag.py:587} INFO - Filling up the DagBag from /Users/binhpham/Library/Python/3.9/lib/python/site-packages/airflow/example_dags/subdags/subdag.py
[2024-09-06T20:11:35.687-0500] {processor.py:927} WARNING - No viable dags retrieved from /Users/binhpham/Library/Python/3.9/lib/python/site-packages/airflow/example_dags/subdags/subdag.py
[2024-09-06T20:11:35.730-0500] {processor.py:208} INFO - Processing /Users/binhpham/Library/Python/3.9/lib/python/site-packages/airflow/example_dags/subdags/subdag.py took 0.048 seconds
[2024-09-06T20:12:57.414-0500] {processor.py:186} INFO - Started process (PID=40094) to work on /Users/binhpham/Library/Python/3.9/lib/python/site-packages/airflow/example_dags/subdags/subdag.py
[2024-09-06T20:12:57.416-0500] {processor.py:914} INFO - Processing file /Users/binhpham/Library/Python/3.9/lib/python/site-packages/airflow/example_dags/subdags/subdag.py for tasks to queue
[2024-09-06T20:12:57.416-0500] {logging_mixin.py:190} INFO - [2024-09-06T20:12:57.416-0500] {dagbag.py:587} INFO - Filling up the DagBag from /Users/binhpham/Library/Python/3.9/lib/python/site-packages/airflow/example_dags/subdags/subdag.py
[2024-09-06T20:12:57.417-0500] {processor.py:927} WARNING - No viable dags retrieved from /Users/binhpham/Library/Python/3.9/lib/python/site-packages/airflow/example_dags/subdags/subdag.py
[2024-09-06T20:12:57.466-0500] {processor.py:208} INFO - Processing /Users/binhpham/Library/Python/3.9/lib/python/site-packages/airflow/example_dags/subdags/subdag.py took 0.053 seconds
[2024-09-06T20:14:19.740-0500] {processor.py:186} INFO - Started process (PID=40362) to work on /Users/binhpham/Library/Python/3.9/lib/python/site-packages/airflow/example_dags/subdags/subdag.py
[2024-09-06T20:14:19.742-0500] {processor.py:914} INFO - Processing file /Users/binhpham/Library/Python/3.9/lib/python/site-packages/airflow/example_dags/subdags/subdag.py for tasks to queue
[2024-09-06T20:14:19.743-0500] {logging_mixin.py:190} INFO - [2024-09-06T20:14:19.743-0500] {dagbag.py:587} INFO - Filling up the DagBag from /Users/binhpham/Library/Python/3.9/lib/python/site-packages/airflow/example_dags/subdags/subdag.py
[2024-09-06T20:14:19.744-0500] {processor.py:927} WARNING - No viable dags retrieved from /Users/binhpham/Library/Python/3.9/lib/python/site-packages/airflow/example_dags/subdags/subdag.py
[2024-09-06T20:14:19.788-0500] {processor.py:208} INFO - Processing /Users/binhpham/Library/Python/3.9/lib/python/site-packages/airflow/example_dags/subdags/subdag.py took 0.049 seconds
[2024-09-06T20:14:50.959-0500] {processor.py:186} INFO - Started process (PID=40489) to work on /Users/binhpham/Library/Python/3.9/lib/python/site-packages/airflow/example_dags/subdags/subdag.py
[2024-09-06T20:14:50.960-0500] {processor.py:914} INFO - Processing file /Users/binhpham/Library/Python/3.9/lib/python/site-packages/airflow/example_dags/subdags/subdag.py for tasks to queue
[2024-09-06T20:14:50.961-0500] {logging_mixin.py:190} INFO - [2024-09-06T20:14:50.961-0500] {dagbag.py:587} INFO - Filling up the DagBag from /Users/binhpham/Library/Python/3.9/lib/python/site-packages/airflow/example_dags/subdags/subdag.py
[2024-09-06T20:14:50.962-0500] {processor.py:927} WARNING - No viable dags retrieved from /Users/binhpham/Library/Python/3.9/lib/python/site-packages/airflow/example_dags/subdags/subdag.py
[2024-09-06T20:14:51.004-0500] {processor.py:208} INFO - Processing /Users/binhpham/Library/Python/3.9/lib/python/site-packages/airflow/example_dags/subdags/subdag.py took 0.047 seconds
[2024-09-06T20:16:43.850-0500] {processor.py:186} INFO - Started process (PID=40862) to work on /Users/binhpham/Library/Python/3.9/lib/python/site-packages/airflow/example_dags/subdags/subdag.py
[2024-09-06T20:16:43.852-0500] {processor.py:914} INFO - Processing file /Users/binhpham/Library/Python/3.9/lib/python/site-packages/airflow/example_dags/subdags/subdag.py for tasks to queue
[2024-09-06T20:16:43.852-0500] {logging_mixin.py:190} INFO - [2024-09-06T20:16:43.852-0500] {dagbag.py:587} INFO - Filling up the DagBag from /Users/binhpham/Library/Python/3.9/lib/python/site-packages/airflow/example_dags/subdags/subdag.py
[2024-09-06T20:16:43.853-0500] {processor.py:927} WARNING - No viable dags retrieved from /Users/binhpham/Library/Python/3.9/lib/python/site-packages/airflow/example_dags/subdags/subdag.py
[2024-09-06T20:16:43.896-0500] {processor.py:208} INFO - Processing /Users/binhpham/Library/Python/3.9/lib/python/site-packages/airflow/example_dags/subdags/subdag.py took 0.047 seconds
[2024-09-06T20:21:41.423-0500] {processor.py:186} INFO - Started process (PID=42699) to work on /Users/binhpham/Library/Python/3.9/lib/python/site-packages/airflow/example_dags/subdags/subdag.py
[2024-09-06T20:21:41.425-0500] {processor.py:914} INFO - Processing file /Users/binhpham/Library/Python/3.9/lib/python/site-packages/airflow/example_dags/subdags/subdag.py for tasks to queue
[2024-09-06T20:21:41.426-0500] {logging_mixin.py:190} INFO - [2024-09-06T20:21:41.426-0500] {dagbag.py:587} INFO - Filling up the DagBag from /Users/binhpham/Library/Python/3.9/lib/python/site-packages/airflow/example_dags/subdags/subdag.py
[2024-09-06T20:21:41.427-0500] {processor.py:927} WARNING - No viable dags retrieved from /Users/binhpham/Library/Python/3.9/lib/python/site-packages/airflow/example_dags/subdags/subdag.py
[2024-09-06T20:21:41.468-0500] {processor.py:208} INFO - Processing /Users/binhpham/Library/Python/3.9/lib/python/site-packages/airflow/example_dags/subdags/subdag.py took 0.046 seconds
[2024-09-06T20:23:34.192-0500] {processor.py:186} INFO - Started process (PID=43073) to work on /Users/binhpham/Library/Python/3.9/lib/python/site-packages/airflow/example_dags/subdags/subdag.py
[2024-09-06T20:23:34.194-0500] {processor.py:914} INFO - Processing file /Users/binhpham/Library/Python/3.9/lib/python/site-packages/airflow/example_dags/subdags/subdag.py for tasks to queue
[2024-09-06T20:23:34.195-0500] {logging_mixin.py:190} INFO - [2024-09-06T20:23:34.195-0500] {dagbag.py:587} INFO - Filling up the DagBag from /Users/binhpham/Library/Python/3.9/lib/python/site-packages/airflow/example_dags/subdags/subdag.py
[2024-09-06T20:23:34.196-0500] {processor.py:927} WARNING - No viable dags retrieved from /Users/binhpham/Library/Python/3.9/lib/python/site-packages/airflow/example_dags/subdags/subdag.py
[2024-09-06T20:23:34.237-0500] {processor.py:208} INFO - Processing /Users/binhpham/Library/Python/3.9/lib/python/site-packages/airflow/example_dags/subdags/subdag.py took 0.047 seconds
[2024-09-06T20:24:56.644-0500] {processor.py:186} INFO - Started process (PID=43325) to work on /Users/binhpham/Library/Python/3.9/lib/python/site-packages/airflow/example_dags/subdags/subdag.py
[2024-09-06T20:24:56.647-0500] {processor.py:914} INFO - Processing file /Users/binhpham/Library/Python/3.9/lib/python/site-packages/airflow/example_dags/subdags/subdag.py for tasks to queue
[2024-09-06T20:24:56.647-0500] {logging_mixin.py:190} INFO - [2024-09-06T20:24:56.647-0500] {dagbag.py:587} INFO - Filling up the DagBag from /Users/binhpham/Library/Python/3.9/lib/python/site-packages/airflow/example_dags/subdags/subdag.py
[2024-09-06T20:24:56.648-0500] {processor.py:927} WARNING - No viable dags retrieved from /Users/binhpham/Library/Python/3.9/lib/python/site-packages/airflow/example_dags/subdags/subdag.py
[2024-09-06T20:24:56.688-0500] {processor.py:208} INFO - Processing /Users/binhpham/Library/Python/3.9/lib/python/site-packages/airflow/example_dags/subdags/subdag.py took 0.046 seconds
[2024-09-06T20:26:19.488-0500] {processor.py:186} INFO - Started process (PID=43604) to work on /Users/binhpham/Library/Python/3.9/lib/python/site-packages/airflow/example_dags/subdags/subdag.py
[2024-09-06T20:26:19.489-0500] {processor.py:914} INFO - Processing file /Users/binhpham/Library/Python/3.9/lib/python/site-packages/airflow/example_dags/subdags/subdag.py for tasks to queue
[2024-09-06T20:26:19.490-0500] {logging_mixin.py:190} INFO - [2024-09-06T20:26:19.490-0500] {dagbag.py:587} INFO - Filling up the DagBag from /Users/binhpham/Library/Python/3.9/lib/python/site-packages/airflow/example_dags/subdags/subdag.py
[2024-09-06T20:26:19.491-0500] {processor.py:927} WARNING - No viable dags retrieved from /Users/binhpham/Library/Python/3.9/lib/python/site-packages/airflow/example_dags/subdags/subdag.py
[2024-09-06T20:26:19.532-0500] {processor.py:208} INFO - Processing /Users/binhpham/Library/Python/3.9/lib/python/site-packages/airflow/example_dags/subdags/subdag.py took 0.045 seconds
[2024-09-06T20:26:49.654-0500] {processor.py:186} INFO - Started process (PID=43716) to work on /Users/binhpham/Library/Python/3.9/lib/python/site-packages/airflow/example_dags/subdags/subdag.py
[2024-09-06T20:26:49.656-0500] {processor.py:914} INFO - Processing file /Users/binhpham/Library/Python/3.9/lib/python/site-packages/airflow/example_dags/subdags/subdag.py for tasks to queue
[2024-09-06T20:26:49.656-0500] {logging_mixin.py:190} INFO - [2024-09-06T20:26:49.656-0500] {dagbag.py:587} INFO - Filling up the DagBag from /Users/binhpham/Library/Python/3.9/lib/python/site-packages/airflow/example_dags/subdags/subdag.py
[2024-09-06T20:26:49.657-0500] {processor.py:927} WARNING - No viable dags retrieved from /Users/binhpham/Library/Python/3.9/lib/python/site-packages/airflow/example_dags/subdags/subdag.py
[2024-09-06T20:26:49.700-0500] {processor.py:208} INFO - Processing /Users/binhpham/Library/Python/3.9/lib/python/site-packages/airflow/example_dags/subdags/subdag.py took 0.047 seconds
[2024-09-06T20:28:40.461-0500] {processor.py:186} INFO - Started process (PID=44086) to work on /Users/binhpham/Library/Python/3.9/lib/python/site-packages/airflow/example_dags/subdags/subdag.py
[2024-09-06T20:28:40.464-0500] {processor.py:914} INFO - Processing file /Users/binhpham/Library/Python/3.9/lib/python/site-packages/airflow/example_dags/subdags/subdag.py for tasks to queue
[2024-09-06T20:28:40.464-0500] {logging_mixin.py:190} INFO - [2024-09-06T20:28:40.464-0500] {dagbag.py:587} INFO - Filling up the DagBag from /Users/binhpham/Library/Python/3.9/lib/python/site-packages/airflow/example_dags/subdags/subdag.py
[2024-09-06T20:28:40.465-0500] {processor.py:927} WARNING - No viable dags retrieved from /Users/binhpham/Library/Python/3.9/lib/python/site-packages/airflow/example_dags/subdags/subdag.py
[2024-09-06T20:28:40.511-0500] {processor.py:208} INFO - Processing /Users/binhpham/Library/Python/3.9/lib/python/site-packages/airflow/example_dags/subdags/subdag.py took 0.051 seconds
[2024-09-06T20:30:03.278-0500] {processor.py:186} INFO - Started process (PID=44369) to work on /Users/binhpham/Library/Python/3.9/lib/python/site-packages/airflow/example_dags/subdags/subdag.py
[2024-09-06T20:30:03.280-0500] {processor.py:914} INFO - Processing file /Users/binhpham/Library/Python/3.9/lib/python/site-packages/airflow/example_dags/subdags/subdag.py for tasks to queue
[2024-09-06T20:30:03.280-0500] {logging_mixin.py:190} INFO - [2024-09-06T20:30:03.280-0500] {dagbag.py:587} INFO - Filling up the DagBag from /Users/binhpham/Library/Python/3.9/lib/python/site-packages/airflow/example_dags/subdags/subdag.py
[2024-09-06T20:30:03.281-0500] {processor.py:927} WARNING - No viable dags retrieved from /Users/binhpham/Library/Python/3.9/lib/python/site-packages/airflow/example_dags/subdags/subdag.py
[2024-09-06T20:30:03.322-0500] {processor.py:208} INFO - Processing /Users/binhpham/Library/Python/3.9/lib/python/site-packages/airflow/example_dags/subdags/subdag.py took 0.045 seconds
[2024-09-06T20:31:23.800-0500] {processor.py:186} INFO - Started process (PID=44614) to work on /Users/binhpham/Library/Python/3.9/lib/python/site-packages/airflow/example_dags/subdags/subdag.py
[2024-09-06T20:31:23.802-0500] {processor.py:914} INFO - Processing file /Users/binhpham/Library/Python/3.9/lib/python/site-packages/airflow/example_dags/subdags/subdag.py for tasks to queue
[2024-09-06T20:31:23.803-0500] {logging_mixin.py:190} INFO - [2024-09-06T20:31:23.803-0500] {dagbag.py:587} INFO - Filling up the DagBag from /Users/binhpham/Library/Python/3.9/lib/python/site-packages/airflow/example_dags/subdags/subdag.py
[2024-09-06T20:31:23.803-0500] {processor.py:927} WARNING - No viable dags retrieved from /Users/binhpham/Library/Python/3.9/lib/python/site-packages/airflow/example_dags/subdags/subdag.py
[2024-09-06T20:31:23.842-0500] {processor.py:208} INFO - Processing /Users/binhpham/Library/Python/3.9/lib/python/site-packages/airflow/example_dags/subdags/subdag.py took 0.044 seconds
[2024-09-06T20:32:45.540-0500] {processor.py:186} INFO - Started process (PID=44889) to work on /Users/binhpham/Library/Python/3.9/lib/python/site-packages/airflow/example_dags/subdags/subdag.py
[2024-09-06T20:32:45.542-0500] {processor.py:914} INFO - Processing file /Users/binhpham/Library/Python/3.9/lib/python/site-packages/airflow/example_dags/subdags/subdag.py for tasks to queue
[2024-09-06T20:32:45.543-0500] {logging_mixin.py:190} INFO - [2024-09-06T20:32:45.543-0500] {dagbag.py:587} INFO - Filling up the DagBag from /Users/binhpham/Library/Python/3.9/lib/python/site-packages/airflow/example_dags/subdags/subdag.py
[2024-09-06T20:32:45.544-0500] {processor.py:927} WARNING - No viable dags retrieved from /Users/binhpham/Library/Python/3.9/lib/python/site-packages/airflow/example_dags/subdags/subdag.py
[2024-09-06T20:32:45.584-0500] {processor.py:208} INFO - Processing /Users/binhpham/Library/Python/3.9/lib/python/site-packages/airflow/example_dags/subdags/subdag.py took 0.046 seconds
[2024-09-06T20:33:21.030-0500] {processor.py:186} INFO - Started process (PID=45012) to work on /Users/binhpham/Library/Python/3.9/lib/python/site-packages/airflow/example_dags/subdags/subdag.py
[2024-09-06T20:33:21.032-0500] {processor.py:914} INFO - Processing file /Users/binhpham/Library/Python/3.9/lib/python/site-packages/airflow/example_dags/subdags/subdag.py for tasks to queue
[2024-09-06T20:33:21.033-0500] {logging_mixin.py:190} INFO - [2024-09-06T20:33:21.033-0500] {dagbag.py:587} INFO - Filling up the DagBag from /Users/binhpham/Library/Python/3.9/lib/python/site-packages/airflow/example_dags/subdags/subdag.py
[2024-09-06T20:33:21.034-0500] {processor.py:927} WARNING - No viable dags retrieved from /Users/binhpham/Library/Python/3.9/lib/python/site-packages/airflow/example_dags/subdags/subdag.py
[2024-09-06T20:33:21.081-0500] {processor.py:208} INFO - Processing /Users/binhpham/Library/Python/3.9/lib/python/site-packages/airflow/example_dags/subdags/subdag.py took 0.052 seconds
[2024-09-06T20:35:13.606-0500] {processor.py:186} INFO - Started process (PID=45378) to work on /Users/binhpham/Library/Python/3.9/lib/python/site-packages/airflow/example_dags/subdags/subdag.py
[2024-09-06T20:35:13.608-0500] {processor.py:914} INFO - Processing file /Users/binhpham/Library/Python/3.9/lib/python/site-packages/airflow/example_dags/subdags/subdag.py for tasks to queue
[2024-09-06T20:35:13.608-0500] {logging_mixin.py:190} INFO - [2024-09-06T20:35:13.608-0500] {dagbag.py:587} INFO - Filling up the DagBag from /Users/binhpham/Library/Python/3.9/lib/python/site-packages/airflow/example_dags/subdags/subdag.py
[2024-09-06T20:35:13.609-0500] {processor.py:927} WARNING - No viable dags retrieved from /Users/binhpham/Library/Python/3.9/lib/python/site-packages/airflow/example_dags/subdags/subdag.py
[2024-09-06T20:35:13.653-0500] {processor.py:208} INFO - Processing /Users/binhpham/Library/Python/3.9/lib/python/site-packages/airflow/example_dags/subdags/subdag.py took 0.049 seconds
[2024-09-06T20:36:34.721-0500] {processor.py:186} INFO - Started process (PID=45643) to work on /Users/binhpham/Library/Python/3.9/lib/python/site-packages/airflow/example_dags/subdags/subdag.py
[2024-09-06T20:36:34.723-0500] {processor.py:914} INFO - Processing file /Users/binhpham/Library/Python/3.9/lib/python/site-packages/airflow/example_dags/subdags/subdag.py for tasks to queue
[2024-09-06T20:36:34.723-0500] {logging_mixin.py:190} INFO - [2024-09-06T20:36:34.723-0500] {dagbag.py:587} INFO - Filling up the DagBag from /Users/binhpham/Library/Python/3.9/lib/python/site-packages/airflow/example_dags/subdags/subdag.py
[2024-09-06T20:36:34.724-0500] {processor.py:927} WARNING - No viable dags retrieved from /Users/binhpham/Library/Python/3.9/lib/python/site-packages/airflow/example_dags/subdags/subdag.py
[2024-09-06T20:36:34.763-0500] {processor.py:208} INFO - Processing /Users/binhpham/Library/Python/3.9/lib/python/site-packages/airflow/example_dags/subdags/subdag.py took 0.044 seconds
[2024-09-06T20:37:56.531-0500] {processor.py:186} INFO - Started process (PID=45911) to work on /Users/binhpham/Library/Python/3.9/lib/python/site-packages/airflow/example_dags/subdags/subdag.py
[2024-09-06T20:37:56.533-0500] {processor.py:914} INFO - Processing file /Users/binhpham/Library/Python/3.9/lib/python/site-packages/airflow/example_dags/subdags/subdag.py for tasks to queue
[2024-09-06T20:37:56.534-0500] {logging_mixin.py:190} INFO - [2024-09-06T20:37:56.533-0500] {dagbag.py:587} INFO - Filling up the DagBag from /Users/binhpham/Library/Python/3.9/lib/python/site-packages/airflow/example_dags/subdags/subdag.py
[2024-09-06T20:37:56.535-0500] {processor.py:927} WARNING - No viable dags retrieved from /Users/binhpham/Library/Python/3.9/lib/python/site-packages/airflow/example_dags/subdags/subdag.py
[2024-09-06T20:37:56.584-0500] {processor.py:208} INFO - Processing /Users/binhpham/Library/Python/3.9/lib/python/site-packages/airflow/example_dags/subdags/subdag.py took 0.054 seconds
