[2024-09-18T17:35:11.026-0500] {local_task_job_runner.py:123} INFO - ::group::Pre task execution logs
[2024-09-18T17:35:11.032-0500] {taskinstance.py:2612} INFO - Dependencies all met for dep_context=non-requeueable deps ti=<TaskInstance: etl_pipeline.fetch_data manual__2024-09-18T22:35:08.873399+00:00 [queued]>
[2024-09-18T17:35:11.035-0500] {taskinstance.py:2612} INFO - Dependencies all met for dep_context=requeueable deps ti=<TaskInstance: etl_pipeline.fetch_data manual__2024-09-18T22:35:08.873399+00:00 [queued]>
[2024-09-18T17:35:11.035-0500] {taskinstance.py:2865} INFO - Starting attempt 1 of 1
[2024-09-18T17:35:11.042-0500] {taskinstance.py:2888} INFO - Executing <Task(PythonOperator): fetch_data> on 2024-09-18 22:35:08.873399+00:00
[2024-09-18T17:35:11.046-0500] {standard_task_runner.py:72} INFO - Started process 23382 to run task
[2024-09-18T17:35:11.049-0500] {standard_task_runner.py:104} INFO - Running: ['airflow', 'tasks', 'run', 'etl_pipeline', 'fetch_data', 'manual__2024-09-18T22:35:08.873399+00:00', '--job-id', '33', '--raw', '--subdir', 'DAGS_FOLDER/etl_pipeline.py', '--cfg-path', '/var/folders/48/1hc7518x2bsfgjm34fs7dth00000gn/T/tmp5cm71gqh']
[2024-09-18T17:35:11.050-0500] {standard_task_runner.py:105} INFO - Job 33: Subtask fetch_data
[2024-09-18T17:35:11.072-0500] {task_command.py:467} INFO - Running <TaskInstance: etl_pipeline.fetch_data manual__2024-09-18T22:35:08.873399+00:00 [running]> on host binhs-macbook-pro.local
[2024-09-18T17:35:11.106-0500] {taskinstance.py:3131} INFO - Exporting env vars: AIRFLOW_CTX_DAG_OWNER='airflow' AIRFLOW_CTX_DAG_ID='etl_pipeline' AIRFLOW_CTX_TASK_ID='fetch_data' AIRFLOW_CTX_EXECUTION_DATE='2024-09-18T22:35:08.873399+00:00' AIRFLOW_CTX_TRY_NUMBER='1' AIRFLOW_CTX_DAG_RUN_ID='manual__2024-09-18T22:35:08.873399+00:00'
[2024-09-18T17:35:11.107-0500] {logging_mixin.py:190} INFO - Task instance is in running state
[2024-09-18T17:35:11.107-0500] {logging_mixin.py:190} INFO -  Previous state of the Task instance: queued
[2024-09-18T17:35:11.108-0500] {logging_mixin.py:190} INFO - Current task name:fetch_data state:running start_date:2024-09-18 22:35:11.032747+00:00
[2024-09-18T17:35:11.108-0500] {logging_mixin.py:190} INFO - Dag name:etl_pipeline and current dag run status:running
[2024-09-18T17:35:11.108-0500] {taskinstance.py:731} INFO - ::endgroup::
[2024-09-18T17:35:11.113-0500] {python.py:240} INFO - Done. Returned value was: None
[2024-09-18T17:35:11.115-0500] {taskinstance.py:340} INFO - ::group::Post task execution logs
[2024-09-18T17:35:11.116-0500] {taskinstance.py:352} INFO - Marking task as SUCCESS. dag_id=etl_pipeline, task_id=fetch_data, run_id=manual__2024-09-18T22:35:08.873399+00:00, execution_date=20240918T223508, start_date=20240918T223511, end_date=20240918T223511
[2024-09-18T17:35:11.119-0500] {logging_mixin.py:190} INFO - Task instance in success state
[2024-09-18T17:35:11.120-0500] {logging_mixin.py:190} INFO -  Previous state of the Task instance: running
[2024-09-18T17:35:11.120-0500] {logging_mixin.py:190} INFO - Dag name:etl_pipeline queued_at:2024-09-18 22:35:08.882458+00:00
[2024-09-18T17:35:11.120-0500] {logging_mixin.py:190} INFO - Task hostname:binhs-macbook-pro.local operator:PythonOperator
[2024-09-18T17:35:11.147-0500] {local_task_job_runner.py:266} INFO - Task exited with return code 0
[2024-09-18T17:35:11.156-0500] {taskinstance.py:3900} INFO - 1 downstream tasks scheduled from follow-on schedule check
[2024-09-18T17:35:11.157-0500] {local_task_job_runner.py:245} INFO - ::endgroup::
