[2024-09-18T16:51:38.430-0500] {processor.py:186} INFO - Started process (PID=11709) to work on /Users/binhpham/Library/Python/3.9/lib/python/site-packages/airflow/example_dags/plugins/decreasing_priority_weight_strategy.py
[2024-09-18T16:51:38.432-0500] {processor.py:914} INFO - Processing file /Users/binhpham/Library/Python/3.9/lib/python/site-packages/airflow/example_dags/plugins/decreasing_priority_weight_strategy.py for tasks to queue
[2024-09-18T16:51:38.432-0500] {logging_mixin.py:190} INFO - [2024-09-18T16:51:38.432-0500] {dagbag.py:587} INFO - Filling up the DagBag from /Users/binhpham/Library/Python/3.9/lib/python/site-packages/airflow/example_dags/plugins/decreasing_priority_weight_strategy.py
[2024-09-18T16:51:38.433-0500] {processor.py:927} WARNING - No viable dags retrieved from /Users/binhpham/Library/Python/3.9/lib/python/site-packages/airflow/example_dags/plugins/decreasing_priority_weight_strategy.py
[2024-09-18T16:51:38.483-0500] {processor.py:208} INFO - Processing /Users/binhpham/Library/Python/3.9/lib/python/site-packages/airflow/example_dags/plugins/decreasing_priority_weight_strategy.py took 0.054 seconds
[2024-09-18T16:53:38.294-0500] {processor.py:186} INFO - Started process (PID=12184) to work on /Users/binhpham/Library/Python/3.9/lib/python/site-packages/airflow/example_dags/plugins/decreasing_priority_weight_strategy.py
[2024-09-18T16:53:38.297-0500] {processor.py:914} INFO - Processing file /Users/binhpham/Library/Python/3.9/lib/python/site-packages/airflow/example_dags/plugins/decreasing_priority_weight_strategy.py for tasks to queue
[2024-09-18T16:53:38.297-0500] {logging_mixin.py:190} INFO - [2024-09-18T16:53:38.297-0500] {dagbag.py:587} INFO - Filling up the DagBag from /Users/binhpham/Library/Python/3.9/lib/python/site-packages/airflow/example_dags/plugins/decreasing_priority_weight_strategy.py
[2024-09-18T16:53:38.298-0500] {processor.py:927} WARNING - No viable dags retrieved from /Users/binhpham/Library/Python/3.9/lib/python/site-packages/airflow/example_dags/plugins/decreasing_priority_weight_strategy.py
[2024-09-18T16:53:38.347-0500] {processor.py:208} INFO - Processing /Users/binhpham/Library/Python/3.9/lib/python/site-packages/airflow/example_dags/plugins/decreasing_priority_weight_strategy.py took 0.054 seconds
[2024-09-18T16:56:39.678-0500] {processor.py:186} INFO - Started process (PID=12804) to work on /Users/binhpham/Library/Python/3.9/lib/python/site-packages/airflow/example_dags/plugins/decreasing_priority_weight_strategy.py
[2024-09-18T16:56:39.680-0500] {processor.py:914} INFO - Processing file /Users/binhpham/Library/Python/3.9/lib/python/site-packages/airflow/example_dags/plugins/decreasing_priority_weight_strategy.py for tasks to queue
[2024-09-18T16:56:39.681-0500] {logging_mixin.py:190} INFO - [2024-09-18T16:56:39.681-0500] {dagbag.py:587} INFO - Filling up the DagBag from /Users/binhpham/Library/Python/3.9/lib/python/site-packages/airflow/example_dags/plugins/decreasing_priority_weight_strategy.py
[2024-09-18T16:56:39.682-0500] {processor.py:927} WARNING - No viable dags retrieved from /Users/binhpham/Library/Python/3.9/lib/python/site-packages/airflow/example_dags/plugins/decreasing_priority_weight_strategy.py
[2024-09-18T16:56:39.731-0500] {processor.py:208} INFO - Processing /Users/binhpham/Library/Python/3.9/lib/python/site-packages/airflow/example_dags/plugins/decreasing_priority_weight_strategy.py took 0.054 seconds
[2024-09-18T16:58:41.158-0500] {processor.py:186} INFO - Started process (PID=13206) to work on /Users/binhpham/Library/Python/3.9/lib/python/site-packages/airflow/example_dags/plugins/decreasing_priority_weight_strategy.py
[2024-09-18T16:58:41.161-0500] {processor.py:914} INFO - Processing file /Users/binhpham/Library/Python/3.9/lib/python/site-packages/airflow/example_dags/plugins/decreasing_priority_weight_strategy.py for tasks to queue
[2024-09-18T16:58:41.161-0500] {logging_mixin.py:190} INFO - [2024-09-18T16:58:41.161-0500] {dagbag.py:587} INFO - Filling up the DagBag from /Users/binhpham/Library/Python/3.9/lib/python/site-packages/airflow/example_dags/plugins/decreasing_priority_weight_strategy.py
[2024-09-18T16:58:41.162-0500] {processor.py:927} WARNING - No viable dags retrieved from /Users/binhpham/Library/Python/3.9/lib/python/site-packages/airflow/example_dags/plugins/decreasing_priority_weight_strategy.py
[2024-09-18T16:58:41.212-0500] {processor.py:208} INFO - Processing /Users/binhpham/Library/Python/3.9/lib/python/site-packages/airflow/example_dags/plugins/decreasing_priority_weight_strategy.py took 0.056 seconds
[2024-09-18T17:00:11.251-0500] {processor.py:186} INFO - Started process (PID=13498) to work on /Users/binhpham/Library/Python/3.9/lib/python/site-packages/airflow/example_dags/plugins/decreasing_priority_weight_strategy.py
[2024-09-18T17:00:11.253-0500] {processor.py:914} INFO - Processing file /Users/binhpham/Library/Python/3.9/lib/python/site-packages/airflow/example_dags/plugins/decreasing_priority_weight_strategy.py for tasks to queue
[2024-09-18T17:00:11.253-0500] {logging_mixin.py:190} INFO - [2024-09-18T17:00:11.253-0500] {dagbag.py:587} INFO - Filling up the DagBag from /Users/binhpham/Library/Python/3.9/lib/python/site-packages/airflow/example_dags/plugins/decreasing_priority_weight_strategy.py
[2024-09-18T17:00:11.254-0500] {processor.py:927} WARNING - No viable dags retrieved from /Users/binhpham/Library/Python/3.9/lib/python/site-packages/airflow/example_dags/plugins/decreasing_priority_weight_strategy.py
[2024-09-18T17:00:11.309-0500] {processor.py:208} INFO - Processing /Users/binhpham/Library/Python/3.9/lib/python/site-packages/airflow/example_dags/plugins/decreasing_priority_weight_strategy.py took 0.059 seconds
[2024-09-18T17:01:38.050-0500] {processor.py:186} INFO - Started process (PID=13784) to work on /Users/binhpham/Library/Python/3.9/lib/python/site-packages/airflow/example_dags/plugins/decreasing_priority_weight_strategy.py
[2024-09-18T17:01:38.051-0500] {processor.py:914} INFO - Processing file /Users/binhpham/Library/Python/3.9/lib/python/site-packages/airflow/example_dags/plugins/decreasing_priority_weight_strategy.py for tasks to queue
[2024-09-18T17:01:38.052-0500] {logging_mixin.py:190} INFO - [2024-09-18T17:01:38.052-0500] {dagbag.py:587} INFO - Filling up the DagBag from /Users/binhpham/Library/Python/3.9/lib/python/site-packages/airflow/example_dags/plugins/decreasing_priority_weight_strategy.py
[2024-09-18T17:01:38.052-0500] {processor.py:927} WARNING - No viable dags retrieved from /Users/binhpham/Library/Python/3.9/lib/python/site-packages/airflow/example_dags/plugins/decreasing_priority_weight_strategy.py
[2024-09-18T17:01:38.105-0500] {processor.py:208} INFO - Processing /Users/binhpham/Library/Python/3.9/lib/python/site-packages/airflow/example_dags/plugins/decreasing_priority_weight_strategy.py took 0.057 seconds
[2024-09-18T17:03:03.282-0500] {processor.py:186} INFO - Started process (PID=14080) to work on /Users/binhpham/Library/Python/3.9/lib/python/site-packages/airflow/example_dags/plugins/decreasing_priority_weight_strategy.py
[2024-09-18T17:03:03.284-0500] {processor.py:914} INFO - Processing file /Users/binhpham/Library/Python/3.9/lib/python/site-packages/airflow/example_dags/plugins/decreasing_priority_weight_strategy.py for tasks to queue
[2024-09-18T17:03:03.284-0500] {logging_mixin.py:190} INFO - [2024-09-18T17:03:03.284-0500] {dagbag.py:587} INFO - Filling up the DagBag from /Users/binhpham/Library/Python/3.9/lib/python/site-packages/airflow/example_dags/plugins/decreasing_priority_weight_strategy.py
[2024-09-18T17:03:03.285-0500] {processor.py:927} WARNING - No viable dags retrieved from /Users/binhpham/Library/Python/3.9/lib/python/site-packages/airflow/example_dags/plugins/decreasing_priority_weight_strategy.py
[2024-09-18T17:03:03.335-0500] {processor.py:208} INFO - Processing /Users/binhpham/Library/Python/3.9/lib/python/site-packages/airflow/example_dags/plugins/decreasing_priority_weight_strategy.py took 0.054 seconds
[2024-09-18T17:04:32.175-0500] {processor.py:186} INFO - Started process (PID=14397) to work on /Users/binhpham/Library/Python/3.9/lib/python/site-packages/airflow/example_dags/plugins/decreasing_priority_weight_strategy.py
[2024-09-18T17:04:32.176-0500] {processor.py:914} INFO - Processing file /Users/binhpham/Library/Python/3.9/lib/python/site-packages/airflow/example_dags/plugins/decreasing_priority_weight_strategy.py for tasks to queue
[2024-09-18T17:04:32.177-0500] {logging_mixin.py:190} INFO - [2024-09-18T17:04:32.177-0500] {dagbag.py:587} INFO - Filling up the DagBag from /Users/binhpham/Library/Python/3.9/lib/python/site-packages/airflow/example_dags/plugins/decreasing_priority_weight_strategy.py
[2024-09-18T17:04:32.177-0500] {processor.py:927} WARNING - No viable dags retrieved from /Users/binhpham/Library/Python/3.9/lib/python/site-packages/airflow/example_dags/plugins/decreasing_priority_weight_strategy.py
[2024-09-18T17:04:32.231-0500] {processor.py:208} INFO - Processing /Users/binhpham/Library/Python/3.9/lib/python/site-packages/airflow/example_dags/plugins/decreasing_priority_weight_strategy.py took 0.058 seconds
[2024-09-18T17:05:56.103-0500] {processor.py:186} INFO - Started process (PID=14694) to work on /Users/binhpham/Library/Python/3.9/lib/python/site-packages/airflow/example_dags/plugins/decreasing_priority_weight_strategy.py
[2024-09-18T17:05:56.105-0500] {processor.py:914} INFO - Processing file /Users/binhpham/Library/Python/3.9/lib/python/site-packages/airflow/example_dags/plugins/decreasing_priority_weight_strategy.py for tasks to queue
[2024-09-18T17:05:56.105-0500] {logging_mixin.py:190} INFO - [2024-09-18T17:05:56.105-0500] {dagbag.py:587} INFO - Filling up the DagBag from /Users/binhpham/Library/Python/3.9/lib/python/site-packages/airflow/example_dags/plugins/decreasing_priority_weight_strategy.py
[2024-09-18T17:05:56.106-0500] {processor.py:927} WARNING - No viable dags retrieved from /Users/binhpham/Library/Python/3.9/lib/python/site-packages/airflow/example_dags/plugins/decreasing_priority_weight_strategy.py
[2024-09-18T17:05:56.159-0500] {processor.py:208} INFO - Processing /Users/binhpham/Library/Python/3.9/lib/python/site-packages/airflow/example_dags/plugins/decreasing_priority_weight_strategy.py took 0.057 seconds
[2024-09-18T17:07:19.789-0500] {processor.py:186} INFO - Started process (PID=15021) to work on /Users/binhpham/Library/Python/3.9/lib/python/site-packages/airflow/example_dags/plugins/decreasing_priority_weight_strategy.py
[2024-09-18T17:07:19.791-0500] {processor.py:914} INFO - Processing file /Users/binhpham/Library/Python/3.9/lib/python/site-packages/airflow/example_dags/plugins/decreasing_priority_weight_strategy.py for tasks to queue
[2024-09-18T17:07:19.791-0500] {logging_mixin.py:190} INFO - [2024-09-18T17:07:19.791-0500] {dagbag.py:587} INFO - Filling up the DagBag from /Users/binhpham/Library/Python/3.9/lib/python/site-packages/airflow/example_dags/plugins/decreasing_priority_weight_strategy.py
[2024-09-18T17:07:19.792-0500] {processor.py:927} WARNING - No viable dags retrieved from /Users/binhpham/Library/Python/3.9/lib/python/site-packages/airflow/example_dags/plugins/decreasing_priority_weight_strategy.py
[2024-09-18T17:07:19.842-0500] {processor.py:208} INFO - Processing /Users/binhpham/Library/Python/3.9/lib/python/site-packages/airflow/example_dags/plugins/decreasing_priority_weight_strategy.py took 0.055 seconds
[2024-09-18T17:08:50.025-0500] {processor.py:186} INFO - Started process (PID=15336) to work on /Users/binhpham/Library/Python/3.9/lib/python/site-packages/airflow/example_dags/plugins/decreasing_priority_weight_strategy.py
[2024-09-18T17:08:50.026-0500] {processor.py:914} INFO - Processing file /Users/binhpham/Library/Python/3.9/lib/python/site-packages/airflow/example_dags/plugins/decreasing_priority_weight_strategy.py for tasks to queue
[2024-09-18T17:08:50.027-0500] {logging_mixin.py:190} INFO - [2024-09-18T17:08:50.027-0500] {dagbag.py:587} INFO - Filling up the DagBag from /Users/binhpham/Library/Python/3.9/lib/python/site-packages/airflow/example_dags/plugins/decreasing_priority_weight_strategy.py
[2024-09-18T17:08:50.027-0500] {processor.py:927} WARNING - No viable dags retrieved from /Users/binhpham/Library/Python/3.9/lib/python/site-packages/airflow/example_dags/plugins/decreasing_priority_weight_strategy.py
[2024-09-18T17:08:50.078-0500] {processor.py:208} INFO - Processing /Users/binhpham/Library/Python/3.9/lib/python/site-packages/airflow/example_dags/plugins/decreasing_priority_weight_strategy.py took 0.055 seconds
[2024-09-18T17:10:18.190-0500] {processor.py:186} INFO - Started process (PID=15628) to work on /Users/binhpham/Library/Python/3.9/lib/python/site-packages/airflow/example_dags/plugins/decreasing_priority_weight_strategy.py
[2024-09-18T17:10:18.192-0500] {processor.py:914} INFO - Processing file /Users/binhpham/Library/Python/3.9/lib/python/site-packages/airflow/example_dags/plugins/decreasing_priority_weight_strategy.py for tasks to queue
[2024-09-18T17:10:18.192-0500] {logging_mixin.py:190} INFO - [2024-09-18T17:10:18.192-0500] {dagbag.py:587} INFO - Filling up the DagBag from /Users/binhpham/Library/Python/3.9/lib/python/site-packages/airflow/example_dags/plugins/decreasing_priority_weight_strategy.py
[2024-09-18T17:10:18.193-0500] {processor.py:927} WARNING - No viable dags retrieved from /Users/binhpham/Library/Python/3.9/lib/python/site-packages/airflow/example_dags/plugins/decreasing_priority_weight_strategy.py
[2024-09-18T17:10:18.242-0500] {processor.py:208} INFO - Processing /Users/binhpham/Library/Python/3.9/lib/python/site-packages/airflow/example_dags/plugins/decreasing_priority_weight_strategy.py took 0.054 seconds
[2024-09-18T17:11:46.454-0500] {processor.py:186} INFO - Started process (PID=15947) to work on /Users/binhpham/Library/Python/3.9/lib/python/site-packages/airflow/example_dags/plugins/decreasing_priority_weight_strategy.py
[2024-09-18T17:11:46.456-0500] {processor.py:914} INFO - Processing file /Users/binhpham/Library/Python/3.9/lib/python/site-packages/airflow/example_dags/plugins/decreasing_priority_weight_strategy.py for tasks to queue
[2024-09-18T17:11:46.457-0500] {logging_mixin.py:190} INFO - [2024-09-18T17:11:46.457-0500] {dagbag.py:587} INFO - Filling up the DagBag from /Users/binhpham/Library/Python/3.9/lib/python/site-packages/airflow/example_dags/plugins/decreasing_priority_weight_strategy.py
[2024-09-18T17:11:46.457-0500] {processor.py:927} WARNING - No viable dags retrieved from /Users/binhpham/Library/Python/3.9/lib/python/site-packages/airflow/example_dags/plugins/decreasing_priority_weight_strategy.py
[2024-09-18T17:11:46.509-0500] {processor.py:208} INFO - Processing /Users/binhpham/Library/Python/3.9/lib/python/site-packages/airflow/example_dags/plugins/decreasing_priority_weight_strategy.py took 0.056 seconds
[2024-09-18T17:13:14.904-0500] {processor.py:186} INFO - Started process (PID=16273) to work on /Users/binhpham/Library/Python/3.9/lib/python/site-packages/airflow/example_dags/plugins/decreasing_priority_weight_strategy.py
[2024-09-18T17:13:14.906-0500] {processor.py:914} INFO - Processing file /Users/binhpham/Library/Python/3.9/lib/python/site-packages/airflow/example_dags/plugins/decreasing_priority_weight_strategy.py for tasks to queue
[2024-09-18T17:13:14.906-0500] {logging_mixin.py:190} INFO - [2024-09-18T17:13:14.906-0500] {dagbag.py:587} INFO - Filling up the DagBag from /Users/binhpham/Library/Python/3.9/lib/python/site-packages/airflow/example_dags/plugins/decreasing_priority_weight_strategy.py
[2024-09-18T17:13:14.907-0500] {processor.py:927} WARNING - No viable dags retrieved from /Users/binhpham/Library/Python/3.9/lib/python/site-packages/airflow/example_dags/plugins/decreasing_priority_weight_strategy.py
[2024-09-18T17:13:14.957-0500] {processor.py:208} INFO - Processing /Users/binhpham/Library/Python/3.9/lib/python/site-packages/airflow/example_dags/plugins/decreasing_priority_weight_strategy.py took 0.054 seconds
[2024-09-18T17:15:03.498-0500] {processor.py:186} INFO - Started process (PID=16755) to work on /Users/binhpham/Library/Python/3.9/lib/python/site-packages/airflow/example_dags/plugins/decreasing_priority_weight_strategy.py
[2024-09-18T17:15:03.499-0500] {processor.py:914} INFO - Processing file /Users/binhpham/Library/Python/3.9/lib/python/site-packages/airflow/example_dags/plugins/decreasing_priority_weight_strategy.py for tasks to queue
[2024-09-18T17:15:03.500-0500] {logging_mixin.py:190} INFO - [2024-09-18T17:15:03.500-0500] {dagbag.py:587} INFO - Filling up the DagBag from /Users/binhpham/Library/Python/3.9/lib/python/site-packages/airflow/example_dags/plugins/decreasing_priority_weight_strategy.py
[2024-09-18T17:15:03.501-0500] {processor.py:927} WARNING - No viable dags retrieved from /Users/binhpham/Library/Python/3.9/lib/python/site-packages/airflow/example_dags/plugins/decreasing_priority_weight_strategy.py
[2024-09-18T17:15:03.549-0500] {processor.py:208} INFO - Processing /Users/binhpham/Library/Python/3.9/lib/python/site-packages/airflow/example_dags/plugins/decreasing_priority_weight_strategy.py took 0.053 seconds
[2024-09-18T17:17:05.945-0500] {processor.py:186} INFO - Started process (PID=17243) to work on /Users/binhpham/Library/Python/3.9/lib/python/site-packages/airflow/example_dags/plugins/decreasing_priority_weight_strategy.py
[2024-09-18T17:17:05.947-0500] {processor.py:914} INFO - Processing file /Users/binhpham/Library/Python/3.9/lib/python/site-packages/airflow/example_dags/plugins/decreasing_priority_weight_strategy.py for tasks to queue
[2024-09-18T17:17:05.948-0500] {logging_mixin.py:190} INFO - [2024-09-18T17:17:05.948-0500] {dagbag.py:587} INFO - Filling up the DagBag from /Users/binhpham/Library/Python/3.9/lib/python/site-packages/airflow/example_dags/plugins/decreasing_priority_weight_strategy.py
[2024-09-18T17:17:05.948-0500] {processor.py:927} WARNING - No viable dags retrieved from /Users/binhpham/Library/Python/3.9/lib/python/site-packages/airflow/example_dags/plugins/decreasing_priority_weight_strategy.py
[2024-09-18T17:17:05.999-0500] {processor.py:208} INFO - Processing /Users/binhpham/Library/Python/3.9/lib/python/site-packages/airflow/example_dags/plugins/decreasing_priority_weight_strategy.py took 0.056 seconds
[2024-09-18T17:18:33.801-0500] {processor.py:186} INFO - Started process (PID=18113) to work on /Users/binhpham/Library/Python/3.9/lib/python/site-packages/airflow/example_dags/plugins/decreasing_priority_weight_strategy.py
[2024-09-18T17:18:33.804-0500] {processor.py:914} INFO - Processing file /Users/binhpham/Library/Python/3.9/lib/python/site-packages/airflow/example_dags/plugins/decreasing_priority_weight_strategy.py for tasks to queue
[2024-09-18T17:18:33.804-0500] {logging_mixin.py:190} INFO - [2024-09-18T17:18:33.804-0500] {dagbag.py:587} INFO - Filling up the DagBag from /Users/binhpham/Library/Python/3.9/lib/python/site-packages/airflow/example_dags/plugins/decreasing_priority_weight_strategy.py
[2024-09-18T17:18:33.805-0500] {processor.py:927} WARNING - No viable dags retrieved from /Users/binhpham/Library/Python/3.9/lib/python/site-packages/airflow/example_dags/plugins/decreasing_priority_weight_strategy.py
[2024-09-18T17:18:33.855-0500] {processor.py:208} INFO - Processing /Users/binhpham/Library/Python/3.9/lib/python/site-packages/airflow/example_dags/plugins/decreasing_priority_weight_strategy.py took 0.056 seconds
[2024-09-18T17:20:05.803-0500] {processor.py:186} INFO - Started process (PID=18416) to work on /Users/binhpham/Library/Python/3.9/lib/python/site-packages/airflow/example_dags/plugins/decreasing_priority_weight_strategy.py
[2024-09-18T17:20:05.806-0500] {processor.py:914} INFO - Processing file /Users/binhpham/Library/Python/3.9/lib/python/site-packages/airflow/example_dags/plugins/decreasing_priority_weight_strategy.py for tasks to queue
[2024-09-18T17:20:05.806-0500] {logging_mixin.py:190} INFO - [2024-09-18T17:20:05.806-0500] {dagbag.py:587} INFO - Filling up the DagBag from /Users/binhpham/Library/Python/3.9/lib/python/site-packages/airflow/example_dags/plugins/decreasing_priority_weight_strategy.py
[2024-09-18T17:20:05.807-0500] {processor.py:927} WARNING - No viable dags retrieved from /Users/binhpham/Library/Python/3.9/lib/python/site-packages/airflow/example_dags/plugins/decreasing_priority_weight_strategy.py
[2024-09-18T17:20:05.860-0500] {processor.py:208} INFO - Processing /Users/binhpham/Library/Python/3.9/lib/python/site-packages/airflow/example_dags/plugins/decreasing_priority_weight_strategy.py took 0.058 seconds
[2024-09-18T17:22:08.463-0500] {processor.py:186} INFO - Started process (PID=19454) to work on /Users/binhpham/Projects/dbt_project/venv/lib/python3.9/site-packages/airflow/example_dags/plugins/decreasing_priority_weight_strategy.py
[2024-09-18T17:22:08.466-0500] {processor.py:914} INFO - Processing file /Users/binhpham/Projects/dbt_project/venv/lib/python3.9/site-packages/airflow/example_dags/plugins/decreasing_priority_weight_strategy.py for tasks to queue
[2024-09-18T17:22:08.466-0500] {logging_mixin.py:190} INFO - [2024-09-18T17:22:08.466-0500] {dagbag.py:587} INFO - Filling up the DagBag from /Users/binhpham/Projects/dbt_project/venv/lib/python3.9/site-packages/airflow/example_dags/plugins/decreasing_priority_weight_strategy.py
[2024-09-18T17:22:08.467-0500] {processor.py:927} WARNING - No viable dags retrieved from /Users/binhpham/Projects/dbt_project/venv/lib/python3.9/site-packages/airflow/example_dags/plugins/decreasing_priority_weight_strategy.py
[2024-09-18T17:22:08.517-0500] {processor.py:208} INFO - Processing /Users/binhpham/Projects/dbt_project/venv/lib/python3.9/site-packages/airflow/example_dags/plugins/decreasing_priority_weight_strategy.py took 0.055 seconds
[2024-09-18T17:24:04.735-0500] {processor.py:186} INFO - Started process (PID=19880) to work on /Users/binhpham/Projects/dbt_project/venv/lib/python3.9/site-packages/airflow/example_dags/plugins/decreasing_priority_weight_strategy.py
[2024-09-18T17:24:04.738-0500] {processor.py:914} INFO - Processing file /Users/binhpham/Projects/dbt_project/venv/lib/python3.9/site-packages/airflow/example_dags/plugins/decreasing_priority_weight_strategy.py for tasks to queue
[2024-09-18T17:24:04.738-0500] {logging_mixin.py:190} INFO - [2024-09-18T17:24:04.738-0500] {dagbag.py:587} INFO - Filling up the DagBag from /Users/binhpham/Projects/dbt_project/venv/lib/python3.9/site-packages/airflow/example_dags/plugins/decreasing_priority_weight_strategy.py
[2024-09-18T17:24:04.739-0500] {processor.py:927} WARNING - No viable dags retrieved from /Users/binhpham/Projects/dbt_project/venv/lib/python3.9/site-packages/airflow/example_dags/plugins/decreasing_priority_weight_strategy.py
[2024-09-18T17:24:04.789-0500] {processor.py:208} INFO - Processing /Users/binhpham/Projects/dbt_project/venv/lib/python3.9/site-packages/airflow/example_dags/plugins/decreasing_priority_weight_strategy.py took 0.055 seconds
[2024-09-18T17:25:06.485-0500] {processor.py:186} INFO - Started process (PID=20137) to work on /Users/binhpham/Projects/dbt_project/venv/lib/python3.9/site-packages/airflow/example_dags/plugins/decreasing_priority_weight_strategy.py
[2024-09-18T17:25:06.486-0500] {processor.py:914} INFO - Processing file /Users/binhpham/Projects/dbt_project/venv/lib/python3.9/site-packages/airflow/example_dags/plugins/decreasing_priority_weight_strategy.py for tasks to queue
[2024-09-18T17:25:06.487-0500] {logging_mixin.py:190} INFO - [2024-09-18T17:25:06.487-0500] {dagbag.py:587} INFO - Filling up the DagBag from /Users/binhpham/Projects/dbt_project/venv/lib/python3.9/site-packages/airflow/example_dags/plugins/decreasing_priority_weight_strategy.py
[2024-09-18T17:25:06.487-0500] {processor.py:927} WARNING - No viable dags retrieved from /Users/binhpham/Projects/dbt_project/venv/lib/python3.9/site-packages/airflow/example_dags/plugins/decreasing_priority_weight_strategy.py
[2024-09-18T17:25:06.540-0500] {processor.py:208} INFO - Processing /Users/binhpham/Projects/dbt_project/venv/lib/python3.9/site-packages/airflow/example_dags/plugins/decreasing_priority_weight_strategy.py took 0.056 seconds
[2024-09-18T17:26:10.105-0500] {processor.py:186} INFO - Started process (PID=20372) to work on /Users/binhpham/Projects/dbt_project/venv/lib/python3.9/site-packages/airflow/example_dags/plugins/decreasing_priority_weight_strategy.py
[2024-09-18T17:26:10.107-0500] {processor.py:914} INFO - Processing file /Users/binhpham/Projects/dbt_project/venv/lib/python3.9/site-packages/airflow/example_dags/plugins/decreasing_priority_weight_strategy.py for tasks to queue
[2024-09-18T17:26:10.107-0500] {logging_mixin.py:190} INFO - [2024-09-18T17:26:10.107-0500] {dagbag.py:587} INFO - Filling up the DagBag from /Users/binhpham/Projects/dbt_project/venv/lib/python3.9/site-packages/airflow/example_dags/plugins/decreasing_priority_weight_strategy.py
[2024-09-18T17:26:10.108-0500] {processor.py:927} WARNING - No viable dags retrieved from /Users/binhpham/Projects/dbt_project/venv/lib/python3.9/site-packages/airflow/example_dags/plugins/decreasing_priority_weight_strategy.py
[2024-09-18T17:26:10.158-0500] {processor.py:208} INFO - Processing /Users/binhpham/Projects/dbt_project/venv/lib/python3.9/site-packages/airflow/example_dags/plugins/decreasing_priority_weight_strategy.py took 0.055 seconds
[2024-09-18T17:28:35.814-0500] {processor.py:186} INFO - Started process (PID=21031) to work on /Users/binhpham/Projects/dbt_project/venv/lib/python3.9/site-packages/airflow/example_dags/plugins/decreasing_priority_weight_strategy.py
[2024-09-18T17:28:35.816-0500] {processor.py:914} INFO - Processing file /Users/binhpham/Projects/dbt_project/venv/lib/python3.9/site-packages/airflow/example_dags/plugins/decreasing_priority_weight_strategy.py for tasks to queue
[2024-09-18T17:28:35.817-0500] {logging_mixin.py:190} INFO - [2024-09-18T17:28:35.817-0500] {dagbag.py:587} INFO - Filling up the DagBag from /Users/binhpham/Projects/dbt_project/venv/lib/python3.9/site-packages/airflow/example_dags/plugins/decreasing_priority_weight_strategy.py
[2024-09-18T17:28:35.818-0500] {processor.py:927} WARNING - No viable dags retrieved from /Users/binhpham/Projects/dbt_project/venv/lib/python3.9/site-packages/airflow/example_dags/plugins/decreasing_priority_weight_strategy.py
[2024-09-18T17:28:35.870-0500] {processor.py:208} INFO - Processing /Users/binhpham/Projects/dbt_project/venv/lib/python3.9/site-packages/airflow/example_dags/plugins/decreasing_priority_weight_strategy.py took 0.058 seconds
[2024-09-18T17:30:34.028-0500] {processor.py:186} INFO - Started process (PID=21952) to work on /Users/binhpham/Projects/dbt_project/venv/lib/python3.9/site-packages/airflow/example_dags/plugins/decreasing_priority_weight_strategy.py
[2024-09-18T17:30:34.029-0500] {processor.py:914} INFO - Processing file /Users/binhpham/Projects/dbt_project/venv/lib/python3.9/site-packages/airflow/example_dags/plugins/decreasing_priority_weight_strategy.py for tasks to queue
[2024-09-18T17:30:34.030-0500] {logging_mixin.py:190} INFO - [2024-09-18T17:30:34.030-0500] {dagbag.py:587} INFO - Filling up the DagBag from /Users/binhpham/Projects/dbt_project/venv/lib/python3.9/site-packages/airflow/example_dags/plugins/decreasing_priority_weight_strategy.py
[2024-09-18T17:30:34.030-0500] {processor.py:927} WARNING - No viable dags retrieved from /Users/binhpham/Projects/dbt_project/venv/lib/python3.9/site-packages/airflow/example_dags/plugins/decreasing_priority_weight_strategy.py
[2024-09-18T17:30:34.084-0500] {processor.py:208} INFO - Processing /Users/binhpham/Projects/dbt_project/venv/lib/python3.9/site-packages/airflow/example_dags/plugins/decreasing_priority_weight_strategy.py took 0.058 seconds
[2024-09-18T17:31:56.935-0500] {processor.py:186} INFO - Started process (PID=22678) to work on /Users/binhpham/Projects/dbt_project/venv/lib/python3.9/site-packages/airflow/example_dags/plugins/decreasing_priority_weight_strategy.py
[2024-09-18T17:31:56.937-0500] {processor.py:914} INFO - Processing file /Users/binhpham/Projects/dbt_project/venv/lib/python3.9/site-packages/airflow/example_dags/plugins/decreasing_priority_weight_strategy.py for tasks to queue
[2024-09-18T17:31:56.937-0500] {logging_mixin.py:190} INFO - [2024-09-18T17:31:56.937-0500] {dagbag.py:587} INFO - Filling up the DagBag from /Users/binhpham/Projects/dbt_project/venv/lib/python3.9/site-packages/airflow/example_dags/plugins/decreasing_priority_weight_strategy.py
[2024-09-18T17:31:56.938-0500] {processor.py:927} WARNING - No viable dags retrieved from /Users/binhpham/Projects/dbt_project/venv/lib/python3.9/site-packages/airflow/example_dags/plugins/decreasing_priority_weight_strategy.py
[2024-09-18T17:31:56.988-0500] {processor.py:208} INFO - Processing /Users/binhpham/Projects/dbt_project/venv/lib/python3.9/site-packages/airflow/example_dags/plugins/decreasing_priority_weight_strategy.py took 0.056 seconds
[2024-09-18T17:33:26.497-0500] {processor.py:186} INFO - Started process (PID=23007) to work on /Users/binhpham/Projects/dbt_project/venv/lib/python3.9/site-packages/airflow/example_dags/plugins/decreasing_priority_weight_strategy.py
[2024-09-18T17:33:26.500-0500] {processor.py:914} INFO - Processing file /Users/binhpham/Projects/dbt_project/venv/lib/python3.9/site-packages/airflow/example_dags/plugins/decreasing_priority_weight_strategy.py for tasks to queue
[2024-09-18T17:33:26.500-0500] {logging_mixin.py:190} INFO - [2024-09-18T17:33:26.500-0500] {dagbag.py:587} INFO - Filling up the DagBag from /Users/binhpham/Projects/dbt_project/venv/lib/python3.9/site-packages/airflow/example_dags/plugins/decreasing_priority_weight_strategy.py
[2024-09-18T17:33:26.501-0500] {processor.py:927} WARNING - No viable dags retrieved from /Users/binhpham/Projects/dbt_project/venv/lib/python3.9/site-packages/airflow/example_dags/plugins/decreasing_priority_weight_strategy.py
[2024-09-18T17:33:26.551-0500] {processor.py:208} INFO - Processing /Users/binhpham/Projects/dbt_project/venv/lib/python3.9/site-packages/airflow/example_dags/plugins/decreasing_priority_weight_strategy.py took 0.056 seconds
[2024-09-18T17:34:22.110-0500] {processor.py:186} INFO - Started process (PID=23207) to work on /Users/binhpham/Projects/dbt_project/venv/lib/python3.9/site-packages/airflow/example_dags/plugins/decreasing_priority_weight_strategy.py
[2024-09-18T17:34:22.112-0500] {processor.py:914} INFO - Processing file /Users/binhpham/Projects/dbt_project/venv/lib/python3.9/site-packages/airflow/example_dags/plugins/decreasing_priority_weight_strategy.py for tasks to queue
[2024-09-18T17:34:22.113-0500] {logging_mixin.py:190} INFO - [2024-09-18T17:34:22.113-0500] {dagbag.py:587} INFO - Filling up the DagBag from /Users/binhpham/Projects/dbt_project/venv/lib/python3.9/site-packages/airflow/example_dags/plugins/decreasing_priority_weight_strategy.py
[2024-09-18T17:34:22.113-0500] {processor.py:927} WARNING - No viable dags retrieved from /Users/binhpham/Projects/dbt_project/venv/lib/python3.9/site-packages/airflow/example_dags/plugins/decreasing_priority_weight_strategy.py
[2024-09-18T17:34:22.163-0500] {processor.py:208} INFO - Processing /Users/binhpham/Projects/dbt_project/venv/lib/python3.9/site-packages/airflow/example_dags/plugins/decreasing_priority_weight_strategy.py took 0.055 seconds
[2024-09-18T17:36:20.306-0500] {processor.py:186} INFO - Started process (PID=23845) to work on /Users/binhpham/Projects/dbt_project/venv/lib/python3.9/site-packages/airflow/example_dags/plugins/decreasing_priority_weight_strategy.py
[2024-09-18T17:36:20.307-0500] {processor.py:914} INFO - Processing file /Users/binhpham/Projects/dbt_project/venv/lib/python3.9/site-packages/airflow/example_dags/plugins/decreasing_priority_weight_strategy.py for tasks to queue
[2024-09-18T17:36:20.308-0500] {logging_mixin.py:190} INFO - [2024-09-18T17:36:20.308-0500] {dagbag.py:587} INFO - Filling up the DagBag from /Users/binhpham/Projects/dbt_project/venv/lib/python3.9/site-packages/airflow/example_dags/plugins/decreasing_priority_weight_strategy.py
[2024-09-18T17:36:20.308-0500] {processor.py:927} WARNING - No viable dags retrieved from /Users/binhpham/Projects/dbt_project/venv/lib/python3.9/site-packages/airflow/example_dags/plugins/decreasing_priority_weight_strategy.py
[2024-09-18T17:36:20.368-0500] {processor.py:208} INFO - Processing /Users/binhpham/Projects/dbt_project/venv/lib/python3.9/site-packages/airflow/example_dags/plugins/decreasing_priority_weight_strategy.py took 0.064 seconds
[2024-09-18T17:37:44.993-0500] {processor.py:186} INFO - Started process (PID=24108) to work on /Users/binhpham/Projects/dbt_project/venv/lib/python3.9/site-packages/airflow/example_dags/plugins/decreasing_priority_weight_strategy.py
[2024-09-18T17:37:44.995-0500] {processor.py:914} INFO - Processing file /Users/binhpham/Projects/dbt_project/venv/lib/python3.9/site-packages/airflow/example_dags/plugins/decreasing_priority_weight_strategy.py for tasks to queue
[2024-09-18T17:37:44.995-0500] {logging_mixin.py:190} INFO - [2024-09-18T17:37:44.995-0500] {dagbag.py:587} INFO - Filling up the DagBag from /Users/binhpham/Projects/dbt_project/venv/lib/python3.9/site-packages/airflow/example_dags/plugins/decreasing_priority_weight_strategy.py
[2024-09-18T17:37:44.996-0500] {processor.py:927} WARNING - No viable dags retrieved from /Users/binhpham/Projects/dbt_project/venv/lib/python3.9/site-packages/airflow/example_dags/plugins/decreasing_priority_weight_strategy.py
[2024-09-18T17:37:45.047-0500] {processor.py:208} INFO - Processing /Users/binhpham/Projects/dbt_project/venv/lib/python3.9/site-packages/airflow/example_dags/plugins/decreasing_priority_weight_strategy.py took 0.056 seconds
[2024-09-18T17:39:07.157-0500] {processor.py:186} INFO - Started process (PID=24367) to work on /Users/binhpham/Projects/dbt_project/venv/lib/python3.9/site-packages/airflow/example_dags/plugins/decreasing_priority_weight_strategy.py
[2024-09-18T17:39:07.158-0500] {processor.py:914} INFO - Processing file /Users/binhpham/Projects/dbt_project/venv/lib/python3.9/site-packages/airflow/example_dags/plugins/decreasing_priority_weight_strategy.py for tasks to queue
[2024-09-18T17:39:07.159-0500] {logging_mixin.py:190} INFO - [2024-09-18T17:39:07.159-0500] {dagbag.py:587} INFO - Filling up the DagBag from /Users/binhpham/Projects/dbt_project/venv/lib/python3.9/site-packages/airflow/example_dags/plugins/decreasing_priority_weight_strategy.py
[2024-09-18T17:39:07.159-0500] {processor.py:927} WARNING - No viable dags retrieved from /Users/binhpham/Projects/dbt_project/venv/lib/python3.9/site-packages/airflow/example_dags/plugins/decreasing_priority_weight_strategy.py
[2024-09-18T17:39:07.212-0500] {processor.py:208} INFO - Processing /Users/binhpham/Projects/dbt_project/venv/lib/python3.9/site-packages/airflow/example_dags/plugins/decreasing_priority_weight_strategy.py took 0.057 seconds
[2024-09-18T17:40:33.357-0500] {processor.py:186} INFO - Started process (PID=24643) to work on /Users/binhpham/Projects/dbt_project/venv/lib/python3.9/site-packages/airflow/example_dags/plugins/decreasing_priority_weight_strategy.py
[2024-09-18T17:40:33.359-0500] {processor.py:914} INFO - Processing file /Users/binhpham/Projects/dbt_project/venv/lib/python3.9/site-packages/airflow/example_dags/plugins/decreasing_priority_weight_strategy.py for tasks to queue
[2024-09-18T17:40:33.359-0500] {logging_mixin.py:190} INFO - [2024-09-18T17:40:33.359-0500] {dagbag.py:587} INFO - Filling up the DagBag from /Users/binhpham/Projects/dbt_project/venv/lib/python3.9/site-packages/airflow/example_dags/plugins/decreasing_priority_weight_strategy.py
[2024-09-18T17:40:33.360-0500] {processor.py:927} WARNING - No viable dags retrieved from /Users/binhpham/Projects/dbt_project/venv/lib/python3.9/site-packages/airflow/example_dags/plugins/decreasing_priority_weight_strategy.py
[2024-09-18T17:40:33.414-0500] {processor.py:208} INFO - Processing /Users/binhpham/Projects/dbt_project/venv/lib/python3.9/site-packages/airflow/example_dags/plugins/decreasing_priority_weight_strategy.py took 0.059 seconds
[2024-09-18T17:41:58.775-0500] {processor.py:186} INFO - Started process (PID=24912) to work on /Users/binhpham/Projects/dbt_project/venv/lib/python3.9/site-packages/airflow/example_dags/plugins/decreasing_priority_weight_strategy.py
[2024-09-18T17:41:58.778-0500] {processor.py:914} INFO - Processing file /Users/binhpham/Projects/dbt_project/venv/lib/python3.9/site-packages/airflow/example_dags/plugins/decreasing_priority_weight_strategy.py for tasks to queue
[2024-09-18T17:41:58.778-0500] {logging_mixin.py:190} INFO - [2024-09-18T17:41:58.778-0500] {dagbag.py:587} INFO - Filling up the DagBag from /Users/binhpham/Projects/dbt_project/venv/lib/python3.9/site-packages/airflow/example_dags/plugins/decreasing_priority_weight_strategy.py
[2024-09-18T17:41:58.779-0500] {processor.py:927} WARNING - No viable dags retrieved from /Users/binhpham/Projects/dbt_project/venv/lib/python3.9/site-packages/airflow/example_dags/plugins/decreasing_priority_weight_strategy.py
[2024-09-18T17:41:58.829-0500] {processor.py:208} INFO - Processing /Users/binhpham/Projects/dbt_project/venv/lib/python3.9/site-packages/airflow/example_dags/plugins/decreasing_priority_weight_strategy.py took 0.056 seconds
[2024-09-18T17:43:24.529-0500] {processor.py:186} INFO - Started process (PID=25206) to work on /Users/binhpham/Projects/dbt_project/venv/lib/python3.9/site-packages/airflow/example_dags/plugins/decreasing_priority_weight_strategy.py
[2024-09-18T17:43:24.530-0500] {processor.py:914} INFO - Processing file /Users/binhpham/Projects/dbt_project/venv/lib/python3.9/site-packages/airflow/example_dags/plugins/decreasing_priority_weight_strategy.py for tasks to queue
[2024-09-18T17:43:24.531-0500] {logging_mixin.py:190} INFO - [2024-09-18T17:43:24.531-0500] {dagbag.py:587} INFO - Filling up the DagBag from /Users/binhpham/Projects/dbt_project/venv/lib/python3.9/site-packages/airflow/example_dags/plugins/decreasing_priority_weight_strategy.py
[2024-09-18T17:43:24.532-0500] {processor.py:927} WARNING - No viable dags retrieved from /Users/binhpham/Projects/dbt_project/venv/lib/python3.9/site-packages/airflow/example_dags/plugins/decreasing_priority_weight_strategy.py
[2024-09-18T17:43:24.581-0500] {processor.py:208} INFO - Processing /Users/binhpham/Projects/dbt_project/venv/lib/python3.9/site-packages/airflow/example_dags/plugins/decreasing_priority_weight_strategy.py took 0.054 seconds
[2024-09-18T17:44:48.649-0500] {processor.py:186} INFO - Started process (PID=25499) to work on /Users/binhpham/Projects/dbt_project/venv/lib/python3.9/site-packages/airflow/example_dags/plugins/decreasing_priority_weight_strategy.py
[2024-09-18T17:44:48.652-0500] {processor.py:914} INFO - Processing file /Users/binhpham/Projects/dbt_project/venv/lib/python3.9/site-packages/airflow/example_dags/plugins/decreasing_priority_weight_strategy.py for tasks to queue
[2024-09-18T17:44:48.652-0500] {logging_mixin.py:190} INFO - [2024-09-18T17:44:48.652-0500] {dagbag.py:587} INFO - Filling up the DagBag from /Users/binhpham/Projects/dbt_project/venv/lib/python3.9/site-packages/airflow/example_dags/plugins/decreasing_priority_weight_strategy.py
[2024-09-18T17:44:48.653-0500] {processor.py:927} WARNING - No viable dags retrieved from /Users/binhpham/Projects/dbt_project/venv/lib/python3.9/site-packages/airflow/example_dags/plugins/decreasing_priority_weight_strategy.py
[2024-09-18T17:44:48.704-0500] {processor.py:208} INFO - Processing /Users/binhpham/Projects/dbt_project/venv/lib/python3.9/site-packages/airflow/example_dags/plugins/decreasing_priority_weight_strategy.py took 0.057 seconds
