[2024-09-18T16:51:33.961-0500] {processor.py:186} INFO - Started process (PID=11695) to work on /Users/binhpham/Library/Python/3.9/lib/python/site-packages/airflow/example_dags/plugins/listener_plugin.py
[2024-09-18T16:51:33.962-0500] {processor.py:914} INFO - Processing file /Users/binhpham/Library/Python/3.9/lib/python/site-packages/airflow/example_dags/plugins/listener_plugin.py for tasks to queue
[2024-09-18T16:51:33.963-0500] {logging_mixin.py:190} INFO - [2024-09-18T16:51:33.963-0500] {dagbag.py:587} INFO - Filling up the DagBag from /Users/binhpham/Library/Python/3.9/lib/python/site-packages/airflow/example_dags/plugins/listener_plugin.py
[2024-09-18T16:51:33.964-0500] {processor.py:927} WARNING - No viable dags retrieved from /Users/binhpham/Library/Python/3.9/lib/python/site-packages/airflow/example_dags/plugins/listener_plugin.py
[2024-09-18T16:51:34.014-0500] {processor.py:208} INFO - Processing /Users/binhpham/Library/Python/3.9/lib/python/site-packages/airflow/example_dags/plugins/listener_plugin.py took 0.055 seconds
[2024-09-18T16:53:34.296-0500] {processor.py:186} INFO - Started process (PID=12172) to work on /Users/binhpham/Library/Python/3.9/lib/python/site-packages/airflow/example_dags/plugins/listener_plugin.py
[2024-09-18T16:53:34.299-0500] {processor.py:914} INFO - Processing file /Users/binhpham/Library/Python/3.9/lib/python/site-packages/airflow/example_dags/plugins/listener_plugin.py for tasks to queue
[2024-09-18T16:53:34.300-0500] {logging_mixin.py:190} INFO - [2024-09-18T16:53:34.300-0500] {dagbag.py:587} INFO - Filling up the DagBag from /Users/binhpham/Library/Python/3.9/lib/python/site-packages/airflow/example_dags/plugins/listener_plugin.py
[2024-09-18T16:53:34.301-0500] {processor.py:927} WARNING - No viable dags retrieved from /Users/binhpham/Library/Python/3.9/lib/python/site-packages/airflow/example_dags/plugins/listener_plugin.py
[2024-09-18T16:53:34.356-0500] {processor.py:208} INFO - Processing /Users/binhpham/Library/Python/3.9/lib/python/site-packages/airflow/example_dags/plugins/listener_plugin.py took 0.061 seconds
[2024-09-18T16:56:35.064-0500] {processor.py:186} INFO - Started process (PID=12789) to work on /Users/binhpham/Library/Python/3.9/lib/python/site-packages/airflow/example_dags/plugins/listener_plugin.py
[2024-09-18T16:56:35.067-0500] {processor.py:914} INFO - Processing file /Users/binhpham/Library/Python/3.9/lib/python/site-packages/airflow/example_dags/plugins/listener_plugin.py for tasks to queue
[2024-09-18T16:56:35.068-0500] {logging_mixin.py:190} INFO - [2024-09-18T16:56:35.067-0500] {dagbag.py:587} INFO - Filling up the DagBag from /Users/binhpham/Library/Python/3.9/lib/python/site-packages/airflow/example_dags/plugins/listener_plugin.py
[2024-09-18T16:56:35.069-0500] {processor.py:927} WARNING - No viable dags retrieved from /Users/binhpham/Library/Python/3.9/lib/python/site-packages/airflow/example_dags/plugins/listener_plugin.py
[2024-09-18T16:56:35.126-0500] {processor.py:208} INFO - Processing /Users/binhpham/Library/Python/3.9/lib/python/site-packages/airflow/example_dags/plugins/listener_plugin.py took 0.063 seconds
[2024-09-18T16:58:36.558-0500] {processor.py:186} INFO - Started process (PID=13194) to work on /Users/binhpham/Library/Python/3.9/lib/python/site-packages/airflow/example_dags/plugins/listener_plugin.py
[2024-09-18T16:58:36.560-0500] {processor.py:914} INFO - Processing file /Users/binhpham/Library/Python/3.9/lib/python/site-packages/airflow/example_dags/plugins/listener_plugin.py for tasks to queue
[2024-09-18T16:58:36.561-0500] {logging_mixin.py:190} INFO - [2024-09-18T16:58:36.561-0500] {dagbag.py:587} INFO - Filling up the DagBag from /Users/binhpham/Library/Python/3.9/lib/python/site-packages/airflow/example_dags/plugins/listener_plugin.py
[2024-09-18T16:58:36.563-0500] {processor.py:927} WARNING - No viable dags retrieved from /Users/binhpham/Library/Python/3.9/lib/python/site-packages/airflow/example_dags/plugins/listener_plugin.py
[2024-09-18T16:58:36.614-0500] {processor.py:208} INFO - Processing /Users/binhpham/Library/Python/3.9/lib/python/site-packages/airflow/example_dags/plugins/listener_plugin.py took 0.059 seconds
[2024-09-18T17:00:06.868-0500] {processor.py:186} INFO - Started process (PID=13480) to work on /Users/binhpham/Library/Python/3.9/lib/python/site-packages/airflow/example_dags/plugins/listener_plugin.py
[2024-09-18T17:00:06.869-0500] {processor.py:914} INFO - Processing file /Users/binhpham/Library/Python/3.9/lib/python/site-packages/airflow/example_dags/plugins/listener_plugin.py for tasks to queue
[2024-09-18T17:00:06.870-0500] {logging_mixin.py:190} INFO - [2024-09-18T17:00:06.870-0500] {dagbag.py:587} INFO - Filling up the DagBag from /Users/binhpham/Library/Python/3.9/lib/python/site-packages/airflow/example_dags/plugins/listener_plugin.py
[2024-09-18T17:00:06.871-0500] {processor.py:927} WARNING - No viable dags retrieved from /Users/binhpham/Library/Python/3.9/lib/python/site-packages/airflow/example_dags/plugins/listener_plugin.py
[2024-09-18T17:00:06.924-0500] {processor.py:208} INFO - Processing /Users/binhpham/Library/Python/3.9/lib/python/site-packages/airflow/example_dags/plugins/listener_plugin.py took 0.057 seconds
[2024-09-18T17:01:33.994-0500] {processor.py:186} INFO - Started process (PID=13777) to work on /Users/binhpham/Library/Python/3.9/lib/python/site-packages/airflow/example_dags/plugins/listener_plugin.py
[2024-09-18T17:01:33.995-0500] {processor.py:914} INFO - Processing file /Users/binhpham/Library/Python/3.9/lib/python/site-packages/airflow/example_dags/plugins/listener_plugin.py for tasks to queue
[2024-09-18T17:01:33.996-0500] {logging_mixin.py:190} INFO - [2024-09-18T17:01:33.996-0500] {dagbag.py:587} INFO - Filling up the DagBag from /Users/binhpham/Library/Python/3.9/lib/python/site-packages/airflow/example_dags/plugins/listener_plugin.py
[2024-09-18T17:01:33.997-0500] {processor.py:927} WARNING - No viable dags retrieved from /Users/binhpham/Library/Python/3.9/lib/python/site-packages/airflow/example_dags/plugins/listener_plugin.py
[2024-09-18T17:01:34.052-0500] {processor.py:208} INFO - Processing /Users/binhpham/Library/Python/3.9/lib/python/site-packages/airflow/example_dags/plugins/listener_plugin.py took 0.060 seconds
[2024-09-18T17:02:59.592-0500] {processor.py:186} INFO - Started process (PID=14065) to work on /Users/binhpham/Library/Python/3.9/lib/python/site-packages/airflow/example_dags/plugins/listener_plugin.py
[2024-09-18T17:02:59.594-0500] {processor.py:914} INFO - Processing file /Users/binhpham/Library/Python/3.9/lib/python/site-packages/airflow/example_dags/plugins/listener_plugin.py for tasks to queue
[2024-09-18T17:02:59.594-0500] {logging_mixin.py:190} INFO - [2024-09-18T17:02:59.594-0500] {dagbag.py:587} INFO - Filling up the DagBag from /Users/binhpham/Library/Python/3.9/lib/python/site-packages/airflow/example_dags/plugins/listener_plugin.py
[2024-09-18T17:02:59.596-0500] {processor.py:927} WARNING - No viable dags retrieved from /Users/binhpham/Library/Python/3.9/lib/python/site-packages/airflow/example_dags/plugins/listener_plugin.py
[2024-09-18T17:02:59.651-0500] {processor.py:208} INFO - Processing /Users/binhpham/Library/Python/3.9/lib/python/site-packages/airflow/example_dags/plugins/listener_plugin.py took 0.060 seconds
[2024-09-18T17:04:27.590-0500] {processor.py:186} INFO - Started process (PID=14370) to work on /Users/binhpham/Library/Python/3.9/lib/python/site-packages/airflow/example_dags/plugins/listener_plugin.py
[2024-09-18T17:04:27.592-0500] {processor.py:914} INFO - Processing file /Users/binhpham/Library/Python/3.9/lib/python/site-packages/airflow/example_dags/plugins/listener_plugin.py for tasks to queue
[2024-09-18T17:04:27.592-0500] {logging_mixin.py:190} INFO - [2024-09-18T17:04:27.592-0500] {dagbag.py:587} INFO - Filling up the DagBag from /Users/binhpham/Library/Python/3.9/lib/python/site-packages/airflow/example_dags/plugins/listener_plugin.py
[2024-09-18T17:04:27.593-0500] {processor.py:927} WARNING - No viable dags retrieved from /Users/binhpham/Library/Python/3.9/lib/python/site-packages/airflow/example_dags/plugins/listener_plugin.py
[2024-09-18T17:04:27.643-0500] {processor.py:208} INFO - Processing /Users/binhpham/Library/Python/3.9/lib/python/site-packages/airflow/example_dags/plugins/listener_plugin.py took 0.055 seconds
[2024-09-18T17:05:52.380-0500] {processor.py:186} INFO - Started process (PID=14686) to work on /Users/binhpham/Library/Python/3.9/lib/python/site-packages/airflow/example_dags/plugins/listener_plugin.py
[2024-09-18T17:05:52.381-0500] {processor.py:914} INFO - Processing file /Users/binhpham/Library/Python/3.9/lib/python/site-packages/airflow/example_dags/plugins/listener_plugin.py for tasks to queue
[2024-09-18T17:05:52.382-0500] {logging_mixin.py:190} INFO - [2024-09-18T17:05:52.382-0500] {dagbag.py:587} INFO - Filling up the DagBag from /Users/binhpham/Library/Python/3.9/lib/python/site-packages/airflow/example_dags/plugins/listener_plugin.py
[2024-09-18T17:05:52.383-0500] {processor.py:927} WARNING - No viable dags retrieved from /Users/binhpham/Library/Python/3.9/lib/python/site-packages/airflow/example_dags/plugins/listener_plugin.py
[2024-09-18T17:05:52.434-0500] {processor.py:208} INFO - Processing /Users/binhpham/Library/Python/3.9/lib/python/site-packages/airflow/example_dags/plugins/listener_plugin.py took 0.056 seconds
[2024-09-18T17:07:15.939-0500] {processor.py:186} INFO - Started process (PID=15007) to work on /Users/binhpham/Library/Python/3.9/lib/python/site-packages/airflow/example_dags/plugins/listener_plugin.py
[2024-09-18T17:07:15.941-0500] {processor.py:914} INFO - Processing file /Users/binhpham/Library/Python/3.9/lib/python/site-packages/airflow/example_dags/plugins/listener_plugin.py for tasks to queue
[2024-09-18T17:07:15.941-0500] {logging_mixin.py:190} INFO - [2024-09-18T17:07:15.941-0500] {dagbag.py:587} INFO - Filling up the DagBag from /Users/binhpham/Library/Python/3.9/lib/python/site-packages/airflow/example_dags/plugins/listener_plugin.py
[2024-09-18T17:07:15.942-0500] {processor.py:927} WARNING - No viable dags retrieved from /Users/binhpham/Library/Python/3.9/lib/python/site-packages/airflow/example_dags/plugins/listener_plugin.py
[2024-09-18T17:07:16.007-0500] {processor.py:208} INFO - Processing /Users/binhpham/Library/Python/3.9/lib/python/site-packages/airflow/example_dags/plugins/listener_plugin.py took 0.070 seconds
[2024-09-18T17:08:45.563-0500] {processor.py:186} INFO - Started process (PID=15322) to work on /Users/binhpham/Library/Python/3.9/lib/python/site-packages/airflow/example_dags/plugins/listener_plugin.py
[2024-09-18T17:08:45.565-0500] {processor.py:914} INFO - Processing file /Users/binhpham/Library/Python/3.9/lib/python/site-packages/airflow/example_dags/plugins/listener_plugin.py for tasks to queue
[2024-09-18T17:08:45.566-0500] {logging_mixin.py:190} INFO - [2024-09-18T17:08:45.566-0500] {dagbag.py:587} INFO - Filling up the DagBag from /Users/binhpham/Library/Python/3.9/lib/python/site-packages/airflow/example_dags/plugins/listener_plugin.py
[2024-09-18T17:08:45.567-0500] {processor.py:927} WARNING - No viable dags retrieved from /Users/binhpham/Library/Python/3.9/lib/python/site-packages/airflow/example_dags/plugins/listener_plugin.py
[2024-09-18T17:08:45.617-0500] {processor.py:208} INFO - Processing /Users/binhpham/Library/Python/3.9/lib/python/site-packages/airflow/example_dags/plugins/listener_plugin.py took 0.055 seconds
[2024-09-18T17:10:13.694-0500] {processor.py:186} INFO - Started process (PID=15610) to work on /Users/binhpham/Library/Python/3.9/lib/python/site-packages/airflow/example_dags/plugins/listener_plugin.py
[2024-09-18T17:10:13.696-0500] {processor.py:914} INFO - Processing file /Users/binhpham/Library/Python/3.9/lib/python/site-packages/airflow/example_dags/plugins/listener_plugin.py for tasks to queue
[2024-09-18T17:10:13.696-0500] {logging_mixin.py:190} INFO - [2024-09-18T17:10:13.696-0500] {dagbag.py:587} INFO - Filling up the DagBag from /Users/binhpham/Library/Python/3.9/lib/python/site-packages/airflow/example_dags/plugins/listener_plugin.py
[2024-09-18T17:10:13.697-0500] {processor.py:927} WARNING - No viable dags retrieved from /Users/binhpham/Library/Python/3.9/lib/python/site-packages/airflow/example_dags/plugins/listener_plugin.py
[2024-09-18T17:10:13.747-0500] {processor.py:208} INFO - Processing /Users/binhpham/Library/Python/3.9/lib/python/site-packages/airflow/example_dags/plugins/listener_plugin.py took 0.054 seconds
[2024-09-18T17:11:41.928-0500] {processor.py:186} INFO - Started process (PID=15933) to work on /Users/binhpham/Library/Python/3.9/lib/python/site-packages/airflow/example_dags/plugins/listener_plugin.py
[2024-09-18T17:11:41.930-0500] {processor.py:914} INFO - Processing file /Users/binhpham/Library/Python/3.9/lib/python/site-packages/airflow/example_dags/plugins/listener_plugin.py for tasks to queue
[2024-09-18T17:11:41.930-0500] {logging_mixin.py:190} INFO - [2024-09-18T17:11:41.930-0500] {dagbag.py:587} INFO - Filling up the DagBag from /Users/binhpham/Library/Python/3.9/lib/python/site-packages/airflow/example_dags/plugins/listener_plugin.py
[2024-09-18T17:11:41.931-0500] {processor.py:927} WARNING - No viable dags retrieved from /Users/binhpham/Library/Python/3.9/lib/python/site-packages/airflow/example_dags/plugins/listener_plugin.py
[2024-09-18T17:11:41.982-0500] {processor.py:208} INFO - Processing /Users/binhpham/Library/Python/3.9/lib/python/site-packages/airflow/example_dags/plugins/listener_plugin.py took 0.055 seconds
[2024-09-18T17:13:10.402-0500] {processor.py:186} INFO - Started process (PID=16257) to work on /Users/binhpham/Library/Python/3.9/lib/python/site-packages/airflow/example_dags/plugins/listener_plugin.py
[2024-09-18T17:13:10.403-0500] {processor.py:914} INFO - Processing file /Users/binhpham/Library/Python/3.9/lib/python/site-packages/airflow/example_dags/plugins/listener_plugin.py for tasks to queue
[2024-09-18T17:13:10.404-0500] {logging_mixin.py:190} INFO - [2024-09-18T17:13:10.404-0500] {dagbag.py:587} INFO - Filling up the DagBag from /Users/binhpham/Library/Python/3.9/lib/python/site-packages/airflow/example_dags/plugins/listener_plugin.py
[2024-09-18T17:13:10.405-0500] {processor.py:927} WARNING - No viable dags retrieved from /Users/binhpham/Library/Python/3.9/lib/python/site-packages/airflow/example_dags/plugins/listener_plugin.py
[2024-09-18T17:13:10.458-0500] {processor.py:208} INFO - Processing /Users/binhpham/Library/Python/3.9/lib/python/site-packages/airflow/example_dags/plugins/listener_plugin.py took 0.058 seconds
[2024-09-18T17:14:59.508-0500] {processor.py:186} INFO - Started process (PID=16748) to work on /Users/binhpham/Library/Python/3.9/lib/python/site-packages/airflow/example_dags/plugins/listener_plugin.py
[2024-09-18T17:14:59.509-0500] {processor.py:914} INFO - Processing file /Users/binhpham/Library/Python/3.9/lib/python/site-packages/airflow/example_dags/plugins/listener_plugin.py for tasks to queue
[2024-09-18T17:14:59.510-0500] {logging_mixin.py:190} INFO - [2024-09-18T17:14:59.510-0500] {dagbag.py:587} INFO - Filling up the DagBag from /Users/binhpham/Library/Python/3.9/lib/python/site-packages/airflow/example_dags/plugins/listener_plugin.py
[2024-09-18T17:14:59.511-0500] {processor.py:927} WARNING - No viable dags retrieved from /Users/binhpham/Library/Python/3.9/lib/python/site-packages/airflow/example_dags/plugins/listener_plugin.py
[2024-09-18T17:14:59.564-0500] {processor.py:208} INFO - Processing /Users/binhpham/Library/Python/3.9/lib/python/site-packages/airflow/example_dags/plugins/listener_plugin.py took 0.057 seconds
[2024-09-18T17:17:01.440-0500] {processor.py:186} INFO - Started process (PID=17231) to work on /Users/binhpham/Library/Python/3.9/lib/python/site-packages/airflow/example_dags/plugins/listener_plugin.py
[2024-09-18T17:17:01.442-0500] {processor.py:914} INFO - Processing file /Users/binhpham/Library/Python/3.9/lib/python/site-packages/airflow/example_dags/plugins/listener_plugin.py for tasks to queue
[2024-09-18T17:17:01.443-0500] {logging_mixin.py:190} INFO - [2024-09-18T17:17:01.443-0500] {dagbag.py:587} INFO - Filling up the DagBag from /Users/binhpham/Library/Python/3.9/lib/python/site-packages/airflow/example_dags/plugins/listener_plugin.py
[2024-09-18T17:17:01.444-0500] {processor.py:927} WARNING - No viable dags retrieved from /Users/binhpham/Library/Python/3.9/lib/python/site-packages/airflow/example_dags/plugins/listener_plugin.py
[2024-09-18T17:17:01.493-0500] {processor.py:208} INFO - Processing /Users/binhpham/Library/Python/3.9/lib/python/site-packages/airflow/example_dags/plugins/listener_plugin.py took 0.055 seconds
[2024-09-18T17:18:29.682-0500] {processor.py:186} INFO - Started process (PID=18089) to work on /Users/binhpham/Library/Python/3.9/lib/python/site-packages/airflow/example_dags/plugins/listener_plugin.py
[2024-09-18T17:18:29.683-0500] {processor.py:914} INFO - Processing file /Users/binhpham/Library/Python/3.9/lib/python/site-packages/airflow/example_dags/plugins/listener_plugin.py for tasks to queue
[2024-09-18T17:18:29.684-0500] {logging_mixin.py:190} INFO - [2024-09-18T17:18:29.684-0500] {dagbag.py:587} INFO - Filling up the DagBag from /Users/binhpham/Library/Python/3.9/lib/python/site-packages/airflow/example_dags/plugins/listener_plugin.py
[2024-09-18T17:18:29.685-0500] {processor.py:927} WARNING - No viable dags retrieved from /Users/binhpham/Library/Python/3.9/lib/python/site-packages/airflow/example_dags/plugins/listener_plugin.py
[2024-09-18T17:18:29.735-0500] {processor.py:208} INFO - Processing /Users/binhpham/Library/Python/3.9/lib/python/site-packages/airflow/example_dags/plugins/listener_plugin.py took 0.055 seconds
[2024-09-18T17:20:02.099-0500] {processor.py:186} INFO - Started process (PID=18403) to work on /Users/binhpham/Library/Python/3.9/lib/python/site-packages/airflow/example_dags/plugins/listener_plugin.py
[2024-09-18T17:20:02.102-0500] {processor.py:914} INFO - Processing file /Users/binhpham/Library/Python/3.9/lib/python/site-packages/airflow/example_dags/plugins/listener_plugin.py for tasks to queue
[2024-09-18T17:20:02.102-0500] {logging_mixin.py:190} INFO - [2024-09-18T17:20:02.102-0500] {dagbag.py:587} INFO - Filling up the DagBag from /Users/binhpham/Library/Python/3.9/lib/python/site-packages/airflow/example_dags/plugins/listener_plugin.py
[2024-09-18T17:20:02.104-0500] {processor.py:927} WARNING - No viable dags retrieved from /Users/binhpham/Library/Python/3.9/lib/python/site-packages/airflow/example_dags/plugins/listener_plugin.py
[2024-09-18T17:20:02.152-0500] {processor.py:208} INFO - Processing /Users/binhpham/Library/Python/3.9/lib/python/site-packages/airflow/example_dags/plugins/listener_plugin.py took 0.055 seconds
[2024-09-18T17:22:04.434-0500] {processor.py:186} INFO - Started process (PID=19440) to work on /Users/binhpham/Projects/dbt_project/venv/lib/python3.9/site-packages/airflow/example_dags/plugins/listener_plugin.py
[2024-09-18T17:22:04.437-0500] {processor.py:914} INFO - Processing file /Users/binhpham/Projects/dbt_project/venv/lib/python3.9/site-packages/airflow/example_dags/plugins/listener_plugin.py for tasks to queue
[2024-09-18T17:22:04.437-0500] {logging_mixin.py:190} INFO - [2024-09-18T17:22:04.437-0500] {dagbag.py:587} INFO - Filling up the DagBag from /Users/binhpham/Projects/dbt_project/venv/lib/python3.9/site-packages/airflow/example_dags/plugins/listener_plugin.py
[2024-09-18T17:22:04.438-0500] {processor.py:927} WARNING - No viable dags retrieved from /Users/binhpham/Projects/dbt_project/venv/lib/python3.9/site-packages/airflow/example_dags/plugins/listener_plugin.py
[2024-09-18T17:22:04.492-0500] {processor.py:208} INFO - Processing /Users/binhpham/Projects/dbt_project/venv/lib/python3.9/site-packages/airflow/example_dags/plugins/listener_plugin.py took 0.060 seconds
[2024-09-18T17:24:01.449-0500] {processor.py:186} INFO - Started process (PID=19866) to work on /Users/binhpham/Projects/dbt_project/venv/lib/python3.9/site-packages/airflow/example_dags/plugins/listener_plugin.py
[2024-09-18T17:24:01.450-0500] {processor.py:914} INFO - Processing file /Users/binhpham/Projects/dbt_project/venv/lib/python3.9/site-packages/airflow/example_dags/plugins/listener_plugin.py for tasks to queue
[2024-09-18T17:24:01.451-0500] {logging_mixin.py:190} INFO - [2024-09-18T17:24:01.451-0500] {dagbag.py:587} INFO - Filling up the DagBag from /Users/binhpham/Projects/dbt_project/venv/lib/python3.9/site-packages/airflow/example_dags/plugins/listener_plugin.py
[2024-09-18T17:24:01.452-0500] {processor.py:927} WARNING - No viable dags retrieved from /Users/binhpham/Projects/dbt_project/venv/lib/python3.9/site-packages/airflow/example_dags/plugins/listener_plugin.py
[2024-09-18T17:24:01.503-0500] {processor.py:208} INFO - Processing /Users/binhpham/Projects/dbt_project/venv/lib/python3.9/site-packages/airflow/example_dags/plugins/listener_plugin.py took 0.056 seconds
[2024-09-18T17:25:02.343-0500] {processor.py:186} INFO - Started process (PID=20120) to work on /Users/binhpham/Projects/dbt_project/venv/lib/python3.9/site-packages/airflow/example_dags/plugins/listener_plugin.py
[2024-09-18T17:25:02.345-0500] {processor.py:914} INFO - Processing file /Users/binhpham/Projects/dbt_project/venv/lib/python3.9/site-packages/airflow/example_dags/plugins/listener_plugin.py for tasks to queue
[2024-09-18T17:25:02.345-0500] {logging_mixin.py:190} INFO - [2024-09-18T17:25:02.345-0500] {dagbag.py:587} INFO - Filling up the DagBag from /Users/binhpham/Projects/dbt_project/venv/lib/python3.9/site-packages/airflow/example_dags/plugins/listener_plugin.py
[2024-09-18T17:25:02.346-0500] {processor.py:927} WARNING - No viable dags retrieved from /Users/binhpham/Projects/dbt_project/venv/lib/python3.9/site-packages/airflow/example_dags/plugins/listener_plugin.py
[2024-09-18T17:25:02.403-0500] {processor.py:208} INFO - Processing /Users/binhpham/Projects/dbt_project/venv/lib/python3.9/site-packages/airflow/example_dags/plugins/listener_plugin.py took 0.062 seconds
[2024-09-18T17:26:06.014-0500] {processor.py:186} INFO - Started process (PID=20360) to work on /Users/binhpham/Projects/dbt_project/venv/lib/python3.9/site-packages/airflow/example_dags/plugins/listener_plugin.py
[2024-09-18T17:26:06.016-0500] {processor.py:914} INFO - Processing file /Users/binhpham/Projects/dbt_project/venv/lib/python3.9/site-packages/airflow/example_dags/plugins/listener_plugin.py for tasks to queue
[2024-09-18T17:26:06.016-0500] {logging_mixin.py:190} INFO - [2024-09-18T17:26:06.016-0500] {dagbag.py:587} INFO - Filling up the DagBag from /Users/binhpham/Projects/dbt_project/venv/lib/python3.9/site-packages/airflow/example_dags/plugins/listener_plugin.py
[2024-09-18T17:26:06.017-0500] {processor.py:927} WARNING - No viable dags retrieved from /Users/binhpham/Projects/dbt_project/venv/lib/python3.9/site-packages/airflow/example_dags/plugins/listener_plugin.py
[2024-09-18T17:26:06.069-0500] {processor.py:208} INFO - Processing /Users/binhpham/Projects/dbt_project/venv/lib/python3.9/site-packages/airflow/example_dags/plugins/listener_plugin.py took 0.056 seconds
[2024-09-18T17:28:31.555-0500] {processor.py:186} INFO - Started process (PID=21011) to work on /Users/binhpham/Projects/dbt_project/venv/lib/python3.9/site-packages/airflow/example_dags/plugins/listener_plugin.py
[2024-09-18T17:28:31.558-0500] {processor.py:914} INFO - Processing file /Users/binhpham/Projects/dbt_project/venv/lib/python3.9/site-packages/airflow/example_dags/plugins/listener_plugin.py for tasks to queue
[2024-09-18T17:28:31.558-0500] {logging_mixin.py:190} INFO - [2024-09-18T17:28:31.558-0500] {dagbag.py:587} INFO - Filling up the DagBag from /Users/binhpham/Projects/dbt_project/venv/lib/python3.9/site-packages/airflow/example_dags/plugins/listener_plugin.py
[2024-09-18T17:28:31.560-0500] {processor.py:927} WARNING - No viable dags retrieved from /Users/binhpham/Projects/dbt_project/venv/lib/python3.9/site-packages/airflow/example_dags/plugins/listener_plugin.py
[2024-09-18T17:28:31.612-0500] {processor.py:208} INFO - Processing /Users/binhpham/Projects/dbt_project/venv/lib/python3.9/site-packages/airflow/example_dags/plugins/listener_plugin.py took 0.058 seconds
[2024-09-18T17:30:31.251-0500] {processor.py:186} INFO - Started process (PID=21900) to work on /Users/binhpham/Projects/dbt_project/venv/lib/python3.9/site-packages/airflow/example_dags/plugins/listener_plugin.py
[2024-09-18T17:30:31.253-0500] {processor.py:914} INFO - Processing file /Users/binhpham/Projects/dbt_project/venv/lib/python3.9/site-packages/airflow/example_dags/plugins/listener_plugin.py for tasks to queue
[2024-09-18T17:30:31.253-0500] {logging_mixin.py:190} INFO - [2024-09-18T17:30:31.253-0500] {dagbag.py:587} INFO - Filling up the DagBag from /Users/binhpham/Projects/dbt_project/venv/lib/python3.9/site-packages/airflow/example_dags/plugins/listener_plugin.py
[2024-09-18T17:30:31.254-0500] {processor.py:927} WARNING - No viable dags retrieved from /Users/binhpham/Projects/dbt_project/venv/lib/python3.9/site-packages/airflow/example_dags/plugins/listener_plugin.py
[2024-09-18T17:30:31.305-0500] {processor.py:208} INFO - Processing /Users/binhpham/Projects/dbt_project/venv/lib/python3.9/site-packages/airflow/example_dags/plugins/listener_plugin.py took 0.055 seconds
[2024-09-18T17:31:52.749-0500] {processor.py:186} INFO - Started process (PID=22662) to work on /Users/binhpham/Projects/dbt_project/venv/lib/python3.9/site-packages/airflow/example_dags/plugins/listener_plugin.py
[2024-09-18T17:31:52.751-0500] {processor.py:914} INFO - Processing file /Users/binhpham/Projects/dbt_project/venv/lib/python3.9/site-packages/airflow/example_dags/plugins/listener_plugin.py for tasks to queue
[2024-09-18T17:31:52.752-0500] {logging_mixin.py:190} INFO - [2024-09-18T17:31:52.752-0500] {dagbag.py:587} INFO - Filling up the DagBag from /Users/binhpham/Projects/dbt_project/venv/lib/python3.9/site-packages/airflow/example_dags/plugins/listener_plugin.py
[2024-09-18T17:31:52.753-0500] {processor.py:927} WARNING - No viable dags retrieved from /Users/binhpham/Projects/dbt_project/venv/lib/python3.9/site-packages/airflow/example_dags/plugins/listener_plugin.py
[2024-09-18T17:31:52.808-0500] {processor.py:208} INFO - Processing /Users/binhpham/Projects/dbt_project/venv/lib/python3.9/site-packages/airflow/example_dags/plugins/listener_plugin.py took 0.061 seconds
[2024-09-18T17:33:23.559-0500] {processor.py:186} INFO - Started process (PID=22996) to work on /Users/binhpham/Projects/dbt_project/venv/lib/python3.9/site-packages/airflow/example_dags/plugins/listener_plugin.py
[2024-09-18T17:33:23.562-0500] {processor.py:914} INFO - Processing file /Users/binhpham/Projects/dbt_project/venv/lib/python3.9/site-packages/airflow/example_dags/plugins/listener_plugin.py for tasks to queue
[2024-09-18T17:33:23.562-0500] {logging_mixin.py:190} INFO - [2024-09-18T17:33:23.562-0500] {dagbag.py:587} INFO - Filling up the DagBag from /Users/binhpham/Projects/dbt_project/venv/lib/python3.9/site-packages/airflow/example_dags/plugins/listener_plugin.py
[2024-09-18T17:33:23.563-0500] {processor.py:927} WARNING - No viable dags retrieved from /Users/binhpham/Projects/dbt_project/venv/lib/python3.9/site-packages/airflow/example_dags/plugins/listener_plugin.py
[2024-09-18T17:33:23.620-0500] {processor.py:208} INFO - Processing /Users/binhpham/Projects/dbt_project/venv/lib/python3.9/site-packages/airflow/example_dags/plugins/listener_plugin.py took 0.062 seconds
[2024-09-18T17:34:18.084-0500] {processor.py:186} INFO - Started process (PID=23194) to work on /Users/binhpham/Projects/dbt_project/venv/lib/python3.9/site-packages/airflow/example_dags/plugins/listener_plugin.py
[2024-09-18T17:34:18.087-0500] {processor.py:914} INFO - Processing file /Users/binhpham/Projects/dbt_project/venv/lib/python3.9/site-packages/airflow/example_dags/plugins/listener_plugin.py for tasks to queue
[2024-09-18T17:34:18.087-0500] {logging_mixin.py:190} INFO - [2024-09-18T17:34:18.087-0500] {dagbag.py:587} INFO - Filling up the DagBag from /Users/binhpham/Projects/dbt_project/venv/lib/python3.9/site-packages/airflow/example_dags/plugins/listener_plugin.py
[2024-09-18T17:34:18.088-0500] {processor.py:927} WARNING - No viable dags retrieved from /Users/binhpham/Projects/dbt_project/venv/lib/python3.9/site-packages/airflow/example_dags/plugins/listener_plugin.py
[2024-09-18T17:34:18.138-0500] {processor.py:208} INFO - Processing /Users/binhpham/Projects/dbt_project/venv/lib/python3.9/site-packages/airflow/example_dags/plugins/listener_plugin.py took 0.056 seconds
[2024-09-18T17:36:16.616-0500] {processor.py:186} INFO - Started process (PID=23833) to work on /Users/binhpham/Projects/dbt_project/venv/lib/python3.9/site-packages/airflow/example_dags/plugins/listener_plugin.py
[2024-09-18T17:36:16.618-0500] {processor.py:914} INFO - Processing file /Users/binhpham/Projects/dbt_project/venv/lib/python3.9/site-packages/airflow/example_dags/plugins/listener_plugin.py for tasks to queue
[2024-09-18T17:36:16.618-0500] {logging_mixin.py:190} INFO - [2024-09-18T17:36:16.618-0500] {dagbag.py:587} INFO - Filling up the DagBag from /Users/binhpham/Projects/dbt_project/venv/lib/python3.9/site-packages/airflow/example_dags/plugins/listener_plugin.py
[2024-09-18T17:36:16.619-0500] {processor.py:927} WARNING - No viable dags retrieved from /Users/binhpham/Projects/dbt_project/venv/lib/python3.9/site-packages/airflow/example_dags/plugins/listener_plugin.py
[2024-09-18T17:36:16.672-0500] {processor.py:208} INFO - Processing /Users/binhpham/Projects/dbt_project/venv/lib/python3.9/site-packages/airflow/example_dags/plugins/listener_plugin.py took 0.057 seconds
[2024-09-18T17:37:40.905-0500] {processor.py:186} INFO - Started process (PID=24094) to work on /Users/binhpham/Projects/dbt_project/venv/lib/python3.9/site-packages/airflow/example_dags/plugins/listener_plugin.py
[2024-09-18T17:37:40.907-0500] {processor.py:914} INFO - Processing file /Users/binhpham/Projects/dbt_project/venv/lib/python3.9/site-packages/airflow/example_dags/plugins/listener_plugin.py for tasks to queue
[2024-09-18T17:37:40.907-0500] {logging_mixin.py:190} INFO - [2024-09-18T17:37:40.907-0500] {dagbag.py:587} INFO - Filling up the DagBag from /Users/binhpham/Projects/dbt_project/venv/lib/python3.9/site-packages/airflow/example_dags/plugins/listener_plugin.py
[2024-09-18T17:37:40.908-0500] {processor.py:927} WARNING - No viable dags retrieved from /Users/binhpham/Projects/dbt_project/venv/lib/python3.9/site-packages/airflow/example_dags/plugins/listener_plugin.py
[2024-09-18T17:37:40.959-0500] {processor.py:208} INFO - Processing /Users/binhpham/Projects/dbt_project/venv/lib/python3.9/site-packages/airflow/example_dags/plugins/listener_plugin.py took 0.056 seconds
[2024-09-18T17:39:03.240-0500] {processor.py:186} INFO - Started process (PID=24352) to work on /Users/binhpham/Projects/dbt_project/venv/lib/python3.9/site-packages/airflow/example_dags/plugins/listener_plugin.py
[2024-09-18T17:39:03.242-0500] {processor.py:914} INFO - Processing file /Users/binhpham/Projects/dbt_project/venv/lib/python3.9/site-packages/airflow/example_dags/plugins/listener_plugin.py for tasks to queue
[2024-09-18T17:39:03.242-0500] {logging_mixin.py:190} INFO - [2024-09-18T17:39:03.242-0500] {dagbag.py:587} INFO - Filling up the DagBag from /Users/binhpham/Projects/dbt_project/venv/lib/python3.9/site-packages/airflow/example_dags/plugins/listener_plugin.py
[2024-09-18T17:39:03.243-0500] {processor.py:927} WARNING - No viable dags retrieved from /Users/binhpham/Projects/dbt_project/venv/lib/python3.9/site-packages/airflow/example_dags/plugins/listener_plugin.py
[2024-09-18T17:39:03.292-0500] {processor.py:208} INFO - Processing /Users/binhpham/Projects/dbt_project/venv/lib/python3.9/site-packages/airflow/example_dags/plugins/listener_plugin.py took 0.054 seconds
[2024-09-18T17:40:29.761-0500] {processor.py:186} INFO - Started process (PID=24631) to work on /Users/binhpham/Projects/dbt_project/venv/lib/python3.9/site-packages/airflow/example_dags/plugins/listener_plugin.py
[2024-09-18T17:40:29.763-0500] {processor.py:914} INFO - Processing file /Users/binhpham/Projects/dbt_project/venv/lib/python3.9/site-packages/airflow/example_dags/plugins/listener_plugin.py for tasks to queue
[2024-09-18T17:40:29.764-0500] {logging_mixin.py:190} INFO - [2024-09-18T17:40:29.764-0500] {dagbag.py:587} INFO - Filling up the DagBag from /Users/binhpham/Projects/dbt_project/venv/lib/python3.9/site-packages/airflow/example_dags/plugins/listener_plugin.py
[2024-09-18T17:40:29.765-0500] {processor.py:927} WARNING - No viable dags retrieved from /Users/binhpham/Projects/dbt_project/venv/lib/python3.9/site-packages/airflow/example_dags/plugins/listener_plugin.py
[2024-09-18T17:40:29.820-0500] {processor.py:208} INFO - Processing /Users/binhpham/Projects/dbt_project/venv/lib/python3.9/site-packages/airflow/example_dags/plugins/listener_plugin.py took 0.061 seconds
[2024-09-18T17:41:55.619-0500] {processor.py:186} INFO - Started process (PID=24898) to work on /Users/binhpham/Projects/dbt_project/venv/lib/python3.9/site-packages/airflow/example_dags/plugins/listener_plugin.py
[2024-09-18T17:41:55.622-0500] {processor.py:914} INFO - Processing file /Users/binhpham/Projects/dbt_project/venv/lib/python3.9/site-packages/airflow/example_dags/plugins/listener_plugin.py for tasks to queue
[2024-09-18T17:41:55.623-0500] {logging_mixin.py:190} INFO - [2024-09-18T17:41:55.623-0500] {dagbag.py:587} INFO - Filling up the DagBag from /Users/binhpham/Projects/dbt_project/venv/lib/python3.9/site-packages/airflow/example_dags/plugins/listener_plugin.py
[2024-09-18T17:41:55.625-0500] {processor.py:927} WARNING - No viable dags retrieved from /Users/binhpham/Projects/dbt_project/venv/lib/python3.9/site-packages/airflow/example_dags/plugins/listener_plugin.py
[2024-09-18T17:41:55.678-0500] {processor.py:208} INFO - Processing /Users/binhpham/Projects/dbt_project/venv/lib/python3.9/site-packages/airflow/example_dags/plugins/listener_plugin.py took 0.061 seconds
[2024-09-18T17:43:20.821-0500] {processor.py:186} INFO - Started process (PID=25191) to work on /Users/binhpham/Projects/dbt_project/venv/lib/python3.9/site-packages/airflow/example_dags/plugins/listener_plugin.py
[2024-09-18T17:43:20.823-0500] {processor.py:914} INFO - Processing file /Users/binhpham/Projects/dbt_project/venv/lib/python3.9/site-packages/airflow/example_dags/plugins/listener_plugin.py for tasks to queue
[2024-09-18T17:43:20.824-0500] {logging_mixin.py:190} INFO - [2024-09-18T17:43:20.824-0500] {dagbag.py:587} INFO - Filling up the DagBag from /Users/binhpham/Projects/dbt_project/venv/lib/python3.9/site-packages/airflow/example_dags/plugins/listener_plugin.py
[2024-09-18T17:43:20.825-0500] {processor.py:927} WARNING - No viable dags retrieved from /Users/binhpham/Projects/dbt_project/venv/lib/python3.9/site-packages/airflow/example_dags/plugins/listener_plugin.py
[2024-09-18T17:43:20.881-0500] {processor.py:208} INFO - Processing /Users/binhpham/Projects/dbt_project/venv/lib/python3.9/site-packages/airflow/example_dags/plugins/listener_plugin.py took 0.063 seconds
[2024-09-18T17:44:45.048-0500] {processor.py:186} INFO - Started process (PID=25487) to work on /Users/binhpham/Projects/dbt_project/venv/lib/python3.9/site-packages/airflow/example_dags/plugins/listener_plugin.py
[2024-09-18T17:44:45.051-0500] {processor.py:914} INFO - Processing file /Users/binhpham/Projects/dbt_project/venv/lib/python3.9/site-packages/airflow/example_dags/plugins/listener_plugin.py for tasks to queue
[2024-09-18T17:44:45.051-0500] {logging_mixin.py:190} INFO - [2024-09-18T17:44:45.051-0500] {dagbag.py:587} INFO - Filling up the DagBag from /Users/binhpham/Projects/dbt_project/venv/lib/python3.9/site-packages/airflow/example_dags/plugins/listener_plugin.py
[2024-09-18T17:44:45.052-0500] {processor.py:927} WARNING - No viable dags retrieved from /Users/binhpham/Projects/dbt_project/venv/lib/python3.9/site-packages/airflow/example_dags/plugins/listener_plugin.py
[2024-09-18T17:44:45.102-0500] {processor.py:208} INFO - Processing /Users/binhpham/Projects/dbt_project/venv/lib/python3.9/site-packages/airflow/example_dags/plugins/listener_plugin.py took 0.056 seconds
