[2024-09-18T16:51:32.460-0500] {processor.py:186} INFO - Started process (PID=11688) to work on /Users/binhpham/Library/Python/3.9/lib/python/site-packages/airflow/example_dags/plugins/workday.py
[2024-09-18T16:51:32.462-0500] {processor.py:914} INFO - Processing file /Users/binhpham/Library/Python/3.9/lib/python/site-packages/airflow/example_dags/plugins/workday.py for tasks to queue
[2024-09-18T16:51:32.462-0500] {logging_mixin.py:190} INFO - [2024-09-18T16:51:32.462-0500] {dagbag.py:587} INFO - Filling up the DagBag from /Users/binhpham/Library/Python/3.9/lib/python/site-packages/airflow/example_dags/plugins/workday.py
[2024-09-18T16:51:32.675-0500] {processor.py:927} WARNING - No viable dags retrieved from /Users/binhpham/Library/Python/3.9/lib/python/site-packages/airflow/example_dags/plugins/workday.py
[2024-09-18T16:51:32.727-0500] {processor.py:208} INFO - Processing /Users/binhpham/Library/Python/3.9/lib/python/site-packages/airflow/example_dags/plugins/workday.py took 0.268 seconds
[2024-09-18T16:53:31.780-0500] {processor.py:186} INFO - Started process (PID=12166) to work on /Users/binhpham/Library/Python/3.9/lib/python/site-packages/airflow/example_dags/plugins/workday.py
[2024-09-18T16:53:31.782-0500] {processor.py:914} INFO - Processing file /Users/binhpham/Library/Python/3.9/lib/python/site-packages/airflow/example_dags/plugins/workday.py for tasks to queue
[2024-09-18T16:53:31.783-0500] {logging_mixin.py:190} INFO - [2024-09-18T16:53:31.783-0500] {dagbag.py:587} INFO - Filling up the DagBag from /Users/binhpham/Library/Python/3.9/lib/python/site-packages/airflow/example_dags/plugins/workday.py
[2024-09-18T16:53:32.000-0500] {processor.py:927} WARNING - No viable dags retrieved from /Users/binhpham/Library/Python/3.9/lib/python/site-packages/airflow/example_dags/plugins/workday.py
[2024-09-18T16:53:32.051-0500] {processor.py:208} INFO - Processing /Users/binhpham/Library/Python/3.9/lib/python/site-packages/airflow/example_dags/plugins/workday.py took 0.273 seconds
[2024-09-18T16:56:33.333-0500] {processor.py:186} INFO - Started process (PID=12782) to work on /Users/binhpham/Library/Python/3.9/lib/python/site-packages/airflow/example_dags/plugins/workday.py
[2024-09-18T16:56:33.338-0500] {processor.py:914} INFO - Processing file /Users/binhpham/Library/Python/3.9/lib/python/site-packages/airflow/example_dags/plugins/workday.py for tasks to queue
[2024-09-18T16:56:33.339-0500] {logging_mixin.py:190} INFO - [2024-09-18T16:56:33.339-0500] {dagbag.py:587} INFO - Filling up the DagBag from /Users/binhpham/Library/Python/3.9/lib/python/site-packages/airflow/example_dags/plugins/workday.py
[2024-09-18T16:56:33.577-0500] {processor.py:927} WARNING - No viable dags retrieved from /Users/binhpham/Library/Python/3.9/lib/python/site-packages/airflow/example_dags/plugins/workday.py
[2024-09-18T16:56:33.630-0500] {processor.py:208} INFO - Processing /Users/binhpham/Library/Python/3.9/lib/python/site-packages/airflow/example_dags/plugins/workday.py took 0.298 seconds
[2024-09-18T16:58:33.904-0500] {processor.py:186} INFO - Started process (PID=13183) to work on /Users/binhpham/Library/Python/3.9/lib/python/site-packages/airflow/example_dags/plugins/workday.py
[2024-09-18T16:58:33.907-0500] {processor.py:914} INFO - Processing file /Users/binhpham/Library/Python/3.9/lib/python/site-packages/airflow/example_dags/plugins/workday.py for tasks to queue
[2024-09-18T16:58:33.907-0500] {logging_mixin.py:190} INFO - [2024-09-18T16:58:33.907-0500] {dagbag.py:587} INFO - Filling up the DagBag from /Users/binhpham/Library/Python/3.9/lib/python/site-packages/airflow/example_dags/plugins/workday.py
[2024-09-18T16:58:34.186-0500] {processor.py:927} WARNING - No viable dags retrieved from /Users/binhpham/Library/Python/3.9/lib/python/site-packages/airflow/example_dags/plugins/workday.py
[2024-09-18T16:58:34.242-0500] {processor.py:208} INFO - Processing /Users/binhpham/Library/Python/3.9/lib/python/site-packages/airflow/example_dags/plugins/workday.py took 0.340 seconds
[2024-09-18T17:00:04.940-0500] {processor.py:186} INFO - Started process (PID=13474) to work on /Users/binhpham/Library/Python/3.9/lib/python/site-packages/airflow/example_dags/plugins/workday.py
[2024-09-18T17:00:04.942-0500] {processor.py:914} INFO - Processing file /Users/binhpham/Library/Python/3.9/lib/python/site-packages/airflow/example_dags/plugins/workday.py for tasks to queue
[2024-09-18T17:00:04.943-0500] {logging_mixin.py:190} INFO - [2024-09-18T17:00:04.942-0500] {dagbag.py:587} INFO - Filling up the DagBag from /Users/binhpham/Library/Python/3.9/lib/python/site-packages/airflow/example_dags/plugins/workday.py
[2024-09-18T17:00:05.172-0500] {processor.py:927} WARNING - No viable dags retrieved from /Users/binhpham/Library/Python/3.9/lib/python/site-packages/airflow/example_dags/plugins/workday.py
[2024-09-18T17:00:05.224-0500] {processor.py:208} INFO - Processing /Users/binhpham/Library/Python/3.9/lib/python/site-packages/airflow/example_dags/plugins/workday.py took 0.285 seconds
[2024-09-18T17:01:31.503-0500] {processor.py:186} INFO - Started process (PID=13764) to work on /Users/binhpham/Library/Python/3.9/lib/python/site-packages/airflow/example_dags/plugins/workday.py
[2024-09-18T17:01:31.504-0500] {processor.py:914} INFO - Processing file /Users/binhpham/Library/Python/3.9/lib/python/site-packages/airflow/example_dags/plugins/workday.py for tasks to queue
[2024-09-18T17:01:31.505-0500] {logging_mixin.py:190} INFO - [2024-09-18T17:01:31.505-0500] {dagbag.py:587} INFO - Filling up the DagBag from /Users/binhpham/Library/Python/3.9/lib/python/site-packages/airflow/example_dags/plugins/workday.py
[2024-09-18T17:01:31.719-0500] {processor.py:927} WARNING - No viable dags retrieved from /Users/binhpham/Library/Python/3.9/lib/python/site-packages/airflow/example_dags/plugins/workday.py
[2024-09-18T17:01:31.770-0500] {processor.py:208} INFO - Processing /Users/binhpham/Library/Python/3.9/lib/python/site-packages/airflow/example_dags/plugins/workday.py took 0.269 seconds
[2024-09-18T17:02:57.851-0500] {processor.py:186} INFO - Started process (PID=14059) to work on /Users/binhpham/Library/Python/3.9/lib/python/site-packages/airflow/example_dags/plugins/workday.py
[2024-09-18T17:02:57.852-0500] {processor.py:914} INFO - Processing file /Users/binhpham/Library/Python/3.9/lib/python/site-packages/airflow/example_dags/plugins/workday.py for tasks to queue
[2024-09-18T17:02:57.853-0500] {logging_mixin.py:190} INFO - [2024-09-18T17:02:57.853-0500] {dagbag.py:587} INFO - Filling up the DagBag from /Users/binhpham/Library/Python/3.9/lib/python/site-packages/airflow/example_dags/plugins/workday.py
[2024-09-18T17:02:58.082-0500] {processor.py:927} WARNING - No viable dags retrieved from /Users/binhpham/Library/Python/3.9/lib/python/site-packages/airflow/example_dags/plugins/workday.py
[2024-09-18T17:02:58.135-0500] {processor.py:208} INFO - Processing /Users/binhpham/Library/Python/3.9/lib/python/site-packages/airflow/example_dags/plugins/workday.py took 0.286 seconds
[2024-09-18T17:04:25.783-0500] {processor.py:186} INFO - Started process (PID=14363) to work on /Users/binhpham/Library/Python/3.9/lib/python/site-packages/airflow/example_dags/plugins/workday.py
[2024-09-18T17:04:25.785-0500] {processor.py:914} INFO - Processing file /Users/binhpham/Library/Python/3.9/lib/python/site-packages/airflow/example_dags/plugins/workday.py for tasks to queue
[2024-09-18T17:04:25.785-0500] {logging_mixin.py:190} INFO - [2024-09-18T17:04:25.785-0500] {dagbag.py:587} INFO - Filling up the DagBag from /Users/binhpham/Library/Python/3.9/lib/python/site-packages/airflow/example_dags/plugins/workday.py
[2024-09-18T17:04:26.009-0500] {processor.py:927} WARNING - No viable dags retrieved from /Users/binhpham/Library/Python/3.9/lib/python/site-packages/airflow/example_dags/plugins/workday.py
[2024-09-18T17:04:26.059-0500] {processor.py:208} INFO - Processing /Users/binhpham/Library/Python/3.9/lib/python/site-packages/airflow/example_dags/plugins/workday.py took 0.278 seconds
[2024-09-18T17:05:50.593-0500] {processor.py:186} INFO - Started process (PID=14680) to work on /Users/binhpham/Library/Python/3.9/lib/python/site-packages/airflow/example_dags/plugins/workday.py
[2024-09-18T17:05:50.595-0500] {processor.py:914} INFO - Processing file /Users/binhpham/Library/Python/3.9/lib/python/site-packages/airflow/example_dags/plugins/workday.py for tasks to queue
[2024-09-18T17:05:50.595-0500] {logging_mixin.py:190} INFO - [2024-09-18T17:05:50.595-0500] {dagbag.py:587} INFO - Filling up the DagBag from /Users/binhpham/Library/Python/3.9/lib/python/site-packages/airflow/example_dags/plugins/workday.py
[2024-09-18T17:05:50.807-0500] {processor.py:927} WARNING - No viable dags retrieved from /Users/binhpham/Library/Python/3.9/lib/python/site-packages/airflow/example_dags/plugins/workday.py
[2024-09-18T17:05:50.857-0500] {processor.py:208} INFO - Processing /Users/binhpham/Library/Python/3.9/lib/python/site-packages/airflow/example_dags/plugins/workday.py took 0.265 seconds
[2024-09-18T17:07:13.378-0500] {processor.py:186} INFO - Started process (PID=15001) to work on /Users/binhpham/Library/Python/3.9/lib/python/site-packages/airflow/example_dags/plugins/workday.py
[2024-09-18T17:07:13.380-0500] {processor.py:914} INFO - Processing file /Users/binhpham/Library/Python/3.9/lib/python/site-packages/airflow/example_dags/plugins/workday.py for tasks to queue
[2024-09-18T17:07:13.380-0500] {logging_mixin.py:190} INFO - [2024-09-18T17:07:13.380-0500] {dagbag.py:587} INFO - Filling up the DagBag from /Users/binhpham/Library/Python/3.9/lib/python/site-packages/airflow/example_dags/plugins/workday.py
[2024-09-18T17:07:13.608-0500] {processor.py:927} WARNING - No viable dags retrieved from /Users/binhpham/Library/Python/3.9/lib/python/site-packages/airflow/example_dags/plugins/workday.py
[2024-09-18T17:07:13.664-0500] {processor.py:208} INFO - Processing /Users/binhpham/Library/Python/3.9/lib/python/site-packages/airflow/example_dags/plugins/workday.py took 0.288 seconds
[2024-09-18T17:08:43.786-0500] {processor.py:186} INFO - Started process (PID=15316) to work on /Users/binhpham/Library/Python/3.9/lib/python/site-packages/airflow/example_dags/plugins/workday.py
[2024-09-18T17:08:43.787-0500] {processor.py:914} INFO - Processing file /Users/binhpham/Library/Python/3.9/lib/python/site-packages/airflow/example_dags/plugins/workday.py for tasks to queue
[2024-09-18T17:08:43.788-0500] {logging_mixin.py:190} INFO - [2024-09-18T17:08:43.788-0500] {dagbag.py:587} INFO - Filling up the DagBag from /Users/binhpham/Library/Python/3.9/lib/python/site-packages/airflow/example_dags/plugins/workday.py
[2024-09-18T17:08:44.000-0500] {processor.py:927} WARNING - No viable dags retrieved from /Users/binhpham/Library/Python/3.9/lib/python/site-packages/airflow/example_dags/plugins/workday.py
[2024-09-18T17:08:44.052-0500] {processor.py:208} INFO - Processing /Users/binhpham/Library/Python/3.9/lib/python/site-packages/airflow/example_dags/plugins/workday.py took 0.268 seconds
[2024-09-18T17:10:11.876-0500] {processor.py:186} INFO - Started process (PID=15604) to work on /Users/binhpham/Library/Python/3.9/lib/python/site-packages/airflow/example_dags/plugins/workday.py
[2024-09-18T17:10:11.878-0500] {processor.py:914} INFO - Processing file /Users/binhpham/Library/Python/3.9/lib/python/site-packages/airflow/example_dags/plugins/workday.py for tasks to queue
[2024-09-18T17:10:11.878-0500] {logging_mixin.py:190} INFO - [2024-09-18T17:10:11.878-0500] {dagbag.py:587} INFO - Filling up the DagBag from /Users/binhpham/Library/Python/3.9/lib/python/site-packages/airflow/example_dags/plugins/workday.py
[2024-09-18T17:10:12.090-0500] {processor.py:927} WARNING - No viable dags retrieved from /Users/binhpham/Library/Python/3.9/lib/python/site-packages/airflow/example_dags/plugins/workday.py
[2024-09-18T17:10:12.141-0500] {processor.py:208} INFO - Processing /Users/binhpham/Library/Python/3.9/lib/python/site-packages/airflow/example_dags/plugins/workday.py took 0.266 seconds
[2024-09-18T17:11:40.192-0500] {processor.py:186} INFO - Started process (PID=15925) to work on /Users/binhpham/Library/Python/3.9/lib/python/site-packages/airflow/example_dags/plugins/workday.py
[2024-09-18T17:11:40.194-0500] {processor.py:914} INFO - Processing file /Users/binhpham/Library/Python/3.9/lib/python/site-packages/airflow/example_dags/plugins/workday.py for tasks to queue
[2024-09-18T17:11:40.194-0500] {logging_mixin.py:190} INFO - [2024-09-18T17:11:40.194-0500] {dagbag.py:587} INFO - Filling up the DagBag from /Users/binhpham/Library/Python/3.9/lib/python/site-packages/airflow/example_dags/plugins/workday.py
[2024-09-18T17:11:40.432-0500] {processor.py:927} WARNING - No viable dags retrieved from /Users/binhpham/Library/Python/3.9/lib/python/site-packages/airflow/example_dags/plugins/workday.py
[2024-09-18T17:11:40.484-0500] {processor.py:208} INFO - Processing /Users/binhpham/Library/Python/3.9/lib/python/site-packages/airflow/example_dags/plugins/workday.py took 0.293 seconds
[2024-09-18T17:13:08.179-0500] {processor.py:186} INFO - Started process (PID=16249) to work on /Users/binhpham/Library/Python/3.9/lib/python/site-packages/airflow/example_dags/plugins/workday.py
[2024-09-18T17:13:08.181-0500] {processor.py:914} INFO - Processing file /Users/binhpham/Library/Python/3.9/lib/python/site-packages/airflow/example_dags/plugins/workday.py for tasks to queue
[2024-09-18T17:13:08.181-0500] {logging_mixin.py:190} INFO - [2024-09-18T17:13:08.181-0500] {dagbag.py:587} INFO - Filling up the DagBag from /Users/binhpham/Library/Python/3.9/lib/python/site-packages/airflow/example_dags/plugins/workday.py
[2024-09-18T17:13:08.397-0500] {processor.py:927} WARNING - No viable dags retrieved from /Users/binhpham/Library/Python/3.9/lib/python/site-packages/airflow/example_dags/plugins/workday.py
[2024-09-18T17:13:08.448-0500] {processor.py:208} INFO - Processing /Users/binhpham/Library/Python/3.9/lib/python/site-packages/airflow/example_dags/plugins/workday.py took 0.271 seconds
[2024-09-18T17:14:57.003-0500] {processor.py:186} INFO - Started process (PID=16734) to work on /Users/binhpham/Library/Python/3.9/lib/python/site-packages/airflow/example_dags/plugins/workday.py
[2024-09-18T17:14:57.005-0500] {processor.py:914} INFO - Processing file /Users/binhpham/Library/Python/3.9/lib/python/site-packages/airflow/example_dags/plugins/workday.py for tasks to queue
[2024-09-18T17:14:57.005-0500] {logging_mixin.py:190} INFO - [2024-09-18T17:14:57.005-0500] {dagbag.py:587} INFO - Filling up the DagBag from /Users/binhpham/Library/Python/3.9/lib/python/site-packages/airflow/example_dags/plugins/workday.py
[2024-09-18T17:14:57.228-0500] {processor.py:927} WARNING - No viable dags retrieved from /Users/binhpham/Library/Python/3.9/lib/python/site-packages/airflow/example_dags/plugins/workday.py
[2024-09-18T17:14:57.283-0500] {processor.py:208} INFO - Processing /Users/binhpham/Library/Python/3.9/lib/python/site-packages/airflow/example_dags/plugins/workday.py took 0.281 seconds
[2024-09-18T17:16:59.633-0500] {processor.py:186} INFO - Started process (PID=17225) to work on /Users/binhpham/Library/Python/3.9/lib/python/site-packages/airflow/example_dags/plugins/workday.py
[2024-09-18T17:16:59.635-0500] {processor.py:914} INFO - Processing file /Users/binhpham/Library/Python/3.9/lib/python/site-packages/airflow/example_dags/plugins/workday.py for tasks to queue
[2024-09-18T17:16:59.636-0500] {logging_mixin.py:190} INFO - [2024-09-18T17:16:59.636-0500] {dagbag.py:587} INFO - Filling up the DagBag from /Users/binhpham/Library/Python/3.9/lib/python/site-packages/airflow/example_dags/plugins/workday.py
[2024-09-18T17:16:59.857-0500] {processor.py:927} WARNING - No viable dags retrieved from /Users/binhpham/Library/Python/3.9/lib/python/site-packages/airflow/example_dags/plugins/workday.py
[2024-09-18T17:16:59.907-0500] {processor.py:208} INFO - Processing /Users/binhpham/Library/Python/3.9/lib/python/site-packages/airflow/example_dags/plugins/workday.py took 0.276 seconds
[2024-09-18T17:18:27.925-0500] {processor.py:186} INFO - Started process (PID=18088) to work on /Users/binhpham/Library/Python/3.9/lib/python/site-packages/airflow/example_dags/plugins/workday.py
[2024-09-18T17:18:27.926-0500] {processor.py:914} INFO - Processing file /Users/binhpham/Library/Python/3.9/lib/python/site-packages/airflow/example_dags/plugins/workday.py for tasks to queue
[2024-09-18T17:18:27.927-0500] {logging_mixin.py:190} INFO - [2024-09-18T17:18:27.927-0500] {dagbag.py:587} INFO - Filling up the DagBag from /Users/binhpham/Library/Python/3.9/lib/python/site-packages/airflow/example_dags/plugins/workday.py
[2024-09-18T17:18:28.141-0500] {processor.py:927} WARNING - No viable dags retrieved from /Users/binhpham/Library/Python/3.9/lib/python/site-packages/airflow/example_dags/plugins/workday.py
[2024-09-18T17:18:28.191-0500] {processor.py:208} INFO - Processing /Users/binhpham/Library/Python/3.9/lib/python/site-packages/airflow/example_dags/plugins/workday.py took 0.268 seconds
[2024-09-18T17:19:59.573-0500] {processor.py:186} INFO - Started process (PID=18397) to work on /Users/binhpham/Library/Python/3.9/lib/python/site-packages/airflow/example_dags/plugins/workday.py
[2024-09-18T17:19:59.576-0500] {processor.py:914} INFO - Processing file /Users/binhpham/Library/Python/3.9/lib/python/site-packages/airflow/example_dags/plugins/workday.py for tasks to queue
[2024-09-18T17:19:59.577-0500] {logging_mixin.py:190} INFO - [2024-09-18T17:19:59.577-0500] {dagbag.py:587} INFO - Filling up the DagBag from /Users/binhpham/Library/Python/3.9/lib/python/site-packages/airflow/example_dags/plugins/workday.py
[2024-09-18T17:19:59.825-0500] {processor.py:927} WARNING - No viable dags retrieved from /Users/binhpham/Library/Python/3.9/lib/python/site-packages/airflow/example_dags/plugins/workday.py
[2024-09-18T17:19:59.877-0500] {processor.py:208} INFO - Processing /Users/binhpham/Library/Python/3.9/lib/python/site-packages/airflow/example_dags/plugins/workday.py took 0.305 seconds
[2024-09-18T17:22:02.413-0500] {processor.py:186} INFO - Started process (PID=19431) to work on /Users/binhpham/Projects/dbt_project/venv/lib/python3.9/site-packages/airflow/example_dags/plugins/workday.py
[2024-09-18T17:22:02.416-0500] {processor.py:914} INFO - Processing file /Users/binhpham/Projects/dbt_project/venv/lib/python3.9/site-packages/airflow/example_dags/plugins/workday.py for tasks to queue
[2024-09-18T17:22:02.416-0500] {logging_mixin.py:190} INFO - [2024-09-18T17:22:02.416-0500] {dagbag.py:587} INFO - Filling up the DagBag from /Users/binhpham/Projects/dbt_project/venv/lib/python3.9/site-packages/airflow/example_dags/plugins/workday.py
[2024-09-18T17:22:02.417-0500] {logging_mixin.py:190} INFO - [2024-09-18T17:22:02.417-0500] {workday.py:41} WARNING - Could not import pandas. Holidays will not be considered.
[2024-09-18T17:22:02.417-0500] {processor.py:927} WARNING - No viable dags retrieved from /Users/binhpham/Projects/dbt_project/venv/lib/python3.9/site-packages/airflow/example_dags/plugins/workday.py
[2024-09-18T17:22:02.469-0500] {processor.py:208} INFO - Processing /Users/binhpham/Projects/dbt_project/venv/lib/python3.9/site-packages/airflow/example_dags/plugins/workday.py took 0.058 seconds
[2024-09-18T17:23:59.418-0500] {processor.py:186} INFO - Started process (PID=19859) to work on /Users/binhpham/Projects/dbt_project/venv/lib/python3.9/site-packages/airflow/example_dags/plugins/workday.py
[2024-09-18T17:23:59.421-0500] {processor.py:914} INFO - Processing file /Users/binhpham/Projects/dbt_project/venv/lib/python3.9/site-packages/airflow/example_dags/plugins/workday.py for tasks to queue
[2024-09-18T17:23:59.421-0500] {logging_mixin.py:190} INFO - [2024-09-18T17:23:59.421-0500] {dagbag.py:587} INFO - Filling up the DagBag from /Users/binhpham/Projects/dbt_project/venv/lib/python3.9/site-packages/airflow/example_dags/plugins/workday.py
[2024-09-18T17:23:59.422-0500] {logging_mixin.py:190} INFO - [2024-09-18T17:23:59.422-0500] {workday.py:41} WARNING - Could not import pandas. Holidays will not be considered.
[2024-09-18T17:23:59.422-0500] {processor.py:927} WARNING - No viable dags retrieved from /Users/binhpham/Projects/dbt_project/venv/lib/python3.9/site-packages/airflow/example_dags/plugins/workday.py
[2024-09-18T17:23:59.472-0500] {processor.py:208} INFO - Processing /Users/binhpham/Projects/dbt_project/venv/lib/python3.9/site-packages/airflow/example_dags/plugins/workday.py took 0.055 seconds
[2024-09-18T17:24:44.060-0500] {processor.py:186} INFO - Started process (PID=20047) to work on /Users/binhpham/Projects/dbt_project/venv/lib/python3.9/site-packages/airflow/example_dags/plugins/workday.py
[2024-09-18T17:24:44.061-0500] {processor.py:914} INFO - Processing file /Users/binhpham/Projects/dbt_project/venv/lib/python3.9/site-packages/airflow/example_dags/plugins/workday.py for tasks to queue
[2024-09-18T17:24:44.062-0500] {logging_mixin.py:190} INFO - [2024-09-18T17:24:44.062-0500] {dagbag.py:587} INFO - Filling up the DagBag from /Users/binhpham/Projects/dbt_project/venv/lib/python3.9/site-packages/airflow/example_dags/plugins/workday.py
[2024-09-18T17:24:44.063-0500] {logging_mixin.py:190} INFO - [2024-09-18T17:24:44.063-0500] {workday.py:41} WARNING - Could not import pandas. Holidays will not be considered.
[2024-09-18T17:24:44.063-0500] {processor.py:927} WARNING - No viable dags retrieved from /Users/binhpham/Projects/dbt_project/venv/lib/python3.9/site-packages/airflow/example_dags/plugins/workday.py
[2024-09-18T17:24:44.119-0500] {processor.py:208} INFO - Processing /Users/binhpham/Projects/dbt_project/venv/lib/python3.9/site-packages/airflow/example_dags/plugins/workday.py took 0.061 seconds
[2024-09-18T17:25:00.253-0500] {processor.py:186} INFO - Started process (PID=20113) to work on /Users/binhpham/Projects/dbt_project/venv/lib/python3.9/site-packages/airflow/example_dags/plugins/workday.py
[2024-09-18T17:25:00.255-0500] {processor.py:914} INFO - Processing file /Users/binhpham/Projects/dbt_project/venv/lib/python3.9/site-packages/airflow/example_dags/plugins/workday.py for tasks to queue
[2024-09-18T17:25:00.255-0500] {logging_mixin.py:190} INFO - [2024-09-18T17:25:00.255-0500] {dagbag.py:587} INFO - Filling up the DagBag from /Users/binhpham/Projects/dbt_project/venv/lib/python3.9/site-packages/airflow/example_dags/plugins/workday.py
[2024-09-18T17:25:00.256-0500] {logging_mixin.py:190} INFO - [2024-09-18T17:25:00.256-0500] {workday.py:41} WARNING - Could not import pandas. Holidays will not be considered.
[2024-09-18T17:25:00.256-0500] {processor.py:927} WARNING - No viable dags retrieved from /Users/binhpham/Projects/dbt_project/venv/lib/python3.9/site-packages/airflow/example_dags/plugins/workday.py
[2024-09-18T17:25:00.311-0500] {processor.py:208} INFO - Processing /Users/binhpham/Projects/dbt_project/venv/lib/python3.9/site-packages/airflow/example_dags/plugins/workday.py took 0.060 seconds
[2024-09-18T17:26:03.992-0500] {processor.py:186} INFO - Started process (PID=20354) to work on /Users/binhpham/Projects/dbt_project/venv/lib/python3.9/site-packages/airflow/example_dags/plugins/workday.py
[2024-09-18T17:26:03.994-0500] {processor.py:914} INFO - Processing file /Users/binhpham/Projects/dbt_project/venv/lib/python3.9/site-packages/airflow/example_dags/plugins/workday.py for tasks to queue
[2024-09-18T17:26:03.994-0500] {logging_mixin.py:190} INFO - [2024-09-18T17:26:03.994-0500] {dagbag.py:587} INFO - Filling up the DagBag from /Users/binhpham/Projects/dbt_project/venv/lib/python3.9/site-packages/airflow/example_dags/plugins/workday.py
[2024-09-18T17:26:03.995-0500] {logging_mixin.py:190} INFO - [2024-09-18T17:26:03.995-0500] {workday.py:41} WARNING - Could not import pandas. Holidays will not be considered.
[2024-09-18T17:26:03.995-0500] {processor.py:927} WARNING - No viable dags retrieved from /Users/binhpham/Projects/dbt_project/venv/lib/python3.9/site-packages/airflow/example_dags/plugins/workday.py
[2024-09-18T17:26:04.045-0500] {processor.py:208} INFO - Processing /Users/binhpham/Projects/dbt_project/venv/lib/python3.9/site-packages/airflow/example_dags/plugins/workday.py took 0.055 seconds
[2024-09-18T17:28:29.378-0500] {processor.py:186} INFO - Started process (PID=20997) to work on /Users/binhpham/Projects/dbt_project/venv/lib/python3.9/site-packages/airflow/example_dags/plugins/workday.py
[2024-09-18T17:28:29.380-0500] {processor.py:914} INFO - Processing file /Users/binhpham/Projects/dbt_project/venv/lib/python3.9/site-packages/airflow/example_dags/plugins/workday.py for tasks to queue
[2024-09-18T17:28:29.381-0500] {logging_mixin.py:190} INFO - [2024-09-18T17:28:29.381-0500] {dagbag.py:587} INFO - Filling up the DagBag from /Users/binhpham/Projects/dbt_project/venv/lib/python3.9/site-packages/airflow/example_dags/plugins/workday.py
[2024-09-18T17:28:29.563-0500] {processor.py:927} WARNING - No viable dags retrieved from /Users/binhpham/Projects/dbt_project/venv/lib/python3.9/site-packages/airflow/example_dags/plugins/workday.py
[2024-09-18T17:28:29.654-0500] {processor.py:208} INFO - Processing /Users/binhpham/Projects/dbt_project/venv/lib/python3.9/site-packages/airflow/example_dags/plugins/workday.py took 0.278 seconds
[2024-09-18T17:30:29.004-0500] {processor.py:186} INFO - Started process (PID=21892) to work on /Users/binhpham/Projects/dbt_project/venv/lib/python3.9/site-packages/airflow/example_dags/plugins/workday.py
[2024-09-18T17:30:29.006-0500] {processor.py:914} INFO - Processing file /Users/binhpham/Projects/dbt_project/venv/lib/python3.9/site-packages/airflow/example_dags/plugins/workday.py for tasks to queue
[2024-09-18T17:30:29.006-0500] {logging_mixin.py:190} INFO - [2024-09-18T17:30:29.006-0500] {dagbag.py:587} INFO - Filling up the DagBag from /Users/binhpham/Projects/dbt_project/venv/lib/python3.9/site-packages/airflow/example_dags/plugins/workday.py
[2024-09-18T17:30:29.176-0500] {processor.py:927} WARNING - No viable dags retrieved from /Users/binhpham/Projects/dbt_project/venv/lib/python3.9/site-packages/airflow/example_dags/plugins/workday.py
[2024-09-18T17:30:29.258-0500] {processor.py:208} INFO - Processing /Users/binhpham/Projects/dbt_project/venv/lib/python3.9/site-packages/airflow/example_dags/plugins/workday.py took 0.255 seconds
[2024-09-18T17:31:50.739-0500] {processor.py:186} INFO - Started process (PID=22655) to work on /Users/binhpham/Projects/dbt_project/venv/lib/python3.9/site-packages/airflow/example_dags/plugins/workday.py
[2024-09-18T17:31:50.741-0500] {processor.py:914} INFO - Processing file /Users/binhpham/Projects/dbt_project/venv/lib/python3.9/site-packages/airflow/example_dags/plugins/workday.py for tasks to queue
[2024-09-18T17:31:50.742-0500] {logging_mixin.py:190} INFO - [2024-09-18T17:31:50.742-0500] {dagbag.py:587} INFO - Filling up the DagBag from /Users/binhpham/Projects/dbt_project/venv/lib/python3.9/site-packages/airflow/example_dags/plugins/workday.py
[2024-09-18T17:31:50.913-0500] {processor.py:927} WARNING - No viable dags retrieved from /Users/binhpham/Projects/dbt_project/venv/lib/python3.9/site-packages/airflow/example_dags/plugins/workday.py
[2024-09-18T17:31:50.998-0500] {processor.py:208} INFO - Processing /Users/binhpham/Projects/dbt_project/venv/lib/python3.9/site-packages/airflow/example_dags/plugins/workday.py took 0.261 seconds
[2024-09-18T17:33:17.940-0500] {processor.py:186} INFO - Started process (PID=22973) to work on /Users/binhpham/Projects/dbt_project/venv/lib/python3.9/site-packages/airflow/example_dags/plugins/workday.py
[2024-09-18T17:33:17.942-0500] {processor.py:914} INFO - Processing file /Users/binhpham/Projects/dbt_project/venv/lib/python3.9/site-packages/airflow/example_dags/plugins/workday.py for tasks to queue
[2024-09-18T17:33:17.943-0500] {logging_mixin.py:190} INFO - [2024-09-18T17:33:17.943-0500] {dagbag.py:587} INFO - Filling up the DagBag from /Users/binhpham/Projects/dbt_project/venv/lib/python3.9/site-packages/airflow/example_dags/plugins/workday.py
[2024-09-18T17:33:18.128-0500] {processor.py:927} WARNING - No viable dags retrieved from /Users/binhpham/Projects/dbt_project/venv/lib/python3.9/site-packages/airflow/example_dags/plugins/workday.py
[2024-09-18T17:33:18.223-0500] {processor.py:208} INFO - Processing /Users/binhpham/Projects/dbt_project/venv/lib/python3.9/site-packages/airflow/example_dags/plugins/workday.py took 0.284 seconds
[2024-09-18T17:34:15.833-0500] {processor.py:186} INFO - Started process (PID=23186) to work on /Users/binhpham/Projects/dbt_project/venv/lib/python3.9/site-packages/airflow/example_dags/plugins/workday.py
[2024-09-18T17:34:15.836-0500] {processor.py:914} INFO - Processing file /Users/binhpham/Projects/dbt_project/venv/lib/python3.9/site-packages/airflow/example_dags/plugins/workday.py for tasks to queue
[2024-09-18T17:34:15.836-0500] {logging_mixin.py:190} INFO - [2024-09-18T17:34:15.836-0500] {dagbag.py:587} INFO - Filling up the DagBag from /Users/binhpham/Projects/dbt_project/venv/lib/python3.9/site-packages/airflow/example_dags/plugins/workday.py
[2024-09-18T17:34:16.010-0500] {processor.py:927} WARNING - No viable dags retrieved from /Users/binhpham/Projects/dbt_project/venv/lib/python3.9/site-packages/airflow/example_dags/plugins/workday.py
[2024-09-18T17:34:16.097-0500] {processor.py:208} INFO - Processing /Users/binhpham/Projects/dbt_project/venv/lib/python3.9/site-packages/airflow/example_dags/plugins/workday.py took 0.265 seconds
[2024-09-18T17:36:14.315-0500] {processor.py:186} INFO - Started process (PID=23826) to work on /Users/binhpham/Projects/dbt_project/venv/lib/python3.9/site-packages/airflow/example_dags/plugins/workday.py
[2024-09-18T17:36:14.317-0500] {processor.py:914} INFO - Processing file /Users/binhpham/Projects/dbt_project/venv/lib/python3.9/site-packages/airflow/example_dags/plugins/workday.py for tasks to queue
[2024-09-18T17:36:14.317-0500] {logging_mixin.py:190} INFO - [2024-09-18T17:36:14.317-0500] {dagbag.py:587} INFO - Filling up the DagBag from /Users/binhpham/Projects/dbt_project/venv/lib/python3.9/site-packages/airflow/example_dags/plugins/workday.py
[2024-09-18T17:36:14.499-0500] {processor.py:927} WARNING - No viable dags retrieved from /Users/binhpham/Projects/dbt_project/venv/lib/python3.9/site-packages/airflow/example_dags/plugins/workday.py
[2024-09-18T17:36:14.587-0500] {processor.py:208} INFO - Processing /Users/binhpham/Projects/dbt_project/venv/lib/python3.9/site-packages/airflow/example_dags/plugins/workday.py took 0.273 seconds
[2024-09-18T17:37:38.633-0500] {processor.py:186} INFO - Started process (PID=24086) to work on /Users/binhpham/Projects/dbt_project/venv/lib/python3.9/site-packages/airflow/example_dags/plugins/workday.py
[2024-09-18T17:37:38.634-0500] {processor.py:914} INFO - Processing file /Users/binhpham/Projects/dbt_project/venv/lib/python3.9/site-packages/airflow/example_dags/plugins/workday.py for tasks to queue
[2024-09-18T17:37:38.635-0500] {logging_mixin.py:190} INFO - [2024-09-18T17:37:38.635-0500] {dagbag.py:587} INFO - Filling up the DagBag from /Users/binhpham/Projects/dbt_project/venv/lib/python3.9/site-packages/airflow/example_dags/plugins/workday.py
[2024-09-18T17:37:38.815-0500] {processor.py:927} WARNING - No viable dags retrieved from /Users/binhpham/Projects/dbt_project/venv/lib/python3.9/site-packages/airflow/example_dags/plugins/workday.py
[2024-09-18T17:37:38.899-0500] {processor.py:208} INFO - Processing /Users/binhpham/Projects/dbt_project/venv/lib/python3.9/site-packages/airflow/example_dags/plugins/workday.py took 0.268 seconds
[2024-09-18T17:39:00.997-0500] {processor.py:186} INFO - Started process (PID=24346) to work on /Users/binhpham/Projects/dbt_project/venv/lib/python3.9/site-packages/airflow/example_dags/plugins/workday.py
[2024-09-18T17:39:00.998-0500] {processor.py:914} INFO - Processing file /Users/binhpham/Projects/dbt_project/venv/lib/python3.9/site-packages/airflow/example_dags/plugins/workday.py for tasks to queue
[2024-09-18T17:39:00.999-0500] {logging_mixin.py:190} INFO - [2024-09-18T17:39:00.998-0500] {dagbag.py:587} INFO - Filling up the DagBag from /Users/binhpham/Projects/dbt_project/venv/lib/python3.9/site-packages/airflow/example_dags/plugins/workday.py
[2024-09-18T17:39:01.172-0500] {processor.py:927} WARNING - No viable dags retrieved from /Users/binhpham/Projects/dbt_project/venv/lib/python3.9/site-packages/airflow/example_dags/plugins/workday.py
[2024-09-18T17:39:01.255-0500] {processor.py:208} INFO - Processing /Users/binhpham/Projects/dbt_project/venv/lib/python3.9/site-packages/airflow/example_dags/plugins/workday.py took 0.260 seconds
[2024-09-18T17:40:27.828-0500] {processor.py:186} INFO - Started process (PID=24627) to work on /Users/binhpham/Projects/dbt_project/venv/lib/python3.9/site-packages/airflow/example_dags/plugins/workday.py
[2024-09-18T17:40:27.830-0500] {processor.py:914} INFO - Processing file /Users/binhpham/Projects/dbt_project/venv/lib/python3.9/site-packages/airflow/example_dags/plugins/workday.py for tasks to queue
[2024-09-18T17:40:27.831-0500] {logging_mixin.py:190} INFO - [2024-09-18T17:40:27.831-0500] {dagbag.py:587} INFO - Filling up the DagBag from /Users/binhpham/Projects/dbt_project/venv/lib/python3.9/site-packages/airflow/example_dags/plugins/workday.py
[2024-09-18T17:40:28.016-0500] {processor.py:927} WARNING - No viable dags retrieved from /Users/binhpham/Projects/dbt_project/venv/lib/python3.9/site-packages/airflow/example_dags/plugins/workday.py
[2024-09-18T17:40:28.104-0500] {processor.py:208} INFO - Processing /Users/binhpham/Projects/dbt_project/venv/lib/python3.9/site-packages/airflow/example_dags/plugins/workday.py took 0.278 seconds
[2024-09-18T17:41:53.285-0500] {processor.py:186} INFO - Started process (PID=24892) to work on /Users/binhpham/Projects/dbt_project/venv/lib/python3.9/site-packages/airflow/example_dags/plugins/workday.py
[2024-09-18T17:41:53.287-0500] {processor.py:914} INFO - Processing file /Users/binhpham/Projects/dbt_project/venv/lib/python3.9/site-packages/airflow/example_dags/plugins/workday.py for tasks to queue
[2024-09-18T17:41:53.287-0500] {logging_mixin.py:190} INFO - [2024-09-18T17:41:53.287-0500] {dagbag.py:587} INFO - Filling up the DagBag from /Users/binhpham/Projects/dbt_project/venv/lib/python3.9/site-packages/airflow/example_dags/plugins/workday.py
[2024-09-18T17:41:53.485-0500] {processor.py:927} WARNING - No viable dags retrieved from /Users/binhpham/Projects/dbt_project/venv/lib/python3.9/site-packages/airflow/example_dags/plugins/workday.py
[2024-09-18T17:41:53.576-0500] {processor.py:208} INFO - Processing /Users/binhpham/Projects/dbt_project/venv/lib/python3.9/site-packages/airflow/example_dags/plugins/workday.py took 0.293 seconds
[2024-09-18T17:43:18.523-0500] {processor.py:186} INFO - Started process (PID=25184) to work on /Users/binhpham/Projects/dbt_project/venv/lib/python3.9/site-packages/airflow/example_dags/plugins/workday.py
[2024-09-18T17:43:18.525-0500] {processor.py:914} INFO - Processing file /Users/binhpham/Projects/dbt_project/venv/lib/python3.9/site-packages/airflow/example_dags/plugins/workday.py for tasks to queue
[2024-09-18T17:43:18.526-0500] {logging_mixin.py:190} INFO - [2024-09-18T17:43:18.526-0500] {dagbag.py:587} INFO - Filling up the DagBag from /Users/binhpham/Projects/dbt_project/venv/lib/python3.9/site-packages/airflow/example_dags/plugins/workday.py
[2024-09-18T17:43:18.706-0500] {processor.py:927} WARNING - No viable dags retrieved from /Users/binhpham/Projects/dbt_project/venv/lib/python3.9/site-packages/airflow/example_dags/plugins/workday.py
[2024-09-18T17:43:18.800-0500] {processor.py:208} INFO - Processing /Users/binhpham/Projects/dbt_project/venv/lib/python3.9/site-packages/airflow/example_dags/plugins/workday.py took 0.279 seconds
[2024-09-18T17:44:42.705-0500] {processor.py:186} INFO - Started process (PID=25480) to work on /Users/binhpham/Projects/dbt_project/venv/lib/python3.9/site-packages/airflow/example_dags/plugins/workday.py
[2024-09-18T17:44:42.706-0500] {processor.py:914} INFO - Processing file /Users/binhpham/Projects/dbt_project/venv/lib/python3.9/site-packages/airflow/example_dags/plugins/workday.py for tasks to queue
[2024-09-18T17:44:42.707-0500] {logging_mixin.py:190} INFO - [2024-09-18T17:44:42.707-0500] {dagbag.py:587} INFO - Filling up the DagBag from /Users/binhpham/Projects/dbt_project/venv/lib/python3.9/site-packages/airflow/example_dags/plugins/workday.py
[2024-09-18T17:44:42.890-0500] {processor.py:927} WARNING - No viable dags retrieved from /Users/binhpham/Projects/dbt_project/venv/lib/python3.9/site-packages/airflow/example_dags/plugins/workday.py
[2024-09-18T17:44:42.977-0500] {processor.py:208} INFO - Processing /Users/binhpham/Projects/dbt_project/venv/lib/python3.9/site-packages/airflow/example_dags/plugins/workday.py took 0.274 seconds
