[2024-09-19T10:21:04.398-0500] {processor.py:186} INFO - Started process (PID=12368) to work on /Users/binhpham/Projects/dbt_project/venv/lib/python3.9/site-packages/airflow/example_dags/example_xcom.py
[2024-09-19T10:21:04.400-0500] {processor.py:914} INFO - Processing file /Users/binhpham/Projects/dbt_project/venv/lib/python3.9/site-packages/airflow/example_dags/example_xcom.py for tasks to queue
[2024-09-19T10:21:04.400-0500] {logging_mixin.py:190} INFO - [2024-09-19T10:21:04.400-0500] {dagbag.py:587} INFO - Filling up the DagBag from /Users/binhpham/Projects/dbt_project/venv/lib/python3.9/site-packages/airflow/example_dags/example_xcom.py
[2024-09-19T10:21:04.418-0500] {processor.py:925} INFO - DAG(s) 'example_xcom' retrieved from /Users/binhpham/Projects/dbt_project/venv/lib/python3.9/site-packages/airflow/example_dags/example_xcom.py
[2024-09-19T10:21:04.465-0500] {logging_mixin.py:190} INFO - [2024-09-19T10:21:04.465-0500] {dag.py:3229} INFO - Sync 1 DAGs
[2024-09-19T10:21:04.473-0500] {logging_mixin.py:190} INFO - [2024-09-19T10:21:04.473-0500] {dag.py:4156} INFO - Setting next_dagrun for example_xcom to 2021-01-01 00:00:00+00:00, run_after=2021-01-01 00:00:00+00:00
[2024-09-19T10:21:04.481-0500] {processor.py:208} INFO - Processing /Users/binhpham/Projects/dbt_project/venv/lib/python3.9/site-packages/airflow/example_dags/example_xcom.py took 0.084 seconds
[2024-09-19T10:22:47.396-0500] {processor.py:186} INFO - Started process (PID=13091) to work on /Users/binhpham/Projects/dbt_project/venv/lib/python3.9/site-packages/airflow/example_dags/example_xcom.py
[2024-09-19T10:22:47.398-0500] {processor.py:914} INFO - Processing file /Users/binhpham/Projects/dbt_project/venv/lib/python3.9/site-packages/airflow/example_dags/example_xcom.py for tasks to queue
[2024-09-19T10:22:47.398-0500] {logging_mixin.py:190} INFO - [2024-09-19T10:22:47.398-0500] {dagbag.py:587} INFO - Filling up the DagBag from /Users/binhpham/Projects/dbt_project/venv/lib/python3.9/site-packages/airflow/example_dags/example_xcom.py
[2024-09-19T10:22:47.414-0500] {processor.py:925} INFO - DAG(s) 'example_xcom' retrieved from /Users/binhpham/Projects/dbt_project/venv/lib/python3.9/site-packages/airflow/example_dags/example_xcom.py
[2024-09-19T10:22:47.456-0500] {logging_mixin.py:190} INFO - [2024-09-19T10:22:47.456-0500] {dag.py:3229} INFO - Sync 1 DAGs
[2024-09-19T10:22:47.463-0500] {logging_mixin.py:190} INFO - [2024-09-19T10:22:47.463-0500] {dag.py:4156} INFO - Setting next_dagrun for example_xcom to 2021-01-01 00:00:00+00:00, run_after=2021-01-01 00:00:00+00:00
[2024-09-19T10:22:47.470-0500] {processor.py:208} INFO - Processing /Users/binhpham/Projects/dbt_project/venv/lib/python3.9/site-packages/airflow/example_dags/example_xcom.py took 0.076 seconds
[2024-09-19T10:23:59.190-0500] {processor.py:186} INFO - Started process (PID=13442) to work on /Users/binhpham/Projects/dbt_project/venv/lib/python3.9/site-packages/airflow/example_dags/example_xcom.py
[2024-09-19T10:23:59.192-0500] {processor.py:914} INFO - Processing file /Users/binhpham/Projects/dbt_project/venv/lib/python3.9/site-packages/airflow/example_dags/example_xcom.py for tasks to queue
[2024-09-19T10:23:59.192-0500] {logging_mixin.py:190} INFO - [2024-09-19T10:23:59.192-0500] {dagbag.py:587} INFO - Filling up the DagBag from /Users/binhpham/Projects/dbt_project/venv/lib/python3.9/site-packages/airflow/example_dags/example_xcom.py
[2024-09-19T10:23:59.207-0500] {processor.py:925} INFO - DAG(s) 'example_xcom' retrieved from /Users/binhpham/Projects/dbt_project/venv/lib/python3.9/site-packages/airflow/example_dags/example_xcom.py
[2024-09-19T10:23:59.248-0500] {logging_mixin.py:190} INFO - [2024-09-19T10:23:59.248-0500] {dag.py:3229} INFO - Sync 1 DAGs
[2024-09-19T10:23:59.254-0500] {logging_mixin.py:190} INFO - [2024-09-19T10:23:59.254-0500] {dag.py:4156} INFO - Setting next_dagrun for example_xcom to 2021-01-01 00:00:00+00:00, run_after=2021-01-01 00:00:00+00:00
[2024-09-19T10:23:59.261-0500] {processor.py:208} INFO - Processing /Users/binhpham/Projects/dbt_project/venv/lib/python3.9/site-packages/airflow/example_dags/example_xcom.py took 0.073 seconds
