[2024-09-19T10:21:23.687-0500] {processor.py:186} INFO - Started process (PID=12436) to work on /Users/binhpham/Projects/dbt_project/venv/lib/python3.9/site-packages/airflow/example_dags/example_short_circuit_operator.py
[2024-09-19T10:21:23.688-0500] {processor.py:914} INFO - Processing file /Users/binhpham/Projects/dbt_project/venv/lib/python3.9/site-packages/airflow/example_dags/example_short_circuit_operator.py for tasks to queue
[2024-09-19T10:21:23.689-0500] {logging_mixin.py:190} INFO - [2024-09-19T10:21:23.688-0500] {dagbag.py:587} INFO - Filling up the DagBag from /Users/binhpham/Projects/dbt_project/venv/lib/python3.9/site-packages/airflow/example_dags/example_short_circuit_operator.py
[2024-09-19T10:21:23.699-0500] {processor.py:925} INFO - DAG(s) 'example_short_circuit_operator' retrieved from /Users/binhpham/Projects/dbt_project/venv/lib/python3.9/site-packages/airflow/example_dags/example_short_circuit_operator.py
[2024-09-19T10:21:23.744-0500] {logging_mixin.py:190} INFO - [2024-09-19T10:21:23.744-0500] {dag.py:3229} INFO - Sync 1 DAGs
[2024-09-19T10:21:23.750-0500] {logging_mixin.py:190} INFO - [2024-09-19T10:21:23.750-0500] {dag.py:4156} INFO - Setting next_dagrun for example_short_circuit_operator to None, run_after=None
[2024-09-19T10:21:23.757-0500] {processor.py:208} INFO - Processing /Users/binhpham/Projects/dbt_project/venv/lib/python3.9/site-packages/airflow/example_dags/example_short_circuit_operator.py took 0.071 seconds
[2024-09-19T10:23:05.185-0500] {processor.py:186} INFO - Started process (PID=13148) to work on /Users/binhpham/Projects/dbt_project/venv/lib/python3.9/site-packages/airflow/example_dags/example_short_circuit_operator.py
[2024-09-19T10:23:05.187-0500] {processor.py:914} INFO - Processing file /Users/binhpham/Projects/dbt_project/venv/lib/python3.9/site-packages/airflow/example_dags/example_short_circuit_operator.py for tasks to queue
[2024-09-19T10:23:05.187-0500] {logging_mixin.py:190} INFO - [2024-09-19T10:23:05.187-0500] {dagbag.py:587} INFO - Filling up the DagBag from /Users/binhpham/Projects/dbt_project/venv/lib/python3.9/site-packages/airflow/example_dags/example_short_circuit_operator.py
[2024-09-19T10:23:05.197-0500] {processor.py:925} INFO - DAG(s) 'example_short_circuit_operator' retrieved from /Users/binhpham/Projects/dbt_project/venv/lib/python3.9/site-packages/airflow/example_dags/example_short_circuit_operator.py
[2024-09-19T10:23:05.242-0500] {logging_mixin.py:190} INFO - [2024-09-19T10:23:05.242-0500] {dag.py:3229} INFO - Sync 1 DAGs
[2024-09-19T10:23:05.247-0500] {logging_mixin.py:190} INFO - [2024-09-19T10:23:05.247-0500] {dag.py:4156} INFO - Setting next_dagrun for example_short_circuit_operator to None, run_after=None
[2024-09-19T10:23:05.255-0500] {processor.py:208} INFO - Processing /Users/binhpham/Projects/dbt_project/venv/lib/python3.9/site-packages/airflow/example_dags/example_short_circuit_operator.py took 0.071 seconds
[2024-09-19T10:24:17.556-0500] {processor.py:186} INFO - Started process (PID=13499) to work on /Users/binhpham/Projects/dbt_project/venv/lib/python3.9/site-packages/airflow/example_dags/example_short_circuit_operator.py
[2024-09-19T10:24:17.558-0500] {processor.py:914} INFO - Processing file /Users/binhpham/Projects/dbt_project/venv/lib/python3.9/site-packages/airflow/example_dags/example_short_circuit_operator.py for tasks to queue
[2024-09-19T10:24:17.559-0500] {logging_mixin.py:190} INFO - [2024-09-19T10:24:17.559-0500] {dagbag.py:587} INFO - Filling up the DagBag from /Users/binhpham/Projects/dbt_project/venv/lib/python3.9/site-packages/airflow/example_dags/example_short_circuit_operator.py
[2024-09-19T10:24:17.569-0500] {processor.py:925} INFO - DAG(s) 'example_short_circuit_operator' retrieved from /Users/binhpham/Projects/dbt_project/venv/lib/python3.9/site-packages/airflow/example_dags/example_short_circuit_operator.py
[2024-09-19T10:24:17.611-0500] {logging_mixin.py:190} INFO - [2024-09-19T10:24:17.611-0500] {dag.py:3229} INFO - Sync 1 DAGs
[2024-09-19T10:24:17.616-0500] {logging_mixin.py:190} INFO - [2024-09-19T10:24:17.616-0500] {dag.py:4156} INFO - Setting next_dagrun for example_short_circuit_operator to None, run_after=None
[2024-09-19T10:24:17.623-0500] {processor.py:208} INFO - Processing /Users/binhpham/Projects/dbt_project/venv/lib/python3.9/site-packages/airflow/example_dags/example_short_circuit_operator.py took 0.068 seconds
