[2024-09-19T10:21:10.384-0500] {processor.py:186} INFO - Started process (PID=12389) to work on /Users/binhpham/Projects/dbt_project/venv/lib/python3.9/site-packages/airflow/example_dags/example_trigger_controller_dag.py
[2024-09-19T10:21:10.385-0500] {processor.py:914} INFO - Processing file /Users/binhpham/Projects/dbt_project/venv/lib/python3.9/site-packages/airflow/example_dags/example_trigger_controller_dag.py for tasks to queue
[2024-09-19T10:21:10.385-0500] {logging_mixin.py:190} INFO - [2024-09-19T10:21:10.385-0500] {dagbag.py:587} INFO - Filling up the DagBag from /Users/binhpham/Projects/dbt_project/venv/lib/python3.9/site-packages/airflow/example_dags/example_trigger_controller_dag.py
[2024-09-19T10:21:10.391-0500] {processor.py:925} INFO - DAG(s) 'example_trigger_controller_dag' retrieved from /Users/binhpham/Projects/dbt_project/venv/lib/python3.9/site-packages/airflow/example_dags/example_trigger_controller_dag.py
[2024-09-19T10:21:10.430-0500] {logging_mixin.py:190} INFO - [2024-09-19T10:21:10.430-0500] {dag.py:3229} INFO - Sync 1 DAGs
[2024-09-19T10:21:10.437-0500] {logging_mixin.py:190} INFO - [2024-09-19T10:21:10.437-0500] {dag.py:4156} INFO - Setting next_dagrun for example_trigger_controller_dag to 2021-01-01 00:00:00+00:00, run_after=2021-01-01 00:00:00+00:00
[2024-09-19T10:21:10.445-0500] {processor.py:208} INFO - Processing /Users/binhpham/Projects/dbt_project/venv/lib/python3.9/site-packages/airflow/example_dags/example_trigger_controller_dag.py took 0.063 seconds
[2024-09-19T10:22:52.412-0500] {processor.py:186} INFO - Started process (PID=13109) to work on /Users/binhpham/Projects/dbt_project/venv/lib/python3.9/site-packages/airflow/example_dags/example_trigger_controller_dag.py
[2024-09-19T10:22:52.413-0500] {processor.py:914} INFO - Processing file /Users/binhpham/Projects/dbt_project/venv/lib/python3.9/site-packages/airflow/example_dags/example_trigger_controller_dag.py for tasks to queue
[2024-09-19T10:22:52.413-0500] {logging_mixin.py:190} INFO - [2024-09-19T10:22:52.413-0500] {dagbag.py:587} INFO - Filling up the DagBag from /Users/binhpham/Projects/dbt_project/venv/lib/python3.9/site-packages/airflow/example_dags/example_trigger_controller_dag.py
[2024-09-19T10:22:52.418-0500] {processor.py:925} INFO - DAG(s) 'example_trigger_controller_dag' retrieved from /Users/binhpham/Projects/dbt_project/venv/lib/python3.9/site-packages/airflow/example_dags/example_trigger_controller_dag.py
[2024-09-19T10:22:52.461-0500] {logging_mixin.py:190} INFO - [2024-09-19T10:22:52.461-0500] {dag.py:3229} INFO - Sync 1 DAGs
[2024-09-19T10:22:52.468-0500] {logging_mixin.py:190} INFO - [2024-09-19T10:22:52.468-0500] {dag.py:4156} INFO - Setting next_dagrun for example_trigger_controller_dag to 2021-01-01 00:00:00+00:00, run_after=2021-01-01 00:00:00+00:00
[2024-09-19T10:22:52.476-0500] {processor.py:208} INFO - Processing /Users/binhpham/Projects/dbt_project/venv/lib/python3.9/site-packages/airflow/example_dags/example_trigger_controller_dag.py took 0.066 seconds
[2024-09-19T10:24:04.300-0500] {processor.py:186} INFO - Started process (PID=13460) to work on /Users/binhpham/Projects/dbt_project/venv/lib/python3.9/site-packages/airflow/example_dags/example_trigger_controller_dag.py
[2024-09-19T10:24:04.302-0500] {processor.py:914} INFO - Processing file /Users/binhpham/Projects/dbt_project/venv/lib/python3.9/site-packages/airflow/example_dags/example_trigger_controller_dag.py for tasks to queue
[2024-09-19T10:24:04.302-0500] {logging_mixin.py:190} INFO - [2024-09-19T10:24:04.302-0500] {dagbag.py:587} INFO - Filling up the DagBag from /Users/binhpham/Projects/dbt_project/venv/lib/python3.9/site-packages/airflow/example_dags/example_trigger_controller_dag.py
[2024-09-19T10:24:04.307-0500] {processor.py:925} INFO - DAG(s) 'example_trigger_controller_dag' retrieved from /Users/binhpham/Projects/dbt_project/venv/lib/python3.9/site-packages/airflow/example_dags/example_trigger_controller_dag.py
[2024-09-19T10:24:04.346-0500] {logging_mixin.py:190} INFO - [2024-09-19T10:24:04.346-0500] {dag.py:3229} INFO - Sync 1 DAGs
[2024-09-19T10:24:04.353-0500] {logging_mixin.py:190} INFO - [2024-09-19T10:24:04.353-0500] {dag.py:4156} INFO - Setting next_dagrun for example_trigger_controller_dag to 2021-01-01 00:00:00+00:00, run_after=2021-01-01 00:00:00+00:00
[2024-09-19T10:24:04.360-0500] {processor.py:208} INFO - Processing /Users/binhpham/Projects/dbt_project/venv/lib/python3.9/site-packages/airflow/example_dags/example_trigger_controller_dag.py took 0.062 seconds
