[2024-09-19T10:21:16.136-0500] {processor.py:186} INFO - Started process (PID=12410) to work on /Users/binhpham/Projects/dbt_project/venv/lib/python3.9/site-packages/airflow/example_dags/example_subdag_operator.py
[2024-09-19T10:21:16.137-0500] {processor.py:914} INFO - Processing file /Users/binhpham/Projects/dbt_project/venv/lib/python3.9/site-packages/airflow/example_dags/example_subdag_operator.py for tasks to queue
[2024-09-19T10:21:16.137-0500] {logging_mixin.py:190} INFO - [2024-09-19T10:21:16.137-0500] {dagbag.py:587} INFO - Filling up the DagBag from /Users/binhpham/Projects/dbt_project/venv/lib/python3.9/site-packages/airflow/example_dags/example_subdag_operator.py
[2024-09-19T10:21:16.182-0500] {processor.py:925} INFO - DAG(s) 'example_subdag_operator.section-1', 'example_subdag_operator.section-2', 'example_subdag_operator' retrieved from /Users/binhpham/Projects/dbt_project/venv/lib/python3.9/site-packages/airflow/example_dags/example_subdag_operator.py
[2024-09-19T10:21:16.358-0500] {logging_mixin.py:190} INFO - [2024-09-19T10:21:16.358-0500] {dag.py:3229} INFO - Sync 3 DAGs
[2024-09-19T10:21:16.365-0500] {logging_mixin.py:190} INFO - [2024-09-19T10:21:16.365-0500] {dag.py:4156} INFO - Setting next_dagrun for example_subdag_operator to 2022-01-01 00:00:00+00:00, run_after=2022-01-01 00:00:00+00:00
[2024-09-19T10:21:16.366-0500] {logging_mixin.py:190} INFO - [2024-09-19T10:21:16.366-0500] {dag.py:4156} INFO - Setting next_dagrun for example_subdag_operator.section-1 to None, run_after=None
[2024-09-19T10:21:16.366-0500] {logging_mixin.py:190} INFO - [2024-09-19T10:21:16.366-0500] {dag.py:4156} INFO - Setting next_dagrun for example_subdag_operator.section-2 to None, run_after=None
[2024-09-19T10:21:16.369-0500] {logging_mixin.py:190} INFO - [2024-09-19T10:21:16.368-0500] {dag.py:3229} INFO - Sync 2 DAGs
[2024-09-19T10:21:16.371-0500] {logging_mixin.py:190} INFO - [2024-09-19T10:21:16.370-0500] {dag.py:4156} INFO - Setting next_dagrun for example_subdag_operator.section-1 to None, run_after=None
[2024-09-19T10:21:16.371-0500] {logging_mixin.py:190} INFO - [2024-09-19T10:21:16.371-0500] {dag.py:4156} INFO - Setting next_dagrun for example_subdag_operator.section-2 to None, run_after=None
[2024-09-19T10:21:16.376-0500] {processor.py:208} INFO - Processing /Users/binhpham/Projects/dbt_project/venv/lib/python3.9/site-packages/airflow/example_dags/example_subdag_operator.py took 0.241 seconds
[2024-09-19T10:22:59.940-0500] {processor.py:186} INFO - Started process (PID=13130) to work on /Users/binhpham/Projects/dbt_project/venv/lib/python3.9/site-packages/airflow/example_dags/example_subdag_operator.py
[2024-09-19T10:22:59.942-0500] {processor.py:914} INFO - Processing file /Users/binhpham/Projects/dbt_project/venv/lib/python3.9/site-packages/airflow/example_dags/example_subdag_operator.py for tasks to queue
[2024-09-19T10:22:59.942-0500] {logging_mixin.py:190} INFO - [2024-09-19T10:22:59.942-0500] {dagbag.py:587} INFO - Filling up the DagBag from /Users/binhpham/Projects/dbt_project/venv/lib/python3.9/site-packages/airflow/example_dags/example_subdag_operator.py
[2024-09-19T10:22:59.986-0500] {processor.py:925} INFO - DAG(s) 'example_subdag_operator.section-1', 'example_subdag_operator.section-2', 'example_subdag_operator' retrieved from /Users/binhpham/Projects/dbt_project/venv/lib/python3.9/site-packages/airflow/example_dags/example_subdag_operator.py
[2024-09-19T10:23:00.174-0500] {logging_mixin.py:190} INFO - [2024-09-19T10:23:00.173-0500] {dag.py:3229} INFO - Sync 3 DAGs
[2024-09-19T10:23:00.181-0500] {logging_mixin.py:190} INFO - [2024-09-19T10:23:00.181-0500] {dag.py:4156} INFO - Setting next_dagrun for example_subdag_operator to 2022-01-01 00:00:00+00:00, run_after=2022-01-01 00:00:00+00:00
[2024-09-19T10:23:00.182-0500] {logging_mixin.py:190} INFO - [2024-09-19T10:23:00.182-0500] {dag.py:4156} INFO - Setting next_dagrun for example_subdag_operator.section-1 to None, run_after=None
[2024-09-19T10:23:00.183-0500] {logging_mixin.py:190} INFO - [2024-09-19T10:23:00.183-0500] {dag.py:4156} INFO - Setting next_dagrun for example_subdag_operator.section-2 to None, run_after=None
[2024-09-19T10:23:00.185-0500] {logging_mixin.py:190} INFO - [2024-09-19T10:23:00.185-0500] {dag.py:3229} INFO - Sync 2 DAGs
[2024-09-19T10:23:00.187-0500] {logging_mixin.py:190} INFO - [2024-09-19T10:23:00.187-0500] {dag.py:4156} INFO - Setting next_dagrun for example_subdag_operator.section-1 to None, run_after=None
[2024-09-19T10:23:00.188-0500] {logging_mixin.py:190} INFO - [2024-09-19T10:23:00.188-0500] {dag.py:4156} INFO - Setting next_dagrun for example_subdag_operator.section-2 to None, run_after=None
[2024-09-19T10:23:00.193-0500] {processor.py:208} INFO - Processing /Users/binhpham/Projects/dbt_project/venv/lib/python3.9/site-packages/airflow/example_dags/example_subdag_operator.py took 0.255 seconds
[2024-09-19T10:24:11.847-0500] {processor.py:186} INFO - Started process (PID=13486) to work on /Users/binhpham/Projects/dbt_project/venv/lib/python3.9/site-packages/airflow/example_dags/example_subdag_operator.py
[2024-09-19T10:24:11.849-0500] {processor.py:914} INFO - Processing file /Users/binhpham/Projects/dbt_project/venv/lib/python3.9/site-packages/airflow/example_dags/example_subdag_operator.py for tasks to queue
[2024-09-19T10:24:11.850-0500] {logging_mixin.py:190} INFO - [2024-09-19T10:24:11.850-0500] {dagbag.py:587} INFO - Filling up the DagBag from /Users/binhpham/Projects/dbt_project/venv/lib/python3.9/site-packages/airflow/example_dags/example_subdag_operator.py
[2024-09-19T10:24:11.893-0500] {processor.py:925} INFO - DAG(s) 'example_subdag_operator.section-1', 'example_subdag_operator.section-2', 'example_subdag_operator' retrieved from /Users/binhpham/Projects/dbt_project/venv/lib/python3.9/site-packages/airflow/example_dags/example_subdag_operator.py
[2024-09-19T10:24:12.067-0500] {logging_mixin.py:190} INFO - [2024-09-19T10:24:12.066-0500] {dag.py:3229} INFO - Sync 3 DAGs
[2024-09-19T10:24:12.073-0500] {logging_mixin.py:190} INFO - [2024-09-19T10:24:12.073-0500] {dag.py:4156} INFO - Setting next_dagrun for example_subdag_operator to 2022-01-01 00:00:00+00:00, run_after=2022-01-01 00:00:00+00:00
[2024-09-19T10:24:12.074-0500] {logging_mixin.py:190} INFO - [2024-09-19T10:24:12.074-0500] {dag.py:4156} INFO - Setting next_dagrun for example_subdag_operator.section-1 to None, run_after=None
[2024-09-19T10:24:12.075-0500] {logging_mixin.py:190} INFO - [2024-09-19T10:24:12.075-0500] {dag.py:4156} INFO - Setting next_dagrun for example_subdag_operator.section-2 to None, run_after=None
[2024-09-19T10:24:12.077-0500] {logging_mixin.py:190} INFO - [2024-09-19T10:24:12.077-0500] {dag.py:3229} INFO - Sync 2 DAGs
[2024-09-19T10:24:12.079-0500] {logging_mixin.py:190} INFO - [2024-09-19T10:24:12.079-0500] {dag.py:4156} INFO - Setting next_dagrun for example_subdag_operator.section-1 to None, run_after=None
[2024-09-19T10:24:12.079-0500] {logging_mixin.py:190} INFO - [2024-09-19T10:24:12.079-0500] {dag.py:4156} INFO - Setting next_dagrun for example_subdag_operator.section-2 to None, run_after=None
[2024-09-19T10:24:12.084-0500] {processor.py:208} INFO - Processing /Users/binhpham/Projects/dbt_project/venv/lib/python3.9/site-packages/airflow/example_dags/example_subdag_operator.py took 0.238 seconds
