[2024-09-19T10:21:13.301-0500] {processor.py:186} INFO - Started process (PID=12398) to work on /Users/binhpham/Projects/dbt_project/venv/lib/python3.9/site-packages/airflow/example_dags/example_task_group_decorator.py
[2024-09-19T10:21:13.302-0500] {processor.py:914} INFO - Processing file /Users/binhpham/Projects/dbt_project/venv/lib/python3.9/site-packages/airflow/example_dags/example_task_group_decorator.py for tasks to queue
[2024-09-19T10:21:13.303-0500] {logging_mixin.py:190} INFO - [2024-09-19T10:21:13.302-0500] {dagbag.py:587} INFO - Filling up the DagBag from /Users/binhpham/Projects/dbt_project/venv/lib/python3.9/site-packages/airflow/example_dags/example_task_group_decorator.py
[2024-09-19T10:21:13.321-0500] {processor.py:925} INFO - DAG(s) 'example_task_group_decorator' retrieved from /Users/binhpham/Projects/dbt_project/venv/lib/python3.9/site-packages/airflow/example_dags/example_task_group_decorator.py
[2024-09-19T10:21:13.365-0500] {logging_mixin.py:190} INFO - [2024-09-19T10:21:13.365-0500] {dag.py:3229} INFO - Sync 1 DAGs
[2024-09-19T10:21:13.369-0500] {logging_mixin.py:190} INFO - [2024-09-19T10:21:13.369-0500] {dag.py:4156} INFO - Setting next_dagrun for example_task_group_decorator to None, run_after=None
[2024-09-19T10:21:13.376-0500] {processor.py:208} INFO - Processing /Users/binhpham/Projects/dbt_project/venv/lib/python3.9/site-packages/airflow/example_dags/example_task_group_decorator.py took 0.077 seconds
[2024-09-19T10:22:56.275-0500] {processor.py:186} INFO - Started process (PID=13121) to work on /Users/binhpham/Projects/dbt_project/venv/lib/python3.9/site-packages/airflow/example_dags/example_task_group_decorator.py
[2024-09-19T10:22:56.277-0500] {processor.py:914} INFO - Processing file /Users/binhpham/Projects/dbt_project/venv/lib/python3.9/site-packages/airflow/example_dags/example_task_group_decorator.py for tasks to queue
[2024-09-19T10:22:56.277-0500] {logging_mixin.py:190} INFO - [2024-09-19T10:22:56.277-0500] {dagbag.py:587} INFO - Filling up the DagBag from /Users/binhpham/Projects/dbt_project/venv/lib/python3.9/site-packages/airflow/example_dags/example_task_group_decorator.py
[2024-09-19T10:22:56.295-0500] {processor.py:925} INFO - DAG(s) 'example_task_group_decorator' retrieved from /Users/binhpham/Projects/dbt_project/venv/lib/python3.9/site-packages/airflow/example_dags/example_task_group_decorator.py
[2024-09-19T10:22:56.338-0500] {logging_mixin.py:190} INFO - [2024-09-19T10:22:56.338-0500] {dag.py:3229} INFO - Sync 1 DAGs
[2024-09-19T10:22:56.342-0500] {logging_mixin.py:190} INFO - [2024-09-19T10:22:56.342-0500] {dag.py:4156} INFO - Setting next_dagrun for example_task_group_decorator to None, run_after=None
[2024-09-19T10:22:56.349-0500] {processor.py:208} INFO - Processing /Users/binhpham/Projects/dbt_project/venv/lib/python3.9/site-packages/airflow/example_dags/example_task_group_decorator.py took 0.076 seconds
[2024-09-19T10:24:08.176-0500] {processor.py:186} INFO - Started process (PID=13473) to work on /Users/binhpham/Projects/dbt_project/venv/lib/python3.9/site-packages/airflow/example_dags/example_task_group_decorator.py
[2024-09-19T10:24:08.178-0500] {processor.py:914} INFO - Processing file /Users/binhpham/Projects/dbt_project/venv/lib/python3.9/site-packages/airflow/example_dags/example_task_group_decorator.py for tasks to queue
[2024-09-19T10:24:08.179-0500] {logging_mixin.py:190} INFO - [2024-09-19T10:24:08.179-0500] {dagbag.py:587} INFO - Filling up the DagBag from /Users/binhpham/Projects/dbt_project/venv/lib/python3.9/site-packages/airflow/example_dags/example_task_group_decorator.py
[2024-09-19T10:24:08.196-0500] {processor.py:925} INFO - DAG(s) 'example_task_group_decorator' retrieved from /Users/binhpham/Projects/dbt_project/venv/lib/python3.9/site-packages/airflow/example_dags/example_task_group_decorator.py
[2024-09-19T10:24:08.239-0500] {logging_mixin.py:190} INFO - [2024-09-19T10:24:08.239-0500] {dag.py:3229} INFO - Sync 1 DAGs
[2024-09-19T10:24:08.244-0500] {logging_mixin.py:190} INFO - [2024-09-19T10:24:08.244-0500] {dag.py:4156} INFO - Setting next_dagrun for example_task_group_decorator to None, run_after=None
[2024-09-19T10:24:08.251-0500] {processor.py:208} INFO - Processing /Users/binhpham/Projects/dbt_project/venv/lib/python3.9/site-packages/airflow/example_dags/example_task_group_decorator.py took 0.076 seconds
