[2024-09-19T10:21:14.302-0500] {processor.py:186} INFO - Started process (PID=12404) to work on /Users/binhpham/Projects/dbt_project/venv/lib/python3.9/site-packages/airflow/example_dags/example_task_group.py
[2024-09-19T10:21:14.304-0500] {processor.py:914} INFO - Processing file /Users/binhpham/Projects/dbt_project/venv/lib/python3.9/site-packages/airflow/example_dags/example_task_group.py for tasks to queue
[2024-09-19T10:21:14.304-0500] {logging_mixin.py:190} INFO - [2024-09-19T10:21:14.304-0500] {dagbag.py:587} INFO - Filling up the DagBag from /Users/binhpham/Projects/dbt_project/venv/lib/python3.9/site-packages/airflow/example_dags/example_task_group.py
[2024-09-19T10:21:14.309-0500] {processor.py:925} INFO - DAG(s) 'example_task_group' retrieved from /Users/binhpham/Projects/dbt_project/venv/lib/python3.9/site-packages/airflow/example_dags/example_task_group.py
[2024-09-19T10:21:14.352-0500] {logging_mixin.py:190} INFO - [2024-09-19T10:21:14.352-0500] {dag.py:3229} INFO - Sync 1 DAGs
[2024-09-19T10:21:14.356-0500] {logging_mixin.py:190} INFO - [2024-09-19T10:21:14.356-0500] {dag.py:4156} INFO - Setting next_dagrun for example_task_group to None, run_after=None
[2024-09-19T10:21:14.363-0500] {processor.py:208} INFO - Processing /Users/binhpham/Projects/dbt_project/venv/lib/python3.9/site-packages/airflow/example_dags/example_task_group.py took 0.062 seconds
[2024-09-19T10:22:58.112-0500] {processor.py:186} INFO - Started process (PID=13127) to work on /Users/binhpham/Projects/dbt_project/venv/lib/python3.9/site-packages/airflow/example_dags/example_task_group.py
[2024-09-19T10:22:58.114-0500] {processor.py:914} INFO - Processing file /Users/binhpham/Projects/dbt_project/venv/lib/python3.9/site-packages/airflow/example_dags/example_task_group.py for tasks to queue
[2024-09-19T10:22:58.114-0500] {logging_mixin.py:190} INFO - [2024-09-19T10:22:58.114-0500] {dagbag.py:587} INFO - Filling up the DagBag from /Users/binhpham/Projects/dbt_project/venv/lib/python3.9/site-packages/airflow/example_dags/example_task_group.py
[2024-09-19T10:22:58.118-0500] {processor.py:925} INFO - DAG(s) 'example_task_group' retrieved from /Users/binhpham/Projects/dbt_project/venv/lib/python3.9/site-packages/airflow/example_dags/example_task_group.py
[2024-09-19T10:22:58.160-0500] {logging_mixin.py:190} INFO - [2024-09-19T10:22:58.160-0500] {dag.py:3229} INFO - Sync 1 DAGs
[2024-09-19T10:22:58.164-0500] {logging_mixin.py:190} INFO - [2024-09-19T10:22:58.164-0500] {dag.py:4156} INFO - Setting next_dagrun for example_task_group to None, run_after=None
[2024-09-19T10:22:58.171-0500] {processor.py:208} INFO - Processing /Users/binhpham/Projects/dbt_project/venv/lib/python3.9/site-packages/airflow/example_dags/example_task_group.py took 0.061 seconds
[2024-09-19T10:24:10.031-0500] {processor.py:186} INFO - Started process (PID=13480) to work on /Users/binhpham/Projects/dbt_project/venv/lib/python3.9/site-packages/airflow/example_dags/example_task_group.py
[2024-09-19T10:24:10.033-0500] {processor.py:914} INFO - Processing file /Users/binhpham/Projects/dbt_project/venv/lib/python3.9/site-packages/airflow/example_dags/example_task_group.py for tasks to queue
[2024-09-19T10:24:10.033-0500] {logging_mixin.py:190} INFO - [2024-09-19T10:24:10.033-0500] {dagbag.py:587} INFO - Filling up the DagBag from /Users/binhpham/Projects/dbt_project/venv/lib/python3.9/site-packages/airflow/example_dags/example_task_group.py
[2024-09-19T10:24:10.037-0500] {processor.py:925} INFO - DAG(s) 'example_task_group' retrieved from /Users/binhpham/Projects/dbt_project/venv/lib/python3.9/site-packages/airflow/example_dags/example_task_group.py
[2024-09-19T10:24:10.080-0500] {logging_mixin.py:190} INFO - [2024-09-19T10:24:10.080-0500] {dag.py:3229} INFO - Sync 1 DAGs
[2024-09-19T10:24:10.084-0500] {logging_mixin.py:190} INFO - [2024-09-19T10:24:10.084-0500] {dag.py:4156} INFO - Setting next_dagrun for example_task_group to None, run_after=None
[2024-09-19T10:24:10.091-0500] {processor.py:208} INFO - Processing /Users/binhpham/Projects/dbt_project/venv/lib/python3.9/site-packages/airflow/example_dags/example_task_group.py took 0.062 seconds
