[2024-09-19T10:21:08.362-0500] {processor.py:186} INFO - Started process (PID=12382) to work on /Users/binhpham/Projects/dbt_project/venv/lib/python3.9/site-packages/airflow/example_dags/example_trigger_target_dag.py
[2024-09-19T10:21:08.363-0500] {processor.py:914} INFO - Processing file /Users/binhpham/Projects/dbt_project/venv/lib/python3.9/site-packages/airflow/example_dags/example_trigger_target_dag.py for tasks to queue
[2024-09-19T10:21:08.364-0500] {logging_mixin.py:190} INFO - [2024-09-19T10:21:08.364-0500] {dagbag.py:587} INFO - Filling up the DagBag from /Users/binhpham/Projects/dbt_project/venv/lib/python3.9/site-packages/airflow/example_dags/example_trigger_target_dag.py
[2024-09-19T10:21:08.389-0500] {processor.py:925} INFO - DAG(s) 'example_trigger_target_dag' retrieved from /Users/binhpham/Projects/dbt_project/venv/lib/python3.9/site-packages/airflow/example_dags/example_trigger_target_dag.py
[2024-09-19T10:21:08.448-0500] {logging_mixin.py:190} INFO - [2024-09-19T10:21:08.447-0500] {dag.py:3229} INFO - Sync 1 DAGs
[2024-09-19T10:21:08.452-0500] {logging_mixin.py:190} INFO - [2024-09-19T10:21:08.452-0500] {dag.py:4156} INFO - Setting next_dagrun for example_trigger_target_dag to None, run_after=None
[2024-09-19T10:21:08.460-0500] {processor.py:208} INFO - Processing /Users/binhpham/Projects/dbt_project/venv/lib/python3.9/site-packages/airflow/example_dags/example_trigger_target_dag.py took 0.100 seconds
[2024-09-19T10:22:50.526-0500] {processor.py:186} INFO - Started process (PID=13103) to work on /Users/binhpham/Projects/dbt_project/venv/lib/python3.9/site-packages/airflow/example_dags/example_trigger_target_dag.py
[2024-09-19T10:22:50.528-0500] {processor.py:914} INFO - Processing file /Users/binhpham/Projects/dbt_project/venv/lib/python3.9/site-packages/airflow/example_dags/example_trigger_target_dag.py for tasks to queue
[2024-09-19T10:22:50.529-0500] {logging_mixin.py:190} INFO - [2024-09-19T10:22:50.529-0500] {dagbag.py:587} INFO - Filling up the DagBag from /Users/binhpham/Projects/dbt_project/venv/lib/python3.9/site-packages/airflow/example_dags/example_trigger_target_dag.py
[2024-09-19T10:22:50.544-0500] {processor.py:925} INFO - DAG(s) 'example_trigger_target_dag' retrieved from /Users/binhpham/Projects/dbt_project/venv/lib/python3.9/site-packages/airflow/example_dags/example_trigger_target_dag.py
[2024-09-19T10:22:50.588-0500] {logging_mixin.py:190} INFO - [2024-09-19T10:22:50.588-0500] {dag.py:3229} INFO - Sync 1 DAGs
[2024-09-19T10:22:50.592-0500] {logging_mixin.py:190} INFO - [2024-09-19T10:22:50.592-0500] {dag.py:4156} INFO - Setting next_dagrun for example_trigger_target_dag to None, run_after=None
[2024-09-19T10:22:50.599-0500] {processor.py:208} INFO - Processing /Users/binhpham/Projects/dbt_project/venv/lib/python3.9/site-packages/airflow/example_dags/example_trigger_target_dag.py took 0.075 seconds
[2024-09-19T10:24:03.123-0500] {processor.py:186} INFO - Started process (PID=13454) to work on /Users/binhpham/Projects/dbt_project/venv/lib/python3.9/site-packages/airflow/example_dags/example_trigger_target_dag.py
[2024-09-19T10:24:03.124-0500] {processor.py:914} INFO - Processing file /Users/binhpham/Projects/dbt_project/venv/lib/python3.9/site-packages/airflow/example_dags/example_trigger_target_dag.py for tasks to queue
[2024-09-19T10:24:03.125-0500] {logging_mixin.py:190} INFO - [2024-09-19T10:24:03.125-0500] {dagbag.py:587} INFO - Filling up the DagBag from /Users/binhpham/Projects/dbt_project/venv/lib/python3.9/site-packages/airflow/example_dags/example_trigger_target_dag.py
[2024-09-19T10:24:03.139-0500] {processor.py:925} INFO - DAG(s) 'example_trigger_target_dag' retrieved from /Users/binhpham/Projects/dbt_project/venv/lib/python3.9/site-packages/airflow/example_dags/example_trigger_target_dag.py
[2024-09-19T10:24:03.180-0500] {logging_mixin.py:190} INFO - [2024-09-19T10:24:03.180-0500] {dag.py:3229} INFO - Sync 1 DAGs
[2024-09-19T10:24:03.184-0500] {logging_mixin.py:190} INFO - [2024-09-19T10:24:03.184-0500] {dag.py:4156} INFO - Setting next_dagrun for example_trigger_target_dag to None, run_after=None
[2024-09-19T10:24:03.192-0500] {processor.py:208} INFO - Processing /Users/binhpham/Projects/dbt_project/venv/lib/python3.9/site-packages/airflow/example_dags/example_trigger_target_dag.py took 0.071 seconds
