[2024-09-19T10:21:12.242-0500] {processor.py:186} INFO - Started process (PID=12397) to work on /Users/binhpham/Projects/dbt_project/venv/lib/python3.9/site-packages/airflow/example_dags/example_time_delta_sensor_async.py
[2024-09-19T10:21:12.243-0500] {processor.py:914} INFO - Processing file /Users/binhpham/Projects/dbt_project/venv/lib/python3.9/site-packages/airflow/example_dags/example_time_delta_sensor_async.py for tasks to queue
[2024-09-19T10:21:12.244-0500] {logging_mixin.py:190} INFO - [2024-09-19T10:21:12.244-0500] {dagbag.py:587} INFO - Filling up the DagBag from /Users/binhpham/Projects/dbt_project/venv/lib/python3.9/site-packages/airflow/example_dags/example_time_delta_sensor_async.py
[2024-09-19T10:21:12.248-0500] {processor.py:925} INFO - DAG(s) 'example_time_delta_sensor_async' retrieved from /Users/binhpham/Projects/dbt_project/venv/lib/python3.9/site-packages/airflow/example_dags/example_time_delta_sensor_async.py
[2024-09-19T10:21:12.456-0500] {logging_mixin.py:190} INFO - [2024-09-19T10:21:12.456-0500] {dag.py:3229} INFO - Sync 1 DAGs
[2024-09-19T10:21:12.460-0500] {logging_mixin.py:190} INFO - [2024-09-19T10:21:12.460-0500] {dag.py:4156} INFO - Setting next_dagrun for example_time_delta_sensor_async to None, run_after=None
[2024-09-19T10:21:12.468-0500] {processor.py:208} INFO - Processing /Users/binhpham/Projects/dbt_project/venv/lib/python3.9/site-packages/airflow/example_dags/example_time_delta_sensor_async.py took 0.227 seconds
[2024-09-19T10:22:54.255-0500] {processor.py:186} INFO - Started process (PID=13115) to work on /Users/binhpham/Projects/dbt_project/venv/lib/python3.9/site-packages/airflow/example_dags/example_time_delta_sensor_async.py
[2024-09-19T10:22:54.257-0500] {processor.py:914} INFO - Processing file /Users/binhpham/Projects/dbt_project/venv/lib/python3.9/site-packages/airflow/example_dags/example_time_delta_sensor_async.py for tasks to queue
[2024-09-19T10:22:54.257-0500] {logging_mixin.py:190} INFO - [2024-09-19T10:22:54.257-0500] {dagbag.py:587} INFO - Filling up the DagBag from /Users/binhpham/Projects/dbt_project/venv/lib/python3.9/site-packages/airflow/example_dags/example_time_delta_sensor_async.py
[2024-09-19T10:22:54.261-0500] {processor.py:925} INFO - DAG(s) 'example_time_delta_sensor_async' retrieved from /Users/binhpham/Projects/dbt_project/venv/lib/python3.9/site-packages/airflow/example_dags/example_time_delta_sensor_async.py
[2024-09-19T10:22:54.470-0500] {logging_mixin.py:190} INFO - [2024-09-19T10:22:54.470-0500] {dag.py:3229} INFO - Sync 1 DAGs
[2024-09-19T10:22:54.474-0500] {logging_mixin.py:190} INFO - [2024-09-19T10:22:54.474-0500] {dag.py:4156} INFO - Setting next_dagrun for example_time_delta_sensor_async to None, run_after=None
[2024-09-19T10:22:54.481-0500] {processor.py:208} INFO - Processing /Users/binhpham/Projects/dbt_project/venv/lib/python3.9/site-packages/airflow/example_dags/example_time_delta_sensor_async.py took 0.228 seconds
[2024-09-19T10:24:06.135-0500] {processor.py:186} INFO - Started process (PID=13466) to work on /Users/binhpham/Projects/dbt_project/venv/lib/python3.9/site-packages/airflow/example_dags/example_time_delta_sensor_async.py
[2024-09-19T10:24:06.137-0500] {processor.py:914} INFO - Processing file /Users/binhpham/Projects/dbt_project/venv/lib/python3.9/site-packages/airflow/example_dags/example_time_delta_sensor_async.py for tasks to queue
[2024-09-19T10:24:06.138-0500] {logging_mixin.py:190} INFO - [2024-09-19T10:24:06.137-0500] {dagbag.py:587} INFO - Filling up the DagBag from /Users/binhpham/Projects/dbt_project/venv/lib/python3.9/site-packages/airflow/example_dags/example_time_delta_sensor_async.py
[2024-09-19T10:24:06.141-0500] {processor.py:925} INFO - DAG(s) 'example_time_delta_sensor_async' retrieved from /Users/binhpham/Projects/dbt_project/venv/lib/python3.9/site-packages/airflow/example_dags/example_time_delta_sensor_async.py
[2024-09-19T10:24:06.350-0500] {logging_mixin.py:190} INFO - [2024-09-19T10:24:06.349-0500] {dag.py:3229} INFO - Sync 1 DAGs
[2024-09-19T10:24:06.354-0500] {logging_mixin.py:190} INFO - [2024-09-19T10:24:06.354-0500] {dag.py:4156} INFO - Setting next_dagrun for example_time_delta_sensor_async to None, run_after=None
[2024-09-19T10:24:06.361-0500] {processor.py:208} INFO - Processing /Users/binhpham/Projects/dbt_project/venv/lib/python3.9/site-packages/airflow/example_dags/example_time_delta_sensor_async.py took 0.228 seconds
