[2024-09-19T10:21:47.249-0500] {processor.py:186} INFO - Started process (PID=12796) to work on /Users/binhpham/Projects/dbt_project/venv/lib/python3.9/site-packages/airflow/example_dags/example_local_kubernetes_executor.py
[2024-09-19T10:21:47.250-0500] {processor.py:914} INFO - Processing file /Users/binhpham/Projects/dbt_project/venv/lib/python3.9/site-packages/airflow/example_dags/example_local_kubernetes_executor.py for tasks to queue
[2024-09-19T10:21:47.251-0500] {logging_mixin.py:190} INFO - [2024-09-19T10:21:47.251-0500] {dagbag.py:587} INFO - Filling up the DagBag from /Users/binhpham/Projects/dbt_project/venv/lib/python3.9/site-packages/airflow/example_dags/example_local_kubernetes_executor.py
[2024-09-19T10:21:47.266-0500] {logging_mixin.py:190} INFO - [2024-09-19T10:21:47.264-0500] {example_local_kubernetes_executor.py:40} WARNING - Could not import DAGs in example_local_kubernetes_executor.py
Traceback (most recent call last):
  File "/Users/binhpham/Projects/dbt_project/venv/lib/python3.9/site-packages/airflow/example_dags/example_local_kubernetes_executor.py", line 38, in <module>
    from kubernetes.client import models as k8s
ModuleNotFoundError: No module named 'kubernetes'
[2024-09-19T10:21:47.266-0500] {logging_mixin.py:190} INFO - [2024-09-19T10:21:47.266-0500] {example_local_kubernetes_executor.py:41} WARNING - Install Kubernetes dependencies with: pip install apache-airflow[cncf.kubernetes]
[2024-09-19T10:21:47.266-0500] {processor.py:927} WARNING - No viable dags retrieved from /Users/binhpham/Projects/dbt_project/venv/lib/python3.9/site-packages/airflow/example_dags/example_local_kubernetes_executor.py
[2024-09-19T10:21:47.303-0500] {processor.py:208} INFO - Processing /Users/binhpham/Projects/dbt_project/venv/lib/python3.9/site-packages/airflow/example_dags/example_local_kubernetes_executor.py took 0.055 seconds
[2024-09-19T10:23:27.199-0500] {processor.py:186} INFO - Started process (PID=13226) to work on /Users/binhpham/Projects/dbt_project/venv/lib/python3.9/site-packages/airflow/example_dags/example_local_kubernetes_executor.py
[2024-09-19T10:23:27.201-0500] {processor.py:914} INFO - Processing file /Users/binhpham/Projects/dbt_project/venv/lib/python3.9/site-packages/airflow/example_dags/example_local_kubernetes_executor.py for tasks to queue
[2024-09-19T10:23:27.201-0500] {logging_mixin.py:190} INFO - [2024-09-19T10:23:27.201-0500] {dagbag.py:587} INFO - Filling up the DagBag from /Users/binhpham/Projects/dbt_project/venv/lib/python3.9/site-packages/airflow/example_dags/example_local_kubernetes_executor.py
[2024-09-19T10:23:27.218-0500] {logging_mixin.py:190} INFO - [2024-09-19T10:23:27.215-0500] {example_local_kubernetes_executor.py:40} WARNING - Could not import DAGs in example_local_kubernetes_executor.py
Traceback (most recent call last):
  File "/Users/binhpham/Projects/dbt_project/venv/lib/python3.9/site-packages/airflow/example_dags/example_local_kubernetes_executor.py", line 38, in <module>
    from kubernetes.client import models as k8s
ModuleNotFoundError: No module named 'kubernetes'
[2024-09-19T10:23:27.218-0500] {logging_mixin.py:190} INFO - [2024-09-19T10:23:27.218-0500] {example_local_kubernetes_executor.py:41} WARNING - Install Kubernetes dependencies with: pip install apache-airflow[cncf.kubernetes]
[2024-09-19T10:23:27.218-0500] {processor.py:927} WARNING - No viable dags retrieved from /Users/binhpham/Projects/dbt_project/venv/lib/python3.9/site-packages/airflow/example_dags/example_local_kubernetes_executor.py
[2024-09-19T10:23:27.254-0500] {processor.py:208} INFO - Processing /Users/binhpham/Projects/dbt_project/venv/lib/python3.9/site-packages/airflow/example_dags/example_local_kubernetes_executor.py took 0.057 seconds
