[2024-09-19T10:21:06.519-0500] {processor.py:186} INFO - Started process (PID=12374) to work on /Users/binhpham/Projects/dbt_project/venv/lib/python3.9/site-packages/airflow/example_dags/example_workday_timetable.py
[2024-09-19T10:21:06.520-0500] {processor.py:914} INFO - Processing file /Users/binhpham/Projects/dbt_project/venv/lib/python3.9/site-packages/airflow/example_dags/example_workday_timetable.py for tasks to queue
[2024-09-19T10:21:06.521-0500] {logging_mixin.py:190} INFO - [2024-09-19T10:21:06.521-0500] {dagbag.py:587} INFO - Filling up the DagBag from /Users/binhpham/Projects/dbt_project/venv/lib/python3.9/site-packages/airflow/example_dags/example_workday_timetable.py
[2024-09-19T10:21:06.659-0500] {processor.py:925} INFO - DAG(s) 'example_workday_timetable' retrieved from /Users/binhpham/Projects/dbt_project/venv/lib/python3.9/site-packages/airflow/example_dags/example_workday_timetable.py
[2024-09-19T10:21:06.744-0500] {logging_mixin.py:190} INFO - [2024-09-19T10:21:06.744-0500] {dag.py:3229} INFO - Sync 1 DAGs
[2024-09-19T10:21:06.773-0500] {logging_mixin.py:190} INFO - [2024-09-19T10:21:06.773-0500] {dag.py:4156} INFO - Setting next_dagrun for example_workday_timetable to 2021-01-04 00:00:00+00:00, run_after=2021-01-05 00:00:00+00:00
[2024-09-19T10:21:06.781-0500] {processor.py:208} INFO - Processing /Users/binhpham/Projects/dbt_project/venv/lib/python3.9/site-packages/airflow/example_dags/example_workday_timetable.py took 0.263 seconds
[2024-09-19T10:22:48.427-0500] {processor.py:186} INFO - Started process (PID=13097) to work on /Users/binhpham/Projects/dbt_project/venv/lib/python3.9/site-packages/airflow/example_dags/example_workday_timetable.py
[2024-09-19T10:22:48.429-0500] {processor.py:914} INFO - Processing file /Users/binhpham/Projects/dbt_project/venv/lib/python3.9/site-packages/airflow/example_dags/example_workday_timetable.py for tasks to queue
[2024-09-19T10:22:48.430-0500] {logging_mixin.py:190} INFO - [2024-09-19T10:22:48.430-0500] {dagbag.py:587} INFO - Filling up the DagBag from /Users/binhpham/Projects/dbt_project/venv/lib/python3.9/site-packages/airflow/example_dags/example_workday_timetable.py
[2024-09-19T10:22:48.589-0500] {processor.py:925} INFO - DAG(s) 'example_workday_timetable' retrieved from /Users/binhpham/Projects/dbt_project/venv/lib/python3.9/site-packages/airflow/example_dags/example_workday_timetable.py
[2024-09-19T10:22:48.675-0500] {logging_mixin.py:190} INFO - [2024-09-19T10:22:48.675-0500] {dag.py:3229} INFO - Sync 1 DAGs
[2024-09-19T10:22:48.695-0500] {logging_mixin.py:190} INFO - [2024-09-19T10:22:48.695-0500] {dag.py:4156} INFO - Setting next_dagrun for example_workday_timetable to 2021-01-04 00:00:00+00:00, run_after=2021-01-05 00:00:00+00:00
[2024-09-19T10:22:48.703-0500] {processor.py:208} INFO - Processing /Users/binhpham/Projects/dbt_project/venv/lib/python3.9/site-packages/airflow/example_dags/example_workday_timetable.py took 0.277 seconds
[2024-09-19T10:24:01.054-0500] {processor.py:186} INFO - Started process (PID=13448) to work on /Users/binhpham/Projects/dbt_project/venv/lib/python3.9/site-packages/airflow/example_dags/example_workday_timetable.py
[2024-09-19T10:24:01.056-0500] {processor.py:914} INFO - Processing file /Users/binhpham/Projects/dbt_project/venv/lib/python3.9/site-packages/airflow/example_dags/example_workday_timetable.py for tasks to queue
[2024-09-19T10:24:01.056-0500] {logging_mixin.py:190} INFO - [2024-09-19T10:24:01.056-0500] {dagbag.py:587} INFO - Filling up the DagBag from /Users/binhpham/Projects/dbt_project/venv/lib/python3.9/site-packages/airflow/example_dags/example_workday_timetable.py
[2024-09-19T10:24:01.202-0500] {processor.py:925} INFO - DAG(s) 'example_workday_timetable' retrieved from /Users/binhpham/Projects/dbt_project/venv/lib/python3.9/site-packages/airflow/example_dags/example_workday_timetable.py
[2024-09-19T10:24:01.279-0500] {logging_mixin.py:190} INFO - [2024-09-19T10:24:01.279-0500] {dag.py:3229} INFO - Sync 1 DAGs
[2024-09-19T10:24:01.301-0500] {logging_mixin.py:190} INFO - [2024-09-19T10:24:01.301-0500] {dag.py:4156} INFO - Setting next_dagrun for example_workday_timetable to 2021-01-04 00:00:00+00:00, run_after=2021-01-05 00:00:00+00:00
[2024-09-19T10:24:01.309-0500] {processor.py:208} INFO - Processing /Users/binhpham/Projects/dbt_project/venv/lib/python3.9/site-packages/airflow/example_dags/example_workday_timetable.py took 0.256 seconds
