[2024-09-19T10:20:53.433-0500] {processor.py:186} INFO - Started process (PID=12312) to work on /Users/binhpham/Projects/dbt_project/venv/lib/python3.9/site-packages/airflow/example_dags/tutorial_taskflow_api_virtualenv.py
[2024-09-19T10:20:53.434-0500] {processor.py:914} INFO - Processing file /Users/binhpham/Projects/dbt_project/venv/lib/python3.9/site-packages/airflow/example_dags/tutorial_taskflow_api_virtualenv.py for tasks to queue
[2024-09-19T10:20:53.434-0500] {logging_mixin.py:190} INFO - [2024-09-19T10:20:53.434-0500] {dagbag.py:587} INFO - Filling up the DagBag from /Users/binhpham/Projects/dbt_project/venv/lib/python3.9/site-packages/airflow/example_dags/tutorial_taskflow_api_virtualenv.py
[2024-09-19T10:20:53.452-0500] {processor.py:925} INFO - DAG(s) 'tutorial_taskflow_api_virtualenv' retrieved from /Users/binhpham/Projects/dbt_project/venv/lib/python3.9/site-packages/airflow/example_dags/tutorial_taskflow_api_virtualenv.py
[2024-09-19T10:20:53.529-0500] {logging_mixin.py:190} INFO - [2024-09-19T10:20:53.529-0500] {dag.py:3229} INFO - Sync 1 DAGs
[2024-09-19T10:20:53.533-0500] {logging_mixin.py:190} INFO - [2024-09-19T10:20:53.533-0500] {dag.py:4156} INFO - Setting next_dagrun for tutorial_taskflow_api_virtualenv to None, run_after=None
[2024-09-19T10:20:53.541-0500] {processor.py:208} INFO - Processing /Users/binhpham/Projects/dbt_project/venv/lib/python3.9/site-packages/airflow/example_dags/tutorial_taskflow_api_virtualenv.py took 0.109 seconds
[2024-09-19T10:22:38.519-0500] {processor.py:186} INFO - Started process (PID=13064) to work on /Users/binhpham/Projects/dbt_project/venv/lib/python3.9/site-packages/airflow/example_dags/tutorial_taskflow_api_virtualenv.py
[2024-09-19T10:22:38.521-0500] {processor.py:914} INFO - Processing file /Users/binhpham/Projects/dbt_project/venv/lib/python3.9/site-packages/airflow/example_dags/tutorial_taskflow_api_virtualenv.py for tasks to queue
[2024-09-19T10:22:38.521-0500] {logging_mixin.py:190} INFO - [2024-09-19T10:22:38.521-0500] {dagbag.py:587} INFO - Filling up the DagBag from /Users/binhpham/Projects/dbt_project/venv/lib/python3.9/site-packages/airflow/example_dags/tutorial_taskflow_api_virtualenv.py
[2024-09-19T10:22:38.537-0500] {processor.py:925} INFO - DAG(s) 'tutorial_taskflow_api_virtualenv' retrieved from /Users/binhpham/Projects/dbt_project/venv/lib/python3.9/site-packages/airflow/example_dags/tutorial_taskflow_api_virtualenv.py
[2024-09-19T10:22:38.614-0500] {logging_mixin.py:190} INFO - [2024-09-19T10:22:38.614-0500] {dag.py:3229} INFO - Sync 1 DAGs
[2024-09-19T10:22:38.618-0500] {logging_mixin.py:190} INFO - [2024-09-19T10:22:38.618-0500] {dag.py:4156} INFO - Setting next_dagrun for tutorial_taskflow_api_virtualenv to None, run_after=None
[2024-09-19T10:22:38.626-0500] {processor.py:208} INFO - Processing /Users/binhpham/Projects/dbt_project/venv/lib/python3.9/site-packages/airflow/example_dags/tutorial_taskflow_api_virtualenv.py took 0.109 seconds
[2024-09-19T10:23:48.358-0500] {processor.py:186} INFO - Started process (PID=13315) to work on /Users/binhpham/Projects/dbt_project/venv/lib/python3.9/site-packages/airflow/example_dags/tutorial_taskflow_api_virtualenv.py
[2024-09-19T10:23:48.361-0500] {processor.py:914} INFO - Processing file /Users/binhpham/Projects/dbt_project/venv/lib/python3.9/site-packages/airflow/example_dags/tutorial_taskflow_api_virtualenv.py for tasks to queue
[2024-09-19T10:23:48.361-0500] {logging_mixin.py:190} INFO - [2024-09-19T10:23:48.361-0500] {dagbag.py:587} INFO - Filling up the DagBag from /Users/binhpham/Projects/dbt_project/venv/lib/python3.9/site-packages/airflow/example_dags/tutorial_taskflow_api_virtualenv.py
[2024-09-19T10:23:48.379-0500] {processor.py:925} INFO - DAG(s) 'tutorial_taskflow_api_virtualenv' retrieved from /Users/binhpham/Projects/dbt_project/venv/lib/python3.9/site-packages/airflow/example_dags/tutorial_taskflow_api_virtualenv.py
[2024-09-19T10:23:48.474-0500] {logging_mixin.py:190} INFO - [2024-09-19T10:23:48.474-0500] {dag.py:3229} INFO - Sync 1 DAGs
[2024-09-19T10:23:48.479-0500] {logging_mixin.py:190} INFO - [2024-09-19T10:23:48.479-0500] {dag.py:4156} INFO - Setting next_dagrun for tutorial_taskflow_api_virtualenv to None, run_after=None
[2024-09-19T10:23:48.488-0500] {processor.py:208} INFO - Processing /Users/binhpham/Projects/dbt_project/venv/lib/python3.9/site-packages/airflow/example_dags/tutorial_taskflow_api_virtualenv.py took 0.131 seconds
