[2024-09-19T10:20:56.632-0500] {processor.py:186} INFO - Started process (PID=12321) to work on /Users/binhpham/Projects/dbt_project/venv/lib/python3.9/site-packages/airflow/example_dags/tutorial_objectstorage.py
[2024-09-19T10:20:56.634-0500] {processor.py:914} INFO - Processing file /Users/binhpham/Projects/dbt_project/venv/lib/python3.9/site-packages/airflow/example_dags/tutorial_objectstorage.py for tasks to queue
[2024-09-19T10:20:56.634-0500] {logging_mixin.py:190} INFO - [2024-09-19T10:20:56.634-0500] {dagbag.py:587} INFO - Filling up the DagBag from /Users/binhpham/Projects/dbt_project/venv/lib/python3.9/site-packages/airflow/example_dags/tutorial_objectstorage.py
[2024-09-19T10:20:56.650-0500] {processor.py:925} INFO - DAG(s) 'tutorial_objectstorage' retrieved from /Users/binhpham/Projects/dbt_project/venv/lib/python3.9/site-packages/airflow/example_dags/tutorial_objectstorage.py
[2024-09-19T10:20:56.696-0500] {logging_mixin.py:190} INFO - [2024-09-19T10:20:56.695-0500] {dag.py:3229} INFO - Sync 1 DAGs
[2024-09-19T10:20:56.700-0500] {logging_mixin.py:190} INFO - [2024-09-19T10:20:56.700-0500] {dag.py:4156} INFO - Setting next_dagrun for tutorial_objectstorage to None, run_after=None
[2024-09-19T10:20:56.709-0500] {processor.py:208} INFO - Processing /Users/binhpham/Projects/dbt_project/venv/lib/python3.9/site-packages/airflow/example_dags/tutorial_objectstorage.py took 0.078 seconds
[2024-09-19T10:22:41.637-0500] {processor.py:186} INFO - Started process (PID=13076) to work on /Users/binhpham/Projects/dbt_project/venv/lib/python3.9/site-packages/airflow/example_dags/tutorial_objectstorage.py
[2024-09-19T10:22:41.639-0500] {processor.py:914} INFO - Processing file /Users/binhpham/Projects/dbt_project/venv/lib/python3.9/site-packages/airflow/example_dags/tutorial_objectstorage.py for tasks to queue
[2024-09-19T10:22:41.640-0500] {logging_mixin.py:190} INFO - [2024-09-19T10:22:41.640-0500] {dagbag.py:587} INFO - Filling up the DagBag from /Users/binhpham/Projects/dbt_project/venv/lib/python3.9/site-packages/airflow/example_dags/tutorial_objectstorage.py
[2024-09-19T10:22:41.655-0500] {processor.py:925} INFO - DAG(s) 'tutorial_objectstorage' retrieved from /Users/binhpham/Projects/dbt_project/venv/lib/python3.9/site-packages/airflow/example_dags/tutorial_objectstorage.py
[2024-09-19T10:22:41.695-0500] {logging_mixin.py:190} INFO - [2024-09-19T10:22:41.695-0500] {dag.py:3229} INFO - Sync 1 DAGs
[2024-09-19T10:22:41.699-0500] {logging_mixin.py:190} INFO - [2024-09-19T10:22:41.699-0500] {dag.py:4156} INFO - Setting next_dagrun for tutorial_objectstorage to None, run_after=None
[2024-09-19T10:22:41.707-0500] {processor.py:208} INFO - Processing /Users/binhpham/Projects/dbt_project/venv/lib/python3.9/site-packages/airflow/example_dags/tutorial_objectstorage.py took 0.071 seconds
[2024-09-19T10:23:52.169-0500] {processor.py:186} INFO - Started process (PID=13377) to work on /Users/binhpham/Projects/dbt_project/venv/lib/python3.9/site-packages/airflow/example_dags/tutorial_objectstorage.py
[2024-09-19T10:23:52.172-0500] {processor.py:914} INFO - Processing file /Users/binhpham/Projects/dbt_project/venv/lib/python3.9/site-packages/airflow/example_dags/tutorial_objectstorage.py for tasks to queue
[2024-09-19T10:23:52.172-0500] {logging_mixin.py:190} INFO - [2024-09-19T10:23:52.172-0500] {dagbag.py:587} INFO - Filling up the DagBag from /Users/binhpham/Projects/dbt_project/venv/lib/python3.9/site-packages/airflow/example_dags/tutorial_objectstorage.py
[2024-09-19T10:23:52.187-0500] {processor.py:925} INFO - DAG(s) 'tutorial_objectstorage' retrieved from /Users/binhpham/Projects/dbt_project/venv/lib/python3.9/site-packages/airflow/example_dags/tutorial_objectstorage.py
[2024-09-19T10:23:52.227-0500] {logging_mixin.py:190} INFO - [2024-09-19T10:23:52.227-0500] {dag.py:3229} INFO - Sync 1 DAGs
[2024-09-19T10:23:52.232-0500] {logging_mixin.py:190} INFO - [2024-09-19T10:23:52.232-0500] {dag.py:4156} INFO - Setting next_dagrun for tutorial_objectstorage to None, run_after=None
[2024-09-19T10:23:52.239-0500] {processor.py:208} INFO - Processing /Users/binhpham/Projects/dbt_project/venv/lib/python3.9/site-packages/airflow/example_dags/tutorial_objectstorage.py took 0.071 seconds
