[2024-09-18T17:35:13.885-0500] {local_task_job_runner.py:123} INFO - ::group::Pre task execution logs
[2024-09-18T17:35:13.891-0500] {taskinstance.py:2612} INFO - Dependencies all met for dep_context=non-requeueable deps ti=<TaskInstance: etl_pipeline.process_data manual__2024-09-18T22:35:08.873399+00:00 [queued]>
[2024-09-18T17:35:13.894-0500] {taskinstance.py:2612} INFO - Dependencies all met for dep_context=requeueable deps ti=<TaskInstance: etl_pipeline.process_data manual__2024-09-18T22:35:08.873399+00:00 [queued]>
[2024-09-18T17:35:13.894-0500] {taskinstance.py:2865} INFO - Starting attempt 1 of 1
[2024-09-18T17:35:13.900-0500] {taskinstance.py:2888} INFO - Executing <Task(PythonOperator): process_data> on 2024-09-18 22:35:08.873399+00:00
[2024-09-18T17:35:13.905-0500] {standard_task_runner.py:72} INFO - Started process 23395 to run task
[2024-09-18T17:35:13.908-0500] {standard_task_runner.py:104} INFO - Running: ['airflow', 'tasks', 'run', 'etl_pipeline', 'process_data', 'manual__2024-09-18T22:35:08.873399+00:00', '--job-id', '34', '--raw', '--subdir', 'DAGS_FOLDER/etl_pipeline.py', '--cfg-path', '/var/folders/48/1hc7518x2bsfgjm34fs7dth00000gn/T/tmp5ris_pg4']
[2024-09-18T17:35:13.909-0500] {standard_task_runner.py:105} INFO - Job 34: Subtask process_data
[2024-09-18T17:35:13.928-0500] {task_command.py:467} INFO - Running <TaskInstance: etl_pipeline.process_data manual__2024-09-18T22:35:08.873399+00:00 [running]> on host binhs-macbook-pro.local
[2024-09-18T17:35:13.959-0500] {taskinstance.py:3131} INFO - Exporting env vars: AIRFLOW_CTX_DAG_OWNER='airflow' AIRFLOW_CTX_DAG_ID='etl_pipeline' AIRFLOW_CTX_TASK_ID='process_data' AIRFLOW_CTX_EXECUTION_DATE='2024-09-18T22:35:08.873399+00:00' AIRFLOW_CTX_TRY_NUMBER='1' AIRFLOW_CTX_DAG_RUN_ID='manual__2024-09-18T22:35:08.873399+00:00'
[2024-09-18T17:35:13.960-0500] {logging_mixin.py:190} INFO - Task instance is in running state
[2024-09-18T17:35:13.961-0500] {logging_mixin.py:190} INFO -  Previous state of the Task instance: queued
[2024-09-18T17:35:13.961-0500] {logging_mixin.py:190} INFO - Current task name:process_data state:running start_date:2024-09-18 22:35:13.891641+00:00
[2024-09-18T17:35:13.961-0500] {logging_mixin.py:190} INFO - Dag name:etl_pipeline and current dag run status:running
[2024-09-18T17:35:13.961-0500] {taskinstance.py:731} INFO - ::endgroup::
[2024-09-18T17:35:13.967-0500] {python.py:240} INFO - Done. Returned value was: None
[2024-09-18T17:35:13.970-0500] {taskinstance.py:340} INFO - ::group::Post task execution logs
[2024-09-18T17:35:13.971-0500] {taskinstance.py:352} INFO - Marking task as SUCCESS. dag_id=etl_pipeline, task_id=process_data, run_id=manual__2024-09-18T22:35:08.873399+00:00, execution_date=20240918T223508, start_date=20240918T223513, end_date=20240918T223513
[2024-09-18T17:35:13.974-0500] {logging_mixin.py:190} INFO - Task instance in success state
[2024-09-18T17:35:13.975-0500] {logging_mixin.py:190} INFO -  Previous state of the Task instance: running
[2024-09-18T17:35:13.975-0500] {logging_mixin.py:190} INFO - Dag name:etl_pipeline queued_at:2024-09-18 22:35:08.882458+00:00
[2024-09-18T17:35:13.975-0500] {logging_mixin.py:190} INFO - Task hostname:binhs-macbook-pro.local operator:PythonOperator
[2024-09-18T17:35:14.015-0500] {local_task_job_runner.py:266} INFO - Task exited with return code 0
[2024-09-18T17:35:14.022-0500] {taskinstance.py:3900} INFO - 0 downstream tasks scheduled from follow-on schedule check
[2024-09-18T17:35:14.023-0500] {local_task_job_runner.py:245} INFO - ::endgroup::
