[2024-09-19T10:23:29.480-0500] {local_task_job_runner.py:123} INFO - ::group::Pre task execution logs
[2024-09-19T10:23:29.485-0500] {taskinstance.py:2612} INFO - Dependencies all met for dep_context=non-requeueable deps ti=<TaskInstance: etl_pipeline.fetch_data manual__2024-09-19T15:21:18.519255+00:00 [queued]>
[2024-09-19T10:23:29.488-0500] {taskinstance.py:2612} INFO - Dependencies all met for dep_context=requeueable deps ti=<TaskInstance: etl_pipeline.fetch_data manual__2024-09-19T15:21:18.519255+00:00 [queued]>
[2024-09-19T10:23:29.488-0500] {taskinstance.py:2865} INFO - Starting attempt 2 of 2
[2024-09-19T10:23:29.492-0500] {taskinstance.py:2888} INFO - Executing <Task(PythonOperator): fetch_data> on 2024-09-19 15:21:18.519255+00:00
[2024-09-19T10:23:29.496-0500] {standard_task_runner.py:72} INFO - Started process 13240 to run task
[2024-09-19T10:23:29.499-0500] {standard_task_runner.py:104} INFO - Running: ['airflow', 'tasks', 'run', 'etl_pipeline', 'fetch_data', 'manual__2024-09-19T15:21:18.519255+00:00', '--job-id', '37', '--raw', '--subdir', 'DAGS_FOLDER/etl_pipeline.py', '--cfg-path', '/var/folders/48/1hc7518x2bsfgjm34fs7dth00000gn/T/tmph95rh59s']
[2024-09-19T10:23:29.500-0500] {standard_task_runner.py:105} INFO - Job 37: Subtask fetch_data
[2024-09-19T10:23:29.519-0500] {task_command.py:467} INFO - Running <TaskInstance: etl_pipeline.fetch_data manual__2024-09-19T15:21:18.519255+00:00 [running]> on host binhs-macbook-pro.local
[2024-09-19T10:23:29.542-0500] {taskinstance.py:3131} INFO - Exporting env vars: AIRFLOW_CTX_DAG_OWNER='airflow' AIRFLOW_CTX_DAG_ID='etl_pipeline' AIRFLOW_CTX_TASK_ID='fetch_data' AIRFLOW_CTX_EXECUTION_DATE='2024-09-19T15:21:18.519255+00:00' AIRFLOW_CTX_TRY_NUMBER='2' AIRFLOW_CTX_DAG_RUN_ID='manual__2024-09-19T15:21:18.519255+00:00'
[2024-09-19T10:23:29.543-0500] {logging_mixin.py:190} INFO - Task instance is in running state
[2024-09-19T10:23:29.543-0500] {logging_mixin.py:190} INFO -  Previous state of the Task instance: queued
[2024-09-19T10:23:29.543-0500] {logging_mixin.py:190} INFO - Current task name:fetch_data state:running start_date:2024-09-19 15:23:29.485677+00:00
[2024-09-19T10:23:29.543-0500] {logging_mixin.py:190} INFO - Dag name:etl_pipeline and current dag run status:running
[2024-09-19T10:23:29.543-0500] {taskinstance.py:731} INFO - ::endgroup::
[2024-09-19T10:23:29.547-0500] {python.py:240} INFO - Done. Returned value was: None
[2024-09-19T10:23:29.549-0500] {taskinstance.py:340} INFO - ::group::Post task execution logs
[2024-09-19T10:23:29.549-0500] {taskinstance.py:352} INFO - Marking task as SUCCESS. dag_id=etl_pipeline, task_id=fetch_data, run_id=manual__2024-09-19T15:21:18.519255+00:00, execution_date=20240919T152118, start_date=20240919T152329, end_date=20240919T152329
[2024-09-19T10:23:29.552-0500] {logging_mixin.py:190} INFO - Task instance in success state
[2024-09-19T10:23:29.552-0500] {logging_mixin.py:190} INFO -  Previous state of the Task instance: running
[2024-09-19T10:23:29.553-0500] {logging_mixin.py:190} INFO - Dag name:etl_pipeline queued_at:2024-09-19 15:23:28.036333+00:00
[2024-09-19T10:23:29.553-0500] {logging_mixin.py:190} INFO - Task hostname:binhs-macbook-pro.local operator:PythonOperator
[2024-09-19T10:23:29.561-0500] {local_task_job_runner.py:266} INFO - Task exited with return code 0
[2024-09-19T10:23:29.570-0500] {taskinstance.py:3900} INFO - 1 downstream tasks scheduled from follow-on schedule check
[2024-09-19T10:23:29.570-0500] {local_task_job_runner.py:245} INFO - ::endgroup::
