[2024-09-06T19:43:44.142-0500] {processor.py:186} INFO - Started process (PID=34249) to work on /Users/binhpham/Library/Python/3.9/lib/python/site-packages/airflow/example_dags/plugins/decreasing_priority_weight_strategy.py
[2024-09-06T19:43:44.143-0500] {processor.py:914} INFO - Processing file /Users/binhpham/Library/Python/3.9/lib/python/site-packages/airflow/example_dags/plugins/decreasing_priority_weight_strategy.py for tasks to queue
[2024-09-06T19:43:44.144-0500] {logging_mixin.py:190} INFO - [2024-09-06T19:43:44.144-0500] {dagbag.py:587} INFO - Filling up the DagBag from /Users/binhpham/Library/Python/3.9/lib/python/site-packages/airflow/example_dags/plugins/decreasing_priority_weight_strategy.py
[2024-09-06T19:43:44.144-0500] {processor.py:927} WARNING - No viable dags retrieved from /Users/binhpham/Library/Python/3.9/lib/python/site-packages/airflow/example_dags/plugins/decreasing_priority_weight_strategy.py
[2024-09-06T19:43:44.187-0500] {processor.py:208} INFO - Processing /Users/binhpham/Library/Python/3.9/lib/python/site-packages/airflow/example_dags/plugins/decreasing_priority_weight_strategy.py took 0.046 seconds
[2024-09-06T19:44:53.325-0500] {processor.py:186} INFO - Started process (PID=34569) to work on /Users/binhpham/Library/Python/3.9/lib/python/site-packages/airflow/example_dags/plugins/decreasing_priority_weight_strategy.py
[2024-09-06T19:44:53.327-0500] {processor.py:914} INFO - Processing file /Users/binhpham/Library/Python/3.9/lib/python/site-packages/airflow/example_dags/plugins/decreasing_priority_weight_strategy.py for tasks to queue
[2024-09-06T19:44:53.328-0500] {logging_mixin.py:190} INFO - [2024-09-06T19:44:53.328-0500] {dagbag.py:587} INFO - Filling up the DagBag from /Users/binhpham/Library/Python/3.9/lib/python/site-packages/airflow/example_dags/plugins/decreasing_priority_weight_strategy.py
[2024-09-06T19:44:53.328-0500] {processor.py:927} WARNING - No viable dags retrieved from /Users/binhpham/Library/Python/3.9/lib/python/site-packages/airflow/example_dags/plugins/decreasing_priority_weight_strategy.py
[2024-09-06T19:44:53.369-0500] {processor.py:208} INFO - Processing /Users/binhpham/Library/Python/3.9/lib/python/site-packages/airflow/example_dags/plugins/decreasing_priority_weight_strategy.py took 0.045 seconds
[2024-09-06T19:47:12.854-0500] {processor.py:186} INFO - Started process (PID=35145) to work on /Users/binhpham/Library/Python/3.9/lib/python/site-packages/airflow/example_dags/plugins/decreasing_priority_weight_strategy.py
[2024-09-06T19:47:12.856-0500] {processor.py:914} INFO - Processing file /Users/binhpham/Library/Python/3.9/lib/python/site-packages/airflow/example_dags/plugins/decreasing_priority_weight_strategy.py for tasks to queue
[2024-09-06T19:47:12.857-0500] {logging_mixin.py:190} INFO - [2024-09-06T19:47:12.857-0500] {dagbag.py:587} INFO - Filling up the DagBag from /Users/binhpham/Library/Python/3.9/lib/python/site-packages/airflow/example_dags/plugins/decreasing_priority_weight_strategy.py
[2024-09-06T19:47:12.857-0500] {processor.py:927} WARNING - No viable dags retrieved from /Users/binhpham/Library/Python/3.9/lib/python/site-packages/airflow/example_dags/plugins/decreasing_priority_weight_strategy.py
[2024-09-06T19:47:12.898-0500] {processor.py:208} INFO - Processing /Users/binhpham/Library/Python/3.9/lib/python/site-packages/airflow/example_dags/plugins/decreasing_priority_weight_strategy.py took 0.045 seconds
[2024-09-06T19:49:04.896-0500] {processor.py:186} INFO - Started process (PID=35530) to work on /Users/binhpham/Library/Python/3.9/lib/python/site-packages/airflow/example_dags/plugins/decreasing_priority_weight_strategy.py
[2024-09-06T19:49:04.898-0500] {processor.py:914} INFO - Processing file /Users/binhpham/Library/Python/3.9/lib/python/site-packages/airflow/example_dags/plugins/decreasing_priority_weight_strategy.py for tasks to queue
[2024-09-06T19:49:04.899-0500] {logging_mixin.py:190} INFO - [2024-09-06T19:49:04.899-0500] {dagbag.py:587} INFO - Filling up the DagBag from /Users/binhpham/Library/Python/3.9/lib/python/site-packages/airflow/example_dags/plugins/decreasing_priority_weight_strategy.py
[2024-09-06T19:49:04.899-0500] {processor.py:927} WARNING - No viable dags retrieved from /Users/binhpham/Library/Python/3.9/lib/python/site-packages/airflow/example_dags/plugins/decreasing_priority_weight_strategy.py
[2024-09-06T19:49:04.940-0500] {processor.py:208} INFO - Processing /Users/binhpham/Library/Python/3.9/lib/python/site-packages/airflow/example_dags/plugins/decreasing_priority_weight_strategy.py took 0.045 seconds
[2024-09-06T19:50:27.360-0500] {processor.py:186} INFO - Started process (PID=35788) to work on /Users/binhpham/Library/Python/3.9/lib/python/site-packages/airflow/example_dags/plugins/decreasing_priority_weight_strategy.py
[2024-09-06T19:50:27.361-0500] {processor.py:914} INFO - Processing file /Users/binhpham/Library/Python/3.9/lib/python/site-packages/airflow/example_dags/plugins/decreasing_priority_weight_strategy.py for tasks to queue
[2024-09-06T19:50:27.362-0500] {logging_mixin.py:190} INFO - [2024-09-06T19:50:27.362-0500] {dagbag.py:587} INFO - Filling up the DagBag from /Users/binhpham/Library/Python/3.9/lib/python/site-packages/airflow/example_dags/plugins/decreasing_priority_weight_strategy.py
[2024-09-06T19:50:27.363-0500] {processor.py:927} WARNING - No viable dags retrieved from /Users/binhpham/Library/Python/3.9/lib/python/site-packages/airflow/example_dags/plugins/decreasing_priority_weight_strategy.py
[2024-09-06T19:50:27.402-0500] {processor.py:208} INFO - Processing /Users/binhpham/Library/Python/3.9/lib/python/site-packages/airflow/example_dags/plugins/decreasing_priority_weight_strategy.py took 0.044 seconds
[2024-09-06T19:51:48.965-0500] {processor.py:186} INFO - Started process (PID=36037) to work on /Users/binhpham/Library/Python/3.9/lib/python/site-packages/airflow/example_dags/plugins/decreasing_priority_weight_strategy.py
[2024-09-06T19:51:48.967-0500] {processor.py:914} INFO - Processing file /Users/binhpham/Library/Python/3.9/lib/python/site-packages/airflow/example_dags/plugins/decreasing_priority_weight_strategy.py for tasks to queue
[2024-09-06T19:51:48.967-0500] {logging_mixin.py:190} INFO - [2024-09-06T19:51:48.967-0500] {dagbag.py:587} INFO - Filling up the DagBag from /Users/binhpham/Library/Python/3.9/lib/python/site-packages/airflow/example_dags/plugins/decreasing_priority_weight_strategy.py
[2024-09-06T19:51:48.968-0500] {processor.py:927} WARNING - No viable dags retrieved from /Users/binhpham/Library/Python/3.9/lib/python/site-packages/airflow/example_dags/plugins/decreasing_priority_weight_strategy.py
[2024-09-06T19:51:49.011-0500] {processor.py:208} INFO - Processing /Users/binhpham/Library/Python/3.9/lib/python/site-packages/airflow/example_dags/plugins/decreasing_priority_weight_strategy.py took 0.047 seconds
[2024-09-06T19:53:09.326-0500] {processor.py:186} INFO - Started process (PID=36301) to work on /Users/binhpham/Library/Python/3.9/lib/python/site-packages/airflow/example_dags/plugins/decreasing_priority_weight_strategy.py
[2024-09-06T19:53:09.328-0500] {processor.py:914} INFO - Processing file /Users/binhpham/Library/Python/3.9/lib/python/site-packages/airflow/example_dags/plugins/decreasing_priority_weight_strategy.py for tasks to queue
[2024-09-06T19:53:09.329-0500] {logging_mixin.py:190} INFO - [2024-09-06T19:53:09.329-0500] {dagbag.py:587} INFO - Filling up the DagBag from /Users/binhpham/Library/Python/3.9/lib/python/site-packages/airflow/example_dags/plugins/decreasing_priority_weight_strategy.py
[2024-09-06T19:53:09.329-0500] {processor.py:927} WARNING - No viable dags retrieved from /Users/binhpham/Library/Python/3.9/lib/python/site-packages/airflow/example_dags/plugins/decreasing_priority_weight_strategy.py
[2024-09-06T19:53:09.368-0500] {processor.py:208} INFO - Processing /Users/binhpham/Library/Python/3.9/lib/python/site-packages/airflow/example_dags/plugins/decreasing_priority_weight_strategy.py took 0.043 seconds
[2024-09-06T19:53:36.875-0500] {processor.py:186} INFO - Started process (PID=36425) to work on /Users/binhpham/Library/Python/3.9/lib/python/site-packages/airflow/example_dags/plugins/decreasing_priority_weight_strategy.py
[2024-09-06T19:53:36.878-0500] {processor.py:914} INFO - Processing file /Users/binhpham/Library/Python/3.9/lib/python/site-packages/airflow/example_dags/plugins/decreasing_priority_weight_strategy.py for tasks to queue
[2024-09-06T19:53:36.878-0500] {logging_mixin.py:190} INFO - [2024-09-06T19:53:36.878-0500] {dagbag.py:587} INFO - Filling up the DagBag from /Users/binhpham/Library/Python/3.9/lib/python/site-packages/airflow/example_dags/plugins/decreasing_priority_weight_strategy.py
[2024-09-06T19:53:36.879-0500] {processor.py:927} WARNING - No viable dags retrieved from /Users/binhpham/Library/Python/3.9/lib/python/site-packages/airflow/example_dags/plugins/decreasing_priority_weight_strategy.py
[2024-09-06T19:53:36.920-0500] {processor.py:208} INFO - Processing /Users/binhpham/Library/Python/3.9/lib/python/site-packages/airflow/example_dags/plugins/decreasing_priority_weight_strategy.py took 0.046 seconds
[2024-09-06T19:55:27.520-0500] {processor.py:186} INFO - Started process (PID=36802) to work on /Users/binhpham/Library/Python/3.9/lib/python/site-packages/airflow/example_dags/plugins/decreasing_priority_weight_strategy.py
[2024-09-06T19:55:27.522-0500] {processor.py:914} INFO - Processing file /Users/binhpham/Library/Python/3.9/lib/python/site-packages/airflow/example_dags/plugins/decreasing_priority_weight_strategy.py for tasks to queue
[2024-09-06T19:55:27.522-0500] {logging_mixin.py:190} INFO - [2024-09-06T19:55:27.522-0500] {dagbag.py:587} INFO - Filling up the DagBag from /Users/binhpham/Library/Python/3.9/lib/python/site-packages/airflow/example_dags/plugins/decreasing_priority_weight_strategy.py
[2024-09-06T19:55:27.523-0500] {processor.py:927} WARNING - No viable dags retrieved from /Users/binhpham/Library/Python/3.9/lib/python/site-packages/airflow/example_dags/plugins/decreasing_priority_weight_strategy.py
[2024-09-06T19:55:27.565-0500] {processor.py:208} INFO - Processing /Users/binhpham/Library/Python/3.9/lib/python/site-packages/airflow/example_dags/plugins/decreasing_priority_weight_strategy.py took 0.047 seconds
[2024-09-06T19:56:50.428-0500] {processor.py:186} INFO - Started process (PID=37058) to work on /Users/binhpham/Library/Python/3.9/lib/python/site-packages/airflow/example_dags/plugins/decreasing_priority_weight_strategy.py
[2024-09-06T19:56:50.431-0500] {processor.py:914} INFO - Processing file /Users/binhpham/Library/Python/3.9/lib/python/site-packages/airflow/example_dags/plugins/decreasing_priority_weight_strategy.py for tasks to queue
[2024-09-06T19:56:50.431-0500] {logging_mixin.py:190} INFO - [2024-09-06T19:56:50.431-0500] {dagbag.py:587} INFO - Filling up the DagBag from /Users/binhpham/Library/Python/3.9/lib/python/site-packages/airflow/example_dags/plugins/decreasing_priority_weight_strategy.py
[2024-09-06T19:56:50.432-0500] {processor.py:927} WARNING - No viable dags retrieved from /Users/binhpham/Library/Python/3.9/lib/python/site-packages/airflow/example_dags/plugins/decreasing_priority_weight_strategy.py
[2024-09-06T19:56:50.472-0500] {processor.py:208} INFO - Processing /Users/binhpham/Library/Python/3.9/lib/python/site-packages/airflow/example_dags/plugins/decreasing_priority_weight_strategy.py took 0.045 seconds
[2024-09-06T19:58:12.511-0500] {processor.py:186} INFO - Started process (PID=37306) to work on /Users/binhpham/Library/Python/3.9/lib/python/site-packages/airflow/example_dags/plugins/decreasing_priority_weight_strategy.py
[2024-09-06T19:58:12.514-0500] {processor.py:914} INFO - Processing file /Users/binhpham/Library/Python/3.9/lib/python/site-packages/airflow/example_dags/plugins/decreasing_priority_weight_strategy.py for tasks to queue
[2024-09-06T19:58:12.514-0500] {logging_mixin.py:190} INFO - [2024-09-06T19:58:12.514-0500] {dagbag.py:587} INFO - Filling up the DagBag from /Users/binhpham/Library/Python/3.9/lib/python/site-packages/airflow/example_dags/plugins/decreasing_priority_weight_strategy.py
[2024-09-06T19:58:12.515-0500] {processor.py:927} WARNING - No viable dags retrieved from /Users/binhpham/Library/Python/3.9/lib/python/site-packages/airflow/example_dags/plugins/decreasing_priority_weight_strategy.py
[2024-09-06T19:58:12.557-0500] {processor.py:208} INFO - Processing /Users/binhpham/Library/Python/3.9/lib/python/site-packages/airflow/example_dags/plugins/decreasing_priority_weight_strategy.py took 0.047 seconds
[2024-09-06T19:59:34.388-0500] {processor.py:186} INFO - Started process (PID=37557) to work on /Users/binhpham/Library/Python/3.9/lib/python/site-packages/airflow/example_dags/plugins/decreasing_priority_weight_strategy.py
[2024-09-06T19:59:34.390-0500] {processor.py:914} INFO - Processing file /Users/binhpham/Library/Python/3.9/lib/python/site-packages/airflow/example_dags/plugins/decreasing_priority_weight_strategy.py for tasks to queue
[2024-09-06T19:59:34.391-0500] {logging_mixin.py:190} INFO - [2024-09-06T19:59:34.390-0500] {dagbag.py:587} INFO - Filling up the DagBag from /Users/binhpham/Library/Python/3.9/lib/python/site-packages/airflow/example_dags/plugins/decreasing_priority_weight_strategy.py
[2024-09-06T19:59:34.391-0500] {processor.py:927} WARNING - No viable dags retrieved from /Users/binhpham/Library/Python/3.9/lib/python/site-packages/airflow/example_dags/plugins/decreasing_priority_weight_strategy.py
[2024-09-06T19:59:34.432-0500] {processor.py:208} INFO - Processing /Users/binhpham/Library/Python/3.9/lib/python/site-packages/airflow/example_dags/plugins/decreasing_priority_weight_strategy.py took 0.045 seconds
[2024-09-06T20:00:55.150-0500] {processor.py:186} INFO - Started process (PID=37808) to work on /Users/binhpham/Library/Python/3.9/lib/python/site-packages/airflow/example_dags/plugins/decreasing_priority_weight_strategy.py
[2024-09-06T20:00:55.152-0500] {processor.py:914} INFO - Processing file /Users/binhpham/Library/Python/3.9/lib/python/site-packages/airflow/example_dags/plugins/decreasing_priority_weight_strategy.py for tasks to queue
[2024-09-06T20:00:55.153-0500] {logging_mixin.py:190} INFO - [2024-09-06T20:00:55.152-0500] {dagbag.py:587} INFO - Filling up the DagBag from /Users/binhpham/Library/Python/3.9/lib/python/site-packages/airflow/example_dags/plugins/decreasing_priority_weight_strategy.py
[2024-09-06T20:00:55.153-0500] {processor.py:927} WARNING - No viable dags retrieved from /Users/binhpham/Library/Python/3.9/lib/python/site-packages/airflow/example_dags/plugins/decreasing_priority_weight_strategy.py
[2024-09-06T20:00:55.193-0500] {processor.py:208} INFO - Processing /Users/binhpham/Library/Python/3.9/lib/python/site-packages/airflow/example_dags/plugins/decreasing_priority_weight_strategy.py took 0.045 seconds
[2024-09-06T20:02:16.437-0500] {processor.py:186} INFO - Started process (PID=38061) to work on /Users/binhpham/Library/Python/3.9/lib/python/site-packages/airflow/example_dags/plugins/decreasing_priority_weight_strategy.py
[2024-09-06T20:02:16.438-0500] {processor.py:914} INFO - Processing file /Users/binhpham/Library/Python/3.9/lib/python/site-packages/airflow/example_dags/plugins/decreasing_priority_weight_strategy.py for tasks to queue
[2024-09-06T20:02:16.439-0500] {logging_mixin.py:190} INFO - [2024-09-06T20:02:16.439-0500] {dagbag.py:587} INFO - Filling up the DagBag from /Users/binhpham/Library/Python/3.9/lib/python/site-packages/airflow/example_dags/plugins/decreasing_priority_weight_strategy.py
[2024-09-06T20:02:16.439-0500] {processor.py:927} WARNING - No viable dags retrieved from /Users/binhpham/Library/Python/3.9/lib/python/site-packages/airflow/example_dags/plugins/decreasing_priority_weight_strategy.py
[2024-09-06T20:02:16.480-0500] {processor.py:208} INFO - Processing /Users/binhpham/Library/Python/3.9/lib/python/site-packages/airflow/example_dags/plugins/decreasing_priority_weight_strategy.py took 0.045 seconds
[2024-09-06T20:03:35.445-0500] {processor.py:186} INFO - Started process (PID=38306) to work on /Users/binhpham/Library/Python/3.9/lib/python/site-packages/airflow/example_dags/plugins/decreasing_priority_weight_strategy.py
[2024-09-06T20:03:35.448-0500] {processor.py:914} INFO - Processing file /Users/binhpham/Library/Python/3.9/lib/python/site-packages/airflow/example_dags/plugins/decreasing_priority_weight_strategy.py for tasks to queue
[2024-09-06T20:03:35.448-0500] {logging_mixin.py:190} INFO - [2024-09-06T20:03:35.448-0500] {dagbag.py:587} INFO - Filling up the DagBag from /Users/binhpham/Library/Python/3.9/lib/python/site-packages/airflow/example_dags/plugins/decreasing_priority_weight_strategy.py
[2024-09-06T20:03:35.449-0500] {processor.py:927} WARNING - No viable dags retrieved from /Users/binhpham/Library/Python/3.9/lib/python/site-packages/airflow/example_dags/plugins/decreasing_priority_weight_strategy.py
[2024-09-06T20:03:35.489-0500] {processor.py:208} INFO - Processing /Users/binhpham/Library/Python/3.9/lib/python/site-packages/airflow/example_dags/plugins/decreasing_priority_weight_strategy.py took 0.045 seconds
[2024-09-06T20:04:55.006-0500] {processor.py:186} INFO - Started process (PID=38546) to work on /Users/binhpham/Library/Python/3.9/lib/python/site-packages/airflow/example_dags/plugins/decreasing_priority_weight_strategy.py
[2024-09-06T20:04:55.008-0500] {processor.py:914} INFO - Processing file /Users/binhpham/Library/Python/3.9/lib/python/site-packages/airflow/example_dags/plugins/decreasing_priority_weight_strategy.py for tasks to queue
[2024-09-06T20:04:55.008-0500] {logging_mixin.py:190} INFO - [2024-09-06T20:04:55.008-0500] {dagbag.py:587} INFO - Filling up the DagBag from /Users/binhpham/Library/Python/3.9/lib/python/site-packages/airflow/example_dags/plugins/decreasing_priority_weight_strategy.py
[2024-09-06T20:04:55.009-0500] {processor.py:927} WARNING - No viable dags retrieved from /Users/binhpham/Library/Python/3.9/lib/python/site-packages/airflow/example_dags/plugins/decreasing_priority_weight_strategy.py
[2024-09-06T20:04:55.052-0500] {processor.py:208} INFO - Processing /Users/binhpham/Library/Python/3.9/lib/python/site-packages/airflow/example_dags/plugins/decreasing_priority_weight_strategy.py took 0.047 seconds
[2024-09-06T20:06:16.240-0500] {processor.py:186} INFO - Started process (PID=38797) to work on /Users/binhpham/Library/Python/3.9/lib/python/site-packages/airflow/example_dags/plugins/decreasing_priority_weight_strategy.py
[2024-09-06T20:06:16.242-0500] {processor.py:914} INFO - Processing file /Users/binhpham/Library/Python/3.9/lib/python/site-packages/airflow/example_dags/plugins/decreasing_priority_weight_strategy.py for tasks to queue
[2024-09-06T20:06:16.242-0500] {logging_mixin.py:190} INFO - [2024-09-06T20:06:16.242-0500] {dagbag.py:587} INFO - Filling up the DagBag from /Users/binhpham/Library/Python/3.9/lib/python/site-packages/airflow/example_dags/plugins/decreasing_priority_weight_strategy.py
[2024-09-06T20:06:16.243-0500] {processor.py:927} WARNING - No viable dags retrieved from /Users/binhpham/Library/Python/3.9/lib/python/site-packages/airflow/example_dags/plugins/decreasing_priority_weight_strategy.py
[2024-09-06T20:06:16.282-0500] {processor.py:208} INFO - Processing /Users/binhpham/Library/Python/3.9/lib/python/site-packages/airflow/example_dags/plugins/decreasing_priority_weight_strategy.py took 0.044 seconds
[2024-09-06T20:07:36.166-0500] {processor.py:186} INFO - Started process (PID=39036) to work on /Users/binhpham/Library/Python/3.9/lib/python/site-packages/airflow/example_dags/plugins/decreasing_priority_weight_strategy.py
[2024-09-06T20:07:36.168-0500] {processor.py:914} INFO - Processing file /Users/binhpham/Library/Python/3.9/lib/python/site-packages/airflow/example_dags/plugins/decreasing_priority_weight_strategy.py for tasks to queue
[2024-09-06T20:07:36.168-0500] {logging_mixin.py:190} INFO - [2024-09-06T20:07:36.168-0500] {dagbag.py:587} INFO - Filling up the DagBag from /Users/binhpham/Library/Python/3.9/lib/python/site-packages/airflow/example_dags/plugins/decreasing_priority_weight_strategy.py
[2024-09-06T20:07:36.168-0500] {processor.py:927} WARNING - No viable dags retrieved from /Users/binhpham/Library/Python/3.9/lib/python/site-packages/airflow/example_dags/plugins/decreasing_priority_weight_strategy.py
[2024-09-06T20:07:36.210-0500] {processor.py:208} INFO - Processing /Users/binhpham/Library/Python/3.9/lib/python/site-packages/airflow/example_dags/plugins/decreasing_priority_weight_strategy.py took 0.045 seconds
[2024-09-06T20:08:56.876-0500] {processor.py:186} INFO - Started process (PID=39283) to work on /Users/binhpham/Library/Python/3.9/lib/python/site-packages/airflow/example_dags/plugins/decreasing_priority_weight_strategy.py
[2024-09-06T20:08:56.878-0500] {processor.py:914} INFO - Processing file /Users/binhpham/Library/Python/3.9/lib/python/site-packages/airflow/example_dags/plugins/decreasing_priority_weight_strategy.py for tasks to queue
[2024-09-06T20:08:56.879-0500] {logging_mixin.py:190} INFO - [2024-09-06T20:08:56.878-0500] {dagbag.py:587} INFO - Filling up the DagBag from /Users/binhpham/Library/Python/3.9/lib/python/site-packages/airflow/example_dags/plugins/decreasing_priority_weight_strategy.py
[2024-09-06T20:08:56.879-0500] {processor.py:927} WARNING - No viable dags retrieved from /Users/binhpham/Library/Python/3.9/lib/python/site-packages/airflow/example_dags/plugins/decreasing_priority_weight_strategy.py
[2024-09-06T20:08:56.921-0500] {processor.py:208} INFO - Processing /Users/binhpham/Library/Python/3.9/lib/python/site-packages/airflow/example_dags/plugins/decreasing_priority_weight_strategy.py took 0.046 seconds
[2024-09-06T20:10:24.288-0500] {processor.py:186} INFO - Started process (PID=39574) to work on /Users/binhpham/Library/Python/3.9/lib/python/site-packages/airflow/example_dags/plugins/decreasing_priority_weight_strategy.py
[2024-09-06T20:10:24.290-0500] {processor.py:914} INFO - Processing file /Users/binhpham/Library/Python/3.9/lib/python/site-packages/airflow/example_dags/plugins/decreasing_priority_weight_strategy.py for tasks to queue
[2024-09-06T20:10:24.290-0500] {logging_mixin.py:190} INFO - [2024-09-06T20:10:24.290-0500] {dagbag.py:587} INFO - Filling up the DagBag from /Users/binhpham/Library/Python/3.9/lib/python/site-packages/airflow/example_dags/plugins/decreasing_priority_weight_strategy.py
[2024-09-06T20:10:24.291-0500] {processor.py:927} WARNING - No viable dags retrieved from /Users/binhpham/Library/Python/3.9/lib/python/site-packages/airflow/example_dags/plugins/decreasing_priority_weight_strategy.py
[2024-09-06T20:10:24.332-0500] {processor.py:208} INFO - Processing /Users/binhpham/Library/Python/3.9/lib/python/site-packages/airflow/example_dags/plugins/decreasing_priority_weight_strategy.py took 0.046 seconds
[2024-09-06T20:11:43.874-0500] {processor.py:186} INFO - Started process (PID=39844) to work on /Users/binhpham/Library/Python/3.9/lib/python/site-packages/airflow/example_dags/plugins/decreasing_priority_weight_strategy.py
[2024-09-06T20:11:43.875-0500] {processor.py:914} INFO - Processing file /Users/binhpham/Library/Python/3.9/lib/python/site-packages/airflow/example_dags/plugins/decreasing_priority_weight_strategy.py for tasks to queue
[2024-09-06T20:11:43.876-0500] {logging_mixin.py:190} INFO - [2024-09-06T20:11:43.876-0500] {dagbag.py:587} INFO - Filling up the DagBag from /Users/binhpham/Library/Python/3.9/lib/python/site-packages/airflow/example_dags/plugins/decreasing_priority_weight_strategy.py
[2024-09-06T20:11:43.877-0500] {processor.py:927} WARNING - No viable dags retrieved from /Users/binhpham/Library/Python/3.9/lib/python/site-packages/airflow/example_dags/plugins/decreasing_priority_weight_strategy.py
[2024-09-06T20:11:43.916-0500] {processor.py:208} INFO - Processing /Users/binhpham/Library/Python/3.9/lib/python/site-packages/airflow/example_dags/plugins/decreasing_priority_weight_strategy.py took 0.043 seconds
[2024-09-06T20:13:05.789-0500] {processor.py:186} INFO - Started process (PID=40122) to work on /Users/binhpham/Library/Python/3.9/lib/python/site-packages/airflow/example_dags/plugins/decreasing_priority_weight_strategy.py
[2024-09-06T20:13:05.790-0500] {processor.py:914} INFO - Processing file /Users/binhpham/Library/Python/3.9/lib/python/site-packages/airflow/example_dags/plugins/decreasing_priority_weight_strategy.py for tasks to queue
[2024-09-06T20:13:05.791-0500] {logging_mixin.py:190} INFO - [2024-09-06T20:13:05.791-0500] {dagbag.py:587} INFO - Filling up the DagBag from /Users/binhpham/Library/Python/3.9/lib/python/site-packages/airflow/example_dags/plugins/decreasing_priority_weight_strategy.py
[2024-09-06T20:13:05.792-0500] {processor.py:927} WARNING - No viable dags retrieved from /Users/binhpham/Library/Python/3.9/lib/python/site-packages/airflow/example_dags/plugins/decreasing_priority_weight_strategy.py
[2024-09-06T20:13:05.833-0500] {processor.py:208} INFO - Processing /Users/binhpham/Library/Python/3.9/lib/python/site-packages/airflow/example_dags/plugins/decreasing_priority_weight_strategy.py took 0.046 seconds
[2024-09-06T20:14:27.269-0500] {processor.py:186} INFO - Started process (PID=40385) to work on /Users/binhpham/Library/Python/3.9/lib/python/site-packages/airflow/example_dags/plugins/decreasing_priority_weight_strategy.py
[2024-09-06T20:14:27.271-0500] {processor.py:914} INFO - Processing file /Users/binhpham/Library/Python/3.9/lib/python/site-packages/airflow/example_dags/plugins/decreasing_priority_weight_strategy.py for tasks to queue
[2024-09-06T20:14:27.272-0500] {logging_mixin.py:190} INFO - [2024-09-06T20:14:27.272-0500] {dagbag.py:587} INFO - Filling up the DagBag from /Users/binhpham/Library/Python/3.9/lib/python/site-packages/airflow/example_dags/plugins/decreasing_priority_weight_strategy.py
[2024-09-06T20:14:27.272-0500] {processor.py:927} WARNING - No viable dags retrieved from /Users/binhpham/Library/Python/3.9/lib/python/site-packages/airflow/example_dags/plugins/decreasing_priority_weight_strategy.py
[2024-09-06T20:14:27.316-0500] {processor.py:208} INFO - Processing /Users/binhpham/Library/Python/3.9/lib/python/site-packages/airflow/example_dags/plugins/decreasing_priority_weight_strategy.py took 0.048 seconds
[2024-09-06T20:14:59.164-0500] {processor.py:186} INFO - Started process (PID=40521) to work on /Users/binhpham/Library/Python/3.9/lib/python/site-packages/airflow/example_dags/plugins/decreasing_priority_weight_strategy.py
[2024-09-06T20:14:59.166-0500] {processor.py:914} INFO - Processing file /Users/binhpham/Library/Python/3.9/lib/python/site-packages/airflow/example_dags/plugins/decreasing_priority_weight_strategy.py for tasks to queue
[2024-09-06T20:14:59.166-0500] {logging_mixin.py:190} INFO - [2024-09-06T20:14:59.166-0500] {dagbag.py:587} INFO - Filling up the DagBag from /Users/binhpham/Library/Python/3.9/lib/python/site-packages/airflow/example_dags/plugins/decreasing_priority_weight_strategy.py
[2024-09-06T20:14:59.167-0500] {processor.py:927} WARNING - No viable dags retrieved from /Users/binhpham/Library/Python/3.9/lib/python/site-packages/airflow/example_dags/plugins/decreasing_priority_weight_strategy.py
[2024-09-06T20:14:59.213-0500] {processor.py:208} INFO - Processing /Users/binhpham/Library/Python/3.9/lib/python/site-packages/airflow/example_dags/plugins/decreasing_priority_weight_strategy.py took 0.050 seconds
[2024-09-06T20:21:49.673-0500] {processor.py:186} INFO - Started process (PID=42733) to work on /Users/binhpham/Library/Python/3.9/lib/python/site-packages/airflow/example_dags/plugins/decreasing_priority_weight_strategy.py
[2024-09-06T20:21:49.677-0500] {processor.py:914} INFO - Processing file /Users/binhpham/Library/Python/3.9/lib/python/site-packages/airflow/example_dags/plugins/decreasing_priority_weight_strategy.py for tasks to queue
[2024-09-06T20:21:49.677-0500] {logging_mixin.py:190} INFO - [2024-09-06T20:21:49.677-0500] {dagbag.py:587} INFO - Filling up the DagBag from /Users/binhpham/Library/Python/3.9/lib/python/site-packages/airflow/example_dags/plugins/decreasing_priority_weight_strategy.py
[2024-09-06T20:21:49.678-0500] {processor.py:927} WARNING - No viable dags retrieved from /Users/binhpham/Library/Python/3.9/lib/python/site-packages/airflow/example_dags/plugins/decreasing_priority_weight_strategy.py
[2024-09-06T20:21:49.727-0500] {processor.py:208} INFO - Processing /Users/binhpham/Library/Python/3.9/lib/python/site-packages/airflow/example_dags/plugins/decreasing_priority_weight_strategy.py took 0.055 seconds
[2024-09-06T20:23:41.358-0500] {processor.py:186} INFO - Started process (PID=43094) to work on /Users/binhpham/Library/Python/3.9/lib/python/site-packages/airflow/example_dags/plugins/decreasing_priority_weight_strategy.py
[2024-09-06T20:23:41.360-0500] {processor.py:914} INFO - Processing file /Users/binhpham/Library/Python/3.9/lib/python/site-packages/airflow/example_dags/plugins/decreasing_priority_weight_strategy.py for tasks to queue
[2024-09-06T20:23:41.360-0500] {logging_mixin.py:190} INFO - [2024-09-06T20:23:41.360-0500] {dagbag.py:587} INFO - Filling up the DagBag from /Users/binhpham/Library/Python/3.9/lib/python/site-packages/airflow/example_dags/plugins/decreasing_priority_weight_strategy.py
[2024-09-06T20:23:41.361-0500] {processor.py:927} WARNING - No viable dags retrieved from /Users/binhpham/Library/Python/3.9/lib/python/site-packages/airflow/example_dags/plugins/decreasing_priority_weight_strategy.py
[2024-09-06T20:23:41.401-0500] {processor.py:208} INFO - Processing /Users/binhpham/Library/Python/3.9/lib/python/site-packages/airflow/example_dags/plugins/decreasing_priority_weight_strategy.py took 0.045 seconds
[2024-09-06T20:25:04.731-0500] {processor.py:186} INFO - Started process (PID=43354) to work on /Users/binhpham/Library/Python/3.9/lib/python/site-packages/airflow/example_dags/plugins/decreasing_priority_weight_strategy.py
[2024-09-06T20:25:04.733-0500] {processor.py:914} INFO - Processing file /Users/binhpham/Library/Python/3.9/lib/python/site-packages/airflow/example_dags/plugins/decreasing_priority_weight_strategy.py for tasks to queue
[2024-09-06T20:25:04.734-0500] {logging_mixin.py:190} INFO - [2024-09-06T20:25:04.734-0500] {dagbag.py:587} INFO - Filling up the DagBag from /Users/binhpham/Library/Python/3.9/lib/python/site-packages/airflow/example_dags/plugins/decreasing_priority_weight_strategy.py
[2024-09-06T20:25:04.734-0500] {processor.py:927} WARNING - No viable dags retrieved from /Users/binhpham/Library/Python/3.9/lib/python/site-packages/airflow/example_dags/plugins/decreasing_priority_weight_strategy.py
[2024-09-06T20:25:04.774-0500] {processor.py:208} INFO - Processing /Users/binhpham/Library/Python/3.9/lib/python/site-packages/airflow/example_dags/plugins/decreasing_priority_weight_strategy.py took 0.045 seconds
[2024-09-06T20:26:27.765-0500] {processor.py:186} INFO - Started process (PID=43628) to work on /Users/binhpham/Library/Python/3.9/lib/python/site-packages/airflow/example_dags/plugins/decreasing_priority_weight_strategy.py
[2024-09-06T20:26:27.767-0500] {processor.py:914} INFO - Processing file /Users/binhpham/Library/Python/3.9/lib/python/site-packages/airflow/example_dags/plugins/decreasing_priority_weight_strategy.py for tasks to queue
[2024-09-06T20:26:27.767-0500] {logging_mixin.py:190} INFO - [2024-09-06T20:26:27.767-0500] {dagbag.py:587} INFO - Filling up the DagBag from /Users/binhpham/Library/Python/3.9/lib/python/site-packages/airflow/example_dags/plugins/decreasing_priority_weight_strategy.py
[2024-09-06T20:26:27.768-0500] {processor.py:927} WARNING - No viable dags retrieved from /Users/binhpham/Library/Python/3.9/lib/python/site-packages/airflow/example_dags/plugins/decreasing_priority_weight_strategy.py
[2024-09-06T20:26:27.812-0500] {processor.py:208} INFO - Processing /Users/binhpham/Library/Python/3.9/lib/python/site-packages/airflow/example_dags/plugins/decreasing_priority_weight_strategy.py took 0.048 seconds
[2024-09-06T20:26:58.052-0500] {processor.py:186} INFO - Started process (PID=43749) to work on /Users/binhpham/Library/Python/3.9/lib/python/site-packages/airflow/example_dags/plugins/decreasing_priority_weight_strategy.py
[2024-09-06T20:26:58.055-0500] {processor.py:914} INFO - Processing file /Users/binhpham/Library/Python/3.9/lib/python/site-packages/airflow/example_dags/plugins/decreasing_priority_weight_strategy.py for tasks to queue
[2024-09-06T20:26:58.056-0500] {logging_mixin.py:190} INFO - [2024-09-06T20:26:58.055-0500] {dagbag.py:587} INFO - Filling up the DagBag from /Users/binhpham/Library/Python/3.9/lib/python/site-packages/airflow/example_dags/plugins/decreasing_priority_weight_strategy.py
[2024-09-06T20:26:58.056-0500] {processor.py:927} WARNING - No viable dags retrieved from /Users/binhpham/Library/Python/3.9/lib/python/site-packages/airflow/example_dags/plugins/decreasing_priority_weight_strategy.py
[2024-09-06T20:26:58.095-0500] {processor.py:208} INFO - Processing /Users/binhpham/Library/Python/3.9/lib/python/site-packages/airflow/example_dags/plugins/decreasing_priority_weight_strategy.py took 0.044 seconds
[2024-09-06T20:28:48.304-0500] {processor.py:186} INFO - Started process (PID=44107) to work on /Users/binhpham/Library/Python/3.9/lib/python/site-packages/airflow/example_dags/plugins/decreasing_priority_weight_strategy.py
[2024-09-06T20:28:48.307-0500] {processor.py:914} INFO - Processing file /Users/binhpham/Library/Python/3.9/lib/python/site-packages/airflow/example_dags/plugins/decreasing_priority_weight_strategy.py for tasks to queue
[2024-09-06T20:28:48.307-0500] {logging_mixin.py:190} INFO - [2024-09-06T20:28:48.307-0500] {dagbag.py:587} INFO - Filling up the DagBag from /Users/binhpham/Library/Python/3.9/lib/python/site-packages/airflow/example_dags/plugins/decreasing_priority_weight_strategy.py
[2024-09-06T20:28:48.308-0500] {processor.py:927} WARNING - No viable dags retrieved from /Users/binhpham/Library/Python/3.9/lib/python/site-packages/airflow/example_dags/plugins/decreasing_priority_weight_strategy.py
[2024-09-06T20:28:48.351-0500] {processor.py:208} INFO - Processing /Users/binhpham/Library/Python/3.9/lib/python/site-packages/airflow/example_dags/plugins/decreasing_priority_weight_strategy.py took 0.049 seconds
[2024-09-06T20:30:10.324-0500] {processor.py:186} INFO - Started process (PID=44389) to work on /Users/binhpham/Library/Python/3.9/lib/python/site-packages/airflow/example_dags/plugins/decreasing_priority_weight_strategy.py
[2024-09-06T20:30:10.326-0500] {processor.py:914} INFO - Processing file /Users/binhpham/Library/Python/3.9/lib/python/site-packages/airflow/example_dags/plugins/decreasing_priority_weight_strategy.py for tasks to queue
[2024-09-06T20:30:10.326-0500] {logging_mixin.py:190} INFO - [2024-09-06T20:30:10.326-0500] {dagbag.py:587} INFO - Filling up the DagBag from /Users/binhpham/Library/Python/3.9/lib/python/site-packages/airflow/example_dags/plugins/decreasing_priority_weight_strategy.py
[2024-09-06T20:30:10.327-0500] {processor.py:927} WARNING - No viable dags retrieved from /Users/binhpham/Library/Python/3.9/lib/python/site-packages/airflow/example_dags/plugins/decreasing_priority_weight_strategy.py
[2024-09-06T20:30:10.366-0500] {processor.py:208} INFO - Processing /Users/binhpham/Library/Python/3.9/lib/python/site-packages/airflow/example_dags/plugins/decreasing_priority_weight_strategy.py took 0.044 seconds
[2024-09-06T20:31:31.872-0500] {processor.py:186} INFO - Started process (PID=44639) to work on /Users/binhpham/Library/Python/3.9/lib/python/site-packages/airflow/example_dags/plugins/decreasing_priority_weight_strategy.py
[2024-09-06T20:31:31.874-0500] {processor.py:914} INFO - Processing file /Users/binhpham/Library/Python/3.9/lib/python/site-packages/airflow/example_dags/plugins/decreasing_priority_weight_strategy.py for tasks to queue
[2024-09-06T20:31:31.875-0500] {logging_mixin.py:190} INFO - [2024-09-06T20:31:31.875-0500] {dagbag.py:587} INFO - Filling up the DagBag from /Users/binhpham/Library/Python/3.9/lib/python/site-packages/airflow/example_dags/plugins/decreasing_priority_weight_strategy.py
[2024-09-06T20:31:31.875-0500] {processor.py:927} WARNING - No viable dags retrieved from /Users/binhpham/Library/Python/3.9/lib/python/site-packages/airflow/example_dags/plugins/decreasing_priority_weight_strategy.py
[2024-09-06T20:31:31.914-0500] {processor.py:208} INFO - Processing /Users/binhpham/Library/Python/3.9/lib/python/site-packages/airflow/example_dags/plugins/decreasing_priority_weight_strategy.py took 0.043 seconds
[2024-09-06T20:32:53.603-0500] {processor.py:186} INFO - Started process (PID=44915) to work on /Users/binhpham/Library/Python/3.9/lib/python/site-packages/airflow/example_dags/plugins/decreasing_priority_weight_strategy.py
[2024-09-06T20:32:53.605-0500] {processor.py:914} INFO - Processing file /Users/binhpham/Library/Python/3.9/lib/python/site-packages/airflow/example_dags/plugins/decreasing_priority_weight_strategy.py for tasks to queue
[2024-09-06T20:32:53.606-0500] {logging_mixin.py:190} INFO - [2024-09-06T20:32:53.606-0500] {dagbag.py:587} INFO - Filling up the DagBag from /Users/binhpham/Library/Python/3.9/lib/python/site-packages/airflow/example_dags/plugins/decreasing_priority_weight_strategy.py
[2024-09-06T20:32:53.606-0500] {processor.py:927} WARNING - No viable dags retrieved from /Users/binhpham/Library/Python/3.9/lib/python/site-packages/airflow/example_dags/plugins/decreasing_priority_weight_strategy.py
[2024-09-06T20:32:53.647-0500] {processor.py:208} INFO - Processing /Users/binhpham/Library/Python/3.9/lib/python/site-packages/airflow/example_dags/plugins/decreasing_priority_weight_strategy.py took 0.045 seconds
[2024-09-06T20:33:29.466-0500] {processor.py:186} INFO - Started process (PID=45047) to work on /Users/binhpham/Library/Python/3.9/lib/python/site-packages/airflow/example_dags/plugins/decreasing_priority_weight_strategy.py
[2024-09-06T20:33:29.468-0500] {processor.py:914} INFO - Processing file /Users/binhpham/Library/Python/3.9/lib/python/site-packages/airflow/example_dags/plugins/decreasing_priority_weight_strategy.py for tasks to queue
[2024-09-06T20:33:29.469-0500] {logging_mixin.py:190} INFO - [2024-09-06T20:33:29.469-0500] {dagbag.py:587} INFO - Filling up the DagBag from /Users/binhpham/Library/Python/3.9/lib/python/site-packages/airflow/example_dags/plugins/decreasing_priority_weight_strategy.py
[2024-09-06T20:33:29.469-0500] {processor.py:927} WARNING - No viable dags retrieved from /Users/binhpham/Library/Python/3.9/lib/python/site-packages/airflow/example_dags/plugins/decreasing_priority_weight_strategy.py
[2024-09-06T20:33:29.512-0500] {processor.py:208} INFO - Processing /Users/binhpham/Library/Python/3.9/lib/python/site-packages/airflow/example_dags/plugins/decreasing_priority_weight_strategy.py took 0.048 seconds
[2024-09-06T20:35:21.741-0500] {processor.py:186} INFO - Started process (PID=45406) to work on /Users/binhpham/Library/Python/3.9/lib/python/site-packages/airflow/example_dags/plugins/decreasing_priority_weight_strategy.py
[2024-09-06T20:35:21.743-0500] {processor.py:914} INFO - Processing file /Users/binhpham/Library/Python/3.9/lib/python/site-packages/airflow/example_dags/plugins/decreasing_priority_weight_strategy.py for tasks to queue
[2024-09-06T20:35:21.744-0500] {logging_mixin.py:190} INFO - [2024-09-06T20:35:21.743-0500] {dagbag.py:587} INFO - Filling up the DagBag from /Users/binhpham/Library/Python/3.9/lib/python/site-packages/airflow/example_dags/plugins/decreasing_priority_weight_strategy.py
[2024-09-06T20:35:21.744-0500] {processor.py:927} WARNING - No viable dags retrieved from /Users/binhpham/Library/Python/3.9/lib/python/site-packages/airflow/example_dags/plugins/decreasing_priority_weight_strategy.py
[2024-09-06T20:35:21.784-0500] {processor.py:208} INFO - Processing /Users/binhpham/Library/Python/3.9/lib/python/site-packages/airflow/example_dags/plugins/decreasing_priority_weight_strategy.py took 0.044 seconds
[2024-09-06T20:36:42.974-0500] {processor.py:186} INFO - Started process (PID=45669) to work on /Users/binhpham/Library/Python/3.9/lib/python/site-packages/airflow/example_dags/plugins/decreasing_priority_weight_strategy.py
[2024-09-06T20:36:42.976-0500] {processor.py:914} INFO - Processing file /Users/binhpham/Library/Python/3.9/lib/python/site-packages/airflow/example_dags/plugins/decreasing_priority_weight_strategy.py for tasks to queue
[2024-09-06T20:36:42.977-0500] {logging_mixin.py:190} INFO - [2024-09-06T20:36:42.977-0500] {dagbag.py:587} INFO - Filling up the DagBag from /Users/binhpham/Library/Python/3.9/lib/python/site-packages/airflow/example_dags/plugins/decreasing_priority_weight_strategy.py
[2024-09-06T20:36:42.977-0500] {processor.py:927} WARNING - No viable dags retrieved from /Users/binhpham/Library/Python/3.9/lib/python/site-packages/airflow/example_dags/plugins/decreasing_priority_weight_strategy.py
[2024-09-06T20:36:43.022-0500] {processor.py:208} INFO - Processing /Users/binhpham/Library/Python/3.9/lib/python/site-packages/airflow/example_dags/plugins/decreasing_priority_weight_strategy.py took 0.050 seconds
[2024-09-06T20:38:04.899-0500] {processor.py:186} INFO - Started process (PID=45953) to work on /Users/binhpham/Library/Python/3.9/lib/python/site-packages/airflow/example_dags/plugins/decreasing_priority_weight_strategy.py
[2024-09-06T20:38:04.902-0500] {processor.py:914} INFO - Processing file /Users/binhpham/Library/Python/3.9/lib/python/site-packages/airflow/example_dags/plugins/decreasing_priority_weight_strategy.py for tasks to queue
[2024-09-06T20:38:04.902-0500] {logging_mixin.py:190} INFO - [2024-09-06T20:38:04.902-0500] {dagbag.py:587} INFO - Filling up the DagBag from /Users/binhpham/Library/Python/3.9/lib/python/site-packages/airflow/example_dags/plugins/decreasing_priority_weight_strategy.py
[2024-09-06T20:38:04.903-0500] {processor.py:927} WARNING - No viable dags retrieved from /Users/binhpham/Library/Python/3.9/lib/python/site-packages/airflow/example_dags/plugins/decreasing_priority_weight_strategy.py
[2024-09-06T20:38:04.944-0500] {processor.py:208} INFO - Processing /Users/binhpham/Library/Python/3.9/lib/python/site-packages/airflow/example_dags/plugins/decreasing_priority_weight_strategy.py took 0.046 seconds
