[2024-09-06T19:43:42.112-0500] {processor.py:186} INFO - Started process (PID=34241) to work on /Users/binhpham/Library/Python/3.9/lib/python/site-packages/airflow/example_dags/plugins/event_listener.py
[2024-09-06T19:43:42.114-0500] {processor.py:914} INFO - Processing file /Users/binhpham/Library/Python/3.9/lib/python/site-packages/airflow/example_dags/plugins/event_listener.py for tasks to queue
[2024-09-06T19:43:42.114-0500] {logging_mixin.py:190} INFO - [2024-09-06T19:43:42.114-0500] {dagbag.py:587} INFO - Filling up the DagBag from /Users/binhpham/Library/Python/3.9/lib/python/site-packages/airflow/example_dags/plugins/event_listener.py
[2024-09-06T19:43:42.114-0500] {processor.py:927} WARNING - No viable dags retrieved from /Users/binhpham/Library/Python/3.9/lib/python/site-packages/airflow/example_dags/plugins/event_listener.py
[2024-09-06T19:43:42.155-0500] {processor.py:208} INFO - Processing /Users/binhpham/Library/Python/3.9/lib/python/site-packages/airflow/example_dags/plugins/event_listener.py took 0.044 seconds
[2024-09-06T19:44:51.245-0500] {processor.py:186} INFO - Started process (PID=34561) to work on /Users/binhpham/Library/Python/3.9/lib/python/site-packages/airflow/example_dags/plugins/event_listener.py
[2024-09-06T19:44:51.247-0500] {processor.py:914} INFO - Processing file /Users/binhpham/Library/Python/3.9/lib/python/site-packages/airflow/example_dags/plugins/event_listener.py for tasks to queue
[2024-09-06T19:44:51.248-0500] {logging_mixin.py:190} INFO - [2024-09-06T19:44:51.248-0500] {dagbag.py:587} INFO - Filling up the DagBag from /Users/binhpham/Library/Python/3.9/lib/python/site-packages/airflow/example_dags/plugins/event_listener.py
[2024-09-06T19:44:51.248-0500] {processor.py:927} WARNING - No viable dags retrieved from /Users/binhpham/Library/Python/3.9/lib/python/site-packages/airflow/example_dags/plugins/event_listener.py
[2024-09-06T19:44:51.292-0500] {processor.py:208} INFO - Processing /Users/binhpham/Library/Python/3.9/lib/python/site-packages/airflow/example_dags/plugins/event_listener.py took 0.049 seconds
[2024-09-06T19:47:10.798-0500] {processor.py:186} INFO - Started process (PID=35139) to work on /Users/binhpham/Library/Python/3.9/lib/python/site-packages/airflow/example_dags/plugins/event_listener.py
[2024-09-06T19:47:10.800-0500] {processor.py:914} INFO - Processing file /Users/binhpham/Library/Python/3.9/lib/python/site-packages/airflow/example_dags/plugins/event_listener.py for tasks to queue
[2024-09-06T19:47:10.801-0500] {logging_mixin.py:190} INFO - [2024-09-06T19:47:10.801-0500] {dagbag.py:587} INFO - Filling up the DagBag from /Users/binhpham/Library/Python/3.9/lib/python/site-packages/airflow/example_dags/plugins/event_listener.py
[2024-09-06T19:47:10.801-0500] {processor.py:927} WARNING - No viable dags retrieved from /Users/binhpham/Library/Python/3.9/lib/python/site-packages/airflow/example_dags/plugins/event_listener.py
[2024-09-06T19:47:10.841-0500] {processor.py:208} INFO - Processing /Users/binhpham/Library/Python/3.9/lib/python/site-packages/airflow/example_dags/plugins/event_listener.py took 0.045 seconds
[2024-09-06T19:49:03.691-0500] {processor.py:186} INFO - Started process (PID=35522) to work on /Users/binhpham/Library/Python/3.9/lib/python/site-packages/airflow/example_dags/plugins/event_listener.py
[2024-09-06T19:49:03.693-0500] {processor.py:914} INFO - Processing file /Users/binhpham/Library/Python/3.9/lib/python/site-packages/airflow/example_dags/plugins/event_listener.py for tasks to queue
[2024-09-06T19:49:03.694-0500] {logging_mixin.py:190} INFO - [2024-09-06T19:49:03.694-0500] {dagbag.py:587} INFO - Filling up the DagBag from /Users/binhpham/Library/Python/3.9/lib/python/site-packages/airflow/example_dags/plugins/event_listener.py
[2024-09-06T19:49:03.694-0500] {processor.py:927} WARNING - No viable dags retrieved from /Users/binhpham/Library/Python/3.9/lib/python/site-packages/airflow/example_dags/plugins/event_listener.py
[2024-09-06T19:49:03.737-0500] {processor.py:208} INFO - Processing /Users/binhpham/Library/Python/3.9/lib/python/site-packages/airflow/example_dags/plugins/event_listener.py took 0.048 seconds
[2024-09-06T19:50:25.521-0500] {processor.py:186} INFO - Started process (PID=35779) to work on /Users/binhpham/Library/Python/3.9/lib/python/site-packages/airflow/example_dags/plugins/event_listener.py
[2024-09-06T19:50:25.522-0500] {processor.py:914} INFO - Processing file /Users/binhpham/Library/Python/3.9/lib/python/site-packages/airflow/example_dags/plugins/event_listener.py for tasks to queue
[2024-09-06T19:50:25.523-0500] {logging_mixin.py:190} INFO - [2024-09-06T19:50:25.523-0500] {dagbag.py:587} INFO - Filling up the DagBag from /Users/binhpham/Library/Python/3.9/lib/python/site-packages/airflow/example_dags/plugins/event_listener.py
[2024-09-06T19:50:25.523-0500] {processor.py:927} WARNING - No viable dags retrieved from /Users/binhpham/Library/Python/3.9/lib/python/site-packages/airflow/example_dags/plugins/event_listener.py
[2024-09-06T19:50:25.562-0500] {processor.py:208} INFO - Processing /Users/binhpham/Library/Python/3.9/lib/python/site-packages/airflow/example_dags/plugins/event_listener.py took 0.043 seconds
[2024-09-06T19:51:46.936-0500] {processor.py:186} INFO - Started process (PID=36031) to work on /Users/binhpham/Library/Python/3.9/lib/python/site-packages/airflow/example_dags/plugins/event_listener.py
[2024-09-06T19:51:46.937-0500] {processor.py:914} INFO - Processing file /Users/binhpham/Library/Python/3.9/lib/python/site-packages/airflow/example_dags/plugins/event_listener.py for tasks to queue
[2024-09-06T19:51:46.938-0500] {logging_mixin.py:190} INFO - [2024-09-06T19:51:46.937-0500] {dagbag.py:587} INFO - Filling up the DagBag from /Users/binhpham/Library/Python/3.9/lib/python/site-packages/airflow/example_dags/plugins/event_listener.py
[2024-09-06T19:51:46.938-0500] {processor.py:927} WARNING - No viable dags retrieved from /Users/binhpham/Library/Python/3.9/lib/python/site-packages/airflow/example_dags/plugins/event_listener.py
[2024-09-06T19:51:46.979-0500] {processor.py:208} INFO - Processing /Users/binhpham/Library/Python/3.9/lib/python/site-packages/airflow/example_dags/plugins/event_listener.py took 0.045 seconds
[2024-09-06T19:53:07.330-0500] {processor.py:186} INFO - Started process (PID=36294) to work on /Users/binhpham/Library/Python/3.9/lib/python/site-packages/airflow/example_dags/plugins/event_listener.py
[2024-09-06T19:53:07.332-0500] {processor.py:914} INFO - Processing file /Users/binhpham/Library/Python/3.9/lib/python/site-packages/airflow/example_dags/plugins/event_listener.py for tasks to queue
[2024-09-06T19:53:07.332-0500] {logging_mixin.py:190} INFO - [2024-09-06T19:53:07.332-0500] {dagbag.py:587} INFO - Filling up the DagBag from /Users/binhpham/Library/Python/3.9/lib/python/site-packages/airflow/example_dags/plugins/event_listener.py
[2024-09-06T19:53:07.333-0500] {processor.py:927} WARNING - No viable dags retrieved from /Users/binhpham/Library/Python/3.9/lib/python/site-packages/airflow/example_dags/plugins/event_listener.py
[2024-09-06T19:53:07.374-0500] {processor.py:208} INFO - Processing /Users/binhpham/Library/Python/3.9/lib/python/site-packages/airflow/example_dags/plugins/event_listener.py took 0.046 seconds
[2024-09-06T19:53:34.779-0500] {processor.py:186} INFO - Started process (PID=36415) to work on /Users/binhpham/Library/Python/3.9/lib/python/site-packages/airflow/example_dags/plugins/event_listener.py
[2024-09-06T19:53:34.781-0500] {processor.py:914} INFO - Processing file /Users/binhpham/Library/Python/3.9/lib/python/site-packages/airflow/example_dags/plugins/event_listener.py for tasks to queue
[2024-09-06T19:53:34.781-0500] {logging_mixin.py:190} INFO - [2024-09-06T19:53:34.781-0500] {dagbag.py:587} INFO - Filling up the DagBag from /Users/binhpham/Library/Python/3.9/lib/python/site-packages/airflow/example_dags/plugins/event_listener.py
[2024-09-06T19:53:34.782-0500] {processor.py:927} WARNING - No viable dags retrieved from /Users/binhpham/Library/Python/3.9/lib/python/site-packages/airflow/example_dags/plugins/event_listener.py
[2024-09-06T19:53:34.827-0500] {processor.py:208} INFO - Processing /Users/binhpham/Library/Python/3.9/lib/python/site-packages/airflow/example_dags/plugins/event_listener.py took 0.049 seconds
[2024-09-06T19:55:26.417-0500] {processor.py:186} INFO - Started process (PID=36796) to work on /Users/binhpham/Library/Python/3.9/lib/python/site-packages/airflow/example_dags/plugins/event_listener.py
[2024-09-06T19:55:26.419-0500] {processor.py:914} INFO - Processing file /Users/binhpham/Library/Python/3.9/lib/python/site-packages/airflow/example_dags/plugins/event_listener.py for tasks to queue
[2024-09-06T19:55:26.419-0500] {logging_mixin.py:190} INFO - [2024-09-06T19:55:26.419-0500] {dagbag.py:587} INFO - Filling up the DagBag from /Users/binhpham/Library/Python/3.9/lib/python/site-packages/airflow/example_dags/plugins/event_listener.py
[2024-09-06T19:55:26.420-0500] {processor.py:927} WARNING - No viable dags retrieved from /Users/binhpham/Library/Python/3.9/lib/python/site-packages/airflow/example_dags/plugins/event_listener.py
[2024-09-06T19:55:26.464-0500] {processor.py:208} INFO - Processing /Users/binhpham/Library/Python/3.9/lib/python/site-packages/airflow/example_dags/plugins/event_listener.py took 0.049 seconds
[2024-09-06T19:56:48.530-0500] {processor.py:186} INFO - Started process (PID=37051) to work on /Users/binhpham/Library/Python/3.9/lib/python/site-packages/airflow/example_dags/plugins/event_listener.py
[2024-09-06T19:56:48.532-0500] {processor.py:914} INFO - Processing file /Users/binhpham/Library/Python/3.9/lib/python/site-packages/airflow/example_dags/plugins/event_listener.py for tasks to queue
[2024-09-06T19:56:48.533-0500] {logging_mixin.py:190} INFO - [2024-09-06T19:56:48.532-0500] {dagbag.py:587} INFO - Filling up the DagBag from /Users/binhpham/Library/Python/3.9/lib/python/site-packages/airflow/example_dags/plugins/event_listener.py
[2024-09-06T19:56:48.533-0500] {processor.py:927} WARNING - No viable dags retrieved from /Users/binhpham/Library/Python/3.9/lib/python/site-packages/airflow/example_dags/plugins/event_listener.py
[2024-09-06T19:56:48.574-0500] {processor.py:208} INFO - Processing /Users/binhpham/Library/Python/3.9/lib/python/site-packages/airflow/example_dags/plugins/event_listener.py took 0.045 seconds
[2024-09-06T19:58:10.451-0500] {processor.py:186} INFO - Started process (PID=37300) to work on /Users/binhpham/Library/Python/3.9/lib/python/site-packages/airflow/example_dags/plugins/event_listener.py
[2024-09-06T19:58:10.453-0500] {processor.py:914} INFO - Processing file /Users/binhpham/Library/Python/3.9/lib/python/site-packages/airflow/example_dags/plugins/event_listener.py for tasks to queue
[2024-09-06T19:58:10.453-0500] {logging_mixin.py:190} INFO - [2024-09-06T19:58:10.453-0500] {dagbag.py:587} INFO - Filling up the DagBag from /Users/binhpham/Library/Python/3.9/lib/python/site-packages/airflow/example_dags/plugins/event_listener.py
[2024-09-06T19:58:10.454-0500] {processor.py:927} WARNING - No viable dags retrieved from /Users/binhpham/Library/Python/3.9/lib/python/site-packages/airflow/example_dags/plugins/event_listener.py
[2024-09-06T19:58:10.500-0500] {processor.py:208} INFO - Processing /Users/binhpham/Library/Python/3.9/lib/python/site-packages/airflow/example_dags/plugins/event_listener.py took 0.050 seconds
[2024-09-06T19:59:32.792-0500] {processor.py:186} INFO - Started process (PID=37551) to work on /Users/binhpham/Library/Python/3.9/lib/python/site-packages/airflow/example_dags/plugins/event_listener.py
[2024-09-06T19:59:32.795-0500] {processor.py:914} INFO - Processing file /Users/binhpham/Library/Python/3.9/lib/python/site-packages/airflow/example_dags/plugins/event_listener.py for tasks to queue
[2024-09-06T19:59:32.795-0500] {logging_mixin.py:190} INFO - [2024-09-06T19:59:32.795-0500] {dagbag.py:587} INFO - Filling up the DagBag from /Users/binhpham/Library/Python/3.9/lib/python/site-packages/airflow/example_dags/plugins/event_listener.py
[2024-09-06T19:59:32.796-0500] {processor.py:927} WARNING - No viable dags retrieved from /Users/binhpham/Library/Python/3.9/lib/python/site-packages/airflow/example_dags/plugins/event_listener.py
[2024-09-06T19:59:32.839-0500] {processor.py:208} INFO - Processing /Users/binhpham/Library/Python/3.9/lib/python/site-packages/airflow/example_dags/plugins/event_listener.py took 0.049 seconds
[2024-09-06T20:00:53.245-0500] {processor.py:186} INFO - Started process (PID=37801) to work on /Users/binhpham/Library/Python/3.9/lib/python/site-packages/airflow/example_dags/plugins/event_listener.py
[2024-09-06T20:00:53.247-0500] {processor.py:914} INFO - Processing file /Users/binhpham/Library/Python/3.9/lib/python/site-packages/airflow/example_dags/plugins/event_listener.py for tasks to queue
[2024-09-06T20:00:53.248-0500] {logging_mixin.py:190} INFO - [2024-09-06T20:00:53.248-0500] {dagbag.py:587} INFO - Filling up the DagBag from /Users/binhpham/Library/Python/3.9/lib/python/site-packages/airflow/example_dags/plugins/event_listener.py
[2024-09-06T20:00:53.249-0500] {processor.py:927} WARNING - No viable dags retrieved from /Users/binhpham/Library/Python/3.9/lib/python/site-packages/airflow/example_dags/plugins/event_listener.py
[2024-09-06T20:00:53.291-0500] {processor.py:208} INFO - Processing /Users/binhpham/Library/Python/3.9/lib/python/site-packages/airflow/example_dags/plugins/event_listener.py took 0.047 seconds
[2024-09-06T20:02:14.852-0500] {processor.py:186} INFO - Started process (PID=38055) to work on /Users/binhpham/Library/Python/3.9/lib/python/site-packages/airflow/example_dags/plugins/event_listener.py
[2024-09-06T20:02:14.855-0500] {processor.py:914} INFO - Processing file /Users/binhpham/Library/Python/3.9/lib/python/site-packages/airflow/example_dags/plugins/event_listener.py for tasks to queue
[2024-09-06T20:02:14.855-0500] {logging_mixin.py:190} INFO - [2024-09-06T20:02:14.855-0500] {dagbag.py:587} INFO - Filling up the DagBag from /Users/binhpham/Library/Python/3.9/lib/python/site-packages/airflow/example_dags/plugins/event_listener.py
[2024-09-06T20:02:14.856-0500] {processor.py:927} WARNING - No viable dags retrieved from /Users/binhpham/Library/Python/3.9/lib/python/site-packages/airflow/example_dags/plugins/event_listener.py
[2024-09-06T20:02:14.896-0500] {processor.py:208} INFO - Processing /Users/binhpham/Library/Python/3.9/lib/python/site-packages/airflow/example_dags/plugins/event_listener.py took 0.045 seconds
[2024-09-06T20:03:33.378-0500] {processor.py:186} INFO - Started process (PID=38297) to work on /Users/binhpham/Library/Python/3.9/lib/python/site-packages/airflow/example_dags/plugins/event_listener.py
[2024-09-06T20:03:33.380-0500] {processor.py:914} INFO - Processing file /Users/binhpham/Library/Python/3.9/lib/python/site-packages/airflow/example_dags/plugins/event_listener.py for tasks to queue
[2024-09-06T20:03:33.381-0500] {logging_mixin.py:190} INFO - [2024-09-06T20:03:33.381-0500] {dagbag.py:587} INFO - Filling up the DagBag from /Users/binhpham/Library/Python/3.9/lib/python/site-packages/airflow/example_dags/plugins/event_listener.py
[2024-09-06T20:03:33.381-0500] {processor.py:927} WARNING - No viable dags retrieved from /Users/binhpham/Library/Python/3.9/lib/python/site-packages/airflow/example_dags/plugins/event_listener.py
[2024-09-06T20:03:33.424-0500] {processor.py:208} INFO - Processing /Users/binhpham/Library/Python/3.9/lib/python/site-packages/airflow/example_dags/plugins/event_listener.py took 0.048 seconds
[2024-09-06T20:04:53.116-0500] {processor.py:186} INFO - Started process (PID=38540) to work on /Users/binhpham/Library/Python/3.9/lib/python/site-packages/airflow/example_dags/plugins/event_listener.py
[2024-09-06T20:04:53.118-0500] {processor.py:914} INFO - Processing file /Users/binhpham/Library/Python/3.9/lib/python/site-packages/airflow/example_dags/plugins/event_listener.py for tasks to queue
[2024-09-06T20:04:53.118-0500] {logging_mixin.py:190} INFO - [2024-09-06T20:04:53.118-0500] {dagbag.py:587} INFO - Filling up the DagBag from /Users/binhpham/Library/Python/3.9/lib/python/site-packages/airflow/example_dags/plugins/event_listener.py
[2024-09-06T20:04:53.119-0500] {processor.py:927} WARNING - No viable dags retrieved from /Users/binhpham/Library/Python/3.9/lib/python/site-packages/airflow/example_dags/plugins/event_listener.py
[2024-09-06T20:04:53.158-0500] {processor.py:208} INFO - Processing /Users/binhpham/Library/Python/3.9/lib/python/site-packages/airflow/example_dags/plugins/event_listener.py took 0.043 seconds
[2024-09-06T20:06:14.222-0500] {processor.py:186} INFO - Started process (PID=38791) to work on /Users/binhpham/Library/Python/3.9/lib/python/site-packages/airflow/example_dags/plugins/event_listener.py
[2024-09-06T20:06:14.224-0500] {processor.py:914} INFO - Processing file /Users/binhpham/Library/Python/3.9/lib/python/site-packages/airflow/example_dags/plugins/event_listener.py for tasks to queue
[2024-09-06T20:06:14.225-0500] {logging_mixin.py:190} INFO - [2024-09-06T20:06:14.225-0500] {dagbag.py:587} INFO - Filling up the DagBag from /Users/binhpham/Library/Python/3.9/lib/python/site-packages/airflow/example_dags/plugins/event_listener.py
[2024-09-06T20:06:14.225-0500] {processor.py:927} WARNING - No viable dags retrieved from /Users/binhpham/Library/Python/3.9/lib/python/site-packages/airflow/example_dags/plugins/event_listener.py
[2024-09-06T20:06:14.264-0500] {processor.py:208} INFO - Processing /Users/binhpham/Library/Python/3.9/lib/python/site-packages/airflow/example_dags/plugins/event_listener.py took 0.043 seconds
[2024-09-06T20:07:35.118-0500] {processor.py:186} INFO - Started process (PID=39035) to work on /Users/binhpham/Library/Python/3.9/lib/python/site-packages/airflow/example_dags/plugins/event_listener.py
[2024-09-06T20:07:35.120-0500] {processor.py:914} INFO - Processing file /Users/binhpham/Library/Python/3.9/lib/python/site-packages/airflow/example_dags/plugins/event_listener.py for tasks to queue
[2024-09-06T20:07:35.120-0500] {logging_mixin.py:190} INFO - [2024-09-06T20:07:35.120-0500] {dagbag.py:587} INFO - Filling up the DagBag from /Users/binhpham/Library/Python/3.9/lib/python/site-packages/airflow/example_dags/plugins/event_listener.py
[2024-09-06T20:07:35.121-0500] {processor.py:927} WARNING - No viable dags retrieved from /Users/binhpham/Library/Python/3.9/lib/python/site-packages/airflow/example_dags/plugins/event_listener.py
[2024-09-06T20:07:35.160-0500] {processor.py:208} INFO - Processing /Users/binhpham/Library/Python/3.9/lib/python/site-packages/airflow/example_dags/plugins/event_listener.py took 0.043 seconds
[2024-09-06T20:08:54.846-0500] {processor.py:186} INFO - Started process (PID=39277) to work on /Users/binhpham/Library/Python/3.9/lib/python/site-packages/airflow/example_dags/plugins/event_listener.py
[2024-09-06T20:08:54.848-0500] {processor.py:914} INFO - Processing file /Users/binhpham/Library/Python/3.9/lib/python/site-packages/airflow/example_dags/plugins/event_listener.py for tasks to queue
[2024-09-06T20:08:54.849-0500] {logging_mixin.py:190} INFO - [2024-09-06T20:08:54.849-0500] {dagbag.py:587} INFO - Filling up the DagBag from /Users/binhpham/Library/Python/3.9/lib/python/site-packages/airflow/example_dags/plugins/event_listener.py
[2024-09-06T20:08:54.849-0500] {processor.py:927} WARNING - No viable dags retrieved from /Users/binhpham/Library/Python/3.9/lib/python/site-packages/airflow/example_dags/plugins/event_listener.py
[2024-09-06T20:08:54.889-0500] {processor.py:208} INFO - Processing /Users/binhpham/Library/Python/3.9/lib/python/site-packages/airflow/example_dags/plugins/event_listener.py took 0.044 seconds
[2024-09-06T20:10:22.241-0500] {processor.py:186} INFO - Started process (PID=39568) to work on /Users/binhpham/Library/Python/3.9/lib/python/site-packages/airflow/example_dags/plugins/event_listener.py
[2024-09-06T20:10:22.242-0500] {processor.py:914} INFO - Processing file /Users/binhpham/Library/Python/3.9/lib/python/site-packages/airflow/example_dags/plugins/event_listener.py for tasks to queue
[2024-09-06T20:10:22.243-0500] {logging_mixin.py:190} INFO - [2024-09-06T20:10:22.243-0500] {dagbag.py:587} INFO - Filling up the DagBag from /Users/binhpham/Library/Python/3.9/lib/python/site-packages/airflow/example_dags/plugins/event_listener.py
[2024-09-06T20:10:22.243-0500] {processor.py:927} WARNING - No viable dags retrieved from /Users/binhpham/Library/Python/3.9/lib/python/site-packages/airflow/example_dags/plugins/event_listener.py
[2024-09-06T20:10:22.283-0500] {processor.py:208} INFO - Processing /Users/binhpham/Library/Python/3.9/lib/python/site-packages/airflow/example_dags/plugins/event_listener.py took 0.044 seconds
[2024-09-06T20:11:41.917-0500] {processor.py:186} INFO - Started process (PID=39836) to work on /Users/binhpham/Library/Python/3.9/lib/python/site-packages/airflow/example_dags/plugins/event_listener.py
[2024-09-06T20:11:41.919-0500] {processor.py:914} INFO - Processing file /Users/binhpham/Library/Python/3.9/lib/python/site-packages/airflow/example_dags/plugins/event_listener.py for tasks to queue
[2024-09-06T20:11:41.919-0500] {logging_mixin.py:190} INFO - [2024-09-06T20:11:41.919-0500] {dagbag.py:587} INFO - Filling up the DagBag from /Users/binhpham/Library/Python/3.9/lib/python/site-packages/airflow/example_dags/plugins/event_listener.py
[2024-09-06T20:11:41.920-0500] {processor.py:927} WARNING - No viable dags retrieved from /Users/binhpham/Library/Python/3.9/lib/python/site-packages/airflow/example_dags/plugins/event_listener.py
[2024-09-06T20:11:41.967-0500] {processor.py:208} INFO - Processing /Users/binhpham/Library/Python/3.9/lib/python/site-packages/airflow/example_dags/plugins/event_listener.py took 0.052 seconds
[2024-09-06T20:13:03.534-0500] {processor.py:186} INFO - Started process (PID=40114) to work on /Users/binhpham/Library/Python/3.9/lib/python/site-packages/airflow/example_dags/plugins/event_listener.py
[2024-09-06T20:13:03.536-0500] {processor.py:914} INFO - Processing file /Users/binhpham/Library/Python/3.9/lib/python/site-packages/airflow/example_dags/plugins/event_listener.py for tasks to queue
[2024-09-06T20:13:03.536-0500] {logging_mixin.py:190} INFO - [2024-09-06T20:13:03.536-0500] {dagbag.py:587} INFO - Filling up the DagBag from /Users/binhpham/Library/Python/3.9/lib/python/site-packages/airflow/example_dags/plugins/event_listener.py
[2024-09-06T20:13:03.537-0500] {processor.py:927} WARNING - No viable dags retrieved from /Users/binhpham/Library/Python/3.9/lib/python/site-packages/airflow/example_dags/plugins/event_listener.py
[2024-09-06T20:13:03.582-0500] {processor.py:208} INFO - Processing /Users/binhpham/Library/Python/3.9/lib/python/site-packages/airflow/example_dags/plugins/event_listener.py took 0.049 seconds
[2024-09-06T20:14:25.211-0500] {processor.py:186} INFO - Started process (PID=40379) to work on /Users/binhpham/Library/Python/3.9/lib/python/site-packages/airflow/example_dags/plugins/event_listener.py
[2024-09-06T20:14:25.213-0500] {processor.py:914} INFO - Processing file /Users/binhpham/Library/Python/3.9/lib/python/site-packages/airflow/example_dags/plugins/event_listener.py for tasks to queue
[2024-09-06T20:14:25.214-0500] {logging_mixin.py:190} INFO - [2024-09-06T20:14:25.213-0500] {dagbag.py:587} INFO - Filling up the DagBag from /Users/binhpham/Library/Python/3.9/lib/python/site-packages/airflow/example_dags/plugins/event_listener.py
[2024-09-06T20:14:25.214-0500] {processor.py:927} WARNING - No viable dags retrieved from /Users/binhpham/Library/Python/3.9/lib/python/site-packages/airflow/example_dags/plugins/event_listener.py
[2024-09-06T20:14:25.259-0500] {processor.py:208} INFO - Processing /Users/binhpham/Library/Python/3.9/lib/python/site-packages/airflow/example_dags/plugins/event_listener.py took 0.049 seconds
[2024-09-06T20:14:57.018-0500] {processor.py:186} INFO - Started process (PID=40514) to work on /Users/binhpham/Library/Python/3.9/lib/python/site-packages/airflow/example_dags/plugins/event_listener.py
[2024-09-06T20:14:57.020-0500] {processor.py:914} INFO - Processing file /Users/binhpham/Library/Python/3.9/lib/python/site-packages/airflow/example_dags/plugins/event_listener.py for tasks to queue
[2024-09-06T20:14:57.021-0500] {logging_mixin.py:190} INFO - [2024-09-06T20:14:57.021-0500] {dagbag.py:587} INFO - Filling up the DagBag from /Users/binhpham/Library/Python/3.9/lib/python/site-packages/airflow/example_dags/plugins/event_listener.py
[2024-09-06T20:14:57.022-0500] {processor.py:927} WARNING - No viable dags retrieved from /Users/binhpham/Library/Python/3.9/lib/python/site-packages/airflow/example_dags/plugins/event_listener.py
[2024-09-06T20:14:57.074-0500] {processor.py:208} INFO - Processing /Users/binhpham/Library/Python/3.9/lib/python/site-packages/airflow/example_dags/plugins/event_listener.py took 0.057 seconds
[2024-09-06T20:21:47.389-0500] {processor.py:186} INFO - Started process (PID=42721) to work on /Users/binhpham/Library/Python/3.9/lib/python/site-packages/airflow/example_dags/plugins/event_listener.py
[2024-09-06T20:21:47.391-0500] {processor.py:914} INFO - Processing file /Users/binhpham/Library/Python/3.9/lib/python/site-packages/airflow/example_dags/plugins/event_listener.py for tasks to queue
[2024-09-06T20:21:47.392-0500] {logging_mixin.py:190} INFO - [2024-09-06T20:21:47.392-0500] {dagbag.py:587} INFO - Filling up the DagBag from /Users/binhpham/Library/Python/3.9/lib/python/site-packages/airflow/example_dags/plugins/event_listener.py
[2024-09-06T20:21:47.393-0500] {processor.py:927} WARNING - No viable dags retrieved from /Users/binhpham/Library/Python/3.9/lib/python/site-packages/airflow/example_dags/plugins/event_listener.py
[2024-09-06T20:21:47.440-0500] {processor.py:208} INFO - Processing /Users/binhpham/Library/Python/3.9/lib/python/site-packages/airflow/example_dags/plugins/event_listener.py took 0.053 seconds
[2024-09-06T20:23:40.285-0500] {processor.py:186} INFO - Started process (PID=43086) to work on /Users/binhpham/Library/Python/3.9/lib/python/site-packages/airflow/example_dags/plugins/event_listener.py
[2024-09-06T20:23:40.287-0500] {processor.py:914} INFO - Processing file /Users/binhpham/Library/Python/3.9/lib/python/site-packages/airflow/example_dags/plugins/event_listener.py for tasks to queue
[2024-09-06T20:23:40.287-0500] {logging_mixin.py:190} INFO - [2024-09-06T20:23:40.287-0500] {dagbag.py:587} INFO - Filling up the DagBag from /Users/binhpham/Library/Python/3.9/lib/python/site-packages/airflow/example_dags/plugins/event_listener.py
[2024-09-06T20:23:40.288-0500] {processor.py:927} WARNING - No viable dags retrieved from /Users/binhpham/Library/Python/3.9/lib/python/site-packages/airflow/example_dags/plugins/event_listener.py
[2024-09-06T20:23:40.329-0500] {processor.py:208} INFO - Processing /Users/binhpham/Library/Python/3.9/lib/python/site-packages/airflow/example_dags/plugins/event_listener.py took 0.046 seconds
[2024-09-06T20:25:02.991-0500] {processor.py:186} INFO - Started process (PID=43348) to work on /Users/binhpham/Library/Python/3.9/lib/python/site-packages/airflow/example_dags/plugins/event_listener.py
[2024-09-06T20:25:02.993-0500] {processor.py:914} INFO - Processing file /Users/binhpham/Library/Python/3.9/lib/python/site-packages/airflow/example_dags/plugins/event_listener.py for tasks to queue
[2024-09-06T20:25:02.993-0500] {logging_mixin.py:190} INFO - [2024-09-06T20:25:02.993-0500] {dagbag.py:587} INFO - Filling up the DagBag from /Users/binhpham/Library/Python/3.9/lib/python/site-packages/airflow/example_dags/plugins/event_listener.py
[2024-09-06T20:25:02.994-0500] {processor.py:927} WARNING - No viable dags retrieved from /Users/binhpham/Library/Python/3.9/lib/python/site-packages/airflow/example_dags/plugins/event_listener.py
[2024-09-06T20:25:03.034-0500] {processor.py:208} INFO - Processing /Users/binhpham/Library/Python/3.9/lib/python/site-packages/airflow/example_dags/plugins/event_listener.py took 0.044 seconds
[2024-09-06T20:26:25.603-0500] {processor.py:186} INFO - Started process (PID=43622) to work on /Users/binhpham/Library/Python/3.9/lib/python/site-packages/airflow/example_dags/plugins/event_listener.py
[2024-09-06T20:26:25.604-0500] {processor.py:914} INFO - Processing file /Users/binhpham/Library/Python/3.9/lib/python/site-packages/airflow/example_dags/plugins/event_listener.py for tasks to queue
[2024-09-06T20:26:25.605-0500] {logging_mixin.py:190} INFO - [2024-09-06T20:26:25.604-0500] {dagbag.py:587} INFO - Filling up the DagBag from /Users/binhpham/Library/Python/3.9/lib/python/site-packages/airflow/example_dags/plugins/event_listener.py
[2024-09-06T20:26:25.605-0500] {processor.py:927} WARNING - No viable dags retrieved from /Users/binhpham/Library/Python/3.9/lib/python/site-packages/airflow/example_dags/plugins/event_listener.py
[2024-09-06T20:26:25.649-0500] {processor.py:208} INFO - Processing /Users/binhpham/Library/Python/3.9/lib/python/site-packages/airflow/example_dags/plugins/event_listener.py took 0.047 seconds
[2024-09-06T20:26:55.860-0500] {processor.py:186} INFO - Started process (PID=43741) to work on /Users/binhpham/Library/Python/3.9/lib/python/site-packages/airflow/example_dags/plugins/event_listener.py
[2024-09-06T20:26:55.862-0500] {processor.py:914} INFO - Processing file /Users/binhpham/Library/Python/3.9/lib/python/site-packages/airflow/example_dags/plugins/event_listener.py for tasks to queue
[2024-09-06T20:26:55.863-0500] {logging_mixin.py:190} INFO - [2024-09-06T20:26:55.863-0500] {dagbag.py:587} INFO - Filling up the DagBag from /Users/binhpham/Library/Python/3.9/lib/python/site-packages/airflow/example_dags/plugins/event_listener.py
[2024-09-06T20:26:55.863-0500] {processor.py:927} WARNING - No viable dags retrieved from /Users/binhpham/Library/Python/3.9/lib/python/site-packages/airflow/example_dags/plugins/event_listener.py
[2024-09-06T20:26:55.908-0500] {processor.py:208} INFO - Processing /Users/binhpham/Library/Python/3.9/lib/python/site-packages/airflow/example_dags/plugins/event_listener.py took 0.050 seconds
[2024-09-06T20:28:46.362-0500] {processor.py:186} INFO - Started process (PID=44101) to work on /Users/binhpham/Library/Python/3.9/lib/python/site-packages/airflow/example_dags/plugins/event_listener.py
[2024-09-06T20:28:46.365-0500] {processor.py:914} INFO - Processing file /Users/binhpham/Library/Python/3.9/lib/python/site-packages/airflow/example_dags/plugins/event_listener.py for tasks to queue
[2024-09-06T20:28:46.365-0500] {logging_mixin.py:190} INFO - [2024-09-06T20:28:46.365-0500] {dagbag.py:587} INFO - Filling up the DagBag from /Users/binhpham/Library/Python/3.9/lib/python/site-packages/airflow/example_dags/plugins/event_listener.py
[2024-09-06T20:28:46.366-0500] {processor.py:927} WARNING - No viable dags retrieved from /Users/binhpham/Library/Python/3.9/lib/python/site-packages/airflow/example_dags/plugins/event_listener.py
[2024-09-06T20:28:46.408-0500] {processor.py:208} INFO - Processing /Users/binhpham/Library/Python/3.9/lib/python/site-packages/airflow/example_dags/plugins/event_listener.py took 0.047 seconds
[2024-09-06T20:30:08.304-0500] {processor.py:186} INFO - Started process (PID=44383) to work on /Users/binhpham/Library/Python/3.9/lib/python/site-packages/airflow/example_dags/plugins/event_listener.py
[2024-09-06T20:30:08.307-0500] {processor.py:914} INFO - Processing file /Users/binhpham/Library/Python/3.9/lib/python/site-packages/airflow/example_dags/plugins/event_listener.py for tasks to queue
[2024-09-06T20:30:08.307-0500] {logging_mixin.py:190} INFO - [2024-09-06T20:30:08.307-0500] {dagbag.py:587} INFO - Filling up the DagBag from /Users/binhpham/Library/Python/3.9/lib/python/site-packages/airflow/example_dags/plugins/event_listener.py
[2024-09-06T20:30:08.307-0500] {processor.py:927} WARNING - No viable dags retrieved from /Users/binhpham/Library/Python/3.9/lib/python/site-packages/airflow/example_dags/plugins/event_listener.py
[2024-09-06T20:30:08.346-0500] {processor.py:208} INFO - Processing /Users/binhpham/Library/Python/3.9/lib/python/site-packages/airflow/example_dags/plugins/event_listener.py took 0.043 seconds
[2024-09-06T20:31:29.842-0500] {processor.py:186} INFO - Started process (PID=44632) to work on /Users/binhpham/Library/Python/3.9/lib/python/site-packages/airflow/example_dags/plugins/event_listener.py
[2024-09-06T20:31:29.845-0500] {processor.py:914} INFO - Processing file /Users/binhpham/Library/Python/3.9/lib/python/site-packages/airflow/example_dags/plugins/event_listener.py for tasks to queue
[2024-09-06T20:31:29.845-0500] {logging_mixin.py:190} INFO - [2024-09-06T20:31:29.845-0500] {dagbag.py:587} INFO - Filling up the DagBag from /Users/binhpham/Library/Python/3.9/lib/python/site-packages/airflow/example_dags/plugins/event_listener.py
[2024-09-06T20:31:29.846-0500] {processor.py:927} WARNING - No viable dags retrieved from /Users/binhpham/Library/Python/3.9/lib/python/site-packages/airflow/example_dags/plugins/event_listener.py
[2024-09-06T20:31:29.884-0500] {processor.py:208} INFO - Processing /Users/binhpham/Library/Python/3.9/lib/python/site-packages/airflow/example_dags/plugins/event_listener.py took 0.043 seconds
[2024-09-06T20:32:51.545-0500] {processor.py:186} INFO - Started process (PID=44909) to work on /Users/binhpham/Library/Python/3.9/lib/python/site-packages/airflow/example_dags/plugins/event_listener.py
[2024-09-06T20:32:51.547-0500] {processor.py:914} INFO - Processing file /Users/binhpham/Library/Python/3.9/lib/python/site-packages/airflow/example_dags/plugins/event_listener.py for tasks to queue
[2024-09-06T20:32:51.547-0500] {logging_mixin.py:190} INFO - [2024-09-06T20:32:51.547-0500] {dagbag.py:587} INFO - Filling up the DagBag from /Users/binhpham/Library/Python/3.9/lib/python/site-packages/airflow/example_dags/plugins/event_listener.py
[2024-09-06T20:32:51.548-0500] {processor.py:927} WARNING - No viable dags retrieved from /Users/binhpham/Library/Python/3.9/lib/python/site-packages/airflow/example_dags/plugins/event_listener.py
[2024-09-06T20:32:51.587-0500] {processor.py:208} INFO - Processing /Users/binhpham/Library/Python/3.9/lib/python/site-packages/airflow/example_dags/plugins/event_listener.py took 0.044 seconds
[2024-09-06T20:33:27.246-0500] {processor.py:186} INFO - Started process (PID=45041) to work on /Users/binhpham/Library/Python/3.9/lib/python/site-packages/airflow/example_dags/plugins/event_listener.py
[2024-09-06T20:33:27.248-0500] {processor.py:914} INFO - Processing file /Users/binhpham/Library/Python/3.9/lib/python/site-packages/airflow/example_dags/plugins/event_listener.py for tasks to queue
[2024-09-06T20:33:27.248-0500] {logging_mixin.py:190} INFO - [2024-09-06T20:33:27.248-0500] {dagbag.py:587} INFO - Filling up the DagBag from /Users/binhpham/Library/Python/3.9/lib/python/site-packages/airflow/example_dags/plugins/event_listener.py
[2024-09-06T20:33:27.249-0500] {processor.py:927} WARNING - No viable dags retrieved from /Users/binhpham/Library/Python/3.9/lib/python/site-packages/airflow/example_dags/plugins/event_listener.py
[2024-09-06T20:33:27.295-0500] {processor.py:208} INFO - Processing /Users/binhpham/Library/Python/3.9/lib/python/site-packages/airflow/example_dags/plugins/event_listener.py took 0.051 seconds
[2024-09-06T20:35:19.657-0500] {processor.py:186} INFO - Started process (PID=45400) to work on /Users/binhpham/Library/Python/3.9/lib/python/site-packages/airflow/example_dags/plugins/event_listener.py
[2024-09-06T20:35:19.659-0500] {processor.py:914} INFO - Processing file /Users/binhpham/Library/Python/3.9/lib/python/site-packages/airflow/example_dags/plugins/event_listener.py for tasks to queue
[2024-09-06T20:35:19.659-0500] {logging_mixin.py:190} INFO - [2024-09-06T20:35:19.659-0500] {dagbag.py:587} INFO - Filling up the DagBag from /Users/binhpham/Library/Python/3.9/lib/python/site-packages/airflow/example_dags/plugins/event_listener.py
[2024-09-06T20:35:19.660-0500] {processor.py:927} WARNING - No viable dags retrieved from /Users/binhpham/Library/Python/3.9/lib/python/site-packages/airflow/example_dags/plugins/event_listener.py
[2024-09-06T20:35:19.708-0500] {processor.py:208} INFO - Processing /Users/binhpham/Library/Python/3.9/lib/python/site-packages/airflow/example_dags/plugins/event_listener.py took 0.052 seconds
[2024-09-06T20:36:41.021-0500] {processor.py:186} INFO - Started process (PID=45661) to work on /Users/binhpham/Library/Python/3.9/lib/python/site-packages/airflow/example_dags/plugins/event_listener.py
[2024-09-06T20:36:41.023-0500] {processor.py:914} INFO - Processing file /Users/binhpham/Library/Python/3.9/lib/python/site-packages/airflow/example_dags/plugins/event_listener.py for tasks to queue
[2024-09-06T20:36:41.023-0500] {logging_mixin.py:190} INFO - [2024-09-06T20:36:41.023-0500] {dagbag.py:587} INFO - Filling up the DagBag from /Users/binhpham/Library/Python/3.9/lib/python/site-packages/airflow/example_dags/plugins/event_listener.py
[2024-09-06T20:36:41.024-0500] {processor.py:927} WARNING - No viable dags retrieved from /Users/binhpham/Library/Python/3.9/lib/python/site-packages/airflow/example_dags/plugins/event_listener.py
[2024-09-06T20:36:41.063-0500] {processor.py:208} INFO - Processing /Users/binhpham/Library/Python/3.9/lib/python/site-packages/airflow/example_dags/plugins/event_listener.py took 0.043 seconds
[2024-09-06T20:38:02.785-0500] {processor.py:186} INFO - Started process (PID=45942) to work on /Users/binhpham/Library/Python/3.9/lib/python/site-packages/airflow/example_dags/plugins/event_listener.py
[2024-09-06T20:38:02.787-0500] {processor.py:914} INFO - Processing file /Users/binhpham/Library/Python/3.9/lib/python/site-packages/airflow/example_dags/plugins/event_listener.py for tasks to queue
[2024-09-06T20:38:02.788-0500] {logging_mixin.py:190} INFO - [2024-09-06T20:38:02.788-0500] {dagbag.py:587} INFO - Filling up the DagBag from /Users/binhpham/Library/Python/3.9/lib/python/site-packages/airflow/example_dags/plugins/event_listener.py
[2024-09-06T20:38:02.788-0500] {processor.py:927} WARNING - No viable dags retrieved from /Users/binhpham/Library/Python/3.9/lib/python/site-packages/airflow/example_dags/plugins/event_listener.py
[2024-09-06T20:38:02.832-0500] {processor.py:208} INFO - Processing /Users/binhpham/Library/Python/3.9/lib/python/site-packages/airflow/example_dags/plugins/event_listener.py took 0.048 seconds
