[2024-09-06T19:43:40.059-0500] {processor.py:186} INFO - Started process (PID=34235) to work on /Users/binhpham/Library/Python/3.9/lib/python/site-packages/airflow/example_dags/plugins/listener_plugin.py
[2024-09-06T19:43:40.061-0500] {processor.py:914} INFO - Processing file /Users/binhpham/Library/Python/3.9/lib/python/site-packages/airflow/example_dags/plugins/listener_plugin.py for tasks to queue
[2024-09-06T19:43:40.061-0500] {logging_mixin.py:190} INFO - [2024-09-06T19:43:40.061-0500] {dagbag.py:587} INFO - Filling up the DagBag from /Users/binhpham/Library/Python/3.9/lib/python/site-packages/airflow/example_dags/plugins/listener_plugin.py
[2024-09-06T19:43:40.062-0500] {processor.py:927} WARNING - No viable dags retrieved from /Users/binhpham/Library/Python/3.9/lib/python/site-packages/airflow/example_dags/plugins/listener_plugin.py
[2024-09-06T19:43:40.104-0500] {processor.py:208} INFO - Processing /Users/binhpham/Library/Python/3.9/lib/python/site-packages/airflow/example_dags/plugins/listener_plugin.py took 0.046 seconds
[2024-09-06T19:44:49.117-0500] {processor.py:186} INFO - Started process (PID=34545) to work on /Users/binhpham/Library/Python/3.9/lib/python/site-packages/airflow/example_dags/plugins/listener_plugin.py
[2024-09-06T19:44:49.120-0500] {processor.py:914} INFO - Processing file /Users/binhpham/Library/Python/3.9/lib/python/site-packages/airflow/example_dags/plugins/listener_plugin.py for tasks to queue
[2024-09-06T19:44:49.120-0500] {logging_mixin.py:190} INFO - [2024-09-06T19:44:49.120-0500] {dagbag.py:587} INFO - Filling up the DagBag from /Users/binhpham/Library/Python/3.9/lib/python/site-packages/airflow/example_dags/plugins/listener_plugin.py
[2024-09-06T19:44:49.121-0500] {processor.py:927} WARNING - No viable dags retrieved from /Users/binhpham/Library/Python/3.9/lib/python/site-packages/airflow/example_dags/plugins/listener_plugin.py
[2024-09-06T19:44:49.164-0500] {processor.py:208} INFO - Processing /Users/binhpham/Library/Python/3.9/lib/python/site-packages/airflow/example_dags/plugins/listener_plugin.py took 0.048 seconds
[2024-09-06T19:47:08.734-0500] {processor.py:186} INFO - Started process (PID=35132) to work on /Users/binhpham/Library/Python/3.9/lib/python/site-packages/airflow/example_dags/plugins/listener_plugin.py
[2024-09-06T19:47:08.736-0500] {processor.py:914} INFO - Processing file /Users/binhpham/Library/Python/3.9/lib/python/site-packages/airflow/example_dags/plugins/listener_plugin.py for tasks to queue
[2024-09-06T19:47:08.737-0500] {logging_mixin.py:190} INFO - [2024-09-06T19:47:08.737-0500] {dagbag.py:587} INFO - Filling up the DagBag from /Users/binhpham/Library/Python/3.9/lib/python/site-packages/airflow/example_dags/plugins/listener_plugin.py
[2024-09-06T19:47:08.738-0500] {processor.py:927} WARNING - No viable dags retrieved from /Users/binhpham/Library/Python/3.9/lib/python/site-packages/airflow/example_dags/plugins/listener_plugin.py
[2024-09-06T19:47:08.777-0500] {processor.py:208} INFO - Processing /Users/binhpham/Library/Python/3.9/lib/python/site-packages/airflow/example_dags/plugins/listener_plugin.py took 0.044 seconds
[2024-09-06T19:49:01.902-0500] {processor.py:186} INFO - Started process (PID=35516) to work on /Users/binhpham/Library/Python/3.9/lib/python/site-packages/airflow/example_dags/plugins/listener_plugin.py
[2024-09-06T19:49:01.905-0500] {processor.py:914} INFO - Processing file /Users/binhpham/Library/Python/3.9/lib/python/site-packages/airflow/example_dags/plugins/listener_plugin.py for tasks to queue
[2024-09-06T19:49:01.905-0500] {logging_mixin.py:190} INFO - [2024-09-06T19:49:01.905-0500] {dagbag.py:587} INFO - Filling up the DagBag from /Users/binhpham/Library/Python/3.9/lib/python/site-packages/airflow/example_dags/plugins/listener_plugin.py
[2024-09-06T19:49:01.906-0500] {processor.py:927} WARNING - No viable dags retrieved from /Users/binhpham/Library/Python/3.9/lib/python/site-packages/airflow/example_dags/plugins/listener_plugin.py
[2024-09-06T19:49:01.947-0500] {processor.py:208} INFO - Processing /Users/binhpham/Library/Python/3.9/lib/python/site-packages/airflow/example_dags/plugins/listener_plugin.py took 0.046 seconds
[2024-09-06T19:50:23.350-0500] {processor.py:186} INFO - Started process (PID=35773) to work on /Users/binhpham/Library/Python/3.9/lib/python/site-packages/airflow/example_dags/plugins/listener_plugin.py
[2024-09-06T19:50:23.352-0500] {processor.py:914} INFO - Processing file /Users/binhpham/Library/Python/3.9/lib/python/site-packages/airflow/example_dags/plugins/listener_plugin.py for tasks to queue
[2024-09-06T19:50:23.352-0500] {logging_mixin.py:190} INFO - [2024-09-06T19:50:23.352-0500] {dagbag.py:587} INFO - Filling up the DagBag from /Users/binhpham/Library/Python/3.9/lib/python/site-packages/airflow/example_dags/plugins/listener_plugin.py
[2024-09-06T19:50:23.353-0500] {processor.py:927} WARNING - No viable dags retrieved from /Users/binhpham/Library/Python/3.9/lib/python/site-packages/airflow/example_dags/plugins/listener_plugin.py
[2024-09-06T19:50:23.397-0500] {processor.py:208} INFO - Processing /Users/binhpham/Library/Python/3.9/lib/python/site-packages/airflow/example_dags/plugins/listener_plugin.py took 0.048 seconds
[2024-09-06T19:51:44.911-0500] {processor.py:186} INFO - Started process (PID=36025) to work on /Users/binhpham/Library/Python/3.9/lib/python/site-packages/airflow/example_dags/plugins/listener_plugin.py
[2024-09-06T19:51:44.912-0500] {processor.py:914} INFO - Processing file /Users/binhpham/Library/Python/3.9/lib/python/site-packages/airflow/example_dags/plugins/listener_plugin.py for tasks to queue
[2024-09-06T19:51:44.912-0500] {logging_mixin.py:190} INFO - [2024-09-06T19:51:44.912-0500] {dagbag.py:587} INFO - Filling up the DagBag from /Users/binhpham/Library/Python/3.9/lib/python/site-packages/airflow/example_dags/plugins/listener_plugin.py
[2024-09-06T19:51:44.913-0500] {processor.py:927} WARNING - No viable dags retrieved from /Users/binhpham/Library/Python/3.9/lib/python/site-packages/airflow/example_dags/plugins/listener_plugin.py
[2024-09-06T19:51:44.955-0500] {processor.py:208} INFO - Processing /Users/binhpham/Library/Python/3.9/lib/python/site-packages/airflow/example_dags/plugins/listener_plugin.py took 0.046 seconds
[2024-09-06T19:53:05.565-0500] {processor.py:186} INFO - Started process (PID=36292) to work on /Users/binhpham/Library/Python/3.9/lib/python/site-packages/airflow/example_dags/plugins/listener_plugin.py
[2024-09-06T19:53:05.568-0500] {processor.py:914} INFO - Processing file /Users/binhpham/Library/Python/3.9/lib/python/site-packages/airflow/example_dags/plugins/listener_plugin.py for tasks to queue
[2024-09-06T19:53:05.568-0500] {logging_mixin.py:190} INFO - [2024-09-06T19:53:05.568-0500] {dagbag.py:587} INFO - Filling up the DagBag from /Users/binhpham/Library/Python/3.9/lib/python/site-packages/airflow/example_dags/plugins/listener_plugin.py
[2024-09-06T19:53:05.569-0500] {processor.py:927} WARNING - No viable dags retrieved from /Users/binhpham/Library/Python/3.9/lib/python/site-packages/airflow/example_dags/plugins/listener_plugin.py
[2024-09-06T19:53:05.610-0500] {processor.py:208} INFO - Processing /Users/binhpham/Library/Python/3.9/lib/python/site-packages/airflow/example_dags/plugins/listener_plugin.py took 0.046 seconds
[2024-09-06T19:53:32.538-0500] {processor.py:186} INFO - Started process (PID=36407) to work on /Users/binhpham/Library/Python/3.9/lib/python/site-packages/airflow/example_dags/plugins/listener_plugin.py
[2024-09-06T19:53:32.540-0500] {processor.py:914} INFO - Processing file /Users/binhpham/Library/Python/3.9/lib/python/site-packages/airflow/example_dags/plugins/listener_plugin.py for tasks to queue
[2024-09-06T19:53:32.541-0500] {logging_mixin.py:190} INFO - [2024-09-06T19:53:32.541-0500] {dagbag.py:587} INFO - Filling up the DagBag from /Users/binhpham/Library/Python/3.9/lib/python/site-packages/airflow/example_dags/plugins/listener_plugin.py
[2024-09-06T19:53:32.542-0500] {processor.py:927} WARNING - No viable dags retrieved from /Users/binhpham/Library/Python/3.9/lib/python/site-packages/airflow/example_dags/plugins/listener_plugin.py
[2024-09-06T19:53:32.585-0500] {processor.py:208} INFO - Processing /Users/binhpham/Library/Python/3.9/lib/python/site-packages/airflow/example_dags/plugins/listener_plugin.py took 0.047 seconds
[2024-09-06T19:55:24.751-0500] {processor.py:186} INFO - Started process (PID=36790) to work on /Users/binhpham/Library/Python/3.9/lib/python/site-packages/airflow/example_dags/plugins/listener_plugin.py
[2024-09-06T19:55:24.753-0500] {processor.py:914} INFO - Processing file /Users/binhpham/Library/Python/3.9/lib/python/site-packages/airflow/example_dags/plugins/listener_plugin.py for tasks to queue
[2024-09-06T19:55:24.754-0500] {logging_mixin.py:190} INFO - [2024-09-06T19:55:24.754-0500] {dagbag.py:587} INFO - Filling up the DagBag from /Users/binhpham/Library/Python/3.9/lib/python/site-packages/airflow/example_dags/plugins/listener_plugin.py
[2024-09-06T19:55:24.755-0500] {processor.py:927} WARNING - No viable dags retrieved from /Users/binhpham/Library/Python/3.9/lib/python/site-packages/airflow/example_dags/plugins/listener_plugin.py
[2024-09-06T19:55:24.795-0500] {processor.py:208} INFO - Processing /Users/binhpham/Library/Python/3.9/lib/python/site-packages/airflow/example_dags/plugins/listener_plugin.py took 0.045 seconds
[2024-09-06T19:56:46.446-0500] {processor.py:186} INFO - Started process (PID=37045) to work on /Users/binhpham/Library/Python/3.9/lib/python/site-packages/airflow/example_dags/plugins/listener_plugin.py
[2024-09-06T19:56:46.448-0500] {processor.py:914} INFO - Processing file /Users/binhpham/Library/Python/3.9/lib/python/site-packages/airflow/example_dags/plugins/listener_plugin.py for tasks to queue
[2024-09-06T19:56:46.448-0500] {logging_mixin.py:190} INFO - [2024-09-06T19:56:46.448-0500] {dagbag.py:587} INFO - Filling up the DagBag from /Users/binhpham/Library/Python/3.9/lib/python/site-packages/airflow/example_dags/plugins/listener_plugin.py
[2024-09-06T19:56:46.449-0500] {processor.py:927} WARNING - No viable dags retrieved from /Users/binhpham/Library/Python/3.9/lib/python/site-packages/airflow/example_dags/plugins/listener_plugin.py
[2024-09-06T19:56:46.495-0500] {processor.py:208} INFO - Processing /Users/binhpham/Library/Python/3.9/lib/python/site-packages/airflow/example_dags/plugins/listener_plugin.py took 0.051 seconds
[2024-09-06T19:58:08.355-0500] {processor.py:186} INFO - Started process (PID=37294) to work on /Users/binhpham/Library/Python/3.9/lib/python/site-packages/airflow/example_dags/plugins/listener_plugin.py
[2024-09-06T19:58:08.356-0500] {processor.py:914} INFO - Processing file /Users/binhpham/Library/Python/3.9/lib/python/site-packages/airflow/example_dags/plugins/listener_plugin.py for tasks to queue
[2024-09-06T19:58:08.357-0500] {logging_mixin.py:190} INFO - [2024-09-06T19:58:08.357-0500] {dagbag.py:587} INFO - Filling up the DagBag from /Users/binhpham/Library/Python/3.9/lib/python/site-packages/airflow/example_dags/plugins/listener_plugin.py
[2024-09-06T19:58:08.358-0500] {processor.py:927} WARNING - No viable dags retrieved from /Users/binhpham/Library/Python/3.9/lib/python/site-packages/airflow/example_dags/plugins/listener_plugin.py
[2024-09-06T19:58:08.397-0500] {processor.py:208} INFO - Processing /Users/binhpham/Library/Python/3.9/lib/python/site-packages/airflow/example_dags/plugins/listener_plugin.py took 0.043 seconds
[2024-09-06T19:59:31.096-0500] {processor.py:186} INFO - Started process (PID=37545) to work on /Users/binhpham/Library/Python/3.9/lib/python/site-packages/airflow/example_dags/plugins/listener_plugin.py
[2024-09-06T19:59:31.098-0500] {processor.py:914} INFO - Processing file /Users/binhpham/Library/Python/3.9/lib/python/site-packages/airflow/example_dags/plugins/listener_plugin.py for tasks to queue
[2024-09-06T19:59:31.099-0500] {logging_mixin.py:190} INFO - [2024-09-06T19:59:31.099-0500] {dagbag.py:587} INFO - Filling up the DagBag from /Users/binhpham/Library/Python/3.9/lib/python/site-packages/airflow/example_dags/plugins/listener_plugin.py
[2024-09-06T19:59:31.102-0500] {processor.py:927} WARNING - No viable dags retrieved from /Users/binhpham/Library/Python/3.9/lib/python/site-packages/airflow/example_dags/plugins/listener_plugin.py
[2024-09-06T19:59:31.141-0500] {processor.py:208} INFO - Processing /Users/binhpham/Library/Python/3.9/lib/python/site-packages/airflow/example_dags/plugins/listener_plugin.py took 0.047 seconds
[2024-09-06T20:00:51.207-0500] {processor.py:186} INFO - Started process (PID=37795) to work on /Users/binhpham/Library/Python/3.9/lib/python/site-packages/airflow/example_dags/plugins/listener_plugin.py
[2024-09-06T20:00:51.209-0500] {processor.py:914} INFO - Processing file /Users/binhpham/Library/Python/3.9/lib/python/site-packages/airflow/example_dags/plugins/listener_plugin.py for tasks to queue
[2024-09-06T20:00:51.210-0500] {logging_mixin.py:190} INFO - [2024-09-06T20:00:51.210-0500] {dagbag.py:587} INFO - Filling up the DagBag from /Users/binhpham/Library/Python/3.9/lib/python/site-packages/airflow/example_dags/plugins/listener_plugin.py
[2024-09-06T20:00:51.211-0500] {processor.py:927} WARNING - No viable dags retrieved from /Users/binhpham/Library/Python/3.9/lib/python/site-packages/airflow/example_dags/plugins/listener_plugin.py
[2024-09-06T20:00:51.251-0500] {processor.py:208} INFO - Processing /Users/binhpham/Library/Python/3.9/lib/python/site-packages/airflow/example_dags/plugins/listener_plugin.py took 0.046 seconds
[2024-09-06T20:02:13.480-0500] {processor.py:186} INFO - Started process (PID=38054) to work on /Users/binhpham/Library/Python/3.9/lib/python/site-packages/airflow/example_dags/plugins/listener_plugin.py
[2024-09-06T20:02:13.482-0500] {processor.py:914} INFO - Processing file /Users/binhpham/Library/Python/3.9/lib/python/site-packages/airflow/example_dags/plugins/listener_plugin.py for tasks to queue
[2024-09-06T20:02:13.482-0500] {logging_mixin.py:190} INFO - [2024-09-06T20:02:13.482-0500] {dagbag.py:587} INFO - Filling up the DagBag from /Users/binhpham/Library/Python/3.9/lib/python/site-packages/airflow/example_dags/plugins/listener_plugin.py
[2024-09-06T20:02:13.483-0500] {processor.py:927} WARNING - No viable dags retrieved from /Users/binhpham/Library/Python/3.9/lib/python/site-packages/airflow/example_dags/plugins/listener_plugin.py
[2024-09-06T20:02:13.525-0500] {processor.py:208} INFO - Processing /Users/binhpham/Library/Python/3.9/lib/python/site-packages/airflow/example_dags/plugins/listener_plugin.py took 0.047 seconds
[2024-09-06T20:03:31.335-0500] {processor.py:186} INFO - Started process (PID=38291) to work on /Users/binhpham/Library/Python/3.9/lib/python/site-packages/airflow/example_dags/plugins/listener_plugin.py
[2024-09-06T20:03:31.336-0500] {processor.py:914} INFO - Processing file /Users/binhpham/Library/Python/3.9/lib/python/site-packages/airflow/example_dags/plugins/listener_plugin.py for tasks to queue
[2024-09-06T20:03:31.337-0500] {logging_mixin.py:190} INFO - [2024-09-06T20:03:31.337-0500] {dagbag.py:587} INFO - Filling up the DagBag from /Users/binhpham/Library/Python/3.9/lib/python/site-packages/airflow/example_dags/plugins/listener_plugin.py
[2024-09-06T20:03:31.338-0500] {processor.py:927} WARNING - No viable dags retrieved from /Users/binhpham/Library/Python/3.9/lib/python/site-packages/airflow/example_dags/plugins/listener_plugin.py
[2024-09-06T20:03:31.377-0500] {processor.py:208} INFO - Processing /Users/binhpham/Library/Python/3.9/lib/python/site-packages/airflow/example_dags/plugins/listener_plugin.py took 0.044 seconds
[2024-09-06T20:04:51.096-0500] {processor.py:186} INFO - Started process (PID=38534) to work on /Users/binhpham/Library/Python/3.9/lib/python/site-packages/airflow/example_dags/plugins/listener_plugin.py
[2024-09-06T20:04:51.098-0500] {processor.py:914} INFO - Processing file /Users/binhpham/Library/Python/3.9/lib/python/site-packages/airflow/example_dags/plugins/listener_plugin.py for tasks to queue
[2024-09-06T20:04:51.098-0500] {logging_mixin.py:190} INFO - [2024-09-06T20:04:51.098-0500] {dagbag.py:587} INFO - Filling up the DagBag from /Users/binhpham/Library/Python/3.9/lib/python/site-packages/airflow/example_dags/plugins/listener_plugin.py
[2024-09-06T20:04:51.099-0500] {processor.py:927} WARNING - No viable dags retrieved from /Users/binhpham/Library/Python/3.9/lib/python/site-packages/airflow/example_dags/plugins/listener_plugin.py
[2024-09-06T20:04:51.138-0500] {processor.py:208} INFO - Processing /Users/binhpham/Library/Python/3.9/lib/python/site-packages/airflow/example_dags/plugins/listener_plugin.py took 0.043 seconds
[2024-09-06T20:06:12.429-0500] {processor.py:186} INFO - Started process (PID=38785) to work on /Users/binhpham/Library/Python/3.9/lib/python/site-packages/airflow/example_dags/plugins/listener_plugin.py
[2024-09-06T20:06:12.431-0500] {processor.py:914} INFO - Processing file /Users/binhpham/Library/Python/3.9/lib/python/site-packages/airflow/example_dags/plugins/listener_plugin.py for tasks to queue
[2024-09-06T20:06:12.432-0500] {logging_mixin.py:190} INFO - [2024-09-06T20:06:12.431-0500] {dagbag.py:587} INFO - Filling up the DagBag from /Users/binhpham/Library/Python/3.9/lib/python/site-packages/airflow/example_dags/plugins/listener_plugin.py
[2024-09-06T20:06:12.433-0500] {processor.py:927} WARNING - No viable dags retrieved from /Users/binhpham/Library/Python/3.9/lib/python/site-packages/airflow/example_dags/plugins/listener_plugin.py
[2024-09-06T20:06:12.472-0500] {processor.py:208} INFO - Processing /Users/binhpham/Library/Python/3.9/lib/python/site-packages/airflow/example_dags/plugins/listener_plugin.py took 0.044 seconds
[2024-09-06T20:07:33.819-0500] {processor.py:186} INFO - Started process (PID=39029) to work on /Users/binhpham/Library/Python/3.9/lib/python/site-packages/airflow/example_dags/plugins/listener_plugin.py
[2024-09-06T20:07:33.821-0500] {processor.py:914} INFO - Processing file /Users/binhpham/Library/Python/3.9/lib/python/site-packages/airflow/example_dags/plugins/listener_plugin.py for tasks to queue
[2024-09-06T20:07:33.821-0500] {logging_mixin.py:190} INFO - [2024-09-06T20:07:33.821-0500] {dagbag.py:587} INFO - Filling up the DagBag from /Users/binhpham/Library/Python/3.9/lib/python/site-packages/airflow/example_dags/plugins/listener_plugin.py
[2024-09-06T20:07:33.822-0500] {processor.py:927} WARNING - No viable dags retrieved from /Users/binhpham/Library/Python/3.9/lib/python/site-packages/airflow/example_dags/plugins/listener_plugin.py
[2024-09-06T20:07:33.866-0500] {processor.py:208} INFO - Processing /Users/binhpham/Library/Python/3.9/lib/python/site-packages/airflow/example_dags/plugins/listener_plugin.py took 0.049 seconds
[2024-09-06T20:08:53.092-0500] {processor.py:186} INFO - Started process (PID=39271) to work on /Users/binhpham/Library/Python/3.9/lib/python/site-packages/airflow/example_dags/plugins/listener_plugin.py
[2024-09-06T20:08:53.094-0500] {processor.py:914} INFO - Processing file /Users/binhpham/Library/Python/3.9/lib/python/site-packages/airflow/example_dags/plugins/listener_plugin.py for tasks to queue
[2024-09-06T20:08:53.094-0500] {logging_mixin.py:190} INFO - [2024-09-06T20:08:53.094-0500] {dagbag.py:587} INFO - Filling up the DagBag from /Users/binhpham/Library/Python/3.9/lib/python/site-packages/airflow/example_dags/plugins/listener_plugin.py
[2024-09-06T20:08:53.095-0500] {processor.py:927} WARNING - No viable dags retrieved from /Users/binhpham/Library/Python/3.9/lib/python/site-packages/airflow/example_dags/plugins/listener_plugin.py
[2024-09-06T20:08:53.134-0500] {processor.py:208} INFO - Processing /Users/binhpham/Library/Python/3.9/lib/python/site-packages/airflow/example_dags/plugins/listener_plugin.py took 0.044 seconds
[2024-09-06T20:10:20.124-0500] {processor.py:186} INFO - Started process (PID=39560) to work on /Users/binhpham/Library/Python/3.9/lib/python/site-packages/airflow/example_dags/plugins/listener_plugin.py
[2024-09-06T20:10:20.126-0500] {processor.py:914} INFO - Processing file /Users/binhpham/Library/Python/3.9/lib/python/site-packages/airflow/example_dags/plugins/listener_plugin.py for tasks to queue
[2024-09-06T20:10:20.126-0500] {logging_mixin.py:190} INFO - [2024-09-06T20:10:20.126-0500] {dagbag.py:587} INFO - Filling up the DagBag from /Users/binhpham/Library/Python/3.9/lib/python/site-packages/airflow/example_dags/plugins/listener_plugin.py
[2024-09-06T20:10:20.127-0500] {processor.py:927} WARNING - No viable dags retrieved from /Users/binhpham/Library/Python/3.9/lib/python/site-packages/airflow/example_dags/plugins/listener_plugin.py
[2024-09-06T20:10:20.168-0500] {processor.py:208} INFO - Processing /Users/binhpham/Library/Python/3.9/lib/python/site-packages/airflow/example_dags/plugins/listener_plugin.py took 0.046 seconds
[2024-09-06T20:11:39.852-0500] {processor.py:186} INFO - Started process (PID=39830) to work on /Users/binhpham/Library/Python/3.9/lib/python/site-packages/airflow/example_dags/plugins/listener_plugin.py
[2024-09-06T20:11:39.854-0500] {processor.py:914} INFO - Processing file /Users/binhpham/Library/Python/3.9/lib/python/site-packages/airflow/example_dags/plugins/listener_plugin.py for tasks to queue
[2024-09-06T20:11:39.854-0500] {logging_mixin.py:190} INFO - [2024-09-06T20:11:39.854-0500] {dagbag.py:587} INFO - Filling up the DagBag from /Users/binhpham/Library/Python/3.9/lib/python/site-packages/airflow/example_dags/plugins/listener_plugin.py
[2024-09-06T20:11:39.856-0500] {processor.py:927} WARNING - No viable dags retrieved from /Users/binhpham/Library/Python/3.9/lib/python/site-packages/airflow/example_dags/plugins/listener_plugin.py
[2024-09-06T20:11:39.897-0500] {processor.py:208} INFO - Processing /Users/binhpham/Library/Python/3.9/lib/python/site-packages/airflow/example_dags/plugins/listener_plugin.py took 0.047 seconds
[2024-09-06T20:13:01.415-0500] {processor.py:186} INFO - Started process (PID=40108) to work on /Users/binhpham/Library/Python/3.9/lib/python/site-packages/airflow/example_dags/plugins/listener_plugin.py
[2024-09-06T20:13:01.416-0500] {processor.py:914} INFO - Processing file /Users/binhpham/Library/Python/3.9/lib/python/site-packages/airflow/example_dags/plugins/listener_plugin.py for tasks to queue
[2024-09-06T20:13:01.417-0500] {logging_mixin.py:190} INFO - [2024-09-06T20:13:01.417-0500] {dagbag.py:587} INFO - Filling up the DagBag from /Users/binhpham/Library/Python/3.9/lib/python/site-packages/airflow/example_dags/plugins/listener_plugin.py
[2024-09-06T20:13:01.418-0500] {processor.py:927} WARNING - No viable dags retrieved from /Users/binhpham/Library/Python/3.9/lib/python/site-packages/airflow/example_dags/plugins/listener_plugin.py
[2024-09-06T20:13:01.458-0500] {processor.py:208} INFO - Processing /Users/binhpham/Library/Python/3.9/lib/python/site-packages/airflow/example_dags/plugins/listener_plugin.py took 0.045 seconds
[2024-09-06T20:14:23.121-0500] {processor.py:186} INFO - Started process (PID=40373) to work on /Users/binhpham/Library/Python/3.9/lib/python/site-packages/airflow/example_dags/plugins/listener_plugin.py
[2024-09-06T20:14:23.123-0500] {processor.py:914} INFO - Processing file /Users/binhpham/Library/Python/3.9/lib/python/site-packages/airflow/example_dags/plugins/listener_plugin.py for tasks to queue
[2024-09-06T20:14:23.123-0500] {logging_mixin.py:190} INFO - [2024-09-06T20:14:23.123-0500] {dagbag.py:587} INFO - Filling up the DagBag from /Users/binhpham/Library/Python/3.9/lib/python/site-packages/airflow/example_dags/plugins/listener_plugin.py
[2024-09-06T20:14:23.125-0500] {processor.py:927} WARNING - No viable dags retrieved from /Users/binhpham/Library/Python/3.9/lib/python/site-packages/airflow/example_dags/plugins/listener_plugin.py
[2024-09-06T20:14:23.171-0500] {processor.py:208} INFO - Processing /Users/binhpham/Library/Python/3.9/lib/python/site-packages/airflow/example_dags/plugins/listener_plugin.py took 0.052 seconds
[2024-09-06T20:14:54.873-0500] {processor.py:186} INFO - Started process (PID=40506) to work on /Users/binhpham/Library/Python/3.9/lib/python/site-packages/airflow/example_dags/plugins/listener_plugin.py
[2024-09-06T20:14:54.876-0500] {processor.py:914} INFO - Processing file /Users/binhpham/Library/Python/3.9/lib/python/site-packages/airflow/example_dags/plugins/listener_plugin.py for tasks to queue
[2024-09-06T20:14:54.876-0500] {logging_mixin.py:190} INFO - [2024-09-06T20:14:54.876-0500] {dagbag.py:587} INFO - Filling up the DagBag from /Users/binhpham/Library/Python/3.9/lib/python/site-packages/airflow/example_dags/plugins/listener_plugin.py
[2024-09-06T20:14:54.877-0500] {processor.py:927} WARNING - No viable dags retrieved from /Users/binhpham/Library/Python/3.9/lib/python/site-packages/airflow/example_dags/plugins/listener_plugin.py
[2024-09-06T20:14:54.919-0500] {processor.py:208} INFO - Processing /Users/binhpham/Library/Python/3.9/lib/python/site-packages/airflow/example_dags/plugins/listener_plugin.py took 0.047 seconds
[2024-09-06T20:21:45.246-0500] {processor.py:186} INFO - Started process (PID=42712) to work on /Users/binhpham/Library/Python/3.9/lib/python/site-packages/airflow/example_dags/plugins/listener_plugin.py
[2024-09-06T20:21:45.248-0500] {processor.py:914} INFO - Processing file /Users/binhpham/Library/Python/3.9/lib/python/site-packages/airflow/example_dags/plugins/listener_plugin.py for tasks to queue
[2024-09-06T20:21:45.249-0500] {logging_mixin.py:190} INFO - [2024-09-06T20:21:45.249-0500] {dagbag.py:587} INFO - Filling up the DagBag from /Users/binhpham/Library/Python/3.9/lib/python/site-packages/airflow/example_dags/plugins/listener_plugin.py
[2024-09-06T20:21:45.250-0500] {processor.py:927} WARNING - No viable dags retrieved from /Users/binhpham/Library/Python/3.9/lib/python/site-packages/airflow/example_dags/plugins/listener_plugin.py
[2024-09-06T20:21:45.289-0500] {processor.py:208} INFO - Processing /Users/binhpham/Library/Python/3.9/lib/python/site-packages/airflow/example_dags/plugins/listener_plugin.py took 0.044 seconds
[2024-09-06T20:23:38.512-0500] {processor.py:186} INFO - Started process (PID=43085) to work on /Users/binhpham/Library/Python/3.9/lib/python/site-packages/airflow/example_dags/plugins/listener_plugin.py
[2024-09-06T20:23:38.515-0500] {processor.py:914} INFO - Processing file /Users/binhpham/Library/Python/3.9/lib/python/site-packages/airflow/example_dags/plugins/listener_plugin.py for tasks to queue
[2024-09-06T20:23:38.515-0500] {logging_mixin.py:190} INFO - [2024-09-06T20:23:38.515-0500] {dagbag.py:587} INFO - Filling up the DagBag from /Users/binhpham/Library/Python/3.9/lib/python/site-packages/airflow/example_dags/plugins/listener_plugin.py
[2024-09-06T20:23:38.517-0500] {processor.py:927} WARNING - No viable dags retrieved from /Users/binhpham/Library/Python/3.9/lib/python/site-packages/airflow/example_dags/plugins/listener_plugin.py
[2024-09-06T20:23:38.558-0500] {processor.py:208} INFO - Processing /Users/binhpham/Library/Python/3.9/lib/python/site-packages/airflow/example_dags/plugins/listener_plugin.py took 0.047 seconds
[2024-09-06T20:25:00.881-0500] {processor.py:186} INFO - Started process (PID=43340) to work on /Users/binhpham/Library/Python/3.9/lib/python/site-packages/airflow/example_dags/plugins/listener_plugin.py
[2024-09-06T20:25:00.884-0500] {processor.py:914} INFO - Processing file /Users/binhpham/Library/Python/3.9/lib/python/site-packages/airflow/example_dags/plugins/listener_plugin.py for tasks to queue
[2024-09-06T20:25:00.884-0500] {logging_mixin.py:190} INFO - [2024-09-06T20:25:00.884-0500] {dagbag.py:587} INFO - Filling up the DagBag from /Users/binhpham/Library/Python/3.9/lib/python/site-packages/airflow/example_dags/plugins/listener_plugin.py
[2024-09-06T20:25:00.885-0500] {processor.py:927} WARNING - No viable dags retrieved from /Users/binhpham/Library/Python/3.9/lib/python/site-packages/airflow/example_dags/plugins/listener_plugin.py
[2024-09-06T20:25:00.927-0500] {processor.py:208} INFO - Processing /Users/binhpham/Library/Python/3.9/lib/python/site-packages/airflow/example_dags/plugins/listener_plugin.py took 0.047 seconds
[2024-09-06T20:26:23.488-0500] {processor.py:186} INFO - Started process (PID=43616) to work on /Users/binhpham/Library/Python/3.9/lib/python/site-packages/airflow/example_dags/plugins/listener_plugin.py
[2024-09-06T20:26:23.490-0500] {processor.py:914} INFO - Processing file /Users/binhpham/Library/Python/3.9/lib/python/site-packages/airflow/example_dags/plugins/listener_plugin.py for tasks to queue
[2024-09-06T20:26:23.490-0500] {logging_mixin.py:190} INFO - [2024-09-06T20:26:23.490-0500] {dagbag.py:587} INFO - Filling up the DagBag from /Users/binhpham/Library/Python/3.9/lib/python/site-packages/airflow/example_dags/plugins/listener_plugin.py
[2024-09-06T20:26:23.491-0500] {processor.py:927} WARNING - No viable dags retrieved from /Users/binhpham/Library/Python/3.9/lib/python/site-packages/airflow/example_dags/plugins/listener_plugin.py
[2024-09-06T20:26:23.533-0500] {processor.py:208} INFO - Processing /Users/binhpham/Library/Python/3.9/lib/python/site-packages/airflow/example_dags/plugins/listener_plugin.py took 0.046 seconds
[2024-09-06T20:26:53.702-0500] {processor.py:186} INFO - Started process (PID=43734) to work on /Users/binhpham/Library/Python/3.9/lib/python/site-packages/airflow/example_dags/plugins/listener_plugin.py
[2024-09-06T20:26:53.704-0500] {processor.py:914} INFO - Processing file /Users/binhpham/Library/Python/3.9/lib/python/site-packages/airflow/example_dags/plugins/listener_plugin.py for tasks to queue
[2024-09-06T20:26:53.705-0500] {logging_mixin.py:190} INFO - [2024-09-06T20:26:53.705-0500] {dagbag.py:587} INFO - Filling up the DagBag from /Users/binhpham/Library/Python/3.9/lib/python/site-packages/airflow/example_dags/plugins/listener_plugin.py
[2024-09-06T20:26:53.706-0500] {processor.py:927} WARNING - No viable dags retrieved from /Users/binhpham/Library/Python/3.9/lib/python/site-packages/airflow/example_dags/plugins/listener_plugin.py
[2024-09-06T20:26:53.748-0500] {processor.py:208} INFO - Processing /Users/binhpham/Library/Python/3.9/lib/python/site-packages/airflow/example_dags/plugins/listener_plugin.py took 0.047 seconds
[2024-09-06T20:28:44.306-0500] {processor.py:186} INFO - Started process (PID=44095) to work on /Users/binhpham/Library/Python/3.9/lib/python/site-packages/airflow/example_dags/plugins/listener_plugin.py
[2024-09-06T20:28:44.308-0500] {processor.py:914} INFO - Processing file /Users/binhpham/Library/Python/3.9/lib/python/site-packages/airflow/example_dags/plugins/listener_plugin.py for tasks to queue
[2024-09-06T20:28:44.309-0500] {logging_mixin.py:190} INFO - [2024-09-06T20:28:44.308-0500] {dagbag.py:587} INFO - Filling up the DagBag from /Users/binhpham/Library/Python/3.9/lib/python/site-packages/airflow/example_dags/plugins/listener_plugin.py
[2024-09-06T20:28:44.311-0500] {processor.py:927} WARNING - No viable dags retrieved from /Users/binhpham/Library/Python/3.9/lib/python/site-packages/airflow/example_dags/plugins/listener_plugin.py
[2024-09-06T20:28:44.351-0500] {processor.py:208} INFO - Processing /Users/binhpham/Library/Python/3.9/lib/python/site-packages/airflow/example_dags/plugins/listener_plugin.py took 0.046 seconds
[2024-09-06T20:30:07.277-0500] {processor.py:186} INFO - Started process (PID=44382) to work on /Users/binhpham/Library/Python/3.9/lib/python/site-packages/airflow/example_dags/plugins/listener_plugin.py
[2024-09-06T20:30:07.279-0500] {processor.py:914} INFO - Processing file /Users/binhpham/Library/Python/3.9/lib/python/site-packages/airflow/example_dags/plugins/listener_plugin.py for tasks to queue
[2024-09-06T20:30:07.280-0500] {logging_mixin.py:190} INFO - [2024-09-06T20:30:07.279-0500] {dagbag.py:587} INFO - Filling up the DagBag from /Users/binhpham/Library/Python/3.9/lib/python/site-packages/airflow/example_dags/plugins/listener_plugin.py
[2024-09-06T20:30:07.281-0500] {processor.py:927} WARNING - No viable dags retrieved from /Users/binhpham/Library/Python/3.9/lib/python/site-packages/airflow/example_dags/plugins/listener_plugin.py
[2024-09-06T20:30:07.320-0500] {processor.py:208} INFO - Processing /Users/binhpham/Library/Python/3.9/lib/python/site-packages/airflow/example_dags/plugins/listener_plugin.py took 0.045 seconds
[2024-09-06T20:31:28.022-0500] {processor.py:186} INFO - Started process (PID=44626) to work on /Users/binhpham/Library/Python/3.9/lib/python/site-packages/airflow/example_dags/plugins/listener_plugin.py
[2024-09-06T20:31:28.024-0500] {processor.py:914} INFO - Processing file /Users/binhpham/Library/Python/3.9/lib/python/site-packages/airflow/example_dags/plugins/listener_plugin.py for tasks to queue
[2024-09-06T20:31:28.025-0500] {logging_mixin.py:190} INFO - [2024-09-06T20:31:28.025-0500] {dagbag.py:587} INFO - Filling up the DagBag from /Users/binhpham/Library/Python/3.9/lib/python/site-packages/airflow/example_dags/plugins/listener_plugin.py
[2024-09-06T20:31:28.026-0500] {processor.py:927} WARNING - No viable dags retrieved from /Users/binhpham/Library/Python/3.9/lib/python/site-packages/airflow/example_dags/plugins/listener_plugin.py
[2024-09-06T20:31:28.065-0500] {processor.py:208} INFO - Processing /Users/binhpham/Library/Python/3.9/lib/python/site-packages/airflow/example_dags/plugins/listener_plugin.py took 0.045 seconds
[2024-09-06T20:32:49.732-0500] {processor.py:186} INFO - Started process (PID=44903) to work on /Users/binhpham/Library/Python/3.9/lib/python/site-packages/airflow/example_dags/plugins/listener_plugin.py
[2024-09-06T20:32:49.735-0500] {processor.py:914} INFO - Processing file /Users/binhpham/Library/Python/3.9/lib/python/site-packages/airflow/example_dags/plugins/listener_plugin.py for tasks to queue
[2024-09-06T20:32:49.735-0500] {logging_mixin.py:190} INFO - [2024-09-06T20:32:49.735-0500] {dagbag.py:587} INFO - Filling up the DagBag from /Users/binhpham/Library/Python/3.9/lib/python/site-packages/airflow/example_dags/plugins/listener_plugin.py
[2024-09-06T20:32:49.736-0500] {processor.py:927} WARNING - No viable dags retrieved from /Users/binhpham/Library/Python/3.9/lib/python/site-packages/airflow/example_dags/plugins/listener_plugin.py
[2024-09-06T20:32:49.777-0500] {processor.py:208} INFO - Processing /Users/binhpham/Library/Python/3.9/lib/python/site-packages/airflow/example_dags/plugins/listener_plugin.py took 0.045 seconds
[2024-09-06T20:33:25.089-0500] {processor.py:186} INFO - Started process (PID=45031) to work on /Users/binhpham/Library/Python/3.9/lib/python/site-packages/airflow/example_dags/plugins/listener_plugin.py
[2024-09-06T20:33:25.091-0500] {processor.py:914} INFO - Processing file /Users/binhpham/Library/Python/3.9/lib/python/site-packages/airflow/example_dags/plugins/listener_plugin.py for tasks to queue
[2024-09-06T20:33:25.091-0500] {logging_mixin.py:190} INFO - [2024-09-06T20:33:25.091-0500] {dagbag.py:587} INFO - Filling up the DagBag from /Users/binhpham/Library/Python/3.9/lib/python/site-packages/airflow/example_dags/plugins/listener_plugin.py
[2024-09-06T20:33:25.092-0500] {processor.py:927} WARNING - No viable dags retrieved from /Users/binhpham/Library/Python/3.9/lib/python/site-packages/airflow/example_dags/plugins/listener_plugin.py
[2024-09-06T20:33:25.131-0500] {processor.py:208} INFO - Processing /Users/binhpham/Library/Python/3.9/lib/python/site-packages/airflow/example_dags/plugins/listener_plugin.py took 0.044 seconds
[2024-09-06T20:35:17.935-0500] {processor.py:186} INFO - Started process (PID=45392) to work on /Users/binhpham/Library/Python/3.9/lib/python/site-packages/airflow/example_dags/plugins/listener_plugin.py
[2024-09-06T20:35:17.937-0500] {processor.py:914} INFO - Processing file /Users/binhpham/Library/Python/3.9/lib/python/site-packages/airflow/example_dags/plugins/listener_plugin.py for tasks to queue
[2024-09-06T20:35:17.937-0500] {logging_mixin.py:190} INFO - [2024-09-06T20:35:17.937-0500] {dagbag.py:587} INFO - Filling up the DagBag from /Users/binhpham/Library/Python/3.9/lib/python/site-packages/airflow/example_dags/plugins/listener_plugin.py
[2024-09-06T20:35:17.939-0500] {processor.py:927} WARNING - No viable dags retrieved from /Users/binhpham/Library/Python/3.9/lib/python/site-packages/airflow/example_dags/plugins/listener_plugin.py
[2024-09-06T20:35:17.978-0500] {processor.py:208} INFO - Processing /Users/binhpham/Library/Python/3.9/lib/python/site-packages/airflow/example_dags/plugins/listener_plugin.py took 0.045 seconds
[2024-09-06T20:36:38.930-0500] {processor.py:186} INFO - Started process (PID=45655) to work on /Users/binhpham/Library/Python/3.9/lib/python/site-packages/airflow/example_dags/plugins/listener_plugin.py
[2024-09-06T20:36:38.933-0500] {processor.py:914} INFO - Processing file /Users/binhpham/Library/Python/3.9/lib/python/site-packages/airflow/example_dags/plugins/listener_plugin.py for tasks to queue
[2024-09-06T20:36:38.933-0500] {logging_mixin.py:190} INFO - [2024-09-06T20:36:38.933-0500] {dagbag.py:587} INFO - Filling up the DagBag from /Users/binhpham/Library/Python/3.9/lib/python/site-packages/airflow/example_dags/plugins/listener_plugin.py
[2024-09-06T20:36:38.934-0500] {processor.py:927} WARNING - No viable dags retrieved from /Users/binhpham/Library/Python/3.9/lib/python/site-packages/airflow/example_dags/plugins/listener_plugin.py
[2024-09-06T20:36:38.976-0500] {processor.py:208} INFO - Processing /Users/binhpham/Library/Python/3.9/lib/python/site-packages/airflow/example_dags/plugins/listener_plugin.py took 0.047 seconds
[2024-09-06T20:38:00.547-0500] {processor.py:186} INFO - Started process (PID=45933) to work on /Users/binhpham/Library/Python/3.9/lib/python/site-packages/airflow/example_dags/plugins/listener_plugin.py
[2024-09-06T20:38:00.549-0500] {processor.py:914} INFO - Processing file /Users/binhpham/Library/Python/3.9/lib/python/site-packages/airflow/example_dags/plugins/listener_plugin.py for tasks to queue
[2024-09-06T20:38:00.550-0500] {logging_mixin.py:190} INFO - [2024-09-06T20:38:00.549-0500] {dagbag.py:587} INFO - Filling up the DagBag from /Users/binhpham/Library/Python/3.9/lib/python/site-packages/airflow/example_dags/plugins/listener_plugin.py
[2024-09-06T20:38:00.551-0500] {processor.py:927} WARNING - No viable dags retrieved from /Users/binhpham/Library/Python/3.9/lib/python/site-packages/airflow/example_dags/plugins/listener_plugin.py
[2024-09-06T20:38:00.593-0500] {processor.py:208} INFO - Processing /Users/binhpham/Library/Python/3.9/lib/python/site-packages/airflow/example_dags/plugins/listener_plugin.py took 0.047 seconds
