[2024-09-06T19:43:38.297-0500] {processor.py:186} INFO - Started process (PID=34221) to work on /Users/binhpham/Library/Python/3.9/lib/python/site-packages/airflow/example_dags/plugins/workday.py
[2024-09-06T19:43:38.299-0500] {processor.py:914} INFO - Processing file /Users/binhpham/Library/Python/3.9/lib/python/site-packages/airflow/example_dags/plugins/workday.py for tasks to queue
[2024-09-06T19:43:38.299-0500] {logging_mixin.py:190} INFO - [2024-09-06T19:43:38.299-0500] {dagbag.py:587} INFO - Filling up the DagBag from /Users/binhpham/Library/Python/3.9/lib/python/site-packages/airflow/example_dags/plugins/workday.py
[2024-09-06T19:43:38.470-0500] {processor.py:927} WARNING - No viable dags retrieved from /Users/binhpham/Library/Python/3.9/lib/python/site-packages/airflow/example_dags/plugins/workday.py
[2024-09-06T19:43:38.510-0500] {processor.py:208} INFO - Processing /Users/binhpham/Library/Python/3.9/lib/python/site-packages/airflow/example_dags/plugins/workday.py took 0.214 seconds
[2024-09-06T19:44:47.342-0500] {processor.py:186} INFO - Started process (PID=34539) to work on /Users/binhpham/Library/Python/3.9/lib/python/site-packages/airflow/example_dags/plugins/workday.py
[2024-09-06T19:44:47.343-0500] {processor.py:914} INFO - Processing file /Users/binhpham/Library/Python/3.9/lib/python/site-packages/airflow/example_dags/plugins/workday.py for tasks to queue
[2024-09-06T19:44:47.344-0500] {logging_mixin.py:190} INFO - [2024-09-06T19:44:47.344-0500] {dagbag.py:587} INFO - Filling up the DagBag from /Users/binhpham/Library/Python/3.9/lib/python/site-packages/airflow/example_dags/plugins/workday.py
[2024-09-06T19:44:47.529-0500] {processor.py:927} WARNING - No viable dags retrieved from /Users/binhpham/Library/Python/3.9/lib/python/site-packages/airflow/example_dags/plugins/workday.py
[2024-09-06T19:44:47.573-0500] {processor.py:208} INFO - Processing /Users/binhpham/Library/Python/3.9/lib/python/site-packages/airflow/example_dags/plugins/workday.py took 0.233 seconds
[2024-09-06T19:46:39.571-0500] {processor.py:186} INFO - Started process (PID=34976) to work on /Users/binhpham/Library/Python/3.9/lib/python/site-packages/airflow/example_dags/plugins/workday.py
[2024-09-06T19:46:39.573-0500] {processor.py:914} INFO - Processing file /Users/binhpham/Library/Python/3.9/lib/python/site-packages/airflow/example_dags/plugins/workday.py for tasks to queue
[2024-09-06T19:46:39.573-0500] {logging_mixin.py:190} INFO - [2024-09-06T19:46:39.573-0500] {dagbag.py:587} INFO - Filling up the DagBag from /Users/binhpham/Library/Python/3.9/lib/python/site-packages/airflow/example_dags/plugins/workday.py
[2024-09-06T19:46:39.780-0500] {processor.py:927} WARNING - No viable dags retrieved from /Users/binhpham/Library/Python/3.9/lib/python/site-packages/airflow/example_dags/plugins/workday.py
[2024-09-06T19:46:39.819-0500] {processor.py:208} INFO - Processing /Users/binhpham/Library/Python/3.9/lib/python/site-packages/airflow/example_dags/plugins/workday.py took 0.250 seconds
[2024-09-06T19:47:07.081-0500] {processor.py:186} INFO - Started process (PID=35115) to work on /Users/binhpham/Library/Python/3.9/lib/python/site-packages/airflow/example_dags/plugins/workday.py
[2024-09-06T19:47:07.082-0500] {processor.py:914} INFO - Processing file /Users/binhpham/Library/Python/3.9/lib/python/site-packages/airflow/example_dags/plugins/workday.py for tasks to queue
[2024-09-06T19:47:07.083-0500] {logging_mixin.py:190} INFO - [2024-09-06T19:47:07.083-0500] {dagbag.py:587} INFO - Filling up the DagBag from /Users/binhpham/Library/Python/3.9/lib/python/site-packages/airflow/example_dags/plugins/workday.py
[2024-09-06T19:47:07.260-0500] {processor.py:927} WARNING - No viable dags retrieved from /Users/binhpham/Library/Python/3.9/lib/python/site-packages/airflow/example_dags/plugins/workday.py
[2024-09-06T19:47:07.304-0500] {processor.py:208} INFO - Processing /Users/binhpham/Library/Python/3.9/lib/python/site-packages/airflow/example_dags/plugins/workday.py took 0.224 seconds
[2024-09-06T19:48:59.656-0500] {processor.py:186} INFO - Started process (PID=35507) to work on /Users/binhpham/Library/Python/3.9/lib/python/site-packages/airflow/example_dags/plugins/workday.py
[2024-09-06T19:48:59.658-0500] {processor.py:914} INFO - Processing file /Users/binhpham/Library/Python/3.9/lib/python/site-packages/airflow/example_dags/plugins/workday.py for tasks to queue
[2024-09-06T19:48:59.659-0500] {logging_mixin.py:190} INFO - [2024-09-06T19:48:59.659-0500] {dagbag.py:587} INFO - Filling up the DagBag from /Users/binhpham/Library/Python/3.9/lib/python/site-packages/airflow/example_dags/plugins/workday.py
[2024-09-06T19:48:59.841-0500] {processor.py:927} WARNING - No viable dags retrieved from /Users/binhpham/Library/Python/3.9/lib/python/site-packages/airflow/example_dags/plugins/workday.py
[2024-09-06T19:48:59.880-0500] {processor.py:208} INFO - Processing /Users/binhpham/Library/Python/3.9/lib/python/site-packages/airflow/example_dags/plugins/workday.py took 0.225 seconds
[2024-09-06T19:50:21.111-0500] {processor.py:186} INFO - Started process (PID=35767) to work on /Users/binhpham/Library/Python/3.9/lib/python/site-packages/airflow/example_dags/plugins/workday.py
[2024-09-06T19:50:21.112-0500] {processor.py:914} INFO - Processing file /Users/binhpham/Library/Python/3.9/lib/python/site-packages/airflow/example_dags/plugins/workday.py for tasks to queue
[2024-09-06T19:50:21.113-0500] {logging_mixin.py:190} INFO - [2024-09-06T19:50:21.113-0500] {dagbag.py:587} INFO - Filling up the DagBag from /Users/binhpham/Library/Python/3.9/lib/python/site-packages/airflow/example_dags/plugins/workday.py
[2024-09-06T19:50:21.284-0500] {processor.py:927} WARNING - No viable dags retrieved from /Users/binhpham/Library/Python/3.9/lib/python/site-packages/airflow/example_dags/plugins/workday.py
[2024-09-06T19:50:21.328-0500] {processor.py:208} INFO - Processing /Users/binhpham/Library/Python/3.9/lib/python/site-packages/airflow/example_dags/plugins/workday.py took 0.219 seconds
[2024-09-06T19:51:42.951-0500] {processor.py:186} INFO - Started process (PID=36019) to work on /Users/binhpham/Library/Python/3.9/lib/python/site-packages/airflow/example_dags/plugins/workday.py
[2024-09-06T19:51:42.952-0500] {processor.py:914} INFO - Processing file /Users/binhpham/Library/Python/3.9/lib/python/site-packages/airflow/example_dags/plugins/workday.py for tasks to queue
[2024-09-06T19:51:42.952-0500] {logging_mixin.py:190} INFO - [2024-09-06T19:51:42.952-0500] {dagbag.py:587} INFO - Filling up the DagBag from /Users/binhpham/Library/Python/3.9/lib/python/site-packages/airflow/example_dags/plugins/workday.py
[2024-09-06T19:51:43.124-0500] {processor.py:927} WARNING - No viable dags retrieved from /Users/binhpham/Library/Python/3.9/lib/python/site-packages/airflow/example_dags/plugins/workday.py
[2024-09-06T19:51:43.163-0500] {processor.py:208} INFO - Processing /Users/binhpham/Library/Python/3.9/lib/python/site-packages/airflow/example_dags/plugins/workday.py took 0.214 seconds
[2024-09-06T19:53:03.305-0500] {processor.py:186} INFO - Started process (PID=36283) to work on /Users/binhpham/Library/Python/3.9/lib/python/site-packages/airflow/example_dags/plugins/workday.py
[2024-09-06T19:53:03.308-0500] {processor.py:914} INFO - Processing file /Users/binhpham/Library/Python/3.9/lib/python/site-packages/airflow/example_dags/plugins/workday.py for tasks to queue
[2024-09-06T19:53:03.308-0500] {logging_mixin.py:190} INFO - [2024-09-06T19:53:03.308-0500] {dagbag.py:587} INFO - Filling up the DagBag from /Users/binhpham/Library/Python/3.9/lib/python/site-packages/airflow/example_dags/plugins/workday.py
[2024-09-06T19:53:03.483-0500] {processor.py:927} WARNING - No viable dags retrieved from /Users/binhpham/Library/Python/3.9/lib/python/site-packages/airflow/example_dags/plugins/workday.py
[2024-09-06T19:53:03.523-0500] {processor.py:208} INFO - Processing /Users/binhpham/Library/Python/3.9/lib/python/site-packages/airflow/example_dags/plugins/workday.py took 0.219 seconds
[2024-09-06T19:53:30.805-0500] {processor.py:186} INFO - Started process (PID=36401) to work on /Users/binhpham/Library/Python/3.9/lib/python/site-packages/airflow/example_dags/plugins/workday.py
[2024-09-06T19:53:30.806-0500] {processor.py:914} INFO - Processing file /Users/binhpham/Library/Python/3.9/lib/python/site-packages/airflow/example_dags/plugins/workday.py for tasks to queue
[2024-09-06T19:53:30.807-0500] {logging_mixin.py:190} INFO - [2024-09-06T19:53:30.807-0500] {dagbag.py:587} INFO - Filling up the DagBag from /Users/binhpham/Library/Python/3.9/lib/python/site-packages/airflow/example_dags/plugins/workday.py
[2024-09-06T19:53:30.984-0500] {processor.py:927} WARNING - No viable dags retrieved from /Users/binhpham/Library/Python/3.9/lib/python/site-packages/airflow/example_dags/plugins/workday.py
[2024-09-06T19:53:31.023-0500] {processor.py:208} INFO - Processing /Users/binhpham/Library/Python/3.9/lib/python/site-packages/airflow/example_dags/plugins/workday.py took 0.220 seconds
[2024-09-06T19:55:22.357-0500] {processor.py:186} INFO - Started process (PID=36783) to work on /Users/binhpham/Library/Python/3.9/lib/python/site-packages/airflow/example_dags/plugins/workday.py
[2024-09-06T19:55:22.359-0500] {processor.py:914} INFO - Processing file /Users/binhpham/Library/Python/3.9/lib/python/site-packages/airflow/example_dags/plugins/workday.py for tasks to queue
[2024-09-06T19:55:22.359-0500] {logging_mixin.py:190} INFO - [2024-09-06T19:55:22.359-0500] {dagbag.py:587} INFO - Filling up the DagBag from /Users/binhpham/Library/Python/3.9/lib/python/site-packages/airflow/example_dags/plugins/workday.py
[2024-09-06T19:55:22.603-0500] {processor.py:927} WARNING - No viable dags retrieved from /Users/binhpham/Library/Python/3.9/lib/python/site-packages/airflow/example_dags/plugins/workday.py
[2024-09-06T19:55:22.644-0500] {processor.py:208} INFO - Processing /Users/binhpham/Library/Python/3.9/lib/python/site-packages/airflow/example_dags/plugins/workday.py took 0.289 seconds
[2024-09-06T19:56:44.161-0500] {processor.py:186} INFO - Started process (PID=37039) to work on /Users/binhpham/Library/Python/3.9/lib/python/site-packages/airflow/example_dags/plugins/workday.py
[2024-09-06T19:56:44.163-0500] {processor.py:914} INFO - Processing file /Users/binhpham/Library/Python/3.9/lib/python/site-packages/airflow/example_dags/plugins/workday.py for tasks to queue
[2024-09-06T19:56:44.164-0500] {logging_mixin.py:190} INFO - [2024-09-06T19:56:44.163-0500] {dagbag.py:587} INFO - Filling up the DagBag from /Users/binhpham/Library/Python/3.9/lib/python/site-packages/airflow/example_dags/plugins/workday.py
[2024-09-06T19:56:44.347-0500] {processor.py:927} WARNING - No viable dags retrieved from /Users/binhpham/Library/Python/3.9/lib/python/site-packages/airflow/example_dags/plugins/workday.py
[2024-09-06T19:56:44.387-0500] {processor.py:208} INFO - Processing /Users/binhpham/Library/Python/3.9/lib/python/site-packages/airflow/example_dags/plugins/workday.py took 0.228 seconds
[2024-09-06T19:58:06.462-0500] {processor.py:186} INFO - Started process (PID=37288) to work on /Users/binhpham/Library/Python/3.9/lib/python/site-packages/airflow/example_dags/plugins/workday.py
[2024-09-06T19:58:06.464-0500] {processor.py:914} INFO - Processing file /Users/binhpham/Library/Python/3.9/lib/python/site-packages/airflow/example_dags/plugins/workday.py for tasks to queue
[2024-09-06T19:58:06.464-0500] {logging_mixin.py:190} INFO - [2024-09-06T19:58:06.464-0500] {dagbag.py:587} INFO - Filling up the DagBag from /Users/binhpham/Library/Python/3.9/lib/python/site-packages/airflow/example_dags/plugins/workday.py
[2024-09-06T19:58:06.636-0500] {processor.py:927} WARNING - No viable dags retrieved from /Users/binhpham/Library/Python/3.9/lib/python/site-packages/airflow/example_dags/plugins/workday.py
[2024-09-06T19:58:06.675-0500] {processor.py:208} INFO - Processing /Users/binhpham/Library/Python/3.9/lib/python/site-packages/airflow/example_dags/plugins/workday.py took 0.214 seconds
[2024-09-06T19:59:28.856-0500] {processor.py:186} INFO - Started process (PID=37539) to work on /Users/binhpham/Library/Python/3.9/lib/python/site-packages/airflow/example_dags/plugins/workday.py
[2024-09-06T19:59:28.858-0500] {processor.py:914} INFO - Processing file /Users/binhpham/Library/Python/3.9/lib/python/site-packages/airflow/example_dags/plugins/workday.py for tasks to queue
[2024-09-06T19:59:28.859-0500] {logging_mixin.py:190} INFO - [2024-09-06T19:59:28.859-0500] {dagbag.py:587} INFO - Filling up the DagBag from /Users/binhpham/Library/Python/3.9/lib/python/site-packages/airflow/example_dags/plugins/workday.py
[2024-09-06T19:59:29.074-0500] {processor.py:927} WARNING - No viable dags retrieved from /Users/binhpham/Library/Python/3.9/lib/python/site-packages/airflow/example_dags/plugins/workday.py
[2024-09-06T19:59:29.113-0500] {processor.py:208} INFO - Processing /Users/binhpham/Library/Python/3.9/lib/python/site-packages/airflow/example_dags/plugins/workday.py took 0.259 seconds
[2024-09-06T20:00:49.242-0500] {processor.py:186} INFO - Started process (PID=37789) to work on /Users/binhpham/Library/Python/3.9/lib/python/site-packages/airflow/example_dags/plugins/workday.py
[2024-09-06T20:00:49.244-0500] {processor.py:914} INFO - Processing file /Users/binhpham/Library/Python/3.9/lib/python/site-packages/airflow/example_dags/plugins/workday.py for tasks to queue
[2024-09-06T20:00:49.245-0500] {logging_mixin.py:190} INFO - [2024-09-06T20:00:49.244-0500] {dagbag.py:587} INFO - Filling up the DagBag from /Users/binhpham/Library/Python/3.9/lib/python/site-packages/airflow/example_dags/plugins/workday.py
[2024-09-06T20:00:49.428-0500] {processor.py:927} WARNING - No viable dags retrieved from /Users/binhpham/Library/Python/3.9/lib/python/site-packages/airflow/example_dags/plugins/workday.py
[2024-09-06T20:00:49.468-0500] {processor.py:208} INFO - Processing /Users/binhpham/Library/Python/3.9/lib/python/site-packages/airflow/example_dags/plugins/workday.py took 0.228 seconds
[2024-09-06T20:02:11.196-0500] {processor.py:186} INFO - Started process (PID=38048) to work on /Users/binhpham/Library/Python/3.9/lib/python/site-packages/airflow/example_dags/plugins/workday.py
[2024-09-06T20:02:11.198-0500] {processor.py:914} INFO - Processing file /Users/binhpham/Library/Python/3.9/lib/python/site-packages/airflow/example_dags/plugins/workday.py for tasks to queue
[2024-09-06T20:02:11.199-0500] {logging_mixin.py:190} INFO - [2024-09-06T20:02:11.199-0500] {dagbag.py:587} INFO - Filling up the DagBag from /Users/binhpham/Library/Python/3.9/lib/python/site-packages/airflow/example_dags/plugins/workday.py
[2024-09-06T20:02:11.388-0500] {processor.py:927} WARNING - No viable dags retrieved from /Users/binhpham/Library/Python/3.9/lib/python/site-packages/airflow/example_dags/plugins/workday.py
[2024-09-06T20:02:11.430-0500] {processor.py:208} INFO - Processing /Users/binhpham/Library/Python/3.9/lib/python/site-packages/airflow/example_dags/plugins/workday.py took 0.235 seconds
[2024-09-06T20:03:29.006-0500] {processor.py:186} INFO - Started process (PID=38283) to work on /Users/binhpham/Library/Python/3.9/lib/python/site-packages/airflow/example_dags/plugins/workday.py
[2024-09-06T20:03:29.008-0500] {processor.py:914} INFO - Processing file /Users/binhpham/Library/Python/3.9/lib/python/site-packages/airflow/example_dags/plugins/workday.py for tasks to queue
[2024-09-06T20:03:29.009-0500] {logging_mixin.py:190} INFO - [2024-09-06T20:03:29.009-0500] {dagbag.py:587} INFO - Filling up the DagBag from /Users/binhpham/Library/Python/3.9/lib/python/site-packages/airflow/example_dags/plugins/workday.py
[2024-09-06T20:03:29.223-0500] {processor.py:927} WARNING - No viable dags retrieved from /Users/binhpham/Library/Python/3.9/lib/python/site-packages/airflow/example_dags/plugins/workday.py
[2024-09-06T20:03:29.263-0500] {processor.py:208} INFO - Processing /Users/binhpham/Library/Python/3.9/lib/python/site-packages/airflow/example_dags/plugins/workday.py took 0.259 seconds
[2024-09-06T20:04:49.260-0500] {processor.py:186} INFO - Started process (PID=38527) to work on /Users/binhpham/Library/Python/3.9/lib/python/site-packages/airflow/example_dags/plugins/workday.py
[2024-09-06T20:04:49.261-0500] {processor.py:914} INFO - Processing file /Users/binhpham/Library/Python/3.9/lib/python/site-packages/airflow/example_dags/plugins/workday.py for tasks to queue
[2024-09-06T20:04:49.261-0500] {logging_mixin.py:190} INFO - [2024-09-06T20:04:49.261-0500] {dagbag.py:587} INFO - Filling up the DagBag from /Users/binhpham/Library/Python/3.9/lib/python/site-packages/airflow/example_dags/plugins/workday.py
[2024-09-06T20:04:49.462-0500] {processor.py:927} WARNING - No viable dags retrieved from /Users/binhpham/Library/Python/3.9/lib/python/site-packages/airflow/example_dags/plugins/workday.py
[2024-09-06T20:04:49.505-0500] {processor.py:208} INFO - Processing /Users/binhpham/Library/Python/3.9/lib/python/site-packages/airflow/example_dags/plugins/workday.py took 0.246 seconds
[2024-09-06T20:06:10.184-0500] {processor.py:186} INFO - Started process (PID=38779) to work on /Users/binhpham/Library/Python/3.9/lib/python/site-packages/airflow/example_dags/plugins/workday.py
[2024-09-06T20:06:10.186-0500] {processor.py:914} INFO - Processing file /Users/binhpham/Library/Python/3.9/lib/python/site-packages/airflow/example_dags/plugins/workday.py for tasks to queue
[2024-09-06T20:06:10.187-0500] {logging_mixin.py:190} INFO - [2024-09-06T20:06:10.187-0500] {dagbag.py:587} INFO - Filling up the DagBag from /Users/binhpham/Library/Python/3.9/lib/python/site-packages/airflow/example_dags/plugins/workday.py
[2024-09-06T20:06:10.401-0500] {processor.py:927} WARNING - No viable dags retrieved from /Users/binhpham/Library/Python/3.9/lib/python/site-packages/airflow/example_dags/plugins/workday.py
[2024-09-06T20:06:10.440-0500] {processor.py:208} INFO - Processing /Users/binhpham/Library/Python/3.9/lib/python/site-packages/airflow/example_dags/plugins/workday.py took 0.257 seconds
[2024-09-06T20:07:32.253-0500] {processor.py:186} INFO - Started process (PID=39028) to work on /Users/binhpham/Library/Python/3.9/lib/python/site-packages/airflow/example_dags/plugins/workday.py
[2024-09-06T20:07:32.255-0500] {processor.py:914} INFO - Processing file /Users/binhpham/Library/Python/3.9/lib/python/site-packages/airflow/example_dags/plugins/workday.py for tasks to queue
[2024-09-06T20:07:32.255-0500] {logging_mixin.py:190} INFO - [2024-09-06T20:07:32.255-0500] {dagbag.py:587} INFO - Filling up the DagBag from /Users/binhpham/Library/Python/3.9/lib/python/site-packages/airflow/example_dags/plugins/workday.py
[2024-09-06T20:07:32.429-0500] {processor.py:927} WARNING - No viable dags retrieved from /Users/binhpham/Library/Python/3.9/lib/python/site-packages/airflow/example_dags/plugins/workday.py
[2024-09-06T20:07:32.470-0500] {processor.py:208} INFO - Processing /Users/binhpham/Library/Python/3.9/lib/python/site-packages/airflow/example_dags/plugins/workday.py took 0.218 seconds
[2024-09-06T20:08:50.853-0500] {processor.py:186} INFO - Started process (PID=39265) to work on /Users/binhpham/Library/Python/3.9/lib/python/site-packages/airflow/example_dags/plugins/workday.py
[2024-09-06T20:08:50.856-0500] {processor.py:914} INFO - Processing file /Users/binhpham/Library/Python/3.9/lib/python/site-packages/airflow/example_dags/plugins/workday.py for tasks to queue
[2024-09-06T20:08:50.856-0500] {logging_mixin.py:190} INFO - [2024-09-06T20:08:50.856-0500] {dagbag.py:587} INFO - Filling up the DagBag from /Users/binhpham/Library/Python/3.9/lib/python/site-packages/airflow/example_dags/plugins/workday.py
[2024-09-06T20:08:51.030-0500] {processor.py:927} WARNING - No viable dags retrieved from /Users/binhpham/Library/Python/3.9/lib/python/site-packages/airflow/example_dags/plugins/workday.py
[2024-09-06T20:08:51.069-0500] {processor.py:208} INFO - Processing /Users/binhpham/Library/Python/3.9/lib/python/site-packages/airflow/example_dags/plugins/workday.py took 0.217 seconds
[2024-09-06T20:10:18.423-0500] {processor.py:186} INFO - Started process (PID=39554) to work on /Users/binhpham/Library/Python/3.9/lib/python/site-packages/airflow/example_dags/plugins/workday.py
[2024-09-06T20:10:18.426-0500] {processor.py:914} INFO - Processing file /Users/binhpham/Library/Python/3.9/lib/python/site-packages/airflow/example_dags/plugins/workday.py for tasks to queue
[2024-09-06T20:10:18.426-0500] {logging_mixin.py:190} INFO - [2024-09-06T20:10:18.426-0500] {dagbag.py:587} INFO - Filling up the DagBag from /Users/binhpham/Library/Python/3.9/lib/python/site-packages/airflow/example_dags/plugins/workday.py
[2024-09-06T20:10:18.603-0500] {processor.py:927} WARNING - No viable dags retrieved from /Users/binhpham/Library/Python/3.9/lib/python/site-packages/airflow/example_dags/plugins/workday.py
[2024-09-06T20:10:18.644-0500] {processor.py:208} INFO - Processing /Users/binhpham/Library/Python/3.9/lib/python/site-packages/airflow/example_dags/plugins/workday.py took 0.222 seconds
[2024-09-06T20:11:37.580-0500] {processor.py:186} INFO - Started process (PID=39824) to work on /Users/binhpham/Library/Python/3.9/lib/python/site-packages/airflow/example_dags/plugins/workday.py
[2024-09-06T20:11:37.582-0500] {processor.py:914} INFO - Processing file /Users/binhpham/Library/Python/3.9/lib/python/site-packages/airflow/example_dags/plugins/workday.py for tasks to queue
[2024-09-06T20:11:37.583-0500] {logging_mixin.py:190} INFO - [2024-09-06T20:11:37.583-0500] {dagbag.py:587} INFO - Filling up the DagBag from /Users/binhpham/Library/Python/3.9/lib/python/site-packages/airflow/example_dags/plugins/workday.py
[2024-09-06T20:11:37.790-0500] {processor.py:927} WARNING - No viable dags retrieved from /Users/binhpham/Library/Python/3.9/lib/python/site-packages/airflow/example_dags/plugins/workday.py
[2024-09-06T20:11:37.830-0500] {processor.py:208} INFO - Processing /Users/binhpham/Library/Python/3.9/lib/python/site-packages/airflow/example_dags/plugins/workday.py took 0.251 seconds
[2024-09-06T20:12:59.447-0500] {processor.py:186} INFO - Started process (PID=40102) to work on /Users/binhpham/Library/Python/3.9/lib/python/site-packages/airflow/example_dags/plugins/workday.py
[2024-09-06T20:12:59.449-0500] {processor.py:914} INFO - Processing file /Users/binhpham/Library/Python/3.9/lib/python/site-packages/airflow/example_dags/plugins/workday.py for tasks to queue
[2024-09-06T20:12:59.450-0500] {logging_mixin.py:190} INFO - [2024-09-06T20:12:59.450-0500] {dagbag.py:587} INFO - Filling up the DagBag from /Users/binhpham/Library/Python/3.9/lib/python/site-packages/airflow/example_dags/plugins/workday.py
[2024-09-06T20:12:59.621-0500] {processor.py:927} WARNING - No viable dags retrieved from /Users/binhpham/Library/Python/3.9/lib/python/site-packages/airflow/example_dags/plugins/workday.py
[2024-09-06T20:12:59.660-0500] {processor.py:208} INFO - Processing /Users/binhpham/Library/Python/3.9/lib/python/site-packages/airflow/example_dags/plugins/workday.py took 0.215 seconds
[2024-09-06T20:14:20.896-0500] {processor.py:186} INFO - Started process (PID=40363) to work on /Users/binhpham/Library/Python/3.9/lib/python/site-packages/airflow/example_dags/plugins/workday.py
[2024-09-06T20:14:20.898-0500] {processor.py:914} INFO - Processing file /Users/binhpham/Library/Python/3.9/lib/python/site-packages/airflow/example_dags/plugins/workday.py for tasks to queue
[2024-09-06T20:14:20.899-0500] {logging_mixin.py:190} INFO - [2024-09-06T20:14:20.899-0500] {dagbag.py:587} INFO - Filling up the DagBag from /Users/binhpham/Library/Python/3.9/lib/python/site-packages/airflow/example_dags/plugins/workday.py
[2024-09-06T20:14:21.107-0500] {processor.py:927} WARNING - No viable dags retrieved from /Users/binhpham/Library/Python/3.9/lib/python/site-packages/airflow/example_dags/plugins/workday.py
[2024-09-06T20:14:21.146-0500] {processor.py:208} INFO - Processing /Users/binhpham/Library/Python/3.9/lib/python/site-packages/airflow/example_dags/plugins/workday.py took 0.252 seconds
[2024-09-06T20:14:52.984-0500] {processor.py:186} INFO - Started process (PID=40500) to work on /Users/binhpham/Library/Python/3.9/lib/python/site-packages/airflow/example_dags/plugins/workday.py
[2024-09-06T20:14:52.987-0500] {processor.py:914} INFO - Processing file /Users/binhpham/Library/Python/3.9/lib/python/site-packages/airflow/example_dags/plugins/workday.py for tasks to queue
[2024-09-06T20:14:52.987-0500] {logging_mixin.py:190} INFO - [2024-09-06T20:14:52.987-0500] {dagbag.py:587} INFO - Filling up the DagBag from /Users/binhpham/Library/Python/3.9/lib/python/site-packages/airflow/example_dags/plugins/workday.py
[2024-09-06T20:14:53.161-0500] {processor.py:927} WARNING - No viable dags retrieved from /Users/binhpham/Library/Python/3.9/lib/python/site-packages/airflow/example_dags/plugins/workday.py
[2024-09-06T20:14:53.200-0500] {processor.py:208} INFO - Processing /Users/binhpham/Library/Python/3.9/lib/python/site-packages/airflow/example_dags/plugins/workday.py took 0.217 seconds
[2024-09-06T20:16:45.943-0500] {processor.py:186} INFO - Started process (PID=40868) to work on /Users/binhpham/Library/Python/3.9/lib/python/site-packages/airflow/example_dags/plugins/workday.py
[2024-09-06T20:16:45.944-0500] {processor.py:914} INFO - Processing file /Users/binhpham/Library/Python/3.9/lib/python/site-packages/airflow/example_dags/plugins/workday.py for tasks to queue
[2024-09-06T20:16:45.945-0500] {logging_mixin.py:190} INFO - [2024-09-06T20:16:45.945-0500] {dagbag.py:587} INFO - Filling up the DagBag from /Users/binhpham/Library/Python/3.9/lib/python/site-packages/airflow/example_dags/plugins/workday.py
[2024-09-06T20:16:46.172-0500] {processor.py:927} WARNING - No viable dags retrieved from /Users/binhpham/Library/Python/3.9/lib/python/site-packages/airflow/example_dags/plugins/workday.py
[2024-09-06T20:16:46.212-0500] {processor.py:208} INFO - Processing /Users/binhpham/Library/Python/3.9/lib/python/site-packages/airflow/example_dags/plugins/workday.py took 0.271 seconds
[2024-09-06T20:21:43.500-0500] {processor.py:186} INFO - Started process (PID=42711) to work on /Users/binhpham/Library/Python/3.9/lib/python/site-packages/airflow/example_dags/plugins/workday.py
[2024-09-06T20:21:43.503-0500] {processor.py:914} INFO - Processing file /Users/binhpham/Library/Python/3.9/lib/python/site-packages/airflow/example_dags/plugins/workday.py for tasks to queue
[2024-09-06T20:21:43.503-0500] {logging_mixin.py:190} INFO - [2024-09-06T20:21:43.503-0500] {dagbag.py:587} INFO - Filling up the DagBag from /Users/binhpham/Library/Python/3.9/lib/python/site-packages/airflow/example_dags/plugins/workday.py
[2024-09-06T20:21:43.680-0500] {processor.py:927} WARNING - No viable dags retrieved from /Users/binhpham/Library/Python/3.9/lib/python/site-packages/airflow/example_dags/plugins/workday.py
[2024-09-06T20:21:43.721-0500] {processor.py:208} INFO - Processing /Users/binhpham/Library/Python/3.9/lib/python/site-packages/airflow/example_dags/plugins/workday.py took 0.222 seconds
[2024-09-06T20:23:36.251-0500] {processor.py:186} INFO - Started process (PID=43078) to work on /Users/binhpham/Library/Python/3.9/lib/python/site-packages/airflow/example_dags/plugins/workday.py
[2024-09-06T20:23:36.254-0500] {processor.py:914} INFO - Processing file /Users/binhpham/Library/Python/3.9/lib/python/site-packages/airflow/example_dags/plugins/workday.py for tasks to queue
[2024-09-06T20:23:36.254-0500] {logging_mixin.py:190} INFO - [2024-09-06T20:23:36.254-0500] {dagbag.py:587} INFO - Filling up the DagBag from /Users/binhpham/Library/Python/3.9/lib/python/site-packages/airflow/example_dags/plugins/workday.py
[2024-09-06T20:23:36.469-0500] {processor.py:927} WARNING - No viable dags retrieved from /Users/binhpham/Library/Python/3.9/lib/python/site-packages/airflow/example_dags/plugins/workday.py
[2024-09-06T20:23:36.509-0500] {processor.py:208} INFO - Processing /Users/binhpham/Library/Python/3.9/lib/python/site-packages/airflow/example_dags/plugins/workday.py took 0.259 seconds
[2024-09-06T20:24:58.483-0500] {processor.py:186} INFO - Started process (PID=43332) to work on /Users/binhpham/Library/Python/3.9/lib/python/site-packages/airflow/example_dags/plugins/workday.py
[2024-09-06T20:24:58.486-0500] {processor.py:914} INFO - Processing file /Users/binhpham/Library/Python/3.9/lib/python/site-packages/airflow/example_dags/plugins/workday.py for tasks to queue
[2024-09-06T20:24:58.486-0500] {logging_mixin.py:190} INFO - [2024-09-06T20:24:58.486-0500] {dagbag.py:587} INFO - Filling up the DagBag from /Users/binhpham/Library/Python/3.9/lib/python/site-packages/airflow/example_dags/plugins/workday.py
[2024-09-06T20:24:58.665-0500] {processor.py:927} WARNING - No viable dags retrieved from /Users/binhpham/Library/Python/3.9/lib/python/site-packages/airflow/example_dags/plugins/workday.py
[2024-09-06T20:24:58.706-0500] {processor.py:208} INFO - Processing /Users/binhpham/Library/Python/3.9/lib/python/site-packages/airflow/example_dags/plugins/workday.py took 0.225 seconds
[2024-09-06T20:26:21.585-0500] {processor.py:186} INFO - Started process (PID=43610) to work on /Users/binhpham/Library/Python/3.9/lib/python/site-packages/airflow/example_dags/plugins/workday.py
[2024-09-06T20:26:21.587-0500] {processor.py:914} INFO - Processing file /Users/binhpham/Library/Python/3.9/lib/python/site-packages/airflow/example_dags/plugins/workday.py for tasks to queue
[2024-09-06T20:26:21.587-0500] {logging_mixin.py:190} INFO - [2024-09-06T20:26:21.587-0500] {dagbag.py:587} INFO - Filling up the DagBag from /Users/binhpham/Library/Python/3.9/lib/python/site-packages/airflow/example_dags/plugins/workday.py
[2024-09-06T20:26:21.774-0500] {processor.py:927} WARNING - No viable dags retrieved from /Users/binhpham/Library/Python/3.9/lib/python/site-packages/airflow/example_dags/plugins/workday.py
[2024-09-06T20:26:21.815-0500] {processor.py:208} INFO - Processing /Users/binhpham/Library/Python/3.9/lib/python/site-packages/airflow/example_dags/plugins/workday.py took 0.231 seconds
[2024-09-06T20:26:51.753-0500] {processor.py:186} INFO - Started process (PID=43728) to work on /Users/binhpham/Library/Python/3.9/lib/python/site-packages/airflow/example_dags/plugins/workday.py
[2024-09-06T20:26:51.756-0500] {processor.py:914} INFO - Processing file /Users/binhpham/Library/Python/3.9/lib/python/site-packages/airflow/example_dags/plugins/workday.py for tasks to queue
[2024-09-06T20:26:51.756-0500] {logging_mixin.py:190} INFO - [2024-09-06T20:26:51.756-0500] {dagbag.py:587} INFO - Filling up the DagBag from /Users/binhpham/Library/Python/3.9/lib/python/site-packages/airflow/example_dags/plugins/workday.py
[2024-09-06T20:26:51.930-0500] {processor.py:927} WARNING - No viable dags retrieved from /Users/binhpham/Library/Python/3.9/lib/python/site-packages/airflow/example_dags/plugins/workday.py
[2024-09-06T20:26:51.970-0500] {processor.py:208} INFO - Processing /Users/binhpham/Library/Python/3.9/lib/python/site-packages/airflow/example_dags/plugins/workday.py took 0.218 seconds
[2024-09-06T20:28:42.064-0500] {processor.py:186} INFO - Started process (PID=44087) to work on /Users/binhpham/Library/Python/3.9/lib/python/site-packages/airflow/example_dags/plugins/workday.py
[2024-09-06T20:28:42.065-0500] {processor.py:914} INFO - Processing file /Users/binhpham/Library/Python/3.9/lib/python/site-packages/airflow/example_dags/plugins/workday.py for tasks to queue
[2024-09-06T20:28:42.066-0500] {logging_mixin.py:190} INFO - [2024-09-06T20:28:42.066-0500] {dagbag.py:587} INFO - Filling up the DagBag from /Users/binhpham/Library/Python/3.9/lib/python/site-packages/airflow/example_dags/plugins/workday.py
[2024-09-06T20:28:42.278-0500] {processor.py:927} WARNING - No viable dags retrieved from /Users/binhpham/Library/Python/3.9/lib/python/site-packages/airflow/example_dags/plugins/workday.py
[2024-09-06T20:28:42.316-0500] {processor.py:208} INFO - Processing /Users/binhpham/Library/Python/3.9/lib/python/site-packages/airflow/example_dags/plugins/workday.py took 0.254 seconds
[2024-09-06T20:30:05.312-0500] {processor.py:186} INFO - Started process (PID=44375) to work on /Users/binhpham/Library/Python/3.9/lib/python/site-packages/airflow/example_dags/plugins/workday.py
[2024-09-06T20:30:05.315-0500] {processor.py:914} INFO - Processing file /Users/binhpham/Library/Python/3.9/lib/python/site-packages/airflow/example_dags/plugins/workday.py for tasks to queue
[2024-09-06T20:30:05.315-0500] {logging_mixin.py:190} INFO - [2024-09-06T20:30:05.315-0500] {dagbag.py:587} INFO - Filling up the DagBag from /Users/binhpham/Library/Python/3.9/lib/python/site-packages/airflow/example_dags/plugins/workday.py
[2024-09-06T20:30:05.485-0500] {processor.py:927} WARNING - No viable dags retrieved from /Users/binhpham/Library/Python/3.9/lib/python/site-packages/airflow/example_dags/plugins/workday.py
[2024-09-06T20:30:05.524-0500] {processor.py:208} INFO - Processing /Users/binhpham/Library/Python/3.9/lib/python/site-packages/airflow/example_dags/plugins/workday.py took 0.213 seconds
[2024-09-06T20:31:25.819-0500] {processor.py:186} INFO - Started process (PID=44620) to work on /Users/binhpham/Library/Python/3.9/lib/python/site-packages/airflow/example_dags/plugins/workday.py
[2024-09-06T20:31:25.822-0500] {processor.py:914} INFO - Processing file /Users/binhpham/Library/Python/3.9/lib/python/site-packages/airflow/example_dags/plugins/workday.py for tasks to queue
[2024-09-06T20:31:25.822-0500] {logging_mixin.py:190} INFO - [2024-09-06T20:31:25.822-0500] {dagbag.py:587} INFO - Filling up the DagBag from /Users/binhpham/Library/Python/3.9/lib/python/site-packages/airflow/example_dags/plugins/workday.py
[2024-09-06T20:31:25.991-0500] {processor.py:927} WARNING - No viable dags retrieved from /Users/binhpham/Library/Python/3.9/lib/python/site-packages/airflow/example_dags/plugins/workday.py
[2024-09-06T20:31:26.029-0500] {processor.py:208} INFO - Processing /Users/binhpham/Library/Python/3.9/lib/python/site-packages/airflow/example_dags/plugins/workday.py took 0.212 seconds
[2024-09-06T20:32:47.462-0500] {processor.py:186} INFO - Started process (PID=44895) to work on /Users/binhpham/Library/Python/3.9/lib/python/site-packages/airflow/example_dags/plugins/workday.py
[2024-09-06T20:32:47.464-0500] {processor.py:914} INFO - Processing file /Users/binhpham/Library/Python/3.9/lib/python/site-packages/airflow/example_dags/plugins/workday.py for tasks to queue
[2024-09-06T20:32:47.465-0500] {logging_mixin.py:190} INFO - [2024-09-06T20:32:47.465-0500] {dagbag.py:587} INFO - Filling up the DagBag from /Users/binhpham/Library/Python/3.9/lib/python/site-packages/airflow/example_dags/plugins/workday.py
[2024-09-06T20:32:47.649-0500] {processor.py:927} WARNING - No viable dags retrieved from /Users/binhpham/Library/Python/3.9/lib/python/site-packages/airflow/example_dags/plugins/workday.py
[2024-09-06T20:32:47.691-0500] {processor.py:208} INFO - Processing /Users/binhpham/Library/Python/3.9/lib/python/site-packages/airflow/example_dags/plugins/workday.py took 0.230 seconds
[2024-09-06T20:33:23.150-0500] {processor.py:186} INFO - Started process (PID=45024) to work on /Users/binhpham/Library/Python/3.9/lib/python/site-packages/airflow/example_dags/plugins/workday.py
[2024-09-06T20:33:23.152-0500] {processor.py:914} INFO - Processing file /Users/binhpham/Library/Python/3.9/lib/python/site-packages/airflow/example_dags/plugins/workday.py for tasks to queue
[2024-09-06T20:33:23.152-0500] {logging_mixin.py:190} INFO - [2024-09-06T20:33:23.152-0500] {dagbag.py:587} INFO - Filling up the DagBag from /Users/binhpham/Library/Python/3.9/lib/python/site-packages/airflow/example_dags/plugins/workday.py
[2024-09-06T20:33:23.338-0500] {processor.py:927} WARNING - No viable dags retrieved from /Users/binhpham/Library/Python/3.9/lib/python/site-packages/airflow/example_dags/plugins/workday.py
[2024-09-06T20:33:23.382-0500] {processor.py:208} INFO - Processing /Users/binhpham/Library/Python/3.9/lib/python/site-packages/airflow/example_dags/plugins/workday.py took 0.234 seconds
[2024-09-06T20:35:15.639-0500] {processor.py:186} INFO - Started process (PID=45386) to work on /Users/binhpham/Library/Python/3.9/lib/python/site-packages/airflow/example_dags/plugins/workday.py
[2024-09-06T20:35:15.642-0500] {processor.py:914} INFO - Processing file /Users/binhpham/Library/Python/3.9/lib/python/site-packages/airflow/example_dags/plugins/workday.py for tasks to queue
[2024-09-06T20:35:15.643-0500] {logging_mixin.py:190} INFO - [2024-09-06T20:35:15.642-0500] {dagbag.py:587} INFO - Filling up the DagBag from /Users/binhpham/Library/Python/3.9/lib/python/site-packages/airflow/example_dags/plugins/workday.py
[2024-09-06T20:35:15.859-0500] {processor.py:927} WARNING - No viable dags retrieved from /Users/binhpham/Library/Python/3.9/lib/python/site-packages/airflow/example_dags/plugins/workday.py
[2024-09-06T20:35:15.898-0500] {processor.py:208} INFO - Processing /Users/binhpham/Library/Python/3.9/lib/python/site-packages/airflow/example_dags/plugins/workday.py took 0.260 seconds
[2024-09-06T20:36:36.704-0500] {processor.py:186} INFO - Started process (PID=45644) to work on /Users/binhpham/Library/Python/3.9/lib/python/site-packages/airflow/example_dags/plugins/workday.py
[2024-09-06T20:36:36.707-0500] {processor.py:914} INFO - Processing file /Users/binhpham/Library/Python/3.9/lib/python/site-packages/airflow/example_dags/plugins/workday.py for tasks to queue
[2024-09-06T20:36:36.707-0500] {logging_mixin.py:190} INFO - [2024-09-06T20:36:36.707-0500] {dagbag.py:587} INFO - Filling up the DagBag from /Users/binhpham/Library/Python/3.9/lib/python/site-packages/airflow/example_dags/plugins/workday.py
[2024-09-06T20:36:36.882-0500] {processor.py:927} WARNING - No viable dags retrieved from /Users/binhpham/Library/Python/3.9/lib/python/site-packages/airflow/example_dags/plugins/workday.py
[2024-09-06T20:36:36.920-0500] {processor.py:208} INFO - Processing /Users/binhpham/Library/Python/3.9/lib/python/site-packages/airflow/example_dags/plugins/workday.py took 0.218 seconds
[2024-09-06T20:37:58.614-0500] {processor.py:186} INFO - Started process (PID=45923) to work on /Users/binhpham/Library/Python/3.9/lib/python/site-packages/airflow/example_dags/plugins/workday.py
[2024-09-06T20:37:58.616-0500] {processor.py:914} INFO - Processing file /Users/binhpham/Library/Python/3.9/lib/python/site-packages/airflow/example_dags/plugins/workday.py for tasks to queue
[2024-09-06T20:37:58.617-0500] {logging_mixin.py:190} INFO - [2024-09-06T20:37:58.617-0500] {dagbag.py:587} INFO - Filling up the DagBag from /Users/binhpham/Library/Python/3.9/lib/python/site-packages/airflow/example_dags/plugins/workday.py
[2024-09-06T20:37:58.899-0500] {processor.py:927} WARNING - No viable dags retrieved from /Users/binhpham/Library/Python/3.9/lib/python/site-packages/airflow/example_dags/plugins/workday.py
[2024-09-06T20:37:58.944-0500] {processor.py:208} INFO - Processing /Users/binhpham/Library/Python/3.9/lib/python/site-packages/airflow/example_dags/plugins/workday.py took 0.331 seconds
