[2024-09-18T16:51:30.192-0500] {processor.py:186} INFO - Started process (PID=11680) to work on /Users/binhpham/Library/Python/3.9/lib/python/site-packages/airflow/example_dags/subdags/subdag.py
[2024-09-18T16:51:30.194-0500] {processor.py:914} INFO - Processing file /Users/binhpham/Library/Python/3.9/lib/python/site-packages/airflow/example_dags/subdags/subdag.py for tasks to queue
[2024-09-18T16:51:30.194-0500] {logging_mixin.py:190} INFO - [2024-09-18T16:51:30.194-0500] {dagbag.py:587} INFO - Filling up the DagBag from /Users/binhpham/Library/Python/3.9/lib/python/site-packages/airflow/example_dags/subdags/subdag.py
[2024-09-18T16:51:30.196-0500] {processor.py:927} WARNING - No viable dags retrieved from /Users/binhpham/Library/Python/3.9/lib/python/site-packages/airflow/example_dags/subdags/subdag.py
[2024-09-18T16:51:30.246-0500] {processor.py:208} INFO - Processing /Users/binhpham/Library/Python/3.9/lib/python/site-packages/airflow/example_dags/subdags/subdag.py took 0.056 seconds
[2024-09-18T16:53:30.331-0500] {processor.py:186} INFO - Started process (PID=12158) to work on /Users/binhpham/Library/Python/3.9/lib/python/site-packages/airflow/example_dags/subdags/subdag.py
[2024-09-18T16:53:30.333-0500] {processor.py:914} INFO - Processing file /Users/binhpham/Library/Python/3.9/lib/python/site-packages/airflow/example_dags/subdags/subdag.py for tasks to queue
[2024-09-18T16:53:30.334-0500] {logging_mixin.py:190} INFO - [2024-09-18T16:53:30.334-0500] {dagbag.py:587} INFO - Filling up the DagBag from /Users/binhpham/Library/Python/3.9/lib/python/site-packages/airflow/example_dags/subdags/subdag.py
[2024-09-18T16:53:30.335-0500] {processor.py:927} WARNING - No viable dags retrieved from /Users/binhpham/Library/Python/3.9/lib/python/site-packages/airflow/example_dags/subdags/subdag.py
[2024-09-18T16:53:30.384-0500] {processor.py:208} INFO - Processing /Users/binhpham/Library/Python/3.9/lib/python/site-packages/airflow/example_dags/subdags/subdag.py took 0.055 seconds
[2024-09-18T16:56:31.303-0500] {processor.py:186} INFO - Started process (PID=12775) to work on /Users/binhpham/Library/Python/3.9/lib/python/site-packages/airflow/example_dags/subdags/subdag.py
[2024-09-18T16:56:31.305-0500] {processor.py:914} INFO - Processing file /Users/binhpham/Library/Python/3.9/lib/python/site-packages/airflow/example_dags/subdags/subdag.py for tasks to queue
[2024-09-18T16:56:31.306-0500] {logging_mixin.py:190} INFO - [2024-09-18T16:56:31.306-0500] {dagbag.py:587} INFO - Filling up the DagBag from /Users/binhpham/Library/Python/3.9/lib/python/site-packages/airflow/example_dags/subdags/subdag.py
[2024-09-18T16:56:31.307-0500] {processor.py:927} WARNING - No viable dags retrieved from /Users/binhpham/Library/Python/3.9/lib/python/site-packages/airflow/example_dags/subdags/subdag.py
[2024-09-18T16:56:31.356-0500] {processor.py:208} INFO - Processing /Users/binhpham/Library/Python/3.9/lib/python/site-packages/airflow/example_dags/subdags/subdag.py took 0.055 seconds
[2024-09-18T16:58:32.614-0500] {processor.py:186} INFO - Started process (PID=13182) to work on /Users/binhpham/Library/Python/3.9/lib/python/site-packages/airflow/example_dags/subdags/subdag.py
[2024-09-18T16:58:32.616-0500] {processor.py:914} INFO - Processing file /Users/binhpham/Library/Python/3.9/lib/python/site-packages/airflow/example_dags/subdags/subdag.py for tasks to queue
[2024-09-18T16:58:32.617-0500] {logging_mixin.py:190} INFO - [2024-09-18T16:58:32.617-0500] {dagbag.py:587} INFO - Filling up the DagBag from /Users/binhpham/Library/Python/3.9/lib/python/site-packages/airflow/example_dags/subdags/subdag.py
[2024-09-18T16:58:32.618-0500] {processor.py:927} WARNING - No viable dags retrieved from /Users/binhpham/Library/Python/3.9/lib/python/site-packages/airflow/example_dags/subdags/subdag.py
[2024-09-18T16:58:32.667-0500] {processor.py:208} INFO - Processing /Users/binhpham/Library/Python/3.9/lib/python/site-packages/airflow/example_dags/subdags/subdag.py took 0.056 seconds
[2024-09-18T17:00:02.679-0500] {processor.py:186} INFO - Started process (PID=13468) to work on /Users/binhpham/Library/Python/3.9/lib/python/site-packages/airflow/example_dags/subdags/subdag.py
[2024-09-18T17:00:02.680-0500] {processor.py:914} INFO - Processing file /Users/binhpham/Library/Python/3.9/lib/python/site-packages/airflow/example_dags/subdags/subdag.py for tasks to queue
[2024-09-18T17:00:02.681-0500] {logging_mixin.py:190} INFO - [2024-09-18T17:00:02.681-0500] {dagbag.py:587} INFO - Filling up the DagBag from /Users/binhpham/Library/Python/3.9/lib/python/site-packages/airflow/example_dags/subdags/subdag.py
[2024-09-18T17:00:02.682-0500] {processor.py:927} WARNING - No viable dags retrieved from /Users/binhpham/Library/Python/3.9/lib/python/site-packages/airflow/example_dags/subdags/subdag.py
[2024-09-18T17:00:02.739-0500] {processor.py:208} INFO - Processing /Users/binhpham/Library/Python/3.9/lib/python/site-packages/airflow/example_dags/subdags/subdag.py took 0.062 seconds
[2024-09-18T17:01:29.085-0500] {processor.py:186} INFO - Started process (PID=13751) to work on /Users/binhpham/Library/Python/3.9/lib/python/site-packages/airflow/example_dags/subdags/subdag.py
[2024-09-18T17:01:29.087-0500] {processor.py:914} INFO - Processing file /Users/binhpham/Library/Python/3.9/lib/python/site-packages/airflow/example_dags/subdags/subdag.py for tasks to queue
[2024-09-18T17:01:29.087-0500] {logging_mixin.py:190} INFO - [2024-09-18T17:01:29.087-0500] {dagbag.py:587} INFO - Filling up the DagBag from /Users/binhpham/Library/Python/3.9/lib/python/site-packages/airflow/example_dags/subdags/subdag.py
[2024-09-18T17:01:29.088-0500] {processor.py:927} WARNING - No viable dags retrieved from /Users/binhpham/Library/Python/3.9/lib/python/site-packages/airflow/example_dags/subdags/subdag.py
[2024-09-18T17:01:29.188-0500] {processor.py:208} INFO - Processing /Users/binhpham/Library/Python/3.9/lib/python/site-packages/airflow/example_dags/subdags/subdag.py took 0.105 seconds
[2024-09-18T17:02:55.592-0500] {processor.py:186} INFO - Started process (PID=14046) to work on /Users/binhpham/Library/Python/3.9/lib/python/site-packages/airflow/example_dags/subdags/subdag.py
[2024-09-18T17:02:55.593-0500] {processor.py:914} INFO - Processing file /Users/binhpham/Library/Python/3.9/lib/python/site-packages/airflow/example_dags/subdags/subdag.py for tasks to queue
[2024-09-18T17:02:55.594-0500] {logging_mixin.py:190} INFO - [2024-09-18T17:02:55.594-0500] {dagbag.py:587} INFO - Filling up the DagBag from /Users/binhpham/Library/Python/3.9/lib/python/site-packages/airflow/example_dags/subdags/subdag.py
[2024-09-18T17:02:55.595-0500] {processor.py:927} WARNING - No viable dags retrieved from /Users/binhpham/Library/Python/3.9/lib/python/site-packages/airflow/example_dags/subdags/subdag.py
[2024-09-18T17:02:55.647-0500] {processor.py:208} INFO - Processing /Users/binhpham/Library/Python/3.9/lib/python/site-packages/airflow/example_dags/subdags/subdag.py took 0.057 seconds
[2024-09-18T17:04:23.541-0500] {processor.py:186} INFO - Started process (PID=14352) to work on /Users/binhpham/Library/Python/3.9/lib/python/site-packages/airflow/example_dags/subdags/subdag.py
[2024-09-18T17:04:23.542-0500] {processor.py:914} INFO - Processing file /Users/binhpham/Library/Python/3.9/lib/python/site-packages/airflow/example_dags/subdags/subdag.py for tasks to queue
[2024-09-18T17:04:23.543-0500] {logging_mixin.py:190} INFO - [2024-09-18T17:04:23.543-0500] {dagbag.py:587} INFO - Filling up the DagBag from /Users/binhpham/Library/Python/3.9/lib/python/site-packages/airflow/example_dags/subdags/subdag.py
[2024-09-18T17:04:23.544-0500] {processor.py:927} WARNING - No viable dags retrieved from /Users/binhpham/Library/Python/3.9/lib/python/site-packages/airflow/example_dags/subdags/subdag.py
[2024-09-18T17:04:23.594-0500] {processor.py:208} INFO - Processing /Users/binhpham/Library/Python/3.9/lib/python/site-packages/airflow/example_dags/subdags/subdag.py took 0.055 seconds
[2024-09-18T17:05:48.360-0500] {processor.py:186} INFO - Started process (PID=14672) to work on /Users/binhpham/Library/Python/3.9/lib/python/site-packages/airflow/example_dags/subdags/subdag.py
[2024-09-18T17:05:48.362-0500] {processor.py:914} INFO - Processing file /Users/binhpham/Library/Python/3.9/lib/python/site-packages/airflow/example_dags/subdags/subdag.py for tasks to queue
[2024-09-18T17:05:48.362-0500] {logging_mixin.py:190} INFO - [2024-09-18T17:05:48.362-0500] {dagbag.py:587} INFO - Filling up the DagBag from /Users/binhpham/Library/Python/3.9/lib/python/site-packages/airflow/example_dags/subdags/subdag.py
[2024-09-18T17:05:48.363-0500] {processor.py:927} WARNING - No viable dags retrieved from /Users/binhpham/Library/Python/3.9/lib/python/site-packages/airflow/example_dags/subdags/subdag.py
[2024-09-18T17:05:48.413-0500] {processor.py:208} INFO - Processing /Users/binhpham/Library/Python/3.9/lib/python/site-packages/airflow/example_dags/subdags/subdag.py took 0.054 seconds
[2024-09-18T17:07:11.110-0500] {processor.py:186} INFO - Started process (PID=14995) to work on /Users/binhpham/Library/Python/3.9/lib/python/site-packages/airflow/example_dags/subdags/subdag.py
[2024-09-18T17:07:11.112-0500] {processor.py:914} INFO - Processing file /Users/binhpham/Library/Python/3.9/lib/python/site-packages/airflow/example_dags/subdags/subdag.py for tasks to queue
[2024-09-18T17:07:11.112-0500] {logging_mixin.py:190} INFO - [2024-09-18T17:07:11.112-0500] {dagbag.py:587} INFO - Filling up the DagBag from /Users/binhpham/Library/Python/3.9/lib/python/site-packages/airflow/example_dags/subdags/subdag.py
[2024-09-18T17:07:11.113-0500] {processor.py:927} WARNING - No viable dags retrieved from /Users/binhpham/Library/Python/3.9/lib/python/site-packages/airflow/example_dags/subdags/subdag.py
[2024-09-18T17:07:11.167-0500] {processor.py:208} INFO - Processing /Users/binhpham/Library/Python/3.9/lib/python/site-packages/airflow/example_dags/subdags/subdag.py took 0.058 seconds
[2024-09-18T17:08:41.556-0500] {processor.py:186} INFO - Started process (PID=15310) to work on /Users/binhpham/Library/Python/3.9/lib/python/site-packages/airflow/example_dags/subdags/subdag.py
[2024-09-18T17:08:41.558-0500] {processor.py:914} INFO - Processing file /Users/binhpham/Library/Python/3.9/lib/python/site-packages/airflow/example_dags/subdags/subdag.py for tasks to queue
[2024-09-18T17:08:41.558-0500] {logging_mixin.py:190} INFO - [2024-09-18T17:08:41.558-0500] {dagbag.py:587} INFO - Filling up the DagBag from /Users/binhpham/Library/Python/3.9/lib/python/site-packages/airflow/example_dags/subdags/subdag.py
[2024-09-18T17:08:41.559-0500] {processor.py:927} WARNING - No viable dags retrieved from /Users/binhpham/Library/Python/3.9/lib/python/site-packages/airflow/example_dags/subdags/subdag.py
[2024-09-18T17:08:41.608-0500] {processor.py:208} INFO - Processing /Users/binhpham/Library/Python/3.9/lib/python/site-packages/airflow/example_dags/subdags/subdag.py took 0.054 seconds
[2024-09-18T17:10:09.662-0500] {processor.py:186} INFO - Started process (PID=15598) to work on /Users/binhpham/Library/Python/3.9/lib/python/site-packages/airflow/example_dags/subdags/subdag.py
[2024-09-18T17:10:09.663-0500] {processor.py:914} INFO - Processing file /Users/binhpham/Library/Python/3.9/lib/python/site-packages/airflow/example_dags/subdags/subdag.py for tasks to queue
[2024-09-18T17:10:09.664-0500] {logging_mixin.py:190} INFO - [2024-09-18T17:10:09.664-0500] {dagbag.py:587} INFO - Filling up the DagBag from /Users/binhpham/Library/Python/3.9/lib/python/site-packages/airflow/example_dags/subdags/subdag.py
[2024-09-18T17:10:09.665-0500] {processor.py:927} WARNING - No viable dags retrieved from /Users/binhpham/Library/Python/3.9/lib/python/site-packages/airflow/example_dags/subdags/subdag.py
[2024-09-18T17:10:09.713-0500] {processor.py:208} INFO - Processing /Users/binhpham/Library/Python/3.9/lib/python/site-packages/airflow/example_dags/subdags/subdag.py took 0.053 seconds
[2024-09-18T17:11:37.905-0500] {processor.py:186} INFO - Started process (PID=15919) to work on /Users/binhpham/Library/Python/3.9/lib/python/site-packages/airflow/example_dags/subdags/subdag.py
[2024-09-18T17:11:37.906-0500] {processor.py:914} INFO - Processing file /Users/binhpham/Library/Python/3.9/lib/python/site-packages/airflow/example_dags/subdags/subdag.py for tasks to queue
[2024-09-18T17:11:37.907-0500] {logging_mixin.py:190} INFO - [2024-09-18T17:11:37.907-0500] {dagbag.py:587} INFO - Filling up the DagBag from /Users/binhpham/Library/Python/3.9/lib/python/site-packages/airflow/example_dags/subdags/subdag.py
[2024-09-18T17:11:37.908-0500] {processor.py:927} WARNING - No viable dags retrieved from /Users/binhpham/Library/Python/3.9/lib/python/site-packages/airflow/example_dags/subdags/subdag.py
[2024-09-18T17:11:37.960-0500] {processor.py:208} INFO - Processing /Users/binhpham/Library/Python/3.9/lib/python/site-packages/airflow/example_dags/subdags/subdag.py took 0.057 seconds
[2024-09-18T17:13:05.943-0500] {processor.py:186} INFO - Started process (PID=16236) to work on /Users/binhpham/Library/Python/3.9/lib/python/site-packages/airflow/example_dags/subdags/subdag.py
[2024-09-18T17:13:05.945-0500] {processor.py:914} INFO - Processing file /Users/binhpham/Library/Python/3.9/lib/python/site-packages/airflow/example_dags/subdags/subdag.py for tasks to queue
[2024-09-18T17:13:05.946-0500] {logging_mixin.py:190} INFO - [2024-09-18T17:13:05.945-0500] {dagbag.py:587} INFO - Filling up the DagBag from /Users/binhpham/Library/Python/3.9/lib/python/site-packages/airflow/example_dags/subdags/subdag.py
[2024-09-18T17:13:05.946-0500] {processor.py:927} WARNING - No viable dags retrieved from /Users/binhpham/Library/Python/3.9/lib/python/site-packages/airflow/example_dags/subdags/subdag.py
[2024-09-18T17:13:05.996-0500] {processor.py:208} INFO - Processing /Users/binhpham/Library/Python/3.9/lib/python/site-packages/airflow/example_dags/subdags/subdag.py took 0.054 seconds
[2024-09-18T17:14:55.710-0500] {processor.py:186} INFO - Started process (PID=16733) to work on /Users/binhpham/Library/Python/3.9/lib/python/site-packages/airflow/example_dags/subdags/subdag.py
[2024-09-18T17:14:55.712-0500] {processor.py:914} INFO - Processing file /Users/binhpham/Library/Python/3.9/lib/python/site-packages/airflow/example_dags/subdags/subdag.py for tasks to queue
[2024-09-18T17:14:55.712-0500] {logging_mixin.py:190} INFO - [2024-09-18T17:14:55.712-0500] {dagbag.py:587} INFO - Filling up the DagBag from /Users/binhpham/Library/Python/3.9/lib/python/site-packages/airflow/example_dags/subdags/subdag.py
[2024-09-18T17:14:55.713-0500] {processor.py:927} WARNING - No viable dags retrieved from /Users/binhpham/Library/Python/3.9/lib/python/site-packages/airflow/example_dags/subdags/subdag.py
[2024-09-18T17:14:55.765-0500] {processor.py:208} INFO - Processing /Users/binhpham/Library/Python/3.9/lib/python/site-packages/airflow/example_dags/subdags/subdag.py took 0.057 seconds
[2024-09-18T17:16:57.405-0500] {processor.py:186} INFO - Started process (PID=17219) to work on /Users/binhpham/Library/Python/3.9/lib/python/site-packages/airflow/example_dags/subdags/subdag.py
[2024-09-18T17:16:57.406-0500] {processor.py:914} INFO - Processing file /Users/binhpham/Library/Python/3.9/lib/python/site-packages/airflow/example_dags/subdags/subdag.py for tasks to queue
[2024-09-18T17:16:57.407-0500] {logging_mixin.py:190} INFO - [2024-09-18T17:16:57.407-0500] {dagbag.py:587} INFO - Filling up the DagBag from /Users/binhpham/Library/Python/3.9/lib/python/site-packages/airflow/example_dags/subdags/subdag.py
[2024-09-18T17:16:57.408-0500] {processor.py:927} WARNING - No viable dags retrieved from /Users/binhpham/Library/Python/3.9/lib/python/site-packages/airflow/example_dags/subdags/subdag.py
[2024-09-18T17:16:57.457-0500] {processor.py:208} INFO - Processing /Users/binhpham/Library/Python/3.9/lib/python/site-packages/airflow/example_dags/subdags/subdag.py took 0.054 seconds
[2024-09-18T17:18:25.689-0500] {processor.py:186} INFO - Started process (PID=18046) to work on /Users/binhpham/Library/Python/3.9/lib/python/site-packages/airflow/example_dags/subdags/subdag.py
[2024-09-18T17:18:25.690-0500] {processor.py:914} INFO - Processing file /Users/binhpham/Library/Python/3.9/lib/python/site-packages/airflow/example_dags/subdags/subdag.py for tasks to queue
[2024-09-18T17:18:25.691-0500] {logging_mixin.py:190} INFO - [2024-09-18T17:18:25.691-0500] {dagbag.py:587} INFO - Filling up the DagBag from /Users/binhpham/Library/Python/3.9/lib/python/site-packages/airflow/example_dags/subdags/subdag.py
[2024-09-18T17:18:25.692-0500] {processor.py:927} WARNING - No viable dags retrieved from /Users/binhpham/Library/Python/3.9/lib/python/site-packages/airflow/example_dags/subdags/subdag.py
[2024-09-18T17:18:25.742-0500] {processor.py:208} INFO - Processing /Users/binhpham/Library/Python/3.9/lib/python/site-packages/airflow/example_dags/subdags/subdag.py took 0.055 seconds
[2024-09-18T17:19:57.261-0500] {processor.py:186} INFO - Started process (PID=18391) to work on /Users/binhpham/Library/Python/3.9/lib/python/site-packages/airflow/example_dags/subdags/subdag.py
[2024-09-18T17:19:57.263-0500] {processor.py:914} INFO - Processing file /Users/binhpham/Library/Python/3.9/lib/python/site-packages/airflow/example_dags/subdags/subdag.py for tasks to queue
[2024-09-18T17:19:57.264-0500] {logging_mixin.py:190} INFO - [2024-09-18T17:19:57.264-0500] {dagbag.py:587} INFO - Filling up the DagBag from /Users/binhpham/Library/Python/3.9/lib/python/site-packages/airflow/example_dags/subdags/subdag.py
[2024-09-18T17:19:57.266-0500] {processor.py:927} WARNING - No viable dags retrieved from /Users/binhpham/Library/Python/3.9/lib/python/site-packages/airflow/example_dags/subdags/subdag.py
[2024-09-18T17:19:57.321-0500] {processor.py:208} INFO - Processing /Users/binhpham/Library/Python/3.9/lib/python/site-packages/airflow/example_dags/subdags/subdag.py took 0.061 seconds
[2024-09-18T17:22:00.358-0500] {processor.py:186} INFO - Started process (PID=19425) to work on /Users/binhpham/Projects/dbt_project/venv/lib/python3.9/site-packages/airflow/example_dags/subdags/subdag.py
[2024-09-18T17:22:00.359-0500] {processor.py:914} INFO - Processing file /Users/binhpham/Projects/dbt_project/venv/lib/python3.9/site-packages/airflow/example_dags/subdags/subdag.py for tasks to queue
[2024-09-18T17:22:00.360-0500] {logging_mixin.py:190} INFO - [2024-09-18T17:22:00.360-0500] {dagbag.py:587} INFO - Filling up the DagBag from /Users/binhpham/Projects/dbt_project/venv/lib/python3.9/site-packages/airflow/example_dags/subdags/subdag.py
[2024-09-18T17:22:00.361-0500] {processor.py:927} WARNING - No viable dags retrieved from /Users/binhpham/Projects/dbt_project/venv/lib/python3.9/site-packages/airflow/example_dags/subdags/subdag.py
[2024-09-18T17:22:00.414-0500] {processor.py:208} INFO - Processing /Users/binhpham/Projects/dbt_project/venv/lib/python3.9/site-packages/airflow/example_dags/subdags/subdag.py took 0.058 seconds
[2024-09-18T17:23:57.802-0500] {processor.py:186} INFO - Started process (PID=19853) to work on /Users/binhpham/Projects/dbt_project/venv/lib/python3.9/site-packages/airflow/example_dags/subdags/subdag.py
[2024-09-18T17:23:57.804-0500] {processor.py:914} INFO - Processing file /Users/binhpham/Projects/dbt_project/venv/lib/python3.9/site-packages/airflow/example_dags/subdags/subdag.py for tasks to queue
[2024-09-18T17:23:57.805-0500] {logging_mixin.py:190} INFO - [2024-09-18T17:23:57.805-0500] {dagbag.py:587} INFO - Filling up the DagBag from /Users/binhpham/Projects/dbt_project/venv/lib/python3.9/site-packages/airflow/example_dags/subdags/subdag.py
[2024-09-18T17:23:57.806-0500] {processor.py:927} WARNING - No viable dags retrieved from /Users/binhpham/Projects/dbt_project/venv/lib/python3.9/site-packages/airflow/example_dags/subdags/subdag.py
[2024-09-18T17:23:57.856-0500] {processor.py:208} INFO - Processing /Users/binhpham/Projects/dbt_project/venv/lib/python3.9/site-packages/airflow/example_dags/subdags/subdag.py took 0.056 seconds
[2024-09-18T17:24:42.019-0500] {processor.py:186} INFO - Started process (PID=20038) to work on /Users/binhpham/Projects/dbt_project/venv/lib/python3.9/site-packages/airflow/example_dags/subdags/subdag.py
[2024-09-18T17:24:42.020-0500] {processor.py:914} INFO - Processing file /Users/binhpham/Projects/dbt_project/venv/lib/python3.9/site-packages/airflow/example_dags/subdags/subdag.py for tasks to queue
[2024-09-18T17:24:42.021-0500] {logging_mixin.py:190} INFO - [2024-09-18T17:24:42.021-0500] {dagbag.py:587} INFO - Filling up the DagBag from /Users/binhpham/Projects/dbt_project/venv/lib/python3.9/site-packages/airflow/example_dags/subdags/subdag.py
[2024-09-18T17:24:42.022-0500] {processor.py:927} WARNING - No viable dags retrieved from /Users/binhpham/Projects/dbt_project/venv/lib/python3.9/site-packages/airflow/example_dags/subdags/subdag.py
[2024-09-18T17:24:42.072-0500] {processor.py:208} INFO - Processing /Users/binhpham/Projects/dbt_project/venv/lib/python3.9/site-packages/airflow/example_dags/subdags/subdag.py took 0.055 seconds
[2024-09-18T17:24:58.201-0500] {processor.py:186} INFO - Started process (PID=20107) to work on /Users/binhpham/Projects/dbt_project/venv/lib/python3.9/site-packages/airflow/example_dags/subdags/subdag.py
[2024-09-18T17:24:58.202-0500] {processor.py:914} INFO - Processing file /Users/binhpham/Projects/dbt_project/venv/lib/python3.9/site-packages/airflow/example_dags/subdags/subdag.py for tasks to queue
[2024-09-18T17:24:58.203-0500] {logging_mixin.py:190} INFO - [2024-09-18T17:24:58.203-0500] {dagbag.py:587} INFO - Filling up the DagBag from /Users/binhpham/Projects/dbt_project/venv/lib/python3.9/site-packages/airflow/example_dags/subdags/subdag.py
[2024-09-18T17:24:58.204-0500] {processor.py:927} WARNING - No viable dags retrieved from /Users/binhpham/Projects/dbt_project/venv/lib/python3.9/site-packages/airflow/example_dags/subdags/subdag.py
[2024-09-18T17:24:58.254-0500] {processor.py:208} INFO - Processing /Users/binhpham/Projects/dbt_project/venv/lib/python3.9/site-packages/airflow/example_dags/subdags/subdag.py took 0.055 seconds
[2024-09-18T17:26:01.966-0500] {processor.py:186} INFO - Started process (PID=20345) to work on /Users/binhpham/Projects/dbt_project/venv/lib/python3.9/site-packages/airflow/example_dags/subdags/subdag.py
[2024-09-18T17:26:01.967-0500] {processor.py:914} INFO - Processing file /Users/binhpham/Projects/dbt_project/venv/lib/python3.9/site-packages/airflow/example_dags/subdags/subdag.py for tasks to queue
[2024-09-18T17:26:01.967-0500] {logging_mixin.py:190} INFO - [2024-09-18T17:26:01.967-0500] {dagbag.py:587} INFO - Filling up the DagBag from /Users/binhpham/Projects/dbt_project/venv/lib/python3.9/site-packages/airflow/example_dags/subdags/subdag.py
[2024-09-18T17:26:01.968-0500] {processor.py:927} WARNING - No viable dags retrieved from /Users/binhpham/Projects/dbt_project/venv/lib/python3.9/site-packages/airflow/example_dags/subdags/subdag.py
[2024-09-18T17:26:02.019-0500] {processor.py:208} INFO - Processing /Users/binhpham/Projects/dbt_project/venv/lib/python3.9/site-packages/airflow/example_dags/subdags/subdag.py took 0.055 seconds
[2024-09-18T17:28:27.309-0500] {processor.py:186} INFO - Started process (PID=20991) to work on /Users/binhpham/Projects/dbt_project/venv/lib/python3.9/site-packages/airflow/example_dags/subdags/subdag.py
[2024-09-18T17:28:27.311-0500] {processor.py:914} INFO - Processing file /Users/binhpham/Projects/dbt_project/venv/lib/python3.9/site-packages/airflow/example_dags/subdags/subdag.py for tasks to queue
[2024-09-18T17:28:27.312-0500] {logging_mixin.py:190} INFO - [2024-09-18T17:28:27.312-0500] {dagbag.py:587} INFO - Filling up the DagBag from /Users/binhpham/Projects/dbt_project/venv/lib/python3.9/site-packages/airflow/example_dags/subdags/subdag.py
[2024-09-18T17:28:27.313-0500] {processor.py:927} WARNING - No viable dags retrieved from /Users/binhpham/Projects/dbt_project/venv/lib/python3.9/site-packages/airflow/example_dags/subdags/subdag.py
[2024-09-18T17:28:27.363-0500] {processor.py:208} INFO - Processing /Users/binhpham/Projects/dbt_project/venv/lib/python3.9/site-packages/airflow/example_dags/subdags/subdag.py took 0.057 seconds
[2024-09-18T17:30:27.609-0500] {processor.py:186} INFO - Started process (PID=21886) to work on /Users/binhpham/Projects/dbt_project/venv/lib/python3.9/site-packages/airflow/example_dags/subdags/subdag.py
[2024-09-18T17:30:27.610-0500] {processor.py:914} INFO - Processing file /Users/binhpham/Projects/dbt_project/venv/lib/python3.9/site-packages/airflow/example_dags/subdags/subdag.py for tasks to queue
[2024-09-18T17:30:27.611-0500] {logging_mixin.py:190} INFO - [2024-09-18T17:30:27.611-0500] {dagbag.py:587} INFO - Filling up the DagBag from /Users/binhpham/Projects/dbt_project/venv/lib/python3.9/site-packages/airflow/example_dags/subdags/subdag.py
[2024-09-18T17:30:27.612-0500] {processor.py:927} WARNING - No viable dags retrieved from /Users/binhpham/Projects/dbt_project/venv/lib/python3.9/site-packages/airflow/example_dags/subdags/subdag.py
[2024-09-18T17:30:27.670-0500] {processor.py:208} INFO - Processing /Users/binhpham/Projects/dbt_project/venv/lib/python3.9/site-packages/airflow/example_dags/subdags/subdag.py took 0.063 seconds
[2024-09-18T17:31:48.665-0500] {processor.py:186} INFO - Started process (PID=22649) to work on /Users/binhpham/Projects/dbt_project/venv/lib/python3.9/site-packages/airflow/example_dags/subdags/subdag.py
[2024-09-18T17:31:48.667-0500] {processor.py:914} INFO - Processing file /Users/binhpham/Projects/dbt_project/venv/lib/python3.9/site-packages/airflow/example_dags/subdags/subdag.py for tasks to queue
[2024-09-18T17:31:48.668-0500] {logging_mixin.py:190} INFO - [2024-09-18T17:31:48.668-0500] {dagbag.py:587} INFO - Filling up the DagBag from /Users/binhpham/Projects/dbt_project/venv/lib/python3.9/site-packages/airflow/example_dags/subdags/subdag.py
[2024-09-18T17:31:48.669-0500] {processor.py:927} WARNING - No viable dags retrieved from /Users/binhpham/Projects/dbt_project/venv/lib/python3.9/site-packages/airflow/example_dags/subdags/subdag.py
[2024-09-18T17:31:48.720-0500] {processor.py:208} INFO - Processing /Users/binhpham/Projects/dbt_project/venv/lib/python3.9/site-packages/airflow/example_dags/subdags/subdag.py took 0.057 seconds
[2024-09-18T17:33:15.869-0500] {processor.py:186} INFO - Started process (PID=22967) to work on /Users/binhpham/Projects/dbt_project/venv/lib/python3.9/site-packages/airflow/example_dags/subdags/subdag.py
[2024-09-18T17:33:15.872-0500] {processor.py:914} INFO - Processing file /Users/binhpham/Projects/dbt_project/venv/lib/python3.9/site-packages/airflow/example_dags/subdags/subdag.py for tasks to queue
[2024-09-18T17:33:15.872-0500] {logging_mixin.py:190} INFO - [2024-09-18T17:33:15.872-0500] {dagbag.py:587} INFO - Filling up the DagBag from /Users/binhpham/Projects/dbt_project/venv/lib/python3.9/site-packages/airflow/example_dags/subdags/subdag.py
[2024-09-18T17:33:15.873-0500] {processor.py:927} WARNING - No viable dags retrieved from /Users/binhpham/Projects/dbt_project/venv/lib/python3.9/site-packages/airflow/example_dags/subdags/subdag.py
[2024-09-18T17:33:15.932-0500] {processor.py:208} INFO - Processing /Users/binhpham/Projects/dbt_project/venv/lib/python3.9/site-packages/airflow/example_dags/subdags/subdag.py took 0.065 seconds
[2024-09-18T17:34:14.125-0500] {processor.py:186} INFO - Started process (PID=23180) to work on /Users/binhpham/Projects/dbt_project/venv/lib/python3.9/site-packages/airflow/example_dags/subdags/subdag.py
[2024-09-18T17:34:14.127-0500] {processor.py:914} INFO - Processing file /Users/binhpham/Projects/dbt_project/venv/lib/python3.9/site-packages/airflow/example_dags/subdags/subdag.py for tasks to queue
[2024-09-18T17:34:14.127-0500] {logging_mixin.py:190} INFO - [2024-09-18T17:34:14.127-0500] {dagbag.py:587} INFO - Filling up the DagBag from /Users/binhpham/Projects/dbt_project/venv/lib/python3.9/site-packages/airflow/example_dags/subdags/subdag.py
[2024-09-18T17:34:14.128-0500] {processor.py:927} WARNING - No viable dags retrieved from /Users/binhpham/Projects/dbt_project/venv/lib/python3.9/site-packages/airflow/example_dags/subdags/subdag.py
[2024-09-18T17:34:14.185-0500] {processor.py:208} INFO - Processing /Users/binhpham/Projects/dbt_project/venv/lib/python3.9/site-packages/airflow/example_dags/subdags/subdag.py took 0.062 seconds
[2024-09-18T17:36:12.216-0500] {processor.py:186} INFO - Started process (PID=23820) to work on /Users/binhpham/Projects/dbt_project/venv/lib/python3.9/site-packages/airflow/example_dags/subdags/subdag.py
[2024-09-18T17:36:12.218-0500] {processor.py:914} INFO - Processing file /Users/binhpham/Projects/dbt_project/venv/lib/python3.9/site-packages/airflow/example_dags/subdags/subdag.py for tasks to queue
[2024-09-18T17:36:12.218-0500] {logging_mixin.py:190} INFO - [2024-09-18T17:36:12.218-0500] {dagbag.py:587} INFO - Filling up the DagBag from /Users/binhpham/Projects/dbt_project/venv/lib/python3.9/site-packages/airflow/example_dags/subdags/subdag.py
[2024-09-18T17:36:12.219-0500] {processor.py:927} WARNING - No viable dags retrieved from /Users/binhpham/Projects/dbt_project/venv/lib/python3.9/site-packages/airflow/example_dags/subdags/subdag.py
[2024-09-18T17:36:12.274-0500] {processor.py:208} INFO - Processing /Users/binhpham/Projects/dbt_project/venv/lib/python3.9/site-packages/airflow/example_dags/subdags/subdag.py took 0.060 seconds
[2024-09-18T17:37:36.585-0500] {processor.py:186} INFO - Started process (PID=24080) to work on /Users/binhpham/Projects/dbt_project/venv/lib/python3.9/site-packages/airflow/example_dags/subdags/subdag.py
[2024-09-18T17:37:36.587-0500] {processor.py:914} INFO - Processing file /Users/binhpham/Projects/dbt_project/venv/lib/python3.9/site-packages/airflow/example_dags/subdags/subdag.py for tasks to queue
[2024-09-18T17:37:36.587-0500] {logging_mixin.py:190} INFO - [2024-09-18T17:37:36.587-0500] {dagbag.py:587} INFO - Filling up the DagBag from /Users/binhpham/Projects/dbt_project/venv/lib/python3.9/site-packages/airflow/example_dags/subdags/subdag.py
[2024-09-18T17:37:36.588-0500] {processor.py:927} WARNING - No viable dags retrieved from /Users/binhpham/Projects/dbt_project/venv/lib/python3.9/site-packages/airflow/example_dags/subdags/subdag.py
[2024-09-18T17:37:36.639-0500] {processor.py:208} INFO - Processing /Users/binhpham/Projects/dbt_project/venv/lib/python3.9/site-packages/airflow/example_dags/subdags/subdag.py took 0.056 seconds
[2024-09-18T17:38:58.981-0500] {processor.py:186} INFO - Started process (PID=24340) to work on /Users/binhpham/Projects/dbt_project/venv/lib/python3.9/site-packages/airflow/example_dags/subdags/subdag.py
[2024-09-18T17:38:58.983-0500] {processor.py:914} INFO - Processing file /Users/binhpham/Projects/dbt_project/venv/lib/python3.9/site-packages/airflow/example_dags/subdags/subdag.py for tasks to queue
[2024-09-18T17:38:58.983-0500] {logging_mixin.py:190} INFO - [2024-09-18T17:38:58.983-0500] {dagbag.py:587} INFO - Filling up the DagBag from /Users/binhpham/Projects/dbt_project/venv/lib/python3.9/site-packages/airflow/example_dags/subdags/subdag.py
[2024-09-18T17:38:58.984-0500] {processor.py:927} WARNING - No viable dags retrieved from /Users/binhpham/Projects/dbt_project/venv/lib/python3.9/site-packages/airflow/example_dags/subdags/subdag.py
[2024-09-18T17:38:59.036-0500] {processor.py:208} INFO - Processing /Users/binhpham/Projects/dbt_project/venv/lib/python3.9/site-packages/airflow/example_dags/subdags/subdag.py took 0.056 seconds
[2024-09-18T17:40:25.747-0500] {processor.py:186} INFO - Started process (PID=24617) to work on /Users/binhpham/Projects/dbt_project/venv/lib/python3.9/site-packages/airflow/example_dags/subdags/subdag.py
[2024-09-18T17:40:25.750-0500] {processor.py:914} INFO - Processing file /Users/binhpham/Projects/dbt_project/venv/lib/python3.9/site-packages/airflow/example_dags/subdags/subdag.py for tasks to queue
[2024-09-18T17:40:25.751-0500] {logging_mixin.py:190} INFO - [2024-09-18T17:40:25.751-0500] {dagbag.py:587} INFO - Filling up the DagBag from /Users/binhpham/Projects/dbt_project/venv/lib/python3.9/site-packages/airflow/example_dags/subdags/subdag.py
[2024-09-18T17:40:25.752-0500] {processor.py:927} WARNING - No viable dags retrieved from /Users/binhpham/Projects/dbt_project/venv/lib/python3.9/site-packages/airflow/example_dags/subdags/subdag.py
[2024-09-18T17:40:25.804-0500] {processor.py:208} INFO - Processing /Users/binhpham/Projects/dbt_project/venv/lib/python3.9/site-packages/airflow/example_dags/subdags/subdag.py took 0.059 seconds
[2024-09-18T17:41:51.949-0500] {processor.py:186} INFO - Started process (PID=24890) to work on /Users/binhpham/Projects/dbt_project/venv/lib/python3.9/site-packages/airflow/example_dags/subdags/subdag.py
[2024-09-18T17:41:51.952-0500] {processor.py:914} INFO - Processing file /Users/binhpham/Projects/dbt_project/venv/lib/python3.9/site-packages/airflow/example_dags/subdags/subdag.py for tasks to queue
[2024-09-18T17:41:51.952-0500] {logging_mixin.py:190} INFO - [2024-09-18T17:41:51.952-0500] {dagbag.py:587} INFO - Filling up the DagBag from /Users/binhpham/Projects/dbt_project/venv/lib/python3.9/site-packages/airflow/example_dags/subdags/subdag.py
[2024-09-18T17:41:51.954-0500] {processor.py:927} WARNING - No viable dags retrieved from /Users/binhpham/Projects/dbt_project/venv/lib/python3.9/site-packages/airflow/example_dags/subdags/subdag.py
[2024-09-18T17:41:52.009-0500] {processor.py:208} INFO - Processing /Users/binhpham/Projects/dbt_project/venv/lib/python3.9/site-packages/airflow/example_dags/subdags/subdag.py took 0.061 seconds
[2024-09-18T17:43:16.488-0500] {processor.py:186} INFO - Started process (PID=25177) to work on /Users/binhpham/Projects/dbt_project/venv/lib/python3.9/site-packages/airflow/example_dags/subdags/subdag.py
[2024-09-18T17:43:16.490-0500] {processor.py:914} INFO - Processing file /Users/binhpham/Projects/dbt_project/venv/lib/python3.9/site-packages/airflow/example_dags/subdags/subdag.py for tasks to queue
[2024-09-18T17:43:16.490-0500] {logging_mixin.py:190} INFO - [2024-09-18T17:43:16.490-0500] {dagbag.py:587} INFO - Filling up the DagBag from /Users/binhpham/Projects/dbt_project/venv/lib/python3.9/site-packages/airflow/example_dags/subdags/subdag.py
[2024-09-18T17:43:16.492-0500] {processor.py:927} WARNING - No viable dags retrieved from /Users/binhpham/Projects/dbt_project/venv/lib/python3.9/site-packages/airflow/example_dags/subdags/subdag.py
[2024-09-18T17:43:16.543-0500] {processor.py:208} INFO - Processing /Users/binhpham/Projects/dbt_project/venv/lib/python3.9/site-packages/airflow/example_dags/subdags/subdag.py took 0.057 seconds
[2024-09-18T17:44:40.599-0500] {processor.py:186} INFO - Started process (PID=25467) to work on /Users/binhpham/Projects/dbt_project/venv/lib/python3.9/site-packages/airflow/example_dags/subdags/subdag.py
[2024-09-18T17:44:40.602-0500] {processor.py:914} INFO - Processing file /Users/binhpham/Projects/dbt_project/venv/lib/python3.9/site-packages/airflow/example_dags/subdags/subdag.py for tasks to queue
[2024-09-18T17:44:40.603-0500] {logging_mixin.py:190} INFO - [2024-09-18T17:44:40.603-0500] {dagbag.py:587} INFO - Filling up the DagBag from /Users/binhpham/Projects/dbt_project/venv/lib/python3.9/site-packages/airflow/example_dags/subdags/subdag.py
[2024-09-18T17:44:40.604-0500] {processor.py:927} WARNING - No viable dags retrieved from /Users/binhpham/Projects/dbt_project/venv/lib/python3.9/site-packages/airflow/example_dags/subdags/subdag.py
[2024-09-18T17:44:40.656-0500] {processor.py:208} INFO - Processing /Users/binhpham/Projects/dbt_project/venv/lib/python3.9/site-packages/airflow/example_dags/subdags/subdag.py took 0.059 seconds
