[2024-09-18T17:23:53.685-0500] {processor.py:186} INFO - Started process (PID=19839) to work on /Users/binhpham/airflow/dags/etl_pipeline.py
[2024-09-18T17:23:53.686-0500] {processor.py:914} INFO - Processing file /Users/binhpham/airflow/dags/etl_pipeline.py for tasks to queue
[2024-09-18T17:23:53.687-0500] {logging_mixin.py:190} INFO - [2024-09-18T17:23:53.687-0500] {dagbag.py:587} INFO - Filling up the DagBag from /Users/binhpham/airflow/dags/etl_pipeline.py
[2024-09-18T17:23:53.706-0500] {logging_mixin.py:190} INFO - [2024-09-18T17:23:53.696-0500] {dagbag.py:386} ERROR - Failed to import: /Users/binhpham/airflow/dags/etl_pipeline.py
Traceback (most recent call last):
  File "/Users/binhpham/Projects/dbt_project/venv/lib/python3.9/site-packages/airflow/models/dagbag.py", line 382, in parse
    loader.exec_module(new_module)
  File "<frozen importlib._bootstrap_external>", line 850, in exec_module
  File "<frozen importlib._bootstrap>", line 228, in _call_with_frames_removed
  File "/Users/binhpham/airflow/dags/etl_pipeline.py", line 4, in <module>
    import pandas as pd
ModuleNotFoundError: No module named 'pandas'
[2024-09-18T17:23:53.708-0500] {processor.py:927} WARNING - No viable dags retrieved from /Users/binhpham/airflow/dags/etl_pipeline.py
[2024-09-18T17:23:53.759-0500] {logging_mixin.py:190} INFO - [2024-09-18T17:23:53.759-0500] {workday.py:41} WARNING - Could not import pandas. Holidays will not be considered.
[2024-09-18T17:23:53.768-0500] {processor.py:208} INFO - Processing /Users/binhpham/airflow/dags/etl_pipeline.py took 0.085 seconds
[2024-09-18T17:27:52.250-0500] {processor.py:186} INFO - Started process (PID=20862) to work on /Users/binhpham/airflow/dags/etl_pipeline.py
[2024-09-18T17:27:52.252-0500] {processor.py:914} INFO - Processing file /Users/binhpham/airflow/dags/etl_pipeline.py for tasks to queue
[2024-09-18T17:27:52.253-0500] {logging_mixin.py:190} INFO - [2024-09-18T17:27:52.253-0500] {dagbag.py:587} INFO - Filling up the DagBag from /Users/binhpham/airflow/dags/etl_pipeline.py
[2024-09-18T17:28:02.491-0500] {processor.py:925} INFO - DAG(s) 'etl_pipeline' retrieved from /Users/binhpham/airflow/dags/etl_pipeline.py
[2024-09-18T17:28:02.626-0500] {logging_mixin.py:190} INFO - [2024-09-18T17:28:02.625-0500] {override.py:1900} INFO - Created Permission View: can edit on DAG:etl_pipeline
[2024-09-18T17:28:02.630-0500] {logging_mixin.py:190} INFO - [2024-09-18T17:28:02.630-0500] {override.py:1900} INFO - Created Permission View: can delete on DAG:etl_pipeline
[2024-09-18T17:28:02.633-0500] {logging_mixin.py:190} INFO - [2024-09-18T17:28:02.633-0500] {override.py:1900} INFO - Created Permission View: can read on DAG:etl_pipeline
[2024-09-18T17:28:02.637-0500] {logging_mixin.py:190} INFO - [2024-09-18T17:28:02.637-0500] {override.py:1900} INFO - Created Permission View: menu access on DAG Run:etl_pipeline
[2024-09-18T17:28:02.640-0500] {logging_mixin.py:190} INFO - [2024-09-18T17:28:02.640-0500] {override.py:1900} INFO - Created Permission View: can delete on DAG Run:etl_pipeline
[2024-09-18T17:28:02.643-0500] {logging_mixin.py:190} INFO - [2024-09-18T17:28:02.642-0500] {override.py:1900} INFO - Created Permission View: can create on DAG Run:etl_pipeline
[2024-09-18T17:28:02.646-0500] {logging_mixin.py:190} INFO - [2024-09-18T17:28:02.645-0500] {override.py:1900} INFO - Created Permission View: can read on DAG Run:etl_pipeline
[2024-09-18T17:28:02.646-0500] {logging_mixin.py:190} INFO - [2024-09-18T17:28:02.646-0500] {dag.py:3229} INFO - Sync 1 DAGs
[2024-09-18T17:28:02.652-0500] {logging_mixin.py:190} INFO - [2024-09-18T17:28:02.652-0500] {dag.py:3252} INFO - Creating ORM DAG for etl_pipeline
[2024-09-18T17:28:02.656-0500] {logging_mixin.py:190} INFO - [2024-09-18T17:28:02.656-0500] {dag.py:4156} INFO - Setting next_dagrun for etl_pipeline to 2024-09-17 00:00:00+00:00, run_after=2024-09-18 00:00:00+00:00
[2024-09-18T17:28:02.665-0500] {processor.py:208} INFO - Processing /Users/binhpham/airflow/dags/etl_pipeline.py took 10.417 seconds
[2024-09-18T17:30:25.012-0500] {processor.py:186} INFO - Started process (PID=21879) to work on /Users/binhpham/airflow/dags/etl_pipeline.py
[2024-09-18T17:30:25.015-0500] {processor.py:914} INFO - Processing file /Users/binhpham/airflow/dags/etl_pipeline.py for tasks to queue
[2024-09-18T17:30:25.015-0500] {logging_mixin.py:190} INFO - [2024-09-18T17:30:25.015-0500] {dagbag.py:587} INFO - Filling up the DagBag from /Users/binhpham/airflow/dags/etl_pipeline.py
[2024-09-18T17:30:25.200-0500] {processor.py:925} INFO - DAG(s) 'etl_pipeline' retrieved from /Users/binhpham/airflow/dags/etl_pipeline.py
[2024-09-18T17:30:25.286-0500] {logging_mixin.py:190} INFO - [2024-09-18T17:30:25.286-0500] {dag.py:3229} INFO - Sync 1 DAGs
[2024-09-18T17:30:25.296-0500] {logging_mixin.py:190} INFO - [2024-09-18T17:30:25.296-0500] {dag.py:4156} INFO - Setting next_dagrun for etl_pipeline to 2024-09-18 00:00:00+00:00, run_after=2024-09-19 00:00:00+00:00
[2024-09-18T17:30:25.305-0500] {processor.py:208} INFO - Processing /Users/binhpham/airflow/dags/etl_pipeline.py took 0.294 seconds
[2024-09-18T17:33:07.971-0500] {processor.py:186} INFO - Started process (PID=22941) to work on /Users/binhpham/airflow/dags/etl_pipeline.py
[2024-09-18T17:33:07.973-0500] {processor.py:914} INFO - Processing file /Users/binhpham/airflow/dags/etl_pipeline.py for tasks to queue
[2024-09-18T17:33:07.974-0500] {logging_mixin.py:190} INFO - [2024-09-18T17:33:07.974-0500] {dagbag.py:587} INFO - Filling up the DagBag from /Users/binhpham/airflow/dags/etl_pipeline.py
[2024-09-18T17:33:08.157-0500] {processor.py:925} INFO - DAG(s) 'etl_pipeline' retrieved from /Users/binhpham/airflow/dags/etl_pipeline.py
[2024-09-18T17:33:08.252-0500] {logging_mixin.py:190} INFO - [2024-09-18T17:33:08.251-0500] {dag.py:3229} INFO - Sync 1 DAGs
[2024-09-18T17:33:08.263-0500] {logging_mixin.py:190} INFO - [2024-09-18T17:33:08.263-0500] {dag.py:4156} INFO - Setting next_dagrun for etl_pipeline to 2024-09-18 00:00:00+00:00, run_after=2024-09-19 00:00:00+00:00
[2024-09-18T17:33:08.273-0500] {processor.py:208} INFO - Processing /Users/binhpham/airflow/dags/etl_pipeline.py took 0.304 seconds
[2024-09-18T17:33:20.346-0500] {processor.py:186} INFO - Started process (PID=22981) to work on /Users/binhpham/airflow/dags/etl_pipeline.py
[2024-09-18T17:33:20.347-0500] {processor.py:914} INFO - Processing file /Users/binhpham/airflow/dags/etl_pipeline.py for tasks to queue
[2024-09-18T17:33:20.348-0500] {logging_mixin.py:190} INFO - [2024-09-18T17:33:20.348-0500] {dagbag.py:587} INFO - Filling up the DagBag from /Users/binhpham/airflow/dags/etl_pipeline.py
[2024-09-18T17:33:20.541-0500] {processor.py:925} INFO - DAG(s) 'etl_pipeline' retrieved from /Users/binhpham/airflow/dags/etl_pipeline.py
[2024-09-18T17:33:20.636-0500] {logging_mixin.py:190} INFO - [2024-09-18T17:33:20.636-0500] {dag.py:3229} INFO - Sync 1 DAGs
[2024-09-18T17:33:20.647-0500] {logging_mixin.py:190} INFO - [2024-09-18T17:33:20.646-0500] {dag.py:4156} INFO - Setting next_dagrun for etl_pipeline to 2024-09-18 00:00:00+00:00, run_after=2024-09-19 00:00:00+00:00
[2024-09-18T17:33:20.657-0500] {processor.py:208} INFO - Processing /Users/binhpham/airflow/dags/etl_pipeline.py took 0.313 seconds
[2024-09-18T17:34:11.734-0500] {processor.py:186} INFO - Started process (PID=23174) to work on /Users/binhpham/airflow/dags/etl_pipeline.py
[2024-09-18T17:34:11.737-0500] {processor.py:914} INFO - Processing file /Users/binhpham/airflow/dags/etl_pipeline.py for tasks to queue
[2024-09-18T17:34:11.737-0500] {logging_mixin.py:190} INFO - [2024-09-18T17:34:11.737-0500] {dagbag.py:587} INFO - Filling up the DagBag from /Users/binhpham/airflow/dags/etl_pipeline.py
[2024-09-18T17:34:11.927-0500] {processor.py:925} INFO - DAG(s) 'etl_pipeline' retrieved from /Users/binhpham/airflow/dags/etl_pipeline.py
[2024-09-18T17:34:12.018-0500] {logging_mixin.py:190} INFO - [2024-09-18T17:34:12.018-0500] {dag.py:3229} INFO - Sync 1 DAGs
[2024-09-18T17:34:12.028-0500] {logging_mixin.py:190} INFO - [2024-09-18T17:34:12.028-0500] {dag.py:4156} INFO - Setting next_dagrun for etl_pipeline to 2024-09-18 00:00:00+00:00, run_after=2024-09-19 00:00:00+00:00
[2024-09-18T17:34:12.037-0500] {processor.py:208} INFO - Processing /Users/binhpham/airflow/dags/etl_pipeline.py took 0.305 seconds
[2024-09-18T17:36:10.843-0500] {processor.py:186} INFO - Started process (PID=23814) to work on /Users/binhpham/airflow/dags/etl_pipeline.py
[2024-09-18T17:36:10.844-0500] {processor.py:914} INFO - Processing file /Users/binhpham/airflow/dags/etl_pipeline.py for tasks to queue
[2024-09-18T17:36:10.845-0500] {logging_mixin.py:190} INFO - [2024-09-18T17:36:10.845-0500] {dagbag.py:587} INFO - Filling up the DagBag from /Users/binhpham/airflow/dags/etl_pipeline.py
[2024-09-18T17:36:11.038-0500] {processor.py:925} INFO - DAG(s) 'etl_pipeline' retrieved from /Users/binhpham/airflow/dags/etl_pipeline.py
[2024-09-18T17:36:11.124-0500] {logging_mixin.py:190} INFO - [2024-09-18T17:36:11.124-0500] {dag.py:3229} INFO - Sync 1 DAGs
[2024-09-18T17:36:11.134-0500] {logging_mixin.py:190} INFO - [2024-09-18T17:36:11.134-0500] {dag.py:4156} INFO - Setting next_dagrun for etl_pipeline to 2024-09-18 00:00:00+00:00, run_after=2024-09-19 00:00:00+00:00
[2024-09-18T17:36:11.144-0500] {processor.py:208} INFO - Processing /Users/binhpham/airflow/dags/etl_pipeline.py took 0.303 seconds
[2024-09-18T17:37:34.804-0500] {processor.py:186} INFO - Started process (PID=24073) to work on /Users/binhpham/airflow/dags/etl_pipeline.py
[2024-09-18T17:37:34.806-0500] {processor.py:914} INFO - Processing file /Users/binhpham/airflow/dags/etl_pipeline.py for tasks to queue
[2024-09-18T17:37:34.806-0500] {logging_mixin.py:190} INFO - [2024-09-18T17:37:34.806-0500] {dagbag.py:587} INFO - Filling up the DagBag from /Users/binhpham/airflow/dags/etl_pipeline.py
[2024-09-18T17:37:34.989-0500] {processor.py:925} INFO - DAG(s) 'etl_pipeline' retrieved from /Users/binhpham/airflow/dags/etl_pipeline.py
[2024-09-18T17:37:35.076-0500] {logging_mixin.py:190} INFO - [2024-09-18T17:37:35.075-0500] {dag.py:3229} INFO - Sync 1 DAGs
[2024-09-18T17:37:35.085-0500] {logging_mixin.py:190} INFO - [2024-09-18T17:37:35.085-0500] {dag.py:4156} INFO - Setting next_dagrun for etl_pipeline to 2024-09-18 00:00:00+00:00, run_after=2024-09-19 00:00:00+00:00
[2024-09-18T17:37:35.094-0500] {processor.py:208} INFO - Processing /Users/binhpham/airflow/dags/etl_pipeline.py took 0.292 seconds
[2024-09-18T17:38:56.720-0500] {processor.py:186} INFO - Started process (PID=24332) to work on /Users/binhpham/airflow/dags/etl_pipeline.py
[2024-09-18T17:38:56.721-0500] {processor.py:914} INFO - Processing file /Users/binhpham/airflow/dags/etl_pipeline.py for tasks to queue
[2024-09-18T17:38:56.722-0500] {logging_mixin.py:190} INFO - [2024-09-18T17:38:56.722-0500] {dagbag.py:587} INFO - Filling up the DagBag from /Users/binhpham/airflow/dags/etl_pipeline.py
[2024-09-18T17:38:56.920-0500] {processor.py:925} INFO - DAG(s) 'etl_pipeline' retrieved from /Users/binhpham/airflow/dags/etl_pipeline.py
[2024-09-18T17:38:57.015-0500] {logging_mixin.py:190} INFO - [2024-09-18T17:38:57.015-0500] {dag.py:3229} INFO - Sync 1 DAGs
[2024-09-18T17:38:57.026-0500] {logging_mixin.py:190} INFO - [2024-09-18T17:38:57.026-0500] {dag.py:4156} INFO - Setting next_dagrun for etl_pipeline to 2024-09-18 00:00:00+00:00, run_after=2024-09-19 00:00:00+00:00
[2024-09-18T17:38:57.035-0500] {processor.py:208} INFO - Processing /Users/binhpham/airflow/dags/etl_pipeline.py took 0.317 seconds
[2024-09-18T17:40:23.352-0500] {processor.py:186} INFO - Started process (PID=24611) to work on /Users/binhpham/airflow/dags/etl_pipeline.py
[2024-09-18T17:40:23.355-0500] {processor.py:914} INFO - Processing file /Users/binhpham/airflow/dags/etl_pipeline.py for tasks to queue
[2024-09-18T17:40:23.356-0500] {logging_mixin.py:190} INFO - [2024-09-18T17:40:23.355-0500] {dagbag.py:587} INFO - Filling up the DagBag from /Users/binhpham/airflow/dags/etl_pipeline.py
[2024-09-18T17:40:23.576-0500] {processor.py:925} INFO - DAG(s) 'etl_pipeline' retrieved from /Users/binhpham/airflow/dags/etl_pipeline.py
[2024-09-18T17:40:23.665-0500] {logging_mixin.py:190} INFO - [2024-09-18T17:40:23.664-0500] {dag.py:3229} INFO - Sync 1 DAGs
[2024-09-18T17:40:23.675-0500] {logging_mixin.py:190} INFO - [2024-09-18T17:40:23.674-0500] {dag.py:4156} INFO - Setting next_dagrun for etl_pipeline to 2024-09-18 00:00:00+00:00, run_after=2024-09-19 00:00:00+00:00
[2024-09-18T17:40:23.684-0500] {processor.py:208} INFO - Processing /Users/binhpham/airflow/dags/etl_pipeline.py took 0.333 seconds
[2024-09-18T17:41:49.578-0500] {processor.py:186} INFO - Started process (PID=24880) to work on /Users/binhpham/airflow/dags/etl_pipeline.py
[2024-09-18T17:41:49.581-0500] {processor.py:914} INFO - Processing file /Users/binhpham/airflow/dags/etl_pipeline.py for tasks to queue
[2024-09-18T17:41:49.581-0500] {logging_mixin.py:190} INFO - [2024-09-18T17:41:49.581-0500] {dagbag.py:587} INFO - Filling up the DagBag from /Users/binhpham/airflow/dags/etl_pipeline.py
[2024-09-18T17:41:49.800-0500] {processor.py:925} INFO - DAG(s) 'etl_pipeline' retrieved from /Users/binhpham/airflow/dags/etl_pipeline.py
[2024-09-18T17:41:49.888-0500] {logging_mixin.py:190} INFO - [2024-09-18T17:41:49.888-0500] {dag.py:3229} INFO - Sync 1 DAGs
[2024-09-18T17:41:49.898-0500] {logging_mixin.py:190} INFO - [2024-09-18T17:41:49.897-0500] {dag.py:4156} INFO - Setting next_dagrun for etl_pipeline to 2024-09-18 00:00:00+00:00, run_after=2024-09-19 00:00:00+00:00
[2024-09-18T17:41:49.906-0500] {processor.py:208} INFO - Processing /Users/binhpham/airflow/dags/etl_pipeline.py took 0.330 seconds
[2024-09-18T17:43:14.617-0500] {processor.py:186} INFO - Started process (PID=25171) to work on /Users/binhpham/airflow/dags/etl_pipeline.py
[2024-09-18T17:43:14.621-0500] {processor.py:914} INFO - Processing file /Users/binhpham/airflow/dags/etl_pipeline.py for tasks to queue
[2024-09-18T17:43:14.621-0500] {logging_mixin.py:190} INFO - [2024-09-18T17:43:14.621-0500] {dagbag.py:587} INFO - Filling up the DagBag from /Users/binhpham/airflow/dags/etl_pipeline.py
[2024-09-18T17:43:14.849-0500] {processor.py:925} INFO - DAG(s) 'etl_pipeline' retrieved from /Users/binhpham/airflow/dags/etl_pipeline.py
[2024-09-18T17:43:14.935-0500] {logging_mixin.py:190} INFO - [2024-09-18T17:43:14.935-0500] {dag.py:3229} INFO - Sync 1 DAGs
[2024-09-18T17:43:14.945-0500] {logging_mixin.py:190} INFO - [2024-09-18T17:43:14.945-0500] {dag.py:4156} INFO - Setting next_dagrun for etl_pipeline to 2024-09-18 00:00:00+00:00, run_after=2024-09-19 00:00:00+00:00
[2024-09-18T17:43:14.953-0500] {processor.py:208} INFO - Processing /Users/binhpham/airflow/dags/etl_pipeline.py took 0.338 seconds
[2024-09-18T17:44:38.252-0500] {processor.py:186} INFO - Started process (PID=25455) to work on /Users/binhpham/airflow/dags/etl_pipeline.py
[2024-09-18T17:44:38.254-0500] {processor.py:914} INFO - Processing file /Users/binhpham/airflow/dags/etl_pipeline.py for tasks to queue
[2024-09-18T17:44:38.255-0500] {logging_mixin.py:190} INFO - [2024-09-18T17:44:38.255-0500] {dagbag.py:587} INFO - Filling up the DagBag from /Users/binhpham/airflow/dags/etl_pipeline.py
[2024-09-18T17:44:38.439-0500] {processor.py:925} INFO - DAG(s) 'etl_pipeline' retrieved from /Users/binhpham/airflow/dags/etl_pipeline.py
[2024-09-18T17:44:38.526-0500] {logging_mixin.py:190} INFO - [2024-09-18T17:44:38.526-0500] {dag.py:3229} INFO - Sync 1 DAGs
[2024-09-18T17:44:38.536-0500] {logging_mixin.py:190} INFO - [2024-09-18T17:44:38.536-0500] {dag.py:4156} INFO - Setting next_dagrun for etl_pipeline to 2024-09-18 00:00:00+00:00, run_after=2024-09-19 00:00:00+00:00
[2024-09-18T17:44:38.545-0500] {processor.py:208} INFO - Processing /Users/binhpham/airflow/dags/etl_pipeline.py took 0.295 seconds
